[2024-06-14T16:30:24.248-0300] {processor.py:161} INFO - Started process (PID=86289) to work on /home/maira/projeto_indicium_engineering/venv/lib/python3.10/site-packages/airflow/example_dags/subdags/subdag.py
[2024-06-14T16:30:24.249-0300] {processor.py:830} INFO - Processing file /home/maira/projeto_indicium_engineering/venv/lib/python3.10/site-packages/airflow/example_dags/subdags/subdag.py for tasks to queue
[2024-06-14T16:30:24.250-0300] {logging_mixin.py:188} INFO - [2024-06-14T16:30:24.249-0300] {dagbag.py:545} INFO - Filling up the DagBag from /home/maira/projeto_indicium_engineering/venv/lib/python3.10/site-packages/airflow/example_dags/subdags/subdag.py
[2024-06-14T16:30:24.251-0300] {processor.py:842} WARNING - No viable dags retrieved from /home/maira/projeto_indicium_engineering/venv/lib/python3.10/site-packages/airflow/example_dags/subdags/subdag.py
[2024-06-14T16:30:24.260-0300] {processor.py:183} INFO - Processing /home/maira/projeto_indicium_engineering/venv/lib/python3.10/site-packages/airflow/example_dags/subdags/subdag.py took 0.016 seconds
[2024-06-14T16:31:22.947-0300] {processor.py:161} INFO - Started process (PID=86570) to work on /home/maira/projeto_indicium_engineering/venv/lib/python3.10/site-packages/airflow/example_dags/subdags/subdag.py
[2024-06-14T16:31:22.949-0300] {processor.py:830} INFO - Processing file /home/maira/projeto_indicium_engineering/venv/lib/python3.10/site-packages/airflow/example_dags/subdags/subdag.py for tasks to queue
[2024-06-14T16:31:22.951-0300] {logging_mixin.py:188} INFO - [2024-06-14T16:31:22.950-0300] {dagbag.py:545} INFO - Filling up the DagBag from /home/maira/projeto_indicium_engineering/venv/lib/python3.10/site-packages/airflow/example_dags/subdags/subdag.py
[2024-06-14T16:31:22.952-0300] {processor.py:842} WARNING - No viable dags retrieved from /home/maira/projeto_indicium_engineering/venv/lib/python3.10/site-packages/airflow/example_dags/subdags/subdag.py
[2024-06-14T16:31:22.959-0300] {processor.py:183} INFO - Processing /home/maira/projeto_indicium_engineering/venv/lib/python3.10/site-packages/airflow/example_dags/subdags/subdag.py took 0.017 seconds
[2024-06-14T16:32:14.607-0300] {processor.py:161} INFO - Started process (PID=86823) to work on /home/maira/projeto_indicium_engineering/venv/lib/python3.10/site-packages/airflow/example_dags/subdags/subdag.py
[2024-06-14T16:32:14.609-0300] {processor.py:830} INFO - Processing file /home/maira/projeto_indicium_engineering/venv/lib/python3.10/site-packages/airflow/example_dags/subdags/subdag.py for tasks to queue
[2024-06-14T16:32:14.611-0300] {logging_mixin.py:188} INFO - [2024-06-14T16:32:14.610-0300] {dagbag.py:545} INFO - Filling up the DagBag from /home/maira/projeto_indicium_engineering/venv/lib/python3.10/site-packages/airflow/example_dags/subdags/subdag.py
[2024-06-14T16:32:14.612-0300] {processor.py:842} WARNING - No viable dags retrieved from /home/maira/projeto_indicium_engineering/venv/lib/python3.10/site-packages/airflow/example_dags/subdags/subdag.py
[2024-06-14T16:32:14.624-0300] {processor.py:183} INFO - Processing /home/maira/projeto_indicium_engineering/venv/lib/python3.10/site-packages/airflow/example_dags/subdags/subdag.py took 0.023 seconds
[2024-06-14T16:32:58.681-0300] {processor.py:161} INFO - Started process (PID=87041) to work on /home/maira/projeto_indicium_engineering/venv/lib/python3.10/site-packages/airflow/example_dags/subdags/subdag.py
[2024-06-14T16:32:58.683-0300] {processor.py:830} INFO - Processing file /home/maira/projeto_indicium_engineering/venv/lib/python3.10/site-packages/airflow/example_dags/subdags/subdag.py for tasks to queue
[2024-06-14T16:32:58.685-0300] {logging_mixin.py:188} INFO - [2024-06-14T16:32:58.684-0300] {dagbag.py:545} INFO - Filling up the DagBag from /home/maira/projeto_indicium_engineering/venv/lib/python3.10/site-packages/airflow/example_dags/subdags/subdag.py
[2024-06-14T16:32:58.686-0300] {processor.py:842} WARNING - No viable dags retrieved from /home/maira/projeto_indicium_engineering/venv/lib/python3.10/site-packages/airflow/example_dags/subdags/subdag.py
[2024-06-14T16:32:58.693-0300] {processor.py:183} INFO - Processing /home/maira/projeto_indicium_engineering/venv/lib/python3.10/site-packages/airflow/example_dags/subdags/subdag.py took 0.016 seconds
[2024-06-14T16:33:45.953-0300] {processor.py:161} INFO - Started process (PID=87270) to work on /home/maira/projeto_indicium_engineering/venv/lib/python3.10/site-packages/airflow/example_dags/subdags/subdag.py
[2024-06-14T16:33:45.955-0300] {processor.py:830} INFO - Processing file /home/maira/projeto_indicium_engineering/venv/lib/python3.10/site-packages/airflow/example_dags/subdags/subdag.py for tasks to queue
[2024-06-14T16:33:45.956-0300] {logging_mixin.py:188} INFO - [2024-06-14T16:33:45.956-0300] {dagbag.py:545} INFO - Filling up the DagBag from /home/maira/projeto_indicium_engineering/venv/lib/python3.10/site-packages/airflow/example_dags/subdags/subdag.py
[2024-06-14T16:33:45.959-0300] {processor.py:842} WARNING - No viable dags retrieved from /home/maira/projeto_indicium_engineering/venv/lib/python3.10/site-packages/airflow/example_dags/subdags/subdag.py
[2024-06-14T16:33:45.967-0300] {processor.py:183} INFO - Processing /home/maira/projeto_indicium_engineering/venv/lib/python3.10/site-packages/airflow/example_dags/subdags/subdag.py took 0.019 seconds
[2024-06-14T16:34:26.505-0300] {processor.py:161} INFO - Started process (PID=87472) to work on /home/maira/projeto_indicium_engineering/venv/lib/python3.10/site-packages/airflow/example_dags/subdags/subdag.py
[2024-06-14T16:34:26.506-0300] {processor.py:830} INFO - Processing file /home/maira/projeto_indicium_engineering/venv/lib/python3.10/site-packages/airflow/example_dags/subdags/subdag.py for tasks to queue
[2024-06-14T16:34:26.507-0300] {logging_mixin.py:188} INFO - [2024-06-14T16:34:26.507-0300] {dagbag.py:545} INFO - Filling up the DagBag from /home/maira/projeto_indicium_engineering/venv/lib/python3.10/site-packages/airflow/example_dags/subdags/subdag.py
[2024-06-14T16:34:26.509-0300] {processor.py:842} WARNING - No viable dags retrieved from /home/maira/projeto_indicium_engineering/venv/lib/python3.10/site-packages/airflow/example_dags/subdags/subdag.py
[2024-06-14T16:34:26.516-0300] {processor.py:183} INFO - Processing /home/maira/projeto_indicium_engineering/venv/lib/python3.10/site-packages/airflow/example_dags/subdags/subdag.py took 0.016 seconds
[2024-06-14T16:35:05.661-0300] {processor.py:161} INFO - Started process (PID=87668) to work on /home/maira/projeto_indicium_engineering/venv/lib/python3.10/site-packages/airflow/example_dags/subdags/subdag.py
[2024-06-14T16:35:05.666-0300] {processor.py:830} INFO - Processing file /home/maira/projeto_indicium_engineering/venv/lib/python3.10/site-packages/airflow/example_dags/subdags/subdag.py for tasks to queue
[2024-06-14T16:35:05.668-0300] {logging_mixin.py:188} INFO - [2024-06-14T16:35:05.668-0300] {dagbag.py:545} INFO - Filling up the DagBag from /home/maira/projeto_indicium_engineering/venv/lib/python3.10/site-packages/airflow/example_dags/subdags/subdag.py
[2024-06-14T16:35:05.670-0300] {processor.py:842} WARNING - No viable dags retrieved from /home/maira/projeto_indicium_engineering/venv/lib/python3.10/site-packages/airflow/example_dags/subdags/subdag.py
[2024-06-14T16:35:05.677-0300] {processor.py:183} INFO - Processing /home/maira/projeto_indicium_engineering/venv/lib/python3.10/site-packages/airflow/example_dags/subdags/subdag.py took 0.021 seconds
[2024-06-14T16:35:41.665-0300] {processor.py:161} INFO - Started process (PID=87848) to work on /home/maira/projeto_indicium_engineering/venv/lib/python3.10/site-packages/airflow/example_dags/subdags/subdag.py
[2024-06-14T16:35:41.669-0300] {processor.py:830} INFO - Processing file /home/maira/projeto_indicium_engineering/venv/lib/python3.10/site-packages/airflow/example_dags/subdags/subdag.py for tasks to queue
[2024-06-14T16:35:41.671-0300] {logging_mixin.py:188} INFO - [2024-06-14T16:35:41.671-0300] {dagbag.py:545} INFO - Filling up the DagBag from /home/maira/projeto_indicium_engineering/venv/lib/python3.10/site-packages/airflow/example_dags/subdags/subdag.py
[2024-06-14T16:35:41.673-0300] {processor.py:842} WARNING - No viable dags retrieved from /home/maira/projeto_indicium_engineering/venv/lib/python3.10/site-packages/airflow/example_dags/subdags/subdag.py
[2024-06-14T16:35:41.685-0300] {processor.py:183} INFO - Processing /home/maira/projeto_indicium_engineering/venv/lib/python3.10/site-packages/airflow/example_dags/subdags/subdag.py took 0.025 seconds
[2024-06-14T16:36:22.807-0300] {processor.py:161} INFO - Started process (PID=88051) to work on /home/maira/projeto_indicium_engineering/venv/lib/python3.10/site-packages/airflow/example_dags/subdags/subdag.py
[2024-06-14T16:36:22.808-0300] {processor.py:830} INFO - Processing file /home/maira/projeto_indicium_engineering/venv/lib/python3.10/site-packages/airflow/example_dags/subdags/subdag.py for tasks to queue
[2024-06-14T16:36:22.810-0300] {logging_mixin.py:188} INFO - [2024-06-14T16:36:22.809-0300] {dagbag.py:545} INFO - Filling up the DagBag from /home/maira/projeto_indicium_engineering/venv/lib/python3.10/site-packages/airflow/example_dags/subdags/subdag.py
[2024-06-14T16:36:22.812-0300] {processor.py:842} WARNING - No viable dags retrieved from /home/maira/projeto_indicium_engineering/venv/lib/python3.10/site-packages/airflow/example_dags/subdags/subdag.py
[2024-06-14T16:36:22.821-0300] {processor.py:183} INFO - Processing /home/maira/projeto_indicium_engineering/venv/lib/python3.10/site-packages/airflow/example_dags/subdags/subdag.py took 0.020 seconds
[2024-06-14T16:36:59.977-0300] {processor.py:161} INFO - Started process (PID=88237) to work on /home/maira/projeto_indicium_engineering/venv/lib/python3.10/site-packages/airflow/example_dags/subdags/subdag.py
[2024-06-14T16:36:59.980-0300] {processor.py:830} INFO - Processing file /home/maira/projeto_indicium_engineering/venv/lib/python3.10/site-packages/airflow/example_dags/subdags/subdag.py for tasks to queue
[2024-06-14T16:36:59.981-0300] {logging_mixin.py:188} INFO - [2024-06-14T16:36:59.980-0300] {dagbag.py:545} INFO - Filling up the DagBag from /home/maira/projeto_indicium_engineering/venv/lib/python3.10/site-packages/airflow/example_dags/subdags/subdag.py
[2024-06-14T16:36:59.982-0300] {processor.py:842} WARNING - No viable dags retrieved from /home/maira/projeto_indicium_engineering/venv/lib/python3.10/site-packages/airflow/example_dags/subdags/subdag.py
[2024-06-14T16:36:59.990-0300] {processor.py:183} INFO - Processing /home/maira/projeto_indicium_engineering/venv/lib/python3.10/site-packages/airflow/example_dags/subdags/subdag.py took 0.017 seconds
[2024-06-14T16:37:41.079-0300] {processor.py:161} INFO - Started process (PID=88438) to work on /home/maira/projeto_indicium_engineering/venv/lib/python3.10/site-packages/airflow/example_dags/subdags/subdag.py
[2024-06-14T16:37:41.081-0300] {processor.py:830} INFO - Processing file /home/maira/projeto_indicium_engineering/venv/lib/python3.10/site-packages/airflow/example_dags/subdags/subdag.py for tasks to queue
[2024-06-14T16:37:41.083-0300] {logging_mixin.py:188} INFO - [2024-06-14T16:37:41.083-0300] {dagbag.py:545} INFO - Filling up the DagBag from /home/maira/projeto_indicium_engineering/venv/lib/python3.10/site-packages/airflow/example_dags/subdags/subdag.py
[2024-06-14T16:37:41.084-0300] {processor.py:842} WARNING - No viable dags retrieved from /home/maira/projeto_indicium_engineering/venv/lib/python3.10/site-packages/airflow/example_dags/subdags/subdag.py
[2024-06-14T16:37:41.094-0300] {processor.py:183} INFO - Processing /home/maira/projeto_indicium_engineering/venv/lib/python3.10/site-packages/airflow/example_dags/subdags/subdag.py took 0.020 seconds
[2024-06-14T16:38:27.388-0300] {processor.py:161} INFO - Started process (PID=88667) to work on /home/maira/projeto_indicium_engineering/venv/lib/python3.10/site-packages/airflow/example_dags/subdags/subdag.py
[2024-06-14T16:38:27.392-0300] {processor.py:830} INFO - Processing file /home/maira/projeto_indicium_engineering/venv/lib/python3.10/site-packages/airflow/example_dags/subdags/subdag.py for tasks to queue
[2024-06-14T16:38:27.394-0300] {logging_mixin.py:188} INFO - [2024-06-14T16:38:27.394-0300] {dagbag.py:545} INFO - Filling up the DagBag from /home/maira/projeto_indicium_engineering/venv/lib/python3.10/site-packages/airflow/example_dags/subdags/subdag.py
[2024-06-14T16:38:27.396-0300] {processor.py:842} WARNING - No viable dags retrieved from /home/maira/projeto_indicium_engineering/venv/lib/python3.10/site-packages/airflow/example_dags/subdags/subdag.py
[2024-06-14T16:38:27.403-0300] {processor.py:183} INFO - Processing /home/maira/projeto_indicium_engineering/venv/lib/python3.10/site-packages/airflow/example_dags/subdags/subdag.py took 0.020 seconds
[2024-06-14T16:39:09.690-0300] {processor.py:161} INFO - Started process (PID=88876) to work on /home/maira/projeto_indicium_engineering/venv/lib/python3.10/site-packages/airflow/example_dags/subdags/subdag.py
[2024-06-14T16:39:09.692-0300] {processor.py:830} INFO - Processing file /home/maira/projeto_indicium_engineering/venv/lib/python3.10/site-packages/airflow/example_dags/subdags/subdag.py for tasks to queue
[2024-06-14T16:39:09.693-0300] {logging_mixin.py:188} INFO - [2024-06-14T16:39:09.693-0300] {dagbag.py:545} INFO - Filling up the DagBag from /home/maira/projeto_indicium_engineering/venv/lib/python3.10/site-packages/airflow/example_dags/subdags/subdag.py
[2024-06-14T16:39:09.695-0300] {processor.py:842} WARNING - No viable dags retrieved from /home/maira/projeto_indicium_engineering/venv/lib/python3.10/site-packages/airflow/example_dags/subdags/subdag.py
[2024-06-14T16:39:09.703-0300] {processor.py:183} INFO - Processing /home/maira/projeto_indicium_engineering/venv/lib/python3.10/site-packages/airflow/example_dags/subdags/subdag.py took 0.017 seconds
[2024-06-14T16:39:51.054-0300] {processor.py:161} INFO - Started process (PID=89080) to work on /home/maira/projeto_indicium_engineering/venv/lib/python3.10/site-packages/airflow/example_dags/subdags/subdag.py
[2024-06-14T16:39:51.059-0300] {processor.py:830} INFO - Processing file /home/maira/projeto_indicium_engineering/venv/lib/python3.10/site-packages/airflow/example_dags/subdags/subdag.py for tasks to queue
[2024-06-14T16:39:51.061-0300] {logging_mixin.py:188} INFO - [2024-06-14T16:39:51.060-0300] {dagbag.py:545} INFO - Filling up the DagBag from /home/maira/projeto_indicium_engineering/venv/lib/python3.10/site-packages/airflow/example_dags/subdags/subdag.py
[2024-06-14T16:39:51.063-0300] {processor.py:842} WARNING - No viable dags retrieved from /home/maira/projeto_indicium_engineering/venv/lib/python3.10/site-packages/airflow/example_dags/subdags/subdag.py
[2024-06-14T16:39:51.070-0300] {processor.py:183} INFO - Processing /home/maira/projeto_indicium_engineering/venv/lib/python3.10/site-packages/airflow/example_dags/subdags/subdag.py took 0.021 seconds
[2024-06-14T16:40:27.981-0300] {processor.py:161} INFO - Started process (PID=89265) to work on /home/maira/projeto_indicium_engineering/venv/lib/python3.10/site-packages/airflow/example_dags/subdags/subdag.py
[2024-06-14T16:40:27.986-0300] {processor.py:830} INFO - Processing file /home/maira/projeto_indicium_engineering/venv/lib/python3.10/site-packages/airflow/example_dags/subdags/subdag.py for tasks to queue
[2024-06-14T16:40:27.987-0300] {logging_mixin.py:188} INFO - [2024-06-14T16:40:27.987-0300] {dagbag.py:545} INFO - Filling up the DagBag from /home/maira/projeto_indicium_engineering/venv/lib/python3.10/site-packages/airflow/example_dags/subdags/subdag.py
[2024-06-14T16:40:27.989-0300] {processor.py:842} WARNING - No viable dags retrieved from /home/maira/projeto_indicium_engineering/venv/lib/python3.10/site-packages/airflow/example_dags/subdags/subdag.py
[2024-06-14T16:40:27.996-0300] {processor.py:183} INFO - Processing /home/maira/projeto_indicium_engineering/venv/lib/python3.10/site-packages/airflow/example_dags/subdags/subdag.py took 0.021 seconds
[2024-06-14T16:41:04.373-0300] {processor.py:161} INFO - Started process (PID=89445) to work on /home/maira/projeto_indicium_engineering/venv/lib/python3.10/site-packages/airflow/example_dags/subdags/subdag.py
[2024-06-14T16:41:04.375-0300] {processor.py:830} INFO - Processing file /home/maira/projeto_indicium_engineering/venv/lib/python3.10/site-packages/airflow/example_dags/subdags/subdag.py for tasks to queue
[2024-06-14T16:41:04.377-0300] {logging_mixin.py:188} INFO - [2024-06-14T16:41:04.377-0300] {dagbag.py:545} INFO - Filling up the DagBag from /home/maira/projeto_indicium_engineering/venv/lib/python3.10/site-packages/airflow/example_dags/subdags/subdag.py
[2024-06-14T16:41:04.380-0300] {processor.py:842} WARNING - No viable dags retrieved from /home/maira/projeto_indicium_engineering/venv/lib/python3.10/site-packages/airflow/example_dags/subdags/subdag.py
[2024-06-14T16:41:04.390-0300] {processor.py:183} INFO - Processing /home/maira/projeto_indicium_engineering/venv/lib/python3.10/site-packages/airflow/example_dags/subdags/subdag.py took 0.023 seconds
[2024-06-14T16:41:44.085-0300] {processor.py:161} INFO - Started process (PID=89641) to work on /home/maira/projeto_indicium_engineering/venv/lib/python3.10/site-packages/airflow/example_dags/subdags/subdag.py
[2024-06-14T16:41:44.087-0300] {processor.py:830} INFO - Processing file /home/maira/projeto_indicium_engineering/venv/lib/python3.10/site-packages/airflow/example_dags/subdags/subdag.py for tasks to queue
[2024-06-14T16:41:44.088-0300] {logging_mixin.py:188} INFO - [2024-06-14T16:41:44.088-0300] {dagbag.py:545} INFO - Filling up the DagBag from /home/maira/projeto_indicium_engineering/venv/lib/python3.10/site-packages/airflow/example_dags/subdags/subdag.py
[2024-06-14T16:41:44.090-0300] {processor.py:842} WARNING - No viable dags retrieved from /home/maira/projeto_indicium_engineering/venv/lib/python3.10/site-packages/airflow/example_dags/subdags/subdag.py
[2024-06-14T16:41:44.097-0300] {processor.py:183} INFO - Processing /home/maira/projeto_indicium_engineering/venv/lib/python3.10/site-packages/airflow/example_dags/subdags/subdag.py took 0.017 seconds
[2024-06-14T16:42:24.439-0300] {processor.py:161} INFO - Started process (PID=89842) to work on /home/maira/projeto_indicium_engineering/venv/lib/python3.10/site-packages/airflow/example_dags/subdags/subdag.py
[2024-06-14T16:42:24.441-0300] {processor.py:830} INFO - Processing file /home/maira/projeto_indicium_engineering/venv/lib/python3.10/site-packages/airflow/example_dags/subdags/subdag.py for tasks to queue
[2024-06-14T16:42:24.443-0300] {logging_mixin.py:188} INFO - [2024-06-14T16:42:24.442-0300] {dagbag.py:545} INFO - Filling up the DagBag from /home/maira/projeto_indicium_engineering/venv/lib/python3.10/site-packages/airflow/example_dags/subdags/subdag.py
[2024-06-14T16:42:24.446-0300] {processor.py:842} WARNING - No viable dags retrieved from /home/maira/projeto_indicium_engineering/venv/lib/python3.10/site-packages/airflow/example_dags/subdags/subdag.py
[2024-06-14T16:42:24.455-0300] {processor.py:183} INFO - Processing /home/maira/projeto_indicium_engineering/venv/lib/python3.10/site-packages/airflow/example_dags/subdags/subdag.py took 0.021 seconds
[2024-06-14T16:43:02.817-0300] {processor.py:161} INFO - Started process (PID=90032) to work on /home/maira/projeto_indicium_engineering/venv/lib/python3.10/site-packages/airflow/example_dags/subdags/subdag.py
[2024-06-14T16:43:02.822-0300] {processor.py:830} INFO - Processing file /home/maira/projeto_indicium_engineering/venv/lib/python3.10/site-packages/airflow/example_dags/subdags/subdag.py for tasks to queue
[2024-06-14T16:43:02.824-0300] {logging_mixin.py:188} INFO - [2024-06-14T16:43:02.823-0300] {dagbag.py:545} INFO - Filling up the DagBag from /home/maira/projeto_indicium_engineering/venv/lib/python3.10/site-packages/airflow/example_dags/subdags/subdag.py
[2024-06-14T16:43:02.825-0300] {processor.py:842} WARNING - No viable dags retrieved from /home/maira/projeto_indicium_engineering/venv/lib/python3.10/site-packages/airflow/example_dags/subdags/subdag.py
[2024-06-14T16:43:02.833-0300] {processor.py:183} INFO - Processing /home/maira/projeto_indicium_engineering/venv/lib/python3.10/site-packages/airflow/example_dags/subdags/subdag.py took 0.021 seconds
[2024-06-14T16:43:42.593-0300] {processor.py:161} INFO - Started process (PID=90229) to work on /home/maira/projeto_indicium_engineering/venv/lib/python3.10/site-packages/airflow/example_dags/subdags/subdag.py
[2024-06-14T16:43:42.595-0300] {processor.py:830} INFO - Processing file /home/maira/projeto_indicium_engineering/venv/lib/python3.10/site-packages/airflow/example_dags/subdags/subdag.py for tasks to queue
[2024-06-14T16:43:42.596-0300] {logging_mixin.py:188} INFO - [2024-06-14T16:43:42.596-0300] {dagbag.py:545} INFO - Filling up the DagBag from /home/maira/projeto_indicium_engineering/venv/lib/python3.10/site-packages/airflow/example_dags/subdags/subdag.py
[2024-06-14T16:43:42.599-0300] {processor.py:842} WARNING - No viable dags retrieved from /home/maira/projeto_indicium_engineering/venv/lib/python3.10/site-packages/airflow/example_dags/subdags/subdag.py
[2024-06-14T16:43:42.607-0300] {processor.py:183} INFO - Processing /home/maira/projeto_indicium_engineering/venv/lib/python3.10/site-packages/airflow/example_dags/subdags/subdag.py took 0.019 seconds
[2024-06-14T16:44:23.903-0300] {processor.py:161} INFO - Started process (PID=90435) to work on /home/maira/projeto_indicium_engineering/venv/lib/python3.10/site-packages/airflow/example_dags/subdags/subdag.py
[2024-06-14T16:44:23.908-0300] {processor.py:830} INFO - Processing file /home/maira/projeto_indicium_engineering/venv/lib/python3.10/site-packages/airflow/example_dags/subdags/subdag.py for tasks to queue
[2024-06-14T16:44:23.910-0300] {logging_mixin.py:188} INFO - [2024-06-14T16:44:23.910-0300] {dagbag.py:545} INFO - Filling up the DagBag from /home/maira/projeto_indicium_engineering/venv/lib/python3.10/site-packages/airflow/example_dags/subdags/subdag.py
[2024-06-14T16:44:23.911-0300] {processor.py:842} WARNING - No viable dags retrieved from /home/maira/projeto_indicium_engineering/venv/lib/python3.10/site-packages/airflow/example_dags/subdags/subdag.py
[2024-06-14T16:44:23.919-0300] {processor.py:183} INFO - Processing /home/maira/projeto_indicium_engineering/venv/lib/python3.10/site-packages/airflow/example_dags/subdags/subdag.py took 0.020 seconds
[2024-06-14T16:45:03.695-0300] {processor.py:161} INFO - Started process (PID=90633) to work on /home/maira/projeto_indicium_engineering/venv/lib/python3.10/site-packages/airflow/example_dags/subdags/subdag.py
[2024-06-14T16:45:03.698-0300] {processor.py:830} INFO - Processing file /home/maira/projeto_indicium_engineering/venv/lib/python3.10/site-packages/airflow/example_dags/subdags/subdag.py for tasks to queue
[2024-06-14T16:45:03.700-0300] {logging_mixin.py:188} INFO - [2024-06-14T16:45:03.699-0300] {dagbag.py:545} INFO - Filling up the DagBag from /home/maira/projeto_indicium_engineering/venv/lib/python3.10/site-packages/airflow/example_dags/subdags/subdag.py
[2024-06-14T16:45:03.701-0300] {processor.py:842} WARNING - No viable dags retrieved from /home/maira/projeto_indicium_engineering/venv/lib/python3.10/site-packages/airflow/example_dags/subdags/subdag.py
[2024-06-14T16:45:03.709-0300] {processor.py:183} INFO - Processing /home/maira/projeto_indicium_engineering/venv/lib/python3.10/site-packages/airflow/example_dags/subdags/subdag.py took 0.020 seconds
[2024-06-14T16:45:43.277-0300] {processor.py:161} INFO - Started process (PID=90829) to work on /home/maira/projeto_indicium_engineering/venv/lib/python3.10/site-packages/airflow/example_dags/subdags/subdag.py
[2024-06-14T16:45:43.279-0300] {processor.py:830} INFO - Processing file /home/maira/projeto_indicium_engineering/venv/lib/python3.10/site-packages/airflow/example_dags/subdags/subdag.py for tasks to queue
[2024-06-14T16:45:43.281-0300] {logging_mixin.py:188} INFO - [2024-06-14T16:45:43.280-0300] {dagbag.py:545} INFO - Filling up the DagBag from /home/maira/projeto_indicium_engineering/venv/lib/python3.10/site-packages/airflow/example_dags/subdags/subdag.py
[2024-06-14T16:45:43.282-0300] {processor.py:842} WARNING - No viable dags retrieved from /home/maira/projeto_indicium_engineering/venv/lib/python3.10/site-packages/airflow/example_dags/subdags/subdag.py
[2024-06-14T16:45:43.290-0300] {processor.py:183} INFO - Processing /home/maira/projeto_indicium_engineering/venv/lib/python3.10/site-packages/airflow/example_dags/subdags/subdag.py took 0.018 seconds
[2024-06-14T16:46:24.992-0300] {processor.py:161} INFO - Started process (PID=91036) to work on /home/maira/projeto_indicium_engineering/venv/lib/python3.10/site-packages/airflow/example_dags/subdags/subdag.py
[2024-06-14T16:46:24.996-0300] {processor.py:830} INFO - Processing file /home/maira/projeto_indicium_engineering/venv/lib/python3.10/site-packages/airflow/example_dags/subdags/subdag.py for tasks to queue
[2024-06-14T16:46:24.997-0300] {logging_mixin.py:188} INFO - [2024-06-14T16:46:24.997-0300] {dagbag.py:545} INFO - Filling up the DagBag from /home/maira/projeto_indicium_engineering/venv/lib/python3.10/site-packages/airflow/example_dags/subdags/subdag.py
[2024-06-14T16:46:24.999-0300] {processor.py:842} WARNING - No viable dags retrieved from /home/maira/projeto_indicium_engineering/venv/lib/python3.10/site-packages/airflow/example_dags/subdags/subdag.py
[2024-06-14T16:46:25.007-0300] {processor.py:183} INFO - Processing /home/maira/projeto_indicium_engineering/venv/lib/python3.10/site-packages/airflow/example_dags/subdags/subdag.py took 0.020 seconds
[2024-06-14T16:47:03.672-0300] {processor.py:161} INFO - Started process (PID=91227) to work on /home/maira/projeto_indicium_engineering/venv/lib/python3.10/site-packages/airflow/example_dags/subdags/subdag.py
[2024-06-14T16:47:03.674-0300] {processor.py:830} INFO - Processing file /home/maira/projeto_indicium_engineering/venv/lib/python3.10/site-packages/airflow/example_dags/subdags/subdag.py for tasks to queue
[2024-06-14T16:47:03.675-0300] {logging_mixin.py:188} INFO - [2024-06-14T16:47:03.675-0300] {dagbag.py:545} INFO - Filling up the DagBag from /home/maira/projeto_indicium_engineering/venv/lib/python3.10/site-packages/airflow/example_dags/subdags/subdag.py
[2024-06-14T16:47:03.677-0300] {processor.py:842} WARNING - No viable dags retrieved from /home/maira/projeto_indicium_engineering/venv/lib/python3.10/site-packages/airflow/example_dags/subdags/subdag.py
[2024-06-14T16:47:03.685-0300] {processor.py:183} INFO - Processing /home/maira/projeto_indicium_engineering/venv/lib/python3.10/site-packages/airflow/example_dags/subdags/subdag.py took 0.018 seconds
[2024-06-14T16:47:42.601-0300] {processor.py:161} INFO - Started process (PID=91421) to work on /home/maira/projeto_indicium_engineering/venv/lib/python3.10/site-packages/airflow/example_dags/subdags/subdag.py
[2024-06-14T16:47:42.605-0300] {processor.py:830} INFO - Processing file /home/maira/projeto_indicium_engineering/venv/lib/python3.10/site-packages/airflow/example_dags/subdags/subdag.py for tasks to queue
[2024-06-14T16:47:42.607-0300] {logging_mixin.py:188} INFO - [2024-06-14T16:47:42.607-0300] {dagbag.py:545} INFO - Filling up the DagBag from /home/maira/projeto_indicium_engineering/venv/lib/python3.10/site-packages/airflow/example_dags/subdags/subdag.py
[2024-06-14T16:47:42.609-0300] {processor.py:842} WARNING - No viable dags retrieved from /home/maira/projeto_indicium_engineering/venv/lib/python3.10/site-packages/airflow/example_dags/subdags/subdag.py
[2024-06-14T16:47:42.616-0300] {processor.py:183} INFO - Processing /home/maira/projeto_indicium_engineering/venv/lib/python3.10/site-packages/airflow/example_dags/subdags/subdag.py took 0.021 seconds
[2024-06-14T16:48:22.899-0300] {processor.py:161} INFO - Started process (PID=91620) to work on /home/maira/projeto_indicium_engineering/venv/lib/python3.10/site-packages/airflow/example_dags/subdags/subdag.py
[2024-06-14T16:48:22.901-0300] {processor.py:830} INFO - Processing file /home/maira/projeto_indicium_engineering/venv/lib/python3.10/site-packages/airflow/example_dags/subdags/subdag.py for tasks to queue
[2024-06-14T16:48:22.903-0300] {logging_mixin.py:188} INFO - [2024-06-14T16:48:22.902-0300] {dagbag.py:545} INFO - Filling up the DagBag from /home/maira/projeto_indicium_engineering/venv/lib/python3.10/site-packages/airflow/example_dags/subdags/subdag.py
[2024-06-14T16:48:22.905-0300] {processor.py:842} WARNING - No viable dags retrieved from /home/maira/projeto_indicium_engineering/venv/lib/python3.10/site-packages/airflow/example_dags/subdags/subdag.py
[2024-06-14T16:48:22.913-0300] {processor.py:183} INFO - Processing /home/maira/projeto_indicium_engineering/venv/lib/python3.10/site-packages/airflow/example_dags/subdags/subdag.py took 0.019 seconds
[2024-06-14T16:48:59.494-0300] {processor.py:161} INFO - Started process (PID=91803) to work on /home/maira/projeto_indicium_engineering/venv/lib/python3.10/site-packages/airflow/example_dags/subdags/subdag.py
[2024-06-14T16:48:59.497-0300] {processor.py:830} INFO - Processing file /home/maira/projeto_indicium_engineering/venv/lib/python3.10/site-packages/airflow/example_dags/subdags/subdag.py for tasks to queue
[2024-06-14T16:48:59.498-0300] {logging_mixin.py:188} INFO - [2024-06-14T16:48:59.498-0300] {dagbag.py:545} INFO - Filling up the DagBag from /home/maira/projeto_indicium_engineering/venv/lib/python3.10/site-packages/airflow/example_dags/subdags/subdag.py
[2024-06-14T16:48:59.499-0300] {processor.py:842} WARNING - No viable dags retrieved from /home/maira/projeto_indicium_engineering/venv/lib/python3.10/site-packages/airflow/example_dags/subdags/subdag.py
[2024-06-14T16:48:59.507-0300] {processor.py:183} INFO - Processing /home/maira/projeto_indicium_engineering/venv/lib/python3.10/site-packages/airflow/example_dags/subdags/subdag.py took 0.018 seconds
[2024-06-14T16:49:38.919-0300] {processor.py:161} INFO - Started process (PID=91998) to work on /home/maira/projeto_indicium_engineering/venv/lib/python3.10/site-packages/airflow/example_dags/subdags/subdag.py
[2024-06-14T16:49:38.922-0300] {processor.py:830} INFO - Processing file /home/maira/projeto_indicium_engineering/venv/lib/python3.10/site-packages/airflow/example_dags/subdags/subdag.py for tasks to queue
[2024-06-14T16:49:38.923-0300] {logging_mixin.py:188} INFO - [2024-06-14T16:49:38.923-0300] {dagbag.py:545} INFO - Filling up the DagBag from /home/maira/projeto_indicium_engineering/venv/lib/python3.10/site-packages/airflow/example_dags/subdags/subdag.py
[2024-06-14T16:49:38.926-0300] {processor.py:842} WARNING - No viable dags retrieved from /home/maira/projeto_indicium_engineering/venv/lib/python3.10/site-packages/airflow/example_dags/subdags/subdag.py
[2024-06-14T16:49:38.935-0300] {processor.py:183} INFO - Processing /home/maira/projeto_indicium_engineering/venv/lib/python3.10/site-packages/airflow/example_dags/subdags/subdag.py took 0.021 seconds
[2024-06-14T16:50:19.078-0300] {processor.py:161} INFO - Started process (PID=92196) to work on /home/maira/projeto_indicium_engineering/venv/lib/python3.10/site-packages/airflow/example_dags/subdags/subdag.py
[2024-06-14T16:50:19.079-0300] {processor.py:830} INFO - Processing file /home/maira/projeto_indicium_engineering/venv/lib/python3.10/site-packages/airflow/example_dags/subdags/subdag.py for tasks to queue
[2024-06-14T16:50:19.082-0300] {logging_mixin.py:188} INFO - [2024-06-14T16:50:19.081-0300] {dagbag.py:545} INFO - Filling up the DagBag from /home/maira/projeto_indicium_engineering/venv/lib/python3.10/site-packages/airflow/example_dags/subdags/subdag.py
[2024-06-14T16:50:19.085-0300] {processor.py:842} WARNING - No viable dags retrieved from /home/maira/projeto_indicium_engineering/venv/lib/python3.10/site-packages/airflow/example_dags/subdags/subdag.py
[2024-06-14T16:50:19.100-0300] {processor.py:183} INFO - Processing /home/maira/projeto_indicium_engineering/venv/lib/python3.10/site-packages/airflow/example_dags/subdags/subdag.py took 0.032 seconds
[2024-06-14T16:51:03.567-0300] {processor.py:161} INFO - Started process (PID=92414) to work on /home/maira/projeto_indicium_engineering/venv/lib/python3.10/site-packages/airflow/example_dags/subdags/subdag.py
[2024-06-14T16:51:03.568-0300] {processor.py:830} INFO - Processing file /home/maira/projeto_indicium_engineering/venv/lib/python3.10/site-packages/airflow/example_dags/subdags/subdag.py for tasks to queue
[2024-06-14T16:51:03.569-0300] {logging_mixin.py:188} INFO - [2024-06-14T16:51:03.569-0300] {dagbag.py:545} INFO - Filling up the DagBag from /home/maira/projeto_indicium_engineering/venv/lib/python3.10/site-packages/airflow/example_dags/subdags/subdag.py
[2024-06-14T16:51:03.573-0300] {processor.py:842} WARNING - No viable dags retrieved from /home/maira/projeto_indicium_engineering/venv/lib/python3.10/site-packages/airflow/example_dags/subdags/subdag.py
[2024-06-14T16:51:03.583-0300] {processor.py:183} INFO - Processing /home/maira/projeto_indicium_engineering/venv/lib/python3.10/site-packages/airflow/example_dags/subdags/subdag.py took 0.022 seconds
[2024-06-14T16:51:47.281-0300] {processor.py:161} INFO - Started process (PID=92630) to work on /home/maira/projeto_indicium_engineering/venv/lib/python3.10/site-packages/airflow/example_dags/subdags/subdag.py
[2024-06-14T16:51:47.283-0300] {processor.py:830} INFO - Processing file /home/maira/projeto_indicium_engineering/venv/lib/python3.10/site-packages/airflow/example_dags/subdags/subdag.py for tasks to queue
[2024-06-14T16:51:47.284-0300] {logging_mixin.py:188} INFO - [2024-06-14T16:51:47.284-0300] {dagbag.py:545} INFO - Filling up the DagBag from /home/maira/projeto_indicium_engineering/venv/lib/python3.10/site-packages/airflow/example_dags/subdags/subdag.py
[2024-06-14T16:51:47.285-0300] {processor.py:842} WARNING - No viable dags retrieved from /home/maira/projeto_indicium_engineering/venv/lib/python3.10/site-packages/airflow/example_dags/subdags/subdag.py
[2024-06-14T16:51:47.293-0300] {processor.py:183} INFO - Processing /home/maira/projeto_indicium_engineering/venv/lib/python3.10/site-packages/airflow/example_dags/subdags/subdag.py took 0.017 seconds
[2024-06-14T16:52:28.511-0300] {processor.py:161} INFO - Started process (PID=92834) to work on /home/maira/projeto_indicium_engineering/venv/lib/python3.10/site-packages/airflow/example_dags/subdags/subdag.py
[2024-06-14T16:52:28.512-0300] {processor.py:830} INFO - Processing file /home/maira/projeto_indicium_engineering/venv/lib/python3.10/site-packages/airflow/example_dags/subdags/subdag.py for tasks to queue
[2024-06-14T16:52:28.515-0300] {logging_mixin.py:188} INFO - [2024-06-14T16:52:28.514-0300] {dagbag.py:545} INFO - Filling up the DagBag from /home/maira/projeto_indicium_engineering/venv/lib/python3.10/site-packages/airflow/example_dags/subdags/subdag.py
[2024-06-14T16:52:28.518-0300] {processor.py:842} WARNING - No viable dags retrieved from /home/maira/projeto_indicium_engineering/venv/lib/python3.10/site-packages/airflow/example_dags/subdags/subdag.py
[2024-06-14T16:52:28.526-0300] {processor.py:183} INFO - Processing /home/maira/projeto_indicium_engineering/venv/lib/python3.10/site-packages/airflow/example_dags/subdags/subdag.py took 0.022 seconds
[2024-06-14T16:53:08.582-0300] {processor.py:161} INFO - Started process (PID=93032) to work on /home/maira/projeto_indicium_engineering/venv/lib/python3.10/site-packages/airflow/example_dags/subdags/subdag.py
[2024-06-14T16:53:08.584-0300] {processor.py:830} INFO - Processing file /home/maira/projeto_indicium_engineering/venv/lib/python3.10/site-packages/airflow/example_dags/subdags/subdag.py for tasks to queue
[2024-06-14T16:53:08.586-0300] {logging_mixin.py:188} INFO - [2024-06-14T16:53:08.585-0300] {dagbag.py:545} INFO - Filling up the DagBag from /home/maira/projeto_indicium_engineering/venv/lib/python3.10/site-packages/airflow/example_dags/subdags/subdag.py
[2024-06-14T16:53:08.589-0300] {processor.py:842} WARNING - No viable dags retrieved from /home/maira/projeto_indicium_engineering/venv/lib/python3.10/site-packages/airflow/example_dags/subdags/subdag.py
[2024-06-14T16:53:08.597-0300] {processor.py:183} INFO - Processing /home/maira/projeto_indicium_engineering/venv/lib/python3.10/site-packages/airflow/example_dags/subdags/subdag.py took 0.020 seconds
[2024-06-14T16:53:49.742-0300] {processor.py:161} INFO - Started process (PID=93236) to work on /home/maira/projeto_indicium_engineering/venv/lib/python3.10/site-packages/airflow/example_dags/subdags/subdag.py
[2024-06-14T16:53:49.747-0300] {processor.py:830} INFO - Processing file /home/maira/projeto_indicium_engineering/venv/lib/python3.10/site-packages/airflow/example_dags/subdags/subdag.py for tasks to queue
[2024-06-14T16:53:49.749-0300] {logging_mixin.py:188} INFO - [2024-06-14T16:53:49.749-0300] {dagbag.py:545} INFO - Filling up the DagBag from /home/maira/projeto_indicium_engineering/venv/lib/python3.10/site-packages/airflow/example_dags/subdags/subdag.py
[2024-06-14T16:53:49.750-0300] {processor.py:842} WARNING - No viable dags retrieved from /home/maira/projeto_indicium_engineering/venv/lib/python3.10/site-packages/airflow/example_dags/subdags/subdag.py
[2024-06-14T16:53:49.758-0300] {processor.py:183} INFO - Processing /home/maira/projeto_indicium_engineering/venv/lib/python3.10/site-packages/airflow/example_dags/subdags/subdag.py took 0.021 seconds
[2024-06-14T16:54:30.896-0300] {processor.py:161} INFO - Started process (PID=93440) to work on /home/maira/projeto_indicium_engineering/venv/lib/python3.10/site-packages/airflow/example_dags/subdags/subdag.py
[2024-06-14T16:54:30.898-0300] {processor.py:830} INFO - Processing file /home/maira/projeto_indicium_engineering/venv/lib/python3.10/site-packages/airflow/example_dags/subdags/subdag.py for tasks to queue
[2024-06-14T16:54:30.899-0300] {logging_mixin.py:188} INFO - [2024-06-14T16:54:30.899-0300] {dagbag.py:545} INFO - Filling up the DagBag from /home/maira/projeto_indicium_engineering/venv/lib/python3.10/site-packages/airflow/example_dags/subdags/subdag.py
[2024-06-14T16:54:30.901-0300] {processor.py:842} WARNING - No viable dags retrieved from /home/maira/projeto_indicium_engineering/venv/lib/python3.10/site-packages/airflow/example_dags/subdags/subdag.py
[2024-06-14T16:54:30.910-0300] {processor.py:183} INFO - Processing /home/maira/projeto_indicium_engineering/venv/lib/python3.10/site-packages/airflow/example_dags/subdags/subdag.py took 0.018 seconds
[2024-06-14T16:55:16.684-0300] {processor.py:161} INFO - Started process (PID=93667) to work on /home/maira/projeto_indicium_engineering/venv/lib/python3.10/site-packages/airflow/example_dags/subdags/subdag.py
[2024-06-14T16:55:16.687-0300] {processor.py:830} INFO - Processing file /home/maira/projeto_indicium_engineering/venv/lib/python3.10/site-packages/airflow/example_dags/subdags/subdag.py for tasks to queue
[2024-06-14T16:55:16.688-0300] {logging_mixin.py:188} INFO - [2024-06-14T16:55:16.688-0300] {dagbag.py:545} INFO - Filling up the DagBag from /home/maira/projeto_indicium_engineering/venv/lib/python3.10/site-packages/airflow/example_dags/subdags/subdag.py
[2024-06-14T16:55:16.691-0300] {processor.py:842} WARNING - No viable dags retrieved from /home/maira/projeto_indicium_engineering/venv/lib/python3.10/site-packages/airflow/example_dags/subdags/subdag.py
[2024-06-14T16:55:16.700-0300] {processor.py:183} INFO - Processing /home/maira/projeto_indicium_engineering/venv/lib/python3.10/site-packages/airflow/example_dags/subdags/subdag.py took 0.020 seconds
[2024-06-14T17:20:23.992-0300] {processor.py:161} INFO - Started process (PID=93798) to work on /home/maira/projeto_indicium_engineering/venv/lib/python3.10/site-packages/airflow/example_dags/subdags/subdag.py
[2024-06-14T17:20:23.993-0300] {processor.py:830} INFO - Processing file /home/maira/projeto_indicium_engineering/venv/lib/python3.10/site-packages/airflow/example_dags/subdags/subdag.py for tasks to queue
[2024-06-14T17:20:23.994-0300] {logging_mixin.py:188} INFO - [2024-06-14T17:20:23.994-0300] {dagbag.py:545} INFO - Filling up the DagBag from /home/maira/projeto_indicium_engineering/venv/lib/python3.10/site-packages/airflow/example_dags/subdags/subdag.py
[2024-06-14T17:20:23.995-0300] {processor.py:842} WARNING - No viable dags retrieved from /home/maira/projeto_indicium_engineering/venv/lib/python3.10/site-packages/airflow/example_dags/subdags/subdag.py
[2024-06-14T17:20:24.003-0300] {processor.py:183} INFO - Processing /home/maira/projeto_indicium_engineering/venv/lib/python3.10/site-packages/airflow/example_dags/subdags/subdag.py took 0.016 seconds
[2024-06-14T17:20:56.662-0300] {processor.py:161} INFO - Started process (PID=93960) to work on /home/maira/projeto_indicium_engineering/venv/lib/python3.10/site-packages/airflow/example_dags/subdags/subdag.py
[2024-06-14T17:20:56.663-0300] {processor.py:830} INFO - Processing file /home/maira/projeto_indicium_engineering/venv/lib/python3.10/site-packages/airflow/example_dags/subdags/subdag.py for tasks to queue
[2024-06-14T17:20:56.664-0300] {logging_mixin.py:188} INFO - [2024-06-14T17:20:56.664-0300] {dagbag.py:545} INFO - Filling up the DagBag from /home/maira/projeto_indicium_engineering/venv/lib/python3.10/site-packages/airflow/example_dags/subdags/subdag.py
[2024-06-14T17:20:56.667-0300] {processor.py:842} WARNING - No viable dags retrieved from /home/maira/projeto_indicium_engineering/venv/lib/python3.10/site-packages/airflow/example_dags/subdags/subdag.py
[2024-06-14T17:20:56.675-0300] {processor.py:183} INFO - Processing /home/maira/projeto_indicium_engineering/venv/lib/python3.10/site-packages/airflow/example_dags/subdags/subdag.py took 0.018 seconds
[2024-06-14T17:21:34.951-0300] {processor.py:161} INFO - Started process (PID=94153) to work on /home/maira/projeto_indicium_engineering/venv/lib/python3.10/site-packages/airflow/example_dags/subdags/subdag.py
[2024-06-14T17:21:34.953-0300] {processor.py:830} INFO - Processing file /home/maira/projeto_indicium_engineering/venv/lib/python3.10/site-packages/airflow/example_dags/subdags/subdag.py for tasks to queue
[2024-06-14T17:21:34.954-0300] {logging_mixin.py:188} INFO - [2024-06-14T17:21:34.954-0300] {dagbag.py:545} INFO - Filling up the DagBag from /home/maira/projeto_indicium_engineering/venv/lib/python3.10/site-packages/airflow/example_dags/subdags/subdag.py
[2024-06-14T17:21:34.956-0300] {processor.py:842} WARNING - No viable dags retrieved from /home/maira/projeto_indicium_engineering/venv/lib/python3.10/site-packages/airflow/example_dags/subdags/subdag.py
[2024-06-14T17:21:34.964-0300] {processor.py:183} INFO - Processing /home/maira/projeto_indicium_engineering/venv/lib/python3.10/site-packages/airflow/example_dags/subdags/subdag.py took 0.018 seconds
[2024-06-14T17:22:15.514-0300] {processor.py:161} INFO - Started process (PID=94352) to work on /home/maira/projeto_indicium_engineering/venv/lib/python3.10/site-packages/airflow/example_dags/subdags/subdag.py
[2024-06-14T17:22:15.516-0300] {processor.py:830} INFO - Processing file /home/maira/projeto_indicium_engineering/venv/lib/python3.10/site-packages/airflow/example_dags/subdags/subdag.py for tasks to queue
[2024-06-14T17:22:15.517-0300] {logging_mixin.py:188} INFO - [2024-06-14T17:22:15.517-0300] {dagbag.py:545} INFO - Filling up the DagBag from /home/maira/projeto_indicium_engineering/venv/lib/python3.10/site-packages/airflow/example_dags/subdags/subdag.py
[2024-06-14T17:22:15.520-0300] {processor.py:842} WARNING - No viable dags retrieved from /home/maira/projeto_indicium_engineering/venv/lib/python3.10/site-packages/airflow/example_dags/subdags/subdag.py
[2024-06-14T17:22:15.528-0300] {processor.py:183} INFO - Processing /home/maira/projeto_indicium_engineering/venv/lib/python3.10/site-packages/airflow/example_dags/subdags/subdag.py took 0.019 seconds
[2024-06-14T17:22:57.133-0300] {processor.py:161} INFO - Started process (PID=94557) to work on /home/maira/projeto_indicium_engineering/venv/lib/python3.10/site-packages/airflow/example_dags/subdags/subdag.py
[2024-06-14T17:22:57.135-0300] {processor.py:830} INFO - Processing file /home/maira/projeto_indicium_engineering/venv/lib/python3.10/site-packages/airflow/example_dags/subdags/subdag.py for tasks to queue
[2024-06-14T17:22:57.137-0300] {logging_mixin.py:188} INFO - [2024-06-14T17:22:57.137-0300] {dagbag.py:545} INFO - Filling up the DagBag from /home/maira/projeto_indicium_engineering/venv/lib/python3.10/site-packages/airflow/example_dags/subdags/subdag.py
[2024-06-14T17:22:57.138-0300] {processor.py:842} WARNING - No viable dags retrieved from /home/maira/projeto_indicium_engineering/venv/lib/python3.10/site-packages/airflow/example_dags/subdags/subdag.py
[2024-06-14T17:22:57.146-0300] {processor.py:183} INFO - Processing /home/maira/projeto_indicium_engineering/venv/lib/python3.10/site-packages/airflow/example_dags/subdags/subdag.py took 0.017 seconds
[2024-06-14T17:23:37.611-0300] {processor.py:161} INFO - Started process (PID=94758) to work on /home/maira/projeto_indicium_engineering/venv/lib/python3.10/site-packages/airflow/example_dags/subdags/subdag.py
[2024-06-14T17:23:37.612-0300] {processor.py:830} INFO - Processing file /home/maira/projeto_indicium_engineering/venv/lib/python3.10/site-packages/airflow/example_dags/subdags/subdag.py for tasks to queue
[2024-06-14T17:23:37.613-0300] {logging_mixin.py:188} INFO - [2024-06-14T17:23:37.613-0300] {dagbag.py:545} INFO - Filling up the DagBag from /home/maira/projeto_indicium_engineering/venv/lib/python3.10/site-packages/airflow/example_dags/subdags/subdag.py
[2024-06-14T17:23:37.615-0300] {processor.py:842} WARNING - No viable dags retrieved from /home/maira/projeto_indicium_engineering/venv/lib/python3.10/site-packages/airflow/example_dags/subdags/subdag.py
[2024-06-14T17:23:37.623-0300] {processor.py:183} INFO - Processing /home/maira/projeto_indicium_engineering/venv/lib/python3.10/site-packages/airflow/example_dags/subdags/subdag.py took 0.017 seconds
[2024-06-14T17:24:18.819-0300] {processor.py:161} INFO - Started process (PID=94962) to work on /home/maira/projeto_indicium_engineering/venv/lib/python3.10/site-packages/airflow/example_dags/subdags/subdag.py
[2024-06-14T17:24:18.820-0300] {processor.py:830} INFO - Processing file /home/maira/projeto_indicium_engineering/venv/lib/python3.10/site-packages/airflow/example_dags/subdags/subdag.py for tasks to queue
[2024-06-14T17:24:18.823-0300] {logging_mixin.py:188} INFO - [2024-06-14T17:24:18.822-0300] {dagbag.py:545} INFO - Filling up the DagBag from /home/maira/projeto_indicium_engineering/venv/lib/python3.10/site-packages/airflow/example_dags/subdags/subdag.py
[2024-06-14T17:24:18.824-0300] {processor.py:842} WARNING - No viable dags retrieved from /home/maira/projeto_indicium_engineering/venv/lib/python3.10/site-packages/airflow/example_dags/subdags/subdag.py
[2024-06-14T17:24:18.832-0300] {processor.py:183} INFO - Processing /home/maira/projeto_indicium_engineering/venv/lib/python3.10/site-packages/airflow/example_dags/subdags/subdag.py took 0.019 seconds
[2024-06-14T17:25:06.431-0300] {processor.py:161} INFO - Started process (PID=95194) to work on /home/maira/projeto_indicium_engineering/venv/lib/python3.10/site-packages/airflow/example_dags/subdags/subdag.py
[2024-06-14T17:25:06.432-0300] {processor.py:830} INFO - Processing file /home/maira/projeto_indicium_engineering/venv/lib/python3.10/site-packages/airflow/example_dags/subdags/subdag.py for tasks to queue
[2024-06-14T17:25:06.434-0300] {logging_mixin.py:188} INFO - [2024-06-14T17:25:06.433-0300] {dagbag.py:545} INFO - Filling up the DagBag from /home/maira/projeto_indicium_engineering/venv/lib/python3.10/site-packages/airflow/example_dags/subdags/subdag.py
[2024-06-14T17:25:06.435-0300] {processor.py:842} WARNING - No viable dags retrieved from /home/maira/projeto_indicium_engineering/venv/lib/python3.10/site-packages/airflow/example_dags/subdags/subdag.py
[2024-06-14T17:25:06.442-0300] {processor.py:183} INFO - Processing /home/maira/projeto_indicium_engineering/venv/lib/python3.10/site-packages/airflow/example_dags/subdags/subdag.py took 0.017 seconds
[2024-06-14T17:25:51.836-0300] {processor.py:161} INFO - Started process (PID=95419) to work on /home/maira/projeto_indicium_engineering/venv/lib/python3.10/site-packages/airflow/example_dags/subdags/subdag.py
[2024-06-14T17:25:51.839-0300] {processor.py:830} INFO - Processing file /home/maira/projeto_indicium_engineering/venv/lib/python3.10/site-packages/airflow/example_dags/subdags/subdag.py for tasks to queue
[2024-06-14T17:25:51.841-0300] {logging_mixin.py:188} INFO - [2024-06-14T17:25:51.840-0300] {dagbag.py:545} INFO - Filling up the DagBag from /home/maira/projeto_indicium_engineering/venv/lib/python3.10/site-packages/airflow/example_dags/subdags/subdag.py
[2024-06-14T17:25:51.842-0300] {processor.py:842} WARNING - No viable dags retrieved from /home/maira/projeto_indicium_engineering/venv/lib/python3.10/site-packages/airflow/example_dags/subdags/subdag.py
[2024-06-14T17:25:51.850-0300] {processor.py:183} INFO - Processing /home/maira/projeto_indicium_engineering/venv/lib/python3.10/site-packages/airflow/example_dags/subdags/subdag.py took 0.018 seconds
[2024-06-14T17:26:28.227-0300] {processor.py:161} INFO - Started process (PID=95601) to work on /home/maira/projeto_indicium_engineering/venv/lib/python3.10/site-packages/airflow/example_dags/subdags/subdag.py
[2024-06-14T17:26:28.229-0300] {processor.py:830} INFO - Processing file /home/maira/projeto_indicium_engineering/venv/lib/python3.10/site-packages/airflow/example_dags/subdags/subdag.py for tasks to queue
[2024-06-14T17:26:28.230-0300] {logging_mixin.py:188} INFO - [2024-06-14T17:26:28.229-0300] {dagbag.py:545} INFO - Filling up the DagBag from /home/maira/projeto_indicium_engineering/venv/lib/python3.10/site-packages/airflow/example_dags/subdags/subdag.py
[2024-06-14T17:26:28.231-0300] {processor.py:842} WARNING - No viable dags retrieved from /home/maira/projeto_indicium_engineering/venv/lib/python3.10/site-packages/airflow/example_dags/subdags/subdag.py
[2024-06-14T17:26:28.239-0300] {processor.py:183} INFO - Processing /home/maira/projeto_indicium_engineering/venv/lib/python3.10/site-packages/airflow/example_dags/subdags/subdag.py took 0.017 seconds
[2024-06-14T17:27:07.459-0300] {processor.py:161} INFO - Started process (PID=95794) to work on /home/maira/projeto_indicium_engineering/venv/lib/python3.10/site-packages/airflow/example_dags/subdags/subdag.py
[2024-06-14T17:27:07.461-0300] {processor.py:830} INFO - Processing file /home/maira/projeto_indicium_engineering/venv/lib/python3.10/site-packages/airflow/example_dags/subdags/subdag.py for tasks to queue
[2024-06-14T17:27:07.462-0300] {logging_mixin.py:188} INFO - [2024-06-14T17:27:07.462-0300] {dagbag.py:545} INFO - Filling up the DagBag from /home/maira/projeto_indicium_engineering/venv/lib/python3.10/site-packages/airflow/example_dags/subdags/subdag.py
[2024-06-14T17:27:07.465-0300] {processor.py:842} WARNING - No viable dags retrieved from /home/maira/projeto_indicium_engineering/venv/lib/python3.10/site-packages/airflow/example_dags/subdags/subdag.py
[2024-06-14T17:27:07.472-0300] {processor.py:183} INFO - Processing /home/maira/projeto_indicium_engineering/venv/lib/python3.10/site-packages/airflow/example_dags/subdags/subdag.py took 0.018 seconds
[2024-06-14T17:27:48.619-0300] {processor.py:161} INFO - Started process (PID=95997) to work on /home/maira/projeto_indicium_engineering/venv/lib/python3.10/site-packages/airflow/example_dags/subdags/subdag.py
[2024-06-14T17:27:48.621-0300] {processor.py:830} INFO - Processing file /home/maira/projeto_indicium_engineering/venv/lib/python3.10/site-packages/airflow/example_dags/subdags/subdag.py for tasks to queue
[2024-06-14T17:27:48.623-0300] {logging_mixin.py:188} INFO - [2024-06-14T17:27:48.623-0300] {dagbag.py:545} INFO - Filling up the DagBag from /home/maira/projeto_indicium_engineering/venv/lib/python3.10/site-packages/airflow/example_dags/subdags/subdag.py
[2024-06-14T17:27:48.625-0300] {processor.py:842} WARNING - No viable dags retrieved from /home/maira/projeto_indicium_engineering/venv/lib/python3.10/site-packages/airflow/example_dags/subdags/subdag.py
[2024-06-14T17:27:48.633-0300] {processor.py:183} INFO - Processing /home/maira/projeto_indicium_engineering/venv/lib/python3.10/site-packages/airflow/example_dags/subdags/subdag.py took 0.019 seconds
[2024-06-14T17:28:27.665-0300] {processor.py:161} INFO - Started process (PID=96190) to work on /home/maira/projeto_indicium_engineering/venv/lib/python3.10/site-packages/airflow/example_dags/subdags/subdag.py
[2024-06-14T17:28:27.670-0300] {processor.py:830} INFO - Processing file /home/maira/projeto_indicium_engineering/venv/lib/python3.10/site-packages/airflow/example_dags/subdags/subdag.py for tasks to queue
[2024-06-14T17:28:27.672-0300] {logging_mixin.py:188} INFO - [2024-06-14T17:28:27.672-0300] {dagbag.py:545} INFO - Filling up the DagBag from /home/maira/projeto_indicium_engineering/venv/lib/python3.10/site-packages/airflow/example_dags/subdags/subdag.py
[2024-06-14T17:28:27.673-0300] {processor.py:842} WARNING - No viable dags retrieved from /home/maira/projeto_indicium_engineering/venv/lib/python3.10/site-packages/airflow/example_dags/subdags/subdag.py
[2024-06-14T17:28:27.681-0300] {processor.py:183} INFO - Processing /home/maira/projeto_indicium_engineering/venv/lib/python3.10/site-packages/airflow/example_dags/subdags/subdag.py took 0.021 seconds
[2024-06-14T17:29:04.923-0300] {processor.py:161} INFO - Started process (PID=96377) to work on /home/maira/projeto_indicium_engineering/venv/lib/python3.10/site-packages/airflow/example_dags/subdags/subdag.py
[2024-06-14T17:29:04.925-0300] {processor.py:830} INFO - Processing file /home/maira/projeto_indicium_engineering/venv/lib/python3.10/site-packages/airflow/example_dags/subdags/subdag.py for tasks to queue
[2024-06-14T17:29:04.927-0300] {logging_mixin.py:188} INFO - [2024-06-14T17:29:04.927-0300] {dagbag.py:545} INFO - Filling up the DagBag from /home/maira/projeto_indicium_engineering/venv/lib/python3.10/site-packages/airflow/example_dags/subdags/subdag.py
[2024-06-14T17:29:04.930-0300] {processor.py:842} WARNING - No viable dags retrieved from /home/maira/projeto_indicium_engineering/venv/lib/python3.10/site-packages/airflow/example_dags/subdags/subdag.py
[2024-06-14T17:29:04.938-0300] {processor.py:183} INFO - Processing /home/maira/projeto_indicium_engineering/venv/lib/python3.10/site-packages/airflow/example_dags/subdags/subdag.py took 0.020 seconds
[2024-06-14T17:29:41.178-0300] {processor.py:161} INFO - Started process (PID=96557) to work on /home/maira/projeto_indicium_engineering/venv/lib/python3.10/site-packages/airflow/example_dags/subdags/subdag.py
[2024-06-14T17:29:41.182-0300] {processor.py:830} INFO - Processing file /home/maira/projeto_indicium_engineering/venv/lib/python3.10/site-packages/airflow/example_dags/subdags/subdag.py for tasks to queue
[2024-06-14T17:29:41.184-0300] {logging_mixin.py:188} INFO - [2024-06-14T17:29:41.183-0300] {dagbag.py:545} INFO - Filling up the DagBag from /home/maira/projeto_indicium_engineering/venv/lib/python3.10/site-packages/airflow/example_dags/subdags/subdag.py
[2024-06-14T17:29:41.185-0300] {processor.py:842} WARNING - No viable dags retrieved from /home/maira/projeto_indicium_engineering/venv/lib/python3.10/site-packages/airflow/example_dags/subdags/subdag.py
[2024-06-14T17:29:41.193-0300] {processor.py:183} INFO - Processing /home/maira/projeto_indicium_engineering/venv/lib/python3.10/site-packages/airflow/example_dags/subdags/subdag.py took 0.019 seconds
[2024-06-14T17:30:22.285-0300] {processor.py:161} INFO - Started process (PID=96761) to work on /home/maira/projeto_indicium_engineering/venv/lib/python3.10/site-packages/airflow/example_dags/subdags/subdag.py
[2024-06-14T17:30:22.287-0300] {processor.py:830} INFO - Processing file /home/maira/projeto_indicium_engineering/venv/lib/python3.10/site-packages/airflow/example_dags/subdags/subdag.py for tasks to queue
[2024-06-14T17:30:22.288-0300] {logging_mixin.py:188} INFO - [2024-06-14T17:30:22.288-0300] {dagbag.py:545} INFO - Filling up the DagBag from /home/maira/projeto_indicium_engineering/venv/lib/python3.10/site-packages/airflow/example_dags/subdags/subdag.py
[2024-06-14T17:30:22.290-0300] {processor.py:842} WARNING - No viable dags retrieved from /home/maira/projeto_indicium_engineering/venv/lib/python3.10/site-packages/airflow/example_dags/subdags/subdag.py
[2024-06-14T17:30:22.298-0300] {processor.py:183} INFO - Processing /home/maira/projeto_indicium_engineering/venv/lib/python3.10/site-packages/airflow/example_dags/subdags/subdag.py took 0.018 seconds
[2024-06-14T17:31:02.869-0300] {processor.py:161} INFO - Started process (PID=96963) to work on /home/maira/projeto_indicium_engineering/venv/lib/python3.10/site-packages/airflow/example_dags/subdags/subdag.py
[2024-06-14T17:31:02.872-0300] {processor.py:830} INFO - Processing file /home/maira/projeto_indicium_engineering/venv/lib/python3.10/site-packages/airflow/example_dags/subdags/subdag.py for tasks to queue
[2024-06-14T17:31:02.875-0300] {logging_mixin.py:188} INFO - [2024-06-14T17:31:02.874-0300] {dagbag.py:545} INFO - Filling up the DagBag from /home/maira/projeto_indicium_engineering/venv/lib/python3.10/site-packages/airflow/example_dags/subdags/subdag.py
[2024-06-14T17:31:02.881-0300] {processor.py:842} WARNING - No viable dags retrieved from /home/maira/projeto_indicium_engineering/venv/lib/python3.10/site-packages/airflow/example_dags/subdags/subdag.py
[2024-06-14T17:31:02.907-0300] {processor.py:183} INFO - Processing /home/maira/projeto_indicium_engineering/venv/lib/python3.10/site-packages/airflow/example_dags/subdags/subdag.py took 0.050 seconds
[2024-06-14T17:31:47.513-0300] {processor.py:161} INFO - Started process (PID=97181) to work on /home/maira/projeto_indicium_engineering/venv/lib/python3.10/site-packages/airflow/example_dags/subdags/subdag.py
[2024-06-14T17:31:47.515-0300] {processor.py:830} INFO - Processing file /home/maira/projeto_indicium_engineering/venv/lib/python3.10/site-packages/airflow/example_dags/subdags/subdag.py for tasks to queue
[2024-06-14T17:31:47.517-0300] {logging_mixin.py:188} INFO - [2024-06-14T17:31:47.516-0300] {dagbag.py:545} INFO - Filling up the DagBag from /home/maira/projeto_indicium_engineering/venv/lib/python3.10/site-packages/airflow/example_dags/subdags/subdag.py
[2024-06-14T17:31:47.518-0300] {processor.py:842} WARNING - No viable dags retrieved from /home/maira/projeto_indicium_engineering/venv/lib/python3.10/site-packages/airflow/example_dags/subdags/subdag.py
[2024-06-14T17:31:47.526-0300] {processor.py:183} INFO - Processing /home/maira/projeto_indicium_engineering/venv/lib/python3.10/site-packages/airflow/example_dags/subdags/subdag.py took 0.018 seconds
[2024-06-14T17:32:32.376-0300] {processor.py:161} INFO - Started process (PID=97401) to work on /home/maira/projeto_indicium_engineering/venv/lib/python3.10/site-packages/airflow/example_dags/subdags/subdag.py
[2024-06-14T17:32:32.564-0300] {processor.py:830} INFO - Processing file /home/maira/projeto_indicium_engineering/venv/lib/python3.10/site-packages/airflow/example_dags/subdags/subdag.py for tasks to queue
[2024-06-14T17:32:32.567-0300] {logging_mixin.py:188} INFO - [2024-06-14T17:32:32.567-0300] {dagbag.py:545} INFO - Filling up the DagBag from /home/maira/projeto_indicium_engineering/venv/lib/python3.10/site-packages/airflow/example_dags/subdags/subdag.py
[2024-06-14T17:32:32.588-0300] {processor.py:842} WARNING - No viable dags retrieved from /home/maira/projeto_indicium_engineering/venv/lib/python3.10/site-packages/airflow/example_dags/subdags/subdag.py
[2024-06-14T17:32:32.602-0300] {processor.py:183} INFO - Processing /home/maira/projeto_indicium_engineering/venv/lib/python3.10/site-packages/airflow/example_dags/subdags/subdag.py took 0.231 seconds
[2024-06-14T17:33:14.065-0300] {processor.py:161} INFO - Started process (PID=97608) to work on /home/maira/projeto_indicium_engineering/venv/lib/python3.10/site-packages/airflow/example_dags/subdags/subdag.py
[2024-06-14T17:33:14.067-0300] {processor.py:830} INFO - Processing file /home/maira/projeto_indicium_engineering/venv/lib/python3.10/site-packages/airflow/example_dags/subdags/subdag.py for tasks to queue
[2024-06-14T17:33:14.068-0300] {logging_mixin.py:188} INFO - [2024-06-14T17:33:14.068-0300] {dagbag.py:545} INFO - Filling up the DagBag from /home/maira/projeto_indicium_engineering/venv/lib/python3.10/site-packages/airflow/example_dags/subdags/subdag.py
[2024-06-14T17:33:14.070-0300] {processor.py:842} WARNING - No viable dags retrieved from /home/maira/projeto_indicium_engineering/venv/lib/python3.10/site-packages/airflow/example_dags/subdags/subdag.py
[2024-06-14T17:33:14.079-0300] {processor.py:183} INFO - Processing /home/maira/projeto_indicium_engineering/venv/lib/python3.10/site-packages/airflow/example_dags/subdags/subdag.py took 0.018 seconds
[2024-06-14T17:33:54.613-0300] {processor.py:161} INFO - Started process (PID=97809) to work on /home/maira/projeto_indicium_engineering/venv/lib/python3.10/site-packages/airflow/example_dags/subdags/subdag.py
[2024-06-14T17:33:54.615-0300] {processor.py:830} INFO - Processing file /home/maira/projeto_indicium_engineering/venv/lib/python3.10/site-packages/airflow/example_dags/subdags/subdag.py for tasks to queue
[2024-06-14T17:33:54.617-0300] {logging_mixin.py:188} INFO - [2024-06-14T17:33:54.616-0300] {dagbag.py:545} INFO - Filling up the DagBag from /home/maira/projeto_indicium_engineering/venv/lib/python3.10/site-packages/airflow/example_dags/subdags/subdag.py
[2024-06-14T17:33:54.619-0300] {processor.py:842} WARNING - No viable dags retrieved from /home/maira/projeto_indicium_engineering/venv/lib/python3.10/site-packages/airflow/example_dags/subdags/subdag.py
[2024-06-14T17:33:54.627-0300] {processor.py:183} INFO - Processing /home/maira/projeto_indicium_engineering/venv/lib/python3.10/site-packages/airflow/example_dags/subdags/subdag.py took 0.019 seconds
[2024-06-14T17:34:30.508-0300] {processor.py:161} INFO - Started process (PID=97988) to work on /home/maira/projeto_indicium_engineering/venv/lib/python3.10/site-packages/airflow/example_dags/subdags/subdag.py
[2024-06-14T17:34:30.513-0300] {processor.py:830} INFO - Processing file /home/maira/projeto_indicium_engineering/venv/lib/python3.10/site-packages/airflow/example_dags/subdags/subdag.py for tasks to queue
[2024-06-14T17:34:30.514-0300] {logging_mixin.py:188} INFO - [2024-06-14T17:34:30.514-0300] {dagbag.py:545} INFO - Filling up the DagBag from /home/maira/projeto_indicium_engineering/venv/lib/python3.10/site-packages/airflow/example_dags/subdags/subdag.py
[2024-06-14T17:34:30.515-0300] {processor.py:842} WARNING - No viable dags retrieved from /home/maira/projeto_indicium_engineering/venv/lib/python3.10/site-packages/airflow/example_dags/subdags/subdag.py
[2024-06-14T17:34:30.523-0300] {processor.py:183} INFO - Processing /home/maira/projeto_indicium_engineering/venv/lib/python3.10/site-packages/airflow/example_dags/subdags/subdag.py took 0.020 seconds
[2024-06-14T17:35:09.890-0300] {processor.py:161} INFO - Started process (PID=98187) to work on /home/maira/projeto_indicium_engineering/venv/lib/python3.10/site-packages/airflow/example_dags/subdags/subdag.py
[2024-06-14T17:35:09.892-0300] {processor.py:830} INFO - Processing file /home/maira/projeto_indicium_engineering/venv/lib/python3.10/site-packages/airflow/example_dags/subdags/subdag.py for tasks to queue
[2024-06-14T17:35:09.893-0300] {logging_mixin.py:188} INFO - [2024-06-14T17:35:09.893-0300] {dagbag.py:545} INFO - Filling up the DagBag from /home/maira/projeto_indicium_engineering/venv/lib/python3.10/site-packages/airflow/example_dags/subdags/subdag.py
[2024-06-14T17:35:09.895-0300] {processor.py:842} WARNING - No viable dags retrieved from /home/maira/projeto_indicium_engineering/venv/lib/python3.10/site-packages/airflow/example_dags/subdags/subdag.py
[2024-06-14T17:35:09.902-0300] {processor.py:183} INFO - Processing /home/maira/projeto_indicium_engineering/venv/lib/python3.10/site-packages/airflow/example_dags/subdags/subdag.py took 0.018 seconds
[2024-06-14T17:35:50.071-0300] {processor.py:161} INFO - Started process (PID=98384) to work on /home/maira/projeto_indicium_engineering/venv/lib/python3.10/site-packages/airflow/example_dags/subdags/subdag.py
[2024-06-14T17:35:50.073-0300] {processor.py:830} INFO - Processing file /home/maira/projeto_indicium_engineering/venv/lib/python3.10/site-packages/airflow/example_dags/subdags/subdag.py for tasks to queue
[2024-06-14T17:35:50.075-0300] {logging_mixin.py:188} INFO - [2024-06-14T17:35:50.074-0300] {dagbag.py:545} INFO - Filling up the DagBag from /home/maira/projeto_indicium_engineering/venv/lib/python3.10/site-packages/airflow/example_dags/subdags/subdag.py
[2024-06-14T17:35:50.077-0300] {processor.py:842} WARNING - No viable dags retrieved from /home/maira/projeto_indicium_engineering/venv/lib/python3.10/site-packages/airflow/example_dags/subdags/subdag.py
[2024-06-14T17:35:50.085-0300] {processor.py:183} INFO - Processing /home/maira/projeto_indicium_engineering/venv/lib/python3.10/site-packages/airflow/example_dags/subdags/subdag.py took 0.019 seconds
[2024-06-14T17:36:31.290-0300] {processor.py:161} INFO - Started process (PID=98588) to work on /home/maira/projeto_indicium_engineering/venv/lib/python3.10/site-packages/airflow/example_dags/subdags/subdag.py
[2024-06-14T17:36:31.292-0300] {processor.py:830} INFO - Processing file /home/maira/projeto_indicium_engineering/venv/lib/python3.10/site-packages/airflow/example_dags/subdags/subdag.py for tasks to queue
[2024-06-14T17:36:31.295-0300] {logging_mixin.py:188} INFO - [2024-06-14T17:36:31.294-0300] {dagbag.py:545} INFO - Filling up the DagBag from /home/maira/projeto_indicium_engineering/venv/lib/python3.10/site-packages/airflow/example_dags/subdags/subdag.py
[2024-06-14T17:36:31.296-0300] {processor.py:842} WARNING - No viable dags retrieved from /home/maira/projeto_indicium_engineering/venv/lib/python3.10/site-packages/airflow/example_dags/subdags/subdag.py
[2024-06-14T17:36:31.304-0300] {processor.py:183} INFO - Processing /home/maira/projeto_indicium_engineering/venv/lib/python3.10/site-packages/airflow/example_dags/subdags/subdag.py took 0.019 seconds
[2024-06-14T17:37:13.612-0300] {processor.py:161} INFO - Started process (PID=98797) to work on /home/maira/projeto_indicium_engineering/venv/lib/python3.10/site-packages/airflow/example_dags/subdags/subdag.py
[2024-06-14T17:37:13.613-0300] {processor.py:830} INFO - Processing file /home/maira/projeto_indicium_engineering/venv/lib/python3.10/site-packages/airflow/example_dags/subdags/subdag.py for tasks to queue
[2024-06-14T17:37:13.615-0300] {logging_mixin.py:188} INFO - [2024-06-14T17:37:13.614-0300] {dagbag.py:545} INFO - Filling up the DagBag from /home/maira/projeto_indicium_engineering/venv/lib/python3.10/site-packages/airflow/example_dags/subdags/subdag.py
[2024-06-14T17:37:13.618-0300] {processor.py:842} WARNING - No viable dags retrieved from /home/maira/projeto_indicium_engineering/venv/lib/python3.10/site-packages/airflow/example_dags/subdags/subdag.py
[2024-06-14T17:37:13.629-0300] {processor.py:183} INFO - Processing /home/maira/projeto_indicium_engineering/venv/lib/python3.10/site-packages/airflow/example_dags/subdags/subdag.py took 0.023 seconds
[2024-06-14T17:37:51.820-0300] {processor.py:161} INFO - Started process (PID=98987) to work on /home/maira/projeto_indicium_engineering/venv/lib/python3.10/site-packages/airflow/example_dags/subdags/subdag.py
[2024-06-14T17:37:51.822-0300] {processor.py:830} INFO - Processing file /home/maira/projeto_indicium_engineering/venv/lib/python3.10/site-packages/airflow/example_dags/subdags/subdag.py for tasks to queue
[2024-06-14T17:37:51.824-0300] {logging_mixin.py:188} INFO - [2024-06-14T17:37:51.823-0300] {dagbag.py:545} INFO - Filling up the DagBag from /home/maira/projeto_indicium_engineering/venv/lib/python3.10/site-packages/airflow/example_dags/subdags/subdag.py
[2024-06-14T17:37:51.825-0300] {processor.py:842} WARNING - No viable dags retrieved from /home/maira/projeto_indicium_engineering/venv/lib/python3.10/site-packages/airflow/example_dags/subdags/subdag.py
[2024-06-14T17:37:51.833-0300] {processor.py:183} INFO - Processing /home/maira/projeto_indicium_engineering/venv/lib/python3.10/site-packages/airflow/example_dags/subdags/subdag.py took 0.018 seconds
[2024-06-14T17:38:30.485-0300] {processor.py:161} INFO - Started process (PID=99180) to work on /home/maira/projeto_indicium_engineering/venv/lib/python3.10/site-packages/airflow/example_dags/subdags/subdag.py
[2024-06-14T17:38:30.486-0300] {processor.py:830} INFO - Processing file /home/maira/projeto_indicium_engineering/venv/lib/python3.10/site-packages/airflow/example_dags/subdags/subdag.py for tasks to queue
[2024-06-14T17:38:30.488-0300] {logging_mixin.py:188} INFO - [2024-06-14T17:38:30.488-0300] {dagbag.py:545} INFO - Filling up the DagBag from /home/maira/projeto_indicium_engineering/venv/lib/python3.10/site-packages/airflow/example_dags/subdags/subdag.py
[2024-06-14T17:38:30.491-0300] {processor.py:842} WARNING - No viable dags retrieved from /home/maira/projeto_indicium_engineering/venv/lib/python3.10/site-packages/airflow/example_dags/subdags/subdag.py
[2024-06-14T17:38:30.499-0300] {processor.py:183} INFO - Processing /home/maira/projeto_indicium_engineering/venv/lib/python3.10/site-packages/airflow/example_dags/subdags/subdag.py took 0.020 seconds
[2024-06-14T17:39:09.541-0300] {processor.py:161} INFO - Started process (PID=99375) to work on /home/maira/projeto_indicium_engineering/venv/lib/python3.10/site-packages/airflow/example_dags/subdags/subdag.py
[2024-06-14T17:39:09.546-0300] {processor.py:830} INFO - Processing file /home/maira/projeto_indicium_engineering/venv/lib/python3.10/site-packages/airflow/example_dags/subdags/subdag.py for tasks to queue
[2024-06-14T17:39:09.547-0300] {logging_mixin.py:188} INFO - [2024-06-14T17:39:09.547-0300] {dagbag.py:545} INFO - Filling up the DagBag from /home/maira/projeto_indicium_engineering/venv/lib/python3.10/site-packages/airflow/example_dags/subdags/subdag.py
[2024-06-14T17:39:09.549-0300] {processor.py:842} WARNING - No viable dags retrieved from /home/maira/projeto_indicium_engineering/venv/lib/python3.10/site-packages/airflow/example_dags/subdags/subdag.py
[2024-06-14T17:39:09.556-0300] {processor.py:183} INFO - Processing /home/maira/projeto_indicium_engineering/venv/lib/python3.10/site-packages/airflow/example_dags/subdags/subdag.py took 0.020 seconds
[2024-06-14T17:39:50.029-0300] {processor.py:161} INFO - Started process (PID=99575) to work on /home/maira/projeto_indicium_engineering/venv/lib/python3.10/site-packages/airflow/example_dags/subdags/subdag.py
[2024-06-14T17:39:50.031-0300] {processor.py:830} INFO - Processing file /home/maira/projeto_indicium_engineering/venv/lib/python3.10/site-packages/airflow/example_dags/subdags/subdag.py for tasks to queue
[2024-06-14T17:39:50.033-0300] {logging_mixin.py:188} INFO - [2024-06-14T17:39:50.032-0300] {dagbag.py:545} INFO - Filling up the DagBag from /home/maira/projeto_indicium_engineering/venv/lib/python3.10/site-packages/airflow/example_dags/subdags/subdag.py
[2024-06-14T17:39:50.034-0300] {processor.py:842} WARNING - No viable dags retrieved from /home/maira/projeto_indicium_engineering/venv/lib/python3.10/site-packages/airflow/example_dags/subdags/subdag.py
[2024-06-14T17:39:50.042-0300] {processor.py:183} INFO - Processing /home/maira/projeto_indicium_engineering/venv/lib/python3.10/site-packages/airflow/example_dags/subdags/subdag.py took 0.018 seconds
[2024-06-14T17:40:30.268-0300] {processor.py:161} INFO - Started process (PID=99773) to work on /home/maira/projeto_indicium_engineering/venv/lib/python3.10/site-packages/airflow/example_dags/subdags/subdag.py
[2024-06-14T17:40:30.269-0300] {processor.py:830} INFO - Processing file /home/maira/projeto_indicium_engineering/venv/lib/python3.10/site-packages/airflow/example_dags/subdags/subdag.py for tasks to queue
[2024-06-14T17:40:30.271-0300] {logging_mixin.py:188} INFO - [2024-06-14T17:40:30.271-0300] {dagbag.py:545} INFO - Filling up the DagBag from /home/maira/projeto_indicium_engineering/venv/lib/python3.10/site-packages/airflow/example_dags/subdags/subdag.py
[2024-06-14T17:40:30.273-0300] {processor.py:842} WARNING - No viable dags retrieved from /home/maira/projeto_indicium_engineering/venv/lib/python3.10/site-packages/airflow/example_dags/subdags/subdag.py
[2024-06-14T17:40:30.280-0300] {processor.py:183} INFO - Processing /home/maira/projeto_indicium_engineering/venv/lib/python3.10/site-packages/airflow/example_dags/subdags/subdag.py took 0.018 seconds
[2024-06-14T17:41:10.853-0300] {processor.py:161} INFO - Started process (PID=99973) to work on /home/maira/projeto_indicium_engineering/venv/lib/python3.10/site-packages/airflow/example_dags/subdags/subdag.py
[2024-06-14T17:41:10.856-0300] {processor.py:830} INFO - Processing file /home/maira/projeto_indicium_engineering/venv/lib/python3.10/site-packages/airflow/example_dags/subdags/subdag.py for tasks to queue
[2024-06-14T17:41:10.857-0300] {logging_mixin.py:188} INFO - [2024-06-14T17:41:10.857-0300] {dagbag.py:545} INFO - Filling up the DagBag from /home/maira/projeto_indicium_engineering/venv/lib/python3.10/site-packages/airflow/example_dags/subdags/subdag.py
[2024-06-14T17:41:10.861-0300] {processor.py:842} WARNING - No viable dags retrieved from /home/maira/projeto_indicium_engineering/venv/lib/python3.10/site-packages/airflow/example_dags/subdags/subdag.py
[2024-06-14T17:41:10.869-0300] {processor.py:183} INFO - Processing /home/maira/projeto_indicium_engineering/venv/lib/python3.10/site-packages/airflow/example_dags/subdags/subdag.py took 0.020 seconds
[2024-06-14T17:41:52.705-0300] {processor.py:161} INFO - Started process (PID=100181) to work on /home/maira/projeto_indicium_engineering/venv/lib/python3.10/site-packages/airflow/example_dags/subdags/subdag.py
[2024-06-14T17:41:52.707-0300] {processor.py:830} INFO - Processing file /home/maira/projeto_indicium_engineering/venv/lib/python3.10/site-packages/airflow/example_dags/subdags/subdag.py for tasks to queue
[2024-06-14T17:41:52.709-0300] {logging_mixin.py:188} INFO - [2024-06-14T17:41:52.709-0300] {dagbag.py:545} INFO - Filling up the DagBag from /home/maira/projeto_indicium_engineering/venv/lib/python3.10/site-packages/airflow/example_dags/subdags/subdag.py
[2024-06-14T17:41:52.712-0300] {processor.py:842} WARNING - No viable dags retrieved from /home/maira/projeto_indicium_engineering/venv/lib/python3.10/site-packages/airflow/example_dags/subdags/subdag.py
[2024-06-14T17:41:52.720-0300] {processor.py:183} INFO - Processing /home/maira/projeto_indicium_engineering/venv/lib/python3.10/site-packages/airflow/example_dags/subdags/subdag.py took 0.020 seconds
[2024-06-14T17:42:32.081-0300] {processor.py:161} INFO - Started process (PID=100377) to work on /home/maira/projeto_indicium_engineering/venv/lib/python3.10/site-packages/airflow/example_dags/subdags/subdag.py
[2024-06-14T17:42:32.083-0300] {processor.py:830} INFO - Processing file /home/maira/projeto_indicium_engineering/venv/lib/python3.10/site-packages/airflow/example_dags/subdags/subdag.py for tasks to queue
[2024-06-14T17:42:32.084-0300] {logging_mixin.py:188} INFO - [2024-06-14T17:42:32.084-0300] {dagbag.py:545} INFO - Filling up the DagBag from /home/maira/projeto_indicium_engineering/venv/lib/python3.10/site-packages/airflow/example_dags/subdags/subdag.py
[2024-06-14T17:42:32.086-0300] {processor.py:842} WARNING - No viable dags retrieved from /home/maira/projeto_indicium_engineering/venv/lib/python3.10/site-packages/airflow/example_dags/subdags/subdag.py
[2024-06-14T17:42:32.094-0300] {processor.py:183} INFO - Processing /home/maira/projeto_indicium_engineering/venv/lib/python3.10/site-packages/airflow/example_dags/subdags/subdag.py took 0.017 seconds
[2024-06-14T17:43:12.335-0300] {processor.py:161} INFO - Started process (PID=100576) to work on /home/maira/projeto_indicium_engineering/venv/lib/python3.10/site-packages/airflow/example_dags/subdags/subdag.py
[2024-06-14T17:43:12.337-0300] {processor.py:830} INFO - Processing file /home/maira/projeto_indicium_engineering/venv/lib/python3.10/site-packages/airflow/example_dags/subdags/subdag.py for tasks to queue
[2024-06-14T17:43:12.338-0300] {logging_mixin.py:188} INFO - [2024-06-14T17:43:12.338-0300] {dagbag.py:545} INFO - Filling up the DagBag from /home/maira/projeto_indicium_engineering/venv/lib/python3.10/site-packages/airflow/example_dags/subdags/subdag.py
[2024-06-14T17:43:12.341-0300] {processor.py:842} WARNING - No viable dags retrieved from /home/maira/projeto_indicium_engineering/venv/lib/python3.10/site-packages/airflow/example_dags/subdags/subdag.py
[2024-06-14T17:43:12.350-0300] {processor.py:183} INFO - Processing /home/maira/projeto_indicium_engineering/venv/lib/python3.10/site-packages/airflow/example_dags/subdags/subdag.py took 0.020 seconds
[2024-06-14T17:43:49.440-0300] {processor.py:161} INFO - Started process (PID=100762) to work on /home/maira/projeto_indicium_engineering/venv/lib/python3.10/site-packages/airflow/example_dags/subdags/subdag.py
[2024-06-14T17:43:49.441-0300] {processor.py:830} INFO - Processing file /home/maira/projeto_indicium_engineering/venv/lib/python3.10/site-packages/airflow/example_dags/subdags/subdag.py for tasks to queue
[2024-06-14T17:43:49.442-0300] {logging_mixin.py:188} INFO - [2024-06-14T17:43:49.442-0300] {dagbag.py:545} INFO - Filling up the DagBag from /home/maira/projeto_indicium_engineering/venv/lib/python3.10/site-packages/airflow/example_dags/subdags/subdag.py
[2024-06-14T17:43:49.445-0300] {processor.py:842} WARNING - No viable dags retrieved from /home/maira/projeto_indicium_engineering/venv/lib/python3.10/site-packages/airflow/example_dags/subdags/subdag.py
[2024-06-14T17:43:49.454-0300] {processor.py:183} INFO - Processing /home/maira/projeto_indicium_engineering/venv/lib/python3.10/site-packages/airflow/example_dags/subdags/subdag.py took 0.019 seconds
[2024-06-14T17:44:26.752-0300] {processor.py:161} INFO - Started process (PID=100947) to work on /home/maira/projeto_indicium_engineering/venv/lib/python3.10/site-packages/airflow/example_dags/subdags/subdag.py
[2024-06-14T17:44:26.757-0300] {processor.py:830} INFO - Processing file /home/maira/projeto_indicium_engineering/venv/lib/python3.10/site-packages/airflow/example_dags/subdags/subdag.py for tasks to queue
[2024-06-14T17:44:26.759-0300] {logging_mixin.py:188} INFO - [2024-06-14T17:44:26.759-0300] {dagbag.py:545} INFO - Filling up the DagBag from /home/maira/projeto_indicium_engineering/venv/lib/python3.10/site-packages/airflow/example_dags/subdags/subdag.py
[2024-06-14T17:44:26.761-0300] {processor.py:842} WARNING - No viable dags retrieved from /home/maira/projeto_indicium_engineering/venv/lib/python3.10/site-packages/airflow/example_dags/subdags/subdag.py
[2024-06-14T17:44:26.768-0300] {processor.py:183} INFO - Processing /home/maira/projeto_indicium_engineering/venv/lib/python3.10/site-packages/airflow/example_dags/subdags/subdag.py took 0.020 seconds
[2024-06-14T17:45:05.671-0300] {processor.py:161} INFO - Started process (PID=101144) to work on /home/maira/projeto_indicium_engineering/venv/lib/python3.10/site-packages/airflow/example_dags/subdags/subdag.py
[2024-06-14T17:45:05.673-0300] {processor.py:830} INFO - Processing file /home/maira/projeto_indicium_engineering/venv/lib/python3.10/site-packages/airflow/example_dags/subdags/subdag.py for tasks to queue
[2024-06-14T17:45:05.674-0300] {logging_mixin.py:188} INFO - [2024-06-14T17:45:05.674-0300] {dagbag.py:545} INFO - Filling up the DagBag from /home/maira/projeto_indicium_engineering/venv/lib/python3.10/site-packages/airflow/example_dags/subdags/subdag.py
[2024-06-14T17:45:05.676-0300] {processor.py:842} WARNING - No viable dags retrieved from /home/maira/projeto_indicium_engineering/venv/lib/python3.10/site-packages/airflow/example_dags/subdags/subdag.py
[2024-06-14T17:45:05.685-0300] {processor.py:183} INFO - Processing /home/maira/projeto_indicium_engineering/venv/lib/python3.10/site-packages/airflow/example_dags/subdags/subdag.py took 0.019 seconds
[2024-06-14T17:45:46.499-0300] {processor.py:161} INFO - Started process (PID=101345) to work on /home/maira/projeto_indicium_engineering/venv/lib/python3.10/site-packages/airflow/example_dags/subdags/subdag.py
[2024-06-14T17:45:46.501-0300] {processor.py:830} INFO - Processing file /home/maira/projeto_indicium_engineering/venv/lib/python3.10/site-packages/airflow/example_dags/subdags/subdag.py for tasks to queue
[2024-06-14T17:45:46.502-0300] {logging_mixin.py:188} INFO - [2024-06-14T17:45:46.502-0300] {dagbag.py:545} INFO - Filling up the DagBag from /home/maira/projeto_indicium_engineering/venv/lib/python3.10/site-packages/airflow/example_dags/subdags/subdag.py
[2024-06-14T17:45:46.505-0300] {processor.py:842} WARNING - No viable dags retrieved from /home/maira/projeto_indicium_engineering/venv/lib/python3.10/site-packages/airflow/example_dags/subdags/subdag.py
[2024-06-14T17:45:46.513-0300] {processor.py:183} INFO - Processing /home/maira/projeto_indicium_engineering/venv/lib/python3.10/site-packages/airflow/example_dags/subdags/subdag.py took 0.019 seconds
[2024-06-14T17:46:27.063-0300] {processor.py:161} INFO - Started process (PID=101545) to work on /home/maira/projeto_indicium_engineering/venv/lib/python3.10/site-packages/airflow/example_dags/subdags/subdag.py
[2024-06-14T17:46:27.066-0300] {processor.py:830} INFO - Processing file /home/maira/projeto_indicium_engineering/venv/lib/python3.10/site-packages/airflow/example_dags/subdags/subdag.py for tasks to queue
[2024-06-14T17:46:27.068-0300] {logging_mixin.py:188} INFO - [2024-06-14T17:46:27.068-0300] {dagbag.py:545} INFO - Filling up the DagBag from /home/maira/projeto_indicium_engineering/venv/lib/python3.10/site-packages/airflow/example_dags/subdags/subdag.py
[2024-06-14T17:46:27.069-0300] {processor.py:842} WARNING - No viable dags retrieved from /home/maira/projeto_indicium_engineering/venv/lib/python3.10/site-packages/airflow/example_dags/subdags/subdag.py
[2024-06-14T17:46:27.077-0300] {processor.py:183} INFO - Processing /home/maira/projeto_indicium_engineering/venv/lib/python3.10/site-packages/airflow/example_dags/subdags/subdag.py took 0.020 seconds
[2024-06-14T17:47:09.160-0300] {processor.py:161} INFO - Started process (PID=101755) to work on /home/maira/projeto_indicium_engineering/venv/lib/python3.10/site-packages/airflow/example_dags/subdags/subdag.py
[2024-06-14T17:47:09.161-0300] {processor.py:830} INFO - Processing file /home/maira/projeto_indicium_engineering/venv/lib/python3.10/site-packages/airflow/example_dags/subdags/subdag.py for tasks to queue
[2024-06-14T17:47:09.163-0300] {logging_mixin.py:188} INFO - [2024-06-14T17:47:09.163-0300] {dagbag.py:545} INFO - Filling up the DagBag from /home/maira/projeto_indicium_engineering/venv/lib/python3.10/site-packages/airflow/example_dags/subdags/subdag.py
[2024-06-14T17:47:09.166-0300] {processor.py:842} WARNING - No viable dags retrieved from /home/maira/projeto_indicium_engineering/venv/lib/python3.10/site-packages/airflow/example_dags/subdags/subdag.py
[2024-06-14T17:47:09.175-0300] {processor.py:183} INFO - Processing /home/maira/projeto_indicium_engineering/venv/lib/python3.10/site-packages/airflow/example_dags/subdags/subdag.py took 0.021 seconds
[2024-06-14T17:47:46.471-0300] {processor.py:161} INFO - Started process (PID=101939) to work on /home/maira/projeto_indicium_engineering/venv/lib/python3.10/site-packages/airflow/example_dags/subdags/subdag.py
[2024-06-14T17:47:46.473-0300] {processor.py:830} INFO - Processing file /home/maira/projeto_indicium_engineering/venv/lib/python3.10/site-packages/airflow/example_dags/subdags/subdag.py for tasks to queue
[2024-06-14T17:47:46.475-0300] {logging_mixin.py:188} INFO - [2024-06-14T17:47:46.475-0300] {dagbag.py:545} INFO - Filling up the DagBag from /home/maira/projeto_indicium_engineering/venv/lib/python3.10/site-packages/airflow/example_dags/subdags/subdag.py
[2024-06-14T17:47:46.477-0300] {processor.py:842} WARNING - No viable dags retrieved from /home/maira/projeto_indicium_engineering/venv/lib/python3.10/site-packages/airflow/example_dags/subdags/subdag.py
[2024-06-14T17:47:46.485-0300] {processor.py:183} INFO - Processing /home/maira/projeto_indicium_engineering/venv/lib/python3.10/site-packages/airflow/example_dags/subdags/subdag.py took 0.019 seconds
[2024-06-14T17:48:27.393-0300] {processor.py:161} INFO - Started process (PID=102142) to work on /home/maira/projeto_indicium_engineering/venv/lib/python3.10/site-packages/airflow/example_dags/subdags/subdag.py
[2024-06-14T17:48:27.396-0300] {processor.py:830} INFO - Processing file /home/maira/projeto_indicium_engineering/venv/lib/python3.10/site-packages/airflow/example_dags/subdags/subdag.py for tasks to queue
[2024-06-14T17:48:27.397-0300] {logging_mixin.py:188} INFO - [2024-06-14T17:48:27.397-0300] {dagbag.py:545} INFO - Filling up the DagBag from /home/maira/projeto_indicium_engineering/venv/lib/python3.10/site-packages/airflow/example_dags/subdags/subdag.py
[2024-06-14T17:48:27.399-0300] {processor.py:842} WARNING - No viable dags retrieved from /home/maira/projeto_indicium_engineering/venv/lib/python3.10/site-packages/airflow/example_dags/subdags/subdag.py
[2024-06-14T17:48:27.406-0300] {processor.py:183} INFO - Processing /home/maira/projeto_indicium_engineering/venv/lib/python3.10/site-packages/airflow/example_dags/subdags/subdag.py took 0.018 seconds
[2024-06-14T17:49:10.671-0300] {processor.py:161} INFO - Started process (PID=102356) to work on /home/maira/projeto_indicium_engineering/venv/lib/python3.10/site-packages/airflow/example_dags/subdags/subdag.py
[2024-06-14T17:49:10.673-0300] {processor.py:830} INFO - Processing file /home/maira/projeto_indicium_engineering/venv/lib/python3.10/site-packages/airflow/example_dags/subdags/subdag.py for tasks to queue
[2024-06-14T17:49:10.675-0300] {logging_mixin.py:188} INFO - [2024-06-14T17:49:10.674-0300] {dagbag.py:545} INFO - Filling up the DagBag from /home/maira/projeto_indicium_engineering/venv/lib/python3.10/site-packages/airflow/example_dags/subdags/subdag.py
[2024-06-14T17:49:10.677-0300] {processor.py:842} WARNING - No viable dags retrieved from /home/maira/projeto_indicium_engineering/venv/lib/python3.10/site-packages/airflow/example_dags/subdags/subdag.py
[2024-06-14T17:49:10.687-0300] {processor.py:183} INFO - Processing /home/maira/projeto_indicium_engineering/venv/lib/python3.10/site-packages/airflow/example_dags/subdags/subdag.py took 0.021 seconds
[2024-06-14T17:49:52.772-0300] {processor.py:161} INFO - Started process (PID=102563) to work on /home/maira/projeto_indicium_engineering/venv/lib/python3.10/site-packages/airflow/example_dags/subdags/subdag.py
[2024-06-14T17:49:52.774-0300] {processor.py:830} INFO - Processing file /home/maira/projeto_indicium_engineering/venv/lib/python3.10/site-packages/airflow/example_dags/subdags/subdag.py for tasks to queue
[2024-06-14T17:49:52.776-0300] {logging_mixin.py:188} INFO - [2024-06-14T17:49:52.775-0300] {dagbag.py:545} INFO - Filling up the DagBag from /home/maira/projeto_indicium_engineering/venv/lib/python3.10/site-packages/airflow/example_dags/subdags/subdag.py
[2024-06-14T17:49:52.777-0300] {processor.py:842} WARNING - No viable dags retrieved from /home/maira/projeto_indicium_engineering/venv/lib/python3.10/site-packages/airflow/example_dags/subdags/subdag.py
[2024-06-14T17:49:52.785-0300] {processor.py:183} INFO - Processing /home/maira/projeto_indicium_engineering/venv/lib/python3.10/site-packages/airflow/example_dags/subdags/subdag.py took 0.018 seconds
[2024-06-14T17:50:34.488-0300] {processor.py:161} INFO - Started process (PID=102770) to work on /home/maira/projeto_indicium_engineering/venv/lib/python3.10/site-packages/airflow/example_dags/subdags/subdag.py
[2024-06-14T17:50:34.489-0300] {processor.py:830} INFO - Processing file /home/maira/projeto_indicium_engineering/venv/lib/python3.10/site-packages/airflow/example_dags/subdags/subdag.py for tasks to queue
[2024-06-14T17:50:34.490-0300] {logging_mixin.py:188} INFO - [2024-06-14T17:50:34.490-0300] {dagbag.py:545} INFO - Filling up the DagBag from /home/maira/projeto_indicium_engineering/venv/lib/python3.10/site-packages/airflow/example_dags/subdags/subdag.py
[2024-06-14T17:50:34.492-0300] {processor.py:842} WARNING - No viable dags retrieved from /home/maira/projeto_indicium_engineering/venv/lib/python3.10/site-packages/airflow/example_dags/subdags/subdag.py
[2024-06-14T17:50:34.501-0300] {processor.py:183} INFO - Processing /home/maira/projeto_indicium_engineering/venv/lib/python3.10/site-packages/airflow/example_dags/subdags/subdag.py took 0.017 seconds
[2024-06-14T17:51:13.233-0300] {processor.py:161} INFO - Started process (PID=102963) to work on /home/maira/projeto_indicium_engineering/venv/lib/python3.10/site-packages/airflow/example_dags/subdags/subdag.py
[2024-06-14T17:51:13.234-0300] {processor.py:830} INFO - Processing file /home/maira/projeto_indicium_engineering/venv/lib/python3.10/site-packages/airflow/example_dags/subdags/subdag.py for tasks to queue
[2024-06-14T17:51:13.236-0300] {logging_mixin.py:188} INFO - [2024-06-14T17:51:13.236-0300] {dagbag.py:545} INFO - Filling up the DagBag from /home/maira/projeto_indicium_engineering/venv/lib/python3.10/site-packages/airflow/example_dags/subdags/subdag.py
[2024-06-14T17:51:13.238-0300] {processor.py:842} WARNING - No viable dags retrieved from /home/maira/projeto_indicium_engineering/venv/lib/python3.10/site-packages/airflow/example_dags/subdags/subdag.py
[2024-06-14T17:51:13.248-0300] {processor.py:183} INFO - Processing /home/maira/projeto_indicium_engineering/venv/lib/python3.10/site-packages/airflow/example_dags/subdags/subdag.py took 0.023 seconds
[2024-06-14T20:51:35.833-0300] {processor.py:161} INFO - Started process (PID=103124) to work on /home/maira/projeto_indicium_engineering/venv/lib/python3.10/site-packages/airflow/example_dags/subdags/subdag.py
[2024-06-14T20:51:35.834-0300] {processor.py:830} INFO - Processing file /home/maira/projeto_indicium_engineering/venv/lib/python3.10/site-packages/airflow/example_dags/subdags/subdag.py for tasks to queue
[2024-06-14T20:51:35.837-0300] {logging_mixin.py:188} INFO - [2024-06-14T20:51:35.836-0300] {dagbag.py:545} INFO - Filling up the DagBag from /home/maira/projeto_indicium_engineering/venv/lib/python3.10/site-packages/airflow/example_dags/subdags/subdag.py
[2024-06-14T20:51:35.840-0300] {processor.py:842} WARNING - No viable dags retrieved from /home/maira/projeto_indicium_engineering/venv/lib/python3.10/site-packages/airflow/example_dags/subdags/subdag.py
[2024-06-14T20:51:35.854-0300] {processor.py:183} INFO - Processing /home/maira/projeto_indicium_engineering/venv/lib/python3.10/site-packages/airflow/example_dags/subdags/subdag.py took 0.030 seconds
[2024-06-14T20:52:28.129-0300] {processor.py:161} INFO - Started process (PID=103693) to work on /home/maira/projeto_indicium_engineering/venv/lib/python3.10/site-packages/airflow/example_dags/subdags/subdag.py
[2024-06-14T20:52:28.131-0300] {processor.py:830} INFO - Processing file /home/maira/projeto_indicium_engineering/venv/lib/python3.10/site-packages/airflow/example_dags/subdags/subdag.py for tasks to queue
[2024-06-14T20:52:28.132-0300] {logging_mixin.py:188} INFO - [2024-06-14T20:52:28.132-0300] {dagbag.py:545} INFO - Filling up the DagBag from /home/maira/projeto_indicium_engineering/venv/lib/python3.10/site-packages/airflow/example_dags/subdags/subdag.py
[2024-06-14T20:52:28.134-0300] {processor.py:842} WARNING - No viable dags retrieved from /home/maira/projeto_indicium_engineering/venv/lib/python3.10/site-packages/airflow/example_dags/subdags/subdag.py
[2024-06-14T20:52:28.142-0300] {processor.py:183} INFO - Processing /home/maira/projeto_indicium_engineering/venv/lib/python3.10/site-packages/airflow/example_dags/subdags/subdag.py took 0.017 seconds
[2024-06-14T20:53:26.628-0300] {processor.py:161} INFO - Started process (PID=103974) to work on /home/maira/projeto_indicium_engineering/venv/lib/python3.10/site-packages/airflow/example_dags/subdags/subdag.py
[2024-06-14T20:53:26.630-0300] {processor.py:830} INFO - Processing file /home/maira/projeto_indicium_engineering/venv/lib/python3.10/site-packages/airflow/example_dags/subdags/subdag.py for tasks to queue
[2024-06-14T20:53:26.631-0300] {logging_mixin.py:188} INFO - [2024-06-14T20:53:26.631-0300] {dagbag.py:545} INFO - Filling up the DagBag from /home/maira/projeto_indicium_engineering/venv/lib/python3.10/site-packages/airflow/example_dags/subdags/subdag.py
[2024-06-14T20:53:26.633-0300] {processor.py:842} WARNING - No viable dags retrieved from /home/maira/projeto_indicium_engineering/venv/lib/python3.10/site-packages/airflow/example_dags/subdags/subdag.py
[2024-06-14T20:53:26.640-0300] {processor.py:183} INFO - Processing /home/maira/projeto_indicium_engineering/venv/lib/python3.10/site-packages/airflow/example_dags/subdags/subdag.py took 0.016 seconds
