[2024-06-14T16:31:01.940-0300] {processor.py:161} INFO - Started process (PID=86470) to work on /home/maira/projeto_indicium_engineering/venv/lib/python3.10/site-packages/airflow/example_dags/plugins/event_listener.py
[2024-06-14T16:31:01.941-0300] {processor.py:830} INFO - Processing file /home/maira/projeto_indicium_engineering/venv/lib/python3.10/site-packages/airflow/example_dags/plugins/event_listener.py for tasks to queue
[2024-06-14T16:31:01.942-0300] {logging_mixin.py:188} INFO - [2024-06-14T16:31:01.942-0300] {dagbag.py:545} INFO - Filling up the DagBag from /home/maira/projeto_indicium_engineering/venv/lib/python3.10/site-packages/airflow/example_dags/plugins/event_listener.py
[2024-06-14T16:31:01.944-0300] {processor.py:842} WARNING - No viable dags retrieved from /home/maira/projeto_indicium_engineering/venv/lib/python3.10/site-packages/airflow/example_dags/plugins/event_listener.py
[2024-06-14T16:31:01.952-0300] {processor.py:183} INFO - Processing /home/maira/projeto_indicium_engineering/venv/lib/python3.10/site-packages/airflow/example_dags/plugins/event_listener.py took 0.016 seconds
[2024-06-14T16:31:57.971-0300] {processor.py:161} INFO - Started process (PID=86742) to work on /home/maira/projeto_indicium_engineering/venv/lib/python3.10/site-packages/airflow/example_dags/plugins/event_listener.py
[2024-06-14T16:31:57.973-0300] {processor.py:830} INFO - Processing file /home/maira/projeto_indicium_engineering/venv/lib/python3.10/site-packages/airflow/example_dags/plugins/event_listener.py for tasks to queue
[2024-06-14T16:31:57.975-0300] {logging_mixin.py:188} INFO - [2024-06-14T16:31:57.975-0300] {dagbag.py:545} INFO - Filling up the DagBag from /home/maira/projeto_indicium_engineering/venv/lib/python3.10/site-packages/airflow/example_dags/plugins/event_listener.py
[2024-06-14T16:31:57.977-0300] {processor.py:842} WARNING - No viable dags retrieved from /home/maira/projeto_indicium_engineering/venv/lib/python3.10/site-packages/airflow/example_dags/plugins/event_listener.py
[2024-06-14T16:31:57.984-0300] {processor.py:183} INFO - Processing /home/maira/projeto_indicium_engineering/venv/lib/python3.10/site-packages/airflow/example_dags/plugins/event_listener.py took 0.017 seconds
[2024-06-14T16:32:48.804-0300] {processor.py:161} INFO - Started process (PID=86992) to work on /home/maira/projeto_indicium_engineering/venv/lib/python3.10/site-packages/airflow/example_dags/plugins/event_listener.py
[2024-06-14T16:32:48.806-0300] {processor.py:830} INFO - Processing file /home/maira/projeto_indicium_engineering/venv/lib/python3.10/site-packages/airflow/example_dags/plugins/event_listener.py for tasks to queue
[2024-06-14T16:32:48.808-0300] {logging_mixin.py:188} INFO - [2024-06-14T16:32:48.807-0300] {dagbag.py:545} INFO - Filling up the DagBag from /home/maira/projeto_indicium_engineering/venv/lib/python3.10/site-packages/airflow/example_dags/plugins/event_listener.py
[2024-06-14T16:32:48.810-0300] {processor.py:842} WARNING - No viable dags retrieved from /home/maira/projeto_indicium_engineering/venv/lib/python3.10/site-packages/airflow/example_dags/plugins/event_listener.py
[2024-06-14T16:32:48.819-0300] {processor.py:183} INFO - Processing /home/maira/projeto_indicium_engineering/venv/lib/python3.10/site-packages/airflow/example_dags/plugins/event_listener.py took 0.019 seconds
[2024-06-14T16:33:40.518-0300] {processor.py:161} INFO - Started process (PID=87244) to work on /home/maira/projeto_indicium_engineering/venv/lib/python3.10/site-packages/airflow/example_dags/plugins/event_listener.py
[2024-06-14T16:33:40.519-0300] {processor.py:830} INFO - Processing file /home/maira/projeto_indicium_engineering/venv/lib/python3.10/site-packages/airflow/example_dags/plugins/event_listener.py for tasks to queue
[2024-06-14T16:33:40.521-0300] {logging_mixin.py:188} INFO - [2024-06-14T16:33:40.520-0300] {dagbag.py:545} INFO - Filling up the DagBag from /home/maira/projeto_indicium_engineering/venv/lib/python3.10/site-packages/airflow/example_dags/plugins/event_listener.py
[2024-06-14T16:33:40.524-0300] {processor.py:842} WARNING - No viable dags retrieved from /home/maira/projeto_indicium_engineering/venv/lib/python3.10/site-packages/airflow/example_dags/plugins/event_listener.py
[2024-06-14T16:33:40.531-0300] {processor.py:183} INFO - Processing /home/maira/projeto_indicium_engineering/venv/lib/python3.10/site-packages/airflow/example_dags/plugins/event_listener.py took 0.019 seconds
[2024-06-14T16:34:41.086-0300] {processor.py:161} INFO - Started process (PID=87543) to work on /home/maira/projeto_indicium_engineering/venv/lib/python3.10/site-packages/airflow/example_dags/plugins/event_listener.py
[2024-06-14T16:34:41.088-0300] {processor.py:830} INFO - Processing file /home/maira/projeto_indicium_engineering/venv/lib/python3.10/site-packages/airflow/example_dags/plugins/event_listener.py for tasks to queue
[2024-06-14T16:34:41.089-0300] {logging_mixin.py:188} INFO - [2024-06-14T16:34:41.089-0300] {dagbag.py:545} INFO - Filling up the DagBag from /home/maira/projeto_indicium_engineering/venv/lib/python3.10/site-packages/airflow/example_dags/plugins/event_listener.py
[2024-06-14T16:34:41.091-0300] {processor.py:842} WARNING - No viable dags retrieved from /home/maira/projeto_indicium_engineering/venv/lib/python3.10/site-packages/airflow/example_dags/plugins/event_listener.py
[2024-06-14T16:34:41.101-0300] {processor.py:183} INFO - Processing /home/maira/projeto_indicium_engineering/venv/lib/python3.10/site-packages/airflow/example_dags/plugins/event_listener.py took 0.021 seconds
[2024-06-14T16:35:36.515-0300] {processor.py:161} INFO - Started process (PID=87823) to work on /home/maira/projeto_indicium_engineering/venv/lib/python3.10/site-packages/airflow/example_dags/plugins/event_listener.py
[2024-06-14T16:35:36.520-0300] {processor.py:830} INFO - Processing file /home/maira/projeto_indicium_engineering/venv/lib/python3.10/site-packages/airflow/example_dags/plugins/event_listener.py for tasks to queue
[2024-06-14T16:35:36.521-0300] {logging_mixin.py:188} INFO - [2024-06-14T16:35:36.520-0300] {dagbag.py:545} INFO - Filling up the DagBag from /home/maira/projeto_indicium_engineering/venv/lib/python3.10/site-packages/airflow/example_dags/plugins/event_listener.py
[2024-06-14T16:35:36.522-0300] {processor.py:842} WARNING - No viable dags retrieved from /home/maira/projeto_indicium_engineering/venv/lib/python3.10/site-packages/airflow/example_dags/plugins/event_listener.py
[2024-06-14T16:35:36.530-0300] {processor.py:183} INFO - Processing /home/maira/projeto_indicium_engineering/venv/lib/python3.10/site-packages/airflow/example_dags/plugins/event_listener.py took 0.020 seconds
[2024-06-14T16:36:37.123-0300] {processor.py:161} INFO - Started process (PID=88123) to work on /home/maira/projeto_indicium_engineering/venv/lib/python3.10/site-packages/airflow/example_dags/plugins/event_listener.py
[2024-06-14T16:36:37.124-0300] {processor.py:830} INFO - Processing file /home/maira/projeto_indicium_engineering/venv/lib/python3.10/site-packages/airflow/example_dags/plugins/event_listener.py for tasks to queue
[2024-06-14T16:36:37.126-0300] {logging_mixin.py:188} INFO - [2024-06-14T16:36:37.125-0300] {dagbag.py:545} INFO - Filling up the DagBag from /home/maira/projeto_indicium_engineering/venv/lib/python3.10/site-packages/airflow/example_dags/plugins/event_listener.py
[2024-06-14T16:36:37.128-0300] {processor.py:842} WARNING - No viable dags retrieved from /home/maira/projeto_indicium_engineering/venv/lib/python3.10/site-packages/airflow/example_dags/plugins/event_listener.py
[2024-06-14T16:36:37.140-0300] {processor.py:183} INFO - Processing /home/maira/projeto_indicium_engineering/venv/lib/python3.10/site-packages/airflow/example_dags/plugins/event_listener.py took 0.023 seconds
[2024-06-14T16:37:33.695-0300] {processor.py:161} INFO - Started process (PID=88404) to work on /home/maira/projeto_indicium_engineering/venv/lib/python3.10/site-packages/airflow/example_dags/plugins/event_listener.py
[2024-06-14T16:37:33.724-0300] {processor.py:830} INFO - Processing file /home/maira/projeto_indicium_engineering/venv/lib/python3.10/site-packages/airflow/example_dags/plugins/event_listener.py for tasks to queue
[2024-06-14T16:37:33.725-0300] {logging_mixin.py:188} INFO - [2024-06-14T16:37:33.725-0300] {dagbag.py:545} INFO - Filling up the DagBag from /home/maira/projeto_indicium_engineering/venv/lib/python3.10/site-packages/airflow/example_dags/plugins/event_listener.py
[2024-06-14T16:37:33.727-0300] {processor.py:842} WARNING - No viable dags retrieved from /home/maira/projeto_indicium_engineering/venv/lib/python3.10/site-packages/airflow/example_dags/plugins/event_listener.py
[2024-06-14T16:37:33.734-0300] {processor.py:183} INFO - Processing /home/maira/projeto_indicium_engineering/venv/lib/python3.10/site-packages/airflow/example_dags/plugins/event_listener.py took 0.044 seconds
[2024-06-14T16:38:42.853-0300] {processor.py:161} INFO - Started process (PID=88743) to work on /home/maira/projeto_indicium_engineering/venv/lib/python3.10/site-packages/airflow/example_dags/plugins/event_listener.py
[2024-06-14T16:38:42.856-0300] {processor.py:830} INFO - Processing file /home/maira/projeto_indicium_engineering/venv/lib/python3.10/site-packages/airflow/example_dags/plugins/event_listener.py for tasks to queue
[2024-06-14T16:38:42.857-0300] {logging_mixin.py:188} INFO - [2024-06-14T16:38:42.857-0300] {dagbag.py:545} INFO - Filling up the DagBag from /home/maira/projeto_indicium_engineering/venv/lib/python3.10/site-packages/airflow/example_dags/plugins/event_listener.py
[2024-06-14T16:38:42.860-0300] {processor.py:842} WARNING - No viable dags retrieved from /home/maira/projeto_indicium_engineering/venv/lib/python3.10/site-packages/airflow/example_dags/plugins/event_listener.py
[2024-06-14T16:38:42.867-0300] {processor.py:183} INFO - Processing /home/maira/projeto_indicium_engineering/venv/lib/python3.10/site-packages/airflow/example_dags/plugins/event_listener.py took 0.019 seconds
[2024-06-14T16:39:44.778-0300] {processor.py:161} INFO - Started process (PID=89049) to work on /home/maira/projeto_indicium_engineering/venv/lib/python3.10/site-packages/airflow/example_dags/plugins/event_listener.py
[2024-06-14T16:39:44.781-0300] {processor.py:830} INFO - Processing file /home/maira/projeto_indicium_engineering/venv/lib/python3.10/site-packages/airflow/example_dags/plugins/event_listener.py for tasks to queue
[2024-06-14T16:39:44.782-0300] {logging_mixin.py:188} INFO - [2024-06-14T16:39:44.782-0300] {dagbag.py:545} INFO - Filling up the DagBag from /home/maira/projeto_indicium_engineering/venv/lib/python3.10/site-packages/airflow/example_dags/plugins/event_listener.py
[2024-06-14T16:39:44.783-0300] {processor.py:842} WARNING - No viable dags retrieved from /home/maira/projeto_indicium_engineering/venv/lib/python3.10/site-packages/airflow/example_dags/plugins/event_listener.py
[2024-06-14T16:39:44.791-0300] {processor.py:183} INFO - Processing /home/maira/projeto_indicium_engineering/venv/lib/python3.10/site-packages/airflow/example_dags/plugins/event_listener.py took 0.017 seconds
[2024-06-14T16:40:40.550-0300] {processor.py:161} INFO - Started process (PID=89326) to work on /home/maira/projeto_indicium_engineering/venv/lib/python3.10/site-packages/airflow/example_dags/plugins/event_listener.py
[2024-06-14T16:40:40.555-0300] {processor.py:830} INFO - Processing file /home/maira/projeto_indicium_engineering/venv/lib/python3.10/site-packages/airflow/example_dags/plugins/event_listener.py for tasks to queue
[2024-06-14T16:40:40.557-0300] {logging_mixin.py:188} INFO - [2024-06-14T16:40:40.556-0300] {dagbag.py:545} INFO - Filling up the DagBag from /home/maira/projeto_indicium_engineering/venv/lib/python3.10/site-packages/airflow/example_dags/plugins/event_listener.py
[2024-06-14T16:40:40.558-0300] {processor.py:842} WARNING - No viable dags retrieved from /home/maira/projeto_indicium_engineering/venv/lib/python3.10/site-packages/airflow/example_dags/plugins/event_listener.py
[2024-06-14T16:40:40.566-0300] {processor.py:183} INFO - Processing /home/maira/projeto_indicium_engineering/venv/lib/python3.10/site-packages/airflow/example_dags/plugins/event_listener.py took 0.020 seconds
[2024-06-14T16:41:37.777-0300] {processor.py:161} INFO - Started process (PID=89611) to work on /home/maira/projeto_indicium_engineering/venv/lib/python3.10/site-packages/airflow/example_dags/plugins/event_listener.py
[2024-06-14T16:41:37.779-0300] {processor.py:830} INFO - Processing file /home/maira/projeto_indicium_engineering/venv/lib/python3.10/site-packages/airflow/example_dags/plugins/event_listener.py for tasks to queue
[2024-06-14T16:41:37.781-0300] {logging_mixin.py:188} INFO - [2024-06-14T16:41:37.781-0300] {dagbag.py:545} INFO - Filling up the DagBag from /home/maira/projeto_indicium_engineering/venv/lib/python3.10/site-packages/airflow/example_dags/plugins/event_listener.py
[2024-06-14T16:41:37.783-0300] {processor.py:842} WARNING - No viable dags retrieved from /home/maira/projeto_indicium_engineering/venv/lib/python3.10/site-packages/airflow/example_dags/plugins/event_listener.py
[2024-06-14T16:41:37.792-0300] {processor.py:183} INFO - Processing /home/maira/projeto_indicium_engineering/venv/lib/python3.10/site-packages/airflow/example_dags/plugins/event_listener.py took 0.020 seconds
[2024-06-14T16:42:38.932-0300] {processor.py:161} INFO - Started process (PID=89912) to work on /home/maira/projeto_indicium_engineering/venv/lib/python3.10/site-packages/airflow/example_dags/plugins/event_listener.py
[2024-06-14T16:42:38.934-0300] {processor.py:830} INFO - Processing file /home/maira/projeto_indicium_engineering/venv/lib/python3.10/site-packages/airflow/example_dags/plugins/event_listener.py for tasks to queue
[2024-06-14T16:42:38.936-0300] {logging_mixin.py:188} INFO - [2024-06-14T16:42:38.936-0300] {dagbag.py:545} INFO - Filling up the DagBag from /home/maira/projeto_indicium_engineering/venv/lib/python3.10/site-packages/airflow/example_dags/plugins/event_listener.py
[2024-06-14T16:42:38.937-0300] {processor.py:842} WARNING - No viable dags retrieved from /home/maira/projeto_indicium_engineering/venv/lib/python3.10/site-packages/airflow/example_dags/plugins/event_listener.py
[2024-06-14T16:42:38.945-0300] {processor.py:183} INFO - Processing /home/maira/projeto_indicium_engineering/venv/lib/python3.10/site-packages/airflow/example_dags/plugins/event_listener.py took 0.018 seconds
[2024-06-14T16:43:36.282-0300] {processor.py:161} INFO - Started process (PID=90198) to work on /home/maira/projeto_indicium_engineering/venv/lib/python3.10/site-packages/airflow/example_dags/plugins/event_listener.py
[2024-06-14T16:43:36.284-0300] {processor.py:830} INFO - Processing file /home/maira/projeto_indicium_engineering/venv/lib/python3.10/site-packages/airflow/example_dags/plugins/event_listener.py for tasks to queue
[2024-06-14T16:43:36.285-0300] {logging_mixin.py:188} INFO - [2024-06-14T16:43:36.284-0300] {dagbag.py:545} INFO - Filling up the DagBag from /home/maira/projeto_indicium_engineering/venv/lib/python3.10/site-packages/airflow/example_dags/plugins/event_listener.py
[2024-06-14T16:43:36.288-0300] {processor.py:842} WARNING - No viable dags retrieved from /home/maira/projeto_indicium_engineering/venv/lib/python3.10/site-packages/airflow/example_dags/plugins/event_listener.py
[2024-06-14T16:43:36.296-0300] {processor.py:183} INFO - Processing /home/maira/projeto_indicium_engineering/venv/lib/python3.10/site-packages/airflow/example_dags/plugins/event_listener.py took 0.019 seconds
[2024-06-14T16:44:38.062-0300] {processor.py:161} INFO - Started process (PID=90504) to work on /home/maira/projeto_indicium_engineering/venv/lib/python3.10/site-packages/airflow/example_dags/plugins/event_listener.py
[2024-06-14T16:44:38.064-0300] {processor.py:830} INFO - Processing file /home/maira/projeto_indicium_engineering/venv/lib/python3.10/site-packages/airflow/example_dags/plugins/event_listener.py for tasks to queue
[2024-06-14T16:44:38.066-0300] {logging_mixin.py:188} INFO - [2024-06-14T16:44:38.066-0300] {dagbag.py:545} INFO - Filling up the DagBag from /home/maira/projeto_indicium_engineering/venv/lib/python3.10/site-packages/airflow/example_dags/plugins/event_listener.py
[2024-06-14T16:44:38.068-0300] {processor.py:842} WARNING - No viable dags retrieved from /home/maira/projeto_indicium_engineering/venv/lib/python3.10/site-packages/airflow/example_dags/plugins/event_listener.py
[2024-06-14T16:44:38.075-0300] {processor.py:183} INFO - Processing /home/maira/projeto_indicium_engineering/venv/lib/python3.10/site-packages/airflow/example_dags/plugins/event_listener.py took 0.018 seconds
[2024-06-14T16:45:36.830-0300] {processor.py:161} INFO - Started process (PID=90798) to work on /home/maira/projeto_indicium_engineering/venv/lib/python3.10/site-packages/airflow/example_dags/plugins/event_listener.py
[2024-06-14T16:45:36.834-0300] {processor.py:830} INFO - Processing file /home/maira/projeto_indicium_engineering/venv/lib/python3.10/site-packages/airflow/example_dags/plugins/event_listener.py for tasks to queue
[2024-06-14T16:45:36.836-0300] {logging_mixin.py:188} INFO - [2024-06-14T16:45:36.835-0300] {dagbag.py:545} INFO - Filling up the DagBag from /home/maira/projeto_indicium_engineering/venv/lib/python3.10/site-packages/airflow/example_dags/plugins/event_listener.py
[2024-06-14T16:45:36.838-0300] {processor.py:842} WARNING - No viable dags retrieved from /home/maira/projeto_indicium_engineering/venv/lib/python3.10/site-packages/airflow/example_dags/plugins/event_listener.py
[2024-06-14T16:45:36.847-0300] {processor.py:183} INFO - Processing /home/maira/projeto_indicium_engineering/venv/lib/python3.10/site-packages/airflow/example_dags/plugins/event_listener.py took 0.023 seconds
[2024-06-14T16:46:38.803-0300] {processor.py:161} INFO - Started process (PID=91104) to work on /home/maira/projeto_indicium_engineering/venv/lib/python3.10/site-packages/airflow/example_dags/plugins/event_listener.py
[2024-06-14T16:46:38.806-0300] {processor.py:830} INFO - Processing file /home/maira/projeto_indicium_engineering/venv/lib/python3.10/site-packages/airflow/example_dags/plugins/event_listener.py for tasks to queue
[2024-06-14T16:46:38.807-0300] {logging_mixin.py:188} INFO - [2024-06-14T16:46:38.807-0300] {dagbag.py:545} INFO - Filling up the DagBag from /home/maira/projeto_indicium_engineering/venv/lib/python3.10/site-packages/airflow/example_dags/plugins/event_listener.py
[2024-06-14T16:46:38.809-0300] {processor.py:842} WARNING - No viable dags retrieved from /home/maira/projeto_indicium_engineering/venv/lib/python3.10/site-packages/airflow/example_dags/plugins/event_listener.py
[2024-06-14T16:46:38.816-0300] {processor.py:183} INFO - Processing /home/maira/projeto_indicium_engineering/venv/lib/python3.10/site-packages/airflow/example_dags/plugins/event_listener.py took 0.018 seconds
[2024-06-14T16:47:36.218-0300] {processor.py:161} INFO - Started process (PID=91390) to work on /home/maira/projeto_indicium_engineering/venv/lib/python3.10/site-packages/airflow/example_dags/plugins/event_listener.py
[2024-06-14T16:47:36.220-0300] {processor.py:830} INFO - Processing file /home/maira/projeto_indicium_engineering/venv/lib/python3.10/site-packages/airflow/example_dags/plugins/event_listener.py for tasks to queue
[2024-06-14T16:47:36.221-0300] {logging_mixin.py:188} INFO - [2024-06-14T16:47:36.221-0300] {dagbag.py:545} INFO - Filling up the DagBag from /home/maira/projeto_indicium_engineering/venv/lib/python3.10/site-packages/airflow/example_dags/plugins/event_listener.py
[2024-06-14T16:47:36.222-0300] {processor.py:842} WARNING - No viable dags retrieved from /home/maira/projeto_indicium_engineering/venv/lib/python3.10/site-packages/airflow/example_dags/plugins/event_listener.py
[2024-06-14T16:47:36.230-0300] {processor.py:183} INFO - Processing /home/maira/projeto_indicium_engineering/venv/lib/python3.10/site-packages/airflow/example_dags/plugins/event_listener.py took 0.017 seconds
[2024-06-14T16:48:36.792-0300] {processor.py:161} INFO - Started process (PID=91690) to work on /home/maira/projeto_indicium_engineering/venv/lib/python3.10/site-packages/airflow/example_dags/plugins/event_listener.py
[2024-06-14T16:48:36.794-0300] {processor.py:830} INFO - Processing file /home/maira/projeto_indicium_engineering/venv/lib/python3.10/site-packages/airflow/example_dags/plugins/event_listener.py for tasks to queue
[2024-06-14T16:48:36.796-0300] {logging_mixin.py:188} INFO - [2024-06-14T16:48:36.795-0300] {dagbag.py:545} INFO - Filling up the DagBag from /home/maira/projeto_indicium_engineering/venv/lib/python3.10/site-packages/airflow/example_dags/plugins/event_listener.py
[2024-06-14T16:48:36.798-0300] {processor.py:842} WARNING - No viable dags retrieved from /home/maira/projeto_indicium_engineering/venv/lib/python3.10/site-packages/airflow/example_dags/plugins/event_listener.py
[2024-06-14T16:48:36.806-0300] {processor.py:183} INFO - Processing /home/maira/projeto_indicium_engineering/venv/lib/python3.10/site-packages/airflow/example_dags/plugins/event_listener.py took 0.018 seconds
[2024-06-14T16:49:33.667-0300] {processor.py:161} INFO - Started process (PID=91972) to work on /home/maira/projeto_indicium_engineering/venv/lib/python3.10/site-packages/airflow/example_dags/plugins/event_listener.py
[2024-06-14T16:49:33.668-0300] {processor.py:830} INFO - Processing file /home/maira/projeto_indicium_engineering/venv/lib/python3.10/site-packages/airflow/example_dags/plugins/event_listener.py for tasks to queue
[2024-06-14T16:49:33.670-0300] {logging_mixin.py:188} INFO - [2024-06-14T16:49:33.669-0300] {dagbag.py:545} INFO - Filling up the DagBag from /home/maira/projeto_indicium_engineering/venv/lib/python3.10/site-packages/airflow/example_dags/plugins/event_listener.py
[2024-06-14T16:49:33.672-0300] {processor.py:842} WARNING - No viable dags retrieved from /home/maira/projeto_indicium_engineering/venv/lib/python3.10/site-packages/airflow/example_dags/plugins/event_listener.py
[2024-06-14T16:49:33.681-0300] {processor.py:183} INFO - Processing /home/maira/projeto_indicium_engineering/venv/lib/python3.10/site-packages/airflow/example_dags/plugins/event_listener.py took 0.019 seconds
[2024-06-14T16:50:33.839-0300] {processor.py:161} INFO - Started process (PID=92268) to work on /home/maira/projeto_indicium_engineering/venv/lib/python3.10/site-packages/airflow/example_dags/plugins/event_listener.py
[2024-06-14T16:50:33.842-0300] {processor.py:830} INFO - Processing file /home/maira/projeto_indicium_engineering/venv/lib/python3.10/site-packages/airflow/example_dags/plugins/event_listener.py for tasks to queue
[2024-06-14T16:50:33.844-0300] {logging_mixin.py:188} INFO - [2024-06-14T16:50:33.843-0300] {dagbag.py:545} INFO - Filling up the DagBag from /home/maira/projeto_indicium_engineering/venv/lib/python3.10/site-packages/airflow/example_dags/plugins/event_listener.py
[2024-06-14T16:50:33.845-0300] {processor.py:842} WARNING - No viable dags retrieved from /home/maira/projeto_indicium_engineering/venv/lib/python3.10/site-packages/airflow/example_dags/plugins/event_listener.py
[2024-06-14T16:50:33.853-0300] {processor.py:183} INFO - Processing /home/maira/projeto_indicium_engineering/venv/lib/python3.10/site-packages/airflow/example_dags/plugins/event_listener.py took 0.019 seconds
[2024-06-14T16:51:40.975-0300] {processor.py:161} INFO - Started process (PID=92599) to work on /home/maira/projeto_indicium_engineering/venv/lib/python3.10/site-packages/airflow/example_dags/plugins/event_listener.py
[2024-06-14T16:51:40.977-0300] {processor.py:830} INFO - Processing file /home/maira/projeto_indicium_engineering/venv/lib/python3.10/site-packages/airflow/example_dags/plugins/event_listener.py for tasks to queue
[2024-06-14T16:51:40.979-0300] {logging_mixin.py:188} INFO - [2024-06-14T16:51:40.978-0300] {dagbag.py:545} INFO - Filling up the DagBag from /home/maira/projeto_indicium_engineering/venv/lib/python3.10/site-packages/airflow/example_dags/plugins/event_listener.py
[2024-06-14T16:51:40.982-0300] {processor.py:842} WARNING - No viable dags retrieved from /home/maira/projeto_indicium_engineering/venv/lib/python3.10/site-packages/airflow/example_dags/plugins/event_listener.py
[2024-06-14T16:51:40.991-0300] {processor.py:183} INFO - Processing /home/maira/projeto_indicium_engineering/venv/lib/python3.10/site-packages/airflow/example_dags/plugins/event_listener.py took 0.021 seconds
[2024-06-14T16:52:42.546-0300] {processor.py:161} INFO - Started process (PID=92903) to work on /home/maira/projeto_indicium_engineering/venv/lib/python3.10/site-packages/airflow/example_dags/plugins/event_listener.py
[2024-06-14T16:52:42.547-0300] {processor.py:830} INFO - Processing file /home/maira/projeto_indicium_engineering/venv/lib/python3.10/site-packages/airflow/example_dags/plugins/event_listener.py for tasks to queue
[2024-06-14T16:52:42.548-0300] {logging_mixin.py:188} INFO - [2024-06-14T16:52:42.548-0300] {dagbag.py:545} INFO - Filling up the DagBag from /home/maira/projeto_indicium_engineering/venv/lib/python3.10/site-packages/airflow/example_dags/plugins/event_listener.py
[2024-06-14T16:52:42.551-0300] {processor.py:842} WARNING - No viable dags retrieved from /home/maira/projeto_indicium_engineering/venv/lib/python3.10/site-packages/airflow/example_dags/plugins/event_listener.py
[2024-06-14T16:52:42.559-0300] {processor.py:183} INFO - Processing /home/maira/projeto_indicium_engineering/venv/lib/python3.10/site-packages/airflow/example_dags/plugins/event_listener.py took 0.019 seconds
[2024-06-14T16:53:44.444-0300] {processor.py:161} INFO - Started process (PID=93209) to work on /home/maira/projeto_indicium_engineering/venv/lib/python3.10/site-packages/airflow/example_dags/plugins/event_listener.py
[2024-06-14T16:53:44.446-0300] {processor.py:830} INFO - Processing file /home/maira/projeto_indicium_engineering/venv/lib/python3.10/site-packages/airflow/example_dags/plugins/event_listener.py for tasks to queue
[2024-06-14T16:53:44.448-0300] {logging_mixin.py:188} INFO - [2024-06-14T16:53:44.447-0300] {dagbag.py:545} INFO - Filling up the DagBag from /home/maira/projeto_indicium_engineering/venv/lib/python3.10/site-packages/airflow/example_dags/plugins/event_listener.py
[2024-06-14T16:53:44.451-0300] {processor.py:842} WARNING - No viable dags retrieved from /home/maira/projeto_indicium_engineering/venv/lib/python3.10/site-packages/airflow/example_dags/plugins/event_listener.py
[2024-06-14T16:53:44.459-0300] {processor.py:183} INFO - Processing /home/maira/projeto_indicium_engineering/venv/lib/python3.10/site-packages/airflow/example_dags/plugins/event_listener.py took 0.020 seconds
[2024-06-14T16:54:47.444-0300] {processor.py:161} INFO - Started process (PID=93520) to work on /home/maira/projeto_indicium_engineering/venv/lib/python3.10/site-packages/airflow/example_dags/plugins/event_listener.py
[2024-06-14T16:54:47.446-0300] {processor.py:830} INFO - Processing file /home/maira/projeto_indicium_engineering/venv/lib/python3.10/site-packages/airflow/example_dags/plugins/event_listener.py for tasks to queue
[2024-06-14T16:54:47.447-0300] {logging_mixin.py:188} INFO - [2024-06-14T16:54:47.447-0300] {dagbag.py:545} INFO - Filling up the DagBag from /home/maira/projeto_indicium_engineering/venv/lib/python3.10/site-packages/airflow/example_dags/plugins/event_listener.py
[2024-06-14T16:54:47.451-0300] {processor.py:842} WARNING - No viable dags retrieved from /home/maira/projeto_indicium_engineering/venv/lib/python3.10/site-packages/airflow/example_dags/plugins/event_listener.py
[2024-06-14T16:54:47.459-0300] {processor.py:183} INFO - Processing /home/maira/projeto_indicium_engineering/venv/lib/python3.10/site-packages/airflow/example_dags/plugins/event_listener.py took 0.020 seconds
[2024-06-14T17:20:44.271-0300] {processor.py:161} INFO - Started process (PID=93900) to work on /home/maira/projeto_indicium_engineering/venv/lib/python3.10/site-packages/airflow/example_dags/plugins/event_listener.py
[2024-06-14T17:20:44.273-0300] {processor.py:830} INFO - Processing file /home/maira/projeto_indicium_engineering/venv/lib/python3.10/site-packages/airflow/example_dags/plugins/event_listener.py for tasks to queue
[2024-06-14T17:20:44.274-0300] {logging_mixin.py:188} INFO - [2024-06-14T17:20:44.274-0300] {dagbag.py:545} INFO - Filling up the DagBag from /home/maira/projeto_indicium_engineering/venv/lib/python3.10/site-packages/airflow/example_dags/plugins/event_listener.py
[2024-06-14T17:20:44.277-0300] {processor.py:842} WARNING - No viable dags retrieved from /home/maira/projeto_indicium_engineering/venv/lib/python3.10/site-packages/airflow/example_dags/plugins/event_listener.py
[2024-06-14T17:20:44.286-0300] {processor.py:183} INFO - Processing /home/maira/projeto_indicium_engineering/venv/lib/python3.10/site-packages/airflow/example_dags/plugins/event_listener.py took 0.020 seconds
[2024-06-14T17:21:34.051-0300] {processor.py:161} INFO - Started process (PID=94147) to work on /home/maira/projeto_indicium_engineering/venv/lib/python3.10/site-packages/airflow/example_dags/plugins/event_listener.py
[2024-06-14T17:21:34.053-0300] {processor.py:830} INFO - Processing file /home/maira/projeto_indicium_engineering/venv/lib/python3.10/site-packages/airflow/example_dags/plugins/event_listener.py for tasks to queue
[2024-06-14T17:21:34.055-0300] {logging_mixin.py:188} INFO - [2024-06-14T17:21:34.055-0300] {dagbag.py:545} INFO - Filling up the DagBag from /home/maira/projeto_indicium_engineering/venv/lib/python3.10/site-packages/airflow/example_dags/plugins/event_listener.py
[2024-06-14T17:21:34.057-0300] {processor.py:842} WARNING - No viable dags retrieved from /home/maira/projeto_indicium_engineering/venv/lib/python3.10/site-packages/airflow/example_dags/plugins/event_listener.py
[2024-06-14T17:21:34.064-0300] {processor.py:183} INFO - Processing /home/maira/projeto_indicium_engineering/venv/lib/python3.10/site-packages/airflow/example_dags/plugins/event_listener.py took 0.018 seconds
[2024-06-14T17:22:34.149-0300] {processor.py:161} INFO - Started process (PID=94444) to work on /home/maira/projeto_indicium_engineering/venv/lib/python3.10/site-packages/airflow/example_dags/plugins/event_listener.py
[2024-06-14T17:22:34.151-0300] {processor.py:830} INFO - Processing file /home/maira/projeto_indicium_engineering/venv/lib/python3.10/site-packages/airflow/example_dags/plugins/event_listener.py for tasks to queue
[2024-06-14T17:22:34.152-0300] {logging_mixin.py:188} INFO - [2024-06-14T17:22:34.152-0300] {dagbag.py:545} INFO - Filling up the DagBag from /home/maira/projeto_indicium_engineering/venv/lib/python3.10/site-packages/airflow/example_dags/plugins/event_listener.py
[2024-06-14T17:22:34.154-0300] {processor.py:842} WARNING - No viable dags retrieved from /home/maira/projeto_indicium_engineering/venv/lib/python3.10/site-packages/airflow/example_dags/plugins/event_listener.py
[2024-06-14T17:22:34.161-0300] {processor.py:183} INFO - Processing /home/maira/projeto_indicium_engineering/venv/lib/python3.10/site-packages/airflow/example_dags/plugins/event_listener.py took 0.017 seconds
[2024-06-14T17:23:33.734-0300] {processor.py:161} INFO - Started process (PID=94739) to work on /home/maira/projeto_indicium_engineering/venv/lib/python3.10/site-packages/airflow/example_dags/plugins/event_listener.py
[2024-06-14T17:23:33.736-0300] {processor.py:830} INFO - Processing file /home/maira/projeto_indicium_engineering/venv/lib/python3.10/site-packages/airflow/example_dags/plugins/event_listener.py for tasks to queue
[2024-06-14T17:23:33.738-0300] {logging_mixin.py:188} INFO - [2024-06-14T17:23:33.737-0300] {dagbag.py:545} INFO - Filling up the DagBag from /home/maira/projeto_indicium_engineering/venv/lib/python3.10/site-packages/airflow/example_dags/plugins/event_listener.py
[2024-06-14T17:23:33.740-0300] {processor.py:842} WARNING - No viable dags retrieved from /home/maira/projeto_indicium_engineering/venv/lib/python3.10/site-packages/airflow/example_dags/plugins/event_listener.py
[2024-06-14T17:23:33.748-0300] {processor.py:183} INFO - Processing /home/maira/projeto_indicium_engineering/venv/lib/python3.10/site-packages/airflow/example_dags/plugins/event_listener.py took 0.018 seconds
[2024-06-14T17:24:36.199-0300] {processor.py:161} INFO - Started process (PID=95047) to work on /home/maira/projeto_indicium_engineering/venv/lib/python3.10/site-packages/airflow/example_dags/plugins/event_listener.py
[2024-06-14T17:24:36.200-0300] {processor.py:830} INFO - Processing file /home/maira/projeto_indicium_engineering/venv/lib/python3.10/site-packages/airflow/example_dags/plugins/event_listener.py for tasks to queue
[2024-06-14T17:24:36.202-0300] {logging_mixin.py:188} INFO - [2024-06-14T17:24:36.202-0300] {dagbag.py:545} INFO - Filling up the DagBag from /home/maira/projeto_indicium_engineering/venv/lib/python3.10/site-packages/airflow/example_dags/plugins/event_listener.py
[2024-06-14T17:24:36.204-0300] {processor.py:842} WARNING - No viable dags retrieved from /home/maira/projeto_indicium_engineering/venv/lib/python3.10/site-packages/airflow/example_dags/plugins/event_listener.py
[2024-06-14T17:24:36.211-0300] {processor.py:183} INFO - Processing /home/maira/projeto_indicium_engineering/venv/lib/python3.10/site-packages/airflow/example_dags/plugins/event_listener.py took 0.017 seconds
[2024-06-14T17:25:45.260-0300] {processor.py:161} INFO - Started process (PID=95385) to work on /home/maira/projeto_indicium_engineering/venv/lib/python3.10/site-packages/airflow/example_dags/plugins/event_listener.py
[2024-06-14T17:25:45.262-0300] {processor.py:830} INFO - Processing file /home/maira/projeto_indicium_engineering/venv/lib/python3.10/site-packages/airflow/example_dags/plugins/event_listener.py for tasks to queue
[2024-06-14T17:25:45.264-0300] {logging_mixin.py:188} INFO - [2024-06-14T17:25:45.263-0300] {dagbag.py:545} INFO - Filling up the DagBag from /home/maira/projeto_indicium_engineering/venv/lib/python3.10/site-packages/airflow/example_dags/plugins/event_listener.py
[2024-06-14T17:25:45.265-0300] {processor.py:842} WARNING - No viable dags retrieved from /home/maira/projeto_indicium_engineering/venv/lib/python3.10/site-packages/airflow/example_dags/plugins/event_listener.py
[2024-06-14T17:25:45.274-0300] {processor.py:183} INFO - Processing /home/maira/projeto_indicium_engineering/venv/lib/python3.10/site-packages/airflow/example_dags/plugins/event_listener.py took 0.019 seconds
[2024-06-14T17:26:38.418-0300] {processor.py:161} INFO - Started process (PID=95651) to work on /home/maira/projeto_indicium_engineering/venv/lib/python3.10/site-packages/airflow/example_dags/plugins/event_listener.py
[2024-06-14T17:26:38.422-0300] {processor.py:830} INFO - Processing file /home/maira/projeto_indicium_engineering/venv/lib/python3.10/site-packages/airflow/example_dags/plugins/event_listener.py for tasks to queue
[2024-06-14T17:26:38.423-0300] {logging_mixin.py:188} INFO - [2024-06-14T17:26:38.423-0300] {dagbag.py:545} INFO - Filling up the DagBag from /home/maira/projeto_indicium_engineering/venv/lib/python3.10/site-packages/airflow/example_dags/plugins/event_listener.py
[2024-06-14T17:26:38.426-0300] {processor.py:842} WARNING - No viable dags retrieved from /home/maira/projeto_indicium_engineering/venv/lib/python3.10/site-packages/airflow/example_dags/plugins/event_listener.py
[2024-06-14T17:26:38.437-0300] {processor.py:183} INFO - Processing /home/maira/projeto_indicium_engineering/venv/lib/python3.10/site-packages/airflow/example_dags/plugins/event_listener.py took 0.026 seconds
[2024-06-14T17:27:40.050-0300] {processor.py:161} INFO - Started process (PID=95956) to work on /home/maira/projeto_indicium_engineering/venv/lib/python3.10/site-packages/airflow/example_dags/plugins/event_listener.py
[2024-06-14T17:27:40.052-0300] {processor.py:830} INFO - Processing file /home/maira/projeto_indicium_engineering/venv/lib/python3.10/site-packages/airflow/example_dags/plugins/event_listener.py for tasks to queue
[2024-06-14T17:27:40.053-0300] {logging_mixin.py:188} INFO - [2024-06-14T17:27:40.053-0300] {dagbag.py:545} INFO - Filling up the DagBag from /home/maira/projeto_indicium_engineering/venv/lib/python3.10/site-packages/airflow/example_dags/plugins/event_listener.py
[2024-06-14T17:27:40.056-0300] {processor.py:842} WARNING - No viable dags retrieved from /home/maira/projeto_indicium_engineering/venv/lib/python3.10/site-packages/airflow/example_dags/plugins/event_listener.py
[2024-06-14T17:27:40.064-0300] {processor.py:183} INFO - Processing /home/maira/projeto_indicium_engineering/venv/lib/python3.10/site-packages/airflow/example_dags/plugins/event_listener.py took 0.019 seconds
[2024-06-14T17:28:38.332-0300] {processor.py:161} INFO - Started process (PID=96245) to work on /home/maira/projeto_indicium_engineering/venv/lib/python3.10/site-packages/airflow/example_dags/plugins/event_listener.py
[2024-06-14T17:28:38.334-0300] {processor.py:830} INFO - Processing file /home/maira/projeto_indicium_engineering/venv/lib/python3.10/site-packages/airflow/example_dags/plugins/event_listener.py for tasks to queue
[2024-06-14T17:28:38.335-0300] {logging_mixin.py:188} INFO - [2024-06-14T17:28:38.335-0300] {dagbag.py:545} INFO - Filling up the DagBag from /home/maira/projeto_indicium_engineering/venv/lib/python3.10/site-packages/airflow/example_dags/plugins/event_listener.py
[2024-06-14T17:28:38.338-0300] {processor.py:842} WARNING - No viable dags retrieved from /home/maira/projeto_indicium_engineering/venv/lib/python3.10/site-packages/airflow/example_dags/plugins/event_listener.py
[2024-06-14T17:28:38.345-0300] {processor.py:183} INFO - Processing /home/maira/projeto_indicium_engineering/venv/lib/python3.10/site-packages/airflow/example_dags/plugins/event_listener.py took 0.018 seconds
[2024-06-14T17:29:33.352-0300] {processor.py:161} INFO - Started process (PID=96519) to work on /home/maira/projeto_indicium_engineering/venv/lib/python3.10/site-packages/airflow/example_dags/plugins/event_listener.py
[2024-06-14T17:29:33.354-0300] {processor.py:830} INFO - Processing file /home/maira/projeto_indicium_engineering/venv/lib/python3.10/site-packages/airflow/example_dags/plugins/event_listener.py for tasks to queue
[2024-06-14T17:29:33.355-0300] {logging_mixin.py:188} INFO - [2024-06-14T17:29:33.355-0300] {dagbag.py:545} INFO - Filling up the DagBag from /home/maira/projeto_indicium_engineering/venv/lib/python3.10/site-packages/airflow/example_dags/plugins/event_listener.py
[2024-06-14T17:29:33.358-0300] {processor.py:842} WARNING - No viable dags retrieved from /home/maira/projeto_indicium_engineering/venv/lib/python3.10/site-packages/airflow/example_dags/plugins/event_listener.py
[2024-06-14T17:29:33.365-0300] {processor.py:183} INFO - Processing /home/maira/projeto_indicium_engineering/venv/lib/python3.10/site-packages/airflow/example_dags/plugins/event_listener.py took 0.017 seconds
[2024-06-14T17:30:35.038-0300] {processor.py:161} INFO - Started process (PID=96826) to work on /home/maira/projeto_indicium_engineering/venv/lib/python3.10/site-packages/airflow/example_dags/plugins/event_listener.py
[2024-06-14T17:30:35.040-0300] {processor.py:830} INFO - Processing file /home/maira/projeto_indicium_engineering/venv/lib/python3.10/site-packages/airflow/example_dags/plugins/event_listener.py for tasks to queue
[2024-06-14T17:30:35.042-0300] {logging_mixin.py:188} INFO - [2024-06-14T17:30:35.042-0300] {dagbag.py:545} INFO - Filling up the DagBag from /home/maira/projeto_indicium_engineering/venv/lib/python3.10/site-packages/airflow/example_dags/plugins/event_listener.py
[2024-06-14T17:30:35.044-0300] {processor.py:842} WARNING - No viable dags retrieved from /home/maira/projeto_indicium_engineering/venv/lib/python3.10/site-packages/airflow/example_dags/plugins/event_listener.py
[2024-06-14T17:30:35.054-0300] {processor.py:183} INFO - Processing /home/maira/projeto_indicium_engineering/venv/lib/python3.10/site-packages/airflow/example_dags/plugins/event_listener.py took 0.023 seconds
[2024-06-14T17:31:39.487-0300] {processor.py:161} INFO - Started process (PID=97142) to work on /home/maira/projeto_indicium_engineering/venv/lib/python3.10/site-packages/airflow/example_dags/plugins/event_listener.py
[2024-06-14T17:31:39.488-0300] {processor.py:830} INFO - Processing file /home/maira/projeto_indicium_engineering/venv/lib/python3.10/site-packages/airflow/example_dags/plugins/event_listener.py for tasks to queue
[2024-06-14T17:31:39.490-0300] {logging_mixin.py:188} INFO - [2024-06-14T17:31:39.490-0300] {dagbag.py:545} INFO - Filling up the DagBag from /home/maira/projeto_indicium_engineering/venv/lib/python3.10/site-packages/airflow/example_dags/plugins/event_listener.py
[2024-06-14T17:31:39.492-0300] {processor.py:842} WARNING - No viable dags retrieved from /home/maira/projeto_indicium_engineering/venv/lib/python3.10/site-packages/airflow/example_dags/plugins/event_listener.py
[2024-06-14T17:31:39.500-0300] {processor.py:183} INFO - Processing /home/maira/projeto_indicium_engineering/venv/lib/python3.10/site-packages/airflow/example_dags/plugins/event_listener.py took 0.018 seconds
[2024-06-14T17:32:45.446-0300] {processor.py:161} INFO - Started process (PID=97466) to work on /home/maira/projeto_indicium_engineering/venv/lib/python3.10/site-packages/airflow/example_dags/plugins/event_listener.py
[2024-06-14T17:32:45.448-0300] {processor.py:830} INFO - Processing file /home/maira/projeto_indicium_engineering/venv/lib/python3.10/site-packages/airflow/example_dags/plugins/event_listener.py for tasks to queue
[2024-06-14T17:32:45.449-0300] {logging_mixin.py:188} INFO - [2024-06-14T17:32:45.449-0300] {dagbag.py:545} INFO - Filling up the DagBag from /home/maira/projeto_indicium_engineering/venv/lib/python3.10/site-packages/airflow/example_dags/plugins/event_listener.py
[2024-06-14T17:32:45.452-0300] {processor.py:842} WARNING - No viable dags retrieved from /home/maira/projeto_indicium_engineering/venv/lib/python3.10/site-packages/airflow/example_dags/plugins/event_listener.py
[2024-06-14T17:32:45.460-0300] {processor.py:183} INFO - Processing /home/maira/projeto_indicium_engineering/venv/lib/python3.10/site-packages/airflow/example_dags/plugins/event_listener.py took 0.018 seconds
[2024-06-14T17:33:46.283-0300] {processor.py:161} INFO - Started process (PID=97768) to work on /home/maira/projeto_indicium_engineering/venv/lib/python3.10/site-packages/airflow/example_dags/plugins/event_listener.py
[2024-06-14T17:33:46.285-0300] {processor.py:830} INFO - Processing file /home/maira/projeto_indicium_engineering/venv/lib/python3.10/site-packages/airflow/example_dags/plugins/event_listener.py for tasks to queue
[2024-06-14T17:33:46.287-0300] {logging_mixin.py:188} INFO - [2024-06-14T17:33:46.286-0300] {dagbag.py:545} INFO - Filling up the DagBag from /home/maira/projeto_indicium_engineering/venv/lib/python3.10/site-packages/airflow/example_dags/plugins/event_listener.py
[2024-06-14T17:33:46.289-0300] {processor.py:842} WARNING - No viable dags retrieved from /home/maira/projeto_indicium_engineering/venv/lib/python3.10/site-packages/airflow/example_dags/plugins/event_listener.py
[2024-06-14T17:33:46.297-0300] {processor.py:183} INFO - Processing /home/maira/projeto_indicium_engineering/venv/lib/python3.10/site-packages/airflow/example_dags/plugins/event_listener.py took 0.018 seconds
[2024-06-14T17:34:42.127-0300] {processor.py:161} INFO - Started process (PID=98046) to work on /home/maira/projeto_indicium_engineering/venv/lib/python3.10/site-packages/airflow/example_dags/plugins/event_listener.py
[2024-06-14T17:34:42.129-0300] {processor.py:830} INFO - Processing file /home/maira/projeto_indicium_engineering/venv/lib/python3.10/site-packages/airflow/example_dags/plugins/event_listener.py for tasks to queue
[2024-06-14T17:34:42.131-0300] {logging_mixin.py:188} INFO - [2024-06-14T17:34:42.131-0300] {dagbag.py:545} INFO - Filling up the DagBag from /home/maira/projeto_indicium_engineering/venv/lib/python3.10/site-packages/airflow/example_dags/plugins/event_listener.py
[2024-06-14T17:34:42.133-0300] {processor.py:842} WARNING - No viable dags retrieved from /home/maira/projeto_indicium_engineering/venv/lib/python3.10/site-packages/airflow/example_dags/plugins/event_listener.py
[2024-06-14T17:34:42.140-0300] {processor.py:183} INFO - Processing /home/maira/projeto_indicium_engineering/venv/lib/python3.10/site-packages/airflow/example_dags/plugins/event_listener.py took 0.018 seconds
[2024-06-14T17:35:42.024-0300] {processor.py:161} INFO - Started process (PID=98345) to work on /home/maira/projeto_indicium_engineering/venv/lib/python3.10/site-packages/airflow/example_dags/plugins/event_listener.py
[2024-06-14T17:35:42.028-0300] {processor.py:830} INFO - Processing file /home/maira/projeto_indicium_engineering/venv/lib/python3.10/site-packages/airflow/example_dags/plugins/event_listener.py for tasks to queue
[2024-06-14T17:35:42.029-0300] {logging_mixin.py:188} INFO - [2024-06-14T17:35:42.029-0300] {dagbag.py:545} INFO - Filling up the DagBag from /home/maira/projeto_indicium_engineering/venv/lib/python3.10/site-packages/airflow/example_dags/plugins/event_listener.py
[2024-06-14T17:35:42.031-0300] {processor.py:842} WARNING - No viable dags retrieved from /home/maira/projeto_indicium_engineering/venv/lib/python3.10/site-packages/airflow/example_dags/plugins/event_listener.py
[2024-06-14T17:35:42.039-0300] {processor.py:183} INFO - Processing /home/maira/projeto_indicium_engineering/venv/lib/python3.10/site-packages/airflow/example_dags/plugins/event_listener.py took 0.020 seconds
[2024-06-14T17:36:44.529-0300] {processor.py:161} INFO - Started process (PID=98653) to work on /home/maira/projeto_indicium_engineering/venv/lib/python3.10/site-packages/airflow/example_dags/plugins/event_listener.py
[2024-06-14T17:36:44.530-0300] {processor.py:830} INFO - Processing file /home/maira/projeto_indicium_engineering/venv/lib/python3.10/site-packages/airflow/example_dags/plugins/event_listener.py for tasks to queue
[2024-06-14T17:36:44.532-0300] {logging_mixin.py:188} INFO - [2024-06-14T17:36:44.531-0300] {dagbag.py:545} INFO - Filling up the DagBag from /home/maira/projeto_indicium_engineering/venv/lib/python3.10/site-packages/airflow/example_dags/plugins/event_listener.py
[2024-06-14T17:36:44.535-0300] {processor.py:842} WARNING - No viable dags retrieved from /home/maira/projeto_indicium_engineering/venv/lib/python3.10/site-packages/airflow/example_dags/plugins/event_listener.py
[2024-06-14T17:36:44.542-0300] {processor.py:183} INFO - Processing /home/maira/projeto_indicium_engineering/venv/lib/python3.10/site-packages/airflow/example_dags/plugins/event_listener.py took 0.018 seconds
[2024-06-14T17:37:43.245-0300] {processor.py:161} INFO - Started process (PID=98946) to work on /home/maira/projeto_indicium_engineering/venv/lib/python3.10/site-packages/airflow/example_dags/plugins/event_listener.py
[2024-06-14T17:37:43.246-0300] {processor.py:830} INFO - Processing file /home/maira/projeto_indicium_engineering/venv/lib/python3.10/site-packages/airflow/example_dags/plugins/event_listener.py for tasks to queue
[2024-06-14T17:37:43.249-0300] {logging_mixin.py:188} INFO - [2024-06-14T17:37:43.248-0300] {dagbag.py:545} INFO - Filling up the DagBag from /home/maira/projeto_indicium_engineering/venv/lib/python3.10/site-packages/airflow/example_dags/plugins/event_listener.py
[2024-06-14T17:37:43.251-0300] {processor.py:842} WARNING - No viable dags retrieved from /home/maira/projeto_indicium_engineering/venv/lib/python3.10/site-packages/airflow/example_dags/plugins/event_listener.py
[2024-06-14T17:37:43.263-0300] {processor.py:183} INFO - Processing /home/maira/projeto_indicium_engineering/venv/lib/python3.10/site-packages/airflow/example_dags/plugins/event_listener.py took 0.023 seconds
[2024-06-14T17:38:42.630-0300] {processor.py:161} INFO - Started process (PID=99240) to work on /home/maira/projeto_indicium_engineering/venv/lib/python3.10/site-packages/airflow/example_dags/plugins/event_listener.py
[2024-06-14T17:38:42.632-0300] {processor.py:830} INFO - Processing file /home/maira/projeto_indicium_engineering/venv/lib/python3.10/site-packages/airflow/example_dags/plugins/event_listener.py for tasks to queue
[2024-06-14T17:38:42.634-0300] {logging_mixin.py:188} INFO - [2024-06-14T17:38:42.634-0300] {dagbag.py:545} INFO - Filling up the DagBag from /home/maira/projeto_indicium_engineering/venv/lib/python3.10/site-packages/airflow/example_dags/plugins/event_listener.py
[2024-06-14T17:38:42.637-0300] {processor.py:842} WARNING - No viable dags retrieved from /home/maira/projeto_indicium_engineering/venv/lib/python3.10/site-packages/airflow/example_dags/plugins/event_listener.py
[2024-06-14T17:38:42.644-0300] {processor.py:183} INFO - Processing /home/maira/projeto_indicium_engineering/venv/lib/python3.10/site-packages/airflow/example_dags/plugins/event_listener.py took 0.019 seconds
[2024-06-14T17:39:41.467-0300] {processor.py:161} INFO - Started process (PID=99533) to work on /home/maira/projeto_indicium_engineering/venv/lib/python3.10/site-packages/airflow/example_dags/plugins/event_listener.py
[2024-06-14T17:39:41.469-0300] {processor.py:830} INFO - Processing file /home/maira/projeto_indicium_engineering/venv/lib/python3.10/site-packages/airflow/example_dags/plugins/event_listener.py for tasks to queue
[2024-06-14T17:39:41.471-0300] {logging_mixin.py:188} INFO - [2024-06-14T17:39:41.471-0300] {dagbag.py:545} INFO - Filling up the DagBag from /home/maira/projeto_indicium_engineering/venv/lib/python3.10/site-packages/airflow/example_dags/plugins/event_listener.py
[2024-06-14T17:39:41.472-0300] {processor.py:842} WARNING - No viable dags retrieved from /home/maira/projeto_indicium_engineering/venv/lib/python3.10/site-packages/airflow/example_dags/plugins/event_listener.py
[2024-06-14T17:39:41.480-0300] {processor.py:183} INFO - Processing /home/maira/projeto_indicium_engineering/venv/lib/python3.10/site-packages/airflow/example_dags/plugins/event_listener.py took 0.018 seconds
[2024-06-14T17:40:40.727-0300] {processor.py:161} INFO - Started process (PID=99827) to work on /home/maira/projeto_indicium_engineering/venv/lib/python3.10/site-packages/airflow/example_dags/plugins/event_listener.py
[2024-06-14T17:40:40.729-0300] {processor.py:830} INFO - Processing file /home/maira/projeto_indicium_engineering/venv/lib/python3.10/site-packages/airflow/example_dags/plugins/event_listener.py for tasks to queue
[2024-06-14T17:40:40.731-0300] {logging_mixin.py:188} INFO - [2024-06-14T17:40:40.730-0300] {dagbag.py:545} INFO - Filling up the DagBag from /home/maira/projeto_indicium_engineering/venv/lib/python3.10/site-packages/airflow/example_dags/plugins/event_listener.py
[2024-06-14T17:40:40.732-0300] {processor.py:842} WARNING - No viable dags retrieved from /home/maira/projeto_indicium_engineering/venv/lib/python3.10/site-packages/airflow/example_dags/plugins/event_listener.py
[2024-06-14T17:40:40.740-0300] {processor.py:183} INFO - Processing /home/maira/projeto_indicium_engineering/venv/lib/python3.10/site-packages/airflow/example_dags/plugins/event_listener.py took 0.018 seconds
[2024-06-14T17:41:45.782-0300] {processor.py:161} INFO - Started process (PID=100146) to work on /home/maira/projeto_indicium_engineering/venv/lib/python3.10/site-packages/airflow/example_dags/plugins/event_listener.py
[2024-06-14T17:41:45.785-0300] {processor.py:830} INFO - Processing file /home/maira/projeto_indicium_engineering/venv/lib/python3.10/site-packages/airflow/example_dags/plugins/event_listener.py for tasks to queue
[2024-06-14T17:41:45.786-0300] {logging_mixin.py:188} INFO - [2024-06-14T17:41:45.786-0300] {dagbag.py:545} INFO - Filling up the DagBag from /home/maira/projeto_indicium_engineering/venv/lib/python3.10/site-packages/airflow/example_dags/plugins/event_listener.py
[2024-06-14T17:41:45.790-0300] {processor.py:842} WARNING - No viable dags retrieved from /home/maira/projeto_indicium_engineering/venv/lib/python3.10/site-packages/airflow/example_dags/plugins/event_listener.py
[2024-06-14T17:41:45.797-0300] {processor.py:183} INFO - Processing /home/maira/projeto_indicium_engineering/venv/lib/python3.10/site-packages/airflow/example_dags/plugins/event_listener.py took 0.020 seconds
[2024-06-14T17:42:44.518-0300] {processor.py:161} INFO - Started process (PID=100438) to work on /home/maira/projeto_indicium_engineering/venv/lib/python3.10/site-packages/airflow/example_dags/plugins/event_listener.py
[2024-06-14T17:42:44.520-0300] {processor.py:830} INFO - Processing file /home/maira/projeto_indicium_engineering/venv/lib/python3.10/site-packages/airflow/example_dags/plugins/event_listener.py for tasks to queue
[2024-06-14T17:42:44.521-0300] {logging_mixin.py:188} INFO - [2024-06-14T17:42:44.521-0300] {dagbag.py:545} INFO - Filling up the DagBag from /home/maira/projeto_indicium_engineering/venv/lib/python3.10/site-packages/airflow/example_dags/plugins/event_listener.py
[2024-06-14T17:42:44.525-0300] {processor.py:842} WARNING - No viable dags retrieved from /home/maira/projeto_indicium_engineering/venv/lib/python3.10/site-packages/airflow/example_dags/plugins/event_listener.py
[2024-06-14T17:42:44.535-0300] {processor.py:183} INFO - Processing /home/maira/projeto_indicium_engineering/venv/lib/python3.10/site-packages/airflow/example_dags/plugins/event_listener.py took 0.023 seconds
[2024-06-14T17:43:42.664-0300] {processor.py:161} INFO - Started process (PID=100727) to work on /home/maira/projeto_indicium_engineering/venv/lib/python3.10/site-packages/airflow/example_dags/plugins/event_listener.py
[2024-06-14T17:43:42.665-0300] {processor.py:830} INFO - Processing file /home/maira/projeto_indicium_engineering/venv/lib/python3.10/site-packages/airflow/example_dags/plugins/event_listener.py for tasks to queue
[2024-06-14T17:43:42.667-0300] {logging_mixin.py:188} INFO - [2024-06-14T17:43:42.667-0300] {dagbag.py:545} INFO - Filling up the DagBag from /home/maira/projeto_indicium_engineering/venv/lib/python3.10/site-packages/airflow/example_dags/plugins/event_listener.py
[2024-06-14T17:43:42.668-0300] {processor.py:842} WARNING - No viable dags retrieved from /home/maira/projeto_indicium_engineering/venv/lib/python3.10/site-packages/airflow/example_dags/plugins/event_listener.py
[2024-06-14T17:43:42.676-0300] {processor.py:183} INFO - Processing /home/maira/projeto_indicium_engineering/venv/lib/python3.10/site-packages/airflow/example_dags/plugins/event_listener.py took 0.017 seconds
[2024-06-14T17:44:39.333-0300] {processor.py:161} INFO - Started process (PID=101009) to work on /home/maira/projeto_indicium_engineering/venv/lib/python3.10/site-packages/airflow/example_dags/plugins/event_listener.py
[2024-06-14T17:44:39.335-0300] {processor.py:830} INFO - Processing file /home/maira/projeto_indicium_engineering/venv/lib/python3.10/site-packages/airflow/example_dags/plugins/event_listener.py for tasks to queue
[2024-06-14T17:44:39.336-0300] {logging_mixin.py:188} INFO - [2024-06-14T17:44:39.336-0300] {dagbag.py:545} INFO - Filling up the DagBag from /home/maira/projeto_indicium_engineering/venv/lib/python3.10/site-packages/airflow/example_dags/plugins/event_listener.py
[2024-06-14T17:44:39.340-0300] {processor.py:842} WARNING - No viable dags retrieved from /home/maira/projeto_indicium_engineering/venv/lib/python3.10/site-packages/airflow/example_dags/plugins/event_listener.py
[2024-06-14T17:44:39.348-0300] {processor.py:183} INFO - Processing /home/maira/projeto_indicium_engineering/venv/lib/python3.10/site-packages/airflow/example_dags/plugins/event_listener.py took 0.020 seconds
[2024-06-14T17:45:38.805-0300] {processor.py:161} INFO - Started process (PID=101307) to work on /home/maira/projeto_indicium_engineering/venv/lib/python3.10/site-packages/airflow/example_dags/plugins/event_listener.py
[2024-06-14T17:45:38.810-0300] {processor.py:830} INFO - Processing file /home/maira/projeto_indicium_engineering/venv/lib/python3.10/site-packages/airflow/example_dags/plugins/event_listener.py for tasks to queue
[2024-06-14T17:45:38.812-0300] {logging_mixin.py:188} INFO - [2024-06-14T17:45:38.812-0300] {dagbag.py:545} INFO - Filling up the DagBag from /home/maira/projeto_indicium_engineering/venv/lib/python3.10/site-packages/airflow/example_dags/plugins/event_listener.py
[2024-06-14T17:45:38.813-0300] {processor.py:842} WARNING - No viable dags retrieved from /home/maira/projeto_indicium_engineering/venv/lib/python3.10/site-packages/airflow/example_dags/plugins/event_listener.py
[2024-06-14T17:45:38.821-0300] {processor.py:183} INFO - Processing /home/maira/projeto_indicium_engineering/venv/lib/python3.10/site-packages/airflow/example_dags/plugins/event_listener.py took 0.021 seconds
[2024-06-14T17:46:41.733-0300] {processor.py:161} INFO - Started process (PID=101617) to work on /home/maira/projeto_indicium_engineering/venv/lib/python3.10/site-packages/airflow/example_dags/plugins/event_listener.py
[2024-06-14T17:46:41.734-0300] {processor.py:830} INFO - Processing file /home/maira/projeto_indicium_engineering/venv/lib/python3.10/site-packages/airflow/example_dags/plugins/event_listener.py for tasks to queue
[2024-06-14T17:46:41.736-0300] {logging_mixin.py:188} INFO - [2024-06-14T17:46:41.735-0300] {dagbag.py:545} INFO - Filling up the DagBag from /home/maira/projeto_indicium_engineering/venv/lib/python3.10/site-packages/airflow/example_dags/plugins/event_listener.py
[2024-06-14T17:46:41.738-0300] {processor.py:842} WARNING - No viable dags retrieved from /home/maira/projeto_indicium_engineering/venv/lib/python3.10/site-packages/airflow/example_dags/plugins/event_listener.py
[2024-06-14T17:46:41.747-0300] {processor.py:183} INFO - Processing /home/maira/projeto_indicium_engineering/venv/lib/python3.10/site-packages/airflow/example_dags/plugins/event_listener.py took 0.019 seconds
[2024-06-14T17:47:37.873-0300] {processor.py:161} INFO - Started process (PID=101898) to work on /home/maira/projeto_indicium_engineering/venv/lib/python3.10/site-packages/airflow/example_dags/plugins/event_listener.py
[2024-06-14T17:47:37.876-0300] {processor.py:830} INFO - Processing file /home/maira/projeto_indicium_engineering/venv/lib/python3.10/site-packages/airflow/example_dags/plugins/event_listener.py for tasks to queue
[2024-06-14T17:47:37.877-0300] {logging_mixin.py:188} INFO - [2024-06-14T17:47:37.877-0300] {dagbag.py:545} INFO - Filling up the DagBag from /home/maira/projeto_indicium_engineering/venv/lib/python3.10/site-packages/airflow/example_dags/plugins/event_listener.py
[2024-06-14T17:47:37.881-0300] {processor.py:842} WARNING - No viable dags retrieved from /home/maira/projeto_indicium_engineering/venv/lib/python3.10/site-packages/airflow/example_dags/plugins/event_listener.py
[2024-06-14T17:47:37.889-0300] {processor.py:183} INFO - Processing /home/maira/projeto_indicium_engineering/venv/lib/python3.10/site-packages/airflow/example_dags/plugins/event_listener.py took 0.020 seconds
[2024-06-14T17:48:41.153-0300] {processor.py:161} INFO - Started process (PID=102209) to work on /home/maira/projeto_indicium_engineering/venv/lib/python3.10/site-packages/airflow/example_dags/plugins/event_listener.py
[2024-06-14T17:48:41.158-0300] {processor.py:830} INFO - Processing file /home/maira/projeto_indicium_engineering/venv/lib/python3.10/site-packages/airflow/example_dags/plugins/event_listener.py for tasks to queue
[2024-06-14T17:48:41.160-0300] {logging_mixin.py:188} INFO - [2024-06-14T17:48:41.159-0300] {dagbag.py:545} INFO - Filling up the DagBag from /home/maira/projeto_indicium_engineering/venv/lib/python3.10/site-packages/airflow/example_dags/plugins/event_listener.py
[2024-06-14T17:48:41.162-0300] {processor.py:842} WARNING - No viable dags retrieved from /home/maira/projeto_indicium_engineering/venv/lib/python3.10/site-packages/airflow/example_dags/plugins/event_listener.py
[2024-06-14T17:48:41.170-0300] {processor.py:183} INFO - Processing /home/maira/projeto_indicium_engineering/venv/lib/python3.10/site-packages/airflow/example_dags/plugins/event_listener.py took 0.021 seconds
[2024-06-14T17:49:44.691-0300] {processor.py:161} INFO - Started process (PID=102524) to work on /home/maira/projeto_indicium_engineering/venv/lib/python3.10/site-packages/airflow/example_dags/plugins/event_listener.py
[2024-06-14T17:49:44.692-0300] {processor.py:830} INFO - Processing file /home/maira/projeto_indicium_engineering/venv/lib/python3.10/site-packages/airflow/example_dags/plugins/event_listener.py for tasks to queue
[2024-06-14T17:49:44.694-0300] {logging_mixin.py:188} INFO - [2024-06-14T17:49:44.693-0300] {dagbag.py:545} INFO - Filling up the DagBag from /home/maira/projeto_indicium_engineering/venv/lib/python3.10/site-packages/airflow/example_dags/plugins/event_listener.py
[2024-06-14T17:49:44.697-0300] {processor.py:842} WARNING - No viable dags retrieved from /home/maira/projeto_indicium_engineering/venv/lib/python3.10/site-packages/airflow/example_dags/plugins/event_listener.py
[2024-06-14T17:49:44.705-0300] {processor.py:183} INFO - Processing /home/maira/projeto_indicium_engineering/venv/lib/python3.10/site-packages/airflow/example_dags/plugins/event_listener.py took 0.019 seconds
[2024-06-14T17:50:46.420-0300] {processor.py:161} INFO - Started process (PID=102829) to work on /home/maira/projeto_indicium_engineering/venv/lib/python3.10/site-packages/airflow/example_dags/plugins/event_listener.py
[2024-06-14T17:50:46.422-0300] {processor.py:830} INFO - Processing file /home/maira/projeto_indicium_engineering/venv/lib/python3.10/site-packages/airflow/example_dags/plugins/event_listener.py for tasks to queue
[2024-06-14T17:50:46.423-0300] {logging_mixin.py:188} INFO - [2024-06-14T17:50:46.423-0300] {dagbag.py:545} INFO - Filling up the DagBag from /home/maira/projeto_indicium_engineering/venv/lib/python3.10/site-packages/airflow/example_dags/plugins/event_listener.py
[2024-06-14T17:50:46.426-0300] {processor.py:842} WARNING - No viable dags retrieved from /home/maira/projeto_indicium_engineering/venv/lib/python3.10/site-packages/airflow/example_dags/plugins/event_listener.py
[2024-06-14T17:50:46.435-0300] {processor.py:183} INFO - Processing /home/maira/projeto_indicium_engineering/venv/lib/python3.10/site-packages/airflow/example_dags/plugins/event_listener.py took 0.019 seconds
[2024-06-14T20:52:11.055-0300] {processor.py:161} INFO - Started process (PID=103614) to work on /home/maira/projeto_indicium_engineering/venv/lib/python3.10/site-packages/airflow/example_dags/plugins/event_listener.py
[2024-06-14T20:52:11.056-0300] {processor.py:830} INFO - Processing file /home/maira/projeto_indicium_engineering/venv/lib/python3.10/site-packages/airflow/example_dags/plugins/event_listener.py for tasks to queue
[2024-06-14T20:52:11.058-0300] {logging_mixin.py:188} INFO - [2024-06-14T20:52:11.057-0300] {dagbag.py:545} INFO - Filling up the DagBag from /home/maira/projeto_indicium_engineering/venv/lib/python3.10/site-packages/airflow/example_dags/plugins/event_listener.py
[2024-06-14T20:52:11.061-0300] {processor.py:842} WARNING - No viable dags retrieved from /home/maira/projeto_indicium_engineering/venv/lib/python3.10/site-packages/airflow/example_dags/plugins/event_listener.py
[2024-06-14T20:52:11.069-0300] {processor.py:183} INFO - Processing /home/maira/projeto_indicium_engineering/venv/lib/python3.10/site-packages/airflow/example_dags/plugins/event_listener.py took 0.019 seconds
[2024-06-14T20:53:10.787-0300] {processor.py:161} INFO - Started process (PID=103899) to work on /home/maira/projeto_indicium_engineering/venv/lib/python3.10/site-packages/airflow/example_dags/plugins/event_listener.py
[2024-06-14T20:53:10.788-0300] {processor.py:830} INFO - Processing file /home/maira/projeto_indicium_engineering/venv/lib/python3.10/site-packages/airflow/example_dags/plugins/event_listener.py for tasks to queue
[2024-06-14T20:53:10.789-0300] {logging_mixin.py:188} INFO - [2024-06-14T20:53:10.789-0300] {dagbag.py:545} INFO - Filling up the DagBag from /home/maira/projeto_indicium_engineering/venv/lib/python3.10/site-packages/airflow/example_dags/plugins/event_listener.py
[2024-06-14T20:53:10.791-0300] {processor.py:842} WARNING - No viable dags retrieved from /home/maira/projeto_indicium_engineering/venv/lib/python3.10/site-packages/airflow/example_dags/plugins/event_listener.py
[2024-06-14T20:53:10.799-0300] {processor.py:183} INFO - Processing /home/maira/projeto_indicium_engineering/venv/lib/python3.10/site-packages/airflow/example_dags/plugins/event_listener.py took 0.017 seconds
