[2024-06-14T16:31:03.076-0300] {processor.py:161} INFO - Started process (PID=86476) to work on /home/maira/projeto_indicium_engineering/venv/lib/python3.10/site-packages/airflow/example_dags/plugins/listener_plugin.py
[2024-06-14T16:31:03.077-0300] {processor.py:830} INFO - Processing file /home/maira/projeto_indicium_engineering/venv/lib/python3.10/site-packages/airflow/example_dags/plugins/listener_plugin.py for tasks to queue
[2024-06-14T16:31:03.078-0300] {logging_mixin.py:188} INFO - [2024-06-14T16:31:03.078-0300] {dagbag.py:545} INFO - Filling up the DagBag from /home/maira/projeto_indicium_engineering/venv/lib/python3.10/site-packages/airflow/example_dags/plugins/listener_plugin.py
[2024-06-14T16:31:03.080-0300] {processor.py:842} WARNING - No viable dags retrieved from /home/maira/projeto_indicium_engineering/venv/lib/python3.10/site-packages/airflow/example_dags/plugins/listener_plugin.py
[2024-06-14T16:31:03.087-0300] {processor.py:183} INFO - Processing /home/maira/projeto_indicium_engineering/venv/lib/python3.10/site-packages/airflow/example_dags/plugins/listener_plugin.py took 0.015 seconds
[2024-06-14T16:31:59.106-0300] {processor.py:161} INFO - Started process (PID=86747) to work on /home/maira/projeto_indicium_engineering/venv/lib/python3.10/site-packages/airflow/example_dags/plugins/listener_plugin.py
[2024-06-14T16:31:59.109-0300] {processor.py:830} INFO - Processing file /home/maira/projeto_indicium_engineering/venv/lib/python3.10/site-packages/airflow/example_dags/plugins/listener_plugin.py for tasks to queue
[2024-06-14T16:31:59.110-0300] {logging_mixin.py:188} INFO - [2024-06-14T16:31:59.110-0300] {dagbag.py:545} INFO - Filling up the DagBag from /home/maira/projeto_indicium_engineering/venv/lib/python3.10/site-packages/airflow/example_dags/plugins/listener_plugin.py
[2024-06-14T16:31:59.112-0300] {processor.py:842} WARNING - No viable dags retrieved from /home/maira/projeto_indicium_engineering/venv/lib/python3.10/site-packages/airflow/example_dags/plugins/listener_plugin.py
[2024-06-14T16:31:59.119-0300] {processor.py:183} INFO - Processing /home/maira/projeto_indicium_engineering/venv/lib/python3.10/site-packages/airflow/example_dags/plugins/listener_plugin.py took 0.018 seconds
[2024-06-14T16:32:49.951-0300] {processor.py:161} INFO - Started process (PID=86997) to work on /home/maira/projeto_indicium_engineering/venv/lib/python3.10/site-packages/airflow/example_dags/plugins/listener_plugin.py
[2024-06-14T16:32:49.952-0300] {processor.py:830} INFO - Processing file /home/maira/projeto_indicium_engineering/venv/lib/python3.10/site-packages/airflow/example_dags/plugins/listener_plugin.py for tasks to queue
[2024-06-14T16:32:49.955-0300] {logging_mixin.py:188} INFO - [2024-06-14T16:32:49.954-0300] {dagbag.py:545} INFO - Filling up the DagBag from /home/maira/projeto_indicium_engineering/venv/lib/python3.10/site-packages/airflow/example_dags/plugins/listener_plugin.py
[2024-06-14T16:32:49.956-0300] {processor.py:842} WARNING - No viable dags retrieved from /home/maira/projeto_indicium_engineering/venv/lib/python3.10/site-packages/airflow/example_dags/plugins/listener_plugin.py
[2024-06-14T16:32:49.964-0300] {processor.py:183} INFO - Processing /home/maira/projeto_indicium_engineering/venv/lib/python3.10/site-packages/airflow/example_dags/plugins/listener_plugin.py took 0.017 seconds
[2024-06-14T16:33:41.658-0300] {processor.py:161} INFO - Started process (PID=87249) to work on /home/maira/projeto_indicium_engineering/venv/lib/python3.10/site-packages/airflow/example_dags/plugins/listener_plugin.py
[2024-06-14T16:33:41.660-0300] {processor.py:830} INFO - Processing file /home/maira/projeto_indicium_engineering/venv/lib/python3.10/site-packages/airflow/example_dags/plugins/listener_plugin.py for tasks to queue
[2024-06-14T16:33:41.661-0300] {logging_mixin.py:188} INFO - [2024-06-14T16:33:41.661-0300] {dagbag.py:545} INFO - Filling up the DagBag from /home/maira/projeto_indicium_engineering/venv/lib/python3.10/site-packages/airflow/example_dags/plugins/listener_plugin.py
[2024-06-14T16:33:41.666-0300] {processor.py:842} WARNING - No viable dags retrieved from /home/maira/projeto_indicium_engineering/venv/lib/python3.10/site-packages/airflow/example_dags/plugins/listener_plugin.py
[2024-06-14T16:33:41.674-0300] {processor.py:183} INFO - Processing /home/maira/projeto_indicium_engineering/venv/lib/python3.10/site-packages/airflow/example_dags/plugins/listener_plugin.py took 0.021 seconds
[2024-06-14T16:34:42.212-0300] {processor.py:161} INFO - Started process (PID=87549) to work on /home/maira/projeto_indicium_engineering/venv/lib/python3.10/site-packages/airflow/example_dags/plugins/listener_plugin.py
[2024-06-14T16:34:42.217-0300] {processor.py:830} INFO - Processing file /home/maira/projeto_indicium_engineering/venv/lib/python3.10/site-packages/airflow/example_dags/plugins/listener_plugin.py for tasks to queue
[2024-06-14T16:34:42.219-0300] {logging_mixin.py:188} INFO - [2024-06-14T16:34:42.219-0300] {dagbag.py:545} INFO - Filling up the DagBag from /home/maira/projeto_indicium_engineering/venv/lib/python3.10/site-packages/airflow/example_dags/plugins/listener_plugin.py
[2024-06-14T16:34:42.222-0300] {processor.py:842} WARNING - No viable dags retrieved from /home/maira/projeto_indicium_engineering/venv/lib/python3.10/site-packages/airflow/example_dags/plugins/listener_plugin.py
[2024-06-14T16:34:42.229-0300] {processor.py:183} INFO - Processing /home/maira/projeto_indicium_engineering/venv/lib/python3.10/site-packages/airflow/example_dags/plugins/listener_plugin.py took 0.022 seconds
[2024-06-14T16:35:37.491-0300] {processor.py:161} INFO - Started process (PID=87828) to work on /home/maira/projeto_indicium_engineering/venv/lib/python3.10/site-packages/airflow/example_dags/plugins/listener_plugin.py
[2024-06-14T16:35:37.493-0300] {processor.py:830} INFO - Processing file /home/maira/projeto_indicium_engineering/venv/lib/python3.10/site-packages/airflow/example_dags/plugins/listener_plugin.py for tasks to queue
[2024-06-14T16:35:37.494-0300] {logging_mixin.py:188} INFO - [2024-06-14T16:35:37.494-0300] {dagbag.py:545} INFO - Filling up the DagBag from /home/maira/projeto_indicium_engineering/venv/lib/python3.10/site-packages/airflow/example_dags/plugins/listener_plugin.py
[2024-06-14T16:35:37.496-0300] {processor.py:842} WARNING - No viable dags retrieved from /home/maira/projeto_indicium_engineering/venv/lib/python3.10/site-packages/airflow/example_dags/plugins/listener_plugin.py
[2024-06-14T16:35:37.504-0300] {processor.py:183} INFO - Processing /home/maira/projeto_indicium_engineering/venv/lib/python3.10/site-packages/airflow/example_dags/plugins/listener_plugin.py took 0.017 seconds
[2024-06-14T16:36:38.273-0300] {processor.py:161} INFO - Started process (PID=88129) to work on /home/maira/projeto_indicium_engineering/venv/lib/python3.10/site-packages/airflow/example_dags/plugins/listener_plugin.py
[2024-06-14T16:36:38.275-0300] {processor.py:830} INFO - Processing file /home/maira/projeto_indicium_engineering/venv/lib/python3.10/site-packages/airflow/example_dags/plugins/listener_plugin.py for tasks to queue
[2024-06-14T16:36:38.277-0300] {logging_mixin.py:188} INFO - [2024-06-14T16:36:38.276-0300] {dagbag.py:545} INFO - Filling up the DagBag from /home/maira/projeto_indicium_engineering/venv/lib/python3.10/site-packages/airflow/example_dags/plugins/listener_plugin.py
[2024-06-14T16:36:38.281-0300] {processor.py:842} WARNING - No viable dags retrieved from /home/maira/projeto_indicium_engineering/venv/lib/python3.10/site-packages/airflow/example_dags/plugins/listener_plugin.py
[2024-06-14T16:36:38.289-0300] {processor.py:183} INFO - Processing /home/maira/projeto_indicium_engineering/venv/lib/python3.10/site-packages/airflow/example_dags/plugins/listener_plugin.py took 0.021 seconds
[2024-06-14T16:37:37.078-0300] {processor.py:161} INFO - Started process (PID=88419) to work on /home/maira/projeto_indicium_engineering/venv/lib/python3.10/site-packages/airflow/example_dags/plugins/listener_plugin.py
[2024-06-14T16:37:37.095-0300] {processor.py:830} INFO - Processing file /home/maira/projeto_indicium_engineering/venv/lib/python3.10/site-packages/airflow/example_dags/plugins/listener_plugin.py for tasks to queue
[2024-06-14T16:37:37.097-0300] {logging_mixin.py:188} INFO - [2024-06-14T16:37:37.096-0300] {dagbag.py:545} INFO - Filling up the DagBag from /home/maira/projeto_indicium_engineering/venv/lib/python3.10/site-packages/airflow/example_dags/plugins/listener_plugin.py
[2024-06-14T16:37:37.099-0300] {processor.py:842} WARNING - No viable dags retrieved from /home/maira/projeto_indicium_engineering/venv/lib/python3.10/site-packages/airflow/example_dags/plugins/listener_plugin.py
[2024-06-14T16:37:37.110-0300] {processor.py:183} INFO - Processing /home/maira/projeto_indicium_engineering/venv/lib/python3.10/site-packages/airflow/example_dags/plugins/listener_plugin.py took 0.036 seconds
[2024-06-14T16:38:44.008-0300] {processor.py:161} INFO - Started process (PID=88749) to work on /home/maira/projeto_indicium_engineering/venv/lib/python3.10/site-packages/airflow/example_dags/plugins/listener_plugin.py
[2024-06-14T16:38:44.010-0300] {processor.py:830} INFO - Processing file /home/maira/projeto_indicium_engineering/venv/lib/python3.10/site-packages/airflow/example_dags/plugins/listener_plugin.py for tasks to queue
[2024-06-14T16:38:44.012-0300] {logging_mixin.py:188} INFO - [2024-06-14T16:38:44.012-0300] {dagbag.py:545} INFO - Filling up the DagBag from /home/maira/projeto_indicium_engineering/venv/lib/python3.10/site-packages/airflow/example_dags/plugins/listener_plugin.py
[2024-06-14T16:38:44.016-0300] {processor.py:842} WARNING - No viable dags retrieved from /home/maira/projeto_indicium_engineering/venv/lib/python3.10/site-packages/airflow/example_dags/plugins/listener_plugin.py
[2024-06-14T16:38:44.024-0300] {processor.py:183} INFO - Processing /home/maira/projeto_indicium_engineering/venv/lib/python3.10/site-packages/airflow/example_dags/plugins/listener_plugin.py took 0.021 seconds
[2024-06-14T16:39:45.918-0300] {processor.py:161} INFO - Started process (PID=89055) to work on /home/maira/projeto_indicium_engineering/venv/lib/python3.10/site-packages/airflow/example_dags/plugins/listener_plugin.py
[2024-06-14T16:39:45.923-0300] {processor.py:830} INFO - Processing file /home/maira/projeto_indicium_engineering/venv/lib/python3.10/site-packages/airflow/example_dags/plugins/listener_plugin.py for tasks to queue
[2024-06-14T16:39:45.925-0300] {logging_mixin.py:188} INFO - [2024-06-14T16:39:45.925-0300] {dagbag.py:545} INFO - Filling up the DagBag from /home/maira/projeto_indicium_engineering/venv/lib/python3.10/site-packages/airflow/example_dags/plugins/listener_plugin.py
[2024-06-14T16:39:45.927-0300] {processor.py:842} WARNING - No viable dags retrieved from /home/maira/projeto_indicium_engineering/venv/lib/python3.10/site-packages/airflow/example_dags/plugins/listener_plugin.py
[2024-06-14T16:39:45.934-0300] {processor.py:183} INFO - Processing /home/maira/projeto_indicium_engineering/venv/lib/python3.10/site-packages/airflow/example_dags/plugins/listener_plugin.py took 0.022 seconds
[2024-06-14T16:40:41.142-0300] {processor.py:161} INFO - Started process (PID=89329) to work on /home/maira/projeto_indicium_engineering/venv/lib/python3.10/site-packages/airflow/example_dags/plugins/listener_plugin.py
[2024-06-14T16:40:41.145-0300] {processor.py:830} INFO - Processing file /home/maira/projeto_indicium_engineering/venv/lib/python3.10/site-packages/airflow/example_dags/plugins/listener_plugin.py for tasks to queue
[2024-06-14T16:40:41.146-0300] {logging_mixin.py:188} INFO - [2024-06-14T16:40:41.146-0300] {dagbag.py:545} INFO - Filling up the DagBag from /home/maira/projeto_indicium_engineering/venv/lib/python3.10/site-packages/airflow/example_dags/plugins/listener_plugin.py
[2024-06-14T16:40:41.148-0300] {processor.py:842} WARNING - No viable dags retrieved from /home/maira/projeto_indicium_engineering/venv/lib/python3.10/site-packages/airflow/example_dags/plugins/listener_plugin.py
[2024-06-14T16:40:41.156-0300] {processor.py:183} INFO - Processing /home/maira/projeto_indicium_engineering/venv/lib/python3.10/site-packages/airflow/example_dags/plugins/listener_plugin.py took 0.018 seconds
[2024-06-14T16:41:38.933-0300] {processor.py:161} INFO - Started process (PID=89616) to work on /home/maira/projeto_indicium_engineering/venv/lib/python3.10/site-packages/airflow/example_dags/plugins/listener_plugin.py
[2024-06-14T16:41:38.936-0300] {processor.py:830} INFO - Processing file /home/maira/projeto_indicium_engineering/venv/lib/python3.10/site-packages/airflow/example_dags/plugins/listener_plugin.py for tasks to queue
[2024-06-14T16:41:38.937-0300] {logging_mixin.py:188} INFO - [2024-06-14T16:41:38.937-0300] {dagbag.py:545} INFO - Filling up the DagBag from /home/maira/projeto_indicium_engineering/venv/lib/python3.10/site-packages/airflow/example_dags/plugins/listener_plugin.py
[2024-06-14T16:41:38.942-0300] {processor.py:842} WARNING - No viable dags retrieved from /home/maira/projeto_indicium_engineering/venv/lib/python3.10/site-packages/airflow/example_dags/plugins/listener_plugin.py
[2024-06-14T16:41:38.950-0300] {processor.py:183} INFO - Processing /home/maira/projeto_indicium_engineering/venv/lib/python3.10/site-packages/airflow/example_dags/plugins/listener_plugin.py took 0.022 seconds
[2024-06-14T16:42:39.521-0300] {processor.py:161} INFO - Started process (PID=89916) to work on /home/maira/projeto_indicium_engineering/venv/lib/python3.10/site-packages/airflow/example_dags/plugins/listener_plugin.py
[2024-06-14T16:42:39.524-0300] {processor.py:830} INFO - Processing file /home/maira/projeto_indicium_engineering/venv/lib/python3.10/site-packages/airflow/example_dags/plugins/listener_plugin.py for tasks to queue
[2024-06-14T16:42:39.525-0300] {logging_mixin.py:188} INFO - [2024-06-14T16:42:39.525-0300] {dagbag.py:545} INFO - Filling up the DagBag from /home/maira/projeto_indicium_engineering/venv/lib/python3.10/site-packages/airflow/example_dags/plugins/listener_plugin.py
[2024-06-14T16:42:39.527-0300] {processor.py:842} WARNING - No viable dags retrieved from /home/maira/projeto_indicium_engineering/venv/lib/python3.10/site-packages/airflow/example_dags/plugins/listener_plugin.py
[2024-06-14T16:42:39.535-0300] {processor.py:183} INFO - Processing /home/maira/projeto_indicium_engineering/venv/lib/python3.10/site-packages/airflow/example_dags/plugins/listener_plugin.py took 0.018 seconds
[2024-06-14T16:43:37.439-0300] {processor.py:161} INFO - Started process (PID=90204) to work on /home/maira/projeto_indicium_engineering/venv/lib/python3.10/site-packages/airflow/example_dags/plugins/listener_plugin.py
[2024-06-14T16:43:37.440-0300] {processor.py:830} INFO - Processing file /home/maira/projeto_indicium_engineering/venv/lib/python3.10/site-packages/airflow/example_dags/plugins/listener_plugin.py for tasks to queue
[2024-06-14T16:43:37.442-0300] {logging_mixin.py:188} INFO - [2024-06-14T16:43:37.441-0300] {dagbag.py:545} INFO - Filling up the DagBag from /home/maira/projeto_indicium_engineering/venv/lib/python3.10/site-packages/airflow/example_dags/plugins/listener_plugin.py
[2024-06-14T16:43:37.445-0300] {processor.py:842} WARNING - No viable dags retrieved from /home/maira/projeto_indicium_engineering/venv/lib/python3.10/site-packages/airflow/example_dags/plugins/listener_plugin.py
[2024-06-14T16:43:37.453-0300] {processor.py:183} INFO - Processing /home/maira/projeto_indicium_engineering/venv/lib/python3.10/site-packages/airflow/example_dags/plugins/listener_plugin.py took 0.019 seconds
[2024-06-14T16:44:39.211-0300] {processor.py:161} INFO - Started process (PID=90509) to work on /home/maira/projeto_indicium_engineering/venv/lib/python3.10/site-packages/airflow/example_dags/plugins/listener_plugin.py
[2024-06-14T16:44:39.213-0300] {processor.py:830} INFO - Processing file /home/maira/projeto_indicium_engineering/venv/lib/python3.10/site-packages/airflow/example_dags/plugins/listener_plugin.py for tasks to queue
[2024-06-14T16:44:39.215-0300] {logging_mixin.py:188} INFO - [2024-06-14T16:44:39.215-0300] {dagbag.py:545} INFO - Filling up the DagBag from /home/maira/projeto_indicium_engineering/venv/lib/python3.10/site-packages/airflow/example_dags/plugins/listener_plugin.py
[2024-06-14T16:44:39.217-0300] {processor.py:842} WARNING - No viable dags retrieved from /home/maira/projeto_indicium_engineering/venv/lib/python3.10/site-packages/airflow/example_dags/plugins/listener_plugin.py
[2024-06-14T16:44:39.225-0300] {processor.py:183} INFO - Processing /home/maira/projeto_indicium_engineering/venv/lib/python3.10/site-packages/airflow/example_dags/plugins/listener_plugin.py took 0.019 seconds
[2024-06-14T16:45:37.972-0300] {processor.py:161} INFO - Started process (PID=90804) to work on /home/maira/projeto_indicium_engineering/venv/lib/python3.10/site-packages/airflow/example_dags/plugins/listener_plugin.py
[2024-06-14T16:45:37.976-0300] {processor.py:830} INFO - Processing file /home/maira/projeto_indicium_engineering/venv/lib/python3.10/site-packages/airflow/example_dags/plugins/listener_plugin.py for tasks to queue
[2024-06-14T16:45:37.978-0300] {logging_mixin.py:188} INFO - [2024-06-14T16:45:37.977-0300] {dagbag.py:545} INFO - Filling up the DagBag from /home/maira/projeto_indicium_engineering/venv/lib/python3.10/site-packages/airflow/example_dags/plugins/listener_plugin.py
[2024-06-14T16:45:37.980-0300] {processor.py:842} WARNING - No viable dags retrieved from /home/maira/projeto_indicium_engineering/venv/lib/python3.10/site-packages/airflow/example_dags/plugins/listener_plugin.py
[2024-06-14T16:45:37.987-0300] {processor.py:183} INFO - Processing /home/maira/projeto_indicium_engineering/venv/lib/python3.10/site-packages/airflow/example_dags/plugins/listener_plugin.py took 0.021 seconds
[2024-06-14T16:46:39.939-0300] {processor.py:161} INFO - Started process (PID=91110) to work on /home/maira/projeto_indicium_engineering/venv/lib/python3.10/site-packages/airflow/example_dags/plugins/listener_plugin.py
[2024-06-14T16:46:39.944-0300] {processor.py:830} INFO - Processing file /home/maira/projeto_indicium_engineering/venv/lib/python3.10/site-packages/airflow/example_dags/plugins/listener_plugin.py for tasks to queue
[2024-06-14T16:46:39.946-0300] {logging_mixin.py:188} INFO - [2024-06-14T16:46:39.946-0300] {dagbag.py:545} INFO - Filling up the DagBag from /home/maira/projeto_indicium_engineering/venv/lib/python3.10/site-packages/airflow/example_dags/plugins/listener_plugin.py
[2024-06-14T16:46:39.948-0300] {processor.py:842} WARNING - No viable dags retrieved from /home/maira/projeto_indicium_engineering/venv/lib/python3.10/site-packages/airflow/example_dags/plugins/listener_plugin.py
[2024-06-14T16:46:39.956-0300] {processor.py:183} INFO - Processing /home/maira/projeto_indicium_engineering/venv/lib/python3.10/site-packages/airflow/example_dags/plugins/listener_plugin.py took 0.021 seconds
[2024-06-14T16:47:37.310-0300] {processor.py:161} INFO - Started process (PID=91395) to work on /home/maira/projeto_indicium_engineering/venv/lib/python3.10/site-packages/airflow/example_dags/plugins/listener_plugin.py
[2024-06-14T16:47:37.314-0300] {processor.py:830} INFO - Processing file /home/maira/projeto_indicium_engineering/venv/lib/python3.10/site-packages/airflow/example_dags/plugins/listener_plugin.py for tasks to queue
[2024-06-14T16:47:37.317-0300] {logging_mixin.py:188} INFO - [2024-06-14T16:47:37.316-0300] {dagbag.py:545} INFO - Filling up the DagBag from /home/maira/projeto_indicium_engineering/venv/lib/python3.10/site-packages/airflow/example_dags/plugins/listener_plugin.py
[2024-06-14T16:47:37.319-0300] {processor.py:842} WARNING - No viable dags retrieved from /home/maira/projeto_indicium_engineering/venv/lib/python3.10/site-packages/airflow/example_dags/plugins/listener_plugin.py
[2024-06-14T16:47:37.326-0300] {processor.py:183} INFO - Processing /home/maira/projeto_indicium_engineering/venv/lib/python3.10/site-packages/airflow/example_dags/plugins/listener_plugin.py took 0.022 seconds
[2024-06-14T16:48:37.929-0300] {processor.py:161} INFO - Started process (PID=91695) to work on /home/maira/projeto_indicium_engineering/venv/lib/python3.10/site-packages/airflow/example_dags/plugins/listener_plugin.py
[2024-06-14T16:48:37.930-0300] {processor.py:830} INFO - Processing file /home/maira/projeto_indicium_engineering/venv/lib/python3.10/site-packages/airflow/example_dags/plugins/listener_plugin.py for tasks to queue
[2024-06-14T16:48:37.932-0300] {logging_mixin.py:188} INFO - [2024-06-14T16:48:37.932-0300] {dagbag.py:545} INFO - Filling up the DagBag from /home/maira/projeto_indicium_engineering/venv/lib/python3.10/site-packages/airflow/example_dags/plugins/listener_plugin.py
[2024-06-14T16:48:37.936-0300] {processor.py:842} WARNING - No viable dags retrieved from /home/maira/projeto_indicium_engineering/venv/lib/python3.10/site-packages/airflow/example_dags/plugins/listener_plugin.py
[2024-06-14T16:48:37.945-0300] {processor.py:183} INFO - Processing /home/maira/projeto_indicium_engineering/venv/lib/python3.10/site-packages/airflow/example_dags/plugins/listener_plugin.py took 0.021 seconds
[2024-06-14T16:49:34.805-0300] {processor.py:161} INFO - Started process (PID=91977) to work on /home/maira/projeto_indicium_engineering/venv/lib/python3.10/site-packages/airflow/example_dags/plugins/listener_plugin.py
[2024-06-14T16:49:34.807-0300] {processor.py:830} INFO - Processing file /home/maira/projeto_indicium_engineering/venv/lib/python3.10/site-packages/airflow/example_dags/plugins/listener_plugin.py for tasks to queue
[2024-06-14T16:49:34.809-0300] {logging_mixin.py:188} INFO - [2024-06-14T16:49:34.808-0300] {dagbag.py:545} INFO - Filling up the DagBag from /home/maira/projeto_indicium_engineering/venv/lib/python3.10/site-packages/airflow/example_dags/plugins/listener_plugin.py
[2024-06-14T16:49:34.813-0300] {processor.py:842} WARNING - No viable dags retrieved from /home/maira/projeto_indicium_engineering/venv/lib/python3.10/site-packages/airflow/example_dags/plugins/listener_plugin.py
[2024-06-14T16:49:34.821-0300] {processor.py:183} INFO - Processing /home/maira/projeto_indicium_engineering/venv/lib/python3.10/site-packages/airflow/example_dags/plugins/listener_plugin.py took 0.020 seconds
[2024-06-14T16:50:35.002-0300] {processor.py:161} INFO - Started process (PID=92275) to work on /home/maira/projeto_indicium_engineering/venv/lib/python3.10/site-packages/airflow/example_dags/plugins/listener_plugin.py
[2024-06-14T16:50:35.004-0300] {processor.py:830} INFO - Processing file /home/maira/projeto_indicium_engineering/venv/lib/python3.10/site-packages/airflow/example_dags/plugins/listener_plugin.py for tasks to queue
[2024-06-14T16:50:35.006-0300] {logging_mixin.py:188} INFO - [2024-06-14T16:50:35.005-0300] {dagbag.py:545} INFO - Filling up the DagBag from /home/maira/projeto_indicium_engineering/venv/lib/python3.10/site-packages/airflow/example_dags/plugins/listener_plugin.py
[2024-06-14T16:50:35.010-0300] {processor.py:842} WARNING - No viable dags retrieved from /home/maira/projeto_indicium_engineering/venv/lib/python3.10/site-packages/airflow/example_dags/plugins/listener_plugin.py
[2024-06-14T16:50:35.019-0300] {processor.py:183} INFO - Processing /home/maira/projeto_indicium_engineering/venv/lib/python3.10/site-packages/airflow/example_dags/plugins/listener_plugin.py took 0.022 seconds
[2024-06-14T16:51:42.134-0300] {processor.py:161} INFO - Started process (PID=92605) to work on /home/maira/projeto_indicium_engineering/venv/lib/python3.10/site-packages/airflow/example_dags/plugins/listener_plugin.py
[2024-06-14T16:51:42.136-0300] {processor.py:830} INFO - Processing file /home/maira/projeto_indicium_engineering/venv/lib/python3.10/site-packages/airflow/example_dags/plugins/listener_plugin.py for tasks to queue
[2024-06-14T16:51:42.137-0300] {logging_mixin.py:188} INFO - [2024-06-14T16:51:42.137-0300] {dagbag.py:545} INFO - Filling up the DagBag from /home/maira/projeto_indicium_engineering/venv/lib/python3.10/site-packages/airflow/example_dags/plugins/listener_plugin.py
[2024-06-14T16:51:42.142-0300] {processor.py:842} WARNING - No viable dags retrieved from /home/maira/projeto_indicium_engineering/venv/lib/python3.10/site-packages/airflow/example_dags/plugins/listener_plugin.py
[2024-06-14T16:51:42.150-0300] {processor.py:183} INFO - Processing /home/maira/projeto_indicium_engineering/venv/lib/python3.10/site-packages/airflow/example_dags/plugins/listener_plugin.py took 0.021 seconds
[2024-06-14T16:52:42.709-0300] {processor.py:161} INFO - Started process (PID=92905) to work on /home/maira/projeto_indicium_engineering/venv/lib/python3.10/site-packages/airflow/example_dags/plugins/listener_plugin.py
[2024-06-14T16:52:42.711-0300] {processor.py:830} INFO - Processing file /home/maira/projeto_indicium_engineering/venv/lib/python3.10/site-packages/airflow/example_dags/plugins/listener_plugin.py for tasks to queue
[2024-06-14T16:52:42.712-0300] {logging_mixin.py:188} INFO - [2024-06-14T16:52:42.712-0300] {dagbag.py:545} INFO - Filling up the DagBag from /home/maira/projeto_indicium_engineering/venv/lib/python3.10/site-packages/airflow/example_dags/plugins/listener_plugin.py
[2024-06-14T16:52:42.717-0300] {processor.py:842} WARNING - No viable dags retrieved from /home/maira/projeto_indicium_engineering/venv/lib/python3.10/site-packages/airflow/example_dags/plugins/listener_plugin.py
[2024-06-14T16:52:42.724-0300] {processor.py:183} INFO - Processing /home/maira/projeto_indicium_engineering/venv/lib/python3.10/site-packages/airflow/example_dags/plugins/listener_plugin.py took 0.021 seconds
[2024-06-14T16:53:44.595-0300] {processor.py:161} INFO - Started process (PID=93211) to work on /home/maira/projeto_indicium_engineering/venv/lib/python3.10/site-packages/airflow/example_dags/plugins/listener_plugin.py
[2024-06-14T16:53:44.597-0300] {processor.py:830} INFO - Processing file /home/maira/projeto_indicium_engineering/venv/lib/python3.10/site-packages/airflow/example_dags/plugins/listener_plugin.py for tasks to queue
[2024-06-14T16:53:44.598-0300] {logging_mixin.py:188} INFO - [2024-06-14T16:53:44.598-0300] {dagbag.py:545} INFO - Filling up the DagBag from /home/maira/projeto_indicium_engineering/venv/lib/python3.10/site-packages/airflow/example_dags/plugins/listener_plugin.py
[2024-06-14T16:53:44.603-0300] {processor.py:842} WARNING - No viable dags retrieved from /home/maira/projeto_indicium_engineering/venv/lib/python3.10/site-packages/airflow/example_dags/plugins/listener_plugin.py
[2024-06-14T16:53:44.611-0300] {processor.py:183} INFO - Processing /home/maira/projeto_indicium_engineering/venv/lib/python3.10/site-packages/airflow/example_dags/plugins/listener_plugin.py took 0.020 seconds
[2024-06-14T16:54:48.583-0300] {processor.py:161} INFO - Started process (PID=93526) to work on /home/maira/projeto_indicium_engineering/venv/lib/python3.10/site-packages/airflow/example_dags/plugins/listener_plugin.py
[2024-06-14T16:54:48.585-0300] {processor.py:830} INFO - Processing file /home/maira/projeto_indicium_engineering/venv/lib/python3.10/site-packages/airflow/example_dags/plugins/listener_plugin.py for tasks to queue
[2024-06-14T16:54:48.587-0300] {logging_mixin.py:188} INFO - [2024-06-14T16:54:48.586-0300] {dagbag.py:545} INFO - Filling up the DagBag from /home/maira/projeto_indicium_engineering/venv/lib/python3.10/site-packages/airflow/example_dags/plugins/listener_plugin.py
[2024-06-14T16:54:48.591-0300] {processor.py:842} WARNING - No viable dags retrieved from /home/maira/projeto_indicium_engineering/venv/lib/python3.10/site-packages/airflow/example_dags/plugins/listener_plugin.py
[2024-06-14T16:54:48.599-0300] {processor.py:183} INFO - Processing /home/maira/projeto_indicium_engineering/venv/lib/python3.10/site-packages/airflow/example_dags/plugins/listener_plugin.py took 0.020 seconds
[2024-06-14T17:20:45.413-0300] {processor.py:161} INFO - Started process (PID=93905) to work on /home/maira/projeto_indicium_engineering/venv/lib/python3.10/site-packages/airflow/example_dags/plugins/listener_plugin.py
[2024-06-14T17:20:45.414-0300] {processor.py:830} INFO - Processing file /home/maira/projeto_indicium_engineering/venv/lib/python3.10/site-packages/airflow/example_dags/plugins/listener_plugin.py for tasks to queue
[2024-06-14T17:20:45.415-0300] {logging_mixin.py:188} INFO - [2024-06-14T17:20:45.415-0300] {dagbag.py:545} INFO - Filling up the DagBag from /home/maira/projeto_indicium_engineering/venv/lib/python3.10/site-packages/airflow/example_dags/plugins/listener_plugin.py
[2024-06-14T17:20:45.418-0300] {processor.py:842} WARNING - No viable dags retrieved from /home/maira/projeto_indicium_engineering/venv/lib/python3.10/site-packages/airflow/example_dags/plugins/listener_plugin.py
[2024-06-14T17:20:45.428-0300] {processor.py:183} INFO - Processing /home/maira/projeto_indicium_engineering/venv/lib/python3.10/site-packages/airflow/example_dags/plugins/listener_plugin.py took 0.021 seconds
[2024-06-14T17:21:44.365-0300] {processor.py:161} INFO - Started process (PID=94198) to work on /home/maira/projeto_indicium_engineering/venv/lib/python3.10/site-packages/airflow/example_dags/plugins/listener_plugin.py
[2024-06-14T17:21:44.366-0300] {processor.py:830} INFO - Processing file /home/maira/projeto_indicium_engineering/venv/lib/python3.10/site-packages/airflow/example_dags/plugins/listener_plugin.py for tasks to queue
[2024-06-14T17:21:44.368-0300] {logging_mixin.py:188} INFO - [2024-06-14T17:21:44.368-0300] {dagbag.py:545} INFO - Filling up the DagBag from /home/maira/projeto_indicium_engineering/venv/lib/python3.10/site-packages/airflow/example_dags/plugins/listener_plugin.py
[2024-06-14T17:21:44.374-0300] {processor.py:842} WARNING - No viable dags retrieved from /home/maira/projeto_indicium_engineering/venv/lib/python3.10/site-packages/airflow/example_dags/plugins/listener_plugin.py
[2024-06-14T17:21:44.387-0300] {processor.py:183} INFO - Processing /home/maira/projeto_indicium_engineering/venv/lib/python3.10/site-packages/airflow/example_dags/plugins/listener_plugin.py took 0.029 seconds
[2024-06-14T17:22:34.725-0300] {processor.py:161} INFO - Started process (PID=94447) to work on /home/maira/projeto_indicium_engineering/venv/lib/python3.10/site-packages/airflow/example_dags/plugins/listener_plugin.py
[2024-06-14T17:22:34.730-0300] {processor.py:830} INFO - Processing file /home/maira/projeto_indicium_engineering/venv/lib/python3.10/site-packages/airflow/example_dags/plugins/listener_plugin.py for tasks to queue
[2024-06-14T17:22:34.732-0300] {logging_mixin.py:188} INFO - [2024-06-14T17:22:34.732-0300] {dagbag.py:545} INFO - Filling up the DagBag from /home/maira/projeto_indicium_engineering/venv/lib/python3.10/site-packages/airflow/example_dags/plugins/listener_plugin.py
[2024-06-14T17:22:34.734-0300] {processor.py:842} WARNING - No viable dags retrieved from /home/maira/projeto_indicium_engineering/venv/lib/python3.10/site-packages/airflow/example_dags/plugins/listener_plugin.py
[2024-06-14T17:22:34.741-0300] {processor.py:183} INFO - Processing /home/maira/projeto_indicium_engineering/venv/lib/python3.10/site-packages/airflow/example_dags/plugins/listener_plugin.py took 0.021 seconds
[2024-06-14T17:23:34.873-0300] {processor.py:161} INFO - Started process (PID=94745) to work on /home/maira/projeto_indicium_engineering/venv/lib/python3.10/site-packages/airflow/example_dags/plugins/listener_plugin.py
[2024-06-14T17:23:34.875-0300] {processor.py:830} INFO - Processing file /home/maira/projeto_indicium_engineering/venv/lib/python3.10/site-packages/airflow/example_dags/plugins/listener_plugin.py for tasks to queue
[2024-06-14T17:23:34.877-0300] {logging_mixin.py:188} INFO - [2024-06-14T17:23:34.876-0300] {dagbag.py:545} INFO - Filling up the DagBag from /home/maira/projeto_indicium_engineering/venv/lib/python3.10/site-packages/airflow/example_dags/plugins/listener_plugin.py
[2024-06-14T17:23:34.881-0300] {processor.py:842} WARNING - No viable dags retrieved from /home/maira/projeto_indicium_engineering/venv/lib/python3.10/site-packages/airflow/example_dags/plugins/listener_plugin.py
[2024-06-14T17:23:34.889-0300] {processor.py:183} INFO - Processing /home/maira/projeto_indicium_engineering/venv/lib/python3.10/site-packages/airflow/example_dags/plugins/listener_plugin.py took 0.020 seconds
[2024-06-14T17:24:37.341-0300] {processor.py:161} INFO - Started process (PID=95052) to work on /home/maira/projeto_indicium_engineering/venv/lib/python3.10/site-packages/airflow/example_dags/plugins/listener_plugin.py
[2024-06-14T17:24:37.345-0300] {processor.py:830} INFO - Processing file /home/maira/projeto_indicium_engineering/venv/lib/python3.10/site-packages/airflow/example_dags/plugins/listener_plugin.py for tasks to queue
[2024-06-14T17:24:37.347-0300] {logging_mixin.py:188} INFO - [2024-06-14T17:24:37.347-0300] {dagbag.py:545} INFO - Filling up the DagBag from /home/maira/projeto_indicium_engineering/venv/lib/python3.10/site-packages/airflow/example_dags/plugins/listener_plugin.py
[2024-06-14T17:24:37.349-0300] {processor.py:842} WARNING - No viable dags retrieved from /home/maira/projeto_indicium_engineering/venv/lib/python3.10/site-packages/airflow/example_dags/plugins/listener_plugin.py
[2024-06-14T17:24:37.357-0300] {processor.py:183} INFO - Processing /home/maira/projeto_indicium_engineering/venv/lib/python3.10/site-packages/airflow/example_dags/plugins/listener_plugin.py took 0.022 seconds
[2024-06-14T17:25:45.849-0300] {processor.py:161} INFO - Started process (PID=95389) to work on /home/maira/projeto_indicium_engineering/venv/lib/python3.10/site-packages/airflow/example_dags/plugins/listener_plugin.py
[2024-06-14T17:25:45.850-0300] {processor.py:830} INFO - Processing file /home/maira/projeto_indicium_engineering/venv/lib/python3.10/site-packages/airflow/example_dags/plugins/listener_plugin.py for tasks to queue
[2024-06-14T17:25:45.852-0300] {logging_mixin.py:188} INFO - [2024-06-14T17:25:45.851-0300] {dagbag.py:545} INFO - Filling up the DagBag from /home/maira/projeto_indicium_engineering/venv/lib/python3.10/site-packages/airflow/example_dags/plugins/listener_plugin.py
[2024-06-14T17:25:45.854-0300] {processor.py:842} WARNING - No viable dags retrieved from /home/maira/projeto_indicium_engineering/venv/lib/python3.10/site-packages/airflow/example_dags/plugins/listener_plugin.py
[2024-06-14T17:25:45.865-0300] {processor.py:183} INFO - Processing /home/maira/projeto_indicium_engineering/venv/lib/python3.10/site-packages/airflow/example_dags/plugins/listener_plugin.py took 0.021 seconds
[2024-06-14T17:26:39.339-0300] {processor.py:161} INFO - Started process (PID=95656) to work on /home/maira/projeto_indicium_engineering/venv/lib/python3.10/site-packages/airflow/example_dags/plugins/listener_plugin.py
[2024-06-14T17:26:39.341-0300] {processor.py:830} INFO - Processing file /home/maira/projeto_indicium_engineering/venv/lib/python3.10/site-packages/airflow/example_dags/plugins/listener_plugin.py for tasks to queue
[2024-06-14T17:26:39.343-0300] {logging_mixin.py:188} INFO - [2024-06-14T17:26:39.342-0300] {dagbag.py:545} INFO - Filling up the DagBag from /home/maira/projeto_indicium_engineering/venv/lib/python3.10/site-packages/airflow/example_dags/plugins/listener_plugin.py
[2024-06-14T17:26:39.346-0300] {processor.py:842} WARNING - No viable dags retrieved from /home/maira/projeto_indicium_engineering/venv/lib/python3.10/site-packages/airflow/example_dags/plugins/listener_plugin.py
[2024-06-14T17:26:39.357-0300] {processor.py:183} INFO - Processing /home/maira/projeto_indicium_engineering/venv/lib/python3.10/site-packages/airflow/example_dags/plugins/listener_plugin.py took 0.025 seconds
[2024-06-14T17:27:41.191-0300] {processor.py:161} INFO - Started process (PID=95961) to work on /home/maira/projeto_indicium_engineering/venv/lib/python3.10/site-packages/airflow/example_dags/plugins/listener_plugin.py
[2024-06-14T17:27:41.194-0300] {processor.py:830} INFO - Processing file /home/maira/projeto_indicium_engineering/venv/lib/python3.10/site-packages/airflow/example_dags/plugins/listener_plugin.py for tasks to queue
[2024-06-14T17:27:41.195-0300] {logging_mixin.py:188} INFO - [2024-06-14T17:27:41.195-0300] {dagbag.py:545} INFO - Filling up the DagBag from /home/maira/projeto_indicium_engineering/venv/lib/python3.10/site-packages/airflow/example_dags/plugins/listener_plugin.py
[2024-06-14T17:27:41.199-0300] {processor.py:842} WARNING - No viable dags retrieved from /home/maira/projeto_indicium_engineering/venv/lib/python3.10/site-packages/airflow/example_dags/plugins/listener_plugin.py
[2024-06-14T17:27:41.207-0300] {processor.py:183} INFO - Processing /home/maira/projeto_indicium_engineering/venv/lib/python3.10/site-packages/airflow/example_dags/plugins/listener_plugin.py took 0.020 seconds
[2024-06-14T17:28:39.472-0300] {processor.py:161} INFO - Started process (PID=96250) to work on /home/maira/projeto_indicium_engineering/venv/lib/python3.10/site-packages/airflow/example_dags/plugins/listener_plugin.py
[2024-06-14T17:28:39.473-0300] {processor.py:830} INFO - Processing file /home/maira/projeto_indicium_engineering/venv/lib/python3.10/site-packages/airflow/example_dags/plugins/listener_plugin.py for tasks to queue
[2024-06-14T17:28:39.474-0300] {logging_mixin.py:188} INFO - [2024-06-14T17:28:39.474-0300] {dagbag.py:545} INFO - Filling up the DagBag from /home/maira/projeto_indicium_engineering/venv/lib/python3.10/site-packages/airflow/example_dags/plugins/listener_plugin.py
[2024-06-14T17:28:39.478-0300] {processor.py:842} WARNING - No viable dags retrieved from /home/maira/projeto_indicium_engineering/venv/lib/python3.10/site-packages/airflow/example_dags/plugins/listener_plugin.py
[2024-06-14T17:28:39.486-0300] {processor.py:183} INFO - Processing /home/maira/projeto_indicium_engineering/venv/lib/python3.10/site-packages/airflow/example_dags/plugins/listener_plugin.py took 0.019 seconds
[2024-06-14T17:29:34.492-0300] {processor.py:161} INFO - Started process (PID=96524) to work on /home/maira/projeto_indicium_engineering/venv/lib/python3.10/site-packages/airflow/example_dags/plugins/listener_plugin.py
[2024-06-14T17:29:34.494-0300] {processor.py:830} INFO - Processing file /home/maira/projeto_indicium_engineering/venv/lib/python3.10/site-packages/airflow/example_dags/plugins/listener_plugin.py for tasks to queue
[2024-06-14T17:29:34.495-0300] {logging_mixin.py:188} INFO - [2024-06-14T17:29:34.495-0300] {dagbag.py:545} INFO - Filling up the DagBag from /home/maira/projeto_indicium_engineering/venv/lib/python3.10/site-packages/airflow/example_dags/plugins/listener_plugin.py
[2024-06-14T17:29:34.499-0300] {processor.py:842} WARNING - No viable dags retrieved from /home/maira/projeto_indicium_engineering/venv/lib/python3.10/site-packages/airflow/example_dags/plugins/listener_plugin.py
[2024-06-14T17:29:34.507-0300] {processor.py:183} INFO - Processing /home/maira/projeto_indicium_engineering/venv/lib/python3.10/site-packages/airflow/example_dags/plugins/listener_plugin.py took 0.020 seconds
[2024-06-14T17:30:36.173-0300] {processor.py:161} INFO - Started process (PID=96831) to work on /home/maira/projeto_indicium_engineering/venv/lib/python3.10/site-packages/airflow/example_dags/plugins/listener_plugin.py
[2024-06-14T17:30:36.178-0300] {processor.py:830} INFO - Processing file /home/maira/projeto_indicium_engineering/venv/lib/python3.10/site-packages/airflow/example_dags/plugins/listener_plugin.py for tasks to queue
[2024-06-14T17:30:36.180-0300] {logging_mixin.py:188} INFO - [2024-06-14T17:30:36.179-0300] {dagbag.py:545} INFO - Filling up the DagBag from /home/maira/projeto_indicium_engineering/venv/lib/python3.10/site-packages/airflow/example_dags/plugins/listener_plugin.py
[2024-06-14T17:30:36.182-0300] {processor.py:842} WARNING - No viable dags retrieved from /home/maira/projeto_indicium_engineering/venv/lib/python3.10/site-packages/airflow/example_dags/plugins/listener_plugin.py
[2024-06-14T17:30:36.189-0300] {processor.py:183} INFO - Processing /home/maira/projeto_indicium_engineering/venv/lib/python3.10/site-packages/airflow/example_dags/plugins/listener_plugin.py took 0.021 seconds
[2024-06-14T17:31:40.198-0300] {processor.py:161} INFO - Started process (PID=97145) to work on /home/maira/projeto_indicium_engineering/venv/lib/python3.10/site-packages/airflow/example_dags/plugins/listener_plugin.py
[2024-06-14T17:31:40.203-0300] {processor.py:830} INFO - Processing file /home/maira/projeto_indicium_engineering/venv/lib/python3.10/site-packages/airflow/example_dags/plugins/listener_plugin.py for tasks to queue
[2024-06-14T17:31:40.205-0300] {logging_mixin.py:188} INFO - [2024-06-14T17:31:40.204-0300] {dagbag.py:545} INFO - Filling up the DagBag from /home/maira/projeto_indicium_engineering/venv/lib/python3.10/site-packages/airflow/example_dags/plugins/listener_plugin.py
[2024-06-14T17:31:40.207-0300] {processor.py:842} WARNING - No viable dags retrieved from /home/maira/projeto_indicium_engineering/venv/lib/python3.10/site-packages/airflow/example_dags/plugins/listener_plugin.py
[2024-06-14T17:31:40.215-0300] {processor.py:183} INFO - Processing /home/maira/projeto_indicium_engineering/venv/lib/python3.10/site-packages/airflow/example_dags/plugins/listener_plugin.py took 0.022 seconds
[2024-06-14T17:32:46.585-0300] {processor.py:161} INFO - Started process (PID=97471) to work on /home/maira/projeto_indicium_engineering/venv/lib/python3.10/site-packages/airflow/example_dags/plugins/listener_plugin.py
[2024-06-14T17:32:46.588-0300] {processor.py:830} INFO - Processing file /home/maira/projeto_indicium_engineering/venv/lib/python3.10/site-packages/airflow/example_dags/plugins/listener_plugin.py for tasks to queue
[2024-06-14T17:32:46.589-0300] {logging_mixin.py:188} INFO - [2024-06-14T17:32:46.589-0300] {dagbag.py:545} INFO - Filling up the DagBag from /home/maira/projeto_indicium_engineering/venv/lib/python3.10/site-packages/airflow/example_dags/plugins/listener_plugin.py
[2024-06-14T17:32:46.594-0300] {processor.py:842} WARNING - No viable dags retrieved from /home/maira/projeto_indicium_engineering/venv/lib/python3.10/site-packages/airflow/example_dags/plugins/listener_plugin.py
[2024-06-14T17:32:46.603-0300] {processor.py:183} INFO - Processing /home/maira/projeto_indicium_engineering/venv/lib/python3.10/site-packages/airflow/example_dags/plugins/listener_plugin.py took 0.022 seconds
[2024-06-14T17:33:47.421-0300] {processor.py:161} INFO - Started process (PID=97774) to work on /home/maira/projeto_indicium_engineering/venv/lib/python3.10/site-packages/airflow/example_dags/plugins/listener_plugin.py
[2024-06-14T17:33:47.423-0300] {processor.py:830} INFO - Processing file /home/maira/projeto_indicium_engineering/venv/lib/python3.10/site-packages/airflow/example_dags/plugins/listener_plugin.py for tasks to queue
[2024-06-14T17:33:47.424-0300] {logging_mixin.py:188} INFO - [2024-06-14T17:33:47.424-0300] {dagbag.py:545} INFO - Filling up the DagBag from /home/maira/projeto_indicium_engineering/venv/lib/python3.10/site-packages/airflow/example_dags/plugins/listener_plugin.py
[2024-06-14T17:33:47.428-0300] {processor.py:842} WARNING - No viable dags retrieved from /home/maira/projeto_indicium_engineering/venv/lib/python3.10/site-packages/airflow/example_dags/plugins/listener_plugin.py
[2024-06-14T17:33:47.437-0300] {processor.py:183} INFO - Processing /home/maira/projeto_indicium_engineering/venv/lib/python3.10/site-packages/airflow/example_dags/plugins/listener_plugin.py took 0.021 seconds
[2024-06-14T17:34:43.269-0300] {processor.py:161} INFO - Started process (PID=98051) to work on /home/maira/projeto_indicium_engineering/venv/lib/python3.10/site-packages/airflow/example_dags/plugins/listener_plugin.py
[2024-06-14T17:34:43.271-0300] {processor.py:830} INFO - Processing file /home/maira/projeto_indicium_engineering/venv/lib/python3.10/site-packages/airflow/example_dags/plugins/listener_plugin.py for tasks to queue
[2024-06-14T17:34:43.273-0300] {logging_mixin.py:188} INFO - [2024-06-14T17:34:43.272-0300] {dagbag.py:545} INFO - Filling up the DagBag from /home/maira/projeto_indicium_engineering/venv/lib/python3.10/site-packages/airflow/example_dags/plugins/listener_plugin.py
[2024-06-14T17:34:43.275-0300] {processor.py:842} WARNING - No viable dags retrieved from /home/maira/projeto_indicium_engineering/venv/lib/python3.10/site-packages/airflow/example_dags/plugins/listener_plugin.py
[2024-06-14T17:34:43.285-0300] {processor.py:183} INFO - Processing /home/maira/projeto_indicium_engineering/venv/lib/python3.10/site-packages/airflow/example_dags/plugins/listener_plugin.py took 0.023 seconds
[2024-06-14T17:35:42.677-0300] {processor.py:161} INFO - Started process (PID=98348) to work on /home/maira/projeto_indicium_engineering/venv/lib/python3.10/site-packages/airflow/example_dags/plugins/listener_plugin.py
[2024-06-14T17:35:42.679-0300] {processor.py:830} INFO - Processing file /home/maira/projeto_indicium_engineering/venv/lib/python3.10/site-packages/airflow/example_dags/plugins/listener_plugin.py for tasks to queue
[2024-06-14T17:35:42.681-0300] {logging_mixin.py:188} INFO - [2024-06-14T17:35:42.681-0300] {dagbag.py:545} INFO - Filling up the DagBag from /home/maira/projeto_indicium_engineering/venv/lib/python3.10/site-packages/airflow/example_dags/plugins/listener_plugin.py
[2024-06-14T17:35:42.684-0300] {processor.py:842} WARNING - No viable dags retrieved from /home/maira/projeto_indicium_engineering/venv/lib/python3.10/site-packages/airflow/example_dags/plugins/listener_plugin.py
[2024-06-14T17:35:42.694-0300] {processor.py:183} INFO - Processing /home/maira/projeto_indicium_engineering/venv/lib/python3.10/site-packages/airflow/example_dags/plugins/listener_plugin.py took 0.022 seconds
[2024-06-14T17:36:45.594-0300] {processor.py:161} INFO - Started process (PID=98658) to work on /home/maira/projeto_indicium_engineering/venv/lib/python3.10/site-packages/airflow/example_dags/plugins/listener_plugin.py
[2024-06-14T17:36:45.595-0300] {processor.py:830} INFO - Processing file /home/maira/projeto_indicium_engineering/venv/lib/python3.10/site-packages/airflow/example_dags/plugins/listener_plugin.py for tasks to queue
[2024-06-14T17:36:45.597-0300] {logging_mixin.py:188} INFO - [2024-06-14T17:36:45.597-0300] {dagbag.py:545} INFO - Filling up the DagBag from /home/maira/projeto_indicium_engineering/venv/lib/python3.10/site-packages/airflow/example_dags/plugins/listener_plugin.py
[2024-06-14T17:36:45.600-0300] {processor.py:842} WARNING - No viable dags retrieved from /home/maira/projeto_indicium_engineering/venv/lib/python3.10/site-packages/airflow/example_dags/plugins/listener_plugin.py
[2024-06-14T17:36:45.608-0300] {processor.py:183} INFO - Processing /home/maira/projeto_indicium_engineering/venv/lib/python3.10/site-packages/airflow/example_dags/plugins/listener_plugin.py took 0.019 seconds
[2024-06-14T17:37:43.909-0300] {processor.py:161} INFO - Started process (PID=98949) to work on /home/maira/projeto_indicium_engineering/venv/lib/python3.10/site-packages/airflow/example_dags/plugins/listener_plugin.py
[2024-06-14T17:37:43.911-0300] {processor.py:830} INFO - Processing file /home/maira/projeto_indicium_engineering/venv/lib/python3.10/site-packages/airflow/example_dags/plugins/listener_plugin.py for tasks to queue
[2024-06-14T17:37:43.912-0300] {logging_mixin.py:188} INFO - [2024-06-14T17:37:43.912-0300] {dagbag.py:545} INFO - Filling up the DagBag from /home/maira/projeto_indicium_engineering/venv/lib/python3.10/site-packages/airflow/example_dags/plugins/listener_plugin.py
[2024-06-14T17:37:43.916-0300] {processor.py:842} WARNING - No viable dags retrieved from /home/maira/projeto_indicium_engineering/venv/lib/python3.10/site-packages/airflow/example_dags/plugins/listener_plugin.py
[2024-06-14T17:37:43.924-0300] {processor.py:183} INFO - Processing /home/maira/projeto_indicium_engineering/venv/lib/python3.10/site-packages/airflow/example_dags/plugins/listener_plugin.py took 0.020 seconds
[2024-06-14T17:38:43.773-0300] {processor.py:161} INFO - Started process (PID=99245) to work on /home/maira/projeto_indicium_engineering/venv/lib/python3.10/site-packages/airflow/example_dags/plugins/listener_plugin.py
[2024-06-14T17:38:43.776-0300] {processor.py:830} INFO - Processing file /home/maira/projeto_indicium_engineering/venv/lib/python3.10/site-packages/airflow/example_dags/plugins/listener_plugin.py for tasks to queue
[2024-06-14T17:38:43.777-0300] {logging_mixin.py:188} INFO - [2024-06-14T17:38:43.777-0300] {dagbag.py:545} INFO - Filling up the DagBag from /home/maira/projeto_indicium_engineering/venv/lib/python3.10/site-packages/airflow/example_dags/plugins/listener_plugin.py
[2024-06-14T17:38:43.782-0300] {processor.py:842} WARNING - No viable dags retrieved from /home/maira/projeto_indicium_engineering/venv/lib/python3.10/site-packages/airflow/example_dags/plugins/listener_plugin.py
[2024-06-14T17:38:43.790-0300] {processor.py:183} INFO - Processing /home/maira/projeto_indicium_engineering/venv/lib/python3.10/site-packages/airflow/example_dags/plugins/listener_plugin.py took 0.021 seconds
[2024-06-14T17:39:42.603-0300] {processor.py:161} INFO - Started process (PID=99539) to work on /home/maira/projeto_indicium_engineering/venv/lib/python3.10/site-packages/airflow/example_dags/plugins/listener_plugin.py
[2024-06-14T17:39:42.604-0300] {processor.py:830} INFO - Processing file /home/maira/projeto_indicium_engineering/venv/lib/python3.10/site-packages/airflow/example_dags/plugins/listener_plugin.py for tasks to queue
[2024-06-14T17:39:42.605-0300] {logging_mixin.py:188} INFO - [2024-06-14T17:39:42.605-0300] {dagbag.py:545} INFO - Filling up the DagBag from /home/maira/projeto_indicium_engineering/venv/lib/python3.10/site-packages/airflow/example_dags/plugins/listener_plugin.py
[2024-06-14T17:39:42.607-0300] {processor.py:842} WARNING - No viable dags retrieved from /home/maira/projeto_indicium_engineering/venv/lib/python3.10/site-packages/airflow/example_dags/plugins/listener_plugin.py
[2024-06-14T17:39:42.615-0300] {processor.py:183} INFO - Processing /home/maira/projeto_indicium_engineering/venv/lib/python3.10/site-packages/airflow/example_dags/plugins/listener_plugin.py took 0.017 seconds
[2024-06-14T17:40:41.868-0300] {processor.py:161} INFO - Started process (PID=99832) to work on /home/maira/projeto_indicium_engineering/venv/lib/python3.10/site-packages/airflow/example_dags/plugins/listener_plugin.py
[2024-06-14T17:40:41.870-0300] {processor.py:830} INFO - Processing file /home/maira/projeto_indicium_engineering/venv/lib/python3.10/site-packages/airflow/example_dags/plugins/listener_plugin.py for tasks to queue
[2024-06-14T17:40:41.872-0300] {logging_mixin.py:188} INFO - [2024-06-14T17:40:41.871-0300] {dagbag.py:545} INFO - Filling up the DagBag from /home/maira/projeto_indicium_engineering/venv/lib/python3.10/site-packages/airflow/example_dags/plugins/listener_plugin.py
[2024-06-14T17:40:41.873-0300] {processor.py:842} WARNING - No viable dags retrieved from /home/maira/projeto_indicium_engineering/venv/lib/python3.10/site-packages/airflow/example_dags/plugins/listener_plugin.py
[2024-06-14T17:40:41.881-0300] {processor.py:183} INFO - Processing /home/maira/projeto_indicium_engineering/venv/lib/python3.10/site-packages/airflow/example_dags/plugins/listener_plugin.py took 0.018 seconds
[2024-06-14T17:41:45.979-0300] {processor.py:161} INFO - Started process (PID=100148) to work on /home/maira/projeto_indicium_engineering/venv/lib/python3.10/site-packages/airflow/example_dags/plugins/listener_plugin.py
[2024-06-14T17:41:45.980-0300] {processor.py:830} INFO - Processing file /home/maira/projeto_indicium_engineering/venv/lib/python3.10/site-packages/airflow/example_dags/plugins/listener_plugin.py for tasks to queue
[2024-06-14T17:41:45.982-0300] {logging_mixin.py:188} INFO - [2024-06-14T17:41:45.982-0300] {dagbag.py:545} INFO - Filling up the DagBag from /home/maira/projeto_indicium_engineering/venv/lib/python3.10/site-packages/airflow/example_dags/plugins/listener_plugin.py
[2024-06-14T17:41:45.986-0300] {processor.py:842} WARNING - No viable dags retrieved from /home/maira/projeto_indicium_engineering/venv/lib/python3.10/site-packages/airflow/example_dags/plugins/listener_plugin.py
[2024-06-14T17:41:45.994-0300] {processor.py:183} INFO - Processing /home/maira/projeto_indicium_engineering/venv/lib/python3.10/site-packages/airflow/example_dags/plugins/listener_plugin.py took 0.019 seconds
[2024-06-14T17:42:45.665-0300] {processor.py:161} INFO - Started process (PID=100443) to work on /home/maira/projeto_indicium_engineering/venv/lib/python3.10/site-packages/airflow/example_dags/plugins/listener_plugin.py
[2024-06-14T17:42:45.667-0300] {processor.py:830} INFO - Processing file /home/maira/projeto_indicium_engineering/venv/lib/python3.10/site-packages/airflow/example_dags/plugins/listener_plugin.py for tasks to queue
[2024-06-14T17:42:45.668-0300] {logging_mixin.py:188} INFO - [2024-06-14T17:42:45.668-0300] {dagbag.py:545} INFO - Filling up the DagBag from /home/maira/projeto_indicium_engineering/venv/lib/python3.10/site-packages/airflow/example_dags/plugins/listener_plugin.py
[2024-06-14T17:42:45.672-0300] {processor.py:842} WARNING - No viable dags retrieved from /home/maira/projeto_indicium_engineering/venv/lib/python3.10/site-packages/airflow/example_dags/plugins/listener_plugin.py
[2024-06-14T17:42:45.681-0300] {processor.py:183} INFO - Processing /home/maira/projeto_indicium_engineering/venv/lib/python3.10/site-packages/airflow/example_dags/plugins/listener_plugin.py took 0.020 seconds
[2024-06-14T17:43:42.926-0300] {processor.py:161} INFO - Started process (PID=100729) to work on /home/maira/projeto_indicium_engineering/venv/lib/python3.10/site-packages/airflow/example_dags/plugins/listener_plugin.py
[2024-06-14T17:43:42.931-0300] {processor.py:830} INFO - Processing file /home/maira/projeto_indicium_engineering/venv/lib/python3.10/site-packages/airflow/example_dags/plugins/listener_plugin.py for tasks to queue
[2024-06-14T17:43:42.933-0300] {logging_mixin.py:188} INFO - [2024-06-14T17:43:42.933-0300] {dagbag.py:545} INFO - Filling up the DagBag from /home/maira/projeto_indicium_engineering/venv/lib/python3.10/site-packages/airflow/example_dags/plugins/listener_plugin.py
[2024-06-14T17:43:42.935-0300] {processor.py:842} WARNING - No viable dags retrieved from /home/maira/projeto_indicium_engineering/venv/lib/python3.10/site-packages/airflow/example_dags/plugins/listener_plugin.py
[2024-06-14T17:43:42.943-0300] {processor.py:183} INFO - Processing /home/maira/projeto_indicium_engineering/venv/lib/python3.10/site-packages/airflow/example_dags/plugins/listener_plugin.py took 0.022 seconds
[2024-06-14T17:44:39.918-0300] {processor.py:161} INFO - Started process (PID=101012) to work on /home/maira/projeto_indicium_engineering/venv/lib/python3.10/site-packages/airflow/example_dags/plugins/listener_plugin.py
[2024-06-14T17:44:39.920-0300] {processor.py:830} INFO - Processing file /home/maira/projeto_indicium_engineering/venv/lib/python3.10/site-packages/airflow/example_dags/plugins/listener_plugin.py for tasks to queue
[2024-06-14T17:44:39.921-0300] {logging_mixin.py:188} INFO - [2024-06-14T17:44:39.921-0300] {dagbag.py:545} INFO - Filling up the DagBag from /home/maira/projeto_indicium_engineering/venv/lib/python3.10/site-packages/airflow/example_dags/plugins/listener_plugin.py
[2024-06-14T17:44:39.924-0300] {processor.py:842} WARNING - No viable dags retrieved from /home/maira/projeto_indicium_engineering/venv/lib/python3.10/site-packages/airflow/example_dags/plugins/listener_plugin.py
[2024-06-14T17:44:39.932-0300] {processor.py:183} INFO - Processing /home/maira/projeto_indicium_engineering/venv/lib/python3.10/site-packages/airflow/example_dags/plugins/listener_plugin.py took 0.018 seconds
[2024-06-14T17:45:39.939-0300] {processor.py:161} INFO - Started process (PID=101313) to work on /home/maira/projeto_indicium_engineering/venv/lib/python3.10/site-packages/airflow/example_dags/plugins/listener_plugin.py
[2024-06-14T17:45:39.941-0300] {processor.py:830} INFO - Processing file /home/maira/projeto_indicium_engineering/venv/lib/python3.10/site-packages/airflow/example_dags/plugins/listener_plugin.py for tasks to queue
[2024-06-14T17:45:39.942-0300] {logging_mixin.py:188} INFO - [2024-06-14T17:45:39.942-0300] {dagbag.py:545} INFO - Filling up the DagBag from /home/maira/projeto_indicium_engineering/venv/lib/python3.10/site-packages/airflow/example_dags/plugins/listener_plugin.py
[2024-06-14T17:45:39.944-0300] {processor.py:842} WARNING - No viable dags retrieved from /home/maira/projeto_indicium_engineering/venv/lib/python3.10/site-packages/airflow/example_dags/plugins/listener_plugin.py
[2024-06-14T17:45:39.952-0300] {processor.py:183} INFO - Processing /home/maira/projeto_indicium_engineering/venv/lib/python3.10/site-packages/airflow/example_dags/plugins/listener_plugin.py took 0.017 seconds
[2024-06-14T17:46:42.871-0300] {processor.py:161} INFO - Started process (PID=101623) to work on /home/maira/projeto_indicium_engineering/venv/lib/python3.10/site-packages/airflow/example_dags/plugins/listener_plugin.py
[2024-06-14T17:46:42.873-0300] {processor.py:830} INFO - Processing file /home/maira/projeto_indicium_engineering/venv/lib/python3.10/site-packages/airflow/example_dags/plugins/listener_plugin.py for tasks to queue
[2024-06-14T17:46:42.874-0300] {logging_mixin.py:188} INFO - [2024-06-14T17:46:42.874-0300] {dagbag.py:545} INFO - Filling up the DagBag from /home/maira/projeto_indicium_engineering/venv/lib/python3.10/site-packages/airflow/example_dags/plugins/listener_plugin.py
[2024-06-14T17:46:42.877-0300] {processor.py:842} WARNING - No viable dags retrieved from /home/maira/projeto_indicium_engineering/venv/lib/python3.10/site-packages/airflow/example_dags/plugins/listener_plugin.py
[2024-06-14T17:46:42.885-0300] {processor.py:183} INFO - Processing /home/maira/projeto_indicium_engineering/venv/lib/python3.10/site-packages/airflow/example_dags/plugins/listener_plugin.py took 0.018 seconds
[2024-06-14T17:47:39.016-0300] {processor.py:161} INFO - Started process (PID=101903) to work on /home/maira/projeto_indicium_engineering/venv/lib/python3.10/site-packages/airflow/example_dags/plugins/listener_plugin.py
[2024-06-14T17:47:39.018-0300] {processor.py:830} INFO - Processing file /home/maira/projeto_indicium_engineering/venv/lib/python3.10/site-packages/airflow/example_dags/plugins/listener_plugin.py for tasks to queue
[2024-06-14T17:47:39.019-0300] {logging_mixin.py:188} INFO - [2024-06-14T17:47:39.019-0300] {dagbag.py:545} INFO - Filling up the DagBag from /home/maira/projeto_indicium_engineering/venv/lib/python3.10/site-packages/airflow/example_dags/plugins/listener_plugin.py
[2024-06-14T17:47:39.022-0300] {processor.py:842} WARNING - No viable dags retrieved from /home/maira/projeto_indicium_engineering/venv/lib/python3.10/site-packages/airflow/example_dags/plugins/listener_plugin.py
[2024-06-14T17:47:39.030-0300] {processor.py:183} INFO - Processing /home/maira/projeto_indicium_engineering/venv/lib/python3.10/site-packages/airflow/example_dags/plugins/listener_plugin.py took 0.018 seconds
[2024-06-14T17:48:42.255-0300] {processor.py:161} INFO - Started process (PID=102215) to work on /home/maira/projeto_indicium_engineering/venv/lib/python3.10/site-packages/airflow/example_dags/plugins/listener_plugin.py
[2024-06-14T17:48:42.257-0300] {processor.py:830} INFO - Processing file /home/maira/projeto_indicium_engineering/venv/lib/python3.10/site-packages/airflow/example_dags/plugins/listener_plugin.py for tasks to queue
[2024-06-14T17:48:42.259-0300] {logging_mixin.py:188} INFO - [2024-06-14T17:48:42.258-0300] {dagbag.py:545} INFO - Filling up the DagBag from /home/maira/projeto_indicium_engineering/venv/lib/python3.10/site-packages/airflow/example_dags/plugins/listener_plugin.py
[2024-06-14T17:48:42.262-0300] {processor.py:842} WARNING - No viable dags retrieved from /home/maira/projeto_indicium_engineering/venv/lib/python3.10/site-packages/airflow/example_dags/plugins/listener_plugin.py
[2024-06-14T17:48:42.270-0300] {processor.py:183} INFO - Processing /home/maira/projeto_indicium_engineering/venv/lib/python3.10/site-packages/airflow/example_dags/plugins/listener_plugin.py took 0.019 seconds
[2024-06-14T17:49:45.843-0300] {processor.py:161} INFO - Started process (PID=102529) to work on /home/maira/projeto_indicium_engineering/venv/lib/python3.10/site-packages/airflow/example_dags/plugins/listener_plugin.py
[2024-06-14T17:49:45.845-0300] {processor.py:830} INFO - Processing file /home/maira/projeto_indicium_engineering/venv/lib/python3.10/site-packages/airflow/example_dags/plugins/listener_plugin.py for tasks to queue
[2024-06-14T17:49:45.846-0300] {logging_mixin.py:188} INFO - [2024-06-14T17:49:45.846-0300] {dagbag.py:545} INFO - Filling up the DagBag from /home/maira/projeto_indicium_engineering/venv/lib/python3.10/site-packages/airflow/example_dags/plugins/listener_plugin.py
[2024-06-14T17:49:45.850-0300] {processor.py:842} WARNING - No viable dags retrieved from /home/maira/projeto_indicium_engineering/venv/lib/python3.10/site-packages/airflow/example_dags/plugins/listener_plugin.py
[2024-06-14T17:49:45.858-0300] {processor.py:183} INFO - Processing /home/maira/projeto_indicium_engineering/venv/lib/python3.10/site-packages/airflow/example_dags/plugins/listener_plugin.py took 0.020 seconds
[2024-06-14T17:50:47.579-0300] {processor.py:161} INFO - Started process (PID=102835) to work on /home/maira/projeto_indicium_engineering/venv/lib/python3.10/site-packages/airflow/example_dags/plugins/listener_plugin.py
[2024-06-14T17:50:47.580-0300] {processor.py:830} INFO - Processing file /home/maira/projeto_indicium_engineering/venv/lib/python3.10/site-packages/airflow/example_dags/plugins/listener_plugin.py for tasks to queue
[2024-06-14T17:50:47.582-0300] {logging_mixin.py:188} INFO - [2024-06-14T17:50:47.582-0300] {dagbag.py:545} INFO - Filling up the DagBag from /home/maira/projeto_indicium_engineering/venv/lib/python3.10/site-packages/airflow/example_dags/plugins/listener_plugin.py
[2024-06-14T17:50:47.587-0300] {processor.py:842} WARNING - No viable dags retrieved from /home/maira/projeto_indicium_engineering/venv/lib/python3.10/site-packages/airflow/example_dags/plugins/listener_plugin.py
[2024-06-14T17:50:47.595-0300] {processor.py:183} INFO - Processing /home/maira/projeto_indicium_engineering/venv/lib/python3.10/site-packages/airflow/example_dags/plugins/listener_plugin.py took 0.020 seconds
[2024-06-14T20:52:11.490-0300] {processor.py:161} INFO - Started process (PID=103617) to work on /home/maira/projeto_indicium_engineering/venv/lib/python3.10/site-packages/airflow/example_dags/plugins/listener_plugin.py
[2024-06-14T20:52:11.491-0300] {processor.py:830} INFO - Processing file /home/maira/projeto_indicium_engineering/venv/lib/python3.10/site-packages/airflow/example_dags/plugins/listener_plugin.py for tasks to queue
[2024-06-14T20:52:11.492-0300] {logging_mixin.py:188} INFO - [2024-06-14T20:52:11.492-0300] {dagbag.py:545} INFO - Filling up the DagBag from /home/maira/projeto_indicium_engineering/venv/lib/python3.10/site-packages/airflow/example_dags/plugins/listener_plugin.py
[2024-06-14T20:52:11.496-0300] {processor.py:842} WARNING - No viable dags retrieved from /home/maira/projeto_indicium_engineering/venv/lib/python3.10/site-packages/airflow/example_dags/plugins/listener_plugin.py
[2024-06-14T20:52:11.504-0300] {processor.py:183} INFO - Processing /home/maira/projeto_indicium_engineering/venv/lib/python3.10/site-packages/airflow/example_dags/plugins/listener_plugin.py took 0.019 seconds
[2024-06-14T20:53:11.637-0300] {processor.py:161} INFO - Started process (PID=103904) to work on /home/maira/projeto_indicium_engineering/venv/lib/python3.10/site-packages/airflow/example_dags/plugins/listener_plugin.py
[2024-06-14T20:53:11.638-0300] {processor.py:830} INFO - Processing file /home/maira/projeto_indicium_engineering/venv/lib/python3.10/site-packages/airflow/example_dags/plugins/listener_plugin.py for tasks to queue
[2024-06-14T20:53:11.640-0300] {logging_mixin.py:188} INFO - [2024-06-14T20:53:11.640-0300] {dagbag.py:545} INFO - Filling up the DagBag from /home/maira/projeto_indicium_engineering/venv/lib/python3.10/site-packages/airflow/example_dags/plugins/listener_plugin.py
[2024-06-14T20:53:11.642-0300] {processor.py:842} WARNING - No viable dags retrieved from /home/maira/projeto_indicium_engineering/venv/lib/python3.10/site-packages/airflow/example_dags/plugins/listener_plugin.py
[2024-06-14T20:53:11.653-0300] {processor.py:183} INFO - Processing /home/maira/projeto_indicium_engineering/venv/lib/python3.10/site-packages/airflow/example_dags/plugins/listener_plugin.py took 0.020 seconds
