[2024-06-16T21:31:59.805-0300] {processor.py:161} INFO - Started process (PID=85470) to work on /home/maira/.local/lib/python3.10/site-packages/airflow/example_dags/example_python_decorator.py
[2024-06-16T21:31:59.806-0300] {processor.py:830} INFO - Processing file /home/maira/.local/lib/python3.10/site-packages/airflow/example_dags/example_python_decorator.py for tasks to queue
[2024-06-16T21:31:59.807-0300] {logging_mixin.py:188} INFO - [2024-06-16T21:31:59.807-0300] {dagbag.py:545} INFO - Filling up the DagBag from /home/maira/.local/lib/python3.10/site-packages/airflow/example_dags/example_python_decorator.py
[2024-06-16T21:32:00.400-0300] {processor.py:840} INFO - DAG(s) 'example_python_decorator' retrieved from /home/maira/.local/lib/python3.10/site-packages/airflow/example_dags/example_python_decorator.py
[2024-06-16T21:32:00.449-0300] {logging_mixin.py:188} INFO - [2024-06-16T21:32:00.449-0300] {dag.py:3096} INFO - Sync 1 DAGs
[2024-06-16T21:32:00.460-0300] {logging_mixin.py:188} INFO - [2024-06-16T21:32:00.459-0300] {dag.py:3954} INFO - Setting next_dagrun for example_python_decorator to None, run_after=None
[2024-06-16T21:32:01.328-0300] {processor.py:183} INFO - Processing /home/maira/.local/lib/python3.10/site-packages/airflow/example_dags/example_python_decorator.py took 1.849 seconds
[2024-06-16T21:32:56.884-0300] {processor.py:161} INFO - Started process (PID=85535) to work on /home/maira/.local/lib/python3.10/site-packages/airflow/example_dags/example_python_decorator.py
[2024-06-16T21:32:56.885-0300] {processor.py:830} INFO - Processing file /home/maira/.local/lib/python3.10/site-packages/airflow/example_dags/example_python_decorator.py for tasks to queue
[2024-06-16T21:32:56.886-0300] {logging_mixin.py:188} INFO - [2024-06-16T21:32:56.885-0300] {dagbag.py:545} INFO - Filling up the DagBag from /home/maira/.local/lib/python3.10/site-packages/airflow/example_dags/example_python_decorator.py
[2024-06-16T21:32:56.895-0300] {processor.py:840} INFO - DAG(s) 'example_python_decorator' retrieved from /home/maira/.local/lib/python3.10/site-packages/airflow/example_dags/example_python_decorator.py
[2024-06-16T21:32:56.910-0300] {logging_mixin.py:188} INFO - [2024-06-16T21:32:56.909-0300] {dag.py:3096} INFO - Sync 1 DAGs
[2024-06-16T21:32:56.918-0300] {logging_mixin.py:188} INFO - [2024-06-16T21:32:56.917-0300] {dag.py:3954} INFO - Setting next_dagrun for example_python_decorator to None, run_after=None
[2024-06-16T21:32:56.938-0300] {processor.py:183} INFO - Processing /home/maira/.local/lib/python3.10/site-packages/airflow/example_dags/example_python_decorator.py took 0.064 seconds
[2024-06-16T21:33:49.716-0300] {processor.py:161} INFO - Started process (PID=85603) to work on /home/maira/.local/lib/python3.10/site-packages/airflow/example_dags/example_python_decorator.py
[2024-06-16T21:33:49.718-0300] {processor.py:830} INFO - Processing file /home/maira/.local/lib/python3.10/site-packages/airflow/example_dags/example_python_decorator.py for tasks to queue
[2024-06-16T21:33:49.719-0300] {logging_mixin.py:188} INFO - [2024-06-16T21:33:49.718-0300] {dagbag.py:545} INFO - Filling up the DagBag from /home/maira/.local/lib/python3.10/site-packages/airflow/example_dags/example_python_decorator.py
[2024-06-16T21:33:49.728-0300] {processor.py:840} INFO - DAG(s) 'example_python_decorator' retrieved from /home/maira/.local/lib/python3.10/site-packages/airflow/example_dags/example_python_decorator.py
[2024-06-16T21:33:49.742-0300] {logging_mixin.py:188} INFO - [2024-06-16T21:33:49.742-0300] {dag.py:3096} INFO - Sync 1 DAGs
[2024-06-16T21:33:49.750-0300] {logging_mixin.py:188} INFO - [2024-06-16T21:33:49.750-0300] {dag.py:3954} INFO - Setting next_dagrun for example_python_decorator to None, run_after=None
[2024-06-16T21:33:49.773-0300] {processor.py:183} INFO - Processing /home/maira/.local/lib/python3.10/site-packages/airflow/example_dags/example_python_decorator.py took 0.063 seconds
[2024-06-16T21:34:49.676-0300] {processor.py:161} INFO - Started process (PID=85673) to work on /home/maira/.local/lib/python3.10/site-packages/airflow/example_dags/example_python_decorator.py
[2024-06-16T21:34:49.677-0300] {processor.py:830} INFO - Processing file /home/maira/.local/lib/python3.10/site-packages/airflow/example_dags/example_python_decorator.py for tasks to queue
[2024-06-16T21:34:49.678-0300] {logging_mixin.py:188} INFO - [2024-06-16T21:34:49.678-0300] {dagbag.py:545} INFO - Filling up the DagBag from /home/maira/.local/lib/python3.10/site-packages/airflow/example_dags/example_python_decorator.py
[2024-06-16T21:34:49.688-0300] {processor.py:840} INFO - DAG(s) 'example_python_decorator' retrieved from /home/maira/.local/lib/python3.10/site-packages/airflow/example_dags/example_python_decorator.py
[2024-06-16T21:34:49.701-0300] {logging_mixin.py:188} INFO - [2024-06-16T21:34:49.701-0300] {dag.py:3096} INFO - Sync 1 DAGs
[2024-06-16T21:34:49.709-0300] {logging_mixin.py:188} INFO - [2024-06-16T21:34:49.709-0300] {dag.py:3954} INFO - Setting next_dagrun for example_python_decorator to None, run_after=None
[2024-06-16T21:34:49.733-0300] {processor.py:183} INFO - Processing /home/maira/.local/lib/python3.10/site-packages/airflow/example_dags/example_python_decorator.py took 0.064 seconds
[2024-06-16T21:35:40.665-0300] {processor.py:161} INFO - Started process (PID=85743) to work on /home/maira/.local/lib/python3.10/site-packages/airflow/example_dags/example_python_decorator.py
[2024-06-16T21:35:40.667-0300] {processor.py:830} INFO - Processing file /home/maira/.local/lib/python3.10/site-packages/airflow/example_dags/example_python_decorator.py for tasks to queue
[2024-06-16T21:35:40.668-0300] {logging_mixin.py:188} INFO - [2024-06-16T21:35:40.667-0300] {dagbag.py:545} INFO - Filling up the DagBag from /home/maira/.local/lib/python3.10/site-packages/airflow/example_dags/example_python_decorator.py
[2024-06-16T21:35:40.678-0300] {processor.py:840} INFO - DAG(s) 'example_python_decorator' retrieved from /home/maira/.local/lib/python3.10/site-packages/airflow/example_dags/example_python_decorator.py
[2024-06-16T21:35:40.692-0300] {logging_mixin.py:188} INFO - [2024-06-16T21:35:40.692-0300] {dag.py:3096} INFO - Sync 1 DAGs
[2024-06-16T21:35:40.700-0300] {logging_mixin.py:188} INFO - [2024-06-16T21:35:40.700-0300] {dag.py:3954} INFO - Setting next_dagrun for example_python_decorator to None, run_after=None
[2024-06-16T21:35:40.728-0300] {processor.py:183} INFO - Processing /home/maira/.local/lib/python3.10/site-packages/airflow/example_dags/example_python_decorator.py took 0.069 seconds
[2024-06-16T21:36:24.242-0300] {processor.py:161} INFO - Started process (PID=85803) to work on /home/maira/.local/lib/python3.10/site-packages/airflow/example_dags/example_python_decorator.py
[2024-06-16T21:36:24.244-0300] {processor.py:830} INFO - Processing file /home/maira/.local/lib/python3.10/site-packages/airflow/example_dags/example_python_decorator.py for tasks to queue
[2024-06-16T21:36:24.245-0300] {logging_mixin.py:188} INFO - [2024-06-16T21:36:24.245-0300] {dagbag.py:545} INFO - Filling up the DagBag from /home/maira/.local/lib/python3.10/site-packages/airflow/example_dags/example_python_decorator.py
[2024-06-16T21:36:24.255-0300] {processor.py:840} INFO - DAG(s) 'example_python_decorator' retrieved from /home/maira/.local/lib/python3.10/site-packages/airflow/example_dags/example_python_decorator.py
[2024-06-16T21:36:24.269-0300] {logging_mixin.py:188} INFO - [2024-06-16T21:36:24.269-0300] {dag.py:3096} INFO - Sync 1 DAGs
[2024-06-16T21:36:24.278-0300] {logging_mixin.py:188} INFO - [2024-06-16T21:36:24.277-0300] {dag.py:3954} INFO - Setting next_dagrun for example_python_decorator to None, run_after=None
[2024-06-16T21:36:24.302-0300] {processor.py:183} INFO - Processing /home/maira/.local/lib/python3.10/site-packages/airflow/example_dags/example_python_decorator.py took 0.067 seconds
[2024-06-16T21:37:23.226-0300] {processor.py:161} INFO - Started process (PID=85879) to work on /home/maira/.local/lib/python3.10/site-packages/airflow/example_dags/example_python_decorator.py
[2024-06-16T21:37:23.228-0300] {processor.py:830} INFO - Processing file /home/maira/.local/lib/python3.10/site-packages/airflow/example_dags/example_python_decorator.py for tasks to queue
[2024-06-16T21:37:23.229-0300] {logging_mixin.py:188} INFO - [2024-06-16T21:37:23.229-0300] {dagbag.py:545} INFO - Filling up the DagBag from /home/maira/.local/lib/python3.10/site-packages/airflow/example_dags/example_python_decorator.py
[2024-06-16T21:37:23.247-0300] {processor.py:840} INFO - DAG(s) 'example_python_decorator' retrieved from /home/maira/.local/lib/python3.10/site-packages/airflow/example_dags/example_python_decorator.py
[2024-06-16T21:37:23.269-0300] {logging_mixin.py:188} INFO - [2024-06-16T21:37:23.269-0300] {dag.py:3096} INFO - Sync 1 DAGs
[2024-06-16T21:37:23.290-0300] {logging_mixin.py:188} INFO - [2024-06-16T21:37:23.289-0300] {dag.py:3954} INFO - Setting next_dagrun for example_python_decorator to None, run_after=None
[2024-06-16T21:37:23.370-0300] {processor.py:183} INFO - Processing /home/maira/.local/lib/python3.10/site-packages/airflow/example_dags/example_python_decorator.py took 0.158 seconds
[2024-06-16T21:38:02.728-0300] {processor.py:161} INFO - Started process (PID=85920) to work on /home/maira/.local/lib/python3.10/site-packages/airflow/example_dags/example_python_decorator.py
[2024-06-16T21:38:02.729-0300] {processor.py:830} INFO - Processing file /home/maira/.local/lib/python3.10/site-packages/airflow/example_dags/example_python_decorator.py for tasks to queue
[2024-06-16T21:38:02.729-0300] {logging_mixin.py:188} INFO - [2024-06-16T21:38:02.729-0300] {dagbag.py:545} INFO - Filling up the DagBag from /home/maira/.local/lib/python3.10/site-packages/airflow/example_dags/example_python_decorator.py
[2024-06-16T21:38:02.740-0300] {processor.py:840} INFO - DAG(s) 'example_python_decorator' retrieved from /home/maira/.local/lib/python3.10/site-packages/airflow/example_dags/example_python_decorator.py
[2024-06-16T21:38:02.757-0300] {logging_mixin.py:188} INFO - [2024-06-16T21:38:02.757-0300] {dag.py:3096} INFO - Sync 1 DAGs
[2024-06-16T21:38:02.767-0300] {logging_mixin.py:188} INFO - [2024-06-16T21:38:02.767-0300] {dag.py:3954} INFO - Setting next_dagrun for example_python_decorator to None, run_after=None
[2024-06-16T21:38:02.794-0300] {processor.py:183} INFO - Processing /home/maira/.local/lib/python3.10/site-packages/airflow/example_dags/example_python_decorator.py took 0.073 seconds
[2024-06-16T21:38:57.825-0300] {processor.py:161} INFO - Started process (PID=89174) to work on /home/maira/.local/lib/python3.10/site-packages/airflow/example_dags/example_python_decorator.py
[2024-06-16T21:38:57.826-0300] {processor.py:830} INFO - Processing file /home/maira/.local/lib/python3.10/site-packages/airflow/example_dags/example_python_decorator.py for tasks to queue
[2024-06-16T21:38:57.827-0300] {logging_mixin.py:188} INFO - [2024-06-16T21:38:57.827-0300] {dagbag.py:545} INFO - Filling up the DagBag from /home/maira/.local/lib/python3.10/site-packages/airflow/example_dags/example_python_decorator.py
[2024-06-16T21:38:57.841-0300] {processor.py:840} INFO - DAG(s) 'example_python_decorator' retrieved from /home/maira/.local/lib/python3.10/site-packages/airflow/example_dags/example_python_decorator.py
[2024-06-16T21:38:57.872-0300] {logging_mixin.py:188} INFO - [2024-06-16T21:38:57.871-0300] {dag.py:3096} INFO - Sync 1 DAGs
[2024-06-16T21:38:57.884-0300] {logging_mixin.py:188} INFO - [2024-06-16T21:38:57.884-0300] {dag.py:3954} INFO - Setting next_dagrun for example_python_decorator to None, run_after=None
[2024-06-16T21:38:57.919-0300] {processor.py:183} INFO - Processing /home/maira/.local/lib/python3.10/site-packages/airflow/example_dags/example_python_decorator.py took 0.104 seconds
[2024-06-16T21:39:32.427-0300] {processor.py:161} INFO - Started process (PID=91755) to work on /home/maira/.local/lib/python3.10/site-packages/airflow/example_dags/example_python_decorator.py
[2024-06-16T21:39:32.427-0300] {processor.py:830} INFO - Processing file /home/maira/.local/lib/python3.10/site-packages/airflow/example_dags/example_python_decorator.py for tasks to queue
[2024-06-16T21:39:32.428-0300] {logging_mixin.py:188} INFO - [2024-06-16T21:39:32.428-0300] {dagbag.py:545} INFO - Filling up the DagBag from /home/maira/.local/lib/python3.10/site-packages/airflow/example_dags/example_python_decorator.py
[2024-06-16T21:39:32.443-0300] {processor.py:840} INFO - DAG(s) 'example_python_decorator' retrieved from /home/maira/.local/lib/python3.10/site-packages/airflow/example_dags/example_python_decorator.py
[2024-06-16T21:39:32.463-0300] {logging_mixin.py:188} INFO - [2024-06-16T21:39:32.463-0300] {dag.py:3096} INFO - Sync 1 DAGs
[2024-06-16T21:39:32.475-0300] {logging_mixin.py:188} INFO - [2024-06-16T21:39:32.474-0300] {dag.py:3954} INFO - Setting next_dagrun for example_python_decorator to None, run_after=None
[2024-06-16T21:39:32.504-0300] {processor.py:183} INFO - Processing /home/maira/.local/lib/python3.10/site-packages/airflow/example_dags/example_python_decorator.py took 0.085 seconds
[2024-06-16T21:40:27.687-0300] {processor.py:161} INFO - Started process (PID=96791) to work on /home/maira/.local/lib/python3.10/site-packages/airflow/example_dags/example_python_decorator.py
[2024-06-16T21:40:27.688-0300] {processor.py:830} INFO - Processing file /home/maira/.local/lib/python3.10/site-packages/airflow/example_dags/example_python_decorator.py for tasks to queue
[2024-06-16T21:40:27.690-0300] {logging_mixin.py:188} INFO - [2024-06-16T21:40:27.689-0300] {dagbag.py:545} INFO - Filling up the DagBag from /home/maira/.local/lib/python3.10/site-packages/airflow/example_dags/example_python_decorator.py
[2024-06-16T21:40:27.709-0300] {processor.py:840} INFO - DAG(s) 'example_python_decorator' retrieved from /home/maira/.local/lib/python3.10/site-packages/airflow/example_dags/example_python_decorator.py
[2024-06-16T21:40:27.736-0300] {logging_mixin.py:188} INFO - [2024-06-16T21:40:27.736-0300] {dag.py:3096} INFO - Sync 1 DAGs
[2024-06-16T21:40:27.751-0300] {logging_mixin.py:188} INFO - [2024-06-16T21:40:27.750-0300] {dag.py:3954} INFO - Setting next_dagrun for example_python_decorator to None, run_after=None
[2024-06-16T21:40:27.786-0300] {processor.py:183} INFO - Processing /home/maira/.local/lib/python3.10/site-packages/airflow/example_dags/example_python_decorator.py took 0.108 seconds
[2024-06-16T21:41:24.577-0300] {processor.py:161} INFO - Started process (PID=1691) to work on /home/maira/.local/lib/python3.10/site-packages/airflow/example_dags/example_python_decorator.py
[2024-06-16T21:41:24.578-0300] {processor.py:830} INFO - Processing file /home/maira/.local/lib/python3.10/site-packages/airflow/example_dags/example_python_decorator.py for tasks to queue
[2024-06-16T21:41:24.580-0300] {logging_mixin.py:188} INFO - [2024-06-16T21:41:24.579-0300] {dagbag.py:545} INFO - Filling up the DagBag from /home/maira/.local/lib/python3.10/site-packages/airflow/example_dags/example_python_decorator.py
[2024-06-16T21:41:24.604-0300] {processor.py:840} INFO - DAG(s) 'example_python_decorator' retrieved from /home/maira/.local/lib/python3.10/site-packages/airflow/example_dags/example_python_decorator.py
[2024-06-16T21:41:24.636-0300] {logging_mixin.py:188} INFO - [2024-06-16T21:41:24.635-0300] {dag.py:3096} INFO - Sync 1 DAGs
[2024-06-16T21:41:24.655-0300] {logging_mixin.py:188} INFO - [2024-06-16T21:41:24.655-0300] {dag.py:3954} INFO - Setting next_dagrun for example_python_decorator to None, run_after=None
[2024-06-16T21:41:24.696-0300] {processor.py:183} INFO - Processing /home/maira/.local/lib/python3.10/site-packages/airflow/example_dags/example_python_decorator.py took 0.130 seconds
[2024-06-16T21:42:21.961-0300] {processor.py:161} INFO - Started process (PID=6205) to work on /home/maira/.local/lib/python3.10/site-packages/airflow/example_dags/example_python_decorator.py
[2024-06-16T21:42:21.962-0300] {processor.py:830} INFO - Processing file /home/maira/.local/lib/python3.10/site-packages/airflow/example_dags/example_python_decorator.py for tasks to queue
[2024-06-16T21:42:21.963-0300] {logging_mixin.py:188} INFO - [2024-06-16T21:42:21.963-0300] {dagbag.py:545} INFO - Filling up the DagBag from /home/maira/.local/lib/python3.10/site-packages/airflow/example_dags/example_python_decorator.py
[2024-06-16T21:42:21.977-0300] {processor.py:840} INFO - DAG(s) 'example_python_decorator' retrieved from /home/maira/.local/lib/python3.10/site-packages/airflow/example_dags/example_python_decorator.py
[2024-06-16T21:42:21.996-0300] {logging_mixin.py:188} INFO - [2024-06-16T21:42:21.996-0300] {dag.py:3096} INFO - Sync 1 DAGs
[2024-06-16T21:42:22.009-0300] {logging_mixin.py:188} INFO - [2024-06-16T21:42:22.008-0300] {dag.py:3954} INFO - Setting next_dagrun for example_python_decorator to None, run_after=None
[2024-06-16T21:42:22.042-0300] {processor.py:183} INFO - Processing /home/maira/.local/lib/python3.10/site-packages/airflow/example_dags/example_python_decorator.py took 0.091 seconds
[2024-06-16T21:43:20.968-0300] {processor.py:161} INFO - Started process (PID=11369) to work on /home/maira/.local/lib/python3.10/site-packages/airflow/example_dags/example_python_decorator.py
[2024-06-16T21:43:20.994-0300] {processor.py:830} INFO - Processing file /home/maira/.local/lib/python3.10/site-packages/airflow/example_dags/example_python_decorator.py for tasks to queue
[2024-06-16T21:43:20.995-0300] {logging_mixin.py:188} INFO - [2024-06-16T21:43:20.995-0300] {dagbag.py:545} INFO - Filling up the DagBag from /home/maira/.local/lib/python3.10/site-packages/airflow/example_dags/example_python_decorator.py
[2024-06-16T21:43:21.007-0300] {processor.py:840} INFO - DAG(s) 'example_python_decorator' retrieved from /home/maira/.local/lib/python3.10/site-packages/airflow/example_dags/example_python_decorator.py
[2024-06-16T21:43:21.024-0300] {logging_mixin.py:188} INFO - [2024-06-16T21:43:21.023-0300] {dag.py:3096} INFO - Sync 1 DAGs
[2024-06-16T21:43:21.036-0300] {logging_mixin.py:188} INFO - [2024-06-16T21:43:21.035-0300] {dag.py:3954} INFO - Setting next_dagrun for example_python_decorator to None, run_after=None
[2024-06-16T21:43:22.717-0300] {processor.py:183} INFO - Processing /home/maira/.local/lib/python3.10/site-packages/airflow/example_dags/example_python_decorator.py took 1.756 seconds
[2024-06-16T21:44:02.673-0300] {processor.py:161} INFO - Started process (PID=13200) to work on /home/maira/.local/lib/python3.10/site-packages/airflow/example_dags/example_python_decorator.py
[2024-06-16T21:44:02.743-0300] {processor.py:830} INFO - Processing file /home/maira/.local/lib/python3.10/site-packages/airflow/example_dags/example_python_decorator.py for tasks to queue
[2024-06-16T21:44:02.745-0300] {logging_mixin.py:188} INFO - [2024-06-16T21:44:02.744-0300] {dagbag.py:545} INFO - Filling up the DagBag from /home/maira/.local/lib/python3.10/site-packages/airflow/example_dags/example_python_decorator.py
[2024-06-16T21:44:02.757-0300] {processor.py:840} INFO - DAG(s) 'example_python_decorator' retrieved from /home/maira/.local/lib/python3.10/site-packages/airflow/example_dags/example_python_decorator.py
[2024-06-16T21:44:02.771-0300] {logging_mixin.py:188} INFO - [2024-06-16T21:44:02.771-0300] {dag.py:3096} INFO - Sync 1 DAGs
[2024-06-16T21:44:02.780-0300] {logging_mixin.py:188} INFO - [2024-06-16T21:44:02.780-0300] {dag.py:3954} INFO - Setting next_dagrun for example_python_decorator to None, run_after=None
[2024-06-16T21:44:02.858-0300] {processor.py:183} INFO - Processing /home/maira/.local/lib/python3.10/site-packages/airflow/example_dags/example_python_decorator.py took 0.213 seconds
[2024-06-16T21:44:37.821-0300] {processor.py:161} INFO - Started process (PID=15636) to work on /home/maira/.local/lib/python3.10/site-packages/airflow/example_dags/example_python_decorator.py
[2024-06-16T21:44:37.822-0300] {processor.py:830} INFO - Processing file /home/maira/.local/lib/python3.10/site-packages/airflow/example_dags/example_python_decorator.py for tasks to queue
[2024-06-16T21:44:37.823-0300] {logging_mixin.py:188} INFO - [2024-06-16T21:44:37.823-0300] {dagbag.py:545} INFO - Filling up the DagBag from /home/maira/.local/lib/python3.10/site-packages/airflow/example_dags/example_python_decorator.py
[2024-06-16T21:44:37.836-0300] {processor.py:840} INFO - DAG(s) 'example_python_decorator' retrieved from /home/maira/.local/lib/python3.10/site-packages/airflow/example_dags/example_python_decorator.py
[2024-06-16T21:44:37.854-0300] {logging_mixin.py:188} INFO - [2024-06-16T21:44:37.853-0300] {dag.py:3096} INFO - Sync 1 DAGs
[2024-06-16T21:44:37.866-0300] {logging_mixin.py:188} INFO - [2024-06-16T21:44:37.866-0300] {dag.py:3954} INFO - Setting next_dagrun for example_python_decorator to None, run_after=None
[2024-06-16T21:44:37.902-0300] {processor.py:183} INFO - Processing /home/maira/.local/lib/python3.10/site-packages/airflow/example_dags/example_python_decorator.py took 0.089 seconds
