[2024-06-16T21:32:22.159-0300] {processor.py:161} INFO - Started process (PID=85491) to work on /home/maira/.local/lib/python3.10/site-packages/airflow/example_dags/example_sensors.py
[2024-06-16T21:32:22.160-0300] {processor.py:830} INFO - Processing file /home/maira/.local/lib/python3.10/site-packages/airflow/example_dags/example_sensors.py for tasks to queue
[2024-06-16T21:32:22.161-0300] {logging_mixin.py:188} INFO - [2024-06-16T21:32:22.160-0300] {dagbag.py:545} INFO - Filling up the DagBag from /home/maira/.local/lib/python3.10/site-packages/airflow/example_dags/example_sensors.py
[2024-06-16T21:32:22.170-0300] {processor.py:840} INFO - DAG(s) 'example_sensors' retrieved from /home/maira/.local/lib/python3.10/site-packages/airflow/example_dags/example_sensors.py
[2024-06-16T21:32:22.190-0300] {logging_mixin.py:188} INFO - [2024-06-16T21:32:22.189-0300] {dag.py:3096} INFO - Sync 1 DAGs
[2024-06-16T21:32:22.206-0300] {logging_mixin.py:188} INFO - [2024-06-16T21:32:22.206-0300] {dag.py:3954} INFO - Setting next_dagrun for example_sensors to None, run_after=None
[2024-06-16T21:32:22.242-0300] {processor.py:183} INFO - Processing /home/maira/.local/lib/python3.10/site-packages/airflow/example_dags/example_sensors.py took 0.090 seconds
[2024-06-16T21:33:19.135-0300] {processor.py:161} INFO - Started process (PID=85556) to work on /home/maira/.local/lib/python3.10/site-packages/airflow/example_dags/example_sensors.py
[2024-06-16T21:33:19.138-0300] {processor.py:830} INFO - Processing file /home/maira/.local/lib/python3.10/site-packages/airflow/example_dags/example_sensors.py for tasks to queue
[2024-06-16T21:33:19.139-0300] {logging_mixin.py:188} INFO - [2024-06-16T21:33:19.139-0300] {dagbag.py:545} INFO - Filling up the DagBag from /home/maira/.local/lib/python3.10/site-packages/airflow/example_dags/example_sensors.py
[2024-06-16T21:33:19.146-0300] {processor.py:840} INFO - DAG(s) 'example_sensors' retrieved from /home/maira/.local/lib/python3.10/site-packages/airflow/example_dags/example_sensors.py
[2024-06-16T21:33:19.162-0300] {logging_mixin.py:188} INFO - [2024-06-16T21:33:19.161-0300] {dag.py:3096} INFO - Sync 1 DAGs
[2024-06-16T21:33:19.170-0300] {logging_mixin.py:188} INFO - [2024-06-16T21:33:19.169-0300] {dag.py:3954} INFO - Setting next_dagrun for example_sensors to None, run_after=None
[2024-06-16T21:33:19.210-0300] {processor.py:183} INFO - Processing /home/maira/.local/lib/python3.10/site-packages/airflow/example_dags/example_sensors.py took 0.083 seconds
[2024-06-16T21:34:18.360-0300] {processor.py:161} INFO - Started process (PID=85626) to work on /home/maira/.local/lib/python3.10/site-packages/airflow/example_dags/example_sensors.py
[2024-06-16T21:34:18.362-0300] {processor.py:830} INFO - Processing file /home/maira/.local/lib/python3.10/site-packages/airflow/example_dags/example_sensors.py for tasks to queue
[2024-06-16T21:34:18.363-0300] {logging_mixin.py:188} INFO - [2024-06-16T21:34:18.363-0300] {dagbag.py:545} INFO - Filling up the DagBag from /home/maira/.local/lib/python3.10/site-packages/airflow/example_dags/example_sensors.py
[2024-06-16T21:34:18.370-0300] {processor.py:840} INFO - DAG(s) 'example_sensors' retrieved from /home/maira/.local/lib/python3.10/site-packages/airflow/example_dags/example_sensors.py
[2024-06-16T21:34:18.386-0300] {logging_mixin.py:188} INFO - [2024-06-16T21:34:18.386-0300] {dag.py:3096} INFO - Sync 1 DAGs
[2024-06-16T21:34:18.395-0300] {logging_mixin.py:188} INFO - [2024-06-16T21:34:18.395-0300] {dag.py:3954} INFO - Setting next_dagrun for example_sensors to None, run_after=None
[2024-06-16T21:34:18.420-0300] {processor.py:183} INFO - Processing /home/maira/.local/lib/python3.10/site-packages/airflow/example_dags/example_sensors.py took 0.067 seconds
[2024-06-16T21:35:13.213-0300] {processor.py:161} INFO - Started process (PID=85699) to work on /home/maira/.local/lib/python3.10/site-packages/airflow/example_dags/example_sensors.py
[2024-06-16T21:35:13.215-0300] {processor.py:830} INFO - Processing file /home/maira/.local/lib/python3.10/site-packages/airflow/example_dags/example_sensors.py for tasks to queue
[2024-06-16T21:35:13.216-0300] {logging_mixin.py:188} INFO - [2024-06-16T21:35:13.216-0300] {dagbag.py:545} INFO - Filling up the DagBag from /home/maira/.local/lib/python3.10/site-packages/airflow/example_dags/example_sensors.py
[2024-06-16T21:35:13.223-0300] {processor.py:840} INFO - DAG(s) 'example_sensors' retrieved from /home/maira/.local/lib/python3.10/site-packages/airflow/example_dags/example_sensors.py
[2024-06-16T21:35:13.242-0300] {logging_mixin.py:188} INFO - [2024-06-16T21:35:13.241-0300] {dag.py:3096} INFO - Sync 1 DAGs
[2024-06-16T21:35:13.253-0300] {logging_mixin.py:188} INFO - [2024-06-16T21:35:13.253-0300] {dag.py:3954} INFO - Setting next_dagrun for example_sensors to None, run_after=None
[2024-06-16T21:35:13.278-0300] {processor.py:183} INFO - Processing /home/maira/.local/lib/python3.10/site-packages/airflow/example_dags/example_sensors.py took 0.075 seconds
[2024-06-16T21:36:04.183-0300] {processor.py:161} INFO - Started process (PID=85768) to work on /home/maira/.local/lib/python3.10/site-packages/airflow/example_dags/example_sensors.py
[2024-06-16T21:36:04.185-0300] {processor.py:830} INFO - Processing file /home/maira/.local/lib/python3.10/site-packages/airflow/example_dags/example_sensors.py for tasks to queue
[2024-06-16T21:36:04.186-0300] {logging_mixin.py:188} INFO - [2024-06-16T21:36:04.185-0300] {dagbag.py:545} INFO - Filling up the DagBag from /home/maira/.local/lib/python3.10/site-packages/airflow/example_dags/example_sensors.py
[2024-06-16T21:36:04.193-0300] {processor.py:840} INFO - DAG(s) 'example_sensors' retrieved from /home/maira/.local/lib/python3.10/site-packages/airflow/example_dags/example_sensors.py
[2024-06-16T21:36:04.210-0300] {logging_mixin.py:188} INFO - [2024-06-16T21:36:04.210-0300] {dag.py:3096} INFO - Sync 1 DAGs
[2024-06-16T21:36:04.220-0300] {logging_mixin.py:188} INFO - [2024-06-16T21:36:04.220-0300] {dag.py:3954} INFO - Setting next_dagrun for example_sensors to None, run_after=None
[2024-06-16T21:36:04.245-0300] {processor.py:183} INFO - Processing /home/maira/.local/lib/python3.10/site-packages/airflow/example_dags/example_sensors.py took 0.069 seconds
[2024-06-16T21:36:58.317-0300] {processor.py:161} INFO - Started process (PID=85838) to work on /home/maira/.local/lib/python3.10/site-packages/airflow/example_dags/example_sensors.py
[2024-06-16T21:36:58.319-0300] {processor.py:830} INFO - Processing file /home/maira/.local/lib/python3.10/site-packages/airflow/example_dags/example_sensors.py for tasks to queue
[2024-06-16T21:36:58.320-0300] {logging_mixin.py:188} INFO - [2024-06-16T21:36:58.319-0300] {dagbag.py:545} INFO - Filling up the DagBag from /home/maira/.local/lib/python3.10/site-packages/airflow/example_dags/example_sensors.py
[2024-06-16T21:36:58.337-0300] {processor.py:840} INFO - DAG(s) 'example_sensors' retrieved from /home/maira/.local/lib/python3.10/site-packages/airflow/example_dags/example_sensors.py
[2024-06-16T21:36:58.384-0300] {logging_mixin.py:188} INFO - [2024-06-16T21:36:58.384-0300] {dag.py:3096} INFO - Sync 1 DAGs
[2024-06-16T21:36:58.402-0300] {logging_mixin.py:188} INFO - [2024-06-16T21:36:58.401-0300] {dag.py:3954} INFO - Setting next_dagrun for example_sensors to None, run_after=None
[2024-06-16T21:36:58.468-0300] {processor.py:183} INFO - Processing /home/maira/.local/lib/python3.10/site-packages/airflow/example_dags/example_sensors.py took 0.164 seconds
[2024-06-16T21:38:14.025-0300] {processor.py:161} INFO - Started process (PID=85932) to work on /home/maira/.local/lib/python3.10/site-packages/airflow/example_dags/example_sensors.py
[2024-06-16T21:38:14.026-0300] {processor.py:830} INFO - Processing file /home/maira/.local/lib/python3.10/site-packages/airflow/example_dags/example_sensors.py for tasks to queue
[2024-06-16T21:38:14.027-0300] {logging_mixin.py:188} INFO - [2024-06-16T21:38:14.026-0300] {dagbag.py:545} INFO - Filling up the DagBag from /home/maira/.local/lib/python3.10/site-packages/airflow/example_dags/example_sensors.py
[2024-06-16T21:38:14.035-0300] {processor.py:840} INFO - DAG(s) 'example_sensors' retrieved from /home/maira/.local/lib/python3.10/site-packages/airflow/example_dags/example_sensors.py
[2024-06-16T21:38:14.054-0300] {logging_mixin.py:188} INFO - [2024-06-16T21:38:14.054-0300] {dag.py:3096} INFO - Sync 1 DAGs
[2024-06-16T21:38:14.065-0300] {logging_mixin.py:188} INFO - [2024-06-16T21:38:14.064-0300] {dag.py:3954} INFO - Setting next_dagrun for example_sensors to None, run_after=None
[2024-06-16T21:38:14.093-0300] {processor.py:183} INFO - Processing /home/maira/.local/lib/python3.10/site-packages/airflow/example_dags/example_sensors.py took 0.075 seconds
[2024-06-16T21:39:09.629-0300] {processor.py:161} INFO - Started process (PID=90061) to work on /home/maira/.local/lib/python3.10/site-packages/airflow/example_dags/example_sensors.py
[2024-06-16T21:39:09.630-0300] {processor.py:830} INFO - Processing file /home/maira/.local/lib/python3.10/site-packages/airflow/example_dags/example_sensors.py for tasks to queue
[2024-06-16T21:39:09.632-0300] {logging_mixin.py:188} INFO - [2024-06-16T21:39:09.631-0300] {dagbag.py:545} INFO - Filling up the DagBag from /home/maira/.local/lib/python3.10/site-packages/airflow/example_dags/example_sensors.py
[2024-06-16T21:39:09.642-0300] {processor.py:840} INFO - DAG(s) 'example_sensors' retrieved from /home/maira/.local/lib/python3.10/site-packages/airflow/example_dags/example_sensors.py
[2024-06-16T21:39:09.665-0300] {logging_mixin.py:188} INFO - [2024-06-16T21:39:09.664-0300] {dag.py:3096} INFO - Sync 1 DAGs
[2024-06-16T21:39:09.675-0300] {logging_mixin.py:188} INFO - [2024-06-16T21:39:09.675-0300] {dag.py:3954} INFO - Setting next_dagrun for example_sensors to None, run_after=None
[2024-06-16T21:39:09.708-0300] {processor.py:183} INFO - Processing /home/maira/.local/lib/python3.10/site-packages/airflow/example_dags/example_sensors.py took 0.090 seconds
[2024-06-16T21:40:11.404-0300] {processor.py:161} INFO - Started process (PID=95492) to work on /home/maira/.local/lib/python3.10/site-packages/airflow/example_dags/example_sensors.py
[2024-06-16T21:40:11.406-0300] {processor.py:830} INFO - Processing file /home/maira/.local/lib/python3.10/site-packages/airflow/example_dags/example_sensors.py for tasks to queue
[2024-06-16T21:40:11.408-0300] {logging_mixin.py:188} INFO - [2024-06-16T21:40:11.408-0300] {dagbag.py:545} INFO - Filling up the DagBag from /home/maira/.local/lib/python3.10/site-packages/airflow/example_dags/example_sensors.py
[2024-06-16T21:40:11.429-0300] {processor.py:840} INFO - DAG(s) 'example_sensors' retrieved from /home/maira/.local/lib/python3.10/site-packages/airflow/example_dags/example_sensors.py
[2024-06-16T21:40:11.467-0300] {logging_mixin.py:188} INFO - [2024-06-16T21:40:11.466-0300] {dag.py:3096} INFO - Sync 1 DAGs
[2024-06-16T21:40:11.485-0300] {logging_mixin.py:188} INFO - [2024-06-16T21:40:11.484-0300] {dag.py:3954} INFO - Setting next_dagrun for example_sensors to None, run_after=None
[2024-06-16T21:40:11.524-0300] {processor.py:183} INFO - Processing /home/maira/.local/lib/python3.10/site-packages/airflow/example_dags/example_sensors.py took 0.136 seconds
[2024-06-16T21:41:04.806-0300] {processor.py:161} INFO - Started process (PID=99845) to work on /home/maira/.local/lib/python3.10/site-packages/airflow/example_dags/example_sensors.py
[2024-06-16T21:41:04.808-0300] {processor.py:830} INFO - Processing file /home/maira/.local/lib/python3.10/site-packages/airflow/example_dags/example_sensors.py for tasks to queue
[2024-06-16T21:41:04.809-0300] {logging_mixin.py:188} INFO - [2024-06-16T21:41:04.809-0300] {dagbag.py:545} INFO - Filling up the DagBag from /home/maira/.local/lib/python3.10/site-packages/airflow/example_dags/example_sensors.py
[2024-06-16T21:41:04.829-0300] {processor.py:840} INFO - DAG(s) 'example_sensors' retrieved from /home/maira/.local/lib/python3.10/site-packages/airflow/example_dags/example_sensors.py
[2024-06-16T21:41:04.863-0300] {logging_mixin.py:188} INFO - [2024-06-16T21:41:04.863-0300] {dag.py:3096} INFO - Sync 1 DAGs
[2024-06-16T21:41:04.880-0300] {logging_mixin.py:188} INFO - [2024-06-16T21:41:04.880-0300] {dag.py:3954} INFO - Setting next_dagrun for example_sensors to None, run_after=None
[2024-06-16T21:41:04.918-0300] {processor.py:183} INFO - Processing /home/maira/.local/lib/python3.10/site-packages/airflow/example_dags/example_sensors.py took 0.124 seconds
[2024-06-16T21:42:03.613-0300] {processor.py:161} INFO - Started process (PID=4955) to work on /home/maira/.local/lib/python3.10/site-packages/airflow/example_dags/example_sensors.py
[2024-06-16T21:42:03.615-0300] {processor.py:830} INFO - Processing file /home/maira/.local/lib/python3.10/site-packages/airflow/example_dags/example_sensors.py for tasks to queue
[2024-06-16T21:42:03.617-0300] {logging_mixin.py:188} INFO - [2024-06-16T21:42:03.616-0300] {dagbag.py:545} INFO - Filling up the DagBag from /home/maira/.local/lib/python3.10/site-packages/airflow/example_dags/example_sensors.py
[2024-06-16T21:42:03.627-0300] {processor.py:840} INFO - DAG(s) 'example_sensors' retrieved from /home/maira/.local/lib/python3.10/site-packages/airflow/example_dags/example_sensors.py
[2024-06-16T21:42:03.658-0300] {logging_mixin.py:188} INFO - [2024-06-16T21:42:03.657-0300] {dag.py:3096} INFO - Sync 1 DAGs
[2024-06-16T21:42:03.673-0300] {logging_mixin.py:188} INFO - [2024-06-16T21:42:03.672-0300] {dag.py:3954} INFO - Setting next_dagrun for example_sensors to None, run_after=None
[2024-06-16T21:42:03.707-0300] {processor.py:183} INFO - Processing /home/maira/.local/lib/python3.10/site-packages/airflow/example_dags/example_sensors.py took 0.103 seconds
[2024-06-16T21:42:57.001-0300] {processor.py:161} INFO - Started process (PID=9409) to work on /home/maira/.local/lib/python3.10/site-packages/airflow/example_dags/example_sensors.py
[2024-06-16T21:42:57.003-0300] {processor.py:830} INFO - Processing file /home/maira/.local/lib/python3.10/site-packages/airflow/example_dags/example_sensors.py for tasks to queue
[2024-06-16T21:42:57.004-0300] {logging_mixin.py:188} INFO - [2024-06-16T21:42:57.004-0300] {dagbag.py:545} INFO - Filling up the DagBag from /home/maira/.local/lib/python3.10/site-packages/airflow/example_dags/example_sensors.py
[2024-06-16T21:42:57.013-0300] {processor.py:840} INFO - DAG(s) 'example_sensors' retrieved from /home/maira/.local/lib/python3.10/site-packages/airflow/example_dags/example_sensors.py
[2024-06-16T21:42:57.034-0300] {logging_mixin.py:188} INFO - [2024-06-16T21:42:57.034-0300] {dag.py:3096} INFO - Sync 1 DAGs
[2024-06-16T21:42:57.046-0300] {logging_mixin.py:188} INFO - [2024-06-16T21:42:57.045-0300] {dag.py:3954} INFO - Setting next_dagrun for example_sensors to None, run_after=None
[2024-06-16T21:42:57.077-0300] {processor.py:183} INFO - Processing /home/maira/.local/lib/python3.10/site-packages/airflow/example_dags/example_sensors.py took 0.087 seconds
[2024-06-16T21:44:18.829-0300] {processor.py:161} INFO - Started process (PID=14295) to work on /home/maira/.local/lib/python3.10/site-packages/airflow/example_dags/example_sensors.py
[2024-06-16T21:44:18.831-0300] {processor.py:830} INFO - Processing file /home/maira/.local/lib/python3.10/site-packages/airflow/example_dags/example_sensors.py for tasks to queue
[2024-06-16T21:44:18.832-0300] {logging_mixin.py:188} INFO - [2024-06-16T21:44:18.832-0300] {dagbag.py:545} INFO - Filling up the DagBag from /home/maira/.local/lib/python3.10/site-packages/airflow/example_dags/example_sensors.py
[2024-06-16T21:44:18.842-0300] {processor.py:840} INFO - DAG(s) 'example_sensors' retrieved from /home/maira/.local/lib/python3.10/site-packages/airflow/example_dags/example_sensors.py
[2024-06-16T21:44:18.871-0300] {logging_mixin.py:188} INFO - [2024-06-16T21:44:18.871-0300] {dag.py:3096} INFO - Sync 1 DAGs
[2024-06-16T21:44:18.885-0300] {logging_mixin.py:188} INFO - [2024-06-16T21:44:18.885-0300] {dag.py:3954} INFO - Setting next_dagrun for example_sensors to None, run_after=None
[2024-06-16T21:44:18.920-0300] {processor.py:183} INFO - Processing /home/maira/.local/lib/python3.10/site-packages/airflow/example_dags/example_sensors.py took 0.102 seconds
