[2024-06-16T21:32:49.947-0300] {processor.py:161} INFO - Started process (PID=85527) to work on /home/maira/.local/lib/python3.10/site-packages/airflow/example_dags/example_branch_operator_decorator.py
[2024-06-16T21:32:49.947-0300] {processor.py:830} INFO - Processing file /home/maira/.local/lib/python3.10/site-packages/airflow/example_dags/example_branch_operator_decorator.py for tasks to queue
[2024-06-16T21:32:49.948-0300] {logging_mixin.py:188} INFO - [2024-06-16T21:32:49.948-0300] {dagbag.py:545} INFO - Filling up the DagBag from /home/maira/.local/lib/python3.10/site-packages/airflow/example_dags/example_branch_operator_decorator.py
[2024-06-16T21:32:49.966-0300] {processor.py:840} INFO - DAG(s) 'example_branch_python_operator_decorator' retrieved from /home/maira/.local/lib/python3.10/site-packages/airflow/example_dags/example_branch_operator_decorator.py
[2024-06-16T21:32:49.987-0300] {logging_mixin.py:188} INFO - [2024-06-16T21:32:49.987-0300] {dag.py:3096} INFO - Sync 1 DAGs
[2024-06-16T21:32:50.002-0300] {logging_mixin.py:188} INFO - [2024-06-16T21:32:50.002-0300] {dag.py:3954} INFO - Setting next_dagrun for example_branch_python_operator_decorator to 2024-06-16 00:00:00+00:00, run_after=2024-06-17 00:00:00+00:00
[2024-06-16T21:32:50.024-0300] {processor.py:183} INFO - Processing /home/maira/.local/lib/python3.10/site-packages/airflow/example_dags/example_branch_operator_decorator.py took 0.084 seconds
[2024-06-16T21:33:43.407-0300] {processor.py:161} INFO - Started process (PID=85597) to work on /home/maira/.local/lib/python3.10/site-packages/airflow/example_dags/example_branch_operator_decorator.py
[2024-06-16T21:33:43.409-0300] {processor.py:830} INFO - Processing file /home/maira/.local/lib/python3.10/site-packages/airflow/example_dags/example_branch_operator_decorator.py for tasks to queue
[2024-06-16T21:33:43.410-0300] {logging_mixin.py:188} INFO - [2024-06-16T21:33:43.410-0300] {dagbag.py:545} INFO - Filling up the DagBag from /home/maira/.local/lib/python3.10/site-packages/airflow/example_dags/example_branch_operator_decorator.py
[2024-06-16T21:33:43.425-0300] {processor.py:840} INFO - DAG(s) 'example_branch_python_operator_decorator' retrieved from /home/maira/.local/lib/python3.10/site-packages/airflow/example_dags/example_branch_operator_decorator.py
[2024-06-16T21:33:43.443-0300] {logging_mixin.py:188} INFO - [2024-06-16T21:33:43.442-0300] {dag.py:3096} INFO - Sync 1 DAGs
[2024-06-16T21:33:43.457-0300] {logging_mixin.py:188} INFO - [2024-06-16T21:33:43.457-0300] {dag.py:3954} INFO - Setting next_dagrun for example_branch_python_operator_decorator to 2024-06-16 00:00:00+00:00, run_after=2024-06-17 00:00:00+00:00
[2024-06-16T21:33:43.482-0300] {processor.py:183} INFO - Processing /home/maira/.local/lib/python3.10/site-packages/airflow/example_dags/example_branch_operator_decorator.py took 0.082 seconds
[2024-06-16T21:34:40.590-0300] {processor.py:161} INFO - Started process (PID=85664) to work on /home/maira/.local/lib/python3.10/site-packages/airflow/example_dags/example_branch_operator_decorator.py
[2024-06-16T21:34:40.593-0300] {processor.py:830} INFO - Processing file /home/maira/.local/lib/python3.10/site-packages/airflow/example_dags/example_branch_operator_decorator.py for tasks to queue
[2024-06-16T21:34:40.594-0300] {logging_mixin.py:188} INFO - [2024-06-16T21:34:40.594-0300] {dagbag.py:545} INFO - Filling up the DagBag from /home/maira/.local/lib/python3.10/site-packages/airflow/example_dags/example_branch_operator_decorator.py
[2024-06-16T21:34:40.616-0300] {processor.py:840} INFO - DAG(s) 'example_branch_python_operator_decorator' retrieved from /home/maira/.local/lib/python3.10/site-packages/airflow/example_dags/example_branch_operator_decorator.py
[2024-06-16T21:34:40.640-0300] {logging_mixin.py:188} INFO - [2024-06-16T21:34:40.639-0300] {dag.py:3096} INFO - Sync 1 DAGs
[2024-06-16T21:34:40.662-0300] {logging_mixin.py:188} INFO - [2024-06-16T21:34:40.662-0300] {dag.py:3954} INFO - Setting next_dagrun for example_branch_python_operator_decorator to 2024-06-16 00:00:00+00:00, run_after=2024-06-17 00:00:00+00:00
[2024-06-16T21:34:40.690-0300] {processor.py:183} INFO - Processing /home/maira/.local/lib/python3.10/site-packages/airflow/example_dags/example_branch_operator_decorator.py took 0.107 seconds
[2024-06-16T21:35:34.955-0300] {processor.py:161} INFO - Started process (PID=85737) to work on /home/maira/.local/lib/python3.10/site-packages/airflow/example_dags/example_branch_operator_decorator.py
[2024-06-16T21:35:34.957-0300] {processor.py:830} INFO - Processing file /home/maira/.local/lib/python3.10/site-packages/airflow/example_dags/example_branch_operator_decorator.py for tasks to queue
[2024-06-16T21:35:34.958-0300] {logging_mixin.py:188} INFO - [2024-06-16T21:35:34.958-0300] {dagbag.py:545} INFO - Filling up the DagBag from /home/maira/.local/lib/python3.10/site-packages/airflow/example_dags/example_branch_operator_decorator.py
[2024-06-16T21:35:34.976-0300] {processor.py:840} INFO - DAG(s) 'example_branch_python_operator_decorator' retrieved from /home/maira/.local/lib/python3.10/site-packages/airflow/example_dags/example_branch_operator_decorator.py
[2024-06-16T21:35:34.994-0300] {logging_mixin.py:188} INFO - [2024-06-16T21:35:34.993-0300] {dag.py:3096} INFO - Sync 1 DAGs
[2024-06-16T21:35:35.008-0300] {logging_mixin.py:188} INFO - [2024-06-16T21:35:35.008-0300] {dag.py:3954} INFO - Setting next_dagrun for example_branch_python_operator_decorator to 2024-06-16 00:00:00+00:00, run_after=2024-06-17 00:00:00+00:00
[2024-06-16T21:35:35.032-0300] {processor.py:183} INFO - Processing /home/maira/.local/lib/python3.10/site-packages/airflow/example_dags/example_branch_operator_decorator.py took 0.084 seconds
[2024-06-16T21:36:41.360-0300] {processor.py:161} INFO - Started process (PID=85820) to work on /home/maira/.local/lib/python3.10/site-packages/airflow/example_dags/example_branch_operator_decorator.py
[2024-06-16T21:36:41.361-0300] {processor.py:830} INFO - Processing file /home/maira/.local/lib/python3.10/site-packages/airflow/example_dags/example_branch_operator_decorator.py for tasks to queue
[2024-06-16T21:36:41.363-0300] {logging_mixin.py:188} INFO - [2024-06-16T21:36:41.362-0300] {dagbag.py:545} INFO - Filling up the DagBag from /home/maira/.local/lib/python3.10/site-packages/airflow/example_dags/example_branch_operator_decorator.py
[2024-06-16T21:36:41.380-0300] {processor.py:840} INFO - DAG(s) 'example_branch_python_operator_decorator' retrieved from /home/maira/.local/lib/python3.10/site-packages/airflow/example_dags/example_branch_operator_decorator.py
[2024-06-16T21:36:41.398-0300] {logging_mixin.py:188} INFO - [2024-06-16T21:36:41.397-0300] {dag.py:3096} INFO - Sync 1 DAGs
[2024-06-16T21:36:41.413-0300] {logging_mixin.py:188} INFO - [2024-06-16T21:36:41.413-0300] {dag.py:3954} INFO - Setting next_dagrun for example_branch_python_operator_decorator to 2024-06-16 00:00:00+00:00, run_after=2024-06-17 00:00:00+00:00
[2024-06-16T21:36:41.438-0300] {processor.py:183} INFO - Processing /home/maira/.local/lib/python3.10/site-packages/airflow/example_dags/example_branch_operator_decorator.py took 0.085 seconds
[2024-06-16T21:37:56.823-0300] {processor.py:161} INFO - Started process (PID=85914) to work on /home/maira/.local/lib/python3.10/site-packages/airflow/example_dags/example_branch_operator_decorator.py
[2024-06-16T21:37:56.825-0300] {processor.py:830} INFO - Processing file /home/maira/.local/lib/python3.10/site-packages/airflow/example_dags/example_branch_operator_decorator.py for tasks to queue
[2024-06-16T21:37:56.826-0300] {logging_mixin.py:188} INFO - [2024-06-16T21:37:56.826-0300] {dagbag.py:545} INFO - Filling up the DagBag from /home/maira/.local/lib/python3.10/site-packages/airflow/example_dags/example_branch_operator_decorator.py
[2024-06-16T21:37:56.844-0300] {processor.py:840} INFO - DAG(s) 'example_branch_python_operator_decorator' retrieved from /home/maira/.local/lib/python3.10/site-packages/airflow/example_dags/example_branch_operator_decorator.py
[2024-06-16T21:37:56.864-0300] {logging_mixin.py:188} INFO - [2024-06-16T21:37:56.864-0300] {dag.py:3096} INFO - Sync 1 DAGs
[2024-06-16T21:37:56.885-0300] {logging_mixin.py:188} INFO - [2024-06-16T21:37:56.885-0300] {dag.py:3954} INFO - Setting next_dagrun for example_branch_python_operator_decorator to 2024-06-16 00:00:00+00:00, run_after=2024-06-17 00:00:00+00:00
[2024-06-16T21:37:56.910-0300] {processor.py:183} INFO - Processing /home/maira/.local/lib/python3.10/site-packages/airflow/example_dags/example_branch_operator_decorator.py took 0.095 seconds
[2024-06-16T21:39:23.376-0300] {processor.py:161} INFO - Started process (PID=91162) to work on /home/maira/.local/lib/python3.10/site-packages/airflow/example_dags/example_branch_operator_decorator.py
[2024-06-16T21:39:23.378-0300] {processor.py:830} INFO - Processing file /home/maira/.local/lib/python3.10/site-packages/airflow/example_dags/example_branch_operator_decorator.py for tasks to queue
[2024-06-16T21:39:23.380-0300] {logging_mixin.py:188} INFO - [2024-06-16T21:39:23.379-0300] {dagbag.py:545} INFO - Filling up the DagBag from /home/maira/.local/lib/python3.10/site-packages/airflow/example_dags/example_branch_operator_decorator.py
[2024-06-16T21:39:23.405-0300] {processor.py:840} INFO - DAG(s) 'example_branch_python_operator_decorator' retrieved from /home/maira/.local/lib/python3.10/site-packages/airflow/example_dags/example_branch_operator_decorator.py
[2024-06-16T21:39:23.438-0300] {logging_mixin.py:188} INFO - [2024-06-16T21:39:23.437-0300] {dag.py:3096} INFO - Sync 1 DAGs
[2024-06-16T21:39:23.469-0300] {logging_mixin.py:188} INFO - [2024-06-16T21:39:23.469-0300] {dag.py:3954} INFO - Setting next_dagrun for example_branch_python_operator_decorator to 2024-06-16 00:00:00+00:00, run_after=2024-06-17 00:00:00+00:00
[2024-06-16T21:39:23.509-0300] {processor.py:183} INFO - Processing /home/maira/.local/lib/python3.10/site-packages/airflow/example_dags/example_branch_operator_decorator.py took 0.141 seconds
[2024-06-16T21:40:21.158-0300] {processor.py:161} INFO - Started process (PID=96275) to work on /home/maira/.local/lib/python3.10/site-packages/airflow/example_dags/example_branch_operator_decorator.py
[2024-06-16T21:40:21.159-0300] {processor.py:830} INFO - Processing file /home/maira/.local/lib/python3.10/site-packages/airflow/example_dags/example_branch_operator_decorator.py for tasks to queue
[2024-06-16T21:40:21.161-0300] {logging_mixin.py:188} INFO - [2024-06-16T21:40:21.160-0300] {dagbag.py:545} INFO - Filling up the DagBag from /home/maira/.local/lib/python3.10/site-packages/airflow/example_dags/example_branch_operator_decorator.py
[2024-06-16T21:40:21.186-0300] {processor.py:840} INFO - DAG(s) 'example_branch_python_operator_decorator' retrieved from /home/maira/.local/lib/python3.10/site-packages/airflow/example_dags/example_branch_operator_decorator.py
[2024-06-16T21:40:21.216-0300] {logging_mixin.py:188} INFO - [2024-06-16T21:40:21.216-0300] {dag.py:3096} INFO - Sync 1 DAGs
[2024-06-16T21:40:21.240-0300] {logging_mixin.py:188} INFO - [2024-06-16T21:40:21.239-0300] {dag.py:3954} INFO - Setting next_dagrun for example_branch_python_operator_decorator to 2024-06-16 00:00:00+00:00, run_after=2024-06-17 00:00:00+00:00
[2024-06-16T21:40:21.279-0300] {processor.py:183} INFO - Processing /home/maira/.local/lib/python3.10/site-packages/airflow/example_dags/example_branch_operator_decorator.py took 0.130 seconds
[2024-06-16T21:41:18.404-0300] {processor.py:161} INFO - Started process (PID=1170) to work on /home/maira/.local/lib/python3.10/site-packages/airflow/example_dags/example_branch_operator_decorator.py
[2024-06-16T21:41:18.406-0300] {processor.py:830} INFO - Processing file /home/maira/.local/lib/python3.10/site-packages/airflow/example_dags/example_branch_operator_decorator.py for tasks to queue
[2024-06-16T21:41:18.407-0300] {logging_mixin.py:188} INFO - [2024-06-16T21:41:18.407-0300] {dagbag.py:545} INFO - Filling up the DagBag from /home/maira/.local/lib/python3.10/site-packages/airflow/example_dags/example_branch_operator_decorator.py
[2024-06-16T21:41:18.432-0300] {processor.py:840} INFO - DAG(s) 'example_branch_python_operator_decorator' retrieved from /home/maira/.local/lib/python3.10/site-packages/airflow/example_dags/example_branch_operator_decorator.py
[2024-06-16T21:41:18.459-0300] {logging_mixin.py:188} INFO - [2024-06-16T21:41:18.459-0300] {dag.py:3096} INFO - Sync 1 DAGs
[2024-06-16T21:41:18.480-0300] {logging_mixin.py:188} INFO - [2024-06-16T21:41:18.480-0300] {dag.py:3954} INFO - Setting next_dagrun for example_branch_python_operator_decorator to 2024-06-16 00:00:00+00:00, run_after=2024-06-17 00:00:00+00:00
[2024-06-16T21:41:18.511-0300] {processor.py:183} INFO - Processing /home/maira/.local/lib/python3.10/site-packages/airflow/example_dags/example_branch_operator_decorator.py took 0.120 seconds
[2024-06-16T21:42:14.680-0300] {processor.py:161} INFO - Started process (PID=5590) to work on /home/maira/.local/lib/python3.10/site-packages/airflow/example_dags/example_branch_operator_decorator.py
[2024-06-16T21:42:14.682-0300] {processor.py:830} INFO - Processing file /home/maira/.local/lib/python3.10/site-packages/airflow/example_dags/example_branch_operator_decorator.py for tasks to queue
[2024-06-16T21:42:14.683-0300] {logging_mixin.py:188} INFO - [2024-06-16T21:42:14.683-0300] {dagbag.py:545} INFO - Filling up the DagBag from /home/maira/.local/lib/python3.10/site-packages/airflow/example_dags/example_branch_operator_decorator.py
[2024-06-16T21:42:14.718-0300] {processor.py:840} INFO - DAG(s) 'example_branch_python_operator_decorator' retrieved from /home/maira/.local/lib/python3.10/site-packages/airflow/example_dags/example_branch_operator_decorator.py
[2024-06-16T21:42:14.758-0300] {logging_mixin.py:188} INFO - [2024-06-16T21:42:14.758-0300] {dag.py:3096} INFO - Sync 1 DAGs
[2024-06-16T21:42:14.781-0300] {logging_mixin.py:188} INFO - [2024-06-16T21:42:14.781-0300] {dag.py:3954} INFO - Setting next_dagrun for example_branch_python_operator_decorator to 2024-06-16 00:00:00+00:00, run_after=2024-06-17 00:00:00+00:00
[2024-06-16T21:42:14.816-0300] {processor.py:183} INFO - Processing /home/maira/.local/lib/python3.10/site-packages/airflow/example_dags/example_branch_operator_decorator.py took 0.145 seconds
[2024-06-16T21:43:10.932-0300] {processor.py:161} INFO - Started process (PID=10408) to work on /home/maira/.local/lib/python3.10/site-packages/airflow/example_dags/example_branch_operator_decorator.py
[2024-06-16T21:43:10.934-0300] {processor.py:830} INFO - Processing file /home/maira/.local/lib/python3.10/site-packages/airflow/example_dags/example_branch_operator_decorator.py for tasks to queue
[2024-06-16T21:43:10.936-0300] {logging_mixin.py:188} INFO - [2024-06-16T21:43:10.935-0300] {dagbag.py:545} INFO - Filling up the DagBag from /home/maira/.local/lib/python3.10/site-packages/airflow/example_dags/example_branch_operator_decorator.py
[2024-06-16T21:43:10.965-0300] {processor.py:840} INFO - DAG(s) 'example_branch_python_operator_decorator' retrieved from /home/maira/.local/lib/python3.10/site-packages/airflow/example_dags/example_branch_operator_decorator.py
[2024-06-16T21:43:10.991-0300] {logging_mixin.py:188} INFO - [2024-06-16T21:43:10.991-0300] {dag.py:3096} INFO - Sync 1 DAGs
[2024-06-16T21:43:11.011-0300] {logging_mixin.py:188} INFO - [2024-06-16T21:43:11.011-0300] {dag.py:3954} INFO - Setting next_dagrun for example_branch_python_operator_decorator to 2024-06-16 00:00:00+00:00, run_after=2024-06-17 00:00:00+00:00
[2024-06-16T21:43:11.047-0300] {processor.py:183} INFO - Processing /home/maira/.local/lib/python3.10/site-packages/airflow/example_dags/example_branch_operator_decorator.py took 0.123 seconds
[2024-06-16T21:44:30.378-0300] {processor.py:161} INFO - Started process (PID=15034) to work on /home/maira/.local/lib/python3.10/site-packages/airflow/example_dags/example_branch_operator_decorator.py
[2024-06-16T21:44:30.380-0300] {processor.py:830} INFO - Processing file /home/maira/.local/lib/python3.10/site-packages/airflow/example_dags/example_branch_operator_decorator.py for tasks to queue
[2024-06-16T21:44:30.381-0300] {logging_mixin.py:188} INFO - [2024-06-16T21:44:30.381-0300] {dagbag.py:545} INFO - Filling up the DagBag from /home/maira/.local/lib/python3.10/site-packages/airflow/example_dags/example_branch_operator_decorator.py
[2024-06-16T21:44:30.404-0300] {processor.py:840} INFO - DAG(s) 'example_branch_python_operator_decorator' retrieved from /home/maira/.local/lib/python3.10/site-packages/airflow/example_dags/example_branch_operator_decorator.py
[2024-06-16T21:44:30.427-0300] {logging_mixin.py:188} INFO - [2024-06-16T21:44:30.427-0300] {dag.py:3096} INFO - Sync 1 DAGs
[2024-06-16T21:44:30.448-0300] {logging_mixin.py:188} INFO - [2024-06-16T21:44:30.448-0300] {dag.py:3954} INFO - Setting next_dagrun for example_branch_python_operator_decorator to 2024-06-16 00:00:00+00:00, run_after=2024-06-17 00:00:00+00:00
[2024-06-16T21:44:30.489-0300] {processor.py:183} INFO - Processing /home/maira/.local/lib/python3.10/site-packages/airflow/example_dags/example_branch_operator_decorator.py took 0.120 seconds
