[2024-06-16T21:32:34.047-0300] {processor.py:161} INFO - Started process (PID=85515) to work on /home/maira/.local/lib/python3.10/site-packages/airflow/example_dags/example_bash_decorator.py
[2024-06-16T21:32:34.048-0300] {processor.py:830} INFO - Processing file /home/maira/.local/lib/python3.10/site-packages/airflow/example_dags/example_bash_decorator.py for tasks to queue
[2024-06-16T21:32:34.049-0300] {logging_mixin.py:188} INFO - [2024-06-16T21:32:34.048-0300] {dagbag.py:545} INFO - Filling up the DagBag from /home/maira/.local/lib/python3.10/site-packages/airflow/example_dags/example_bash_decorator.py
[2024-06-16T21:32:34.060-0300] {processor.py:840} INFO - DAG(s) 'example_bash_decorator' retrieved from /home/maira/.local/lib/python3.10/site-packages/airflow/example_dags/example_bash_decorator.py
[2024-06-16T21:32:34.078-0300] {logging_mixin.py:188} INFO - [2024-06-16T21:32:34.078-0300] {dag.py:3096} INFO - Sync 1 DAGs
[2024-06-16T21:32:34.087-0300] {logging_mixin.py:188} INFO - [2024-06-16T21:32:34.086-0300] {dag.py:3954} INFO - Setting next_dagrun for example_bash_decorator to None, run_after=None
[2024-06-16T21:32:34.116-0300] {processor.py:183} INFO - Processing /home/maira/.local/lib/python3.10/site-packages/airflow/example_dags/example_bash_decorator.py took 0.077 seconds
[2024-06-16T21:33:32.525-0300] {processor.py:161} INFO - Started process (PID=85585) to work on /home/maira/.local/lib/python3.10/site-packages/airflow/example_dags/example_bash_decorator.py
[2024-06-16T21:33:32.528-0300] {processor.py:830} INFO - Processing file /home/maira/.local/lib/python3.10/site-packages/airflow/example_dags/example_bash_decorator.py for tasks to queue
[2024-06-16T21:33:32.528-0300] {logging_mixin.py:188} INFO - [2024-06-16T21:33:32.528-0300] {dagbag.py:545} INFO - Filling up the DagBag from /home/maira/.local/lib/python3.10/site-packages/airflow/example_dags/example_bash_decorator.py
[2024-06-16T21:33:32.538-0300] {processor.py:840} INFO - DAG(s) 'example_bash_decorator' retrieved from /home/maira/.local/lib/python3.10/site-packages/airflow/example_dags/example_bash_decorator.py
[2024-06-16T21:33:32.553-0300] {logging_mixin.py:188} INFO - [2024-06-16T21:33:32.553-0300] {dag.py:3096} INFO - Sync 1 DAGs
[2024-06-16T21:33:32.562-0300] {logging_mixin.py:188} INFO - [2024-06-16T21:33:32.561-0300] {dag.py:3954} INFO - Setting next_dagrun for example_bash_decorator to None, run_after=None
[2024-06-16T21:33:32.588-0300] {processor.py:183} INFO - Processing /home/maira/.local/lib/python3.10/site-packages/airflow/example_dags/example_bash_decorator.py took 0.069 seconds
[2024-06-16T21:34:27.280-0300] {processor.py:161} INFO - Started process (PID=85650) to work on /home/maira/.local/lib/python3.10/site-packages/airflow/example_dags/example_bash_decorator.py
[2024-06-16T21:34:27.282-0300] {processor.py:830} INFO - Processing file /home/maira/.local/lib/python3.10/site-packages/airflow/example_dags/example_bash_decorator.py for tasks to queue
[2024-06-16T21:34:27.283-0300] {logging_mixin.py:188} INFO - [2024-06-16T21:34:27.283-0300] {dagbag.py:545} INFO - Filling up the DagBag from /home/maira/.local/lib/python3.10/site-packages/airflow/example_dags/example_bash_decorator.py
[2024-06-16T21:34:27.293-0300] {processor.py:840} INFO - DAG(s) 'example_bash_decorator' retrieved from /home/maira/.local/lib/python3.10/site-packages/airflow/example_dags/example_bash_decorator.py
[2024-06-16T21:34:27.307-0300] {logging_mixin.py:188} INFO - [2024-06-16T21:34:27.306-0300] {dag.py:3096} INFO - Sync 1 DAGs
[2024-06-16T21:34:27.315-0300] {logging_mixin.py:188} INFO - [2024-06-16T21:34:27.314-0300] {dag.py:3954} INFO - Setting next_dagrun for example_bash_decorator to None, run_after=None
[2024-06-16T21:34:27.336-0300] {processor.py:183} INFO - Processing /home/maira/.local/lib/python3.10/site-packages/airflow/example_dags/example_bash_decorator.py took 0.063 seconds
[2024-06-16T21:35:21.230-0300] {processor.py:161} INFO - Started process (PID=85722) to work on /home/maira/.local/lib/python3.10/site-packages/airflow/example_dags/example_bash_decorator.py
[2024-06-16T21:35:21.231-0300] {processor.py:830} INFO - Processing file /home/maira/.local/lib/python3.10/site-packages/airflow/example_dags/example_bash_decorator.py for tasks to queue
[2024-06-16T21:35:21.232-0300] {logging_mixin.py:188} INFO - [2024-06-16T21:35:21.232-0300] {dagbag.py:545} INFO - Filling up the DagBag from /home/maira/.local/lib/python3.10/site-packages/airflow/example_dags/example_bash_decorator.py
[2024-06-16T21:35:21.246-0300] {processor.py:840} INFO - DAG(s) 'example_bash_decorator' retrieved from /home/maira/.local/lib/python3.10/site-packages/airflow/example_dags/example_bash_decorator.py
[2024-06-16T21:35:21.265-0300] {logging_mixin.py:188} INFO - [2024-06-16T21:35:21.265-0300] {dag.py:3096} INFO - Sync 1 DAGs
[2024-06-16T21:35:21.273-0300] {logging_mixin.py:188} INFO - [2024-06-16T21:35:21.272-0300] {dag.py:3954} INFO - Setting next_dagrun for example_bash_decorator to None, run_after=None
[2024-06-16T21:35:21.301-0300] {processor.py:183} INFO - Processing /home/maira/.local/lib/python3.10/site-packages/airflow/example_dags/example_bash_decorator.py took 0.078 seconds
[2024-06-16T21:36:12.749-0300] {processor.py:161} INFO - Started process (PID=85791) to work on /home/maira/.local/lib/python3.10/site-packages/airflow/example_dags/example_bash_decorator.py
[2024-06-16T21:36:12.751-0300] {processor.py:830} INFO - Processing file /home/maira/.local/lib/python3.10/site-packages/airflow/example_dags/example_bash_decorator.py for tasks to queue
[2024-06-16T21:36:12.752-0300] {logging_mixin.py:188} INFO - [2024-06-16T21:36:12.751-0300] {dagbag.py:545} INFO - Filling up the DagBag from /home/maira/.local/lib/python3.10/site-packages/airflow/example_dags/example_bash_decorator.py
[2024-06-16T21:36:12.764-0300] {processor.py:840} INFO - DAG(s) 'example_bash_decorator' retrieved from /home/maira/.local/lib/python3.10/site-packages/airflow/example_dags/example_bash_decorator.py
[2024-06-16T21:36:12.783-0300] {logging_mixin.py:188} INFO - [2024-06-16T21:36:12.783-0300] {dag.py:3096} INFO - Sync 1 DAGs
[2024-06-16T21:36:12.796-0300] {logging_mixin.py:188} INFO - [2024-06-16T21:36:12.796-0300] {dag.py:3954} INFO - Setting next_dagrun for example_bash_decorator to None, run_after=None
[2024-06-16T21:36:12.826-0300] {processor.py:183} INFO - Processing /home/maira/.local/lib/python3.10/site-packages/airflow/example_dags/example_bash_decorator.py took 0.086 seconds
[2024-06-16T21:37:13.328-0300] {processor.py:161} INFO - Started process (PID=85868) to work on /home/maira/.local/lib/python3.10/site-packages/airflow/example_dags/example_bash_decorator.py
[2024-06-16T21:37:13.330-0300] {processor.py:830} INFO - Processing file /home/maira/.local/lib/python3.10/site-packages/airflow/example_dags/example_bash_decorator.py for tasks to queue
[2024-06-16T21:37:13.331-0300] {logging_mixin.py:188} INFO - [2024-06-16T21:37:13.331-0300] {dagbag.py:545} INFO - Filling up the DagBag from /home/maira/.local/lib/python3.10/site-packages/airflow/example_dags/example_bash_decorator.py
[2024-06-16T21:37:13.344-0300] {processor.py:840} INFO - DAG(s) 'example_bash_decorator' retrieved from /home/maira/.local/lib/python3.10/site-packages/airflow/example_dags/example_bash_decorator.py
[2024-06-16T21:37:13.363-0300] {logging_mixin.py:188} INFO - [2024-06-16T21:37:13.362-0300] {dag.py:3096} INFO - Sync 1 DAGs
[2024-06-16T21:37:13.372-0300] {logging_mixin.py:188} INFO - [2024-06-16T21:37:13.372-0300] {dag.py:3954} INFO - Setting next_dagrun for example_bash_decorator to None, run_after=None
[2024-06-16T21:37:13.398-0300] {processor.py:183} INFO - Processing /home/maira/.local/lib/python3.10/site-packages/airflow/example_dags/example_bash_decorator.py took 0.080 seconds
[2024-06-16T21:38:22.006-0300] {processor.py:161} INFO - Started process (PID=86359) to work on /home/maira/.local/lib/python3.10/site-packages/airflow/example_dags/example_bash_decorator.py
[2024-06-16T21:38:22.009-0300] {processor.py:830} INFO - Processing file /home/maira/.local/lib/python3.10/site-packages/airflow/example_dags/example_bash_decorator.py for tasks to queue
[2024-06-16T21:38:22.010-0300] {logging_mixin.py:188} INFO - [2024-06-16T21:38:22.009-0300] {dagbag.py:545} INFO - Filling up the DagBag from /home/maira/.local/lib/python3.10/site-packages/airflow/example_dags/example_bash_decorator.py
[2024-06-16T21:38:22.022-0300] {processor.py:840} INFO - DAG(s) 'example_bash_decorator' retrieved from /home/maira/.local/lib/python3.10/site-packages/airflow/example_dags/example_bash_decorator.py
[2024-06-16T21:38:22.041-0300] {logging_mixin.py:188} INFO - [2024-06-16T21:38:22.041-0300] {dag.py:3096} INFO - Sync 1 DAGs
[2024-06-16T21:38:22.055-0300] {logging_mixin.py:188} INFO - [2024-06-16T21:38:22.054-0300] {dag.py:3954} INFO - Setting next_dagrun for example_bash_decorator to None, run_after=None
[2024-06-16T21:38:22.096-0300] {processor.py:183} INFO - Processing /home/maira/.local/lib/python3.10/site-packages/airflow/example_dags/example_bash_decorator.py took 0.098 seconds
[2024-06-16T21:39:22.191-0300] {processor.py:161} INFO - Started process (PID=91106) to work on /home/maira/.local/lib/python3.10/site-packages/airflow/example_dags/example_bash_decorator.py
[2024-06-16T21:39:22.192-0300] {processor.py:830} INFO - Processing file /home/maira/.local/lib/python3.10/site-packages/airflow/example_dags/example_bash_decorator.py for tasks to queue
[2024-06-16T21:39:22.194-0300] {logging_mixin.py:188} INFO - [2024-06-16T21:39:22.193-0300] {dagbag.py:545} INFO - Filling up the DagBag from /home/maira/.local/lib/python3.10/site-packages/airflow/example_dags/example_bash_decorator.py
[2024-06-16T21:39:22.214-0300] {processor.py:840} INFO - DAG(s) 'example_bash_decorator' retrieved from /home/maira/.local/lib/python3.10/site-packages/airflow/example_dags/example_bash_decorator.py
[2024-06-16T21:39:22.253-0300] {logging_mixin.py:188} INFO - [2024-06-16T21:39:22.252-0300] {dag.py:3096} INFO - Sync 1 DAGs
[2024-06-16T21:39:22.270-0300] {logging_mixin.py:188} INFO - [2024-06-16T21:39:22.270-0300] {dag.py:3954} INFO - Setting next_dagrun for example_bash_decorator to None, run_after=None
[2024-06-16T21:39:22.307-0300] {processor.py:183} INFO - Processing /home/maira/.local/lib/python3.10/site-packages/airflow/example_dags/example_bash_decorator.py took 0.131 seconds
[2024-06-16T21:40:20.286-0300] {processor.py:161} INFO - Started process (PID=96207) to work on /home/maira/.local/lib/python3.10/site-packages/airflow/example_dags/example_bash_decorator.py
[2024-06-16T21:40:20.287-0300] {processor.py:830} INFO - Processing file /home/maira/.local/lib/python3.10/site-packages/airflow/example_dags/example_bash_decorator.py for tasks to queue
[2024-06-16T21:40:20.288-0300] {logging_mixin.py:188} INFO - [2024-06-16T21:40:20.288-0300] {dagbag.py:545} INFO - Filling up the DagBag from /home/maira/.local/lib/python3.10/site-packages/airflow/example_dags/example_bash_decorator.py
[2024-06-16T21:40:20.300-0300] {processor.py:840} INFO - DAG(s) 'example_bash_decorator' retrieved from /home/maira/.local/lib/python3.10/site-packages/airflow/example_dags/example_bash_decorator.py
[2024-06-16T21:40:20.318-0300] {logging_mixin.py:188} INFO - [2024-06-16T21:40:20.318-0300] {dag.py:3096} INFO - Sync 1 DAGs
[2024-06-16T21:40:20.329-0300] {logging_mixin.py:188} INFO - [2024-06-16T21:40:20.329-0300] {dag.py:3954} INFO - Setting next_dagrun for example_bash_decorator to None, run_after=None
[2024-06-16T21:40:20.363-0300] {processor.py:183} INFO - Processing /home/maira/.local/lib/python3.10/site-packages/airflow/example_dags/example_bash_decorator.py took 0.086 seconds
[2024-06-16T21:41:14.744-0300] {processor.py:161} INFO - Started process (PID=897) to work on /home/maira/.local/lib/python3.10/site-packages/airflow/example_dags/example_bash_decorator.py
[2024-06-16T21:41:14.746-0300] {processor.py:830} INFO - Processing file /home/maira/.local/lib/python3.10/site-packages/airflow/example_dags/example_bash_decorator.py for tasks to queue
[2024-06-16T21:41:14.748-0300] {logging_mixin.py:188} INFO - [2024-06-16T21:41:14.747-0300] {dagbag.py:545} INFO - Filling up the DagBag from /home/maira/.local/lib/python3.10/site-packages/airflow/example_dags/example_bash_decorator.py
[2024-06-16T21:41:14.776-0300] {processor.py:840} INFO - DAG(s) 'example_bash_decorator' retrieved from /home/maira/.local/lib/python3.10/site-packages/airflow/example_dags/example_bash_decorator.py
[2024-06-16T21:41:14.817-0300] {logging_mixin.py:188} INFO - [2024-06-16T21:41:14.816-0300] {dag.py:3096} INFO - Sync 1 DAGs
[2024-06-16T21:41:14.836-0300] {logging_mixin.py:188} INFO - [2024-06-16T21:41:14.835-0300] {dag.py:3954} INFO - Setting next_dagrun for example_bash_decorator to None, run_after=None
[2024-06-16T21:41:14.875-0300] {processor.py:183} INFO - Processing /home/maira/.local/lib/python3.10/site-packages/airflow/example_dags/example_bash_decorator.py took 0.147 seconds
[2024-06-16T21:42:11.936-0300] {processor.py:161} INFO - Started process (PID=5434) to work on /home/maira/.local/lib/python3.10/site-packages/airflow/example_dags/example_bash_decorator.py
[2024-06-16T21:42:11.938-0300] {processor.py:830} INFO - Processing file /home/maira/.local/lib/python3.10/site-packages/airflow/example_dags/example_bash_decorator.py for tasks to queue
[2024-06-16T21:42:11.939-0300] {logging_mixin.py:188} INFO - [2024-06-16T21:42:11.939-0300] {dagbag.py:545} INFO - Filling up the DagBag from /home/maira/.local/lib/python3.10/site-packages/airflow/example_dags/example_bash_decorator.py
[2024-06-16T21:42:11.952-0300] {processor.py:840} INFO - DAG(s) 'example_bash_decorator' retrieved from /home/maira/.local/lib/python3.10/site-packages/airflow/example_dags/example_bash_decorator.py
[2024-06-16T21:42:11.973-0300] {logging_mixin.py:188} INFO - [2024-06-16T21:42:11.973-0300] {dag.py:3096} INFO - Sync 1 DAGs
[2024-06-16T21:42:11.986-0300] {logging_mixin.py:188} INFO - [2024-06-16T21:42:11.986-0300] {dag.py:3954} INFO - Setting next_dagrun for example_bash_decorator to None, run_after=None
[2024-06-16T21:42:12.024-0300] {processor.py:183} INFO - Processing /home/maira/.local/lib/python3.10/site-packages/airflow/example_dags/example_bash_decorator.py took 0.095 seconds
[2024-06-16T21:43:08.417-0300] {processor.py:161} INFO - Started process (PID=10205) to work on /home/maira/.local/lib/python3.10/site-packages/airflow/example_dags/example_bash_decorator.py
[2024-06-16T21:43:08.419-0300] {processor.py:830} INFO - Processing file /home/maira/.local/lib/python3.10/site-packages/airflow/example_dags/example_bash_decorator.py for tasks to queue
[2024-06-16T21:43:08.420-0300] {logging_mixin.py:188} INFO - [2024-06-16T21:43:08.420-0300] {dagbag.py:545} INFO - Filling up the DagBag from /home/maira/.local/lib/python3.10/site-packages/airflow/example_dags/example_bash_decorator.py
[2024-06-16T21:43:08.435-0300] {processor.py:840} INFO - DAG(s) 'example_bash_decorator' retrieved from /home/maira/.local/lib/python3.10/site-packages/airflow/example_dags/example_bash_decorator.py
[2024-06-16T21:43:08.454-0300] {logging_mixin.py:188} INFO - [2024-06-16T21:43:08.454-0300] {dag.py:3096} INFO - Sync 1 DAGs
[2024-06-16T21:43:08.468-0300] {logging_mixin.py:188} INFO - [2024-06-16T21:43:08.467-0300] {dag.py:3954} INFO - Setting next_dagrun for example_bash_decorator to None, run_after=None
[2024-06-16T21:43:08.495-0300] {processor.py:183} INFO - Processing /home/maira/.local/lib/python3.10/site-packages/airflow/example_dags/example_bash_decorator.py took 0.085 seconds
[2024-06-16T21:44:27.616-0300] {processor.py:161} INFO - Started process (PID=14808) to work on /home/maira/.local/lib/python3.10/site-packages/airflow/example_dags/example_bash_decorator.py
[2024-06-16T21:44:27.618-0300] {processor.py:830} INFO - Processing file /home/maira/.local/lib/python3.10/site-packages/airflow/example_dags/example_bash_decorator.py for tasks to queue
[2024-06-16T21:44:27.619-0300] {logging_mixin.py:188} INFO - [2024-06-16T21:44:27.619-0300] {dagbag.py:545} INFO - Filling up the DagBag from /home/maira/.local/lib/python3.10/site-packages/airflow/example_dags/example_bash_decorator.py
[2024-06-16T21:44:27.635-0300] {processor.py:840} INFO - DAG(s) 'example_bash_decorator' retrieved from /home/maira/.local/lib/python3.10/site-packages/airflow/example_dags/example_bash_decorator.py
[2024-06-16T21:44:27.659-0300] {logging_mixin.py:188} INFO - [2024-06-16T21:44:27.658-0300] {dag.py:3096} INFO - Sync 1 DAGs
[2024-06-16T21:44:27.673-0300] {logging_mixin.py:188} INFO - [2024-06-16T21:44:27.673-0300] {dag.py:3954} INFO - Setting next_dagrun for example_bash_decorator to None, run_after=None
[2024-06-16T21:44:27.707-0300] {processor.py:183} INFO - Processing /home/maira/.local/lib/python3.10/site-packages/airflow/example_dags/example_bash_decorator.py took 0.100 seconds
