[2024-06-16T21:32:48.792-0300] {processor.py:161} INFO - Started process (PID=85526) to work on /home/maira/.local/lib/python3.10/site-packages/airflow/example_dags/example_local_kubernetes_executor.py
[2024-06-16T21:32:48.792-0300] {processor.py:830} INFO - Processing file /home/maira/.local/lib/python3.10/site-packages/airflow/example_dags/example_local_kubernetes_executor.py for tasks to queue
[2024-06-16T21:32:48.793-0300] {logging_mixin.py:188} INFO - [2024-06-16T21:32:48.793-0300] {dagbag.py:545} INFO - Filling up the DagBag from /home/maira/.local/lib/python3.10/site-packages/airflow/example_dags/example_local_kubernetes_executor.py
[2024-06-16T21:32:48.799-0300] {logging_mixin.py:188} INFO - [2024-06-16T21:32:48.798-0300] {example_local_kubernetes_executor.py:40} WARNING - Could not import DAGs in example_local_kubernetes_executor.py
Traceback (most recent call last):
  File "/home/maira/.local/lib/python3.10/site-packages/airflow/example_dags/example_local_kubernetes_executor.py", line 38, in <module>
    from kubernetes.client import models as k8s
ModuleNotFoundError: No module named 'kubernetes'
[2024-06-16T21:32:48.800-0300] {logging_mixin.py:188} INFO - [2024-06-16T21:32:48.800-0300] {example_local_kubernetes_executor.py:41} WARNING - Install Kubernetes dependencies with: pip install apache-airflow[cncf.kubernetes]
[2024-06-16T21:32:48.800-0300] {processor.py:842} WARNING - No viable dags retrieved from /home/maira/.local/lib/python3.10/site-packages/airflow/example_dags/example_local_kubernetes_executor.py
[2024-06-16T21:32:48.809-0300] {processor.py:183} INFO - Processing /home/maira/.local/lib/python3.10/site-packages/airflow/example_dags/example_local_kubernetes_executor.py took 0.029 seconds
[2024-06-16T21:33:42.819-0300] {processor.py:161} INFO - Started process (PID=85596) to work on /home/maira/.local/lib/python3.10/site-packages/airflow/example_dags/example_local_kubernetes_executor.py
[2024-06-16T21:33:42.821-0300] {processor.py:830} INFO - Processing file /home/maira/.local/lib/python3.10/site-packages/airflow/example_dags/example_local_kubernetes_executor.py for tasks to queue
[2024-06-16T21:33:42.823-0300] {logging_mixin.py:188} INFO - [2024-06-16T21:33:42.822-0300] {dagbag.py:545} INFO - Filling up the DagBag from /home/maira/.local/lib/python3.10/site-packages/airflow/example_dags/example_local_kubernetes_executor.py
[2024-06-16T21:33:42.826-0300] {logging_mixin.py:188} INFO - [2024-06-16T21:33:42.825-0300] {example_local_kubernetes_executor.py:40} WARNING - Could not import DAGs in example_local_kubernetes_executor.py
Traceback (most recent call last):
  File "/home/maira/.local/lib/python3.10/site-packages/airflow/example_dags/example_local_kubernetes_executor.py", line 38, in <module>
    from kubernetes.client import models as k8s
ModuleNotFoundError: No module named 'kubernetes'
[2024-06-16T21:33:42.826-0300] {logging_mixin.py:188} INFO - [2024-06-16T21:33:42.826-0300] {example_local_kubernetes_executor.py:41} WARNING - Install Kubernetes dependencies with: pip install apache-airflow[cncf.kubernetes]
[2024-06-16T21:33:42.826-0300] {processor.py:842} WARNING - No viable dags retrieved from /home/maira/.local/lib/python3.10/site-packages/airflow/example_dags/example_local_kubernetes_executor.py
[2024-06-16T21:33:42.834-0300] {processor.py:183} INFO - Processing /home/maira/.local/lib/python3.10/site-packages/airflow/example_dags/example_local_kubernetes_executor.py took 0.023 seconds
[2024-06-16T21:34:39.432-0300] {processor.py:161} INFO - Started process (PID=85663) to work on /home/maira/.local/lib/python3.10/site-packages/airflow/example_dags/example_local_kubernetes_executor.py
[2024-06-16T21:34:39.434-0300] {processor.py:830} INFO - Processing file /home/maira/.local/lib/python3.10/site-packages/airflow/example_dags/example_local_kubernetes_executor.py for tasks to queue
[2024-06-16T21:34:39.435-0300] {logging_mixin.py:188} INFO - [2024-06-16T21:34:39.435-0300] {dagbag.py:545} INFO - Filling up the DagBag from /home/maira/.local/lib/python3.10/site-packages/airflow/example_dags/example_local_kubernetes_executor.py
[2024-06-16T21:34:39.438-0300] {logging_mixin.py:188} INFO - [2024-06-16T21:34:39.438-0300] {example_local_kubernetes_executor.py:40} WARNING - Could not import DAGs in example_local_kubernetes_executor.py
Traceback (most recent call last):
  File "/home/maira/.local/lib/python3.10/site-packages/airflow/example_dags/example_local_kubernetes_executor.py", line 38, in <module>
    from kubernetes.client import models as k8s
ModuleNotFoundError: No module named 'kubernetes'
[2024-06-16T21:34:39.439-0300] {logging_mixin.py:188} INFO - [2024-06-16T21:34:39.438-0300] {example_local_kubernetes_executor.py:41} WARNING - Install Kubernetes dependencies with: pip install apache-airflow[cncf.kubernetes]
[2024-06-16T21:34:39.439-0300] {processor.py:842} WARNING - No viable dags retrieved from /home/maira/.local/lib/python3.10/site-packages/airflow/example_dags/example_local_kubernetes_executor.py
[2024-06-16T21:34:39.447-0300] {processor.py:183} INFO - Processing /home/maira/.local/lib/python3.10/site-packages/airflow/example_dags/example_local_kubernetes_executor.py took 0.022 seconds
[2024-06-16T21:35:33.819-0300] {processor.py:161} INFO - Started process (PID=85736) to work on /home/maira/.local/lib/python3.10/site-packages/airflow/example_dags/example_local_kubernetes_executor.py
[2024-06-16T21:35:33.823-0300] {processor.py:830} INFO - Processing file /home/maira/.local/lib/python3.10/site-packages/airflow/example_dags/example_local_kubernetes_executor.py for tasks to queue
[2024-06-16T21:35:33.824-0300] {logging_mixin.py:188} INFO - [2024-06-16T21:35:33.823-0300] {dagbag.py:545} INFO - Filling up the DagBag from /home/maira/.local/lib/python3.10/site-packages/airflow/example_dags/example_local_kubernetes_executor.py
[2024-06-16T21:35:33.827-0300] {logging_mixin.py:188} INFO - [2024-06-16T21:35:33.826-0300] {example_local_kubernetes_executor.py:40} WARNING - Could not import DAGs in example_local_kubernetes_executor.py
Traceback (most recent call last):
  File "/home/maira/.local/lib/python3.10/site-packages/airflow/example_dags/example_local_kubernetes_executor.py", line 38, in <module>
    from kubernetes.client import models as k8s
ModuleNotFoundError: No module named 'kubernetes'
[2024-06-16T21:35:33.827-0300] {logging_mixin.py:188} INFO - [2024-06-16T21:35:33.827-0300] {example_local_kubernetes_executor.py:41} WARNING - Install Kubernetes dependencies with: pip install apache-airflow[cncf.kubernetes]
[2024-06-16T21:35:33.827-0300] {processor.py:842} WARNING - No viable dags retrieved from /home/maira/.local/lib/python3.10/site-packages/airflow/example_dags/example_local_kubernetes_executor.py
[2024-06-16T21:35:33.835-0300] {processor.py:183} INFO - Processing /home/maira/.local/lib/python3.10/site-packages/airflow/example_dags/example_local_kubernetes_executor.py took 0.024 seconds
[2024-06-16T21:36:40.217-0300] {processor.py:161} INFO - Started process (PID=85819) to work on /home/maira/.local/lib/python3.10/site-packages/airflow/example_dags/example_local_kubernetes_executor.py
[2024-06-16T21:36:40.219-0300] {processor.py:830} INFO - Processing file /home/maira/.local/lib/python3.10/site-packages/airflow/example_dags/example_local_kubernetes_executor.py for tasks to queue
[2024-06-16T21:36:40.220-0300] {logging_mixin.py:188} INFO - [2024-06-16T21:36:40.219-0300] {dagbag.py:545} INFO - Filling up the DagBag from /home/maira/.local/lib/python3.10/site-packages/airflow/example_dags/example_local_kubernetes_executor.py
[2024-06-16T21:36:40.223-0300] {logging_mixin.py:188} INFO - [2024-06-16T21:36:40.222-0300] {example_local_kubernetes_executor.py:40} WARNING - Could not import DAGs in example_local_kubernetes_executor.py
Traceback (most recent call last):
  File "/home/maira/.local/lib/python3.10/site-packages/airflow/example_dags/example_local_kubernetes_executor.py", line 38, in <module>
    from kubernetes.client import models as k8s
ModuleNotFoundError: No module named 'kubernetes'
[2024-06-16T21:36:40.223-0300] {logging_mixin.py:188} INFO - [2024-06-16T21:36:40.223-0300] {example_local_kubernetes_executor.py:41} WARNING - Install Kubernetes dependencies with: pip install apache-airflow[cncf.kubernetes]
[2024-06-16T21:36:40.223-0300] {processor.py:842} WARNING - No viable dags retrieved from /home/maira/.local/lib/python3.10/site-packages/airflow/example_dags/example_local_kubernetes_executor.py
[2024-06-16T21:36:40.231-0300] {processor.py:183} INFO - Processing /home/maira/.local/lib/python3.10/site-packages/airflow/example_dags/example_local_kubernetes_executor.py took 0.021 seconds
[2024-06-16T21:37:55.657-0300] {processor.py:161} INFO - Started process (PID=85913) to work on /home/maira/.local/lib/python3.10/site-packages/airflow/example_dags/example_local_kubernetes_executor.py
[2024-06-16T21:37:55.659-0300] {processor.py:830} INFO - Processing file /home/maira/.local/lib/python3.10/site-packages/airflow/example_dags/example_local_kubernetes_executor.py for tasks to queue
[2024-06-16T21:37:55.660-0300] {logging_mixin.py:188} INFO - [2024-06-16T21:37:55.659-0300] {dagbag.py:545} INFO - Filling up the DagBag from /home/maira/.local/lib/python3.10/site-packages/airflow/example_dags/example_local_kubernetes_executor.py
[2024-06-16T21:37:55.665-0300] {logging_mixin.py:188} INFO - [2024-06-16T21:37:55.665-0300] {example_local_kubernetes_executor.py:40} WARNING - Could not import DAGs in example_local_kubernetes_executor.py
Traceback (most recent call last):
  File "/home/maira/.local/lib/python3.10/site-packages/airflow/example_dags/example_local_kubernetes_executor.py", line 38, in <module>
    from kubernetes.client import models as k8s
ModuleNotFoundError: No module named 'kubernetes'
[2024-06-16T21:37:55.666-0300] {logging_mixin.py:188} INFO - [2024-06-16T21:37:55.665-0300] {example_local_kubernetes_executor.py:41} WARNING - Install Kubernetes dependencies with: pip install apache-airflow[cncf.kubernetes]
[2024-06-16T21:37:55.666-0300] {processor.py:842} WARNING - No viable dags retrieved from /home/maira/.local/lib/python3.10/site-packages/airflow/example_dags/example_local_kubernetes_executor.py
[2024-06-16T21:37:55.678-0300] {processor.py:183} INFO - Processing /home/maira/.local/lib/python3.10/site-packages/airflow/example_dags/example_local_kubernetes_executor.py took 0.032 seconds
[2024-06-16T21:38:52.654-0300] {processor.py:161} INFO - Started process (PID=88765) to work on /home/maira/.local/lib/python3.10/site-packages/airflow/example_dags/example_local_kubernetes_executor.py
[2024-06-16T21:38:52.656-0300] {processor.py:830} INFO - Processing file /home/maira/.local/lib/python3.10/site-packages/airflow/example_dags/example_local_kubernetes_executor.py for tasks to queue
[2024-06-16T21:38:52.657-0300] {logging_mixin.py:188} INFO - [2024-06-16T21:38:52.657-0300] {dagbag.py:545} INFO - Filling up the DagBag from /home/maira/.local/lib/python3.10/site-packages/airflow/example_dags/example_local_kubernetes_executor.py
[2024-06-16T21:38:52.661-0300] {logging_mixin.py:188} INFO - [2024-06-16T21:38:52.660-0300] {example_local_kubernetes_executor.py:40} WARNING - Could not import DAGs in example_local_kubernetes_executor.py
Traceback (most recent call last):
  File "/home/maira/.local/lib/python3.10/site-packages/airflow/example_dags/example_local_kubernetes_executor.py", line 38, in <module>
    from kubernetes.client import models as k8s
ModuleNotFoundError: No module named 'kubernetes'
[2024-06-16T21:38:52.661-0300] {logging_mixin.py:188} INFO - [2024-06-16T21:38:52.661-0300] {example_local_kubernetes_executor.py:41} WARNING - Install Kubernetes dependencies with: pip install apache-airflow[cncf.kubernetes]
[2024-06-16T21:38:52.661-0300] {processor.py:842} WARNING - No viable dags retrieved from /home/maira/.local/lib/python3.10/site-packages/airflow/example_dags/example_local_kubernetes_executor.py
[2024-06-16T21:38:52.673-0300] {processor.py:183} INFO - Processing /home/maira/.local/lib/python3.10/site-packages/airflow/example_dags/example_local_kubernetes_executor.py took 0.028 seconds
[2024-06-16T21:39:55.832-0300] {processor.py:161} INFO - Started process (PID=93692) to work on /home/maira/.local/lib/python3.10/site-packages/airflow/example_dags/example_local_kubernetes_executor.py
[2024-06-16T21:39:55.834-0300] {processor.py:830} INFO - Processing file /home/maira/.local/lib/python3.10/site-packages/airflow/example_dags/example_local_kubernetes_executor.py for tasks to queue
[2024-06-16T21:39:55.836-0300] {logging_mixin.py:188} INFO - [2024-06-16T21:39:55.835-0300] {dagbag.py:545} INFO - Filling up the DagBag from /home/maira/.local/lib/python3.10/site-packages/airflow/example_dags/example_local_kubernetes_executor.py
[2024-06-16T21:39:55.841-0300] {logging_mixin.py:188} INFO - [2024-06-16T21:39:55.840-0300] {example_local_kubernetes_executor.py:40} WARNING - Could not import DAGs in example_local_kubernetes_executor.py
Traceback (most recent call last):
  File "/home/maira/.local/lib/python3.10/site-packages/airflow/example_dags/example_local_kubernetes_executor.py", line 38, in <module>
    from kubernetes.client import models as k8s
ModuleNotFoundError: No module named 'kubernetes'
[2024-06-16T21:39:55.841-0300] {logging_mixin.py:188} INFO - [2024-06-16T21:39:55.841-0300] {example_local_kubernetes_executor.py:41} WARNING - Install Kubernetes dependencies with: pip install apache-airflow[cncf.kubernetes]
[2024-06-16T21:39:55.841-0300] {processor.py:842} WARNING - No viable dags retrieved from /home/maira/.local/lib/python3.10/site-packages/airflow/example_dags/example_local_kubernetes_executor.py
[2024-06-16T21:39:55.855-0300] {processor.py:183} INFO - Processing /home/maira/.local/lib/python3.10/site-packages/airflow/example_dags/example_local_kubernetes_executor.py took 0.034 seconds
[2024-06-16T21:41:17.245-0300] {processor.py:161} INFO - Started process (PID=1092) to work on /home/maira/.local/lib/python3.10/site-packages/airflow/example_dags/example_local_kubernetes_executor.py
[2024-06-16T21:41:17.247-0300] {processor.py:830} INFO - Processing file /home/maira/.local/lib/python3.10/site-packages/airflow/example_dags/example_local_kubernetes_executor.py for tasks to queue
[2024-06-16T21:41:17.248-0300] {logging_mixin.py:188} INFO - [2024-06-16T21:41:17.248-0300] {dagbag.py:545} INFO - Filling up the DagBag from /home/maira/.local/lib/python3.10/site-packages/airflow/example_dags/example_local_kubernetes_executor.py
[2024-06-16T21:41:17.254-0300] {logging_mixin.py:188} INFO - [2024-06-16T21:41:17.253-0300] {example_local_kubernetes_executor.py:40} WARNING - Could not import DAGs in example_local_kubernetes_executor.py
Traceback (most recent call last):
  File "/home/maira/.local/lib/python3.10/site-packages/airflow/example_dags/example_local_kubernetes_executor.py", line 38, in <module>
    from kubernetes.client import models as k8s
ModuleNotFoundError: No module named 'kubernetes'
[2024-06-16T21:41:17.254-0300] {logging_mixin.py:188} INFO - [2024-06-16T21:41:17.254-0300] {example_local_kubernetes_executor.py:41} WARNING - Install Kubernetes dependencies with: pip install apache-airflow[cncf.kubernetes]
[2024-06-16T21:41:17.254-0300] {processor.py:842} WARNING - No viable dags retrieved from /home/maira/.local/lib/python3.10/site-packages/airflow/example_dags/example_local_kubernetes_executor.py
[2024-06-16T21:41:17.266-0300] {processor.py:183} INFO - Processing /home/maira/.local/lib/python3.10/site-packages/airflow/example_dags/example_local_kubernetes_executor.py took 0.030 seconds
[2024-06-16T21:42:13.528-0300] {processor.py:161} INFO - Started process (PID=5526) to work on /home/maira/.local/lib/python3.10/site-packages/airflow/example_dags/example_local_kubernetes_executor.py
[2024-06-16T21:42:13.529-0300] {processor.py:830} INFO - Processing file /home/maira/.local/lib/python3.10/site-packages/airflow/example_dags/example_local_kubernetes_executor.py for tasks to queue
[2024-06-16T21:42:13.530-0300] {logging_mixin.py:188} INFO - [2024-06-16T21:42:13.530-0300] {dagbag.py:545} INFO - Filling up the DagBag from /home/maira/.local/lib/python3.10/site-packages/airflow/example_dags/example_local_kubernetes_executor.py
[2024-06-16T21:42:13.534-0300] {logging_mixin.py:188} INFO - [2024-06-16T21:42:13.534-0300] {example_local_kubernetes_executor.py:40} WARNING - Could not import DAGs in example_local_kubernetes_executor.py
Traceback (most recent call last):
  File "/home/maira/.local/lib/python3.10/site-packages/airflow/example_dags/example_local_kubernetes_executor.py", line 38, in <module>
    from kubernetes.client import models as k8s
ModuleNotFoundError: No module named 'kubernetes'
[2024-06-16T21:42:13.535-0300] {logging_mixin.py:188} INFO - [2024-06-16T21:42:13.535-0300] {example_local_kubernetes_executor.py:41} WARNING - Install Kubernetes dependencies with: pip install apache-airflow[cncf.kubernetes]
[2024-06-16T21:42:13.536-0300] {processor.py:842} WARNING - No viable dags retrieved from /home/maira/.local/lib/python3.10/site-packages/airflow/example_dags/example_local_kubernetes_executor.py
[2024-06-16T21:42:13.546-0300] {processor.py:183} INFO - Processing /home/maira/.local/lib/python3.10/site-packages/airflow/example_dags/example_local_kubernetes_executor.py took 0.027 seconds
[2024-06-16T21:43:10.408-0300] {processor.py:161} INFO - Started process (PID=10371) to work on /home/maira/.local/lib/python3.10/site-packages/airflow/example_dags/example_local_kubernetes_executor.py
[2024-06-16T21:43:10.410-0300] {processor.py:830} INFO - Processing file /home/maira/.local/lib/python3.10/site-packages/airflow/example_dags/example_local_kubernetes_executor.py for tasks to queue
[2024-06-16T21:43:10.411-0300] {logging_mixin.py:188} INFO - [2024-06-16T21:43:10.411-0300] {dagbag.py:545} INFO - Filling up the DagBag from /home/maira/.local/lib/python3.10/site-packages/airflow/example_dags/example_local_kubernetes_executor.py
[2024-06-16T21:43:10.418-0300] {logging_mixin.py:188} INFO - [2024-06-16T21:43:10.417-0300] {example_local_kubernetes_executor.py:40} WARNING - Could not import DAGs in example_local_kubernetes_executor.py
Traceback (most recent call last):
  File "/home/maira/.local/lib/python3.10/site-packages/airflow/example_dags/example_local_kubernetes_executor.py", line 38, in <module>
    from kubernetes.client import models as k8s
ModuleNotFoundError: No module named 'kubernetes'
[2024-06-16T21:43:10.419-0300] {logging_mixin.py:188} INFO - [2024-06-16T21:43:10.418-0300] {example_local_kubernetes_executor.py:41} WARNING - Install Kubernetes dependencies with: pip install apache-airflow[cncf.kubernetes]
[2024-06-16T21:43:10.420-0300] {processor.py:842} WARNING - No viable dags retrieved from /home/maira/.local/lib/python3.10/site-packages/airflow/example_dags/example_local_kubernetes_executor.py
[2024-06-16T21:43:10.433-0300] {processor.py:183} INFO - Processing /home/maira/.local/lib/python3.10/site-packages/airflow/example_dags/example_local_kubernetes_executor.py took 0.035 seconds
[2024-06-16T21:44:29.227-0300] {processor.py:161} INFO - Started process (PID=14949) to work on /home/maira/.local/lib/python3.10/site-packages/airflow/example_dags/example_local_kubernetes_executor.py
[2024-06-16T21:44:29.229-0300] {processor.py:830} INFO - Processing file /home/maira/.local/lib/python3.10/site-packages/airflow/example_dags/example_local_kubernetes_executor.py for tasks to queue
[2024-06-16T21:44:29.230-0300] {logging_mixin.py:188} INFO - [2024-06-16T21:44:29.229-0300] {dagbag.py:545} INFO - Filling up the DagBag from /home/maira/.local/lib/python3.10/site-packages/airflow/example_dags/example_local_kubernetes_executor.py
[2024-06-16T21:44:29.234-0300] {logging_mixin.py:188} INFO - [2024-06-16T21:44:29.233-0300] {example_local_kubernetes_executor.py:40} WARNING - Could not import DAGs in example_local_kubernetes_executor.py
Traceback (most recent call last):
  File "/home/maira/.local/lib/python3.10/site-packages/airflow/example_dags/example_local_kubernetes_executor.py", line 38, in <module>
    from kubernetes.client import models as k8s
ModuleNotFoundError: No module named 'kubernetes'
[2024-06-16T21:44:29.235-0300] {logging_mixin.py:188} INFO - [2024-06-16T21:44:29.234-0300] {example_local_kubernetes_executor.py:41} WARNING - Install Kubernetes dependencies with: pip install apache-airflow[cncf.kubernetes]
[2024-06-16T21:44:29.235-0300] {processor.py:842} WARNING - No viable dags retrieved from /home/maira/.local/lib/python3.10/site-packages/airflow/example_dags/example_local_kubernetes_executor.py
[2024-06-16T21:44:29.246-0300] {processor.py:183} INFO - Processing /home/maira/.local/lib/python3.10/site-packages/airflow/example_dags/example_local_kubernetes_executor.py took 0.030 seconds
