[2024-06-16T21:32:32.914-0300] {processor.py:161} INFO - Started process (PID=85514) to work on /home/maira/.local/lib/python3.10/site-packages/airflow/example_dags/example_branch_python_dop_operator_3.py
[2024-06-16T21:32:32.915-0300] {processor.py:830} INFO - Processing file /home/maira/.local/lib/python3.10/site-packages/airflow/example_dags/example_branch_python_dop_operator_3.py for tasks to queue
[2024-06-16T21:32:32.915-0300] {logging_mixin.py:188} INFO - [2024-06-16T21:32:32.915-0300] {dagbag.py:545} INFO - Filling up the DagBag from /home/maira/.local/lib/python3.10/site-packages/airflow/example_dags/example_branch_python_dop_operator_3.py
[2024-06-16T21:32:32.923-0300] {processor.py:840} INFO - DAG(s) 'example_branch_dop_operator_v3' retrieved from /home/maira/.local/lib/python3.10/site-packages/airflow/example_dags/example_branch_python_dop_operator_3.py
[2024-06-16T21:32:32.936-0300] {logging_mixin.py:188} INFO - [2024-06-16T21:32:32.936-0300] {dag.py:3096} INFO - Sync 1 DAGs
[2024-06-16T21:32:32.955-0300] {logging_mixin.py:188} INFO - [2024-06-16T21:32:32.954-0300] {dag.py:3954} INFO - Setting next_dagrun for example_branch_dop_operator_v3 to 2024-06-17 00:31:00+00:00, run_after=2024-06-17 00:32:00+00:00
[2024-06-16T21:32:32.987-0300] {processor.py:183} INFO - Processing /home/maira/.local/lib/python3.10/site-packages/airflow/example_dags/example_branch_python_dop_operator_3.py took 0.082 seconds
[2024-06-16T21:33:31.389-0300] {processor.py:161} INFO - Started process (PID=85584) to work on /home/maira/.local/lib/python3.10/site-packages/airflow/example_dags/example_branch_python_dop_operator_3.py
[2024-06-16T21:33:31.391-0300] {processor.py:830} INFO - Processing file /home/maira/.local/lib/python3.10/site-packages/airflow/example_dags/example_branch_python_dop_operator_3.py for tasks to queue
[2024-06-16T21:33:31.392-0300] {logging_mixin.py:188} INFO - [2024-06-16T21:33:31.392-0300] {dagbag.py:545} INFO - Filling up the DagBag from /home/maira/.local/lib/python3.10/site-packages/airflow/example_dags/example_branch_python_dop_operator_3.py
[2024-06-16T21:33:31.399-0300] {processor.py:840} INFO - DAG(s) 'example_branch_dop_operator_v3' retrieved from /home/maira/.local/lib/python3.10/site-packages/airflow/example_dags/example_branch_python_dop_operator_3.py
[2024-06-16T21:33:31.412-0300] {logging_mixin.py:188} INFO - [2024-06-16T21:33:31.412-0300] {dag.py:3096} INFO - Sync 1 DAGs
[2024-06-16T21:33:31.430-0300] {logging_mixin.py:188} INFO - [2024-06-16T21:33:31.430-0300] {dag.py:3954} INFO - Setting next_dagrun for example_branch_dop_operator_v3 to 2024-06-17 00:32:00+00:00, run_after=2024-06-17 00:33:00+00:00
[2024-06-16T21:33:31.456-0300] {processor.py:183} INFO - Processing /home/maira/.local/lib/python3.10/site-packages/airflow/example_dags/example_branch_python_dop_operator_3.py took 0.074 seconds
[2024-06-16T21:34:26.137-0300] {processor.py:161} INFO - Started process (PID=85649) to work on /home/maira/.local/lib/python3.10/site-packages/airflow/example_dags/example_branch_python_dop_operator_3.py
[2024-06-16T21:34:26.139-0300] {processor.py:830} INFO - Processing file /home/maira/.local/lib/python3.10/site-packages/airflow/example_dags/example_branch_python_dop_operator_3.py for tasks to queue
[2024-06-16T21:34:26.140-0300] {logging_mixin.py:188} INFO - [2024-06-16T21:34:26.140-0300] {dagbag.py:545} INFO - Filling up the DagBag from /home/maira/.local/lib/python3.10/site-packages/airflow/example_dags/example_branch_python_dop_operator_3.py
[2024-06-16T21:34:26.147-0300] {processor.py:840} INFO - DAG(s) 'example_branch_dop_operator_v3' retrieved from /home/maira/.local/lib/python3.10/site-packages/airflow/example_dags/example_branch_python_dop_operator_3.py
[2024-06-16T21:34:26.161-0300] {logging_mixin.py:188} INFO - [2024-06-16T21:34:26.160-0300] {dag.py:3096} INFO - Sync 1 DAGs
[2024-06-16T21:34:26.178-0300] {logging_mixin.py:188} INFO - [2024-06-16T21:34:26.177-0300] {dag.py:3954} INFO - Setting next_dagrun for example_branch_dop_operator_v3 to 2024-06-17 00:33:00+00:00, run_after=2024-06-17 00:34:00+00:00
[2024-06-16T21:34:26.200-0300] {processor.py:183} INFO - Processing /home/maira/.local/lib/python3.10/site-packages/airflow/example_dags/example_branch_python_dop_operator_3.py took 0.070 seconds
[2024-06-16T21:35:21.063-0300] {processor.py:161} INFO - Started process (PID=85721) to work on /home/maira/.local/lib/python3.10/site-packages/airflow/example_dags/example_branch_python_dop_operator_3.py
[2024-06-16T21:35:21.065-0300] {processor.py:830} INFO - Processing file /home/maira/.local/lib/python3.10/site-packages/airflow/example_dags/example_branch_python_dop_operator_3.py for tasks to queue
[2024-06-16T21:35:21.066-0300] {logging_mixin.py:188} INFO - [2024-06-16T21:35:21.065-0300] {dagbag.py:545} INFO - Filling up the DagBag from /home/maira/.local/lib/python3.10/site-packages/airflow/example_dags/example_branch_python_dop_operator_3.py
[2024-06-16T21:35:21.073-0300] {processor.py:840} INFO - DAG(s) 'example_branch_dop_operator_v3' retrieved from /home/maira/.local/lib/python3.10/site-packages/airflow/example_dags/example_branch_python_dop_operator_3.py
[2024-06-16T21:35:21.086-0300] {logging_mixin.py:188} INFO - [2024-06-16T21:35:21.086-0300] {dag.py:3096} INFO - Sync 1 DAGs
[2024-06-16T21:35:21.102-0300] {logging_mixin.py:188} INFO - [2024-06-16T21:35:21.102-0300] {dag.py:3954} INFO - Setting next_dagrun for example_branch_dop_operator_v3 to 2024-06-17 00:34:00+00:00, run_after=2024-06-17 00:35:00+00:00
[2024-06-16T21:35:21.130-0300] {processor.py:183} INFO - Processing /home/maira/.local/lib/python3.10/site-packages/airflow/example_dags/example_branch_python_dop_operator_3.py took 0.073 seconds
[2024-06-16T21:36:11.906-0300] {processor.py:161} INFO - Started process (PID=85790) to work on /home/maira/.local/lib/python3.10/site-packages/airflow/example_dags/example_branch_python_dop_operator_3.py
[2024-06-16T21:36:11.908-0300] {processor.py:830} INFO - Processing file /home/maira/.local/lib/python3.10/site-packages/airflow/example_dags/example_branch_python_dop_operator_3.py for tasks to queue
[2024-06-16T21:36:11.910-0300] {logging_mixin.py:188} INFO - [2024-06-16T21:36:11.909-0300] {dagbag.py:545} INFO - Filling up the DagBag from /home/maira/.local/lib/python3.10/site-packages/airflow/example_dags/example_branch_python_dop_operator_3.py
[2024-06-16T21:36:11.919-0300] {processor.py:840} INFO - DAG(s) 'example_branch_dop_operator_v3' retrieved from /home/maira/.local/lib/python3.10/site-packages/airflow/example_dags/example_branch_python_dop_operator_3.py
[2024-06-16T21:36:11.934-0300] {logging_mixin.py:188} INFO - [2024-06-16T21:36:11.934-0300] {dag.py:3096} INFO - Sync 1 DAGs
[2024-06-16T21:36:11.952-0300] {logging_mixin.py:188} INFO - [2024-06-16T21:36:11.952-0300] {dag.py:3954} INFO - Setting next_dagrun for example_branch_dop_operator_v3 to 2024-06-17 00:35:00+00:00, run_after=2024-06-17 00:36:00+00:00
[2024-06-16T21:36:11.977-0300] {processor.py:183} INFO - Processing /home/maira/.local/lib/python3.10/site-packages/airflow/example_dags/example_branch_python_dop_operator_3.py took 0.078 seconds
[2024-06-16T21:37:12.186-0300] {processor.py:161} INFO - Started process (PID=85867) to work on /home/maira/.local/lib/python3.10/site-packages/airflow/example_dags/example_branch_python_dop_operator_3.py
[2024-06-16T21:37:12.188-0300] {processor.py:830} INFO - Processing file /home/maira/.local/lib/python3.10/site-packages/airflow/example_dags/example_branch_python_dop_operator_3.py for tasks to queue
[2024-06-16T21:37:12.189-0300] {logging_mixin.py:188} INFO - [2024-06-16T21:37:12.189-0300] {dagbag.py:545} INFO - Filling up the DagBag from /home/maira/.local/lib/python3.10/site-packages/airflow/example_dags/example_branch_python_dop_operator_3.py
[2024-06-16T21:37:12.198-0300] {processor.py:840} INFO - DAG(s) 'example_branch_dop_operator_v3' retrieved from /home/maira/.local/lib/python3.10/site-packages/airflow/example_dags/example_branch_python_dop_operator_3.py
[2024-06-16T21:37:12.211-0300] {logging_mixin.py:188} INFO - [2024-06-16T21:37:12.211-0300] {dag.py:3096} INFO - Sync 1 DAGs
[2024-06-16T21:37:12.229-0300] {logging_mixin.py:188} INFO - [2024-06-16T21:37:12.229-0300] {dag.py:3954} INFO - Setting next_dagrun for example_branch_dop_operator_v3 to 2024-06-17 00:36:00+00:00, run_after=2024-06-17 00:37:00+00:00
[2024-06-16T21:37:12.259-0300] {processor.py:183} INFO - Processing /home/maira/.local/lib/python3.10/site-packages/airflow/example_dags/example_branch_python_dop_operator_3.py took 0.081 seconds
[2024-06-16T21:38:20.727-0300] {processor.py:161} INFO - Started process (PID=86081) to work on /home/maira/.local/lib/python3.10/site-packages/airflow/example_dags/example_branch_python_dop_operator_3.py
[2024-06-16T21:38:20.729-0300] {processor.py:830} INFO - Processing file /home/maira/.local/lib/python3.10/site-packages/airflow/example_dags/example_branch_python_dop_operator_3.py for tasks to queue
[2024-06-16T21:38:20.730-0300] {logging_mixin.py:188} INFO - [2024-06-16T21:38:20.729-0300] {dagbag.py:545} INFO - Filling up the DagBag from /home/maira/.local/lib/python3.10/site-packages/airflow/example_dags/example_branch_python_dop_operator_3.py
[2024-06-16T21:38:20.738-0300] {processor.py:840} INFO - DAG(s) 'example_branch_dop_operator_v3' retrieved from /home/maira/.local/lib/python3.10/site-packages/airflow/example_dags/example_branch_python_dop_operator_3.py
[2024-06-16T21:38:20.759-0300] {logging_mixin.py:188} INFO - [2024-06-16T21:38:20.758-0300] {dag.py:3096} INFO - Sync 1 DAGs
[2024-06-16T21:38:20.788-0300] {logging_mixin.py:188} INFO - [2024-06-16T21:38:20.788-0300] {dag.py:3954} INFO - Setting next_dagrun for example_branch_dop_operator_v3 to 2024-06-17 00:37:00+00:00, run_after=2024-06-17 00:38:00+00:00
[2024-06-16T21:38:20.833-0300] {processor.py:183} INFO - Processing /home/maira/.local/lib/python3.10/site-packages/airflow/example_dags/example_branch_python_dop_operator_3.py took 0.113 seconds
[2024-06-16T21:39:21.678-0300] {processor.py:161} INFO - Started process (PID=91086) to work on /home/maira/.local/lib/python3.10/site-packages/airflow/example_dags/example_branch_python_dop_operator_3.py
[2024-06-16T21:39:21.680-0300] {processor.py:830} INFO - Processing file /home/maira/.local/lib/python3.10/site-packages/airflow/example_dags/example_branch_python_dop_operator_3.py for tasks to queue
[2024-06-16T21:39:21.681-0300] {logging_mixin.py:188} INFO - [2024-06-16T21:39:21.681-0300] {dagbag.py:545} INFO - Filling up the DagBag from /home/maira/.local/lib/python3.10/site-packages/airflow/example_dags/example_branch_python_dop_operator_3.py
[2024-06-16T21:39:21.692-0300] {processor.py:840} INFO - DAG(s) 'example_branch_dop_operator_v3' retrieved from /home/maira/.local/lib/python3.10/site-packages/airflow/example_dags/example_branch_python_dop_operator_3.py
[2024-06-16T21:39:21.716-0300] {logging_mixin.py:188} INFO - [2024-06-16T21:39:21.716-0300] {dag.py:3096} INFO - Sync 1 DAGs
[2024-06-16T21:39:21.753-0300] {logging_mixin.py:188} INFO - [2024-06-16T21:39:21.753-0300] {dag.py:3954} INFO - Setting next_dagrun for example_branch_dop_operator_v3 to 2024-06-17 00:38:00+00:00, run_after=2024-06-17 00:39:00+00:00
[2024-06-16T21:39:21.797-0300] {processor.py:183} INFO - Processing /home/maira/.local/lib/python3.10/site-packages/airflow/example_dags/example_branch_python_dop_operator_3.py took 0.132 seconds
[2024-06-16T21:40:19.032-0300] {processor.py:161} INFO - Started process (PID=96113) to work on /home/maira/.local/lib/python3.10/site-packages/airflow/example_dags/example_branch_python_dop_operator_3.py
[2024-06-16T21:40:19.033-0300] {processor.py:830} INFO - Processing file /home/maira/.local/lib/python3.10/site-packages/airflow/example_dags/example_branch_python_dop_operator_3.py for tasks to queue
[2024-06-16T21:40:19.035-0300] {logging_mixin.py:188} INFO - [2024-06-16T21:40:19.034-0300] {dagbag.py:545} INFO - Filling up the DagBag from /home/maira/.local/lib/python3.10/site-packages/airflow/example_dags/example_branch_python_dop_operator_3.py
[2024-06-16T21:40:19.044-0300] {processor.py:840} INFO - DAG(s) 'example_branch_dop_operator_v3' retrieved from /home/maira/.local/lib/python3.10/site-packages/airflow/example_dags/example_branch_python_dop_operator_3.py
[2024-06-16T21:40:19.066-0300] {logging_mixin.py:188} INFO - [2024-06-16T21:40:19.066-0300] {dag.py:3096} INFO - Sync 1 DAGs
[2024-06-16T21:40:19.104-0300] {logging_mixin.py:188} INFO - [2024-06-16T21:40:19.103-0300] {dag.py:3954} INFO - Setting next_dagrun for example_branch_dop_operator_v3 to 2024-06-17 00:39:00+00:00, run_after=2024-06-17 00:40:00+00:00
[2024-06-16T21:40:19.141-0300] {processor.py:183} INFO - Processing /home/maira/.local/lib/python3.10/site-packages/airflow/example_dags/example_branch_python_dop_operator_3.py took 0.122 seconds
[2024-06-16T21:41:13.645-0300] {processor.py:161} INFO - Started process (PID=812) to work on /home/maira/.local/lib/python3.10/site-packages/airflow/example_dags/example_branch_python_dop_operator_3.py
[2024-06-16T21:41:13.647-0300] {processor.py:830} INFO - Processing file /home/maira/.local/lib/python3.10/site-packages/airflow/example_dags/example_branch_python_dop_operator_3.py for tasks to queue
[2024-06-16T21:41:13.650-0300] {logging_mixin.py:188} INFO - [2024-06-16T21:41:13.649-0300] {dagbag.py:545} INFO - Filling up the DagBag from /home/maira/.local/lib/python3.10/site-packages/airflow/example_dags/example_branch_python_dop_operator_3.py
[2024-06-16T21:41:13.672-0300] {processor.py:840} INFO - DAG(s) 'example_branch_dop_operator_v3' retrieved from /home/maira/.local/lib/python3.10/site-packages/airflow/example_dags/example_branch_python_dop_operator_3.py
[2024-06-16T21:41:13.708-0300] {logging_mixin.py:188} INFO - [2024-06-16T21:41:13.707-0300] {dag.py:3096} INFO - Sync 1 DAGs
[2024-06-16T21:41:13.746-0300] {logging_mixin.py:188} INFO - [2024-06-16T21:41:13.746-0300] {dag.py:3954} INFO - Setting next_dagrun for example_branch_dop_operator_v3 to 2024-06-17 00:40:00+00:00, run_after=2024-06-17 00:41:00+00:00
[2024-06-16T21:41:13.787-0300] {processor.py:183} INFO - Processing /home/maira/.local/lib/python3.10/site-packages/airflow/example_dags/example_branch_python_dop_operator_3.py took 0.161 seconds
[2024-06-16T21:42:10.689-0300] {processor.py:161} INFO - Started process (PID=5368) to work on /home/maira/.local/lib/python3.10/site-packages/airflow/example_dags/example_branch_python_dop_operator_3.py
[2024-06-16T21:42:10.690-0300] {processor.py:830} INFO - Processing file /home/maira/.local/lib/python3.10/site-packages/airflow/example_dags/example_branch_python_dop_operator_3.py for tasks to queue
[2024-06-16T21:42:10.692-0300] {logging_mixin.py:188} INFO - [2024-06-16T21:42:10.691-0300] {dagbag.py:545} INFO - Filling up the DagBag from /home/maira/.local/lib/python3.10/site-packages/airflow/example_dags/example_branch_python_dop_operator_3.py
[2024-06-16T21:42:10.703-0300] {processor.py:840} INFO - DAG(s) 'example_branch_dop_operator_v3' retrieved from /home/maira/.local/lib/python3.10/site-packages/airflow/example_dags/example_branch_python_dop_operator_3.py
[2024-06-16T21:42:10.724-0300] {logging_mixin.py:188} INFO - [2024-06-16T21:42:10.724-0300] {dag.py:3096} INFO - Sync 1 DAGs
[2024-06-16T21:42:10.753-0300] {logging_mixin.py:188} INFO - [2024-06-16T21:42:10.753-0300] {dag.py:3954} INFO - Setting next_dagrun for example_branch_dop_operator_v3 to 2024-06-17 00:41:00+00:00, run_after=2024-06-17 00:42:00+00:00
[2024-06-16T21:42:10.820-0300] {processor.py:183} INFO - Processing /home/maira/.local/lib/python3.10/site-packages/airflow/example_dags/example_branch_python_dop_operator_3.py took 0.142 seconds
[2024-06-16T21:43:07.176-0300] {processor.py:161} INFO - Started process (PID=10116) to work on /home/maira/.local/lib/python3.10/site-packages/airflow/example_dags/example_branch_python_dop_operator_3.py
[2024-06-16T21:43:07.185-0300] {processor.py:830} INFO - Processing file /home/maira/.local/lib/python3.10/site-packages/airflow/example_dags/example_branch_python_dop_operator_3.py for tasks to queue
[2024-06-16T21:43:07.186-0300] {logging_mixin.py:188} INFO - [2024-06-16T21:43:07.186-0300] {dagbag.py:545} INFO - Filling up the DagBag from /home/maira/.local/lib/python3.10/site-packages/airflow/example_dags/example_branch_python_dop_operator_3.py
[2024-06-16T21:43:07.198-0300] {processor.py:840} INFO - DAG(s) 'example_branch_dop_operator_v3' retrieved from /home/maira/.local/lib/python3.10/site-packages/airflow/example_dags/example_branch_python_dop_operator_3.py
[2024-06-16T21:43:07.214-0300] {logging_mixin.py:188} INFO - [2024-06-16T21:43:07.214-0300] {dag.py:3096} INFO - Sync 1 DAGs
[2024-06-16T21:43:07.233-0300] {logging_mixin.py:188} INFO - [2024-06-16T21:43:07.233-0300] {dag.py:3954} INFO - Setting next_dagrun for example_branch_dop_operator_v3 to 2024-06-17 00:42:00+00:00, run_after=2024-06-17 00:43:00+00:00
[2024-06-16T21:43:07.341-0300] {processor.py:183} INFO - Processing /home/maira/.local/lib/python3.10/site-packages/airflow/example_dags/example_branch_python_dop_operator_3.py took 0.172 seconds
[2024-06-16T21:44:26.362-0300] {processor.py:161} INFO - Started process (PID=14714) to work on /home/maira/.local/lib/python3.10/site-packages/airflow/example_dags/example_branch_python_dop_operator_3.py
[2024-06-16T21:44:26.364-0300] {processor.py:830} INFO - Processing file /home/maira/.local/lib/python3.10/site-packages/airflow/example_dags/example_branch_python_dop_operator_3.py for tasks to queue
[2024-06-16T21:44:26.365-0300] {logging_mixin.py:188} INFO - [2024-06-16T21:44:26.365-0300] {dagbag.py:545} INFO - Filling up the DagBag from /home/maira/.local/lib/python3.10/site-packages/airflow/example_dags/example_branch_python_dop_operator_3.py
[2024-06-16T21:44:26.374-0300] {processor.py:840} INFO - DAG(s) 'example_branch_dop_operator_v3' retrieved from /home/maira/.local/lib/python3.10/site-packages/airflow/example_dags/example_branch_python_dop_operator_3.py
[2024-06-16T21:44:26.392-0300] {logging_mixin.py:188} INFO - [2024-06-16T21:44:26.392-0300] {dag.py:3096} INFO - Sync 1 DAGs
[2024-06-16T21:44:26.415-0300] {logging_mixin.py:188} INFO - [2024-06-16T21:44:26.415-0300] {dag.py:3954} INFO - Setting next_dagrun for example_branch_dop_operator_v3 to 2024-06-17 00:43:00+00:00, run_after=2024-06-17 00:44:00+00:00
[2024-06-16T21:44:26.451-0300] {processor.py:183} INFO - Processing /home/maira/.local/lib/python3.10/site-packages/airflow/example_dags/example_branch_python_dop_operator_3.py took 0.098 seconds
