[2024-06-16T21:32:45.220-0300] {processor.py:161} INFO - Started process (PID=85523) to work on /home/maira/.local/lib/python3.10/site-packages/airflow/example_dags/example_nested_branch_dag.py
[2024-06-16T21:32:45.222-0300] {processor.py:830} INFO - Processing file /home/maira/.local/lib/python3.10/site-packages/airflow/example_dags/example_nested_branch_dag.py for tasks to queue
[2024-06-16T21:32:45.223-0300] {logging_mixin.py:188} INFO - [2024-06-16T21:32:45.222-0300] {dagbag.py:545} INFO - Filling up the DagBag from /home/maira/.local/lib/python3.10/site-packages/airflow/example_dags/example_nested_branch_dag.py
[2024-06-16T21:32:45.236-0300] {processor.py:840} INFO - DAG(s) 'example_nested_branch_dag' retrieved from /home/maira/.local/lib/python3.10/site-packages/airflow/example_dags/example_nested_branch_dag.py
[2024-06-16T21:32:45.261-0300] {logging_mixin.py:188} INFO - [2024-06-16T21:32:45.260-0300] {dag.py:3096} INFO - Sync 1 DAGs
[2024-06-16T21:32:45.280-0300] {logging_mixin.py:188} INFO - [2024-06-16T21:32:45.280-0300] {dag.py:3954} INFO - Setting next_dagrun for example_nested_branch_dag to 2024-06-16 00:00:00+00:00, run_after=2024-06-17 00:00:00+00:00
[2024-06-16T21:32:45.406-0300] {processor.py:183} INFO - Processing /home/maira/.local/lib/python3.10/site-packages/airflow/example_dags/example_nested_branch_dag.py took 0.200 seconds
[2024-06-16T21:33:39.413-0300] {processor.py:161} INFO - Started process (PID=85593) to work on /home/maira/.local/lib/python3.10/site-packages/airflow/example_dags/example_nested_branch_dag.py
[2024-06-16T21:33:39.415-0300] {processor.py:830} INFO - Processing file /home/maira/.local/lib/python3.10/site-packages/airflow/example_dags/example_nested_branch_dag.py for tasks to queue
[2024-06-16T21:33:39.416-0300] {logging_mixin.py:188} INFO - [2024-06-16T21:33:39.416-0300] {dagbag.py:545} INFO - Filling up the DagBag from /home/maira/.local/lib/python3.10/site-packages/airflow/example_dags/example_nested_branch_dag.py
[2024-06-16T21:33:39.427-0300] {processor.py:840} INFO - DAG(s) 'example_nested_branch_dag' retrieved from /home/maira/.local/lib/python3.10/site-packages/airflow/example_dags/example_nested_branch_dag.py
[2024-06-16T21:33:39.440-0300] {logging_mixin.py:188} INFO - [2024-06-16T21:33:39.440-0300] {dag.py:3096} INFO - Sync 1 DAGs
[2024-06-16T21:33:39.455-0300] {logging_mixin.py:188} INFO - [2024-06-16T21:33:39.454-0300] {dag.py:3954} INFO - Setting next_dagrun for example_nested_branch_dag to 2024-06-16 00:00:00+00:00, run_after=2024-06-17 00:00:00+00:00
[2024-06-16T21:33:39.477-0300] {processor.py:183} INFO - Processing /home/maira/.local/lib/python3.10/site-packages/airflow/example_dags/example_nested_branch_dag.py took 0.076 seconds
[2024-06-16T21:34:38.849-0300] {processor.py:161} INFO - Started process (PID=85660) to work on /home/maira/.local/lib/python3.10/site-packages/airflow/example_dags/example_nested_branch_dag.py
[2024-06-16T21:34:38.851-0300] {processor.py:830} INFO - Processing file /home/maira/.local/lib/python3.10/site-packages/airflow/example_dags/example_nested_branch_dag.py for tasks to queue
[2024-06-16T21:34:38.852-0300] {logging_mixin.py:188} INFO - [2024-06-16T21:34:38.851-0300] {dagbag.py:545} INFO - Filling up the DagBag from /home/maira/.local/lib/python3.10/site-packages/airflow/example_dags/example_nested_branch_dag.py
[2024-06-16T21:34:38.859-0300] {processor.py:840} INFO - DAG(s) 'example_nested_branch_dag' retrieved from /home/maira/.local/lib/python3.10/site-packages/airflow/example_dags/example_nested_branch_dag.py
[2024-06-16T21:34:38.872-0300] {logging_mixin.py:188} INFO - [2024-06-16T21:34:38.872-0300] {dag.py:3096} INFO - Sync 1 DAGs
[2024-06-16T21:34:38.886-0300] {logging_mixin.py:188} INFO - [2024-06-16T21:34:38.886-0300] {dag.py:3954} INFO - Setting next_dagrun for example_nested_branch_dag to 2024-06-16 00:00:00+00:00, run_after=2024-06-17 00:00:00+00:00
[2024-06-16T21:34:38.912-0300] {processor.py:183} INFO - Processing /home/maira/.local/lib/python3.10/site-packages/airflow/example_dags/example_nested_branch_dag.py took 0.070 seconds
[2024-06-16T21:35:31.203-0300] {processor.py:161} INFO - Started process (PID=85733) to work on /home/maira/.local/lib/python3.10/site-packages/airflow/example_dags/example_nested_branch_dag.py
[2024-06-16T21:35:31.205-0300] {processor.py:830} INFO - Processing file /home/maira/.local/lib/python3.10/site-packages/airflow/example_dags/example_nested_branch_dag.py for tasks to queue
[2024-06-16T21:35:31.207-0300] {logging_mixin.py:188} INFO - [2024-06-16T21:35:31.206-0300] {dagbag.py:545} INFO - Filling up the DagBag from /home/maira/.local/lib/python3.10/site-packages/airflow/example_dags/example_nested_branch_dag.py
[2024-06-16T21:35:31.215-0300] {processor.py:840} INFO - DAG(s) 'example_nested_branch_dag' retrieved from /home/maira/.local/lib/python3.10/site-packages/airflow/example_dags/example_nested_branch_dag.py
[2024-06-16T21:35:31.229-0300] {logging_mixin.py:188} INFO - [2024-06-16T21:35:31.229-0300] {dag.py:3096} INFO - Sync 1 DAGs
[2024-06-16T21:35:31.243-0300] {logging_mixin.py:188} INFO - [2024-06-16T21:35:31.243-0300] {dag.py:3954} INFO - Setting next_dagrun for example_nested_branch_dag to 2024-06-16 00:00:00+00:00, run_after=2024-06-17 00:00:00+00:00
[2024-06-16T21:35:31.266-0300] {processor.py:183} INFO - Processing /home/maira/.local/lib/python3.10/site-packages/airflow/example_dags/example_nested_branch_dag.py took 0.069 seconds
[2024-06-16T21:36:37.950-0300] {processor.py:161} INFO - Started process (PID=85816) to work on /home/maira/.local/lib/python3.10/site-packages/airflow/example_dags/example_nested_branch_dag.py
[2024-06-16T21:36:37.952-0300] {processor.py:830} INFO - Processing file /home/maira/.local/lib/python3.10/site-packages/airflow/example_dags/example_nested_branch_dag.py for tasks to queue
[2024-06-16T21:36:37.953-0300] {logging_mixin.py:188} INFO - [2024-06-16T21:36:37.953-0300] {dagbag.py:545} INFO - Filling up the DagBag from /home/maira/.local/lib/python3.10/site-packages/airflow/example_dags/example_nested_branch_dag.py
[2024-06-16T21:36:37.961-0300] {processor.py:840} INFO - DAG(s) 'example_nested_branch_dag' retrieved from /home/maira/.local/lib/python3.10/site-packages/airflow/example_dags/example_nested_branch_dag.py
[2024-06-16T21:36:37.976-0300] {logging_mixin.py:188} INFO - [2024-06-16T21:36:37.976-0300] {dag.py:3096} INFO - Sync 1 DAGs
[2024-06-16T21:36:37.992-0300] {logging_mixin.py:188} INFO - [2024-06-16T21:36:37.992-0300] {dag.py:3954} INFO - Setting next_dagrun for example_nested_branch_dag to 2024-06-16 00:00:00+00:00, run_after=2024-06-17 00:00:00+00:00
[2024-06-16T21:36:38.017-0300] {processor.py:183} INFO - Processing /home/maira/.local/lib/python3.10/site-packages/airflow/example_dags/example_nested_branch_dag.py took 0.073 seconds
[2024-06-16T21:37:52.694-0300] {processor.py:161} INFO - Started process (PID=85910) to work on /home/maira/.local/lib/python3.10/site-packages/airflow/example_dags/example_nested_branch_dag.py
[2024-06-16T21:37:52.695-0300] {processor.py:830} INFO - Processing file /home/maira/.local/lib/python3.10/site-packages/airflow/example_dags/example_nested_branch_dag.py for tasks to queue
[2024-06-16T21:37:52.697-0300] {logging_mixin.py:188} INFO - [2024-06-16T21:37:52.697-0300] {dagbag.py:545} INFO - Filling up the DagBag from /home/maira/.local/lib/python3.10/site-packages/airflow/example_dags/example_nested_branch_dag.py
[2024-06-16T21:37:52.711-0300] {processor.py:840} INFO - DAG(s) 'example_nested_branch_dag' retrieved from /home/maira/.local/lib/python3.10/site-packages/airflow/example_dags/example_nested_branch_dag.py
[2024-06-16T21:37:52.734-0300] {logging_mixin.py:188} INFO - [2024-06-16T21:37:52.734-0300] {dag.py:3096} INFO - Sync 1 DAGs
[2024-06-16T21:37:52.783-0300] {logging_mixin.py:188} INFO - [2024-06-16T21:37:52.783-0300] {dag.py:3954} INFO - Setting next_dagrun for example_nested_branch_dag to 2024-06-16 00:00:00+00:00, run_after=2024-06-17 00:00:00+00:00
[2024-06-16T21:37:52.846-0300] {processor.py:183} INFO - Processing /home/maira/.local/lib/python3.10/site-packages/airflow/example_dags/example_nested_branch_dag.py took 0.164 seconds
[2024-06-16T21:38:48.859-0300] {processor.py:161} INFO - Started process (PID=88537) to work on /home/maira/.local/lib/python3.10/site-packages/airflow/example_dags/example_nested_branch_dag.py
[2024-06-16T21:38:48.861-0300] {processor.py:830} INFO - Processing file /home/maira/.local/lib/python3.10/site-packages/airflow/example_dags/example_nested_branch_dag.py for tasks to queue
[2024-06-16T21:38:48.862-0300] {logging_mixin.py:188} INFO - [2024-06-16T21:38:48.861-0300] {dagbag.py:545} INFO - Filling up the DagBag from /home/maira/.local/lib/python3.10/site-packages/airflow/example_dags/example_nested_branch_dag.py
[2024-06-16T21:38:48.877-0300] {processor.py:840} INFO - DAG(s) 'example_nested_branch_dag' retrieved from /home/maira/.local/lib/python3.10/site-packages/airflow/example_dags/example_nested_branch_dag.py
[2024-06-16T21:38:48.912-0300] {logging_mixin.py:188} INFO - [2024-06-16T21:38:48.911-0300] {dag.py:3096} INFO - Sync 1 DAGs
[2024-06-16T21:38:48.948-0300] {logging_mixin.py:188} INFO - [2024-06-16T21:38:48.948-0300] {dag.py:3954} INFO - Setting next_dagrun for example_nested_branch_dag to 2024-06-16 00:00:00+00:00, run_after=2024-06-17 00:00:00+00:00
[2024-06-16T21:38:48.989-0300] {processor.py:183} INFO - Processing /home/maira/.local/lib/python3.10/site-packages/airflow/example_dags/example_nested_branch_dag.py took 0.140 seconds
[2024-06-16T21:39:52.723-0300] {processor.py:161} INFO - Started process (PID=93421) to work on /home/maira/.local/lib/python3.10/site-packages/airflow/example_dags/example_nested_branch_dag.py
[2024-06-16T21:39:52.725-0300] {processor.py:830} INFO - Processing file /home/maira/.local/lib/python3.10/site-packages/airflow/example_dags/example_nested_branch_dag.py for tasks to queue
[2024-06-16T21:39:52.726-0300] {logging_mixin.py:188} INFO - [2024-06-16T21:39:52.726-0300] {dagbag.py:545} INFO - Filling up the DagBag from /home/maira/.local/lib/python3.10/site-packages/airflow/example_dags/example_nested_branch_dag.py
[2024-06-16T21:39:52.737-0300] {processor.py:840} INFO - DAG(s) 'example_nested_branch_dag' retrieved from /home/maira/.local/lib/python3.10/site-packages/airflow/example_dags/example_nested_branch_dag.py
[2024-06-16T21:39:52.757-0300] {logging_mixin.py:188} INFO - [2024-06-16T21:39:52.757-0300] {dag.py:3096} INFO - Sync 1 DAGs
[2024-06-16T21:39:52.783-0300] {logging_mixin.py:188} INFO - [2024-06-16T21:39:52.783-0300] {dag.py:3954} INFO - Setting next_dagrun for example_nested_branch_dag to 2024-06-16 00:00:00+00:00, run_after=2024-06-17 00:00:00+00:00
[2024-06-16T21:39:52.816-0300] {processor.py:183} INFO - Processing /home/maira/.local/lib/python3.10/site-packages/airflow/example_dags/example_nested_branch_dag.py took 0.101 seconds
[2024-06-16T21:40:49.562-0300] {processor.py:161} INFO - Started process (PID=98389) to work on /home/maira/.local/lib/python3.10/site-packages/airflow/example_dags/example_nested_branch_dag.py
[2024-06-16T21:40:49.565-0300] {processor.py:830} INFO - Processing file /home/maira/.local/lib/python3.10/site-packages/airflow/example_dags/example_nested_branch_dag.py for tasks to queue
[2024-06-16T21:40:49.566-0300] {logging_mixin.py:188} INFO - [2024-06-16T21:40:49.566-0300] {dagbag.py:545} INFO - Filling up the DagBag from /home/maira/.local/lib/python3.10/site-packages/airflow/example_dags/example_nested_branch_dag.py
[2024-06-16T21:40:49.580-0300] {processor.py:840} INFO - DAG(s) 'example_nested_branch_dag' retrieved from /home/maira/.local/lib/python3.10/site-packages/airflow/example_dags/example_nested_branch_dag.py
[2024-06-16T21:40:49.611-0300] {logging_mixin.py:188} INFO - [2024-06-16T21:40:49.610-0300] {dag.py:3096} INFO - Sync 1 DAGs
[2024-06-16T21:40:49.649-0300] {logging_mixin.py:188} INFO - [2024-06-16T21:40:49.648-0300] {dag.py:3954} INFO - Setting next_dagrun for example_nested_branch_dag to 2024-06-16 00:00:00+00:00, run_after=2024-06-17 00:00:00+00:00
[2024-06-16T21:40:49.681-0300] {processor.py:183} INFO - Processing /home/maira/.local/lib/python3.10/site-packages/airflow/example_dags/example_nested_branch_dag.py took 0.139 seconds
[2024-06-16T21:41:46.905-0300] {processor.py:161} INFO - Started process (PID=3460) to work on /home/maira/.local/lib/python3.10/site-packages/airflow/example_dags/example_nested_branch_dag.py
[2024-06-16T21:41:46.907-0300] {processor.py:830} INFO - Processing file /home/maira/.local/lib/python3.10/site-packages/airflow/example_dags/example_nested_branch_dag.py for tasks to queue
[2024-06-16T21:41:46.908-0300] {logging_mixin.py:188} INFO - [2024-06-16T21:41:46.908-0300] {dagbag.py:545} INFO - Filling up the DagBag from /home/maira/.local/lib/python3.10/site-packages/airflow/example_dags/example_nested_branch_dag.py
[2024-06-16T21:41:46.921-0300] {processor.py:840} INFO - DAG(s) 'example_nested_branch_dag' retrieved from /home/maira/.local/lib/python3.10/site-packages/airflow/example_dags/example_nested_branch_dag.py
[2024-06-16T21:41:46.942-0300] {logging_mixin.py:188} INFO - [2024-06-16T21:41:46.942-0300] {dag.py:3096} INFO - Sync 1 DAGs
[2024-06-16T21:41:46.969-0300] {logging_mixin.py:188} INFO - [2024-06-16T21:41:46.968-0300] {dag.py:3954} INFO - Setting next_dagrun for example_nested_branch_dag to 2024-06-16 00:00:00+00:00, run_after=2024-06-17 00:00:00+00:00
[2024-06-16T21:41:47.002-0300] {processor.py:183} INFO - Processing /home/maira/.local/lib/python3.10/site-packages/airflow/example_dags/example_nested_branch_dag.py took 0.105 seconds
[2024-06-16T21:42:43.148-0300] {processor.py:161} INFO - Started process (PID=8467) to work on /home/maira/.local/lib/python3.10/site-packages/airflow/example_dags/example_nested_branch_dag.py
[2024-06-16T21:42:43.150-0300] {processor.py:830} INFO - Processing file /home/maira/.local/lib/python3.10/site-packages/airflow/example_dags/example_nested_branch_dag.py for tasks to queue
[2024-06-16T21:42:43.151-0300] {logging_mixin.py:188} INFO - [2024-06-16T21:42:43.151-0300] {dagbag.py:545} INFO - Filling up the DagBag from /home/maira/.local/lib/python3.10/site-packages/airflow/example_dags/example_nested_branch_dag.py
[2024-06-16T21:42:43.161-0300] {processor.py:840} INFO - DAG(s) 'example_nested_branch_dag' retrieved from /home/maira/.local/lib/python3.10/site-packages/airflow/example_dags/example_nested_branch_dag.py
[2024-06-16T21:42:43.183-0300] {logging_mixin.py:188} INFO - [2024-06-16T21:42:43.182-0300] {dag.py:3096} INFO - Sync 1 DAGs
[2024-06-16T21:42:43.211-0300] {logging_mixin.py:188} INFO - [2024-06-16T21:42:43.211-0300] {dag.py:3954} INFO - Setting next_dagrun for example_nested_branch_dag to 2024-06-16 00:00:00+00:00, run_after=2024-06-17 00:00:00+00:00
[2024-06-16T21:42:43.253-0300] {processor.py:183} INFO - Processing /home/maira/.local/lib/python3.10/site-packages/airflow/example_dags/example_nested_branch_dag.py took 0.114 seconds
[2024-06-16T21:43:50.911-0300] {processor.py:161} INFO - Started process (PID=12693) to work on /home/maira/.local/lib/python3.10/site-packages/airflow/example_dags/example_nested_branch_dag.py
[2024-06-16T21:43:51.031-0300] {processor.py:830} INFO - Processing file /home/maira/.local/lib/python3.10/site-packages/airflow/example_dags/example_nested_branch_dag.py for tasks to queue
[2024-06-16T21:43:51.033-0300] {logging_mixin.py:188} INFO - [2024-06-16T21:43:51.032-0300] {dagbag.py:545} INFO - Filling up the DagBag from /home/maira/.local/lib/python3.10/site-packages/airflow/example_dags/example_nested_branch_dag.py
[2024-06-16T21:43:51.042-0300] {processor.py:840} INFO - DAG(s) 'example_nested_branch_dag' retrieved from /home/maira/.local/lib/python3.10/site-packages/airflow/example_dags/example_nested_branch_dag.py
[2024-06-16T21:43:51.056-0300] {logging_mixin.py:188} INFO - [2024-06-16T21:43:51.056-0300] {dag.py:3096} INFO - Sync 1 DAGs
[2024-06-16T21:43:51.071-0300] {logging_mixin.py:188} INFO - [2024-06-16T21:43:51.071-0300] {dag.py:3954} INFO - Setting next_dagrun for example_nested_branch_dag to 2024-06-16 00:00:00+00:00, run_after=2024-06-17 00:00:00+00:00
[2024-06-16T21:43:51.973-0300] {processor.py:183} INFO - Processing /home/maira/.local/lib/python3.10/site-packages/airflow/example_dags/example_nested_branch_dag.py took 1.299 seconds
[2024-06-16T21:44:56.799-0300] {processor.py:161} INFO - Started process (PID=17328) to work on /home/maira/.local/lib/python3.10/site-packages/airflow/example_dags/example_nested_branch_dag.py
[2024-06-16T21:44:56.801-0300] {processor.py:830} INFO - Processing file /home/maira/.local/lib/python3.10/site-packages/airflow/example_dags/example_nested_branch_dag.py for tasks to queue
[2024-06-16T21:44:56.801-0300] {logging_mixin.py:188} INFO - [2024-06-16T21:44:56.801-0300] {dagbag.py:545} INFO - Filling up the DagBag from /home/maira/.local/lib/python3.10/site-packages/airflow/example_dags/example_nested_branch_dag.py
[2024-06-16T21:44:56.814-0300] {processor.py:840} INFO - DAG(s) 'example_nested_branch_dag' retrieved from /home/maira/.local/lib/python3.10/site-packages/airflow/example_dags/example_nested_branch_dag.py
[2024-06-16T21:44:56.833-0300] {logging_mixin.py:188} INFO - [2024-06-16T21:44:56.832-0300] {dag.py:3096} INFO - Sync 1 DAGs
[2024-06-16T21:44:56.857-0300] {logging_mixin.py:188} INFO - [2024-06-16T21:44:56.857-0300] {dag.py:3954} INFO - Setting next_dagrun for example_nested_branch_dag to 2024-06-16 00:00:00+00:00, run_after=2024-06-17 00:00:00+00:00
[2024-06-16T21:44:56.888-0300] {processor.py:183} INFO - Processing /home/maira/.local/lib/python3.10/site-packages/airflow/example_dags/example_nested_branch_dag.py took 0.097 seconds
