[2024-06-16T21:32:46.485-0300] {processor.py:161} INFO - Started process (PID=85524) to work on /home/maira/.local/lib/python3.10/site-packages/airflow/example_dags/example_branch_day_of_week_operator.py
[2024-06-16T21:32:46.485-0300] {processor.py:830} INFO - Processing file /home/maira/.local/lib/python3.10/site-packages/airflow/example_dags/example_branch_day_of_week_operator.py for tasks to queue
[2024-06-16T21:32:46.486-0300] {logging_mixin.py:188} INFO - [2024-06-16T21:32:46.486-0300] {dagbag.py:545} INFO - Filling up the DagBag from /home/maira/.local/lib/python3.10/site-packages/airflow/example_dags/example_branch_day_of_week_operator.py
[2024-06-16T21:32:46.494-0300] {processor.py:840} INFO - DAG(s) 'example_weekday_branch_operator' retrieved from /home/maira/.local/lib/python3.10/site-packages/airflow/example_dags/example_branch_day_of_week_operator.py
[2024-06-16T21:32:46.510-0300] {logging_mixin.py:188} INFO - [2024-06-16T21:32:46.510-0300] {dag.py:3096} INFO - Sync 1 DAGs
[2024-06-16T21:32:46.525-0300] {logging_mixin.py:188} INFO - [2024-06-16T21:32:46.525-0300] {dag.py:3954} INFO - Setting next_dagrun for example_weekday_branch_operator to 2024-06-16 00:00:00+00:00, run_after=2024-06-17 00:00:00+00:00
[2024-06-16T21:32:46.549-0300] {processor.py:183} INFO - Processing /home/maira/.local/lib/python3.10/site-packages/airflow/example_dags/example_branch_day_of_week_operator.py took 0.075 seconds
[2024-06-16T21:33:40.544-0300] {processor.py:161} INFO - Started process (PID=85594) to work on /home/maira/.local/lib/python3.10/site-packages/airflow/example_dags/example_branch_day_of_week_operator.py
[2024-06-16T21:33:40.546-0300] {processor.py:830} INFO - Processing file /home/maira/.local/lib/python3.10/site-packages/airflow/example_dags/example_branch_day_of_week_operator.py for tasks to queue
[2024-06-16T21:33:40.546-0300] {logging_mixin.py:188} INFO - [2024-06-16T21:33:40.546-0300] {dagbag.py:545} INFO - Filling up the DagBag from /home/maira/.local/lib/python3.10/site-packages/airflow/example_dags/example_branch_day_of_week_operator.py
[2024-06-16T21:33:40.552-0300] {processor.py:840} INFO - DAG(s) 'example_weekday_branch_operator' retrieved from /home/maira/.local/lib/python3.10/site-packages/airflow/example_dags/example_branch_day_of_week_operator.py
[2024-06-16T21:33:40.565-0300] {logging_mixin.py:188} INFO - [2024-06-16T21:33:40.565-0300] {dag.py:3096} INFO - Sync 1 DAGs
[2024-06-16T21:33:40.579-0300] {logging_mixin.py:188} INFO - [2024-06-16T21:33:40.579-0300] {dag.py:3954} INFO - Setting next_dagrun for example_weekday_branch_operator to 2024-06-16 00:00:00+00:00, run_after=2024-06-17 00:00:00+00:00
[2024-06-16T21:33:40.603-0300] {processor.py:183} INFO - Processing /home/maira/.local/lib/python3.10/site-packages/airflow/example_dags/example_branch_day_of_week_operator.py took 0.066 seconds
[2024-06-16T21:34:38.995-0300] {processor.py:161} INFO - Started process (PID=85661) to work on /home/maira/.local/lib/python3.10/site-packages/airflow/example_dags/example_branch_day_of_week_operator.py
[2024-06-16T21:34:38.997-0300] {processor.py:830} INFO - Processing file /home/maira/.local/lib/python3.10/site-packages/airflow/example_dags/example_branch_day_of_week_operator.py for tasks to queue
[2024-06-16T21:34:38.998-0300] {logging_mixin.py:188} INFO - [2024-06-16T21:34:38.998-0300] {dagbag.py:545} INFO - Filling up the DagBag from /home/maira/.local/lib/python3.10/site-packages/airflow/example_dags/example_branch_day_of_week_operator.py
[2024-06-16T21:34:39.003-0300] {processor.py:840} INFO - DAG(s) 'example_weekday_branch_operator' retrieved from /home/maira/.local/lib/python3.10/site-packages/airflow/example_dags/example_branch_day_of_week_operator.py
[2024-06-16T21:34:39.017-0300] {logging_mixin.py:188} INFO - [2024-06-16T21:34:39.016-0300] {dag.py:3096} INFO - Sync 1 DAGs
[2024-06-16T21:34:39.031-0300] {logging_mixin.py:188} INFO - [2024-06-16T21:34:39.030-0300] {dag.py:3954} INFO - Setting next_dagrun for example_weekday_branch_operator to 2024-06-16 00:00:00+00:00, run_after=2024-06-17 00:00:00+00:00
[2024-06-16T21:34:39.055-0300] {processor.py:183} INFO - Processing /home/maira/.local/lib/python3.10/site-packages/airflow/example_dags/example_branch_day_of_week_operator.py took 0.067 seconds
[2024-06-16T21:35:31.530-0300] {processor.py:161} INFO - Started process (PID=85734) to work on /home/maira/.local/lib/python3.10/site-packages/airflow/example_dags/example_branch_day_of_week_operator.py
[2024-06-16T21:35:31.532-0300] {processor.py:830} INFO - Processing file /home/maira/.local/lib/python3.10/site-packages/airflow/example_dags/example_branch_day_of_week_operator.py for tasks to queue
[2024-06-16T21:35:31.533-0300] {logging_mixin.py:188} INFO - [2024-06-16T21:35:31.532-0300] {dagbag.py:545} INFO - Filling up the DagBag from /home/maira/.local/lib/python3.10/site-packages/airflow/example_dags/example_branch_day_of_week_operator.py
[2024-06-16T21:35:31.538-0300] {processor.py:840} INFO - DAG(s) 'example_weekday_branch_operator' retrieved from /home/maira/.local/lib/python3.10/site-packages/airflow/example_dags/example_branch_day_of_week_operator.py
[2024-06-16T21:35:31.552-0300] {logging_mixin.py:188} INFO - [2024-06-16T21:35:31.552-0300] {dag.py:3096} INFO - Sync 1 DAGs
[2024-06-16T21:35:31.567-0300] {logging_mixin.py:188} INFO - [2024-06-16T21:35:31.567-0300] {dag.py:3954} INFO - Setting next_dagrun for example_weekday_branch_operator to 2024-06-16 00:00:00+00:00, run_after=2024-06-17 00:00:00+00:00
[2024-06-16T21:35:31.590-0300] {processor.py:183} INFO - Processing /home/maira/.local/lib/python3.10/site-packages/airflow/example_dags/example_branch_day_of_week_operator.py took 0.066 seconds
[2024-06-16T21:36:38.646-0300] {processor.py:161} INFO - Started process (PID=85817) to work on /home/maira/.local/lib/python3.10/site-packages/airflow/example_dags/example_branch_day_of_week_operator.py
[2024-06-16T21:36:38.647-0300] {processor.py:830} INFO - Processing file /home/maira/.local/lib/python3.10/site-packages/airflow/example_dags/example_branch_day_of_week_operator.py for tasks to queue
[2024-06-16T21:36:38.648-0300] {logging_mixin.py:188} INFO - [2024-06-16T21:36:38.648-0300] {dagbag.py:545} INFO - Filling up the DagBag from /home/maira/.local/lib/python3.10/site-packages/airflow/example_dags/example_branch_day_of_week_operator.py
[2024-06-16T21:36:38.654-0300] {processor.py:840} INFO - DAG(s) 'example_weekday_branch_operator' retrieved from /home/maira/.local/lib/python3.10/site-packages/airflow/example_dags/example_branch_day_of_week_operator.py
[2024-06-16T21:36:38.669-0300] {logging_mixin.py:188} INFO - [2024-06-16T21:36:38.668-0300] {dag.py:3096} INFO - Sync 1 DAGs
[2024-06-16T21:36:38.686-0300] {logging_mixin.py:188} INFO - [2024-06-16T21:36:38.686-0300] {dag.py:3954} INFO - Setting next_dagrun for example_weekday_branch_operator to 2024-06-16 00:00:00+00:00, run_after=2024-06-17 00:00:00+00:00
[2024-06-16T21:36:38.710-0300] {processor.py:183} INFO - Processing /home/maira/.local/lib/python3.10/site-packages/airflow/example_dags/example_branch_day_of_week_operator.py took 0.072 seconds
[2024-06-16T21:37:53.928-0300] {processor.py:161} INFO - Started process (PID=85911) to work on /home/maira/.local/lib/python3.10/site-packages/airflow/example_dags/example_branch_day_of_week_operator.py
[2024-06-16T21:37:53.930-0300] {processor.py:830} INFO - Processing file /home/maira/.local/lib/python3.10/site-packages/airflow/example_dags/example_branch_day_of_week_operator.py for tasks to queue
[2024-06-16T21:37:53.931-0300] {logging_mixin.py:188} INFO - [2024-06-16T21:37:53.930-0300] {dagbag.py:545} INFO - Filling up the DagBag from /home/maira/.local/lib/python3.10/site-packages/airflow/example_dags/example_branch_day_of_week_operator.py
[2024-06-16T21:37:53.936-0300] {processor.py:840} INFO - DAG(s) 'example_weekday_branch_operator' retrieved from /home/maira/.local/lib/python3.10/site-packages/airflow/example_dags/example_branch_day_of_week_operator.py
[2024-06-16T21:37:53.956-0300] {logging_mixin.py:188} INFO - [2024-06-16T21:37:53.956-0300] {dag.py:3096} INFO - Sync 1 DAGs
[2024-06-16T21:37:54.008-0300] {logging_mixin.py:188} INFO - [2024-06-16T21:37:54.008-0300] {dag.py:3954} INFO - Setting next_dagrun for example_weekday_branch_operator to 2024-06-16 00:00:00+00:00, run_after=2024-06-17 00:00:00+00:00
[2024-06-16T21:37:54.095-0300] {processor.py:183} INFO - Processing /home/maira/.local/lib/python3.10/site-packages/airflow/example_dags/example_branch_day_of_week_operator.py took 0.175 seconds
[2024-06-16T21:38:50.121-0300] {processor.py:161} INFO - Started process (PID=88617) to work on /home/maira/.local/lib/python3.10/site-packages/airflow/example_dags/example_branch_day_of_week_operator.py
[2024-06-16T21:38:50.123-0300] {processor.py:830} INFO - Processing file /home/maira/.local/lib/python3.10/site-packages/airflow/example_dags/example_branch_day_of_week_operator.py for tasks to queue
[2024-06-16T21:38:50.124-0300] {logging_mixin.py:188} INFO - [2024-06-16T21:38:50.123-0300] {dagbag.py:545} INFO - Filling up the DagBag from /home/maira/.local/lib/python3.10/site-packages/airflow/example_dags/example_branch_day_of_week_operator.py
[2024-06-16T21:38:50.133-0300] {processor.py:840} INFO - DAG(s) 'example_weekday_branch_operator' retrieved from /home/maira/.local/lib/python3.10/site-packages/airflow/example_dags/example_branch_day_of_week_operator.py
[2024-06-16T21:38:50.154-0300] {logging_mixin.py:188} INFO - [2024-06-16T21:38:50.154-0300] {dag.py:3096} INFO - Sync 1 DAGs
[2024-06-16T21:38:50.184-0300] {logging_mixin.py:188} INFO - [2024-06-16T21:38:50.184-0300] {dag.py:3954} INFO - Setting next_dagrun for example_weekday_branch_operator to 2024-06-16 00:00:00+00:00, run_after=2024-06-17 00:00:00+00:00
[2024-06-16T21:38:50.262-0300] {processor.py:183} INFO - Processing /home/maira/.local/lib/python3.10/site-packages/airflow/example_dags/example_branch_day_of_week_operator.py took 0.154 seconds
[2024-06-16T21:39:53.988-0300] {processor.py:161} INFO - Started process (PID=93532) to work on /home/maira/.local/lib/python3.10/site-packages/airflow/example_dags/example_branch_day_of_week_operator.py
[2024-06-16T21:39:53.990-0300] {processor.py:830} INFO - Processing file /home/maira/.local/lib/python3.10/site-packages/airflow/example_dags/example_branch_day_of_week_operator.py for tasks to queue
[2024-06-16T21:39:53.991-0300] {logging_mixin.py:188} INFO - [2024-06-16T21:39:53.990-0300] {dagbag.py:545} INFO - Filling up the DagBag from /home/maira/.local/lib/python3.10/site-packages/airflow/example_dags/example_branch_day_of_week_operator.py
[2024-06-16T21:39:54.000-0300] {processor.py:840} INFO - DAG(s) 'example_weekday_branch_operator' retrieved from /home/maira/.local/lib/python3.10/site-packages/airflow/example_dags/example_branch_day_of_week_operator.py
[2024-06-16T21:39:54.022-0300] {logging_mixin.py:188} INFO - [2024-06-16T21:39:54.022-0300] {dag.py:3096} INFO - Sync 1 DAGs
[2024-06-16T21:39:54.051-0300] {logging_mixin.py:188} INFO - [2024-06-16T21:39:54.051-0300] {dag.py:3954} INFO - Setting next_dagrun for example_weekday_branch_operator to 2024-06-16 00:00:00+00:00, run_after=2024-06-17 00:00:00+00:00
[2024-06-16T21:39:54.094-0300] {processor.py:183} INFO - Processing /home/maira/.local/lib/python3.10/site-packages/airflow/example_dags/example_branch_day_of_week_operator.py took 0.116 seconds
[2024-06-16T21:40:50.798-0300] {processor.py:161} INFO - Started process (PID=98422) to work on /home/maira/.local/lib/python3.10/site-packages/airflow/example_dags/example_branch_day_of_week_operator.py
[2024-06-16T21:40:50.827-0300] {processor.py:830} INFO - Processing file /home/maira/.local/lib/python3.10/site-packages/airflow/example_dags/example_branch_day_of_week_operator.py for tasks to queue
[2024-06-16T21:40:50.828-0300] {logging_mixin.py:188} INFO - [2024-06-16T21:40:50.827-0300] {dagbag.py:545} INFO - Filling up the DagBag from /home/maira/.local/lib/python3.10/site-packages/airflow/example_dags/example_branch_day_of_week_operator.py
[2024-06-16T21:40:50.838-0300] {processor.py:840} INFO - DAG(s) 'example_weekday_branch_operator' retrieved from /home/maira/.local/lib/python3.10/site-packages/airflow/example_dags/example_branch_day_of_week_operator.py
[2024-06-16T21:40:50.856-0300] {logging_mixin.py:188} INFO - [2024-06-16T21:40:50.856-0300] {dag.py:3096} INFO - Sync 1 DAGs
[2024-06-16T21:40:50.879-0300] {logging_mixin.py:188} INFO - [2024-06-16T21:40:50.879-0300] {dag.py:3954} INFO - Setting next_dagrun for example_weekday_branch_operator to 2024-06-16 00:00:00+00:00, run_after=2024-06-17 00:00:00+00:00
[2024-06-16T21:40:50.951-0300] {processor.py:183} INFO - Processing /home/maira/.local/lib/python3.10/site-packages/airflow/example_dags/example_branch_day_of_week_operator.py took 0.162 seconds
[2024-06-16T21:41:48.158-0300] {processor.py:161} INFO - Started process (PID=3562) to work on /home/maira/.local/lib/python3.10/site-packages/airflow/example_dags/example_branch_day_of_week_operator.py
[2024-06-16T21:41:48.160-0300] {processor.py:830} INFO - Processing file /home/maira/.local/lib/python3.10/site-packages/airflow/example_dags/example_branch_day_of_week_operator.py for tasks to queue
[2024-06-16T21:41:48.161-0300] {logging_mixin.py:188} INFO - [2024-06-16T21:41:48.160-0300] {dagbag.py:545} INFO - Filling up the DagBag from /home/maira/.local/lib/python3.10/site-packages/airflow/example_dags/example_branch_day_of_week_operator.py
[2024-06-16T21:41:48.169-0300] {processor.py:840} INFO - DAG(s) 'example_weekday_branch_operator' retrieved from /home/maira/.local/lib/python3.10/site-packages/airflow/example_dags/example_branch_day_of_week_operator.py
[2024-06-16T21:41:48.190-0300] {logging_mixin.py:188} INFO - [2024-06-16T21:41:48.190-0300] {dag.py:3096} INFO - Sync 1 DAGs
[2024-06-16T21:41:48.223-0300] {logging_mixin.py:188} INFO - [2024-06-16T21:41:48.223-0300] {dag.py:3954} INFO - Setting next_dagrun for example_weekday_branch_operator to 2024-06-16 00:00:00+00:00, run_after=2024-06-17 00:00:00+00:00
[2024-06-16T21:41:48.255-0300] {processor.py:183} INFO - Processing /home/maira/.local/lib/python3.10/site-packages/airflow/example_dags/example_branch_day_of_week_operator.py took 0.105 seconds
[2024-06-16T21:42:44.431-0300] {processor.py:161} INFO - Started process (PID=8556) to work on /home/maira/.local/lib/python3.10/site-packages/airflow/example_dags/example_branch_day_of_week_operator.py
[2024-06-16T21:42:44.433-0300] {processor.py:830} INFO - Processing file /home/maira/.local/lib/python3.10/site-packages/airflow/example_dags/example_branch_day_of_week_operator.py for tasks to queue
[2024-06-16T21:42:44.434-0300] {logging_mixin.py:188} INFO - [2024-06-16T21:42:44.434-0300] {dagbag.py:545} INFO - Filling up the DagBag from /home/maira/.local/lib/python3.10/site-packages/airflow/example_dags/example_branch_day_of_week_operator.py
[2024-06-16T21:42:44.442-0300] {processor.py:840} INFO - DAG(s) 'example_weekday_branch_operator' retrieved from /home/maira/.local/lib/python3.10/site-packages/airflow/example_dags/example_branch_day_of_week_operator.py
[2024-06-16T21:42:44.461-0300] {logging_mixin.py:188} INFO - [2024-06-16T21:42:44.460-0300] {dag.py:3096} INFO - Sync 1 DAGs
[2024-06-16T21:42:44.485-0300] {logging_mixin.py:188} INFO - [2024-06-16T21:42:44.484-0300] {dag.py:3954} INFO - Setting next_dagrun for example_weekday_branch_operator to 2024-06-16 00:00:00+00:00, run_after=2024-06-17 00:00:00+00:00
[2024-06-16T21:42:44.515-0300] {processor.py:183} INFO - Processing /home/maira/.local/lib/python3.10/site-packages/airflow/example_dags/example_branch_day_of_week_operator.py took 0.093 seconds
[2024-06-16T21:43:53.112-0300] {processor.py:161} INFO - Started process (PID=12768) to work on /home/maira/.local/lib/python3.10/site-packages/airflow/example_dags/example_branch_day_of_week_operator.py
[2024-06-16T21:43:53.114-0300] {processor.py:830} INFO - Processing file /home/maira/.local/lib/python3.10/site-packages/airflow/example_dags/example_branch_day_of_week_operator.py for tasks to queue
[2024-06-16T21:43:53.116-0300] {logging_mixin.py:188} INFO - [2024-06-16T21:43:53.115-0300] {dagbag.py:545} INFO - Filling up the DagBag from /home/maira/.local/lib/python3.10/site-packages/airflow/example_dags/example_branch_day_of_week_operator.py
[2024-06-16T21:43:53.125-0300] {processor.py:840} INFO - DAG(s) 'example_weekday_branch_operator' retrieved from /home/maira/.local/lib/python3.10/site-packages/airflow/example_dags/example_branch_day_of_week_operator.py
[2024-06-16T21:43:53.141-0300] {logging_mixin.py:188} INFO - [2024-06-16T21:43:53.141-0300] {dag.py:3096} INFO - Sync 1 DAGs
[2024-06-16T21:43:53.162-0300] {logging_mixin.py:188} INFO - [2024-06-16T21:43:53.161-0300] {dag.py:3954} INFO - Setting next_dagrun for example_weekday_branch_operator to 2024-06-16 00:00:00+00:00, run_after=2024-06-17 00:00:00+00:00
[2024-06-16T21:43:53.196-0300] {processor.py:183} INFO - Processing /home/maira/.local/lib/python3.10/site-packages/airflow/example_dags/example_branch_day_of_week_operator.py took 0.096 seconds
[2024-06-16T21:44:58.049-0300] {processor.py:161} INFO - Started process (PID=17407) to work on /home/maira/.local/lib/python3.10/site-packages/airflow/example_dags/example_branch_day_of_week_operator.py
[2024-06-16T21:44:58.051-0300] {processor.py:830} INFO - Processing file /home/maira/.local/lib/python3.10/site-packages/airflow/example_dags/example_branch_day_of_week_operator.py for tasks to queue
[2024-06-16T21:44:58.052-0300] {logging_mixin.py:188} INFO - [2024-06-16T21:44:58.052-0300] {dagbag.py:545} INFO - Filling up the DagBag from /home/maira/.local/lib/python3.10/site-packages/airflow/example_dags/example_branch_day_of_week_operator.py
[2024-06-16T21:44:58.061-0300] {processor.py:840} INFO - DAG(s) 'example_weekday_branch_operator' retrieved from /home/maira/.local/lib/python3.10/site-packages/airflow/example_dags/example_branch_day_of_week_operator.py
[2024-06-16T21:44:58.085-0300] {logging_mixin.py:188} INFO - [2024-06-16T21:44:58.085-0300] {dag.py:3096} INFO - Sync 1 DAGs
[2024-06-16T21:44:58.111-0300] {logging_mixin.py:188} INFO - [2024-06-16T21:44:58.111-0300] {dag.py:3954} INFO - Setting next_dagrun for example_weekday_branch_operator to 2024-06-16 00:00:00+00:00, run_after=2024-06-17 00:00:00+00:00
[2024-06-16T21:44:58.148-0300] {processor.py:183} INFO - Processing /home/maira/.local/lib/python3.10/site-packages/airflow/example_dags/example_branch_day_of_week_operator.py took 0.108 seconds
