[2024-06-16T21:32:11.283-0300] {processor.py:161} INFO - Started process (PID=85479) to work on /home/maira/.local/lib/python3.10/site-packages/airflow/example_dags/example_short_circuit_operator.py
[2024-06-16T21:32:11.284-0300] {processor.py:830} INFO - Processing file /home/maira/.local/lib/python3.10/site-packages/airflow/example_dags/example_short_circuit_operator.py for tasks to queue
[2024-06-16T21:32:11.286-0300] {logging_mixin.py:188} INFO - [2024-06-16T21:32:11.285-0300] {dagbag.py:545} INFO - Filling up the DagBag from /home/maira/.local/lib/python3.10/site-packages/airflow/example_dags/example_short_circuit_operator.py
[2024-06-16T21:32:11.293-0300] {processor.py:840} INFO - DAG(s) 'example_short_circuit_operator' retrieved from /home/maira/.local/lib/python3.10/site-packages/airflow/example_dags/example_short_circuit_operator.py
[2024-06-16T21:32:11.311-0300] {logging_mixin.py:188} INFO - [2024-06-16T21:32:11.311-0300] {dag.py:3096} INFO - Sync 1 DAGs
[2024-06-16T21:32:11.338-0300] {logging_mixin.py:188} INFO - [2024-06-16T21:32:11.337-0300] {dag.py:3954} INFO - Setting next_dagrun for example_short_circuit_operator to 2024-06-16 00:00:00+00:00, run_after=2024-06-17 00:00:00+00:00
[2024-06-16T21:32:11.375-0300] {processor.py:183} INFO - Processing /home/maira/.local/lib/python3.10/site-packages/airflow/example_dags/example_short_circuit_operator.py took 0.102 seconds
[2024-06-16T21:33:05.028-0300] {processor.py:161} INFO - Started process (PID=85544) to work on /home/maira/.local/lib/python3.10/site-packages/airflow/example_dags/example_short_circuit_operator.py
[2024-06-16T21:33:05.030-0300] {processor.py:830} INFO - Processing file /home/maira/.local/lib/python3.10/site-packages/airflow/example_dags/example_short_circuit_operator.py for tasks to queue
[2024-06-16T21:33:05.030-0300] {logging_mixin.py:188} INFO - [2024-06-16T21:33:05.030-0300] {dagbag.py:545} INFO - Filling up the DagBag from /home/maira/.local/lib/python3.10/site-packages/airflow/example_dags/example_short_circuit_operator.py
[2024-06-16T21:33:05.036-0300] {processor.py:840} INFO - DAG(s) 'example_short_circuit_operator' retrieved from /home/maira/.local/lib/python3.10/site-packages/airflow/example_dags/example_short_circuit_operator.py
[2024-06-16T21:33:05.051-0300] {logging_mixin.py:188} INFO - [2024-06-16T21:33:05.051-0300] {dag.py:3096} INFO - Sync 1 DAGs
[2024-06-16T21:33:05.068-0300] {logging_mixin.py:188} INFO - [2024-06-16T21:33:05.068-0300] {dag.py:3954} INFO - Setting next_dagrun for example_short_circuit_operator to 2024-06-16 00:00:00+00:00, run_after=2024-06-17 00:00:00+00:00
[2024-06-16T21:33:05.094-0300] {processor.py:183} INFO - Processing /home/maira/.local/lib/python3.10/site-packages/airflow/example_dags/example_short_circuit_operator.py took 0.073 seconds
[2024-06-16T21:33:58.875-0300] {processor.py:161} INFO - Started process (PID=85613) to work on /home/maira/.local/lib/python3.10/site-packages/airflow/example_dags/example_short_circuit_operator.py
[2024-06-16T21:33:58.877-0300] {processor.py:830} INFO - Processing file /home/maira/.local/lib/python3.10/site-packages/airflow/example_dags/example_short_circuit_operator.py for tasks to queue
[2024-06-16T21:33:58.878-0300] {logging_mixin.py:188} INFO - [2024-06-16T21:33:58.878-0300] {dagbag.py:545} INFO - Filling up the DagBag from /home/maira/.local/lib/python3.10/site-packages/airflow/example_dags/example_short_circuit_operator.py
[2024-06-16T21:33:58.885-0300] {processor.py:840} INFO - DAG(s) 'example_short_circuit_operator' retrieved from /home/maira/.local/lib/python3.10/site-packages/airflow/example_dags/example_short_circuit_operator.py
[2024-06-16T21:33:58.902-0300] {logging_mixin.py:188} INFO - [2024-06-16T21:33:58.902-0300] {dag.py:3096} INFO - Sync 1 DAGs
[2024-06-16T21:33:58.921-0300] {logging_mixin.py:188} INFO - [2024-06-16T21:33:58.921-0300] {dag.py:3954} INFO - Setting next_dagrun for example_short_circuit_operator to 2024-06-16 00:00:00+00:00, run_after=2024-06-17 00:00:00+00:00
[2024-06-16T21:33:58.951-0300] {processor.py:183} INFO - Processing /home/maira/.local/lib/python3.10/site-packages/airflow/example_dags/example_short_circuit_operator.py took 0.085 seconds
[2024-06-16T21:34:59.415-0300] {processor.py:161} INFO - Started process (PID=85683) to work on /home/maira/.local/lib/python3.10/site-packages/airflow/example_dags/example_short_circuit_operator.py
[2024-06-16T21:34:59.417-0300] {processor.py:830} INFO - Processing file /home/maira/.local/lib/python3.10/site-packages/airflow/example_dags/example_short_circuit_operator.py for tasks to queue
[2024-06-16T21:34:59.418-0300] {logging_mixin.py:188} INFO - [2024-06-16T21:34:59.418-0300] {dagbag.py:545} INFO - Filling up the DagBag from /home/maira/.local/lib/python3.10/site-packages/airflow/example_dags/example_short_circuit_operator.py
[2024-06-16T21:34:59.424-0300] {processor.py:840} INFO - DAG(s) 'example_short_circuit_operator' retrieved from /home/maira/.local/lib/python3.10/site-packages/airflow/example_dags/example_short_circuit_operator.py
[2024-06-16T21:34:59.438-0300] {logging_mixin.py:188} INFO - [2024-06-16T21:34:59.438-0300] {dag.py:3096} INFO - Sync 1 DAGs
[2024-06-16T21:34:59.453-0300] {logging_mixin.py:188} INFO - [2024-06-16T21:34:59.452-0300] {dag.py:3954} INFO - Setting next_dagrun for example_short_circuit_operator to 2024-06-16 00:00:00+00:00, run_after=2024-06-17 00:00:00+00:00
[2024-06-16T21:34:59.478-0300] {processor.py:183} INFO - Processing /home/maira/.local/lib/python3.10/site-packages/airflow/example_dags/example_short_circuit_operator.py took 0.070 seconds
[2024-06-16T21:35:49.279-0300] {processor.py:161} INFO - Started process (PID=85752) to work on /home/maira/.local/lib/python3.10/site-packages/airflow/example_dags/example_short_circuit_operator.py
[2024-06-16T21:35:49.280-0300] {processor.py:830} INFO - Processing file /home/maira/.local/lib/python3.10/site-packages/airflow/example_dags/example_short_circuit_operator.py for tasks to queue
[2024-06-16T21:35:49.281-0300] {logging_mixin.py:188} INFO - [2024-06-16T21:35:49.281-0300] {dagbag.py:545} INFO - Filling up the DagBag from /home/maira/.local/lib/python3.10/site-packages/airflow/example_dags/example_short_circuit_operator.py
[2024-06-16T21:35:49.287-0300] {processor.py:840} INFO - DAG(s) 'example_short_circuit_operator' retrieved from /home/maira/.local/lib/python3.10/site-packages/airflow/example_dags/example_short_circuit_operator.py
[2024-06-16T21:35:49.301-0300] {logging_mixin.py:188} INFO - [2024-06-16T21:35:49.301-0300] {dag.py:3096} INFO - Sync 1 DAGs
[2024-06-16T21:35:49.316-0300] {logging_mixin.py:188} INFO - [2024-06-16T21:35:49.315-0300] {dag.py:3954} INFO - Setting next_dagrun for example_short_circuit_operator to 2024-06-16 00:00:00+00:00, run_after=2024-06-17 00:00:00+00:00
[2024-06-16T21:35:49.340-0300] {processor.py:183} INFO - Processing /home/maira/.local/lib/python3.10/site-packages/airflow/example_dags/example_short_circuit_operator.py took 0.069 seconds
[2024-06-16T21:36:33.493-0300] {processor.py:161} INFO - Started process (PID=85812) to work on /home/maira/.local/lib/python3.10/site-packages/airflow/example_dags/example_short_circuit_operator.py
[2024-06-16T21:36:33.494-0300] {processor.py:830} INFO - Processing file /home/maira/.local/lib/python3.10/site-packages/airflow/example_dags/example_short_circuit_operator.py for tasks to queue
[2024-06-16T21:36:33.495-0300] {logging_mixin.py:188} INFO - [2024-06-16T21:36:33.495-0300] {dagbag.py:545} INFO - Filling up the DagBag from /home/maira/.local/lib/python3.10/site-packages/airflow/example_dags/example_short_circuit_operator.py
[2024-06-16T21:36:33.501-0300] {processor.py:840} INFO - DAG(s) 'example_short_circuit_operator' retrieved from /home/maira/.local/lib/python3.10/site-packages/airflow/example_dags/example_short_circuit_operator.py
[2024-06-16T21:36:33.515-0300] {logging_mixin.py:188} INFO - [2024-06-16T21:36:33.514-0300] {dag.py:3096} INFO - Sync 1 DAGs
[2024-06-16T21:36:33.529-0300] {logging_mixin.py:188} INFO - [2024-06-16T21:36:33.529-0300] {dag.py:3954} INFO - Setting next_dagrun for example_short_circuit_operator to 2024-06-16 00:00:00+00:00, run_after=2024-06-17 00:00:00+00:00
[2024-06-16T21:36:33.555-0300] {processor.py:183} INFO - Processing /home/maira/.local/lib/python3.10/site-packages/airflow/example_dags/example_short_circuit_operator.py took 0.069 seconds
[2024-06-16T21:37:33.778-0300] {processor.py:161} INFO - Started process (PID=85891) to work on /home/maira/.local/lib/python3.10/site-packages/airflow/example_dags/example_short_circuit_operator.py
[2024-06-16T21:37:33.779-0300] {processor.py:830} INFO - Processing file /home/maira/.local/lib/python3.10/site-packages/airflow/example_dags/example_short_circuit_operator.py for tasks to queue
[2024-06-16T21:37:33.781-0300] {logging_mixin.py:188} INFO - [2024-06-16T21:37:33.780-0300] {dagbag.py:545} INFO - Filling up the DagBag from /home/maira/.local/lib/python3.10/site-packages/airflow/example_dags/example_short_circuit_operator.py
[2024-06-16T21:37:33.787-0300] {processor.py:840} INFO - DAG(s) 'example_short_circuit_operator' retrieved from /home/maira/.local/lib/python3.10/site-packages/airflow/example_dags/example_short_circuit_operator.py
[2024-06-16T21:37:33.802-0300] {logging_mixin.py:188} INFO - [2024-06-16T21:37:33.802-0300] {dag.py:3096} INFO - Sync 1 DAGs
[2024-06-16T21:37:33.820-0300] {logging_mixin.py:188} INFO - [2024-06-16T21:37:33.820-0300] {dag.py:3954} INFO - Setting next_dagrun for example_short_circuit_operator to 2024-06-16 00:00:00+00:00, run_after=2024-06-17 00:00:00+00:00
[2024-06-16T21:37:33.873-0300] {processor.py:183} INFO - Processing /home/maira/.local/lib/python3.10/site-packages/airflow/example_dags/example_short_circuit_operator.py took 0.104 seconds
[2024-06-16T21:38:30.985-0300] {processor.py:161} INFO - Started process (PID=86869) to work on /home/maira/.local/lib/python3.10/site-packages/airflow/example_dags/example_short_circuit_operator.py
[2024-06-16T21:38:30.987-0300] {processor.py:830} INFO - Processing file /home/maira/.local/lib/python3.10/site-packages/airflow/example_dags/example_short_circuit_operator.py for tasks to queue
[2024-06-16T21:38:30.988-0300] {logging_mixin.py:188} INFO - [2024-06-16T21:38:30.988-0300] {dagbag.py:545} INFO - Filling up the DagBag from /home/maira/.local/lib/python3.10/site-packages/airflow/example_dags/example_short_circuit_operator.py
[2024-06-16T21:38:30.995-0300] {processor.py:840} INFO - DAG(s) 'example_short_circuit_operator' retrieved from /home/maira/.local/lib/python3.10/site-packages/airflow/example_dags/example_short_circuit_operator.py
[2024-06-16T21:38:31.014-0300] {logging_mixin.py:188} INFO - [2024-06-16T21:38:31.014-0300] {dag.py:3096} INFO - Sync 1 DAGs
[2024-06-16T21:38:31.045-0300] {logging_mixin.py:188} INFO - [2024-06-16T21:38:31.044-0300] {dag.py:3954} INFO - Setting next_dagrun for example_short_circuit_operator to 2024-06-16 00:00:00+00:00, run_after=2024-06-17 00:00:00+00:00
[2024-06-16T21:38:31.081-0300] {processor.py:183} INFO - Processing /home/maira/.local/lib/python3.10/site-packages/airflow/example_dags/example_short_circuit_operator.py took 0.103 seconds
[2024-06-16T21:39:37.274-0300] {processor.py:161} INFO - Started process (PID=92179) to work on /home/maira/.local/lib/python3.10/site-packages/airflow/example_dags/example_short_circuit_operator.py
[2024-06-16T21:39:37.276-0300] {processor.py:830} INFO - Processing file /home/maira/.local/lib/python3.10/site-packages/airflow/example_dags/example_short_circuit_operator.py for tasks to queue
[2024-06-16T21:39:37.278-0300] {logging_mixin.py:188} INFO - [2024-06-16T21:39:37.277-0300] {dagbag.py:545} INFO - Filling up the DagBag from /home/maira/.local/lib/python3.10/site-packages/airflow/example_dags/example_short_circuit_operator.py
[2024-06-16T21:39:37.289-0300] {processor.py:840} INFO - DAG(s) 'example_short_circuit_operator' retrieved from /home/maira/.local/lib/python3.10/site-packages/airflow/example_dags/example_short_circuit_operator.py
[2024-06-16T21:39:37.317-0300] {logging_mixin.py:188} INFO - [2024-06-16T21:39:37.316-0300] {dag.py:3096} INFO - Sync 1 DAGs
[2024-06-16T21:39:37.349-0300] {logging_mixin.py:188} INFO - [2024-06-16T21:39:37.348-0300] {dag.py:3954} INFO - Setting next_dagrun for example_short_circuit_operator to 2024-06-16 00:00:00+00:00, run_after=2024-06-17 00:00:00+00:00
[2024-06-16T21:39:37.394-0300] {processor.py:183} INFO - Processing /home/maira/.local/lib/python3.10/site-packages/airflow/example_dags/example_short_circuit_operator.py took 0.134 seconds
[2024-06-16T21:40:33.568-0300] {processor.py:161} INFO - Started process (PID=97297) to work on /home/maira/.local/lib/python3.10/site-packages/airflow/example_dags/example_short_circuit_operator.py
[2024-06-16T21:40:33.571-0300] {processor.py:830} INFO - Processing file /home/maira/.local/lib/python3.10/site-packages/airflow/example_dags/example_short_circuit_operator.py for tasks to queue
[2024-06-16T21:40:33.572-0300] {logging_mixin.py:188} INFO - [2024-06-16T21:40:33.572-0300] {dagbag.py:545} INFO - Filling up the DagBag from /home/maira/.local/lib/python3.10/site-packages/airflow/example_dags/example_short_circuit_operator.py
[2024-06-16T21:40:33.589-0300] {processor.py:840} INFO - DAG(s) 'example_short_circuit_operator' retrieved from /home/maira/.local/lib/python3.10/site-packages/airflow/example_dags/example_short_circuit_operator.py
[2024-06-16T21:40:33.641-0300] {logging_mixin.py:188} INFO - [2024-06-16T21:40:33.640-0300] {dag.py:3096} INFO - Sync 1 DAGs
[2024-06-16T21:40:33.686-0300] {logging_mixin.py:188} INFO - [2024-06-16T21:40:33.686-0300] {dag.py:3954} INFO - Setting next_dagrun for example_short_circuit_operator to 2024-06-16 00:00:00+00:00, run_after=2024-06-17 00:00:00+00:00
[2024-06-16T21:40:33.729-0300] {processor.py:183} INFO - Processing /home/maira/.local/lib/python3.10/site-packages/airflow/example_dags/example_short_circuit_operator.py took 0.177 seconds
[2024-06-16T21:41:29.821-0300] {processor.py:161} INFO - Started process (PID=2034) to work on /home/maira/.local/lib/python3.10/site-packages/airflow/example_dags/example_short_circuit_operator.py
[2024-06-16T21:41:29.824-0300] {processor.py:830} INFO - Processing file /home/maira/.local/lib/python3.10/site-packages/airflow/example_dags/example_short_circuit_operator.py for tasks to queue
[2024-06-16T21:41:29.825-0300] {logging_mixin.py:188} INFO - [2024-06-16T21:41:29.825-0300] {dagbag.py:545} INFO - Filling up the DagBag from /home/maira/.local/lib/python3.10/site-packages/airflow/example_dags/example_short_circuit_operator.py
[2024-06-16T21:41:29.843-0300] {processor.py:840} INFO - DAG(s) 'example_short_circuit_operator' retrieved from /home/maira/.local/lib/python3.10/site-packages/airflow/example_dags/example_short_circuit_operator.py
[2024-06-16T21:41:29.869-0300] {logging_mixin.py:188} INFO - [2024-06-16T21:41:29.869-0300] {dag.py:3096} INFO - Sync 1 DAGs
[2024-06-16T21:41:29.899-0300] {logging_mixin.py:188} INFO - [2024-06-16T21:41:29.898-0300] {dag.py:3954} INFO - Setting next_dagrun for example_short_circuit_operator to 2024-06-16 00:00:00+00:00, run_after=2024-06-17 00:00:00+00:00
[2024-06-16T21:41:29.941-0300] {processor.py:183} INFO - Processing /home/maira/.local/lib/python3.10/site-packages/airflow/example_dags/example_short_circuit_operator.py took 0.141 seconds
[2024-06-16T21:42:27.652-0300] {processor.py:161} INFO - Started process (PID=6700) to work on /home/maira/.local/lib/python3.10/site-packages/airflow/example_dags/example_short_circuit_operator.py
[2024-06-16T21:42:27.654-0300] {processor.py:830} INFO - Processing file /home/maira/.local/lib/python3.10/site-packages/airflow/example_dags/example_short_circuit_operator.py for tasks to queue
[2024-06-16T21:42:27.655-0300] {logging_mixin.py:188} INFO - [2024-06-16T21:42:27.655-0300] {dagbag.py:545} INFO - Filling up the DagBag from /home/maira/.local/lib/python3.10/site-packages/airflow/example_dags/example_short_circuit_operator.py
[2024-06-16T21:42:27.667-0300] {processor.py:840} INFO - DAG(s) 'example_short_circuit_operator' retrieved from /home/maira/.local/lib/python3.10/site-packages/airflow/example_dags/example_short_circuit_operator.py
[2024-06-16T21:42:27.694-0300] {logging_mixin.py:188} INFO - [2024-06-16T21:42:27.694-0300] {dag.py:3096} INFO - Sync 1 DAGs
[2024-06-16T21:42:27.719-0300] {logging_mixin.py:188} INFO - [2024-06-16T21:42:27.719-0300] {dag.py:3954} INFO - Setting next_dagrun for example_short_circuit_operator to 2024-06-16 00:00:00+00:00, run_after=2024-06-17 00:00:00+00:00
[2024-06-16T21:42:27.750-0300] {processor.py:183} INFO - Processing /home/maira/.local/lib/python3.10/site-packages/airflow/example_dags/example_short_circuit_operator.py took 0.111 seconds
[2024-06-16T21:43:29.930-0300] {processor.py:161} INFO - Started process (PID=11742) to work on /home/maira/.local/lib/python3.10/site-packages/airflow/example_dags/example_short_circuit_operator.py
[2024-06-16T21:43:29.965-0300] {processor.py:830} INFO - Processing file /home/maira/.local/lib/python3.10/site-packages/airflow/example_dags/example_short_circuit_operator.py for tasks to queue
[2024-06-16T21:43:29.967-0300] {logging_mixin.py:188} INFO - [2024-06-16T21:43:29.966-0300] {dagbag.py:545} INFO - Filling up the DagBag from /home/maira/.local/lib/python3.10/site-packages/airflow/example_dags/example_short_circuit_operator.py
[2024-06-16T21:43:29.975-0300] {processor.py:840} INFO - DAG(s) 'example_short_circuit_operator' retrieved from /home/maira/.local/lib/python3.10/site-packages/airflow/example_dags/example_short_circuit_operator.py
[2024-06-16T21:43:29.989-0300] {logging_mixin.py:188} INFO - [2024-06-16T21:43:29.989-0300] {dag.py:3096} INFO - Sync 1 DAGs
[2024-06-16T21:43:30.007-0300] {logging_mixin.py:188} INFO - [2024-06-16T21:43:30.007-0300] {dag.py:3954} INFO - Setting next_dagrun for example_short_circuit_operator to 2024-06-16 00:00:00+00:00, run_after=2024-06-17 00:00:00+00:00
[2024-06-16T21:43:30.063-0300] {processor.py:183} INFO - Processing /home/maira/.local/lib/python3.10/site-packages/airflow/example_dags/example_short_circuit_operator.py took 0.173 seconds
[2024-06-16T21:44:39.517-0300] {processor.py:161} INFO - Started process (PID=15750) to work on /home/maira/.local/lib/python3.10/site-packages/airflow/example_dags/example_short_circuit_operator.py
[2024-06-16T21:44:39.518-0300] {processor.py:830} INFO - Processing file /home/maira/.local/lib/python3.10/site-packages/airflow/example_dags/example_short_circuit_operator.py for tasks to queue
[2024-06-16T21:44:39.519-0300] {logging_mixin.py:188} INFO - [2024-06-16T21:44:39.519-0300] {dagbag.py:545} INFO - Filling up the DagBag from /home/maira/.local/lib/python3.10/site-packages/airflow/example_dags/example_short_circuit_operator.py
[2024-06-16T21:44:39.526-0300] {processor.py:840} INFO - DAG(s) 'example_short_circuit_operator' retrieved from /home/maira/.local/lib/python3.10/site-packages/airflow/example_dags/example_short_circuit_operator.py
[2024-06-16T21:44:39.545-0300] {logging_mixin.py:188} INFO - [2024-06-16T21:44:39.545-0300] {dag.py:3096} INFO - Sync 1 DAGs
[2024-06-16T21:44:39.566-0300] {logging_mixin.py:188} INFO - [2024-06-16T21:44:39.566-0300] {dag.py:3954} INFO - Setting next_dagrun for example_short_circuit_operator to 2024-06-16 00:00:00+00:00, run_after=2024-06-17 00:00:00+00:00
[2024-06-16T21:44:39.599-0300] {processor.py:183} INFO - Processing /home/maira/.local/lib/python3.10/site-packages/airflow/example_dags/example_short_circuit_operator.py took 0.090 seconds
