[2024-06-16T21:32:43.494-0300] {processor.py:161} INFO - Started process (PID=85522) to work on /home/maira/.local/lib/python3.10/site-packages/airflow/example_dags/example_branch_operator.py
[2024-06-16T21:32:43.495-0300] {processor.py:830} INFO - Processing file /home/maira/.local/lib/python3.10/site-packages/airflow/example_dags/example_branch_operator.py for tasks to queue
[2024-06-16T21:32:43.495-0300] {logging_mixin.py:188} INFO - [2024-06-16T21:32:43.495-0300] {dagbag.py:545} INFO - Filling up the DagBag from /home/maira/.local/lib/python3.10/site-packages/airflow/example_dags/example_branch_operator.py
[2024-06-16T21:32:44.678-0300] {processor.py:840} INFO - DAG(s) 'example_branch_operator' retrieved from /home/maira/.local/lib/python3.10/site-packages/airflow/example_dags/example_branch_operator.py
[2024-06-16T21:32:44.702-0300] {logging_mixin.py:188} INFO - [2024-06-16T21:32:44.701-0300] {dag.py:3096} INFO - Sync 1 DAGs
[2024-06-16T21:32:44.721-0300] {logging_mixin.py:188} INFO - [2024-06-16T21:32:44.720-0300] {dag.py:3954} INFO - Setting next_dagrun for example_branch_operator to 2024-06-16 00:00:00+00:00, run_after=2024-06-17 00:00:00+00:00
[2024-06-16T21:32:44.786-0300] {processor.py:183} INFO - Processing /home/maira/.local/lib/python3.10/site-packages/airflow/example_dags/example_branch_operator.py took 1.736 seconds
[2024-06-16T21:33:38.256-0300] {processor.py:161} INFO - Started process (PID=85592) to work on /home/maira/.local/lib/python3.10/site-packages/airflow/example_dags/example_branch_operator.py
[2024-06-16T21:33:38.258-0300] {processor.py:830} INFO - Processing file /home/maira/.local/lib/python3.10/site-packages/airflow/example_dags/example_branch_operator.py for tasks to queue
[2024-06-16T21:33:38.259-0300] {logging_mixin.py:188} INFO - [2024-06-16T21:33:38.259-0300] {dagbag.py:545} INFO - Filling up the DagBag from /home/maira/.local/lib/python3.10/site-packages/airflow/example_dags/example_branch_operator.py
[2024-06-16T21:33:38.274-0300] {processor.py:840} INFO - DAG(s) 'example_branch_operator' retrieved from /home/maira/.local/lib/python3.10/site-packages/airflow/example_dags/example_branch_operator.py
[2024-06-16T21:33:38.291-0300] {logging_mixin.py:188} INFO - [2024-06-16T21:33:38.291-0300] {dag.py:3096} INFO - Sync 1 DAGs
[2024-06-16T21:33:38.307-0300] {logging_mixin.py:188} INFO - [2024-06-16T21:33:38.307-0300] {dag.py:3954} INFO - Setting next_dagrun for example_branch_operator to 2024-06-16 00:00:00+00:00, run_after=2024-06-17 00:00:00+00:00
[2024-06-16T21:33:38.332-0300] {processor.py:183} INFO - Processing /home/maira/.local/lib/python3.10/site-packages/airflow/example_dags/example_branch_operator.py took 0.082 seconds
[2024-06-16T21:34:37.710-0300] {processor.py:161} INFO - Started process (PID=85659) to work on /home/maira/.local/lib/python3.10/site-packages/airflow/example_dags/example_branch_operator.py
[2024-06-16T21:34:37.712-0300] {processor.py:830} INFO - Processing file /home/maira/.local/lib/python3.10/site-packages/airflow/example_dags/example_branch_operator.py for tasks to queue
[2024-06-16T21:34:37.713-0300] {logging_mixin.py:188} INFO - [2024-06-16T21:34:37.713-0300] {dagbag.py:545} INFO - Filling up the DagBag from /home/maira/.local/lib/python3.10/site-packages/airflow/example_dags/example_branch_operator.py
[2024-06-16T21:34:37.726-0300] {processor.py:840} INFO - DAG(s) 'example_branch_operator' retrieved from /home/maira/.local/lib/python3.10/site-packages/airflow/example_dags/example_branch_operator.py
[2024-06-16T21:34:37.743-0300] {logging_mixin.py:188} INFO - [2024-06-16T21:34:37.743-0300] {dag.py:3096} INFO - Sync 1 DAGs
[2024-06-16T21:34:37.758-0300] {logging_mixin.py:188} INFO - [2024-06-16T21:34:37.757-0300] {dag.py:3954} INFO - Setting next_dagrun for example_branch_operator to 2024-06-16 00:00:00+00:00, run_after=2024-06-17 00:00:00+00:00
[2024-06-16T21:34:37.782-0300] {processor.py:183} INFO - Processing /home/maira/.local/lib/python3.10/site-packages/airflow/example_dags/example_branch_operator.py took 0.079 seconds
[2024-06-16T21:35:30.944-0300] {processor.py:161} INFO - Started process (PID=85732) to work on /home/maira/.local/lib/python3.10/site-packages/airflow/example_dags/example_branch_operator.py
[2024-06-16T21:35:30.946-0300] {processor.py:830} INFO - Processing file /home/maira/.local/lib/python3.10/site-packages/airflow/example_dags/example_branch_operator.py for tasks to queue
[2024-06-16T21:35:30.947-0300] {logging_mixin.py:188} INFO - [2024-06-16T21:35:30.947-0300] {dagbag.py:545} INFO - Filling up the DagBag from /home/maira/.local/lib/python3.10/site-packages/airflow/example_dags/example_branch_operator.py
[2024-06-16T21:35:30.959-0300] {processor.py:840} INFO - DAG(s) 'example_branch_operator' retrieved from /home/maira/.local/lib/python3.10/site-packages/airflow/example_dags/example_branch_operator.py
[2024-06-16T21:35:30.977-0300] {logging_mixin.py:188} INFO - [2024-06-16T21:35:30.976-0300] {dag.py:3096} INFO - Sync 1 DAGs
[2024-06-16T21:35:30.991-0300] {logging_mixin.py:188} INFO - [2024-06-16T21:35:30.991-0300] {dag.py:3954} INFO - Setting next_dagrun for example_branch_operator to 2024-06-16 00:00:00+00:00, run_after=2024-06-17 00:00:00+00:00
[2024-06-16T21:35:31.015-0300] {processor.py:183} INFO - Processing /home/maira/.local/lib/python3.10/site-packages/airflow/example_dags/example_branch_operator.py took 0.077 seconds
[2024-06-16T21:36:36.725-0300] {processor.py:161} INFO - Started process (PID=85815) to work on /home/maira/.local/lib/python3.10/site-packages/airflow/example_dags/example_branch_operator.py
[2024-06-16T21:36:36.727-0300] {processor.py:830} INFO - Processing file /home/maira/.local/lib/python3.10/site-packages/airflow/example_dags/example_branch_operator.py for tasks to queue
[2024-06-16T21:36:36.727-0300] {logging_mixin.py:188} INFO - [2024-06-16T21:36:36.727-0300] {dagbag.py:545} INFO - Filling up the DagBag from /home/maira/.local/lib/python3.10/site-packages/airflow/example_dags/example_branch_operator.py
[2024-06-16T21:36:36.742-0300] {processor.py:840} INFO - DAG(s) 'example_branch_operator' retrieved from /home/maira/.local/lib/python3.10/site-packages/airflow/example_dags/example_branch_operator.py
[2024-06-16T21:36:36.761-0300] {logging_mixin.py:188} INFO - [2024-06-16T21:36:36.760-0300] {dag.py:3096} INFO - Sync 1 DAGs
[2024-06-16T21:36:36.779-0300] {logging_mixin.py:188} INFO - [2024-06-16T21:36:36.779-0300] {dag.py:3954} INFO - Setting next_dagrun for example_branch_operator to 2024-06-16 00:00:00+00:00, run_after=2024-06-17 00:00:00+00:00
[2024-06-16T21:36:36.806-0300] {processor.py:183} INFO - Processing /home/maira/.local/lib/python3.10/site-packages/airflow/example_dags/example_branch_operator.py took 0.088 seconds
[2024-06-16T21:37:51.447-0300] {processor.py:161} INFO - Started process (PID=85908) to work on /home/maira/.local/lib/python3.10/site-packages/airflow/example_dags/example_branch_operator.py
[2024-06-16T21:37:51.449-0300] {processor.py:830} INFO - Processing file /home/maira/.local/lib/python3.10/site-packages/airflow/example_dags/example_branch_operator.py for tasks to queue
[2024-06-16T21:37:51.450-0300] {logging_mixin.py:188} INFO - [2024-06-16T21:37:51.449-0300] {dagbag.py:545} INFO - Filling up the DagBag from /home/maira/.local/lib/python3.10/site-packages/airflow/example_dags/example_branch_operator.py
[2024-06-16T21:37:51.478-0300] {processor.py:840} INFO - DAG(s) 'example_branch_operator' retrieved from /home/maira/.local/lib/python3.10/site-packages/airflow/example_dags/example_branch_operator.py
[2024-06-16T21:37:51.507-0300] {logging_mixin.py:188} INFO - [2024-06-16T21:37:51.506-0300] {dag.py:3096} INFO - Sync 1 DAGs
[2024-06-16T21:37:51.525-0300] {logging_mixin.py:188} INFO - [2024-06-16T21:37:51.525-0300] {dag.py:3954} INFO - Setting next_dagrun for example_branch_operator to 2024-06-16 00:00:00+00:00, run_after=2024-06-17 00:00:00+00:00
[2024-06-16T21:37:51.564-0300] {processor.py:183} INFO - Processing /home/maira/.local/lib/python3.10/site-packages/airflow/example_dags/example_branch_operator.py took 0.126 seconds
[2024-06-16T21:38:47.500-0300] {processor.py:161} INFO - Started process (PID=88460) to work on /home/maira/.local/lib/python3.10/site-packages/airflow/example_dags/example_branch_operator.py
[2024-06-16T21:38:47.502-0300] {processor.py:830} INFO - Processing file /home/maira/.local/lib/python3.10/site-packages/airflow/example_dags/example_branch_operator.py for tasks to queue
[2024-06-16T21:38:47.503-0300] {logging_mixin.py:188} INFO - [2024-06-16T21:38:47.503-0300] {dagbag.py:545} INFO - Filling up the DagBag from /home/maira/.local/lib/python3.10/site-packages/airflow/example_dags/example_branch_operator.py
[2024-06-16T21:38:47.526-0300] {processor.py:840} INFO - DAG(s) 'example_branch_operator' retrieved from /home/maira/.local/lib/python3.10/site-packages/airflow/example_dags/example_branch_operator.py
[2024-06-16T21:38:47.565-0300] {logging_mixin.py:188} INFO - [2024-06-16T21:38:47.564-0300] {dag.py:3096} INFO - Sync 1 DAGs
[2024-06-16T21:38:47.645-0300] {logging_mixin.py:188} INFO - [2024-06-16T21:38:47.645-0300] {dag.py:3954} INFO - Setting next_dagrun for example_branch_operator to 2024-06-16 00:00:00+00:00, run_after=2024-06-17 00:00:00+00:00
[2024-06-16T21:38:47.712-0300] {processor.py:183} INFO - Processing /home/maira/.local/lib/python3.10/site-packages/airflow/example_dags/example_branch_operator.py took 0.221 seconds
[2024-06-16T21:39:51.926-0300] {processor.py:161} INFO - Started process (PID=93346) to work on /home/maira/.local/lib/python3.10/site-packages/airflow/example_dags/example_branch_operator.py
[2024-06-16T21:39:51.928-0300] {processor.py:830} INFO - Processing file /home/maira/.local/lib/python3.10/site-packages/airflow/example_dags/example_branch_operator.py for tasks to queue
[2024-06-16T21:39:51.930-0300] {logging_mixin.py:188} INFO - [2024-06-16T21:39:51.929-0300] {dagbag.py:545} INFO - Filling up the DagBag from /home/maira/.local/lib/python3.10/site-packages/airflow/example_dags/example_branch_operator.py
[2024-06-16T21:39:51.954-0300] {processor.py:840} INFO - DAG(s) 'example_branch_operator' retrieved from /home/maira/.local/lib/python3.10/site-packages/airflow/example_dags/example_branch_operator.py
[2024-06-16T21:39:51.989-0300] {logging_mixin.py:188} INFO - [2024-06-16T21:39:51.989-0300] {dag.py:3096} INFO - Sync 1 DAGs
[2024-06-16T21:39:52.015-0300] {logging_mixin.py:188} INFO - [2024-06-16T21:39:52.015-0300] {dag.py:3954} INFO - Setting next_dagrun for example_branch_operator to 2024-06-16 00:00:00+00:00, run_after=2024-06-17 00:00:00+00:00
[2024-06-16T21:39:52.051-0300] {processor.py:183} INFO - Processing /home/maira/.local/lib/python3.10/site-packages/airflow/example_dags/example_branch_operator.py took 0.133 seconds
[2024-06-16T21:40:48.800-0300] {processor.py:161} INFO - Started process (PID=98340) to work on /home/maira/.local/lib/python3.10/site-packages/airflow/example_dags/example_branch_operator.py
[2024-06-16T21:40:48.802-0300] {processor.py:830} INFO - Processing file /home/maira/.local/lib/python3.10/site-packages/airflow/example_dags/example_branch_operator.py for tasks to queue
[2024-06-16T21:40:48.803-0300] {logging_mixin.py:188} INFO - [2024-06-16T21:40:48.803-0300] {dagbag.py:545} INFO - Filling up the DagBag from /home/maira/.local/lib/python3.10/site-packages/airflow/example_dags/example_branch_operator.py
[2024-06-16T21:40:48.826-0300] {processor.py:840} INFO - DAG(s) 'example_branch_operator' retrieved from /home/maira/.local/lib/python3.10/site-packages/airflow/example_dags/example_branch_operator.py
[2024-06-16T21:40:48.866-0300] {logging_mixin.py:188} INFO - [2024-06-16T21:40:48.865-0300] {dag.py:3096} INFO - Sync 1 DAGs
[2024-06-16T21:40:48.914-0300] {logging_mixin.py:188} INFO - [2024-06-16T21:40:48.913-0300] {dag.py:3954} INFO - Setting next_dagrun for example_branch_operator to 2024-06-16 00:00:00+00:00, run_after=2024-06-17 00:00:00+00:00
[2024-06-16T21:40:48.955-0300] {processor.py:183} INFO - Processing /home/maira/.local/lib/python3.10/site-packages/airflow/example_dags/example_branch_operator.py took 0.165 seconds
[2024-06-16T21:41:45.412-0300] {processor.py:161} INFO - Started process (PID=3375) to work on /home/maira/.local/lib/python3.10/site-packages/airflow/example_dags/example_branch_operator.py
[2024-06-16T21:41:45.474-0300] {processor.py:830} INFO - Processing file /home/maira/.local/lib/python3.10/site-packages/airflow/example_dags/example_branch_operator.py for tasks to queue
[2024-06-16T21:41:45.476-0300] {logging_mixin.py:188} INFO - [2024-06-16T21:41:45.476-0300] {dagbag.py:545} INFO - Filling up the DagBag from /home/maira/.local/lib/python3.10/site-packages/airflow/example_dags/example_branch_operator.py
[2024-06-16T21:41:45.527-0300] {processor.py:840} INFO - DAG(s) 'example_branch_operator' retrieved from /home/maira/.local/lib/python3.10/site-packages/airflow/example_dags/example_branch_operator.py
[2024-06-16T21:41:45.547-0300] {logging_mixin.py:188} INFO - [2024-06-16T21:41:45.547-0300] {dag.py:3096} INFO - Sync 1 DAGs
[2024-06-16T21:41:45.568-0300] {logging_mixin.py:188} INFO - [2024-06-16T21:41:45.568-0300] {dag.py:3954} INFO - Setting next_dagrun for example_branch_operator to 2024-06-16 00:00:00+00:00, run_after=2024-06-17 00:00:00+00:00
[2024-06-16T21:41:45.718-0300] {processor.py:183} INFO - Processing /home/maira/.local/lib/python3.10/site-packages/airflow/example_dags/example_branch_operator.py took 0.315 seconds
[2024-06-16T21:42:41.905-0300] {processor.py:161} INFO - Started process (PID=8359) to work on /home/maira/.local/lib/python3.10/site-packages/airflow/example_dags/example_branch_operator.py
[2024-06-16T21:42:41.907-0300] {processor.py:830} INFO - Processing file /home/maira/.local/lib/python3.10/site-packages/airflow/example_dags/example_branch_operator.py for tasks to queue
[2024-06-16T21:42:41.909-0300] {logging_mixin.py:188} INFO - [2024-06-16T21:42:41.908-0300] {dagbag.py:545} INFO - Filling up the DagBag from /home/maira/.local/lib/python3.10/site-packages/airflow/example_dags/example_branch_operator.py
[2024-06-16T21:42:41.935-0300] {processor.py:840} INFO - DAG(s) 'example_branch_operator' retrieved from /home/maira/.local/lib/python3.10/site-packages/airflow/example_dags/example_branch_operator.py
[2024-06-16T21:42:41.974-0300] {logging_mixin.py:188} INFO - [2024-06-16T21:42:41.973-0300] {dag.py:3096} INFO - Sync 1 DAGs
[2024-06-16T21:42:42.005-0300] {logging_mixin.py:188} INFO - [2024-06-16T21:42:42.004-0300] {dag.py:3954} INFO - Setting next_dagrun for example_branch_operator to 2024-06-16 00:00:00+00:00, run_after=2024-06-17 00:00:00+00:00
[2024-06-16T21:42:42.039-0300] {processor.py:183} INFO - Processing /home/maira/.local/lib/python3.10/site-packages/airflow/example_dags/example_branch_operator.py took 0.144 seconds
[2024-06-16T21:43:48.471-0300] {processor.py:161} INFO - Started process (PID=12678) to work on /home/maira/.local/lib/python3.10/site-packages/airflow/example_dags/example_branch_operator.py
[2024-06-16T21:43:48.499-0300] {processor.py:830} INFO - Processing file /home/maira/.local/lib/python3.10/site-packages/airflow/example_dags/example_branch_operator.py for tasks to queue
[2024-06-16T21:43:48.501-0300] {logging_mixin.py:188} INFO - [2024-06-16T21:43:48.500-0300] {dagbag.py:545} INFO - Filling up the DagBag from /home/maira/.local/lib/python3.10/site-packages/airflow/example_dags/example_branch_operator.py
[2024-06-16T21:43:48.515-0300] {processor.py:840} INFO - DAG(s) 'example_branch_operator' retrieved from /home/maira/.local/lib/python3.10/site-packages/airflow/example_dags/example_branch_operator.py
[2024-06-16T21:43:48.534-0300] {logging_mixin.py:188} INFO - [2024-06-16T21:43:48.534-0300] {dag.py:3096} INFO - Sync 1 DAGs
[2024-06-16T21:43:48.550-0300] {logging_mixin.py:188} INFO - [2024-06-16T21:43:48.550-0300] {dag.py:3954} INFO - Setting next_dagrun for example_branch_operator to 2024-06-16 00:00:00+00:00, run_after=2024-06-17 00:00:00+00:00
[2024-06-16T21:43:49.087-0300] {processor.py:183} INFO - Processing /home/maira/.local/lib/python3.10/site-packages/airflow/example_dags/example_branch_operator.py took 0.623 seconds
[2024-06-16T21:44:54.227-0300] {processor.py:161} INFO - Started process (PID=17213) to work on /home/maira/.local/lib/python3.10/site-packages/airflow/example_dags/example_branch_operator.py
[2024-06-16T21:44:54.255-0300] {processor.py:830} INFO - Processing file /home/maira/.local/lib/python3.10/site-packages/airflow/example_dags/example_branch_operator.py for tasks to queue
[2024-06-16T21:44:54.257-0300] {logging_mixin.py:188} INFO - [2024-06-16T21:44:54.256-0300] {dagbag.py:545} INFO - Filling up the DagBag from /home/maira/.local/lib/python3.10/site-packages/airflow/example_dags/example_branch_operator.py
[2024-06-16T21:44:54.269-0300] {processor.py:840} INFO - DAG(s) 'example_branch_operator' retrieved from /home/maira/.local/lib/python3.10/site-packages/airflow/example_dags/example_branch_operator.py
[2024-06-16T21:44:54.287-0300] {logging_mixin.py:188} INFO - [2024-06-16T21:44:54.287-0300] {dag.py:3096} INFO - Sync 1 DAGs
[2024-06-16T21:44:54.302-0300] {logging_mixin.py:188} INFO - [2024-06-16T21:44:54.301-0300] {dag.py:3954} INFO - Setting next_dagrun for example_branch_operator to 2024-06-16 00:00:00+00:00, run_after=2024-06-17 00:00:00+00:00
[2024-06-16T21:44:55.625-0300] {processor.py:183} INFO - Processing /home/maira/.local/lib/python3.10/site-packages/airflow/example_dags/example_branch_operator.py took 1.405 seconds
