[2024-06-16T21:31:49.884-0300] {processor.py:161} INFO - Started process (PID=85462) to work on /home/maira/.local/lib/python3.10/site-packages/airflow/example_dags/example_external_task_marker_dag.py
[2024-06-16T21:31:49.885-0300] {processor.py:830} INFO - Processing file /home/maira/.local/lib/python3.10/site-packages/airflow/example_dags/example_external_task_marker_dag.py for tasks to queue
[2024-06-16T21:31:49.889-0300] {logging_mixin.py:188} INFO - [2024-06-16T21:31:49.887-0300] {dagbag.py:545} INFO - Filling up the DagBag from /home/maira/.local/lib/python3.10/site-packages/airflow/example_dags/example_external_task_marker_dag.py
[2024-06-16T21:31:49.918-0300] {processor.py:840} INFO - DAG(s) 'example_external_task_marker_parent', 'example_external_task_marker_child' retrieved from /home/maira/.local/lib/python3.10/site-packages/airflow/example_dags/example_external_task_marker_dag.py
[2024-06-16T21:31:49.973-0300] {logging_mixin.py:188} INFO - [2024-06-16T21:31:49.973-0300] {dag.py:3096} INFO - Sync 2 DAGs
[2024-06-16T21:31:50.003-0300] {logging_mixin.py:188} INFO - [2024-06-16T21:31:50.003-0300] {dag.py:3954} INFO - Setting next_dagrun for example_external_task_marker_child to None, run_after=None
[2024-06-16T21:31:50.009-0300] {logging_mixin.py:188} INFO - [2024-06-16T21:31:50.009-0300] {dag.py:3954} INFO - Setting next_dagrun for example_external_task_marker_parent to None, run_after=None
[2024-06-16T21:31:50.057-0300] {processor.py:183} INFO - Processing /home/maira/.local/lib/python3.10/site-packages/airflow/example_dags/example_external_task_marker_dag.py took 0.207 seconds
[2024-06-16T21:33:21.320-0300] {processor.py:161} INFO - Started process (PID=85558) to work on /home/maira/.local/lib/python3.10/site-packages/airflow/example_dags/example_external_task_marker_dag.py
[2024-06-16T21:33:21.322-0300] {processor.py:830} INFO - Processing file /home/maira/.local/lib/python3.10/site-packages/airflow/example_dags/example_external_task_marker_dag.py for tasks to queue
[2024-06-16T21:33:21.324-0300] {logging_mixin.py:188} INFO - [2024-06-16T21:33:21.323-0300] {dagbag.py:545} INFO - Filling up the DagBag from /home/maira/.local/lib/python3.10/site-packages/airflow/example_dags/example_external_task_marker_dag.py
[2024-06-16T21:33:21.331-0300] {processor.py:840} INFO - DAG(s) 'example_external_task_marker_child', 'example_external_task_marker_parent' retrieved from /home/maira/.local/lib/python3.10/site-packages/airflow/example_dags/example_external_task_marker_dag.py
[2024-06-16T21:33:21.350-0300] {logging_mixin.py:188} INFO - [2024-06-16T21:33:21.350-0300] {dag.py:3096} INFO - Sync 2 DAGs
[2024-06-16T21:33:21.361-0300] {logging_mixin.py:188} INFO - [2024-06-16T21:33:21.361-0300] {dag.py:3954} INFO - Setting next_dagrun for example_external_task_marker_child to None, run_after=None
[2024-06-16T21:33:21.364-0300] {logging_mixin.py:188} INFO - [2024-06-16T21:33:21.364-0300] {dag.py:3954} INFO - Setting next_dagrun for example_external_task_marker_parent to None, run_after=None
[2024-06-16T21:33:21.390-0300] {processor.py:183} INFO - Processing /home/maira/.local/lib/python3.10/site-packages/airflow/example_dags/example_external_task_marker_dag.py took 0.078 seconds
[2024-06-16T21:34:33.588-0300] {processor.py:161} INFO - Started process (PID=85655) to work on /home/maira/.local/lib/python3.10/site-packages/airflow/example_dags/example_external_task_marker_dag.py
[2024-06-16T21:34:33.696-0300] {processor.py:830} INFO - Processing file /home/maira/.local/lib/python3.10/site-packages/airflow/example_dags/example_external_task_marker_dag.py for tasks to queue
[2024-06-16T21:34:33.698-0300] {logging_mixin.py:188} INFO - [2024-06-16T21:34:33.698-0300] {dagbag.py:545} INFO - Filling up the DagBag from /home/maira/.local/lib/python3.10/site-packages/airflow/example_dags/example_external_task_marker_dag.py
[2024-06-16T21:34:33.705-0300] {processor.py:840} INFO - DAG(s) 'example_external_task_marker_child', 'example_external_task_marker_parent' retrieved from /home/maira/.local/lib/python3.10/site-packages/airflow/example_dags/example_external_task_marker_dag.py
[2024-06-16T21:34:33.726-0300] {logging_mixin.py:188} INFO - [2024-06-16T21:34:33.726-0300] {dag.py:3096} INFO - Sync 2 DAGs
[2024-06-16T21:34:33.736-0300] {logging_mixin.py:188} INFO - [2024-06-16T21:34:33.735-0300] {dag.py:3954} INFO - Setting next_dagrun for example_external_task_marker_child to None, run_after=None
[2024-06-16T21:34:33.739-0300] {logging_mixin.py:188} INFO - [2024-06-16T21:34:33.739-0300] {dag.py:3954} INFO - Setting next_dagrun for example_external_task_marker_parent to None, run_after=None
[2024-06-16T21:34:34.120-0300] {processor.py:183} INFO - Processing /home/maira/.local/lib/python3.10/site-packages/airflow/example_dags/example_external_task_marker_dag.py took 0.543 seconds
[2024-06-16T21:35:26.380-0300] {processor.py:161} INFO - Started process (PID=85728) to work on /home/maira/.local/lib/python3.10/site-packages/airflow/example_dags/example_external_task_marker_dag.py
[2024-06-16T21:35:26.382-0300] {processor.py:830} INFO - Processing file /home/maira/.local/lib/python3.10/site-packages/airflow/example_dags/example_external_task_marker_dag.py for tasks to queue
[2024-06-16T21:35:26.383-0300] {logging_mixin.py:188} INFO - [2024-06-16T21:35:26.383-0300] {dagbag.py:545} INFO - Filling up the DagBag from /home/maira/.local/lib/python3.10/site-packages/airflow/example_dags/example_external_task_marker_dag.py
[2024-06-16T21:35:26.388-0300] {processor.py:840} INFO - DAG(s) 'example_external_task_marker_parent', 'example_external_task_marker_child' retrieved from /home/maira/.local/lib/python3.10/site-packages/airflow/example_dags/example_external_task_marker_dag.py
[2024-06-16T21:35:26.403-0300] {logging_mixin.py:188} INFO - [2024-06-16T21:35:26.403-0300] {dag.py:3096} INFO - Sync 2 DAGs
[2024-06-16T21:35:26.412-0300] {logging_mixin.py:188} INFO - [2024-06-16T21:35:26.412-0300] {dag.py:3954} INFO - Setting next_dagrun for example_external_task_marker_child to None, run_after=None
[2024-06-16T21:35:26.415-0300] {logging_mixin.py:188} INFO - [2024-06-16T21:35:26.415-0300] {dag.py:3954} INFO - Setting next_dagrun for example_external_task_marker_parent to None, run_after=None
[2024-06-16T21:35:26.436-0300] {processor.py:183} INFO - Processing /home/maira/.local/lib/python3.10/site-packages/airflow/example_dags/example_external_task_marker_dag.py took 0.063 seconds
[2024-06-16T21:36:17.908-0300] {processor.py:161} INFO - Started process (PID=85796) to work on /home/maira/.local/lib/python3.10/site-packages/airflow/example_dags/example_external_task_marker_dag.py
[2024-06-16T21:36:17.910-0300] {processor.py:830} INFO - Processing file /home/maira/.local/lib/python3.10/site-packages/airflow/example_dags/example_external_task_marker_dag.py for tasks to queue
[2024-06-16T21:36:17.911-0300] {logging_mixin.py:188} INFO - [2024-06-16T21:36:17.911-0300] {dagbag.py:545} INFO - Filling up the DagBag from /home/maira/.local/lib/python3.10/site-packages/airflow/example_dags/example_external_task_marker_dag.py
[2024-06-16T21:36:17.916-0300] {processor.py:840} INFO - DAG(s) 'example_external_task_marker_child', 'example_external_task_marker_parent' retrieved from /home/maira/.local/lib/python3.10/site-packages/airflow/example_dags/example_external_task_marker_dag.py
[2024-06-16T21:36:17.931-0300] {logging_mixin.py:188} INFO - [2024-06-16T21:36:17.931-0300] {dag.py:3096} INFO - Sync 2 DAGs
[2024-06-16T21:36:17.939-0300] {logging_mixin.py:188} INFO - [2024-06-16T21:36:17.939-0300] {dag.py:3954} INFO - Setting next_dagrun for example_external_task_marker_child to None, run_after=None
[2024-06-16T21:36:17.942-0300] {logging_mixin.py:188} INFO - [2024-06-16T21:36:17.942-0300] {dag.py:3954} INFO - Setting next_dagrun for example_external_task_marker_parent to None, run_after=None
[2024-06-16T21:36:17.963-0300] {processor.py:183} INFO - Processing /home/maira/.local/lib/python3.10/site-packages/airflow/example_dags/example_external_task_marker_dag.py took 0.063 seconds
[2024-06-16T21:37:47.562-0300] {processor.py:161} INFO - Started process (PID=85904) to work on /home/maira/.local/lib/python3.10/site-packages/airflow/example_dags/example_external_task_marker_dag.py
[2024-06-16T21:37:47.563-0300] {processor.py:830} INFO - Processing file /home/maira/.local/lib/python3.10/site-packages/airflow/example_dags/example_external_task_marker_dag.py for tasks to queue
[2024-06-16T21:37:47.564-0300] {logging_mixin.py:188} INFO - [2024-06-16T21:37:47.564-0300] {dagbag.py:545} INFO - Filling up the DagBag from /home/maira/.local/lib/python3.10/site-packages/airflow/example_dags/example_external_task_marker_dag.py
[2024-06-16T21:37:47.571-0300] {processor.py:840} INFO - DAG(s) 'example_external_task_marker_parent', 'example_external_task_marker_child' retrieved from /home/maira/.local/lib/python3.10/site-packages/airflow/example_dags/example_external_task_marker_dag.py
[2024-06-16T21:37:47.590-0300] {logging_mixin.py:188} INFO - [2024-06-16T21:37:47.589-0300] {dag.py:3096} INFO - Sync 2 DAGs
[2024-06-16T21:37:47.601-0300] {logging_mixin.py:188} INFO - [2024-06-16T21:37:47.600-0300] {dag.py:3954} INFO - Setting next_dagrun for example_external_task_marker_child to None, run_after=None
[2024-06-16T21:37:47.604-0300] {logging_mixin.py:188} INFO - [2024-06-16T21:37:47.604-0300] {dag.py:3954} INFO - Setting next_dagrun for example_external_task_marker_parent to None, run_after=None
[2024-06-16T21:37:47.630-0300] {processor.py:183} INFO - Processing /home/maira/.local/lib/python3.10/site-packages/airflow/example_dags/example_external_task_marker_dag.py took 0.079 seconds
[2024-06-16T21:38:42.392-0300] {processor.py:161} INFO - Started process (PID=87761) to work on /home/maira/.local/lib/python3.10/site-packages/airflow/example_dags/example_external_task_marker_dag.py
[2024-06-16T21:38:42.393-0300] {processor.py:830} INFO - Processing file /home/maira/.local/lib/python3.10/site-packages/airflow/example_dags/example_external_task_marker_dag.py for tasks to queue
[2024-06-16T21:38:42.394-0300] {logging_mixin.py:188} INFO - [2024-06-16T21:38:42.394-0300] {dagbag.py:545} INFO - Filling up the DagBag from /home/maira/.local/lib/python3.10/site-packages/airflow/example_dags/example_external_task_marker_dag.py
[2024-06-16T21:38:42.401-0300] {processor.py:840} INFO - DAG(s) 'example_external_task_marker_child', 'example_external_task_marker_parent' retrieved from /home/maira/.local/lib/python3.10/site-packages/airflow/example_dags/example_external_task_marker_dag.py
[2024-06-16T21:38:42.427-0300] {logging_mixin.py:188} INFO - [2024-06-16T21:38:42.427-0300] {dag.py:3096} INFO - Sync 2 DAGs
[2024-06-16T21:38:42.466-0300] {logging_mixin.py:188} INFO - [2024-06-16T21:38:42.465-0300] {dag.py:3954} INFO - Setting next_dagrun for example_external_task_marker_child to None, run_after=None
[2024-06-16T21:38:42.480-0300] {logging_mixin.py:188} INFO - [2024-06-16T21:38:42.479-0300] {dag.py:3954} INFO - Setting next_dagrun for example_external_task_marker_parent to None, run_after=None
[2024-06-16T21:38:42.583-0300] {processor.py:183} INFO - Processing /home/maira/.local/lib/python3.10/site-packages/airflow/example_dags/example_external_task_marker_dag.py took 0.199 seconds
[2024-06-16T21:39:47.800-0300] {processor.py:161} INFO - Started process (PID=92956) to work on /home/maira/.local/lib/python3.10/site-packages/airflow/example_dags/example_external_task_marker_dag.py
[2024-06-16T21:39:47.802-0300] {processor.py:830} INFO - Processing file /home/maira/.local/lib/python3.10/site-packages/airflow/example_dags/example_external_task_marker_dag.py for tasks to queue
[2024-06-16T21:39:47.803-0300] {logging_mixin.py:188} INFO - [2024-06-16T21:39:47.802-0300] {dagbag.py:545} INFO - Filling up the DagBag from /home/maira/.local/lib/python3.10/site-packages/airflow/example_dags/example_external_task_marker_dag.py
[2024-06-16T21:39:47.810-0300] {processor.py:840} INFO - DAG(s) 'example_external_task_marker_parent', 'example_external_task_marker_child' retrieved from /home/maira/.local/lib/python3.10/site-packages/airflow/example_dags/example_external_task_marker_dag.py
[2024-06-16T21:39:47.834-0300] {logging_mixin.py:188} INFO - [2024-06-16T21:39:47.833-0300] {dag.py:3096} INFO - Sync 2 DAGs
[2024-06-16T21:39:47.848-0300] {logging_mixin.py:188} INFO - [2024-06-16T21:39:47.848-0300] {dag.py:3954} INFO - Setting next_dagrun for example_external_task_marker_child to None, run_after=None
[2024-06-16T21:39:47.851-0300] {logging_mixin.py:188} INFO - [2024-06-16T21:39:47.851-0300] {dag.py:3954} INFO - Setting next_dagrun for example_external_task_marker_parent to None, run_after=None
[2024-06-16T21:39:47.880-0300] {processor.py:183} INFO - Processing /home/maira/.local/lib/python3.10/site-packages/airflow/example_dags/example_external_task_marker_dag.py took 0.093 seconds
[2024-06-16T21:40:43.827-0300] {processor.py:161} INFO - Started process (PID=97958) to work on /home/maira/.local/lib/python3.10/site-packages/airflow/example_dags/example_external_task_marker_dag.py
[2024-06-16T21:40:43.829-0300] {processor.py:830} INFO - Processing file /home/maira/.local/lib/python3.10/site-packages/airflow/example_dags/example_external_task_marker_dag.py for tasks to queue
[2024-06-16T21:40:43.831-0300] {logging_mixin.py:188} INFO - [2024-06-16T21:40:43.830-0300] {dagbag.py:545} INFO - Filling up the DagBag from /home/maira/.local/lib/python3.10/site-packages/airflow/example_dags/example_external_task_marker_dag.py
[2024-06-16T21:40:43.838-0300] {processor.py:840} INFO - DAG(s) 'example_external_task_marker_parent', 'example_external_task_marker_child' retrieved from /home/maira/.local/lib/python3.10/site-packages/airflow/example_dags/example_external_task_marker_dag.py
[2024-06-16T21:40:43.863-0300] {logging_mixin.py:188} INFO - [2024-06-16T21:40:43.863-0300] {dag.py:3096} INFO - Sync 2 DAGs
[2024-06-16T21:40:43.878-0300] {logging_mixin.py:188} INFO - [2024-06-16T21:40:43.878-0300] {dag.py:3954} INFO - Setting next_dagrun for example_external_task_marker_child to None, run_after=None
[2024-06-16T21:40:43.883-0300] {logging_mixin.py:188} INFO - [2024-06-16T21:40:43.883-0300] {dag.py:3954} INFO - Setting next_dagrun for example_external_task_marker_parent to None, run_after=None
[2024-06-16T21:40:43.915-0300] {processor.py:183} INFO - Processing /home/maira/.local/lib/python3.10/site-packages/airflow/example_dags/example_external_task_marker_dag.py took 0.098 seconds
[2024-06-16T21:41:40.242-0300] {processor.py:161} INFO - Started process (PID=3030) to work on /home/maira/.local/lib/python3.10/site-packages/airflow/example_dags/example_external_task_marker_dag.py
[2024-06-16T21:41:40.244-0300] {processor.py:830} INFO - Processing file /home/maira/.local/lib/python3.10/site-packages/airflow/example_dags/example_external_task_marker_dag.py for tasks to queue
[2024-06-16T21:41:40.245-0300] {logging_mixin.py:188} INFO - [2024-06-16T21:41:40.244-0300] {dagbag.py:545} INFO - Filling up the DagBag from /home/maira/.local/lib/python3.10/site-packages/airflow/example_dags/example_external_task_marker_dag.py
[2024-06-16T21:41:40.254-0300] {processor.py:840} INFO - DAG(s) 'example_external_task_marker_parent', 'example_external_task_marker_child' retrieved from /home/maira/.local/lib/python3.10/site-packages/airflow/example_dags/example_external_task_marker_dag.py
[2024-06-16T21:41:40.284-0300] {logging_mixin.py:188} INFO - [2024-06-16T21:41:40.284-0300] {dag.py:3096} INFO - Sync 2 DAGs
[2024-06-16T21:41:40.305-0300] {logging_mixin.py:188} INFO - [2024-06-16T21:41:40.305-0300] {dag.py:3954} INFO - Setting next_dagrun for example_external_task_marker_child to None, run_after=None
[2024-06-16T21:41:40.311-0300] {logging_mixin.py:188} INFO - [2024-06-16T21:41:40.310-0300] {dag.py:3954} INFO - Setting next_dagrun for example_external_task_marker_parent to None, run_after=None
[2024-06-16T21:41:40.358-0300] {processor.py:183} INFO - Processing /home/maira/.local/lib/python3.10/site-packages/airflow/example_dags/example_external_task_marker_dag.py took 0.124 seconds
[2024-06-16T21:42:37.755-0300] {processor.py:161} INFO - Started process (PID=7937) to work on /home/maira/.local/lib/python3.10/site-packages/airflow/example_dags/example_external_task_marker_dag.py
[2024-06-16T21:42:37.757-0300] {processor.py:830} INFO - Processing file /home/maira/.local/lib/python3.10/site-packages/airflow/example_dags/example_external_task_marker_dag.py for tasks to queue
[2024-06-16T21:42:37.758-0300] {logging_mixin.py:188} INFO - [2024-06-16T21:42:37.758-0300] {dagbag.py:545} INFO - Filling up the DagBag from /home/maira/.local/lib/python3.10/site-packages/airflow/example_dags/example_external_task_marker_dag.py
[2024-06-16T21:42:37.765-0300] {processor.py:840} INFO - DAG(s) 'example_external_task_marker_child', 'example_external_task_marker_parent' retrieved from /home/maira/.local/lib/python3.10/site-packages/airflow/example_dags/example_external_task_marker_dag.py
[2024-06-16T21:42:37.785-0300] {logging_mixin.py:188} INFO - [2024-06-16T21:42:37.785-0300] {dag.py:3096} INFO - Sync 2 DAGs
[2024-06-16T21:42:37.798-0300] {logging_mixin.py:188} INFO - [2024-06-16T21:42:37.797-0300] {dag.py:3954} INFO - Setting next_dagrun for example_external_task_marker_child to None, run_after=None
[2024-06-16T21:42:37.804-0300] {logging_mixin.py:188} INFO - [2024-06-16T21:42:37.804-0300] {dag.py:3954} INFO - Setting next_dagrun for example_external_task_marker_parent to None, run_after=None
[2024-06-16T21:42:37.840-0300] {processor.py:183} INFO - Processing /home/maira/.local/lib/python3.10/site-packages/airflow/example_dags/example_external_task_marker_dag.py took 0.095 seconds
[2024-06-16T21:43:42.728-0300] {processor.py:161} INFO - Started process (PID=12360) to work on /home/maira/.local/lib/python3.10/site-packages/airflow/example_dags/example_external_task_marker_dag.py
[2024-06-16T21:43:42.763-0300] {processor.py:830} INFO - Processing file /home/maira/.local/lib/python3.10/site-packages/airflow/example_dags/example_external_task_marker_dag.py for tasks to queue
[2024-06-16T21:43:42.765-0300] {logging_mixin.py:188} INFO - [2024-06-16T21:43:42.764-0300] {dagbag.py:545} INFO - Filling up the DagBag from /home/maira/.local/lib/python3.10/site-packages/airflow/example_dags/example_external_task_marker_dag.py
[2024-06-16T21:43:42.771-0300] {processor.py:840} INFO - DAG(s) 'example_external_task_marker_parent', 'example_external_task_marker_child' retrieved from /home/maira/.local/lib/python3.10/site-packages/airflow/example_dags/example_external_task_marker_dag.py
[2024-06-16T21:43:42.787-0300] {logging_mixin.py:188} INFO - [2024-06-16T21:43:42.786-0300] {dag.py:3096} INFO - Sync 2 DAGs
[2024-06-16T21:43:42.801-0300] {logging_mixin.py:188} INFO - [2024-06-16T21:43:42.800-0300] {dag.py:3954} INFO - Setting next_dagrun for example_external_task_marker_child to None, run_after=None
[2024-06-16T21:43:42.805-0300] {logging_mixin.py:188} INFO - [2024-06-16T21:43:42.805-0300] {dag.py:3954} INFO - Setting next_dagrun for example_external_task_marker_parent to None, run_after=None
[2024-06-16T21:43:42.867-0300] {processor.py:183} INFO - Processing /home/maira/.local/lib/python3.10/site-packages/airflow/example_dags/example_external_task_marker_dag.py took 0.146 seconds
[2024-06-16T21:44:49.743-0300] {processor.py:161} INFO - Started process (PID=16782) to work on /home/maira/.local/lib/python3.10/site-packages/airflow/example_dags/example_external_task_marker_dag.py
[2024-06-16T21:44:49.745-0300] {processor.py:830} INFO - Processing file /home/maira/.local/lib/python3.10/site-packages/airflow/example_dags/example_external_task_marker_dag.py for tasks to queue
[2024-06-16T21:44:49.746-0300] {logging_mixin.py:188} INFO - [2024-06-16T21:44:49.745-0300] {dagbag.py:545} INFO - Filling up the DagBag from /home/maira/.local/lib/python3.10/site-packages/airflow/example_dags/example_external_task_marker_dag.py
[2024-06-16T21:44:49.752-0300] {processor.py:840} INFO - DAG(s) 'example_external_task_marker_parent', 'example_external_task_marker_child' retrieved from /home/maira/.local/lib/python3.10/site-packages/airflow/example_dags/example_external_task_marker_dag.py
[2024-06-16T21:44:49.774-0300] {logging_mixin.py:188} INFO - [2024-06-16T21:44:49.774-0300] {dag.py:3096} INFO - Sync 2 DAGs
[2024-06-16T21:44:49.789-0300] {logging_mixin.py:188} INFO - [2024-06-16T21:44:49.788-0300] {dag.py:3954} INFO - Setting next_dagrun for example_external_task_marker_child to None, run_after=None
[2024-06-16T21:44:49.793-0300] {logging_mixin.py:188} INFO - [2024-06-16T21:44:49.793-0300] {dag.py:3954} INFO - Setting next_dagrun for example_external_task_marker_parent to None, run_after=None
[2024-06-16T21:44:49.834-0300] {processor.py:183} INFO - Processing /home/maira/.local/lib/python3.10/site-packages/airflow/example_dags/example_external_task_marker_dag.py took 0.100 seconds
