[2024-06-16T21:32:20.914-0300] {processor.py:161} INFO - Started process (PID=85489) to work on /home/maira/.local/lib/python3.10/site-packages/airflow/example_dags/example_subdag_operator.py
[2024-06-16T21:32:20.915-0300] {processor.py:830} INFO - Processing file /home/maira/.local/lib/python3.10/site-packages/airflow/example_dags/example_subdag_operator.py for tasks to queue
[2024-06-16T21:32:20.916-0300] {logging_mixin.py:188} INFO - [2024-06-16T21:32:20.915-0300] {dagbag.py:545} INFO - Filling up the DagBag from /home/maira/.local/lib/python3.10/site-packages/airflow/example_dags/example_subdag_operator.py
[2024-06-16T21:32:20.938-0300] {processor.py:840} INFO - DAG(s) 'example_subdag_operator.section-1', 'example_subdag_operator.section-2', 'example_subdag_operator' retrieved from /home/maira/.local/lib/python3.10/site-packages/airflow/example_dags/example_subdag_operator.py
[2024-06-16T21:32:20.952-0300] {logging_mixin.py:188} INFO - [2024-06-16T21:32:20.952-0300] {dag.py:3096} INFO - Sync 3 DAGs
[2024-06-16T21:32:20.967-0300] {logging_mixin.py:188} INFO - [2024-06-16T21:32:20.966-0300] {dag.py:3954} INFO - Setting next_dagrun for example_subdag_operator to 2022-01-01 00:00:00+00:00, run_after=2022-01-01 00:00:00+00:00
[2024-06-16T21:32:20.969-0300] {logging_mixin.py:188} INFO - [2024-06-16T21:32:20.969-0300] {dag.py:3954} INFO - Setting next_dagrun for example_subdag_operator.section-1 to None, run_after=None
[2024-06-16T21:32:20.970-0300] {logging_mixin.py:188} INFO - [2024-06-16T21:32:20.970-0300] {dag.py:3954} INFO - Setting next_dagrun for example_subdag_operator.section-2 to None, run_after=None
[2024-06-16T21:32:20.976-0300] {logging_mixin.py:188} INFO - [2024-06-16T21:32:20.976-0300] {dag.py:3096} INFO - Sync 2 DAGs
[2024-06-16T21:32:20.981-0300] {logging_mixin.py:188} INFO - [2024-06-16T21:32:20.980-0300] {dag.py:3954} INFO - Setting next_dagrun for example_subdag_operator.section-1 to None, run_after=None
[2024-06-16T21:32:20.981-0300] {logging_mixin.py:188} INFO - [2024-06-16T21:32:20.981-0300] {dag.py:3954} INFO - Setting next_dagrun for example_subdag_operator.section-2 to None, run_after=None
[2024-06-16T21:32:21.001-0300] {processor.py:183} INFO - Processing /home/maira/.local/lib/python3.10/site-packages/airflow/example_dags/example_subdag_operator.py took 0.096 seconds
[2024-06-16T21:33:16.390-0300] {processor.py:161} INFO - Started process (PID=85554) to work on /home/maira/.local/lib/python3.10/site-packages/airflow/example_dags/example_subdag_operator.py
[2024-06-16T21:33:16.394-0300] {processor.py:830} INFO - Processing file /home/maira/.local/lib/python3.10/site-packages/airflow/example_dags/example_subdag_operator.py for tasks to queue
[2024-06-16T21:33:16.395-0300] {logging_mixin.py:188} INFO - [2024-06-16T21:33:16.395-0300] {dagbag.py:545} INFO - Filling up the DagBag from /home/maira/.local/lib/python3.10/site-packages/airflow/example_dags/example_subdag_operator.py
[2024-06-16T21:33:16.414-0300] {processor.py:840} INFO - DAG(s) 'example_subdag_operator.section-1', 'example_subdag_operator.section-2', 'example_subdag_operator' retrieved from /home/maira/.local/lib/python3.10/site-packages/airflow/example_dags/example_subdag_operator.py
[2024-06-16T21:33:16.426-0300] {logging_mixin.py:188} INFO - [2024-06-16T21:33:16.426-0300] {dag.py:3096} INFO - Sync 3 DAGs
[2024-06-16T21:33:16.442-0300] {logging_mixin.py:188} INFO - [2024-06-16T21:33:16.441-0300] {dag.py:3954} INFO - Setting next_dagrun for example_subdag_operator to 2022-01-01 00:00:00+00:00, run_after=2022-01-01 00:00:00+00:00
[2024-06-16T21:33:16.444-0300] {logging_mixin.py:188} INFO - [2024-06-16T21:33:16.444-0300] {dag.py:3954} INFO - Setting next_dagrun for example_subdag_operator.section-1 to None, run_after=None
[2024-06-16T21:33:16.445-0300] {logging_mixin.py:188} INFO - [2024-06-16T21:33:16.445-0300] {dag.py:3954} INFO - Setting next_dagrun for example_subdag_operator.section-2 to None, run_after=None
[2024-06-16T21:33:16.453-0300] {logging_mixin.py:188} INFO - [2024-06-16T21:33:16.453-0300] {dag.py:3096} INFO - Sync 2 DAGs
[2024-06-16T21:33:16.457-0300] {logging_mixin.py:188} INFO - [2024-06-16T21:33:16.457-0300] {dag.py:3954} INFO - Setting next_dagrun for example_subdag_operator.section-1 to None, run_after=None
[2024-06-16T21:33:16.457-0300] {logging_mixin.py:188} INFO - [2024-06-16T21:33:16.457-0300] {dag.py:3954} INFO - Setting next_dagrun for example_subdag_operator.section-2 to None, run_after=None
[2024-06-16T21:33:16.481-0300] {processor.py:183} INFO - Processing /home/maira/.local/lib/python3.10/site-packages/airflow/example_dags/example_subdag_operator.py took 0.100 seconds
[2024-06-16T21:34:14.918-0300] {processor.py:161} INFO - Started process (PID=85623) to work on /home/maira/.local/lib/python3.10/site-packages/airflow/example_dags/example_subdag_operator.py
[2024-06-16T21:34:14.919-0300] {processor.py:830} INFO - Processing file /home/maira/.local/lib/python3.10/site-packages/airflow/example_dags/example_subdag_operator.py for tasks to queue
[2024-06-16T21:34:14.920-0300] {logging_mixin.py:188} INFO - [2024-06-16T21:34:14.919-0300] {dagbag.py:545} INFO - Filling up the DagBag from /home/maira/.local/lib/python3.10/site-packages/airflow/example_dags/example_subdag_operator.py
[2024-06-16T21:34:14.935-0300] {processor.py:840} INFO - DAG(s) 'example_subdag_operator.section-1', 'example_subdag_operator.section-2', 'example_subdag_operator' retrieved from /home/maira/.local/lib/python3.10/site-packages/airflow/example_dags/example_subdag_operator.py
[2024-06-16T21:34:14.946-0300] {logging_mixin.py:188} INFO - [2024-06-16T21:34:14.946-0300] {dag.py:3096} INFO - Sync 3 DAGs
[2024-06-16T21:34:14.959-0300] {logging_mixin.py:188} INFO - [2024-06-16T21:34:14.959-0300] {dag.py:3954} INFO - Setting next_dagrun for example_subdag_operator to 2022-01-01 00:00:00+00:00, run_after=2022-01-01 00:00:00+00:00
[2024-06-16T21:34:14.962-0300] {logging_mixin.py:188} INFO - [2024-06-16T21:34:14.961-0300] {dag.py:3954} INFO - Setting next_dagrun for example_subdag_operator.section-1 to None, run_after=None
[2024-06-16T21:34:14.963-0300] {logging_mixin.py:188} INFO - [2024-06-16T21:34:14.962-0300] {dag.py:3954} INFO - Setting next_dagrun for example_subdag_operator.section-2 to None, run_after=None
[2024-06-16T21:34:14.967-0300] {logging_mixin.py:188} INFO - [2024-06-16T21:34:14.967-0300] {dag.py:3096} INFO - Sync 2 DAGs
[2024-06-16T21:34:14.970-0300] {logging_mixin.py:188} INFO - [2024-06-16T21:34:14.970-0300] {dag.py:3954} INFO - Setting next_dagrun for example_subdag_operator.section-1 to None, run_after=None
[2024-06-16T21:34:14.971-0300] {logging_mixin.py:188} INFO - [2024-06-16T21:34:14.970-0300] {dag.py:3954} INFO - Setting next_dagrun for example_subdag_operator.section-2 to None, run_after=None
[2024-06-16T21:34:14.996-0300] {processor.py:183} INFO - Processing /home/maira/.local/lib/python3.10/site-packages/airflow/example_dags/example_subdag_operator.py took 0.085 seconds
[2024-06-16T21:35:10.809-0300] {processor.py:161} INFO - Started process (PID=85697) to work on /home/maira/.local/lib/python3.10/site-packages/airflow/example_dags/example_subdag_operator.py
[2024-06-16T21:35:10.813-0300] {processor.py:830} INFO - Processing file /home/maira/.local/lib/python3.10/site-packages/airflow/example_dags/example_subdag_operator.py for tasks to queue
[2024-06-16T21:35:10.814-0300] {logging_mixin.py:188} INFO - [2024-06-16T21:35:10.814-0300] {dagbag.py:545} INFO - Filling up the DagBag from /home/maira/.local/lib/python3.10/site-packages/airflow/example_dags/example_subdag_operator.py
[2024-06-16T21:35:10.834-0300] {processor.py:840} INFO - DAG(s) 'example_subdag_operator.section-1', 'example_subdag_operator.section-2', 'example_subdag_operator' retrieved from /home/maira/.local/lib/python3.10/site-packages/airflow/example_dags/example_subdag_operator.py
[2024-06-16T21:35:10.849-0300] {logging_mixin.py:188} INFO - [2024-06-16T21:35:10.849-0300] {dag.py:3096} INFO - Sync 3 DAGs
[2024-06-16T21:35:10.869-0300] {logging_mixin.py:188} INFO - [2024-06-16T21:35:10.868-0300] {dag.py:3954} INFO - Setting next_dagrun for example_subdag_operator to 2022-01-01 00:00:00+00:00, run_after=2022-01-01 00:00:00+00:00
[2024-06-16T21:35:10.872-0300] {logging_mixin.py:188} INFO - [2024-06-16T21:35:10.872-0300] {dag.py:3954} INFO - Setting next_dagrun for example_subdag_operator.section-1 to None, run_after=None
[2024-06-16T21:35:10.873-0300] {logging_mixin.py:188} INFO - [2024-06-16T21:35:10.873-0300] {dag.py:3954} INFO - Setting next_dagrun for example_subdag_operator.section-2 to None, run_after=None
[2024-06-16T21:35:10.880-0300] {logging_mixin.py:188} INFO - [2024-06-16T21:35:10.879-0300] {dag.py:3096} INFO - Sync 2 DAGs
[2024-06-16T21:35:10.883-0300] {logging_mixin.py:188} INFO - [2024-06-16T21:35:10.883-0300] {dag.py:3954} INFO - Setting next_dagrun for example_subdag_operator.section-1 to None, run_after=None
[2024-06-16T21:35:10.883-0300] {logging_mixin.py:188} INFO - [2024-06-16T21:35:10.883-0300] {dag.py:3954} INFO - Setting next_dagrun for example_subdag_operator.section-2 to None, run_after=None
[2024-06-16T21:35:10.900-0300] {processor.py:183} INFO - Processing /home/maira/.local/lib/python3.10/site-packages/airflow/example_dags/example_subdag_operator.py took 0.098 seconds
[2024-06-16T21:36:02.518-0300] {processor.py:161} INFO - Started process (PID=85766) to work on /home/maira/.local/lib/python3.10/site-packages/airflow/example_dags/example_subdag_operator.py
[2024-06-16T21:36:02.522-0300] {processor.py:830} INFO - Processing file /home/maira/.local/lib/python3.10/site-packages/airflow/example_dags/example_subdag_operator.py for tasks to queue
[2024-06-16T21:36:02.523-0300] {logging_mixin.py:188} INFO - [2024-06-16T21:36:02.523-0300] {dagbag.py:545} INFO - Filling up the DagBag from /home/maira/.local/lib/python3.10/site-packages/airflow/example_dags/example_subdag_operator.py
[2024-06-16T21:36:02.539-0300] {processor.py:840} INFO - DAG(s) 'example_subdag_operator.section-1', 'example_subdag_operator.section-2', 'example_subdag_operator' retrieved from /home/maira/.local/lib/python3.10/site-packages/airflow/example_dags/example_subdag_operator.py
[2024-06-16T21:36:02.551-0300] {logging_mixin.py:188} INFO - [2024-06-16T21:36:02.550-0300] {dag.py:3096} INFO - Sync 3 DAGs
[2024-06-16T21:36:02.566-0300] {logging_mixin.py:188} INFO - [2024-06-16T21:36:02.565-0300] {dag.py:3954} INFO - Setting next_dagrun for example_subdag_operator to 2022-01-01 00:00:00+00:00, run_after=2022-01-01 00:00:00+00:00
[2024-06-16T21:36:02.568-0300] {logging_mixin.py:188} INFO - [2024-06-16T21:36:02.568-0300] {dag.py:3954} INFO - Setting next_dagrun for example_subdag_operator.section-1 to None, run_after=None
[2024-06-16T21:36:02.569-0300] {logging_mixin.py:188} INFO - [2024-06-16T21:36:02.569-0300] {dag.py:3954} INFO - Setting next_dagrun for example_subdag_operator.section-2 to None, run_after=None
[2024-06-16T21:36:02.574-0300] {logging_mixin.py:188} INFO - [2024-06-16T21:36:02.574-0300] {dag.py:3096} INFO - Sync 2 DAGs
[2024-06-16T21:36:02.578-0300] {logging_mixin.py:188} INFO - [2024-06-16T21:36:02.578-0300] {dag.py:3954} INFO - Setting next_dagrun for example_subdag_operator.section-1 to None, run_after=None
[2024-06-16T21:36:02.578-0300] {logging_mixin.py:188} INFO - [2024-06-16T21:36:02.578-0300] {dag.py:3954} INFO - Setting next_dagrun for example_subdag_operator.section-2 to None, run_after=None
[2024-06-16T21:36:02.597-0300] {processor.py:183} INFO - Processing /home/maira/.local/lib/python3.10/site-packages/airflow/example_dags/example_subdag_operator.py took 0.091 seconds
[2024-06-16T21:36:55.385-0300] {processor.py:161} INFO - Started process (PID=85836) to work on /home/maira/.local/lib/python3.10/site-packages/airflow/example_dags/example_subdag_operator.py
[2024-06-16T21:36:55.388-0300] {processor.py:830} INFO - Processing file /home/maira/.local/lib/python3.10/site-packages/airflow/example_dags/example_subdag_operator.py for tasks to queue
[2024-06-16T21:36:55.390-0300] {logging_mixin.py:188} INFO - [2024-06-16T21:36:55.389-0300] {dagbag.py:545} INFO - Filling up the DagBag from /home/maira/.local/lib/python3.10/site-packages/airflow/example_dags/example_subdag_operator.py
[2024-06-16T21:36:55.424-0300] {processor.py:840} INFO - DAG(s) 'example_subdag_operator.section-1', 'example_subdag_operator.section-2', 'example_subdag_operator' retrieved from /home/maira/.local/lib/python3.10/site-packages/airflow/example_dags/example_subdag_operator.py
[2024-06-16T21:36:55.450-0300] {logging_mixin.py:188} INFO - [2024-06-16T21:36:55.449-0300] {dag.py:3096} INFO - Sync 3 DAGs
[2024-06-16T21:36:55.570-0300] {logging_mixin.py:188} INFO - [2024-06-16T21:36:55.569-0300] {dag.py:3954} INFO - Setting next_dagrun for example_subdag_operator to 2022-01-01 00:00:00+00:00, run_after=2022-01-01 00:00:00+00:00
[2024-06-16T21:36:55.610-0300] {logging_mixin.py:188} INFO - [2024-06-16T21:36:55.609-0300] {dag.py:3954} INFO - Setting next_dagrun for example_subdag_operator.section-1 to None, run_after=None
[2024-06-16T21:36:55.614-0300] {logging_mixin.py:188} INFO - [2024-06-16T21:36:55.613-0300] {dag.py:3954} INFO - Setting next_dagrun for example_subdag_operator.section-2 to None, run_after=None
[2024-06-16T21:36:55.711-0300] {logging_mixin.py:188} INFO - [2024-06-16T21:36:55.710-0300] {dag.py:3096} INFO - Sync 2 DAGs
[2024-06-16T21:36:55.747-0300] {logging_mixin.py:188} INFO - [2024-06-16T21:36:55.747-0300] {dag.py:3954} INFO - Setting next_dagrun for example_subdag_operator.section-1 to None, run_after=None
[2024-06-16T21:36:55.748-0300] {logging_mixin.py:188} INFO - [2024-06-16T21:36:55.748-0300] {dag.py:3954} INFO - Setting next_dagrun for example_subdag_operator.section-2 to None, run_after=None
[2024-06-16T21:36:55.889-0300] {processor.py:183} INFO - Processing /home/maira/.local/lib/python3.10/site-packages/airflow/example_dags/example_subdag_operator.py took 0.521 seconds
[2024-06-16T21:38:11.726-0300] {processor.py:161} INFO - Started process (PID=85930) to work on /home/maira/.local/lib/python3.10/site-packages/airflow/example_dags/example_subdag_operator.py
[2024-06-16T21:38:11.727-0300] {processor.py:830} INFO - Processing file /home/maira/.local/lib/python3.10/site-packages/airflow/example_dags/example_subdag_operator.py for tasks to queue
[2024-06-16T21:38:11.728-0300] {logging_mixin.py:188} INFO - [2024-06-16T21:38:11.728-0300] {dagbag.py:545} INFO - Filling up the DagBag from /home/maira/.local/lib/python3.10/site-packages/airflow/example_dags/example_subdag_operator.py
[2024-06-16T21:38:11.747-0300] {processor.py:840} INFO - DAG(s) 'example_subdag_operator.section-1', 'example_subdag_operator.section-2', 'example_subdag_operator' retrieved from /home/maira/.local/lib/python3.10/site-packages/airflow/example_dags/example_subdag_operator.py
[2024-06-16T21:38:11.759-0300] {logging_mixin.py:188} INFO - [2024-06-16T21:38:11.759-0300] {dag.py:3096} INFO - Sync 3 DAGs
[2024-06-16T21:38:11.774-0300] {logging_mixin.py:188} INFO - [2024-06-16T21:38:11.774-0300] {dag.py:3954} INFO - Setting next_dagrun for example_subdag_operator to 2022-01-01 00:00:00+00:00, run_after=2022-01-01 00:00:00+00:00
[2024-06-16T21:38:11.777-0300] {logging_mixin.py:188} INFO - [2024-06-16T21:38:11.777-0300] {dag.py:3954} INFO - Setting next_dagrun for example_subdag_operator.section-1 to None, run_after=None
[2024-06-16T21:38:11.779-0300] {logging_mixin.py:188} INFO - [2024-06-16T21:38:11.778-0300] {dag.py:3954} INFO - Setting next_dagrun for example_subdag_operator.section-2 to None, run_after=None
[2024-06-16T21:38:11.785-0300] {logging_mixin.py:188} INFO - [2024-06-16T21:38:11.785-0300] {dag.py:3096} INFO - Sync 2 DAGs
[2024-06-16T21:38:11.788-0300] {logging_mixin.py:188} INFO - [2024-06-16T21:38:11.788-0300] {dag.py:3954} INFO - Setting next_dagrun for example_subdag_operator.section-1 to None, run_after=None
[2024-06-16T21:38:11.789-0300] {logging_mixin.py:188} INFO - [2024-06-16T21:38:11.789-0300] {dag.py:3954} INFO - Setting next_dagrun for example_subdag_operator.section-2 to None, run_after=None
[2024-06-16T21:38:11.806-0300] {processor.py:183} INFO - Processing /home/maira/.local/lib/python3.10/site-packages/airflow/example_dags/example_subdag_operator.py took 0.088 seconds
[2024-06-16T21:39:08.108-0300] {processor.py:161} INFO - Started process (PID=89966) to work on /home/maira/.local/lib/python3.10/site-packages/airflow/example_dags/example_subdag_operator.py
[2024-06-16T21:39:08.109-0300] {processor.py:830} INFO - Processing file /home/maira/.local/lib/python3.10/site-packages/airflow/example_dags/example_subdag_operator.py for tasks to queue
[2024-06-16T21:39:08.110-0300] {logging_mixin.py:188} INFO - [2024-06-16T21:39:08.109-0300] {dagbag.py:545} INFO - Filling up the DagBag from /home/maira/.local/lib/python3.10/site-packages/airflow/example_dags/example_subdag_operator.py
[2024-06-16T21:39:08.134-0300] {processor.py:840} INFO - DAG(s) 'example_subdag_operator.section-1', 'example_subdag_operator.section-2', 'example_subdag_operator' retrieved from /home/maira/.local/lib/python3.10/site-packages/airflow/example_dags/example_subdag_operator.py
[2024-06-16T21:39:08.149-0300] {logging_mixin.py:188} INFO - [2024-06-16T21:39:08.149-0300] {dag.py:3096} INFO - Sync 3 DAGs
[2024-06-16T21:39:08.203-0300] {logging_mixin.py:188} INFO - [2024-06-16T21:39:08.203-0300] {dag.py:3954} INFO - Setting next_dagrun for example_subdag_operator to 2022-01-01 00:00:00+00:00, run_after=2022-01-01 00:00:00+00:00
[2024-06-16T21:39:08.210-0300] {logging_mixin.py:188} INFO - [2024-06-16T21:39:08.210-0300] {dag.py:3954} INFO - Setting next_dagrun for example_subdag_operator.section-1 to None, run_after=None
[2024-06-16T21:39:08.212-0300] {logging_mixin.py:188} INFO - [2024-06-16T21:39:08.212-0300] {dag.py:3954} INFO - Setting next_dagrun for example_subdag_operator.section-2 to None, run_after=None
[2024-06-16T21:39:08.240-0300] {logging_mixin.py:188} INFO - [2024-06-16T21:39:08.240-0300] {dag.py:3096} INFO - Sync 2 DAGs
[2024-06-16T21:39:08.252-0300] {logging_mixin.py:188} INFO - [2024-06-16T21:39:08.252-0300] {dag.py:3954} INFO - Setting next_dagrun for example_subdag_operator.section-1 to None, run_after=None
[2024-06-16T21:39:08.252-0300] {logging_mixin.py:188} INFO - [2024-06-16T21:39:08.252-0300] {dag.py:3954} INFO - Setting next_dagrun for example_subdag_operator.section-2 to None, run_after=None
[2024-06-16T21:39:08.296-0300] {processor.py:183} INFO - Processing /home/maira/.local/lib/python3.10/site-packages/airflow/example_dags/example_subdag_operator.py took 0.196 seconds
[2024-06-16T21:40:09.690-0300] {processor.py:161} INFO - Started process (PID=95364) to work on /home/maira/.local/lib/python3.10/site-packages/airflow/example_dags/example_subdag_operator.py
[2024-06-16T21:40:09.692-0300] {processor.py:830} INFO - Processing file /home/maira/.local/lib/python3.10/site-packages/airflow/example_dags/example_subdag_operator.py for tasks to queue
[2024-06-16T21:40:09.694-0300] {logging_mixin.py:188} INFO - [2024-06-16T21:40:09.693-0300] {dagbag.py:545} INFO - Filling up the DagBag from /home/maira/.local/lib/python3.10/site-packages/airflow/example_dags/example_subdag_operator.py
[2024-06-16T21:40:09.728-0300] {processor.py:840} INFO - DAG(s) 'example_subdag_operator.section-1', 'example_subdag_operator.section-2', 'example_subdag_operator' retrieved from /home/maira/.local/lib/python3.10/site-packages/airflow/example_dags/example_subdag_operator.py
[2024-06-16T21:40:09.751-0300] {logging_mixin.py:188} INFO - [2024-06-16T21:40:09.750-0300] {dag.py:3096} INFO - Sync 3 DAGs
[2024-06-16T21:40:09.774-0300] {logging_mixin.py:188} INFO - [2024-06-16T21:40:09.774-0300] {dag.py:3954} INFO - Setting next_dagrun for example_subdag_operator to 2022-01-01 00:00:00+00:00, run_after=2022-01-01 00:00:00+00:00
[2024-06-16T21:40:09.780-0300] {logging_mixin.py:188} INFO - [2024-06-16T21:40:09.779-0300] {dag.py:3954} INFO - Setting next_dagrun for example_subdag_operator.section-1 to None, run_after=None
[2024-06-16T21:40:09.782-0300] {logging_mixin.py:188} INFO - [2024-06-16T21:40:09.781-0300] {dag.py:3954} INFO - Setting next_dagrun for example_subdag_operator.section-2 to None, run_after=None
[2024-06-16T21:40:09.790-0300] {logging_mixin.py:188} INFO - [2024-06-16T21:40:09.790-0300] {dag.py:3096} INFO - Sync 2 DAGs
[2024-06-16T21:40:09.795-0300] {logging_mixin.py:188} INFO - [2024-06-16T21:40:09.795-0300] {dag.py:3954} INFO - Setting next_dagrun for example_subdag_operator.section-1 to None, run_after=None
[2024-06-16T21:40:09.796-0300] {logging_mixin.py:188} INFO - [2024-06-16T21:40:09.796-0300] {dag.py:3954} INFO - Setting next_dagrun for example_subdag_operator.section-2 to None, run_after=None
[2024-06-16T21:40:09.820-0300] {processor.py:183} INFO - Processing /home/maira/.local/lib/python3.10/site-packages/airflow/example_dags/example_subdag_operator.py took 0.144 seconds
[2024-06-16T21:41:03.191-0300] {processor.py:161} INFO - Started process (PID=99130) to work on /home/maira/.local/lib/python3.10/site-packages/airflow/example_dags/example_subdag_operator.py
[2024-06-16T21:41:03.193-0300] {processor.py:830} INFO - Processing file /home/maira/.local/lib/python3.10/site-packages/airflow/example_dags/example_subdag_operator.py for tasks to queue
[2024-06-16T21:41:03.194-0300] {logging_mixin.py:188} INFO - [2024-06-16T21:41:03.193-0300] {dagbag.py:545} INFO - Filling up the DagBag from /home/maira/.local/lib/python3.10/site-packages/airflow/example_dags/example_subdag_operator.py
[2024-06-16T21:41:03.219-0300] {processor.py:840} INFO - DAG(s) 'example_subdag_operator.section-1', 'example_subdag_operator.section-2', 'example_subdag_operator' retrieved from /home/maira/.local/lib/python3.10/site-packages/airflow/example_dags/example_subdag_operator.py
[2024-06-16T21:41:03.235-0300] {logging_mixin.py:188} INFO - [2024-06-16T21:41:03.235-0300] {dag.py:3096} INFO - Sync 3 DAGs
[2024-06-16T21:41:03.255-0300] {logging_mixin.py:188} INFO - [2024-06-16T21:41:03.255-0300] {dag.py:3954} INFO - Setting next_dagrun for example_subdag_operator to 2022-01-01 00:00:00+00:00, run_after=2022-01-01 00:00:00+00:00
[2024-06-16T21:41:03.259-0300] {logging_mixin.py:188} INFO - [2024-06-16T21:41:03.259-0300] {dag.py:3954} INFO - Setting next_dagrun for example_subdag_operator.section-1 to None, run_after=None
[2024-06-16T21:41:03.260-0300] {logging_mixin.py:188} INFO - [2024-06-16T21:41:03.260-0300] {dag.py:3954} INFO - Setting next_dagrun for example_subdag_operator.section-2 to None, run_after=None
[2024-06-16T21:41:03.268-0300] {logging_mixin.py:188} INFO - [2024-06-16T21:41:03.267-0300] {dag.py:3096} INFO - Sync 2 DAGs
[2024-06-16T21:41:03.273-0300] {logging_mixin.py:188} INFO - [2024-06-16T21:41:03.273-0300] {dag.py:3954} INFO - Setting next_dagrun for example_subdag_operator.section-1 to None, run_after=None
[2024-06-16T21:41:03.274-0300] {logging_mixin.py:188} INFO - [2024-06-16T21:41:03.274-0300] {dag.py:3954} INFO - Setting next_dagrun for example_subdag_operator.section-2 to None, run_after=None
[2024-06-16T21:41:03.298-0300] {processor.py:183} INFO - Processing /home/maira/.local/lib/python3.10/site-packages/airflow/example_dags/example_subdag_operator.py took 0.120 seconds
[2024-06-16T21:42:01.189-0300] {processor.py:161} INFO - Started process (PID=4773) to work on /home/maira/.local/lib/python3.10/site-packages/airflow/example_dags/example_subdag_operator.py
[2024-06-16T21:42:01.191-0300] {processor.py:830} INFO - Processing file /home/maira/.local/lib/python3.10/site-packages/airflow/example_dags/example_subdag_operator.py for tasks to queue
[2024-06-16T21:42:01.192-0300] {logging_mixin.py:188} INFO - [2024-06-16T21:42:01.191-0300] {dagbag.py:545} INFO - Filling up the DagBag from /home/maira/.local/lib/python3.10/site-packages/airflow/example_dags/example_subdag_operator.py
[2024-06-16T21:42:01.211-0300] {processor.py:840} INFO - DAG(s) 'example_subdag_operator.section-1', 'example_subdag_operator.section-2', 'example_subdag_operator' retrieved from /home/maira/.local/lib/python3.10/site-packages/airflow/example_dags/example_subdag_operator.py
[2024-06-16T21:42:01.225-0300] {logging_mixin.py:188} INFO - [2024-06-16T21:42:01.225-0300] {dag.py:3096} INFO - Sync 3 DAGs
[2024-06-16T21:42:01.246-0300] {logging_mixin.py:188} INFO - [2024-06-16T21:42:01.245-0300] {dag.py:3954} INFO - Setting next_dagrun for example_subdag_operator to 2022-01-01 00:00:00+00:00, run_after=2022-01-01 00:00:00+00:00
[2024-06-16T21:42:01.249-0300] {logging_mixin.py:188} INFO - [2024-06-16T21:42:01.249-0300] {dag.py:3954} INFO - Setting next_dagrun for example_subdag_operator.section-1 to None, run_after=None
[2024-06-16T21:42:01.250-0300] {logging_mixin.py:188} INFO - [2024-06-16T21:42:01.250-0300] {dag.py:3954} INFO - Setting next_dagrun for example_subdag_operator.section-2 to None, run_after=None
[2024-06-16T21:42:01.257-0300] {logging_mixin.py:188} INFO - [2024-06-16T21:42:01.257-0300] {dag.py:3096} INFO - Sync 2 DAGs
[2024-06-16T21:42:01.262-0300] {logging_mixin.py:188} INFO - [2024-06-16T21:42:01.261-0300] {dag.py:3954} INFO - Setting next_dagrun for example_subdag_operator.section-1 to None, run_after=None
[2024-06-16T21:42:01.262-0300] {logging_mixin.py:188} INFO - [2024-06-16T21:42:01.262-0300] {dag.py:3954} INFO - Setting next_dagrun for example_subdag_operator.section-2 to None, run_after=None
[2024-06-16T21:42:01.281-0300] {processor.py:183} INFO - Processing /home/maira/.local/lib/python3.10/site-packages/airflow/example_dags/example_subdag_operator.py took 0.100 seconds
[2024-06-16T21:42:54.866-0300] {processor.py:161} INFO - Started process (PID=9287) to work on /home/maira/.local/lib/python3.10/site-packages/airflow/example_dags/example_subdag_operator.py
[2024-06-16T21:42:54.869-0300] {processor.py:830} INFO - Processing file /home/maira/.local/lib/python3.10/site-packages/airflow/example_dags/example_subdag_operator.py for tasks to queue
[2024-06-16T21:42:54.870-0300] {logging_mixin.py:188} INFO - [2024-06-16T21:42:54.869-0300] {dagbag.py:545} INFO - Filling up the DagBag from /home/maira/.local/lib/python3.10/site-packages/airflow/example_dags/example_subdag_operator.py
[2024-06-16T21:42:54.891-0300] {processor.py:840} INFO - DAG(s) 'example_subdag_operator.section-1', 'example_subdag_operator.section-2', 'example_subdag_operator' retrieved from /home/maira/.local/lib/python3.10/site-packages/airflow/example_dags/example_subdag_operator.py
[2024-06-16T21:42:54.910-0300] {logging_mixin.py:188} INFO - [2024-06-16T21:42:54.909-0300] {dag.py:3096} INFO - Sync 3 DAGs
[2024-06-16T21:42:54.938-0300] {logging_mixin.py:188} INFO - [2024-06-16T21:42:54.937-0300] {dag.py:3954} INFO - Setting next_dagrun for example_subdag_operator to 2022-01-01 00:00:00+00:00, run_after=2022-01-01 00:00:00+00:00
[2024-06-16T21:42:54.942-0300] {logging_mixin.py:188} INFO - [2024-06-16T21:42:54.942-0300] {dag.py:3954} INFO - Setting next_dagrun for example_subdag_operator.section-1 to None, run_after=None
[2024-06-16T21:42:54.944-0300] {logging_mixin.py:188} INFO - [2024-06-16T21:42:54.944-0300] {dag.py:3954} INFO - Setting next_dagrun for example_subdag_operator.section-2 to None, run_after=None
[2024-06-16T21:42:54.960-0300] {logging_mixin.py:188} INFO - [2024-06-16T21:42:54.959-0300] {dag.py:3096} INFO - Sync 2 DAGs
[2024-06-16T21:42:54.967-0300] {logging_mixin.py:188} INFO - [2024-06-16T21:42:54.967-0300] {dag.py:3954} INFO - Setting next_dagrun for example_subdag_operator.section-1 to None, run_after=None
[2024-06-16T21:42:54.968-0300] {logging_mixin.py:188} INFO - [2024-06-16T21:42:54.968-0300] {dag.py:3954} INFO - Setting next_dagrun for example_subdag_operator.section-2 to None, run_after=None
[2024-06-16T21:42:54.994-0300] {processor.py:183} INFO - Processing /home/maira/.local/lib/python3.10/site-packages/airflow/example_dags/example_subdag_operator.py took 0.136 seconds
[2024-06-16T21:44:16.304-0300] {processor.py:161} INFO - Started process (PID=14124) to work on /home/maira/.local/lib/python3.10/site-packages/airflow/example_dags/example_subdag_operator.py
[2024-06-16T21:44:16.306-0300] {processor.py:830} INFO - Processing file /home/maira/.local/lib/python3.10/site-packages/airflow/example_dags/example_subdag_operator.py for tasks to queue
[2024-06-16T21:44:16.307-0300] {logging_mixin.py:188} INFO - [2024-06-16T21:44:16.307-0300] {dagbag.py:545} INFO - Filling up the DagBag from /home/maira/.local/lib/python3.10/site-packages/airflow/example_dags/example_subdag_operator.py
[2024-06-16T21:44:16.342-0300] {processor.py:840} INFO - DAG(s) 'example_subdag_operator.section-1', 'example_subdag_operator.section-2', 'example_subdag_operator' retrieved from /home/maira/.local/lib/python3.10/site-packages/airflow/example_dags/example_subdag_operator.py
[2024-06-16T21:44:16.372-0300] {logging_mixin.py:188} INFO - [2024-06-16T21:44:16.371-0300] {dag.py:3096} INFO - Sync 3 DAGs
[2024-06-16T21:44:16.400-0300] {logging_mixin.py:188} INFO - [2024-06-16T21:44:16.400-0300] {dag.py:3954} INFO - Setting next_dagrun for example_subdag_operator to 2022-01-01 00:00:00+00:00, run_after=2022-01-01 00:00:00+00:00
[2024-06-16T21:44:16.406-0300] {logging_mixin.py:188} INFO - [2024-06-16T21:44:16.405-0300] {dag.py:3954} INFO - Setting next_dagrun for example_subdag_operator.section-1 to None, run_after=None
[2024-06-16T21:44:16.408-0300] {logging_mixin.py:188} INFO - [2024-06-16T21:44:16.408-0300] {dag.py:3954} INFO - Setting next_dagrun for example_subdag_operator.section-2 to None, run_after=None
[2024-06-16T21:44:16.421-0300] {logging_mixin.py:188} INFO - [2024-06-16T21:44:16.421-0300] {dag.py:3096} INFO - Sync 2 DAGs
[2024-06-16T21:44:16.429-0300] {logging_mixin.py:188} INFO - [2024-06-16T21:44:16.429-0300] {dag.py:3954} INFO - Setting next_dagrun for example_subdag_operator.section-1 to None, run_after=None
[2024-06-16T21:44:16.430-0300] {logging_mixin.py:188} INFO - [2024-06-16T21:44:16.430-0300] {dag.py:3954} INFO - Setting next_dagrun for example_subdag_operator.section-2 to None, run_after=None
[2024-06-16T21:44:16.457-0300] {processor.py:183} INFO - Processing /home/maira/.local/lib/python3.10/site-packages/airflow/example_dags/example_subdag_operator.py took 0.166 seconds
