[2024-06-16T21:32:38.825-0300] {processor.py:161} INFO - Started process (PID=85520) to work on /home/maira/.local/lib/python3.10/site-packages/airflow/example_dags/example_branch_labels.py
[2024-06-16T21:32:38.826-0300] {processor.py:830} INFO - Processing file /home/maira/.local/lib/python3.10/site-packages/airflow/example_dags/example_branch_labels.py for tasks to queue
[2024-06-16T21:32:38.827-0300] {logging_mixin.py:188} INFO - [2024-06-16T21:32:38.827-0300] {dagbag.py:545} INFO - Filling up the DagBag from /home/maira/.local/lib/python3.10/site-packages/airflow/example_dags/example_branch_labels.py
[2024-06-16T21:32:38.837-0300] {processor.py:840} INFO - DAG(s) 'example_branch_labels' retrieved from /home/maira/.local/lib/python3.10/site-packages/airflow/example_dags/example_branch_labels.py
[2024-06-16T21:32:38.858-0300] {logging_mixin.py:188} INFO - [2024-06-16T21:32:38.858-0300] {dag.py:3096} INFO - Sync 1 DAGs
[2024-06-16T21:32:38.887-0300] {logging_mixin.py:188} INFO - [2024-06-16T21:32:38.886-0300] {dag.py:3954} INFO - Setting next_dagrun for example_branch_labels to 2024-06-16 00:00:00+00:00, run_after=2024-06-17 00:00:00+00:00
[2024-06-16T21:32:38.925-0300] {processor.py:183} INFO - Processing /home/maira/.local/lib/python3.10/site-packages/airflow/example_dags/example_branch_labels.py took 0.109 seconds
[2024-06-16T21:33:36.692-0300] {processor.py:161} INFO - Started process (PID=85590) to work on /home/maira/.local/lib/python3.10/site-packages/airflow/example_dags/example_branch_labels.py
[2024-06-16T21:33:36.694-0300] {processor.py:830} INFO - Processing file /home/maira/.local/lib/python3.10/site-packages/airflow/example_dags/example_branch_labels.py for tasks to queue
[2024-06-16T21:33:36.695-0300] {logging_mixin.py:188} INFO - [2024-06-16T21:33:36.695-0300] {dagbag.py:545} INFO - Filling up the DagBag from /home/maira/.local/lib/python3.10/site-packages/airflow/example_dags/example_branch_labels.py
[2024-06-16T21:33:36.704-0300] {processor.py:840} INFO - DAG(s) 'example_branch_labels' retrieved from /home/maira/.local/lib/python3.10/site-packages/airflow/example_dags/example_branch_labels.py
[2024-06-16T21:33:36.725-0300] {logging_mixin.py:188} INFO - [2024-06-16T21:33:36.725-0300] {dag.py:3096} INFO - Sync 1 DAGs
[2024-06-16T21:33:36.751-0300] {logging_mixin.py:188} INFO - [2024-06-16T21:33:36.751-0300] {dag.py:3954} INFO - Setting next_dagrun for example_branch_labels to 2024-06-16 00:00:00+00:00, run_after=2024-06-17 00:00:00+00:00
[2024-06-16T21:33:36.776-0300] {processor.py:183} INFO - Processing /home/maira/.local/lib/python3.10/site-packages/airflow/example_dags/example_branch_labels.py took 0.096 seconds
[2024-06-16T21:34:35.434-0300] {processor.py:161} INFO - Started process (PID=85657) to work on /home/maira/.local/lib/python3.10/site-packages/airflow/example_dags/example_branch_labels.py
[2024-06-16T21:34:35.436-0300] {processor.py:830} INFO - Processing file /home/maira/.local/lib/python3.10/site-packages/airflow/example_dags/example_branch_labels.py for tasks to queue
[2024-06-16T21:34:35.437-0300] {logging_mixin.py:188} INFO - [2024-06-16T21:34:35.437-0300] {dagbag.py:545} INFO - Filling up the DagBag from /home/maira/.local/lib/python3.10/site-packages/airflow/example_dags/example_branch_labels.py
[2024-06-16T21:34:35.444-0300] {processor.py:840} INFO - DAG(s) 'example_branch_labels' retrieved from /home/maira/.local/lib/python3.10/site-packages/airflow/example_dags/example_branch_labels.py
[2024-06-16T21:34:35.459-0300] {logging_mixin.py:188} INFO - [2024-06-16T21:34:35.459-0300] {dag.py:3096} INFO - Sync 1 DAGs
[2024-06-16T21:34:35.476-0300] {logging_mixin.py:188} INFO - [2024-06-16T21:34:35.475-0300] {dag.py:3954} INFO - Setting next_dagrun for example_branch_labels to 2024-06-16 00:00:00+00:00, run_after=2024-06-17 00:00:00+00:00
[2024-06-16T21:34:35.500-0300] {processor.py:183} INFO - Processing /home/maira/.local/lib/python3.10/site-packages/airflow/example_dags/example_branch_labels.py took 0.076 seconds
[2024-06-16T21:35:28.670-0300] {processor.py:161} INFO - Started process (PID=85730) to work on /home/maira/.local/lib/python3.10/site-packages/airflow/example_dags/example_branch_labels.py
[2024-06-16T21:35:28.672-0300] {processor.py:830} INFO - Processing file /home/maira/.local/lib/python3.10/site-packages/airflow/example_dags/example_branch_labels.py for tasks to queue
[2024-06-16T21:35:28.672-0300] {logging_mixin.py:188} INFO - [2024-06-16T21:35:28.672-0300] {dagbag.py:545} INFO - Filling up the DagBag from /home/maira/.local/lib/python3.10/site-packages/airflow/example_dags/example_branch_labels.py
[2024-06-16T21:35:28.678-0300] {processor.py:840} INFO - DAG(s) 'example_branch_labels' retrieved from /home/maira/.local/lib/python3.10/site-packages/airflow/example_dags/example_branch_labels.py
[2024-06-16T21:35:28.691-0300] {logging_mixin.py:188} INFO - [2024-06-16T21:35:28.690-0300] {dag.py:3096} INFO - Sync 1 DAGs
[2024-06-16T21:35:28.705-0300] {logging_mixin.py:188} INFO - [2024-06-16T21:35:28.704-0300] {dag.py:3954} INFO - Setting next_dagrun for example_branch_labels to 2024-06-16 00:00:00+00:00, run_after=2024-06-17 00:00:00+00:00
[2024-06-16T21:35:28.730-0300] {processor.py:183} INFO - Processing /home/maira/.local/lib/python3.10/site-packages/airflow/example_dags/example_branch_labels.py took 0.066 seconds
[2024-06-16T21:36:34.645-0300] {processor.py:161} INFO - Started process (PID=85813) to work on /home/maira/.local/lib/python3.10/site-packages/airflow/example_dags/example_branch_labels.py
[2024-06-16T21:36:34.646-0300] {processor.py:830} INFO - Processing file /home/maira/.local/lib/python3.10/site-packages/airflow/example_dags/example_branch_labels.py for tasks to queue
[2024-06-16T21:36:34.647-0300] {logging_mixin.py:188} INFO - [2024-06-16T21:36:34.647-0300] {dagbag.py:545} INFO - Filling up the DagBag from /home/maira/.local/lib/python3.10/site-packages/airflow/example_dags/example_branch_labels.py
[2024-06-16T21:36:34.654-0300] {processor.py:840} INFO - DAG(s) 'example_branch_labels' retrieved from /home/maira/.local/lib/python3.10/site-packages/airflow/example_dags/example_branch_labels.py
[2024-06-16T21:36:34.670-0300] {logging_mixin.py:188} INFO - [2024-06-16T21:36:34.669-0300] {dag.py:3096} INFO - Sync 1 DAGs
[2024-06-16T21:36:34.689-0300] {logging_mixin.py:188} INFO - [2024-06-16T21:36:34.689-0300] {dag.py:3954} INFO - Setting next_dagrun for example_branch_labels to 2024-06-16 00:00:00+00:00, run_after=2024-06-17 00:00:00+00:00
[2024-06-16T21:36:34.718-0300] {processor.py:183} INFO - Processing /home/maira/.local/lib/python3.10/site-packages/airflow/example_dags/example_branch_labels.py took 0.081 seconds
[2024-06-16T21:37:49.241-0300] {processor.py:161} INFO - Started process (PID=85906) to work on /home/maira/.local/lib/python3.10/site-packages/airflow/example_dags/example_branch_labels.py
[2024-06-16T21:37:49.243-0300] {processor.py:830} INFO - Processing file /home/maira/.local/lib/python3.10/site-packages/airflow/example_dags/example_branch_labels.py for tasks to queue
[2024-06-16T21:37:49.244-0300] {logging_mixin.py:188} INFO - [2024-06-16T21:37:49.244-0300] {dagbag.py:545} INFO - Filling up the DagBag from /home/maira/.local/lib/python3.10/site-packages/airflow/example_dags/example_branch_labels.py
[2024-06-16T21:37:49.252-0300] {processor.py:840} INFO - DAG(s) 'example_branch_labels' retrieved from /home/maira/.local/lib/python3.10/site-packages/airflow/example_dags/example_branch_labels.py
[2024-06-16T21:37:49.273-0300] {logging_mixin.py:188} INFO - [2024-06-16T21:37:49.272-0300] {dag.py:3096} INFO - Sync 1 DAGs
[2024-06-16T21:37:49.296-0300] {logging_mixin.py:188} INFO - [2024-06-16T21:37:49.295-0300] {dag.py:3954} INFO - Setting next_dagrun for example_branch_labels to 2024-06-16 00:00:00+00:00, run_after=2024-06-17 00:00:00+00:00
[2024-06-16T21:37:49.325-0300] {processor.py:183} INFO - Processing /home/maira/.local/lib/python3.10/site-packages/airflow/example_dags/example_branch_labels.py took 0.096 seconds
[2024-06-16T21:38:44.773-0300] {processor.py:161} INFO - Started process (PID=87996) to work on /home/maira/.local/lib/python3.10/site-packages/airflow/example_dags/example_branch_labels.py
[2024-06-16T21:38:44.775-0300] {processor.py:830} INFO - Processing file /home/maira/.local/lib/python3.10/site-packages/airflow/example_dags/example_branch_labels.py for tasks to queue
[2024-06-16T21:38:44.777-0300] {logging_mixin.py:188} INFO - [2024-06-16T21:38:44.776-0300] {dagbag.py:545} INFO - Filling up the DagBag from /home/maira/.local/lib/python3.10/site-packages/airflow/example_dags/example_branch_labels.py
[2024-06-16T21:38:44.789-0300] {processor.py:840} INFO - DAG(s) 'example_branch_labels' retrieved from /home/maira/.local/lib/python3.10/site-packages/airflow/example_dags/example_branch_labels.py
[2024-06-16T21:38:44.835-0300] {logging_mixin.py:188} INFO - [2024-06-16T21:38:44.834-0300] {dag.py:3096} INFO - Sync 1 DAGs
[2024-06-16T21:38:44.883-0300] {logging_mixin.py:188} INFO - [2024-06-16T21:38:44.882-0300] {dag.py:3954} INFO - Setting next_dagrun for example_branch_labels to 2024-06-16 00:00:00+00:00, run_after=2024-06-17 00:00:00+00:00
[2024-06-16T21:38:44.966-0300] {processor.py:183} INFO - Processing /home/maira/.local/lib/python3.10/site-packages/airflow/example_dags/example_branch_labels.py took 0.201 seconds
[2024-06-16T21:39:49.399-0300] {processor.py:161} INFO - Started process (PID=93153) to work on /home/maira/.local/lib/python3.10/site-packages/airflow/example_dags/example_branch_labels.py
[2024-06-16T21:39:49.401-0300] {processor.py:830} INFO - Processing file /home/maira/.local/lib/python3.10/site-packages/airflow/example_dags/example_branch_labels.py for tasks to queue
[2024-06-16T21:39:49.403-0300] {logging_mixin.py:188} INFO - [2024-06-16T21:39:49.402-0300] {dagbag.py:545} INFO - Filling up the DagBag from /home/maira/.local/lib/python3.10/site-packages/airflow/example_dags/example_branch_labels.py
[2024-06-16T21:39:49.411-0300] {processor.py:840} INFO - DAG(s) 'example_branch_labels' retrieved from /home/maira/.local/lib/python3.10/site-packages/airflow/example_dags/example_branch_labels.py
[2024-06-16T21:39:49.432-0300] {logging_mixin.py:188} INFO - [2024-06-16T21:39:49.432-0300] {dag.py:3096} INFO - Sync 1 DAGs
[2024-06-16T21:39:49.461-0300] {logging_mixin.py:188} INFO - [2024-06-16T21:39:49.460-0300] {dag.py:3954} INFO - Setting next_dagrun for example_branch_labels to 2024-06-16 00:00:00+00:00, run_after=2024-06-17 00:00:00+00:00
[2024-06-16T21:39:49.497-0300] {processor.py:183} INFO - Processing /home/maira/.local/lib/python3.10/site-packages/airflow/example_dags/example_branch_labels.py took 0.106 seconds
[2024-06-16T21:40:46.347-0300] {processor.py:161} INFO - Started process (PID=98154) to work on /home/maira/.local/lib/python3.10/site-packages/airflow/example_dags/example_branch_labels.py
[2024-06-16T21:40:46.348-0300] {processor.py:830} INFO - Processing file /home/maira/.local/lib/python3.10/site-packages/airflow/example_dags/example_branch_labels.py for tasks to queue
[2024-06-16T21:40:46.350-0300] {logging_mixin.py:188} INFO - [2024-06-16T21:40:46.349-0300] {dagbag.py:545} INFO - Filling up the DagBag from /home/maira/.local/lib/python3.10/site-packages/airflow/example_dags/example_branch_labels.py
[2024-06-16T21:40:46.359-0300] {processor.py:840} INFO - DAG(s) 'example_branch_labels' retrieved from /home/maira/.local/lib/python3.10/site-packages/airflow/example_dags/example_branch_labels.py
[2024-06-16T21:40:46.379-0300] {logging_mixin.py:188} INFO - [2024-06-16T21:40:46.379-0300] {dag.py:3096} INFO - Sync 1 DAGs
[2024-06-16T21:40:46.402-0300] {logging_mixin.py:188} INFO - [2024-06-16T21:40:46.402-0300] {dag.py:3954} INFO - Setting next_dagrun for example_branch_labels to 2024-06-16 00:00:00+00:00, run_after=2024-06-17 00:00:00+00:00
[2024-06-16T21:40:46.438-0300] {processor.py:183} INFO - Processing /home/maira/.local/lib/python3.10/site-packages/airflow/example_dags/example_branch_labels.py took 0.102 seconds
[2024-06-16T21:41:42.776-0300] {processor.py:161} INFO - Started process (PID=3226) to work on /home/maira/.local/lib/python3.10/site-packages/airflow/example_dags/example_branch_labels.py
[2024-06-16T21:41:42.778-0300] {processor.py:830} INFO - Processing file /home/maira/.local/lib/python3.10/site-packages/airflow/example_dags/example_branch_labels.py for tasks to queue
[2024-06-16T21:41:42.780-0300] {logging_mixin.py:188} INFO - [2024-06-16T21:41:42.779-0300] {dagbag.py:545} INFO - Filling up the DagBag from /home/maira/.local/lib/python3.10/site-packages/airflow/example_dags/example_branch_labels.py
[2024-06-16T21:41:42.793-0300] {processor.py:840} INFO - DAG(s) 'example_branch_labels' retrieved from /home/maira/.local/lib/python3.10/site-packages/airflow/example_dags/example_branch_labels.py
[2024-06-16T21:41:42.822-0300] {logging_mixin.py:188} INFO - [2024-06-16T21:41:42.822-0300] {dag.py:3096} INFO - Sync 1 DAGs
[2024-06-16T21:41:42.859-0300] {logging_mixin.py:188} INFO - [2024-06-16T21:41:42.858-0300] {dag.py:3954} INFO - Setting next_dagrun for example_branch_labels to 2024-06-16 00:00:00+00:00, run_after=2024-06-17 00:00:00+00:00
[2024-06-16T21:41:42.912-0300] {processor.py:183} INFO - Processing /home/maira/.local/lib/python3.10/site-packages/airflow/example_dags/example_branch_labels.py took 0.153 seconds
[2024-06-16T21:42:39.398-0300] {processor.py:161} INFO - Started process (PID=8126) to work on /home/maira/.local/lib/python3.10/site-packages/airflow/example_dags/example_branch_labels.py
[2024-06-16T21:42:39.400-0300] {processor.py:830} INFO - Processing file /home/maira/.local/lib/python3.10/site-packages/airflow/example_dags/example_branch_labels.py for tasks to queue
[2024-06-16T21:42:39.402-0300] {logging_mixin.py:188} INFO - [2024-06-16T21:42:39.401-0300] {dagbag.py:545} INFO - Filling up the DagBag from /home/maira/.local/lib/python3.10/site-packages/airflow/example_dags/example_branch_labels.py
[2024-06-16T21:42:39.410-0300] {processor.py:840} INFO - DAG(s) 'example_branch_labels' retrieved from /home/maira/.local/lib/python3.10/site-packages/airflow/example_dags/example_branch_labels.py
[2024-06-16T21:42:39.430-0300] {logging_mixin.py:188} INFO - [2024-06-16T21:42:39.429-0300] {dag.py:3096} INFO - Sync 1 DAGs
[2024-06-16T21:42:39.458-0300] {logging_mixin.py:188} INFO - [2024-06-16T21:42:39.458-0300] {dag.py:3954} INFO - Setting next_dagrun for example_branch_labels to 2024-06-16 00:00:00+00:00, run_after=2024-06-17 00:00:00+00:00
[2024-06-16T21:42:39.494-0300] {processor.py:183} INFO - Processing /home/maira/.local/lib/python3.10/site-packages/airflow/example_dags/example_branch_labels.py took 0.107 seconds
[2024-06-16T21:43:44.982-0300] {processor.py:161} INFO - Started process (PID=12523) to work on /home/maira/.local/lib/python3.10/site-packages/airflow/example_dags/example_branch_labels.py
[2024-06-16T21:43:44.985-0300] {processor.py:830} INFO - Processing file /home/maira/.local/lib/python3.10/site-packages/airflow/example_dags/example_branch_labels.py for tasks to queue
[2024-06-16T21:43:44.987-0300] {logging_mixin.py:188} INFO - [2024-06-16T21:43:44.986-0300] {dagbag.py:545} INFO - Filling up the DagBag from /home/maira/.local/lib/python3.10/site-packages/airflow/example_dags/example_branch_labels.py
[2024-06-16T21:43:44.996-0300] {processor.py:840} INFO - DAG(s) 'example_branch_labels' retrieved from /home/maira/.local/lib/python3.10/site-packages/airflow/example_dags/example_branch_labels.py
[2024-06-16T21:43:45.011-0300] {logging_mixin.py:188} INFO - [2024-06-16T21:43:45.010-0300] {dag.py:3096} INFO - Sync 1 DAGs
[2024-06-16T21:43:45.030-0300] {logging_mixin.py:188} INFO - [2024-06-16T21:43:45.029-0300] {dag.py:3954} INFO - Setting next_dagrun for example_branch_labels to 2024-06-16 00:00:00+00:00, run_after=2024-06-17 00:00:00+00:00
[2024-06-16T21:43:46.158-0300] {processor.py:183} INFO - Processing /home/maira/.local/lib/python3.10/site-packages/airflow/example_dags/example_branch_labels.py took 1.187 seconds
[2024-06-16T21:44:52.177-0300] {processor.py:161} INFO - Started process (PID=17022) to work on /home/maira/.local/lib/python3.10/site-packages/airflow/example_dags/example_branch_labels.py
[2024-06-16T21:44:52.178-0300] {processor.py:830} INFO - Processing file /home/maira/.local/lib/python3.10/site-packages/airflow/example_dags/example_branch_labels.py for tasks to queue
[2024-06-16T21:44:52.179-0300] {logging_mixin.py:188} INFO - [2024-06-16T21:44:52.179-0300] {dagbag.py:545} INFO - Filling up the DagBag from /home/maira/.local/lib/python3.10/site-packages/airflow/example_dags/example_branch_labels.py
[2024-06-16T21:44:52.190-0300] {processor.py:840} INFO - DAG(s) 'example_branch_labels' retrieved from /home/maira/.local/lib/python3.10/site-packages/airflow/example_dags/example_branch_labels.py
[2024-06-16T21:44:52.218-0300] {logging_mixin.py:188} INFO - [2024-06-16T21:44:52.217-0300] {dag.py:3096} INFO - Sync 1 DAGs
[2024-06-16T21:44:52.247-0300] {logging_mixin.py:188} INFO - [2024-06-16T21:44:52.246-0300] {dag.py:3954} INFO - Setting next_dagrun for example_branch_labels to 2024-06-16 00:00:00+00:00, run_after=2024-06-17 00:00:00+00:00
[2024-06-16T21:44:52.282-0300] {processor.py:183} INFO - Processing /home/maira/.local/lib/python3.10/site-packages/airflow/example_dags/example_branch_labels.py took 0.119 seconds
