[2024-06-16T21:32:35.298-0300] {processor.py:161} INFO - Started process (PID=85517) to work on /home/maira/.local/lib/python3.10/site-packages/airflow/example_dags/example_branch_datetime_operator.py
[2024-06-16T21:32:35.298-0300] {processor.py:830} INFO - Processing file /home/maira/.local/lib/python3.10/site-packages/airflow/example_dags/example_branch_datetime_operator.py for tasks to queue
[2024-06-16T21:32:35.299-0300] {logging_mixin.py:188} INFO - [2024-06-16T21:32:35.299-0300] {dagbag.py:545} INFO - Filling up the DagBag from /home/maira/.local/lib/python3.10/site-packages/airflow/example_dags/example_branch_datetime_operator.py
[2024-06-16T21:32:35.310-0300] {processor.py:840} INFO - DAG(s) 'example_branch_datetime_operator_3', 'example_branch_datetime_operator', 'example_branch_datetime_operator_2' retrieved from /home/maira/.local/lib/python3.10/site-packages/airflow/example_dags/example_branch_datetime_operator.py
[2024-06-16T21:32:35.329-0300] {logging_mixin.py:188} INFO - [2024-06-16T21:32:35.329-0300] {dag.py:3096} INFO - Sync 3 DAGs
[2024-06-16T21:32:35.346-0300] {logging_mixin.py:188} INFO - [2024-06-16T21:32:35.346-0300] {dag.py:3954} INFO - Setting next_dagrun for example_branch_datetime_operator to 2024-06-16 00:00:00+00:00, run_after=2024-06-17 00:00:00+00:00
[2024-06-16T21:32:35.350-0300] {logging_mixin.py:188} INFO - [2024-06-16T21:32:35.350-0300] {dag.py:3954} INFO - Setting next_dagrun for example_branch_datetime_operator_2 to 2024-06-16 00:00:00+00:00, run_after=2024-06-17 00:00:00+00:00
[2024-06-16T21:32:35.352-0300] {logging_mixin.py:188} INFO - [2024-06-16T21:32:35.352-0300] {dag.py:3954} INFO - Setting next_dagrun for example_branch_datetime_operator_3 to 2024-06-16 00:00:00+00:00, run_after=2024-06-17 00:00:00+00:00
[2024-06-16T21:32:35.378-0300] {processor.py:183} INFO - Processing /home/maira/.local/lib/python3.10/site-packages/airflow/example_dags/example_branch_datetime_operator.py took 0.091 seconds
[2024-06-16T21:33:34.260-0300] {processor.py:161} INFO - Started process (PID=85587) to work on /home/maira/.local/lib/python3.10/site-packages/airflow/example_dags/example_branch_datetime_operator.py
[2024-06-16T21:33:34.262-0300] {processor.py:830} INFO - Processing file /home/maira/.local/lib/python3.10/site-packages/airflow/example_dags/example_branch_datetime_operator.py for tasks to queue
[2024-06-16T21:33:34.264-0300] {logging_mixin.py:188} INFO - [2024-06-16T21:33:34.263-0300] {dagbag.py:545} INFO - Filling up the DagBag from /home/maira/.local/lib/python3.10/site-packages/airflow/example_dags/example_branch_datetime_operator.py
[2024-06-16T21:33:34.271-0300] {processor.py:840} INFO - DAG(s) 'example_branch_datetime_operator_3', 'example_branch_datetime_operator_2', 'example_branch_datetime_operator' retrieved from /home/maira/.local/lib/python3.10/site-packages/airflow/example_dags/example_branch_datetime_operator.py
[2024-06-16T21:33:34.289-0300] {logging_mixin.py:188} INFO - [2024-06-16T21:33:34.288-0300] {dag.py:3096} INFO - Sync 3 DAGs
[2024-06-16T21:33:34.306-0300] {logging_mixin.py:188} INFO - [2024-06-16T21:33:34.306-0300] {dag.py:3954} INFO - Setting next_dagrun for example_branch_datetime_operator to 2024-06-16 00:00:00+00:00, run_after=2024-06-17 00:00:00+00:00
[2024-06-16T21:33:34.310-0300] {logging_mixin.py:188} INFO - [2024-06-16T21:33:34.310-0300] {dag.py:3954} INFO - Setting next_dagrun for example_branch_datetime_operator_2 to 2024-06-16 00:00:00+00:00, run_after=2024-06-17 00:00:00+00:00
[2024-06-16T21:33:34.312-0300] {logging_mixin.py:188} INFO - [2024-06-16T21:33:34.312-0300] {dag.py:3954} INFO - Setting next_dagrun for example_branch_datetime_operator_3 to 2024-06-16 00:00:00+00:00, run_after=2024-06-17 00:00:00+00:00
[2024-06-16T21:33:34.336-0300] {processor.py:183} INFO - Processing /home/maira/.local/lib/python3.10/site-packages/airflow/example_dags/example_branch_datetime_operator.py took 0.083 seconds
[2024-06-16T21:34:29.016-0300] {processor.py:161} INFO - Started process (PID=85652) to work on /home/maira/.local/lib/python3.10/site-packages/airflow/example_dags/example_branch_datetime_operator.py
[2024-06-16T21:34:29.017-0300] {processor.py:830} INFO - Processing file /home/maira/.local/lib/python3.10/site-packages/airflow/example_dags/example_branch_datetime_operator.py for tasks to queue
[2024-06-16T21:34:29.018-0300] {logging_mixin.py:188} INFO - [2024-06-16T21:34:29.018-0300] {dagbag.py:545} INFO - Filling up the DagBag from /home/maira/.local/lib/python3.10/site-packages/airflow/example_dags/example_branch_datetime_operator.py
[2024-06-16T21:34:29.027-0300] {processor.py:840} INFO - DAG(s) 'example_branch_datetime_operator_3', 'example_branch_datetime_operator', 'example_branch_datetime_operator_2' retrieved from /home/maira/.local/lib/python3.10/site-packages/airflow/example_dags/example_branch_datetime_operator.py
[2024-06-16T21:34:29.049-0300] {logging_mixin.py:188} INFO - [2024-06-16T21:34:29.049-0300] {dag.py:3096} INFO - Sync 3 DAGs
[2024-06-16T21:34:29.076-0300] {logging_mixin.py:188} INFO - [2024-06-16T21:34:29.075-0300] {dag.py:3954} INFO - Setting next_dagrun for example_branch_datetime_operator to 2024-06-16 00:00:00+00:00, run_after=2024-06-17 00:00:00+00:00
[2024-06-16T21:34:29.082-0300] {logging_mixin.py:188} INFO - [2024-06-16T21:34:29.081-0300] {dag.py:3954} INFO - Setting next_dagrun for example_branch_datetime_operator_2 to 2024-06-16 00:00:00+00:00, run_after=2024-06-17 00:00:00+00:00
[2024-06-16T21:34:29.085-0300] {logging_mixin.py:188} INFO - [2024-06-16T21:34:29.085-0300] {dag.py:3954} INFO - Setting next_dagrun for example_branch_datetime_operator_3 to 2024-06-16 00:00:00+00:00, run_after=2024-06-17 00:00:00+00:00
[2024-06-16T21:34:29.110-0300] {processor.py:183} INFO - Processing /home/maira/.local/lib/python3.10/site-packages/airflow/example_dags/example_branch_datetime_operator.py took 0.104 seconds
[2024-06-16T21:35:23.516-0300] {processor.py:161} INFO - Started process (PID=85725) to work on /home/maira/.local/lib/python3.10/site-packages/airflow/example_dags/example_branch_datetime_operator.py
[2024-06-16T21:35:23.518-0300] {processor.py:830} INFO - Processing file /home/maira/.local/lib/python3.10/site-packages/airflow/example_dags/example_branch_datetime_operator.py for tasks to queue
[2024-06-16T21:35:23.518-0300] {logging_mixin.py:188} INFO - [2024-06-16T21:35:23.518-0300] {dagbag.py:545} INFO - Filling up the DagBag from /home/maira/.local/lib/python3.10/site-packages/airflow/example_dags/example_branch_datetime_operator.py
[2024-06-16T21:35:23.528-0300] {processor.py:840} INFO - DAG(s) 'example_branch_datetime_operator', 'example_branch_datetime_operator_3', 'example_branch_datetime_operator_2' retrieved from /home/maira/.local/lib/python3.10/site-packages/airflow/example_dags/example_branch_datetime_operator.py
[2024-06-16T21:35:23.546-0300] {logging_mixin.py:188} INFO - [2024-06-16T21:35:23.546-0300] {dag.py:3096} INFO - Sync 3 DAGs
[2024-06-16T21:35:23.562-0300] {logging_mixin.py:188} INFO - [2024-06-16T21:35:23.561-0300] {dag.py:3954} INFO - Setting next_dagrun for example_branch_datetime_operator to 2024-06-16 00:00:00+00:00, run_after=2024-06-17 00:00:00+00:00
[2024-06-16T21:35:23.565-0300] {logging_mixin.py:188} INFO - [2024-06-16T21:35:23.565-0300] {dag.py:3954} INFO - Setting next_dagrun for example_branch_datetime_operator_2 to 2024-06-16 00:00:00+00:00, run_after=2024-06-17 00:00:00+00:00
[2024-06-16T21:35:23.567-0300] {logging_mixin.py:188} INFO - [2024-06-16T21:35:23.566-0300] {dag.py:3954} INFO - Setting next_dagrun for example_branch_datetime_operator_3 to 2024-06-16 00:00:00+00:00, run_after=2024-06-17 00:00:00+00:00
[2024-06-16T21:35:23.588-0300] {processor.py:183} INFO - Processing /home/maira/.local/lib/python3.10/site-packages/airflow/example_dags/example_branch_datetime_operator.py took 0.079 seconds
[2024-06-16T21:36:15.052-0300] {processor.py:161} INFO - Started process (PID=85793) to work on /home/maira/.local/lib/python3.10/site-packages/airflow/example_dags/example_branch_datetime_operator.py
[2024-06-16T21:36:15.054-0300] {processor.py:830} INFO - Processing file /home/maira/.local/lib/python3.10/site-packages/airflow/example_dags/example_branch_datetime_operator.py for tasks to queue
[2024-06-16T21:36:15.055-0300] {logging_mixin.py:188} INFO - [2024-06-16T21:36:15.055-0300] {dagbag.py:545} INFO - Filling up the DagBag from /home/maira/.local/lib/python3.10/site-packages/airflow/example_dags/example_branch_datetime_operator.py
[2024-06-16T21:36:15.062-0300] {processor.py:840} INFO - DAG(s) 'example_branch_datetime_operator_2', 'example_branch_datetime_operator', 'example_branch_datetime_operator_3' retrieved from /home/maira/.local/lib/python3.10/site-packages/airflow/example_dags/example_branch_datetime_operator.py
[2024-06-16T21:36:15.079-0300] {logging_mixin.py:188} INFO - [2024-06-16T21:36:15.079-0300] {dag.py:3096} INFO - Sync 3 DAGs
[2024-06-16T21:36:15.095-0300] {logging_mixin.py:188} INFO - [2024-06-16T21:36:15.095-0300] {dag.py:3954} INFO - Setting next_dagrun for example_branch_datetime_operator to 2024-06-16 00:00:00+00:00, run_after=2024-06-17 00:00:00+00:00
[2024-06-16T21:36:15.099-0300] {logging_mixin.py:188} INFO - [2024-06-16T21:36:15.099-0300] {dag.py:3954} INFO - Setting next_dagrun for example_branch_datetime_operator_2 to 2024-06-16 00:00:00+00:00, run_after=2024-06-17 00:00:00+00:00
[2024-06-16T21:36:15.100-0300] {logging_mixin.py:188} INFO - [2024-06-16T21:36:15.100-0300] {dag.py:3954} INFO - Setting next_dagrun for example_branch_datetime_operator_3 to 2024-06-16 00:00:00+00:00, run_after=2024-06-17 00:00:00+00:00
[2024-06-16T21:36:15.125-0300] {processor.py:183} INFO - Processing /home/maira/.local/lib/python3.10/site-packages/airflow/example_dags/example_branch_datetime_operator.py took 0.079 seconds
[2024-06-16T21:37:41.355-0300] {processor.py:161} INFO - Started process (PID=85898) to work on /home/maira/.local/lib/python3.10/site-packages/airflow/example_dags/example_branch_datetime_operator.py
[2024-06-16T21:37:41.470-0300] {processor.py:830} INFO - Processing file /home/maira/.local/lib/python3.10/site-packages/airflow/example_dags/example_branch_datetime_operator.py for tasks to queue
[2024-06-16T21:37:41.471-0300] {logging_mixin.py:188} INFO - [2024-06-16T21:37:41.470-0300] {dagbag.py:545} INFO - Filling up the DagBag from /home/maira/.local/lib/python3.10/site-packages/airflow/example_dags/example_branch_datetime_operator.py
[2024-06-16T21:37:41.482-0300] {processor.py:840} INFO - DAG(s) 'example_branch_datetime_operator_2', 'example_branch_datetime_operator_3', 'example_branch_datetime_operator' retrieved from /home/maira/.local/lib/python3.10/site-packages/airflow/example_dags/example_branch_datetime_operator.py
[2024-06-16T21:37:41.721-0300] {logging_mixin.py:188} INFO - [2024-06-16T21:37:41.721-0300] {dag.py:3096} INFO - Sync 3 DAGs
[2024-06-16T21:37:42.780-0300] {logging_mixin.py:188} INFO - [2024-06-16T21:37:42.780-0300] {dag.py:3954} INFO - Setting next_dagrun for example_branch_datetime_operator to 2024-06-16 00:00:00+00:00, run_after=2024-06-17 00:00:00+00:00
[2024-06-16T21:37:43.140-0300] {logging_mixin.py:188} INFO - [2024-06-16T21:37:43.140-0300] {dag.py:3954} INFO - Setting next_dagrun for example_branch_datetime_operator_2 to 2024-06-16 00:00:00+00:00, run_after=2024-06-17 00:00:00+00:00
[2024-06-16T21:37:43.142-0300] {logging_mixin.py:188} INFO - [2024-06-16T21:37:43.142-0300] {dag.py:3954} INFO - Setting next_dagrun for example_branch_datetime_operator_3 to 2024-06-16 00:00:00+00:00, run_after=2024-06-17 00:00:00+00:00
[2024-06-16T21:37:44.060-0300] {processor.py:183} INFO - Processing /home/maira/.local/lib/python3.10/site-packages/airflow/example_dags/example_branch_datetime_operator.py took 3.425 seconds
[2024-06-16T21:38:39.484-0300] {processor.py:161} INFO - Started process (PID=87570) to work on /home/maira/.local/lib/python3.10/site-packages/airflow/example_dags/example_branch_datetime_operator.py
[2024-06-16T21:38:39.486-0300] {processor.py:830} INFO - Processing file /home/maira/.local/lib/python3.10/site-packages/airflow/example_dags/example_branch_datetime_operator.py for tasks to queue
[2024-06-16T21:38:39.487-0300] {logging_mixin.py:188} INFO - [2024-06-16T21:38:39.486-0300] {dagbag.py:545} INFO - Filling up the DagBag from /home/maira/.local/lib/python3.10/site-packages/airflow/example_dags/example_branch_datetime_operator.py
[2024-06-16T21:38:39.498-0300] {processor.py:840} INFO - DAG(s) 'example_branch_datetime_operator_2', 'example_branch_datetime_operator', 'example_branch_datetime_operator_3' retrieved from /home/maira/.local/lib/python3.10/site-packages/airflow/example_dags/example_branch_datetime_operator.py
[2024-06-16T21:38:39.521-0300] {logging_mixin.py:188} INFO - [2024-06-16T21:38:39.520-0300] {dag.py:3096} INFO - Sync 3 DAGs
[2024-06-16T21:38:39.549-0300] {logging_mixin.py:188} INFO - [2024-06-16T21:38:39.548-0300] {dag.py:3954} INFO - Setting next_dagrun for example_branch_datetime_operator to 2024-06-16 00:00:00+00:00, run_after=2024-06-17 00:00:00+00:00
[2024-06-16T21:38:39.561-0300] {logging_mixin.py:188} INFO - [2024-06-16T21:38:39.560-0300] {dag.py:3954} INFO - Setting next_dagrun for example_branch_datetime_operator_2 to 2024-06-16 00:00:00+00:00, run_after=2024-06-17 00:00:00+00:00
[2024-06-16T21:38:39.564-0300] {logging_mixin.py:188} INFO - [2024-06-16T21:38:39.564-0300] {dag.py:3954} INFO - Setting next_dagrun for example_branch_datetime_operator_3 to 2024-06-16 00:00:00+00:00, run_after=2024-06-17 00:00:00+00:00
[2024-06-16T21:38:39.634-0300] {processor.py:183} INFO - Processing /home/maira/.local/lib/python3.10/site-packages/airflow/example_dags/example_branch_datetime_operator.py took 0.160 seconds
[2024-06-16T21:39:44.149-0300] {processor.py:161} INFO - Started process (PID=92685) to work on /home/maira/.local/lib/python3.10/site-packages/airflow/example_dags/example_branch_datetime_operator.py
[2024-06-16T21:39:44.151-0300] {processor.py:830} INFO - Processing file /home/maira/.local/lib/python3.10/site-packages/airflow/example_dags/example_branch_datetime_operator.py for tasks to queue
[2024-06-16T21:39:44.152-0300] {logging_mixin.py:188} INFO - [2024-06-16T21:39:44.152-0300] {dagbag.py:545} INFO - Filling up the DagBag from /home/maira/.local/lib/python3.10/site-packages/airflow/example_dags/example_branch_datetime_operator.py
[2024-06-16T21:39:44.169-0300] {processor.py:840} INFO - DAG(s) 'example_branch_datetime_operator', 'example_branch_datetime_operator_3', 'example_branch_datetime_operator_2' retrieved from /home/maira/.local/lib/python3.10/site-packages/airflow/example_dags/example_branch_datetime_operator.py
[2024-06-16T21:39:44.200-0300] {logging_mixin.py:188} INFO - [2024-06-16T21:39:44.200-0300] {dag.py:3096} INFO - Sync 3 DAGs
[2024-06-16T21:39:44.230-0300] {logging_mixin.py:188} INFO - [2024-06-16T21:39:44.230-0300] {dag.py:3954} INFO - Setting next_dagrun for example_branch_datetime_operator to 2024-06-16 00:00:00+00:00, run_after=2024-06-17 00:00:00+00:00
[2024-06-16T21:39:44.237-0300] {logging_mixin.py:188} INFO - [2024-06-16T21:39:44.237-0300] {dag.py:3954} INFO - Setting next_dagrun for example_branch_datetime_operator_2 to 2024-06-16 00:00:00+00:00, run_after=2024-06-17 00:00:00+00:00
[2024-06-16T21:39:44.241-0300] {logging_mixin.py:188} INFO - [2024-06-16T21:39:44.240-0300] {dag.py:3954} INFO - Setting next_dagrun for example_branch_datetime_operator_3 to 2024-06-16 00:00:00+00:00, run_after=2024-06-17 00:00:00+00:00
[2024-06-16T21:39:44.278-0300] {processor.py:183} INFO - Processing /home/maira/.local/lib/python3.10/site-packages/airflow/example_dags/example_branch_datetime_operator.py took 0.143 seconds
[2024-06-16T21:40:41.780-0300] {processor.py:161} INFO - Started process (PID=97852) to work on /home/maira/.local/lib/python3.10/site-packages/airflow/example_dags/example_branch_datetime_operator.py
[2024-06-16T21:40:41.783-0300] {processor.py:830} INFO - Processing file /home/maira/.local/lib/python3.10/site-packages/airflow/example_dags/example_branch_datetime_operator.py for tasks to queue
[2024-06-16T21:40:41.786-0300] {logging_mixin.py:188} INFO - [2024-06-16T21:40:41.785-0300] {dagbag.py:545} INFO - Filling up the DagBag from /home/maira/.local/lib/python3.10/site-packages/airflow/example_dags/example_branch_datetime_operator.py
[2024-06-16T21:40:41.808-0300] {processor.py:840} INFO - DAG(s) 'example_branch_datetime_operator_2', 'example_branch_datetime_operator', 'example_branch_datetime_operator_3' retrieved from /home/maira/.local/lib/python3.10/site-packages/airflow/example_dags/example_branch_datetime_operator.py
[2024-06-16T21:40:41.850-0300] {logging_mixin.py:188} INFO - [2024-06-16T21:40:41.849-0300] {dag.py:3096} INFO - Sync 3 DAGs
[2024-06-16T21:40:41.892-0300] {logging_mixin.py:188} INFO - [2024-06-16T21:40:41.891-0300] {dag.py:3954} INFO - Setting next_dagrun for example_branch_datetime_operator to 2024-06-16 00:00:00+00:00, run_after=2024-06-17 00:00:00+00:00
[2024-06-16T21:40:41.900-0300] {logging_mixin.py:188} INFO - [2024-06-16T21:40:41.900-0300] {dag.py:3954} INFO - Setting next_dagrun for example_branch_datetime_operator_2 to 2024-06-16 00:00:00+00:00, run_after=2024-06-17 00:00:00+00:00
[2024-06-16T21:40:41.904-0300] {logging_mixin.py:188} INFO - [2024-06-16T21:40:41.904-0300] {dag.py:3954} INFO - Setting next_dagrun for example_branch_datetime_operator_3 to 2024-06-16 00:00:00+00:00, run_after=2024-06-17 00:00:00+00:00
[2024-06-16T21:40:41.955-0300] {processor.py:183} INFO - Processing /home/maira/.local/lib/python3.10/site-packages/airflow/example_dags/example_branch_datetime_operator.py took 0.186 seconds
[2024-06-16T21:41:37.416-0300] {processor.py:161} INFO - Started process (PID=2673) to work on /home/maira/.local/lib/python3.10/site-packages/airflow/example_dags/example_branch_datetime_operator.py
[2024-06-16T21:41:37.418-0300] {processor.py:830} INFO - Processing file /home/maira/.local/lib/python3.10/site-packages/airflow/example_dags/example_branch_datetime_operator.py for tasks to queue
[2024-06-16T21:41:37.420-0300] {logging_mixin.py:188} INFO - [2024-06-16T21:41:37.419-0300] {dagbag.py:545} INFO - Filling up the DagBag from /home/maira/.local/lib/python3.10/site-packages/airflow/example_dags/example_branch_datetime_operator.py
[2024-06-16T21:41:37.433-0300] {processor.py:840} INFO - DAG(s) 'example_branch_datetime_operator_2', 'example_branch_datetime_operator', 'example_branch_datetime_operator_3' retrieved from /home/maira/.local/lib/python3.10/site-packages/airflow/example_dags/example_branch_datetime_operator.py
[2024-06-16T21:41:37.460-0300] {logging_mixin.py:188} INFO - [2024-06-16T21:41:37.459-0300] {dag.py:3096} INFO - Sync 3 DAGs
[2024-06-16T21:41:37.488-0300] {logging_mixin.py:188} INFO - [2024-06-16T21:41:37.487-0300] {dag.py:3954} INFO - Setting next_dagrun for example_branch_datetime_operator to 2024-06-16 00:00:00+00:00, run_after=2024-06-17 00:00:00+00:00
[2024-06-16T21:41:37.493-0300] {logging_mixin.py:188} INFO - [2024-06-16T21:41:37.493-0300] {dag.py:3954} INFO - Setting next_dagrun for example_branch_datetime_operator_2 to 2024-06-16 00:00:00+00:00, run_after=2024-06-17 00:00:00+00:00
[2024-06-16T21:41:37.496-0300] {logging_mixin.py:188} INFO - [2024-06-16T21:41:37.495-0300] {dag.py:3954} INFO - Setting next_dagrun for example_branch_datetime_operator_3 to 2024-06-16 00:00:00+00:00, run_after=2024-06-17 00:00:00+00:00
[2024-06-16T21:41:37.533-0300] {processor.py:183} INFO - Processing /home/maira/.local/lib/python3.10/site-packages/airflow/example_dags/example_branch_datetime_operator.py took 0.127 seconds
[2024-06-16T21:42:35.375-0300] {processor.py:161} INFO - Started process (PID=7651) to work on /home/maira/.local/lib/python3.10/site-packages/airflow/example_dags/example_branch_datetime_operator.py
[2024-06-16T21:42:35.377-0300] {processor.py:830} INFO - Processing file /home/maira/.local/lib/python3.10/site-packages/airflow/example_dags/example_branch_datetime_operator.py for tasks to queue
[2024-06-16T21:42:35.379-0300] {logging_mixin.py:188} INFO - [2024-06-16T21:42:35.378-0300] {dagbag.py:545} INFO - Filling up the DagBag from /home/maira/.local/lib/python3.10/site-packages/airflow/example_dags/example_branch_datetime_operator.py
[2024-06-16T21:42:35.390-0300] {processor.py:840} INFO - DAG(s) 'example_branch_datetime_operator_2', 'example_branch_datetime_operator', 'example_branch_datetime_operator_3' retrieved from /home/maira/.local/lib/python3.10/site-packages/airflow/example_dags/example_branch_datetime_operator.py
[2024-06-16T21:42:35.419-0300] {logging_mixin.py:188} INFO - [2024-06-16T21:42:35.418-0300] {dag.py:3096} INFO - Sync 3 DAGs
[2024-06-16T21:42:35.442-0300] {logging_mixin.py:188} INFO - [2024-06-16T21:42:35.442-0300] {dag.py:3954} INFO - Setting next_dagrun for example_branch_datetime_operator to 2024-06-16 00:00:00+00:00, run_after=2024-06-17 00:00:00+00:00
[2024-06-16T21:42:35.447-0300] {logging_mixin.py:188} INFO - [2024-06-16T21:42:35.446-0300] {dag.py:3954} INFO - Setting next_dagrun for example_branch_datetime_operator_2 to 2024-06-16 00:00:00+00:00, run_after=2024-06-17 00:00:00+00:00
[2024-06-16T21:42:35.450-0300] {logging_mixin.py:188} INFO - [2024-06-16T21:42:35.450-0300] {dag.py:3954} INFO - Setting next_dagrun for example_branch_datetime_operator_3 to 2024-06-16 00:00:00+00:00, run_after=2024-06-17 00:00:00+00:00
[2024-06-16T21:42:35.481-0300] {processor.py:183} INFO - Processing /home/maira/.local/lib/python3.10/site-packages/airflow/example_dags/example_branch_datetime_operator.py took 0.119 seconds
[2024-06-16T21:43:38.901-0300] {processor.py:161} INFO - Started process (PID=12240) to work on /home/maira/.local/lib/python3.10/site-packages/airflow/example_dags/example_branch_datetime_operator.py
[2024-06-16T21:43:38.903-0300] {processor.py:830} INFO - Processing file /home/maira/.local/lib/python3.10/site-packages/airflow/example_dags/example_branch_datetime_operator.py for tasks to queue
[2024-06-16T21:43:38.904-0300] {logging_mixin.py:188} INFO - [2024-06-16T21:43:38.903-0300] {dagbag.py:545} INFO - Filling up the DagBag from /home/maira/.local/lib/python3.10/site-packages/airflow/example_dags/example_branch_datetime_operator.py
[2024-06-16T21:43:38.918-0300] {processor.py:840} INFO - DAG(s) 'example_branch_datetime_operator_3', 'example_branch_datetime_operator_2', 'example_branch_datetime_operator' retrieved from /home/maira/.local/lib/python3.10/site-packages/airflow/example_dags/example_branch_datetime_operator.py
[2024-06-16T21:43:38.950-0300] {logging_mixin.py:188} INFO - [2024-06-16T21:43:38.949-0300] {dag.py:3096} INFO - Sync 3 DAGs
[2024-06-16T21:43:38.978-0300] {logging_mixin.py:188} INFO - [2024-06-16T21:43:38.978-0300] {dag.py:3954} INFO - Setting next_dagrun for example_branch_datetime_operator to 2024-06-16 00:00:00+00:00, run_after=2024-06-17 00:00:00+00:00
[2024-06-16T21:43:38.983-0300] {logging_mixin.py:188} INFO - [2024-06-16T21:43:38.983-0300] {dag.py:3954} INFO - Setting next_dagrun for example_branch_datetime_operator_2 to 2024-06-16 00:00:00+00:00, run_after=2024-06-17 00:00:00+00:00
[2024-06-16T21:43:38.986-0300] {logging_mixin.py:188} INFO - [2024-06-16T21:43:38.986-0300] {dag.py:3954} INFO - Setting next_dagrun for example_branch_datetime_operator_3 to 2024-06-16 00:00:00+00:00, run_after=2024-06-17 00:00:00+00:00
[2024-06-16T21:43:39.031-0300] {processor.py:183} INFO - Processing /home/maira/.local/lib/python3.10/site-packages/airflow/example_dags/example_branch_datetime_operator.py took 0.142 seconds
[2024-06-16T21:44:46.890-0300] {processor.py:161} INFO - Started process (PID=16350) to work on /home/maira/.local/lib/python3.10/site-packages/airflow/example_dags/example_branch_datetime_operator.py
[2024-06-16T21:44:46.892-0300] {processor.py:830} INFO - Processing file /home/maira/.local/lib/python3.10/site-packages/airflow/example_dags/example_branch_datetime_operator.py for tasks to queue
[2024-06-16T21:44:46.893-0300] {logging_mixin.py:188} INFO - [2024-06-16T21:44:46.892-0300] {dagbag.py:545} INFO - Filling up the DagBag from /home/maira/.local/lib/python3.10/site-packages/airflow/example_dags/example_branch_datetime_operator.py
[2024-06-16T21:44:46.903-0300] {processor.py:840} INFO - DAG(s) 'example_branch_datetime_operator_3', 'example_branch_datetime_operator_2', 'example_branch_datetime_operator' retrieved from /home/maira/.local/lib/python3.10/site-packages/airflow/example_dags/example_branch_datetime_operator.py
[2024-06-16T21:44:46.927-0300] {logging_mixin.py:188} INFO - [2024-06-16T21:44:46.927-0300] {dag.py:3096} INFO - Sync 3 DAGs
[2024-06-16T21:44:46.958-0300] {logging_mixin.py:188} INFO - [2024-06-16T21:44:46.957-0300] {dag.py:3954} INFO - Setting next_dagrun for example_branch_datetime_operator to 2024-06-16 00:00:00+00:00, run_after=2024-06-17 00:00:00+00:00
[2024-06-16T21:44:46.963-0300] {logging_mixin.py:188} INFO - [2024-06-16T21:44:46.963-0300] {dag.py:3954} INFO - Setting next_dagrun for example_branch_datetime_operator_2 to 2024-06-16 00:00:00+00:00, run_after=2024-06-17 00:00:00+00:00
[2024-06-16T21:44:46.967-0300] {logging_mixin.py:188} INFO - [2024-06-16T21:44:46.967-0300] {dag.py:3954} INFO - Setting next_dagrun for example_branch_datetime_operator_3 to 2024-06-16 00:00:00+00:00, run_after=2024-06-17 00:00:00+00:00
[2024-06-16T21:44:46.997-0300] {processor.py:183} INFO - Processing /home/maira/.local/lib/python3.10/site-packages/airflow/example_dags/example_branch_datetime_operator.py took 0.116 seconds
