[2024-06-16T21:32:02.344-0300] {processor.py:161} INFO - Started process (PID=85471) to work on /home/maira/.local/lib/python3.10/site-packages/airflow/example_dags/example_params_ui_tutorial.py
[2024-06-16T21:32:02.345-0300] {processor.py:830} INFO - Processing file /home/maira/.local/lib/python3.10/site-packages/airflow/example_dags/example_params_ui_tutorial.py for tasks to queue
[2024-06-16T21:32:02.345-0300] {logging_mixin.py:188} INFO - [2024-06-16T21:32:02.345-0300] {dagbag.py:545} INFO - Filling up the DagBag from /home/maira/.local/lib/python3.10/site-packages/airflow/example_dags/example_params_ui_tutorial.py
[2024-06-16T21:32:02.383-0300] {processor.py:840} INFO - DAG(s) 'example_params_ui_tutorial' retrieved from /home/maira/.local/lib/python3.10/site-packages/airflow/example_dags/example_params_ui_tutorial.py
[2024-06-16T21:32:02.436-0300] {logging_mixin.py:188} INFO - [2024-06-16T21:32:02.436-0300] {dag.py:3096} INFO - Sync 1 DAGs
[2024-06-16T21:32:02.447-0300] {logging_mixin.py:188} INFO - [2024-06-16T21:32:02.447-0300] {dag.py:3954} INFO - Setting next_dagrun for example_params_ui_tutorial to None, run_after=None
[2024-06-16T21:32:02.474-0300] {processor.py:183} INFO - Processing /home/maira/.local/lib/python3.10/site-packages/airflow/example_dags/example_params_ui_tutorial.py took 0.140 seconds
[2024-06-16T21:32:58.020-0300] {processor.py:161} INFO - Started process (PID=85536) to work on /home/maira/.local/lib/python3.10/site-packages/airflow/example_dags/example_params_ui_tutorial.py
[2024-06-16T21:32:58.023-0300] {processor.py:830} INFO - Processing file /home/maira/.local/lib/python3.10/site-packages/airflow/example_dags/example_params_ui_tutorial.py for tasks to queue
[2024-06-16T21:32:58.024-0300] {logging_mixin.py:188} INFO - [2024-06-16T21:32:58.024-0300] {dagbag.py:545} INFO - Filling up the DagBag from /home/maira/.local/lib/python3.10/site-packages/airflow/example_dags/example_params_ui_tutorial.py
[2024-06-16T21:32:58.034-0300] {processor.py:840} INFO - DAG(s) 'example_params_ui_tutorial' retrieved from /home/maira/.local/lib/python3.10/site-packages/airflow/example_dags/example_params_ui_tutorial.py
[2024-06-16T21:32:58.071-0300] {logging_mixin.py:188} INFO - [2024-06-16T21:32:58.071-0300] {dag.py:3096} INFO - Sync 1 DAGs
[2024-06-16T21:32:58.080-0300] {logging_mixin.py:188} INFO - [2024-06-16T21:32:58.079-0300] {dag.py:3954} INFO - Setting next_dagrun for example_params_ui_tutorial to None, run_after=None
[2024-06-16T21:32:58.109-0300] {processor.py:183} INFO - Processing /home/maira/.local/lib/python3.10/site-packages/airflow/example_dags/example_params_ui_tutorial.py took 0.096 seconds
[2024-06-16T21:33:50.454-0300] {processor.py:161} INFO - Started process (PID=85604) to work on /home/maira/.local/lib/python3.10/site-packages/airflow/example_dags/example_params_ui_tutorial.py
[2024-06-16T21:33:50.456-0300] {processor.py:830} INFO - Processing file /home/maira/.local/lib/python3.10/site-packages/airflow/example_dags/example_params_ui_tutorial.py for tasks to queue
[2024-06-16T21:33:50.458-0300] {logging_mixin.py:188} INFO - [2024-06-16T21:33:50.457-0300] {dagbag.py:545} INFO - Filling up the DagBag from /home/maira/.local/lib/python3.10/site-packages/airflow/example_dags/example_params_ui_tutorial.py
[2024-06-16T21:33:50.466-0300] {processor.py:840} INFO - DAG(s) 'example_params_ui_tutorial' retrieved from /home/maira/.local/lib/python3.10/site-packages/airflow/example_dags/example_params_ui_tutorial.py
[2024-06-16T21:33:50.500-0300] {logging_mixin.py:188} INFO - [2024-06-16T21:33:50.499-0300] {dag.py:3096} INFO - Sync 1 DAGs
[2024-06-16T21:33:50.508-0300] {logging_mixin.py:188} INFO - [2024-06-16T21:33:50.507-0300] {dag.py:3954} INFO - Setting next_dagrun for example_params_ui_tutorial to None, run_after=None
[2024-06-16T21:33:50.529-0300] {processor.py:183} INFO - Processing /home/maira/.local/lib/python3.10/site-packages/airflow/example_dags/example_params_ui_tutorial.py took 0.081 seconds
[2024-06-16T21:34:50.831-0300] {processor.py:161} INFO - Started process (PID=85674) to work on /home/maira/.local/lib/python3.10/site-packages/airflow/example_dags/example_params_ui_tutorial.py
[2024-06-16T21:34:50.832-0300] {processor.py:830} INFO - Processing file /home/maira/.local/lib/python3.10/site-packages/airflow/example_dags/example_params_ui_tutorial.py for tasks to queue
[2024-06-16T21:34:50.833-0300] {logging_mixin.py:188} INFO - [2024-06-16T21:34:50.833-0300] {dagbag.py:545} INFO - Filling up the DagBag from /home/maira/.local/lib/python3.10/site-packages/airflow/example_dags/example_params_ui_tutorial.py
[2024-06-16T21:34:50.842-0300] {processor.py:840} INFO - DAG(s) 'example_params_ui_tutorial' retrieved from /home/maira/.local/lib/python3.10/site-packages/airflow/example_dags/example_params_ui_tutorial.py
[2024-06-16T21:34:50.875-0300] {logging_mixin.py:188} INFO - [2024-06-16T21:34:50.875-0300] {dag.py:3096} INFO - Sync 1 DAGs
[2024-06-16T21:34:50.884-0300] {logging_mixin.py:188} INFO - [2024-06-16T21:34:50.884-0300] {dag.py:3954} INFO - Setting next_dagrun for example_params_ui_tutorial to None, run_after=None
[2024-06-16T21:34:50.910-0300] {processor.py:183} INFO - Processing /home/maira/.local/lib/python3.10/site-packages/airflow/example_dags/example_params_ui_tutorial.py took 0.087 seconds
[2024-06-16T21:35:41.344-0300] {processor.py:161} INFO - Started process (PID=85744) to work on /home/maira/.local/lib/python3.10/site-packages/airflow/example_dags/example_params_ui_tutorial.py
[2024-06-16T21:35:41.345-0300] {processor.py:830} INFO - Processing file /home/maira/.local/lib/python3.10/site-packages/airflow/example_dags/example_params_ui_tutorial.py for tasks to queue
[2024-06-16T21:35:41.346-0300] {logging_mixin.py:188} INFO - [2024-06-16T21:35:41.346-0300] {dagbag.py:545} INFO - Filling up the DagBag from /home/maira/.local/lib/python3.10/site-packages/airflow/example_dags/example_params_ui_tutorial.py
[2024-06-16T21:35:41.355-0300] {processor.py:840} INFO - DAG(s) 'example_params_ui_tutorial' retrieved from /home/maira/.local/lib/python3.10/site-packages/airflow/example_dags/example_params_ui_tutorial.py
[2024-06-16T21:35:41.389-0300] {logging_mixin.py:188} INFO - [2024-06-16T21:35:41.389-0300] {dag.py:3096} INFO - Sync 1 DAGs
[2024-06-16T21:35:41.398-0300] {logging_mixin.py:188} INFO - [2024-06-16T21:35:41.397-0300] {dag.py:3954} INFO - Setting next_dagrun for example_params_ui_tutorial to None, run_after=None
[2024-06-16T21:35:41.420-0300] {processor.py:183} INFO - Processing /home/maira/.local/lib/python3.10/site-packages/airflow/example_dags/example_params_ui_tutorial.py took 0.083 seconds
[2024-06-16T21:36:25.048-0300] {processor.py:161} INFO - Started process (PID=85804) to work on /home/maira/.local/lib/python3.10/site-packages/airflow/example_dags/example_params_ui_tutorial.py
[2024-06-16T21:36:25.050-0300] {processor.py:830} INFO - Processing file /home/maira/.local/lib/python3.10/site-packages/airflow/example_dags/example_params_ui_tutorial.py for tasks to queue
[2024-06-16T21:36:25.051-0300] {logging_mixin.py:188} INFO - [2024-06-16T21:36:25.050-0300] {dagbag.py:545} INFO - Filling up the DagBag from /home/maira/.local/lib/python3.10/site-packages/airflow/example_dags/example_params_ui_tutorial.py
[2024-06-16T21:36:25.060-0300] {processor.py:840} INFO - DAG(s) 'example_params_ui_tutorial' retrieved from /home/maira/.local/lib/python3.10/site-packages/airflow/example_dags/example_params_ui_tutorial.py
[2024-06-16T21:36:25.095-0300] {logging_mixin.py:188} INFO - [2024-06-16T21:36:25.094-0300] {dag.py:3096} INFO - Sync 1 DAGs
[2024-06-16T21:36:25.103-0300] {logging_mixin.py:188} INFO - [2024-06-16T21:36:25.103-0300] {dag.py:3954} INFO - Setting next_dagrun for example_params_ui_tutorial to None, run_after=None
[2024-06-16T21:36:25.124-0300] {processor.py:183} INFO - Processing /home/maira/.local/lib/python3.10/site-packages/airflow/example_dags/example_params_ui_tutorial.py took 0.083 seconds
[2024-06-16T21:37:25.039-0300] {processor.py:161} INFO - Started process (PID=85880) to work on /home/maira/.local/lib/python3.10/site-packages/airflow/example_dags/example_params_ui_tutorial.py
[2024-06-16T21:37:25.041-0300] {processor.py:830} INFO - Processing file /home/maira/.local/lib/python3.10/site-packages/airflow/example_dags/example_params_ui_tutorial.py for tasks to queue
[2024-06-16T21:37:25.046-0300] {logging_mixin.py:188} INFO - [2024-06-16T21:37:25.045-0300] {dagbag.py:545} INFO - Filling up the DagBag from /home/maira/.local/lib/python3.10/site-packages/airflow/example_dags/example_params_ui_tutorial.py
[2024-06-16T21:37:25.060-0300] {processor.py:840} INFO - DAG(s) 'example_params_ui_tutorial' retrieved from /home/maira/.local/lib/python3.10/site-packages/airflow/example_dags/example_params_ui_tutorial.py
[2024-06-16T21:37:25.109-0300] {logging_mixin.py:188} INFO - [2024-06-16T21:37:25.108-0300] {dag.py:3096} INFO - Sync 1 DAGs
[2024-06-16T21:37:25.122-0300] {logging_mixin.py:188} INFO - [2024-06-16T21:37:25.122-0300] {dag.py:3954} INFO - Setting next_dagrun for example_params_ui_tutorial to None, run_after=None
[2024-06-16T21:37:25.155-0300] {processor.py:183} INFO - Processing /home/maira/.local/lib/python3.10/site-packages/airflow/example_dags/example_params_ui_tutorial.py took 0.126 seconds
[2024-06-16T21:38:03.880-0300] {processor.py:161} INFO - Started process (PID=85921) to work on /home/maira/.local/lib/python3.10/site-packages/airflow/example_dags/example_params_ui_tutorial.py
[2024-06-16T21:38:03.881-0300] {processor.py:830} INFO - Processing file /home/maira/.local/lib/python3.10/site-packages/airflow/example_dags/example_params_ui_tutorial.py for tasks to queue
[2024-06-16T21:38:03.882-0300] {logging_mixin.py:188} INFO - [2024-06-16T21:38:03.882-0300] {dagbag.py:545} INFO - Filling up the DagBag from /home/maira/.local/lib/python3.10/site-packages/airflow/example_dags/example_params_ui_tutorial.py
[2024-06-16T21:38:03.899-0300] {processor.py:840} INFO - DAG(s) 'example_params_ui_tutorial' retrieved from /home/maira/.local/lib/python3.10/site-packages/airflow/example_dags/example_params_ui_tutorial.py
[2024-06-16T21:38:03.952-0300] {logging_mixin.py:188} INFO - [2024-06-16T21:38:03.952-0300] {dag.py:3096} INFO - Sync 1 DAGs
[2024-06-16T21:38:03.966-0300] {logging_mixin.py:188} INFO - [2024-06-16T21:38:03.965-0300] {dag.py:3954} INFO - Setting next_dagrun for example_params_ui_tutorial to None, run_after=None
[2024-06-16T21:38:04.006-0300] {processor.py:183} INFO - Processing /home/maira/.local/lib/python3.10/site-packages/airflow/example_dags/example_params_ui_tutorial.py took 0.138 seconds
[2024-06-16T21:38:59.065-0300] {processor.py:161} INFO - Started process (PID=89228) to work on /home/maira/.local/lib/python3.10/site-packages/airflow/example_dags/example_params_ui_tutorial.py
[2024-06-16T21:38:59.067-0300] {processor.py:830} INFO - Processing file /home/maira/.local/lib/python3.10/site-packages/airflow/example_dags/example_params_ui_tutorial.py for tasks to queue
[2024-06-16T21:38:59.068-0300] {logging_mixin.py:188} INFO - [2024-06-16T21:38:59.068-0300] {dagbag.py:545} INFO - Filling up the DagBag from /home/maira/.local/lib/python3.10/site-packages/airflow/example_dags/example_params_ui_tutorial.py
[2024-06-16T21:38:59.079-0300] {processor.py:840} INFO - DAG(s) 'example_params_ui_tutorial' retrieved from /home/maira/.local/lib/python3.10/site-packages/airflow/example_dags/example_params_ui_tutorial.py
[2024-06-16T21:38:59.116-0300] {logging_mixin.py:188} INFO - [2024-06-16T21:38:59.116-0300] {dag.py:3096} INFO - Sync 1 DAGs
[2024-06-16T21:38:59.125-0300] {logging_mixin.py:188} INFO - [2024-06-16T21:38:59.125-0300] {dag.py:3954} INFO - Setting next_dagrun for example_params_ui_tutorial to None, run_after=None
[2024-06-16T21:38:59.152-0300] {processor.py:183} INFO - Processing /home/maira/.local/lib/python3.10/site-packages/airflow/example_dags/example_params_ui_tutorial.py took 0.097 seconds
[2024-06-16T21:40:00.952-0300] {processor.py:161} INFO - Started process (PID=94100) to work on /home/maira/.local/lib/python3.10/site-packages/airflow/example_dags/example_params_ui_tutorial.py
[2024-06-16T21:40:00.953-0300] {processor.py:830} INFO - Processing file /home/maira/.local/lib/python3.10/site-packages/airflow/example_dags/example_params_ui_tutorial.py for tasks to queue
[2024-06-16T21:40:00.954-0300] {logging_mixin.py:188} INFO - [2024-06-16T21:40:00.954-0300] {dagbag.py:545} INFO - Filling up the DagBag from /home/maira/.local/lib/python3.10/site-packages/airflow/example_dags/example_params_ui_tutorial.py
[2024-06-16T21:40:00.967-0300] {processor.py:840} INFO - DAG(s) 'example_params_ui_tutorial' retrieved from /home/maira/.local/lib/python3.10/site-packages/airflow/example_dags/example_params_ui_tutorial.py
[2024-06-16T21:40:01.011-0300] {logging_mixin.py:188} INFO - [2024-06-16T21:40:01.011-0300] {dag.py:3096} INFO - Sync 1 DAGs
[2024-06-16T21:40:01.024-0300] {logging_mixin.py:188} INFO - [2024-06-16T21:40:01.024-0300] {dag.py:3954} INFO - Setting next_dagrun for example_params_ui_tutorial to None, run_after=None
[2024-06-16T21:40:01.055-0300] {processor.py:183} INFO - Processing /home/maira/.local/lib/python3.10/site-packages/airflow/example_dags/example_params_ui_tutorial.py took 0.112 seconds
[2024-06-16T21:40:52.803-0300] {processor.py:161} INFO - Started process (PID=98543) to work on /home/maira/.local/lib/python3.10/site-packages/airflow/example_dags/example_params_ui_tutorial.py
[2024-06-16T21:40:52.804-0300] {processor.py:830} INFO - Processing file /home/maira/.local/lib/python3.10/site-packages/airflow/example_dags/example_params_ui_tutorial.py for tasks to queue
[2024-06-16T21:40:52.806-0300] {logging_mixin.py:188} INFO - [2024-06-16T21:40:52.805-0300] {dagbag.py:545} INFO - Filling up the DagBag from /home/maira/.local/lib/python3.10/site-packages/airflow/example_dags/example_params_ui_tutorial.py
[2024-06-16T21:40:52.822-0300] {processor.py:840} INFO - DAG(s) 'example_params_ui_tutorial' retrieved from /home/maira/.local/lib/python3.10/site-packages/airflow/example_dags/example_params_ui_tutorial.py
[2024-06-16T21:40:52.883-0300] {logging_mixin.py:188} INFO - [2024-06-16T21:40:52.883-0300] {dag.py:3096} INFO - Sync 1 DAGs
[2024-06-16T21:40:52.898-0300] {logging_mixin.py:188} INFO - [2024-06-16T21:40:52.898-0300] {dag.py:3954} INFO - Setting next_dagrun for example_params_ui_tutorial to None, run_after=None
[2024-06-16T21:40:52.928-0300] {processor.py:183} INFO - Processing /home/maira/.local/lib/python3.10/site-packages/airflow/example_dags/example_params_ui_tutorial.py took 0.136 seconds
[2024-06-16T21:41:52.161-0300] {processor.py:161} INFO - Started process (PID=3870) to work on /home/maira/.local/lib/python3.10/site-packages/airflow/example_dags/example_params_ui_tutorial.py
[2024-06-16T21:41:52.163-0300] {processor.py:830} INFO - Processing file /home/maira/.local/lib/python3.10/site-packages/airflow/example_dags/example_params_ui_tutorial.py for tasks to queue
[2024-06-16T21:41:52.163-0300] {logging_mixin.py:188} INFO - [2024-06-16T21:41:52.163-0300] {dagbag.py:545} INFO - Filling up the DagBag from /home/maira/.local/lib/python3.10/site-packages/airflow/example_dags/example_params_ui_tutorial.py
[2024-06-16T21:41:52.175-0300] {processor.py:840} INFO - DAG(s) 'example_params_ui_tutorial' retrieved from /home/maira/.local/lib/python3.10/site-packages/airflow/example_dags/example_params_ui_tutorial.py
[2024-06-16T21:41:52.235-0300] {logging_mixin.py:188} INFO - [2024-06-16T21:41:52.235-0300] {dag.py:3096} INFO - Sync 1 DAGs
[2024-06-16T21:41:52.253-0300] {logging_mixin.py:188} INFO - [2024-06-16T21:41:52.252-0300] {dag.py:3954} INFO - Setting next_dagrun for example_params_ui_tutorial to None, run_after=None
[2024-06-16T21:41:52.288-0300] {processor.py:183} INFO - Processing /home/maira/.local/lib/python3.10/site-packages/airflow/example_dags/example_params_ui_tutorial.py took 0.135 seconds
[2024-06-16T21:42:46.749-0300] {processor.py:161} INFO - Started process (PID=8735) to work on /home/maira/.local/lib/python3.10/site-packages/airflow/example_dags/example_params_ui_tutorial.py
[2024-06-16T21:42:46.751-0300] {processor.py:830} INFO - Processing file /home/maira/.local/lib/python3.10/site-packages/airflow/example_dags/example_params_ui_tutorial.py for tasks to queue
[2024-06-16T21:42:46.753-0300] {logging_mixin.py:188} INFO - [2024-06-16T21:42:46.752-0300] {dagbag.py:545} INFO - Filling up the DagBag from /home/maira/.local/lib/python3.10/site-packages/airflow/example_dags/example_params_ui_tutorial.py
[2024-06-16T21:42:46.771-0300] {processor.py:840} INFO - DAG(s) 'example_params_ui_tutorial' retrieved from /home/maira/.local/lib/python3.10/site-packages/airflow/example_dags/example_params_ui_tutorial.py
[2024-06-16T21:42:46.827-0300] {logging_mixin.py:188} INFO - [2024-06-16T21:42:46.827-0300] {dag.py:3096} INFO - Sync 1 DAGs
[2024-06-16T21:42:46.845-0300] {logging_mixin.py:188} INFO - [2024-06-16T21:42:46.844-0300] {dag.py:3954} INFO - Setting next_dagrun for example_params_ui_tutorial to None, run_after=None
[2024-06-16T21:42:46.889-0300] {processor.py:183} INFO - Processing /home/maira/.local/lib/python3.10/site-packages/airflow/example_dags/example_params_ui_tutorial.py took 0.151 seconds
[2024-06-16T21:44:03.176-0300] {processor.py:161} INFO - Started process (PID=13227) to work on /home/maira/.local/lib/python3.10/site-packages/airflow/example_dags/example_params_ui_tutorial.py
[2024-06-16T21:44:03.179-0300] {processor.py:830} INFO - Processing file /home/maira/.local/lib/python3.10/site-packages/airflow/example_dags/example_params_ui_tutorial.py for tasks to queue
[2024-06-16T21:44:03.180-0300] {logging_mixin.py:188} INFO - [2024-06-16T21:44:03.179-0300] {dagbag.py:545} INFO - Filling up the DagBag from /home/maira/.local/lib/python3.10/site-packages/airflow/example_dags/example_params_ui_tutorial.py
[2024-06-16T21:44:03.195-0300] {processor.py:840} INFO - DAG(s) 'example_params_ui_tutorial' retrieved from /home/maira/.local/lib/python3.10/site-packages/airflow/example_dags/example_params_ui_tutorial.py
[2024-06-16T21:44:03.247-0300] {logging_mixin.py:188} INFO - [2024-06-16T21:44:03.247-0300] {dag.py:3096} INFO - Sync 1 DAGs
[2024-06-16T21:44:03.263-0300] {logging_mixin.py:188} INFO - [2024-06-16T21:44:03.262-0300] {dag.py:3954} INFO - Setting next_dagrun for example_params_ui_tutorial to None, run_after=None
[2024-06-16T21:44:03.310-0300] {processor.py:183} INFO - Processing /home/maira/.local/lib/python3.10/site-packages/airflow/example_dags/example_params_ui_tutorial.py took 0.147 seconds
[2024-06-16T21:45:02.216-0300] {processor.py:161} INFO - Started process (PID=17690) to work on /home/maira/.local/lib/python3.10/site-packages/airflow/example_dags/example_params_ui_tutorial.py
[2024-06-16T21:45:02.219-0300] {processor.py:830} INFO - Processing file /home/maira/.local/lib/python3.10/site-packages/airflow/example_dags/example_params_ui_tutorial.py for tasks to queue
[2024-06-16T21:45:02.223-0300] {logging_mixin.py:188} INFO - [2024-06-16T21:45:02.221-0300] {dagbag.py:545} INFO - Filling up the DagBag from /home/maira/.local/lib/python3.10/site-packages/airflow/example_dags/example_params_ui_tutorial.py
[2024-06-16T21:45:02.250-0300] {processor.py:840} INFO - DAG(s) 'example_params_ui_tutorial' retrieved from /home/maira/.local/lib/python3.10/site-packages/airflow/example_dags/example_params_ui_tutorial.py
[2024-06-16T21:45:02.349-0300] {logging_mixin.py:188} INFO - [2024-06-16T21:45:02.348-0300] {dag.py:3096} INFO - Sync 1 DAGs
[2024-06-16T21:45:02.372-0300] {logging_mixin.py:188} INFO - [2024-06-16T21:45:02.371-0300] {dag.py:3954} INFO - Setting next_dagrun for example_params_ui_tutorial to None, run_after=None
[2024-06-16T21:45:02.426-0300] {processor.py:183} INFO - Processing /home/maira/.local/lib/python3.10/site-packages/airflow/example_dags/example_params_ui_tutorial.py took 0.227 seconds
