[2024-06-16T21:32:50.482-0300] {processor.py:161} INFO - Started process (PID=85528) to work on /home/maira/.local/lib/python3.10/site-packages/airflow/example_dags/example_datasets.py
[2024-06-16T21:32:50.483-0300] {processor.py:830} INFO - Processing file /home/maira/.local/lib/python3.10/site-packages/airflow/example_dags/example_datasets.py for tasks to queue
[2024-06-16T21:32:50.483-0300] {logging_mixin.py:188} INFO - [2024-06-16T21:32:50.483-0300] {dagbag.py:545} INFO - Filling up the DagBag from /home/maira/.local/lib/python3.10/site-packages/airflow/example_dags/example_datasets.py
[2024-06-16T21:32:50.499-0300] {processor.py:840} INFO - DAG(s) 'dataset_consumes_1', 'dataset_consumes_1_and_2', 'dataset_produces_1', 'consume_1_or_both_2_and_3_with_dataset_expressions', 'dataset_consumes_unknown_never_scheduled', 'dataset_consumes_1_never_scheduled', 'consume_1_and_2_with_dataset_expressions', 'consume_1_or_2_with_dataset_expressions', 'conditional_dataset_and_time_based_timetable', 'dataset_produces_2' retrieved from /home/maira/.local/lib/python3.10/site-packages/airflow/example_dags/example_datasets.py
[2024-06-16T21:32:50.539-0300] {logging_mixin.py:188} INFO - [2024-06-16T21:32:50.539-0300] {dag.py:3096} INFO - Sync 10 DAGs
[2024-06-16T21:32:50.556-0300] {logging_mixin.py:188} INFO - [2024-06-16T21:32:50.556-0300] {dag.py:3954} INFO - Setting next_dagrun for conditional_dataset_and_time_based_timetable to 2024-06-12 01:00:00+00:00, run_after=2024-06-12 01:00:00+00:00
[2024-06-16T21:32:50.560-0300] {logging_mixin.py:188} INFO - [2024-06-16T21:32:50.559-0300] {dag.py:3954} INFO - Setting next_dagrun for consume_1_and_2_with_dataset_expressions to None, run_after=None
[2024-06-16T21:32:50.561-0300] {logging_mixin.py:188} INFO - [2024-06-16T21:32:50.560-0300] {dag.py:3954} INFO - Setting next_dagrun for consume_1_or_2_with_dataset_expressions to None, run_after=None
[2024-06-16T21:32:50.562-0300] {logging_mixin.py:188} INFO - [2024-06-16T21:32:50.561-0300] {dag.py:3954} INFO - Setting next_dagrun for consume_1_or_both_2_and_3_with_dataset_expressions to None, run_after=None
[2024-06-16T21:32:50.563-0300] {logging_mixin.py:188} INFO - [2024-06-16T21:32:50.562-0300] {dag.py:3954} INFO - Setting next_dagrun for dataset_consumes_1 to None, run_after=None
[2024-06-16T21:32:50.564-0300] {logging_mixin.py:188} INFO - [2024-06-16T21:32:50.563-0300] {dag.py:3954} INFO - Setting next_dagrun for dataset_consumes_1_and_2 to None, run_after=None
[2024-06-16T21:32:50.565-0300] {logging_mixin.py:188} INFO - [2024-06-16T21:32:50.564-0300] {dag.py:3954} INFO - Setting next_dagrun for dataset_consumes_1_never_scheduled to None, run_after=None
[2024-06-16T21:32:50.566-0300] {logging_mixin.py:188} INFO - [2024-06-16T21:32:50.566-0300] {dag.py:3954} INFO - Setting next_dagrun for dataset_consumes_unknown_never_scheduled to None, run_after=None
[2024-06-16T21:32:50.568-0300] {logging_mixin.py:188} INFO - [2024-06-16T21:32:50.568-0300] {dag.py:3954} INFO - Setting next_dagrun for dataset_produces_1 to 2024-06-16 00:00:00+00:00, run_after=2024-06-17 00:00:00+00:00
[2024-06-16T21:32:50.569-0300] {logging_mixin.py:188} INFO - [2024-06-16T21:32:50.569-0300] {dag.py:3954} INFO - Setting next_dagrun for dataset_produces_2 to None, run_after=None
[2024-06-16T21:32:50.602-0300] {processor.py:183} INFO - Processing /home/maira/.local/lib/python3.10/site-packages/airflow/example_dags/example_datasets.py took 0.128 seconds
[2024-06-16T21:33:44.559-0300] {processor.py:161} INFO - Started process (PID=85598) to work on /home/maira/.local/lib/python3.10/site-packages/airflow/example_dags/example_datasets.py
[2024-06-16T21:33:44.564-0300] {processor.py:830} INFO - Processing file /home/maira/.local/lib/python3.10/site-packages/airflow/example_dags/example_datasets.py for tasks to queue
[2024-06-16T21:33:44.566-0300] {logging_mixin.py:188} INFO - [2024-06-16T21:33:44.565-0300] {dagbag.py:545} INFO - Filling up the DagBag from /home/maira/.local/lib/python3.10/site-packages/airflow/example_dags/example_datasets.py
[2024-06-16T21:33:44.576-0300] {processor.py:840} INFO - DAG(s) 'dataset_produces_1', 'consume_1_and_2_with_dataset_expressions', 'dataset_consumes_1_and_2', 'consume_1_or_2_with_dataset_expressions', 'consume_1_or_both_2_and_3_with_dataset_expressions', 'conditional_dataset_and_time_based_timetable', 'dataset_consumes_unknown_never_scheduled', 'dataset_consumes_1', 'dataset_consumes_1_never_scheduled', 'dataset_produces_2' retrieved from /home/maira/.local/lib/python3.10/site-packages/airflow/example_dags/example_datasets.py
[2024-06-16T21:33:44.608-0300] {logging_mixin.py:188} INFO - [2024-06-16T21:33:44.608-0300] {dag.py:3096} INFO - Sync 10 DAGs
[2024-06-16T21:33:44.625-0300] {logging_mixin.py:188} INFO - [2024-06-16T21:33:44.625-0300] {dag.py:3954} INFO - Setting next_dagrun for conditional_dataset_and_time_based_timetable to 2024-06-12 01:00:00+00:00, run_after=2024-06-12 01:00:00+00:00
[2024-06-16T21:33:44.628-0300] {logging_mixin.py:188} INFO - [2024-06-16T21:33:44.628-0300] {dag.py:3954} INFO - Setting next_dagrun for consume_1_and_2_with_dataset_expressions to None, run_after=None
[2024-06-16T21:33:44.629-0300] {logging_mixin.py:188} INFO - [2024-06-16T21:33:44.629-0300] {dag.py:3954} INFO - Setting next_dagrun for consume_1_or_2_with_dataset_expressions to None, run_after=None
[2024-06-16T21:33:44.630-0300] {logging_mixin.py:188} INFO - [2024-06-16T21:33:44.630-0300] {dag.py:3954} INFO - Setting next_dagrun for consume_1_or_both_2_and_3_with_dataset_expressions to None, run_after=None
[2024-06-16T21:33:44.632-0300] {logging_mixin.py:188} INFO - [2024-06-16T21:33:44.631-0300] {dag.py:3954} INFO - Setting next_dagrun for dataset_consumes_1 to None, run_after=None
[2024-06-16T21:33:44.633-0300] {logging_mixin.py:188} INFO - [2024-06-16T21:33:44.633-0300] {dag.py:3954} INFO - Setting next_dagrun for dataset_consumes_1_and_2 to None, run_after=None
[2024-06-16T21:33:44.634-0300] {logging_mixin.py:188} INFO - [2024-06-16T21:33:44.634-0300] {dag.py:3954} INFO - Setting next_dagrun for dataset_consumes_1_never_scheduled to None, run_after=None
[2024-06-16T21:33:44.635-0300] {logging_mixin.py:188} INFO - [2024-06-16T21:33:44.635-0300] {dag.py:3954} INFO - Setting next_dagrun for dataset_consumes_unknown_never_scheduled to None, run_after=None
[2024-06-16T21:33:44.637-0300] {logging_mixin.py:188} INFO - [2024-06-16T21:33:44.637-0300] {dag.py:3954} INFO - Setting next_dagrun for dataset_produces_1 to 2024-06-16 00:00:00+00:00, run_after=2024-06-17 00:00:00+00:00
[2024-06-16T21:33:44.639-0300] {logging_mixin.py:188} INFO - [2024-06-16T21:33:44.638-0300] {dag.py:3954} INFO - Setting next_dagrun for dataset_produces_2 to None, run_after=None
[2024-06-16T21:33:44.674-0300] {processor.py:183} INFO - Processing /home/maira/.local/lib/python3.10/site-packages/airflow/example_dags/example_datasets.py took 0.122 seconds
[2024-06-16T21:34:42.965-0300] {processor.py:161} INFO - Started process (PID=85666) to work on /home/maira/.local/lib/python3.10/site-packages/airflow/example_dags/example_datasets.py
[2024-06-16T21:34:42.968-0300] {processor.py:830} INFO - Processing file /home/maira/.local/lib/python3.10/site-packages/airflow/example_dags/example_datasets.py for tasks to queue
[2024-06-16T21:34:42.969-0300] {logging_mixin.py:188} INFO - [2024-06-16T21:34:42.969-0300] {dagbag.py:545} INFO - Filling up the DagBag from /home/maira/.local/lib/python3.10/site-packages/airflow/example_dags/example_datasets.py
[2024-06-16T21:34:42.979-0300] {processor.py:840} INFO - DAG(s) 'dataset_produces_2', 'dataset_consumes_1_never_scheduled', 'dataset_consumes_1_and_2', 'consume_1_or_both_2_and_3_with_dataset_expressions', 'dataset_produces_1', 'conditional_dataset_and_time_based_timetable', 'dataset_consumes_1', 'consume_1_or_2_with_dataset_expressions', 'dataset_consumes_unknown_never_scheduled', 'consume_1_and_2_with_dataset_expressions' retrieved from /home/maira/.local/lib/python3.10/site-packages/airflow/example_dags/example_datasets.py
[2024-06-16T21:34:43.009-0300] {logging_mixin.py:188} INFO - [2024-06-16T21:34:43.009-0300] {dag.py:3096} INFO - Sync 10 DAGs
[2024-06-16T21:34:43.025-0300] {logging_mixin.py:188} INFO - [2024-06-16T21:34:43.025-0300] {dag.py:3954} INFO - Setting next_dagrun for conditional_dataset_and_time_based_timetable to 2024-06-12 01:00:00+00:00, run_after=2024-06-12 01:00:00+00:00
[2024-06-16T21:34:43.028-0300] {logging_mixin.py:188} INFO - [2024-06-16T21:34:43.028-0300] {dag.py:3954} INFO - Setting next_dagrun for consume_1_and_2_with_dataset_expressions to None, run_after=None
[2024-06-16T21:34:43.029-0300] {logging_mixin.py:188} INFO - [2024-06-16T21:34:43.029-0300] {dag.py:3954} INFO - Setting next_dagrun for consume_1_or_2_with_dataset_expressions to None, run_after=None
[2024-06-16T21:34:43.029-0300] {logging_mixin.py:188} INFO - [2024-06-16T21:34:43.029-0300] {dag.py:3954} INFO - Setting next_dagrun for consume_1_or_both_2_and_3_with_dataset_expressions to None, run_after=None
[2024-06-16T21:34:43.030-0300] {logging_mixin.py:188} INFO - [2024-06-16T21:34:43.030-0300] {dag.py:3954} INFO - Setting next_dagrun for dataset_consumes_1 to None, run_after=None
[2024-06-16T21:34:43.031-0300] {logging_mixin.py:188} INFO - [2024-06-16T21:34:43.031-0300] {dag.py:3954} INFO - Setting next_dagrun for dataset_consumes_1_and_2 to None, run_after=None
[2024-06-16T21:34:43.032-0300] {logging_mixin.py:188} INFO - [2024-06-16T21:34:43.032-0300] {dag.py:3954} INFO - Setting next_dagrun for dataset_consumes_1_never_scheduled to None, run_after=None
[2024-06-16T21:34:43.033-0300] {logging_mixin.py:188} INFO - [2024-06-16T21:34:43.033-0300] {dag.py:3954} INFO - Setting next_dagrun for dataset_consumes_unknown_never_scheduled to None, run_after=None
[2024-06-16T21:34:43.035-0300] {logging_mixin.py:188} INFO - [2024-06-16T21:34:43.035-0300] {dag.py:3954} INFO - Setting next_dagrun for dataset_produces_1 to 2024-06-16 00:00:00+00:00, run_after=2024-06-17 00:00:00+00:00
[2024-06-16T21:34:43.037-0300] {logging_mixin.py:188} INFO - [2024-06-16T21:34:43.036-0300] {dag.py:3954} INFO - Setting next_dagrun for dataset_produces_2 to None, run_after=None
[2024-06-16T21:34:43.078-0300] {processor.py:183} INFO - Processing /home/maira/.local/lib/python3.10/site-packages/airflow/example_dags/example_datasets.py took 0.119 seconds
[2024-06-16T21:35:54.669-0300] {processor.py:161} INFO - Started process (PID=85759) to work on /home/maira/.local/lib/python3.10/site-packages/airflow/example_dags/example_datasets.py
[2024-06-16T21:35:54.671-0300] {processor.py:830} INFO - Processing file /home/maira/.local/lib/python3.10/site-packages/airflow/example_dags/example_datasets.py for tasks to queue
[2024-06-16T21:35:54.672-0300] {logging_mixin.py:188} INFO - [2024-06-16T21:35:54.672-0300] {dagbag.py:545} INFO - Filling up the DagBag from /home/maira/.local/lib/python3.10/site-packages/airflow/example_dags/example_datasets.py
[2024-06-16T21:35:54.685-0300] {processor.py:840} INFO - DAG(s) 'dataset_consumes_1_never_scheduled', 'dataset_produces_1', 'dataset_consumes_1_and_2', 'consume_1_and_2_with_dataset_expressions', 'consume_1_or_both_2_and_3_with_dataset_expressions', 'consume_1_or_2_with_dataset_expressions', 'conditional_dataset_and_time_based_timetable', 'dataset_consumes_unknown_never_scheduled', 'dataset_produces_2', 'dataset_consumes_1' retrieved from /home/maira/.local/lib/python3.10/site-packages/airflow/example_dags/example_datasets.py
[2024-06-16T21:35:54.726-0300] {logging_mixin.py:188} INFO - [2024-06-16T21:35:54.725-0300] {dag.py:3096} INFO - Sync 10 DAGs
[2024-06-16T21:35:54.760-0300] {logging_mixin.py:188} INFO - [2024-06-16T21:35:54.760-0300] {dag.py:3954} INFO - Setting next_dagrun for conditional_dataset_and_time_based_timetable to 2024-06-12 01:00:00+00:00, run_after=2024-06-12 01:00:00+00:00
[2024-06-16T21:35:54.763-0300] {logging_mixin.py:188} INFO - [2024-06-16T21:35:54.763-0300] {dag.py:3954} INFO - Setting next_dagrun for consume_1_and_2_with_dataset_expressions to None, run_after=None
[2024-06-16T21:35:54.764-0300] {logging_mixin.py:188} INFO - [2024-06-16T21:35:54.764-0300] {dag.py:3954} INFO - Setting next_dagrun for consume_1_or_2_with_dataset_expressions to None, run_after=None
[2024-06-16T21:35:54.765-0300] {logging_mixin.py:188} INFO - [2024-06-16T21:35:54.765-0300] {dag.py:3954} INFO - Setting next_dagrun for consume_1_or_both_2_and_3_with_dataset_expressions to None, run_after=None
[2024-06-16T21:35:54.766-0300] {logging_mixin.py:188} INFO - [2024-06-16T21:35:54.766-0300] {dag.py:3954} INFO - Setting next_dagrun for dataset_consumes_1 to None, run_after=None
[2024-06-16T21:35:54.767-0300] {logging_mixin.py:188} INFO - [2024-06-16T21:35:54.767-0300] {dag.py:3954} INFO - Setting next_dagrun for dataset_consumes_1_and_2 to None, run_after=None
[2024-06-16T21:35:54.768-0300] {logging_mixin.py:188} INFO - [2024-06-16T21:35:54.768-0300] {dag.py:3954} INFO - Setting next_dagrun for dataset_consumes_1_never_scheduled to None, run_after=None
[2024-06-16T21:35:54.769-0300] {logging_mixin.py:188} INFO - [2024-06-16T21:35:54.768-0300] {dag.py:3954} INFO - Setting next_dagrun for dataset_consumes_unknown_never_scheduled to None, run_after=None
[2024-06-16T21:35:54.770-0300] {logging_mixin.py:188} INFO - [2024-06-16T21:35:54.770-0300] {dag.py:3954} INFO - Setting next_dagrun for dataset_produces_1 to 2024-06-16 00:00:00+00:00, run_after=2024-06-17 00:00:00+00:00
[2024-06-16T21:35:54.772-0300] {logging_mixin.py:188} INFO - [2024-06-16T21:35:54.771-0300] {dag.py:3954} INFO - Setting next_dagrun for dataset_produces_2 to None, run_after=None
[2024-06-16T21:35:54.805-0300] {processor.py:183} INFO - Processing /home/maira/.local/lib/python3.10/site-packages/airflow/example_dags/example_datasets.py took 0.145 seconds
[2024-06-16T21:37:14.469-0300] {processor.py:161} INFO - Started process (PID=85869) to work on /home/maira/.local/lib/python3.10/site-packages/airflow/example_dags/example_datasets.py
[2024-06-16T21:37:14.470-0300] {processor.py:830} INFO - Processing file /home/maira/.local/lib/python3.10/site-packages/airflow/example_dags/example_datasets.py for tasks to queue
[2024-06-16T21:37:14.471-0300] {logging_mixin.py:188} INFO - [2024-06-16T21:37:14.471-0300] {dagbag.py:545} INFO - Filling up the DagBag from /home/maira/.local/lib/python3.10/site-packages/airflow/example_dags/example_datasets.py
[2024-06-16T21:37:14.487-0300] {processor.py:840} INFO - DAG(s) 'consume_1_or_both_2_and_3_with_dataset_expressions', 'dataset_consumes_unknown_never_scheduled', 'dataset_produces_1', 'dataset_consumes_1_never_scheduled', 'consume_1_and_2_with_dataset_expressions', 'dataset_consumes_1_and_2', 'conditional_dataset_and_time_based_timetable', 'dataset_consumes_1', 'dataset_produces_2', 'consume_1_or_2_with_dataset_expressions' retrieved from /home/maira/.local/lib/python3.10/site-packages/airflow/example_dags/example_datasets.py
[2024-06-16T21:37:14.526-0300] {logging_mixin.py:188} INFO - [2024-06-16T21:37:14.526-0300] {dag.py:3096} INFO - Sync 10 DAGs
[2024-06-16T21:37:14.547-0300] {logging_mixin.py:188} INFO - [2024-06-16T21:37:14.547-0300] {dag.py:3954} INFO - Setting next_dagrun for conditional_dataset_and_time_based_timetable to 2024-06-12 01:00:00+00:00, run_after=2024-06-12 01:00:00+00:00
[2024-06-16T21:37:14.550-0300] {logging_mixin.py:188} INFO - [2024-06-16T21:37:14.549-0300] {dag.py:3954} INFO - Setting next_dagrun for consume_1_and_2_with_dataset_expressions to None, run_after=None
[2024-06-16T21:37:14.551-0300] {logging_mixin.py:188} INFO - [2024-06-16T21:37:14.550-0300] {dag.py:3954} INFO - Setting next_dagrun for consume_1_or_2_with_dataset_expressions to None, run_after=None
[2024-06-16T21:37:14.551-0300] {logging_mixin.py:188} INFO - [2024-06-16T21:37:14.551-0300] {dag.py:3954} INFO - Setting next_dagrun for consume_1_or_both_2_and_3_with_dataset_expressions to None, run_after=None
[2024-06-16T21:37:14.552-0300] {logging_mixin.py:188} INFO - [2024-06-16T21:37:14.552-0300] {dag.py:3954} INFO - Setting next_dagrun for dataset_consumes_1 to None, run_after=None
[2024-06-16T21:37:14.553-0300] {logging_mixin.py:188} INFO - [2024-06-16T21:37:14.553-0300] {dag.py:3954} INFO - Setting next_dagrun for dataset_consumes_1_and_2 to None, run_after=None
[2024-06-16T21:37:14.554-0300] {logging_mixin.py:188} INFO - [2024-06-16T21:37:14.554-0300] {dag.py:3954} INFO - Setting next_dagrun for dataset_consumes_1_never_scheduled to None, run_after=None
[2024-06-16T21:37:14.555-0300] {logging_mixin.py:188} INFO - [2024-06-16T21:37:14.555-0300] {dag.py:3954} INFO - Setting next_dagrun for dataset_consumes_unknown_never_scheduled to None, run_after=None
[2024-06-16T21:37:14.558-0300] {logging_mixin.py:188} INFO - [2024-06-16T21:37:14.557-0300] {dag.py:3954} INFO - Setting next_dagrun for dataset_produces_1 to 2024-06-16 00:00:00+00:00, run_after=2024-06-17 00:00:00+00:00
[2024-06-16T21:37:14.559-0300] {logging_mixin.py:188} INFO - [2024-06-16T21:37:14.559-0300] {dag.py:3954} INFO - Setting next_dagrun for dataset_produces_2 to None, run_after=None
[2024-06-16T21:37:14.599-0300] {processor.py:183} INFO - Processing /home/maira/.local/lib/python3.10/site-packages/airflow/example_dags/example_datasets.py took 0.143 seconds
[2024-06-16T21:38:23.257-0300] {processor.py:161} INFO - Started process (PID=86455) to work on /home/maira/.local/lib/python3.10/site-packages/airflow/example_dags/example_datasets.py
[2024-06-16T21:38:23.259-0300] {processor.py:830} INFO - Processing file /home/maira/.local/lib/python3.10/site-packages/airflow/example_dags/example_datasets.py for tasks to queue
[2024-06-16T21:38:23.260-0300] {logging_mixin.py:188} INFO - [2024-06-16T21:38:23.259-0300] {dagbag.py:545} INFO - Filling up the DagBag from /home/maira/.local/lib/python3.10/site-packages/airflow/example_dags/example_datasets.py
[2024-06-16T21:38:23.272-0300] {processor.py:840} INFO - DAG(s) 'dataset_produces_1', 'dataset_consumes_1_and_2', 'conditional_dataset_and_time_based_timetable', 'consume_1_or_2_with_dataset_expressions', 'consume_1_and_2_with_dataset_expressions', 'dataset_produces_2', 'dataset_consumes_unknown_never_scheduled', 'consume_1_or_both_2_and_3_with_dataset_expressions', 'dataset_consumes_1', 'dataset_consumes_1_never_scheduled' retrieved from /home/maira/.local/lib/python3.10/site-packages/airflow/example_dags/example_datasets.py
[2024-06-16T21:38:23.310-0300] {logging_mixin.py:188} INFO - [2024-06-16T21:38:23.310-0300] {dag.py:3096} INFO - Sync 10 DAGs
[2024-06-16T21:38:23.332-0300] {logging_mixin.py:188} INFO - [2024-06-16T21:38:23.332-0300] {dag.py:3954} INFO - Setting next_dagrun for conditional_dataset_and_time_based_timetable to 2024-06-12 01:00:00+00:00, run_after=2024-06-12 01:00:00+00:00
[2024-06-16T21:38:23.335-0300] {logging_mixin.py:188} INFO - [2024-06-16T21:38:23.335-0300] {dag.py:3954} INFO - Setting next_dagrun for consume_1_and_2_with_dataset_expressions to None, run_after=None
[2024-06-16T21:38:23.336-0300] {logging_mixin.py:188} INFO - [2024-06-16T21:38:23.336-0300] {dag.py:3954} INFO - Setting next_dagrun for consume_1_or_2_with_dataset_expressions to None, run_after=None
[2024-06-16T21:38:23.337-0300] {logging_mixin.py:188} INFO - [2024-06-16T21:38:23.337-0300] {dag.py:3954} INFO - Setting next_dagrun for consume_1_or_both_2_and_3_with_dataset_expressions to None, run_after=None
[2024-06-16T21:38:23.339-0300] {logging_mixin.py:188} INFO - [2024-06-16T21:38:23.338-0300] {dag.py:3954} INFO - Setting next_dagrun for dataset_consumes_1 to None, run_after=None
[2024-06-16T21:38:23.340-0300] {logging_mixin.py:188} INFO - [2024-06-16T21:38:23.339-0300] {dag.py:3954} INFO - Setting next_dagrun for dataset_consumes_1_and_2 to None, run_after=None
[2024-06-16T21:38:23.341-0300] {logging_mixin.py:188} INFO - [2024-06-16T21:38:23.341-0300] {dag.py:3954} INFO - Setting next_dagrun for dataset_consumes_1_never_scheduled to None, run_after=None
[2024-06-16T21:38:23.342-0300] {logging_mixin.py:188} INFO - [2024-06-16T21:38:23.342-0300] {dag.py:3954} INFO - Setting next_dagrun for dataset_consumes_unknown_never_scheduled to None, run_after=None
[2024-06-16T21:38:23.345-0300] {logging_mixin.py:188} INFO - [2024-06-16T21:38:23.344-0300] {dag.py:3954} INFO - Setting next_dagrun for dataset_produces_1 to 2024-06-16 00:00:00+00:00, run_after=2024-06-17 00:00:00+00:00
[2024-06-16T21:38:23.347-0300] {logging_mixin.py:188} INFO - [2024-06-16T21:38:23.346-0300] {dag.py:3954} INFO - Setting next_dagrun for dataset_produces_2 to None, run_after=None
[2024-06-16T21:38:23.393-0300] {processor.py:183} INFO - Processing /home/maira/.local/lib/python3.10/site-packages/airflow/example_dags/example_datasets.py took 0.143 seconds
[2024-06-16T21:39:25.895-0300] {processor.py:161} INFO - Started process (PID=91503) to work on /home/maira/.local/lib/python3.10/site-packages/airflow/example_dags/example_datasets.py
[2024-06-16T21:39:26.037-0300] {processor.py:830} INFO - Processing file /home/maira/.local/lib/python3.10/site-packages/airflow/example_dags/example_datasets.py for tasks to queue
[2024-06-16T21:39:26.038-0300] {logging_mixin.py:188} INFO - [2024-06-16T21:39:26.038-0300] {dagbag.py:545} INFO - Filling up the DagBag from /home/maira/.local/lib/python3.10/site-packages/airflow/example_dags/example_datasets.py
[2024-06-16T21:39:26.054-0300] {processor.py:840} INFO - DAG(s) 'consume_1_and_2_with_dataset_expressions', 'conditional_dataset_and_time_based_timetable', 'dataset_consumes_unknown_never_scheduled', 'consume_1_or_both_2_and_3_with_dataset_expressions', 'dataset_consumes_1', 'dataset_consumes_1_never_scheduled', 'dataset_consumes_1_and_2', 'dataset_produces_1', 'dataset_produces_2', 'consume_1_or_2_with_dataset_expressions' retrieved from /home/maira/.local/lib/python3.10/site-packages/airflow/example_dags/example_datasets.py
[2024-06-16T21:39:26.086-0300] {logging_mixin.py:188} INFO - [2024-06-16T21:39:26.086-0300] {dag.py:3096} INFO - Sync 10 DAGs
[2024-06-16T21:39:26.103-0300] {logging_mixin.py:188} INFO - [2024-06-16T21:39:26.102-0300] {dag.py:3954} INFO - Setting next_dagrun for conditional_dataset_and_time_based_timetable to 2024-06-12 01:00:00+00:00, run_after=2024-06-12 01:00:00+00:00
[2024-06-16T21:39:26.105-0300] {logging_mixin.py:188} INFO - [2024-06-16T21:39:26.105-0300] {dag.py:3954} INFO - Setting next_dagrun for consume_1_and_2_with_dataset_expressions to None, run_after=None
[2024-06-16T21:39:26.107-0300] {logging_mixin.py:188} INFO - [2024-06-16T21:39:26.106-0300] {dag.py:3954} INFO - Setting next_dagrun for consume_1_or_2_with_dataset_expressions to None, run_after=None
[2024-06-16T21:39:26.108-0300] {logging_mixin.py:188} INFO - [2024-06-16T21:39:26.107-0300] {dag.py:3954} INFO - Setting next_dagrun for consume_1_or_both_2_and_3_with_dataset_expressions to None, run_after=None
[2024-06-16T21:39:26.108-0300] {logging_mixin.py:188} INFO - [2024-06-16T21:39:26.108-0300] {dag.py:3954} INFO - Setting next_dagrun for dataset_consumes_1 to None, run_after=None
[2024-06-16T21:39:26.109-0300] {logging_mixin.py:188} INFO - [2024-06-16T21:39:26.109-0300] {dag.py:3954} INFO - Setting next_dagrun for dataset_consumes_1_and_2 to None, run_after=None
[2024-06-16T21:39:26.110-0300] {logging_mixin.py:188} INFO - [2024-06-16T21:39:26.110-0300] {dag.py:3954} INFO - Setting next_dagrun for dataset_consumes_1_never_scheduled to None, run_after=None
[2024-06-16T21:39:26.111-0300] {logging_mixin.py:188} INFO - [2024-06-16T21:39:26.111-0300] {dag.py:3954} INFO - Setting next_dagrun for dataset_consumes_unknown_never_scheduled to None, run_after=None
[2024-06-16T21:39:26.113-0300] {logging_mixin.py:188} INFO - [2024-06-16T21:39:26.112-0300] {dag.py:3954} INFO - Setting next_dagrun for dataset_produces_1 to 2024-06-16 00:00:00+00:00, run_after=2024-06-17 00:00:00+00:00
[2024-06-16T21:39:26.113-0300] {logging_mixin.py:188} INFO - [2024-06-16T21:39:26.113-0300] {dag.py:3954} INFO - Setting next_dagrun for dataset_produces_2 to None, run_after=None
[2024-06-16T21:39:27.461-0300] {processor.py:183} INFO - Processing /home/maira/.local/lib/python3.10/site-packages/airflow/example_dags/example_datasets.py took 1.573 seconds
[2024-06-16T21:40:23.293-0300] {processor.py:161} INFO - Started process (PID=96439) to work on /home/maira/.local/lib/python3.10/site-packages/airflow/example_dags/example_datasets.py
[2024-06-16T21:40:23.294-0300] {processor.py:830} INFO - Processing file /home/maira/.local/lib/python3.10/site-packages/airflow/example_dags/example_datasets.py for tasks to queue
[2024-06-16T21:40:23.295-0300] {logging_mixin.py:188} INFO - [2024-06-16T21:40:23.295-0300] {dagbag.py:545} INFO - Filling up the DagBag from /home/maira/.local/lib/python3.10/site-packages/airflow/example_dags/example_datasets.py
[2024-06-16T21:40:23.311-0300] {processor.py:840} INFO - DAG(s) 'dataset_consumes_unknown_never_scheduled', 'dataset_consumes_1_and_2', 'conditional_dataset_and_time_based_timetable', 'dataset_produces_1', 'dataset_produces_2', 'consume_1_and_2_with_dataset_expressions', 'consume_1_or_2_with_dataset_expressions', 'consume_1_or_both_2_and_3_with_dataset_expressions', 'dataset_consumes_1_never_scheduled', 'dataset_consumes_1' retrieved from /home/maira/.local/lib/python3.10/site-packages/airflow/example_dags/example_datasets.py
[2024-06-16T21:40:23.367-0300] {logging_mixin.py:188} INFO - [2024-06-16T21:40:23.367-0300] {dag.py:3096} INFO - Sync 10 DAGs
[2024-06-16T21:40:23.394-0300] {logging_mixin.py:188} INFO - [2024-06-16T21:40:23.393-0300] {dag.py:3954} INFO - Setting next_dagrun for conditional_dataset_and_time_based_timetable to 2024-06-12 01:00:00+00:00, run_after=2024-06-12 01:00:00+00:00
[2024-06-16T21:40:23.404-0300] {logging_mixin.py:188} INFO - [2024-06-16T21:40:23.403-0300] {dag.py:3954} INFO - Setting next_dagrun for consume_1_and_2_with_dataset_expressions to None, run_after=None
[2024-06-16T21:40:23.406-0300] {logging_mixin.py:188} INFO - [2024-06-16T21:40:23.406-0300] {dag.py:3954} INFO - Setting next_dagrun for consume_1_or_2_with_dataset_expressions to None, run_after=None
[2024-06-16T21:40:23.408-0300] {logging_mixin.py:188} INFO - [2024-06-16T21:40:23.408-0300] {dag.py:3954} INFO - Setting next_dagrun for consume_1_or_both_2_and_3_with_dataset_expressions to None, run_after=None
[2024-06-16T21:40:23.409-0300] {logging_mixin.py:188} INFO - [2024-06-16T21:40:23.409-0300] {dag.py:3954} INFO - Setting next_dagrun for dataset_consumes_1 to None, run_after=None
[2024-06-16T21:40:23.411-0300] {logging_mixin.py:188} INFO - [2024-06-16T21:40:23.410-0300] {dag.py:3954} INFO - Setting next_dagrun for dataset_consumes_1_and_2 to None, run_after=None
[2024-06-16T21:40:23.413-0300] {logging_mixin.py:188} INFO - [2024-06-16T21:40:23.413-0300] {dag.py:3954} INFO - Setting next_dagrun for dataset_consumes_1_never_scheduled to None, run_after=None
[2024-06-16T21:40:23.416-0300] {logging_mixin.py:188} INFO - [2024-06-16T21:40:23.415-0300] {dag.py:3954} INFO - Setting next_dagrun for dataset_consumes_unknown_never_scheduled to None, run_after=None
[2024-06-16T21:40:23.421-0300] {logging_mixin.py:188} INFO - [2024-06-16T21:40:23.420-0300] {dag.py:3954} INFO - Setting next_dagrun for dataset_produces_1 to 2024-06-16 00:00:00+00:00, run_after=2024-06-17 00:00:00+00:00
[2024-06-16T21:40:23.423-0300] {logging_mixin.py:188} INFO - [2024-06-16T21:40:23.422-0300] {dag.py:3954} INFO - Setting next_dagrun for dataset_produces_2 to None, run_after=None
[2024-06-16T21:40:23.475-0300] {processor.py:183} INFO - Processing /home/maira/.local/lib/python3.10/site-packages/airflow/example_dags/example_datasets.py took 0.191 seconds
[2024-06-16T21:41:50.299-0300] {processor.py:161} INFO - Started process (PID=3721) to work on /home/maira/.local/lib/python3.10/site-packages/airflow/example_dags/example_datasets.py
[2024-06-16T21:41:50.301-0300] {processor.py:830} INFO - Processing file /home/maira/.local/lib/python3.10/site-packages/airflow/example_dags/example_datasets.py for tasks to queue
[2024-06-16T21:41:50.302-0300] {logging_mixin.py:188} INFO - [2024-06-16T21:41:50.302-0300] {dagbag.py:545} INFO - Filling up the DagBag from /home/maira/.local/lib/python3.10/site-packages/airflow/example_dags/example_datasets.py
[2024-06-16T21:41:50.320-0300] {processor.py:840} INFO - DAG(s) 'dataset_produces_1', 'consume_1_or_both_2_and_3_with_dataset_expressions', 'dataset_consumes_1', 'dataset_consumes_1_and_2', 'dataset_consumes_unknown_never_scheduled', 'dataset_produces_2', 'consume_1_or_2_with_dataset_expressions', 'consume_1_and_2_with_dataset_expressions', 'conditional_dataset_and_time_based_timetable', 'dataset_consumes_1_never_scheduled' retrieved from /home/maira/.local/lib/python3.10/site-packages/airflow/example_dags/example_datasets.py
[2024-06-16T21:41:50.367-0300] {logging_mixin.py:188} INFO - [2024-06-16T21:41:50.367-0300] {dag.py:3096} INFO - Sync 10 DAGs
[2024-06-16T21:41:50.392-0300] {logging_mixin.py:188} INFO - [2024-06-16T21:41:50.392-0300] {dag.py:3954} INFO - Setting next_dagrun for conditional_dataset_and_time_based_timetable to 2024-06-12 01:00:00+00:00, run_after=2024-06-12 01:00:00+00:00
[2024-06-16T21:41:50.396-0300] {logging_mixin.py:188} INFO - [2024-06-16T21:41:50.396-0300] {dag.py:3954} INFO - Setting next_dagrun for consume_1_and_2_with_dataset_expressions to None, run_after=None
[2024-06-16T21:41:50.398-0300] {logging_mixin.py:188} INFO - [2024-06-16T21:41:50.398-0300] {dag.py:3954} INFO - Setting next_dagrun for consume_1_or_2_with_dataset_expressions to None, run_after=None
[2024-06-16T21:41:50.400-0300] {logging_mixin.py:188} INFO - [2024-06-16T21:41:50.399-0300] {dag.py:3954} INFO - Setting next_dagrun for consume_1_or_both_2_and_3_with_dataset_expressions to None, run_after=None
[2024-06-16T21:41:50.401-0300] {logging_mixin.py:188} INFO - [2024-06-16T21:41:50.401-0300] {dag.py:3954} INFO - Setting next_dagrun for dataset_consumes_1 to None, run_after=None
[2024-06-16T21:41:50.403-0300] {logging_mixin.py:188} INFO - [2024-06-16T21:41:50.402-0300] {dag.py:3954} INFO - Setting next_dagrun for dataset_consumes_1_and_2 to None, run_after=None
[2024-06-16T21:41:50.404-0300] {logging_mixin.py:188} INFO - [2024-06-16T21:41:50.404-0300] {dag.py:3954} INFO - Setting next_dagrun for dataset_consumes_1_never_scheduled to None, run_after=None
[2024-06-16T21:41:50.406-0300] {logging_mixin.py:188} INFO - [2024-06-16T21:41:50.405-0300] {dag.py:3954} INFO - Setting next_dagrun for dataset_consumes_unknown_never_scheduled to None, run_after=None
[2024-06-16T21:41:50.409-0300] {logging_mixin.py:188} INFO - [2024-06-16T21:41:50.408-0300] {dag.py:3954} INFO - Setting next_dagrun for dataset_produces_1 to 2024-06-16 00:00:00+00:00, run_after=2024-06-17 00:00:00+00:00
[2024-06-16T21:41:50.410-0300] {logging_mixin.py:188} INFO - [2024-06-16T21:41:50.410-0300] {dag.py:3954} INFO - Setting next_dagrun for dataset_produces_2 to None, run_after=None
[2024-06-16T21:41:50.465-0300] {processor.py:183} INFO - Processing /home/maira/.local/lib/python3.10/site-packages/airflow/example_dags/example_datasets.py took 0.175 seconds
[2024-06-16T21:43:15.564-0300] {processor.py:161} INFO - Started process (PID=10554) to work on /home/maira/.local/lib/python3.10/site-packages/airflow/example_dags/example_datasets.py
[2024-06-16T21:43:15.566-0300] {processor.py:830} INFO - Processing file /home/maira/.local/lib/python3.10/site-packages/airflow/example_dags/example_datasets.py for tasks to queue
[2024-06-16T21:43:15.568-0300] {logging_mixin.py:188} INFO - [2024-06-16T21:43:15.567-0300] {dagbag.py:545} INFO - Filling up the DagBag from /home/maira/.local/lib/python3.10/site-packages/airflow/example_dags/example_datasets.py
[2024-06-16T21:43:15.592-0300] {processor.py:840} INFO - DAG(s) 'dataset_consumes_1_never_scheduled', 'consume_1_and_2_with_dataset_expressions', 'dataset_consumes_1', 'dataset_produces_2', 'dataset_consumes_unknown_never_scheduled', 'dataset_consumes_1_and_2', 'dataset_produces_1', 'conditional_dataset_and_time_based_timetable', 'consume_1_or_2_with_dataset_expressions', 'consume_1_or_both_2_and_3_with_dataset_expressions' retrieved from /home/maira/.local/lib/python3.10/site-packages/airflow/example_dags/example_datasets.py
[2024-06-16T21:43:15.665-0300] {logging_mixin.py:188} INFO - [2024-06-16T21:43:15.664-0300] {dag.py:3096} INFO - Sync 10 DAGs
[2024-06-16T21:43:15.704-0300] {logging_mixin.py:188} INFO - [2024-06-16T21:43:15.704-0300] {dag.py:3954} INFO - Setting next_dagrun for conditional_dataset_and_time_based_timetable to 2024-06-12 01:00:00+00:00, run_after=2024-06-12 01:00:00+00:00
[2024-06-16T21:43:15.710-0300] {logging_mixin.py:188} INFO - [2024-06-16T21:43:15.710-0300] {dag.py:3954} INFO - Setting next_dagrun for consume_1_and_2_with_dataset_expressions to None, run_after=None
[2024-06-16T21:43:15.713-0300] {logging_mixin.py:188} INFO - [2024-06-16T21:43:15.712-0300] {dag.py:3954} INFO - Setting next_dagrun for consume_1_or_2_with_dataset_expressions to None, run_after=None
[2024-06-16T21:43:15.715-0300] {logging_mixin.py:188} INFO - [2024-06-16T21:43:15.714-0300] {dag.py:3954} INFO - Setting next_dagrun for consume_1_or_both_2_and_3_with_dataset_expressions to None, run_after=None
[2024-06-16T21:43:15.718-0300] {logging_mixin.py:188} INFO - [2024-06-16T21:43:15.717-0300] {dag.py:3954} INFO - Setting next_dagrun for dataset_consumes_1 to None, run_after=None
[2024-06-16T21:43:15.722-0300] {logging_mixin.py:188} INFO - [2024-06-16T21:43:15.721-0300] {dag.py:3954} INFO - Setting next_dagrun for dataset_consumes_1_and_2 to None, run_after=None
[2024-06-16T21:43:15.725-0300] {logging_mixin.py:188} INFO - [2024-06-16T21:43:15.724-0300] {dag.py:3954} INFO - Setting next_dagrun for dataset_consumes_1_never_scheduled to None, run_after=None
[2024-06-16T21:43:15.728-0300] {logging_mixin.py:188} INFO - [2024-06-16T21:43:15.727-0300] {dag.py:3954} INFO - Setting next_dagrun for dataset_consumes_unknown_never_scheduled to None, run_after=None
[2024-06-16T21:43:15.733-0300] {logging_mixin.py:188} INFO - [2024-06-16T21:43:15.733-0300] {dag.py:3954} INFO - Setting next_dagrun for dataset_produces_1 to 2024-06-16 00:00:00+00:00, run_after=2024-06-17 00:00:00+00:00
[2024-06-16T21:43:15.737-0300] {logging_mixin.py:188} INFO - [2024-06-16T21:43:15.736-0300] {dag.py:3954} INFO - Setting next_dagrun for dataset_produces_2 to None, run_after=None
[2024-06-16T21:43:15.820-0300] {processor.py:183} INFO - Processing /home/maira/.local/lib/python3.10/site-packages/airflow/example_dags/example_datasets.py took 0.265 seconds
[2024-06-16T21:44:31.859-0300] {processor.py:161} INFO - Started process (PID=15165) to work on /home/maira/.local/lib/python3.10/site-packages/airflow/example_dags/example_datasets.py
[2024-06-16T21:44:31.861-0300] {processor.py:830} INFO - Processing file /home/maira/.local/lib/python3.10/site-packages/airflow/example_dags/example_datasets.py for tasks to queue
[2024-06-16T21:44:31.862-0300] {logging_mixin.py:188} INFO - [2024-06-16T21:44:31.862-0300] {dagbag.py:545} INFO - Filling up the DagBag from /home/maira/.local/lib/python3.10/site-packages/airflow/example_dags/example_datasets.py
[2024-06-16T21:44:31.877-0300] {processor.py:840} INFO - DAG(s) 'consume_1_and_2_with_dataset_expressions', 'conditional_dataset_and_time_based_timetable', 'dataset_consumes_1', 'dataset_produces_1', 'consume_1_or_both_2_and_3_with_dataset_expressions', 'dataset_consumes_1_never_scheduled', 'dataset_consumes_unknown_never_scheduled', 'dataset_consumes_1_and_2', 'consume_1_or_2_with_dataset_expressions', 'dataset_produces_2' retrieved from /home/maira/.local/lib/python3.10/site-packages/airflow/example_dags/example_datasets.py
[2024-06-16T21:44:31.936-0300] {logging_mixin.py:188} INFO - [2024-06-16T21:44:31.936-0300] {dag.py:3096} INFO - Sync 10 DAGs
[2024-06-16T21:44:31.973-0300] {logging_mixin.py:188} INFO - [2024-06-16T21:44:31.972-0300] {dag.py:3954} INFO - Setting next_dagrun for conditional_dataset_and_time_based_timetable to 2024-06-12 01:00:00+00:00, run_after=2024-06-12 01:00:00+00:00
[2024-06-16T21:44:31.979-0300] {logging_mixin.py:188} INFO - [2024-06-16T21:44:31.978-0300] {dag.py:3954} INFO - Setting next_dagrun for consume_1_and_2_with_dataset_expressions to None, run_after=None
[2024-06-16T21:44:31.981-0300] {logging_mixin.py:188} INFO - [2024-06-16T21:44:31.980-0300] {dag.py:3954} INFO - Setting next_dagrun for consume_1_or_2_with_dataset_expressions to None, run_after=None
[2024-06-16T21:44:31.983-0300] {logging_mixin.py:188} INFO - [2024-06-16T21:44:31.983-0300] {dag.py:3954} INFO - Setting next_dagrun for consume_1_or_both_2_and_3_with_dataset_expressions to None, run_after=None
[2024-06-16T21:44:31.986-0300] {logging_mixin.py:188} INFO - [2024-06-16T21:44:31.985-0300] {dag.py:3954} INFO - Setting next_dagrun for dataset_consumes_1 to None, run_after=None
[2024-06-16T21:44:31.988-0300] {logging_mixin.py:188} INFO - [2024-06-16T21:44:31.987-0300] {dag.py:3954} INFO - Setting next_dagrun for dataset_consumes_1_and_2 to None, run_after=None
[2024-06-16T21:44:31.991-0300] {logging_mixin.py:188} INFO - [2024-06-16T21:44:31.990-0300] {dag.py:3954} INFO - Setting next_dagrun for dataset_consumes_1_never_scheduled to None, run_after=None
[2024-06-16T21:44:31.993-0300] {logging_mixin.py:188} INFO - [2024-06-16T21:44:31.993-0300] {dag.py:3954} INFO - Setting next_dagrun for dataset_consumes_unknown_never_scheduled to None, run_after=None
[2024-06-16T21:44:31.997-0300] {logging_mixin.py:188} INFO - [2024-06-16T21:44:31.997-0300] {dag.py:3954} INFO - Setting next_dagrun for dataset_produces_1 to 2024-06-16 00:00:00+00:00, run_after=2024-06-17 00:00:00+00:00
[2024-06-16T21:44:31.999-0300] {logging_mixin.py:188} INFO - [2024-06-16T21:44:31.999-0300] {dag.py:3954} INFO - Setting next_dagrun for dataset_produces_2 to None, run_after=None
[2024-06-16T21:44:32.046-0300] {processor.py:183} INFO - Processing /home/maira/.local/lib/python3.10/site-packages/airflow/example_dags/example_datasets.py took 0.198 seconds
