[2024-06-16T21:32:10.146-0300] {processor.py:161} INFO - Started process (PID=85478) to work on /home/maira/.local/lib/python3.10/site-packages/airflow/example_dags/example_skip_dag.py
[2024-06-16T21:32:10.146-0300] {processor.py:830} INFO - Processing file /home/maira/.local/lib/python3.10/site-packages/airflow/example_dags/example_skip_dag.py for tasks to queue
[2024-06-16T21:32:10.147-0300] {logging_mixin.py:188} INFO - [2024-06-16T21:32:10.147-0300] {dagbag.py:545} INFO - Filling up the DagBag from /home/maira/.local/lib/python3.10/site-packages/airflow/example_dags/example_skip_dag.py
[2024-06-16T21:32:10.154-0300] {processor.py:840} INFO - DAG(s) 'example_skip_dag' retrieved from /home/maira/.local/lib/python3.10/site-packages/airflow/example_dags/example_skip_dag.py
[2024-06-16T21:32:10.171-0300] {logging_mixin.py:188} INFO - [2024-06-16T21:32:10.170-0300] {dag.py:3096} INFO - Sync 1 DAGs
[2024-06-16T21:32:10.188-0300] {logging_mixin.py:188} INFO - [2024-06-16T21:32:10.188-0300] {dag.py:3954} INFO - Setting next_dagrun for example_skip_dag to 2024-06-16 00:00:00+00:00, run_after=2024-06-17 00:00:00+00:00
[2024-06-16T21:32:10.215-0300] {processor.py:183} INFO - Processing /home/maira/.local/lib/python3.10/site-packages/airflow/example_dags/example_skip_dag.py took 0.080 seconds
[2024-06-16T21:33:04.866-0300] {processor.py:161} INFO - Started process (PID=85543) to work on /home/maira/.local/lib/python3.10/site-packages/airflow/example_dags/example_skip_dag.py
[2024-06-16T21:33:04.868-0300] {processor.py:830} INFO - Processing file /home/maira/.local/lib/python3.10/site-packages/airflow/example_dags/example_skip_dag.py for tasks to queue
[2024-06-16T21:33:04.868-0300] {logging_mixin.py:188} INFO - [2024-06-16T21:33:04.868-0300] {dagbag.py:545} INFO - Filling up the DagBag from /home/maira/.local/lib/python3.10/site-packages/airflow/example_dags/example_skip_dag.py
[2024-06-16T21:33:04.874-0300] {processor.py:840} INFO - DAG(s) 'example_skip_dag' retrieved from /home/maira/.local/lib/python3.10/site-packages/airflow/example_dags/example_skip_dag.py
[2024-06-16T21:33:04.888-0300] {logging_mixin.py:188} INFO - [2024-06-16T21:33:04.888-0300] {dag.py:3096} INFO - Sync 1 DAGs
[2024-06-16T21:33:04.903-0300] {logging_mixin.py:188} INFO - [2024-06-16T21:33:04.903-0300] {dag.py:3954} INFO - Setting next_dagrun for example_skip_dag to 2024-06-16 00:00:00+00:00, run_after=2024-06-17 00:00:00+00:00
[2024-06-16T21:33:04.926-0300] {processor.py:183} INFO - Processing /home/maira/.local/lib/python3.10/site-packages/airflow/example_dags/example_skip_dag.py took 0.067 seconds
[2024-06-16T21:33:58.105-0300] {processor.py:161} INFO - Started process (PID=85612) to work on /home/maira/.local/lib/python3.10/site-packages/airflow/example_dags/example_skip_dag.py
[2024-06-16T21:33:58.107-0300] {processor.py:830} INFO - Processing file /home/maira/.local/lib/python3.10/site-packages/airflow/example_dags/example_skip_dag.py for tasks to queue
[2024-06-16T21:33:58.108-0300] {logging_mixin.py:188} INFO - [2024-06-16T21:33:58.108-0300] {dagbag.py:545} INFO - Filling up the DagBag from /home/maira/.local/lib/python3.10/site-packages/airflow/example_dags/example_skip_dag.py
[2024-06-16T21:33:58.113-0300] {processor.py:840} INFO - DAG(s) 'example_skip_dag' retrieved from /home/maira/.local/lib/python3.10/site-packages/airflow/example_dags/example_skip_dag.py
[2024-06-16T21:33:58.127-0300] {logging_mixin.py:188} INFO - [2024-06-16T21:33:58.126-0300] {dag.py:3096} INFO - Sync 1 DAGs
[2024-06-16T21:33:58.142-0300] {logging_mixin.py:188} INFO - [2024-06-16T21:33:58.142-0300] {dag.py:3954} INFO - Setting next_dagrun for example_skip_dag to 2024-06-16 00:00:00+00:00, run_after=2024-06-17 00:00:00+00:00
[2024-06-16T21:33:58.167-0300] {processor.py:183} INFO - Processing /home/maira/.local/lib/python3.10/site-packages/airflow/example_dags/example_skip_dag.py took 0.069 seconds
[2024-06-16T21:34:58.278-0300] {processor.py:161} INFO - Started process (PID=85682) to work on /home/maira/.local/lib/python3.10/site-packages/airflow/example_dags/example_skip_dag.py
[2024-06-16T21:34:58.280-0300] {processor.py:830} INFO - Processing file /home/maira/.local/lib/python3.10/site-packages/airflow/example_dags/example_skip_dag.py for tasks to queue
[2024-06-16T21:34:58.281-0300] {logging_mixin.py:188} INFO - [2024-06-16T21:34:58.280-0300] {dagbag.py:545} INFO - Filling up the DagBag from /home/maira/.local/lib/python3.10/site-packages/airflow/example_dags/example_skip_dag.py
[2024-06-16T21:34:58.288-0300] {processor.py:840} INFO - DAG(s) 'example_skip_dag' retrieved from /home/maira/.local/lib/python3.10/site-packages/airflow/example_dags/example_skip_dag.py
[2024-06-16T21:34:58.308-0300] {logging_mixin.py:188} INFO - [2024-06-16T21:34:58.307-0300] {dag.py:3096} INFO - Sync 1 DAGs
[2024-06-16T21:34:58.326-0300] {logging_mixin.py:188} INFO - [2024-06-16T21:34:58.326-0300] {dag.py:3954} INFO - Setting next_dagrun for example_skip_dag to 2024-06-16 00:00:00+00:00, run_after=2024-06-17 00:00:00+00:00
[2024-06-16T21:34:58.354-0300] {processor.py:183} INFO - Processing /home/maira/.local/lib/python3.10/site-packages/airflow/example_dags/example_skip_dag.py took 0.087 seconds
[2024-06-16T21:35:48.138-0300] {processor.py:161} INFO - Started process (PID=85751) to work on /home/maira/.local/lib/python3.10/site-packages/airflow/example_dags/example_skip_dag.py
[2024-06-16T21:35:48.140-0300] {processor.py:830} INFO - Processing file /home/maira/.local/lib/python3.10/site-packages/airflow/example_dags/example_skip_dag.py for tasks to queue
[2024-06-16T21:35:48.141-0300] {logging_mixin.py:188} INFO - [2024-06-16T21:35:48.140-0300] {dagbag.py:545} INFO - Filling up the DagBag from /home/maira/.local/lib/python3.10/site-packages/airflow/example_dags/example_skip_dag.py
[2024-06-16T21:35:48.147-0300] {processor.py:840} INFO - DAG(s) 'example_skip_dag' retrieved from /home/maira/.local/lib/python3.10/site-packages/airflow/example_dags/example_skip_dag.py
[2024-06-16T21:35:48.162-0300] {logging_mixin.py:188} INFO - [2024-06-16T21:35:48.161-0300] {dag.py:3096} INFO - Sync 1 DAGs
[2024-06-16T21:35:48.180-0300] {logging_mixin.py:188} INFO - [2024-06-16T21:35:48.179-0300] {dag.py:3954} INFO - Setting next_dagrun for example_skip_dag to 2024-06-16 00:00:00+00:00, run_after=2024-06-17 00:00:00+00:00
[2024-06-16T21:35:48.215-0300] {processor.py:183} INFO - Processing /home/maira/.local/lib/python3.10/site-packages/airflow/example_dags/example_skip_dag.py took 0.088 seconds
[2024-06-16T21:36:32.917-0300] {processor.py:161} INFO - Started process (PID=85811) to work on /home/maira/.local/lib/python3.10/site-packages/airflow/example_dags/example_skip_dag.py
[2024-06-16T21:36:32.918-0300] {processor.py:830} INFO - Processing file /home/maira/.local/lib/python3.10/site-packages/airflow/example_dags/example_skip_dag.py for tasks to queue
[2024-06-16T21:36:32.920-0300] {logging_mixin.py:188} INFO - [2024-06-16T21:36:32.919-0300] {dagbag.py:545} INFO - Filling up the DagBag from /home/maira/.local/lib/python3.10/site-packages/airflow/example_dags/example_skip_dag.py
[2024-06-16T21:36:32.926-0300] {processor.py:840} INFO - DAG(s) 'example_skip_dag' retrieved from /home/maira/.local/lib/python3.10/site-packages/airflow/example_dags/example_skip_dag.py
[2024-06-16T21:36:32.940-0300] {logging_mixin.py:188} INFO - [2024-06-16T21:36:32.940-0300] {dag.py:3096} INFO - Sync 1 DAGs
[2024-06-16T21:36:32.954-0300] {logging_mixin.py:188} INFO - [2024-06-16T21:36:32.954-0300] {dag.py:3954} INFO - Setting next_dagrun for example_skip_dag to 2024-06-16 00:00:00+00:00, run_after=2024-06-17 00:00:00+00:00
[2024-06-16T21:36:32.979-0300] {processor.py:183} INFO - Processing /home/maira/.local/lib/python3.10/site-packages/airflow/example_dags/example_skip_dag.py took 0.070 seconds
[2024-06-16T21:37:32.548-0300] {processor.py:161} INFO - Started process (PID=85890) to work on /home/maira/.local/lib/python3.10/site-packages/airflow/example_dags/example_skip_dag.py
[2024-06-16T21:37:32.550-0300] {processor.py:830} INFO - Processing file /home/maira/.local/lib/python3.10/site-packages/airflow/example_dags/example_skip_dag.py for tasks to queue
[2024-06-16T21:37:32.552-0300] {logging_mixin.py:188} INFO - [2024-06-16T21:37:32.551-0300] {dagbag.py:545} INFO - Filling up the DagBag from /home/maira/.local/lib/python3.10/site-packages/airflow/example_dags/example_skip_dag.py
[2024-06-16T21:37:32.564-0300] {processor.py:840} INFO - DAG(s) 'example_skip_dag' retrieved from /home/maira/.local/lib/python3.10/site-packages/airflow/example_dags/example_skip_dag.py
[2024-06-16T21:37:32.591-0300] {logging_mixin.py:188} INFO - [2024-06-16T21:37:32.591-0300] {dag.py:3096} INFO - Sync 1 DAGs
[2024-06-16T21:37:32.624-0300] {logging_mixin.py:188} INFO - [2024-06-16T21:37:32.624-0300] {dag.py:3954} INFO - Setting next_dagrun for example_skip_dag to 2024-06-16 00:00:00+00:00, run_after=2024-06-17 00:00:00+00:00
[2024-06-16T21:37:32.689-0300] {processor.py:183} INFO - Processing /home/maira/.local/lib/python3.10/site-packages/airflow/example_dags/example_skip_dag.py took 0.157 seconds
[2024-06-16T21:38:30.575-0300] {processor.py:161} INFO - Started process (PID=86839) to work on /home/maira/.local/lib/python3.10/site-packages/airflow/example_dags/example_skip_dag.py
[2024-06-16T21:38:30.577-0300] {processor.py:830} INFO - Processing file /home/maira/.local/lib/python3.10/site-packages/airflow/example_dags/example_skip_dag.py for tasks to queue
[2024-06-16T21:38:30.578-0300] {logging_mixin.py:188} INFO - [2024-06-16T21:38:30.578-0300] {dagbag.py:545} INFO - Filling up the DagBag from /home/maira/.local/lib/python3.10/site-packages/airflow/example_dags/example_skip_dag.py
[2024-06-16T21:38:30.584-0300] {processor.py:840} INFO - DAG(s) 'example_skip_dag' retrieved from /home/maira/.local/lib/python3.10/site-packages/airflow/example_dags/example_skip_dag.py
[2024-06-16T21:38:30.599-0300] {logging_mixin.py:188} INFO - [2024-06-16T21:38:30.599-0300] {dag.py:3096} INFO - Sync 1 DAGs
[2024-06-16T21:38:30.618-0300] {logging_mixin.py:188} INFO - [2024-06-16T21:38:30.618-0300] {dag.py:3954} INFO - Setting next_dagrun for example_skip_dag to 2024-06-16 00:00:00+00:00, run_after=2024-06-17 00:00:00+00:00
[2024-06-16T21:38:30.644-0300] {processor.py:183} INFO - Processing /home/maira/.local/lib/python3.10/site-packages/airflow/example_dags/example_skip_dag.py took 0.076 seconds
[2024-06-16T21:39:36.015-0300] {processor.py:161} INFO - Started process (PID=92026) to work on /home/maira/.local/lib/python3.10/site-packages/airflow/example_dags/example_skip_dag.py
[2024-06-16T21:39:36.016-0300] {processor.py:830} INFO - Processing file /home/maira/.local/lib/python3.10/site-packages/airflow/example_dags/example_skip_dag.py for tasks to queue
[2024-06-16T21:39:36.018-0300] {logging_mixin.py:188} INFO - [2024-06-16T21:39:36.017-0300] {dagbag.py:545} INFO - Filling up the DagBag from /home/maira/.local/lib/python3.10/site-packages/airflow/example_dags/example_skip_dag.py
[2024-06-16T21:39:36.024-0300] {processor.py:840} INFO - DAG(s) 'example_skip_dag' retrieved from /home/maira/.local/lib/python3.10/site-packages/airflow/example_dags/example_skip_dag.py
[2024-06-16T21:39:36.049-0300] {logging_mixin.py:188} INFO - [2024-06-16T21:39:36.048-0300] {dag.py:3096} INFO - Sync 1 DAGs
[2024-06-16T21:39:36.076-0300] {logging_mixin.py:188} INFO - [2024-06-16T21:39:36.076-0300] {dag.py:3954} INFO - Setting next_dagrun for example_skip_dag to 2024-06-16 00:00:00+00:00, run_after=2024-06-17 00:00:00+00:00
[2024-06-16T21:39:36.109-0300] {processor.py:183} INFO - Processing /home/maira/.local/lib/python3.10/site-packages/airflow/example_dags/example_skip_dag.py took 0.102 seconds
[2024-06-16T21:40:32.767-0300] {processor.py:161} INFO - Started process (PID=97254) to work on /home/maira/.local/lib/python3.10/site-packages/airflow/example_dags/example_skip_dag.py
[2024-06-16T21:40:32.769-0300] {processor.py:830} INFO - Processing file /home/maira/.local/lib/python3.10/site-packages/airflow/example_dags/example_skip_dag.py for tasks to queue
[2024-06-16T21:40:32.771-0300] {logging_mixin.py:188} INFO - [2024-06-16T21:40:32.770-0300] {dagbag.py:545} INFO - Filling up the DagBag from /home/maira/.local/lib/python3.10/site-packages/airflow/example_dags/example_skip_dag.py
[2024-06-16T21:40:32.790-0300] {processor.py:840} INFO - DAG(s) 'example_skip_dag' retrieved from /home/maira/.local/lib/python3.10/site-packages/airflow/example_dags/example_skip_dag.py
[2024-06-16T21:40:32.841-0300] {logging_mixin.py:188} INFO - [2024-06-16T21:40:32.841-0300] {dag.py:3096} INFO - Sync 1 DAGs
[2024-06-16T21:40:32.886-0300] {logging_mixin.py:188} INFO - [2024-06-16T21:40:32.885-0300] {dag.py:3954} INFO - Setting next_dagrun for example_skip_dag to 2024-06-16 00:00:00+00:00, run_after=2024-06-17 00:00:00+00:00
[2024-06-16T21:40:32.943-0300] {processor.py:183} INFO - Processing /home/maira/.local/lib/python3.10/site-packages/airflow/example_dags/example_skip_dag.py took 0.193 seconds
[2024-06-16T21:41:28.558-0300] {processor.py:161} INFO - Started process (PID=1952) to work on /home/maira/.local/lib/python3.10/site-packages/airflow/example_dags/example_skip_dag.py
[2024-06-16T21:41:28.560-0300] {processor.py:830} INFO - Processing file /home/maira/.local/lib/python3.10/site-packages/airflow/example_dags/example_skip_dag.py for tasks to queue
[2024-06-16T21:41:28.561-0300] {logging_mixin.py:188} INFO - [2024-06-16T21:41:28.560-0300] {dagbag.py:545} INFO - Filling up the DagBag from /home/maira/.local/lib/python3.10/site-packages/airflow/example_dags/example_skip_dag.py
[2024-06-16T21:41:28.570-0300] {processor.py:840} INFO - DAG(s) 'example_skip_dag' retrieved from /home/maira/.local/lib/python3.10/site-packages/airflow/example_dags/example_skip_dag.py
[2024-06-16T21:41:28.591-0300] {logging_mixin.py:188} INFO - [2024-06-16T21:41:28.591-0300] {dag.py:3096} INFO - Sync 1 DAGs
[2024-06-16T21:41:28.617-0300] {logging_mixin.py:188} INFO - [2024-06-16T21:41:28.616-0300] {dag.py:3954} INFO - Setting next_dagrun for example_skip_dag to 2024-06-16 00:00:00+00:00, run_after=2024-06-17 00:00:00+00:00
[2024-06-16T21:41:28.652-0300] {processor.py:183} INFO - Processing /home/maira/.local/lib/python3.10/site-packages/airflow/example_dags/example_skip_dag.py took 0.105 seconds
[2024-06-16T21:42:26.386-0300] {processor.py:161} INFO - Started process (PID=6566) to work on /home/maira/.local/lib/python3.10/site-packages/airflow/example_dags/example_skip_dag.py
[2024-06-16T21:42:26.388-0300] {processor.py:830} INFO - Processing file /home/maira/.local/lib/python3.10/site-packages/airflow/example_dags/example_skip_dag.py for tasks to queue
[2024-06-16T21:42:26.390-0300] {logging_mixin.py:188} INFO - [2024-06-16T21:42:26.389-0300] {dagbag.py:545} INFO - Filling up the DagBag from /home/maira/.local/lib/python3.10/site-packages/airflow/example_dags/example_skip_dag.py
[2024-06-16T21:42:26.396-0300] {processor.py:840} INFO - DAG(s) 'example_skip_dag' retrieved from /home/maira/.local/lib/python3.10/site-packages/airflow/example_dags/example_skip_dag.py
[2024-06-16T21:42:26.414-0300] {logging_mixin.py:188} INFO - [2024-06-16T21:42:26.413-0300] {dag.py:3096} INFO - Sync 1 DAGs
[2024-06-16T21:42:26.437-0300] {logging_mixin.py:188} INFO - [2024-06-16T21:42:26.437-0300] {dag.py:3954} INFO - Setting next_dagrun for example_skip_dag to 2024-06-16 00:00:00+00:00, run_after=2024-06-17 00:00:00+00:00
[2024-06-16T21:42:26.477-0300] {processor.py:183} INFO - Processing /home/maira/.local/lib/python3.10/site-packages/airflow/example_dags/example_skip_dag.py took 0.099 seconds
[2024-06-16T21:43:27.545-0300] {processor.py:161} INFO - Started process (PID=11722) to work on /home/maira/.local/lib/python3.10/site-packages/airflow/example_dags/example_skip_dag.py
[2024-06-16T21:43:27.606-0300] {processor.py:830} INFO - Processing file /home/maira/.local/lib/python3.10/site-packages/airflow/example_dags/example_skip_dag.py for tasks to queue
[2024-06-16T21:43:27.607-0300] {logging_mixin.py:188} INFO - [2024-06-16T21:43:27.607-0300] {dagbag.py:545} INFO - Filling up the DagBag from /home/maira/.local/lib/python3.10/site-packages/airflow/example_dags/example_skip_dag.py
[2024-06-16T21:43:27.614-0300] {processor.py:840} INFO - DAG(s) 'example_skip_dag' retrieved from /home/maira/.local/lib/python3.10/site-packages/airflow/example_dags/example_skip_dag.py
[2024-06-16T21:43:27.627-0300] {logging_mixin.py:188} INFO - [2024-06-16T21:43:27.627-0300] {dag.py:3096} INFO - Sync 1 DAGs
[2024-06-16T21:43:27.642-0300] {logging_mixin.py:188} INFO - [2024-06-16T21:43:27.642-0300] {dag.py:3954} INFO - Setting next_dagrun for example_skip_dag to 2024-06-16 00:00:00+00:00, run_after=2024-06-17 00:00:00+00:00
[2024-06-16T21:43:28.831-0300] {processor.py:183} INFO - Processing /home/maira/.local/lib/python3.10/site-packages/airflow/example_dags/example_skip_dag.py took 1.297 seconds
[2024-06-16T21:44:38.974-0300] {processor.py:161} INFO - Started process (PID=15713) to work on /home/maira/.local/lib/python3.10/site-packages/airflow/example_dags/example_skip_dag.py
[2024-06-16T21:44:38.976-0300] {processor.py:830} INFO - Processing file /home/maira/.local/lib/python3.10/site-packages/airflow/example_dags/example_skip_dag.py for tasks to queue
[2024-06-16T21:44:38.978-0300] {logging_mixin.py:188} INFO - [2024-06-16T21:44:38.977-0300] {dagbag.py:545} INFO - Filling up the DagBag from /home/maira/.local/lib/python3.10/site-packages/airflow/example_dags/example_skip_dag.py
[2024-06-16T21:44:38.988-0300] {processor.py:840} INFO - DAG(s) 'example_skip_dag' retrieved from /home/maira/.local/lib/python3.10/site-packages/airflow/example_dags/example_skip_dag.py
[2024-06-16T21:44:39.012-0300] {logging_mixin.py:188} INFO - [2024-06-16T21:44:39.012-0300] {dag.py:3096} INFO - Sync 1 DAGs
[2024-06-16T21:44:39.043-0300] {logging_mixin.py:188} INFO - [2024-06-16T21:44:39.042-0300] {dag.py:3954} INFO - Setting next_dagrun for example_skip_dag to 2024-06-16 00:00:00+00:00, run_after=2024-06-17 00:00:00+00:00
[2024-06-16T21:44:39.074-0300] {processor.py:183} INFO - Processing /home/maira/.local/lib/python3.10/site-packages/airflow/example_dags/example_skip_dag.py took 0.111 seconds
