[2024-06-16T21:32:14.255-0300] {processor.py:161} INFO - Started process (PID=85482) to work on /home/maira/.local/lib/python3.10/site-packages/airflow/example_dags/example_sla_dag.py
[2024-06-16T21:32:14.256-0300] {processor.py:830} INFO - Processing file /home/maira/.local/lib/python3.10/site-packages/airflow/example_dags/example_sla_dag.py for tasks to queue
[2024-06-16T21:32:14.257-0300] {logging_mixin.py:188} INFO - [2024-06-16T21:32:14.256-0300] {dagbag.py:545} INFO - Filling up the DagBag from /home/maira/.local/lib/python3.10/site-packages/airflow/example_dags/example_sla_dag.py
[2024-06-16T21:32:14.263-0300] {processor.py:840} INFO - DAG(s) 'example_sla_dag' retrieved from /home/maira/.local/lib/python3.10/site-packages/airflow/example_dags/example_sla_dag.py
[2024-06-16T21:32:14.281-0300] {logging_mixin.py:188} INFO - [2024-06-16T21:32:14.281-0300] {dag.py:3096} INFO - Sync 1 DAGs
[2024-06-16T21:32:14.304-0300] {logging_mixin.py:188} INFO - [2024-06-16T21:32:14.303-0300] {dag.py:3954} INFO - Setting next_dagrun for example_sla_dag to 2024-06-17 00:30:00+00:00, run_after=2024-06-17 00:32:00+00:00
[2024-06-16T21:32:14.335-0300] {processor.py:183} INFO - Processing /home/maira/.local/lib/python3.10/site-packages/airflow/example_dags/example_sla_dag.py took 0.093 seconds
[2024-06-16T21:33:08.328-0300] {processor.py:161} INFO - Started process (PID=85547) to work on /home/maira/.local/lib/python3.10/site-packages/airflow/example_dags/example_sla_dag.py
[2024-06-16T21:33:08.330-0300] {processor.py:830} INFO - Processing file /home/maira/.local/lib/python3.10/site-packages/airflow/example_dags/example_sla_dag.py for tasks to queue
[2024-06-16T21:33:08.331-0300] {logging_mixin.py:188} INFO - [2024-06-16T21:33:08.331-0300] {dagbag.py:545} INFO - Filling up the DagBag from /home/maira/.local/lib/python3.10/site-packages/airflow/example_dags/example_sla_dag.py
[2024-06-16T21:33:08.339-0300] {processor.py:840} INFO - DAG(s) 'example_sla_dag' retrieved from /home/maira/.local/lib/python3.10/site-packages/airflow/example_dags/example_sla_dag.py
[2024-06-16T21:33:08.353-0300] {logging_mixin.py:188} INFO - [2024-06-16T21:33:08.352-0300] {dag.py:3096} INFO - Sync 1 DAGs
[2024-06-16T21:33:08.370-0300] {logging_mixin.py:188} INFO - [2024-06-16T21:33:08.369-0300] {dag.py:3954} INFO - Setting next_dagrun for example_sla_dag to 2024-06-17 00:30:00+00:00, run_after=2024-06-17 00:32:00+00:00
[2024-06-16T21:33:08.391-0300] {processor.py:183} INFO - Processing /home/maira/.local/lib/python3.10/site-packages/airflow/example_dags/example_sla_dag.py took 0.073 seconds
[2024-06-16T21:34:02.661-0300] {processor.py:161} INFO - Started process (PID=85616) to work on /home/maira/.local/lib/python3.10/site-packages/airflow/example_dags/example_sla_dag.py
[2024-06-16T21:34:02.662-0300] {processor.py:830} INFO - Processing file /home/maira/.local/lib/python3.10/site-packages/airflow/example_dags/example_sla_dag.py for tasks to queue
[2024-06-16T21:34:02.663-0300] {logging_mixin.py:188} INFO - [2024-06-16T21:34:02.663-0300] {dagbag.py:545} INFO - Filling up the DagBag from /home/maira/.local/lib/python3.10/site-packages/airflow/example_dags/example_sla_dag.py
[2024-06-16T21:34:02.669-0300] {processor.py:840} INFO - DAG(s) 'example_sla_dag' retrieved from /home/maira/.local/lib/python3.10/site-packages/airflow/example_dags/example_sla_dag.py
[2024-06-16T21:34:02.681-0300] {logging_mixin.py:188} INFO - [2024-06-16T21:34:02.681-0300] {dag.py:3096} INFO - Sync 1 DAGs
[2024-06-16T21:34:02.697-0300] {logging_mixin.py:188} INFO - [2024-06-16T21:34:02.697-0300] {dag.py:3954} INFO - Setting next_dagrun for example_sla_dag to 2024-06-17 00:32:00+00:00, run_after=2024-06-17 00:34:00+00:00
[2024-06-16T21:34:02.768-0300] {processor.py:183} INFO - Processing /home/maira/.local/lib/python3.10/site-packages/airflow/example_dags/example_sla_dag.py took 0.114 seconds
[2024-06-16T21:35:04.048-0300] {processor.py:161} INFO - Started process (PID=85689) to work on /home/maira/.local/lib/python3.10/site-packages/airflow/example_dags/example_sla_dag.py
[2024-06-16T21:35:04.050-0300] {processor.py:830} INFO - Processing file /home/maira/.local/lib/python3.10/site-packages/airflow/example_dags/example_sla_dag.py for tasks to queue
[2024-06-16T21:35:04.051-0300] {logging_mixin.py:188} INFO - [2024-06-16T21:35:04.051-0300] {dagbag.py:545} INFO - Filling up the DagBag from /home/maira/.local/lib/python3.10/site-packages/airflow/example_dags/example_sla_dag.py
[2024-06-16T21:35:04.057-0300] {processor.py:840} INFO - DAG(s) 'example_sla_dag' retrieved from /home/maira/.local/lib/python3.10/site-packages/airflow/example_dags/example_sla_dag.py
[2024-06-16T21:35:04.070-0300] {logging_mixin.py:188} INFO - [2024-06-16T21:35:04.069-0300] {dag.py:3096} INFO - Sync 1 DAGs
[2024-06-16T21:35:04.086-0300] {logging_mixin.py:188} INFO - [2024-06-16T21:35:04.086-0300] {dag.py:3954} INFO - Setting next_dagrun for example_sla_dag to 2024-06-17 00:32:00+00:00, run_after=2024-06-17 00:34:00+00:00
[2024-06-16T21:35:04.110-0300] {processor.py:183} INFO - Processing /home/maira/.local/lib/python3.10/site-packages/airflow/example_dags/example_sla_dag.py took 0.071 seconds
[2024-06-16T21:35:52.133-0300] {processor.py:161} INFO - Started process (PID=85755) to work on /home/maira/.local/lib/python3.10/site-packages/airflow/example_dags/example_sla_dag.py
[2024-06-16T21:35:52.134-0300] {processor.py:830} INFO - Processing file /home/maira/.local/lib/python3.10/site-packages/airflow/example_dags/example_sla_dag.py for tasks to queue
[2024-06-16T21:35:52.135-0300] {logging_mixin.py:188} INFO - [2024-06-16T21:35:52.134-0300] {dagbag.py:545} INFO - Filling up the DagBag from /home/maira/.local/lib/python3.10/site-packages/airflow/example_dags/example_sla_dag.py
[2024-06-16T21:35:52.141-0300] {processor.py:840} INFO - DAG(s) 'example_sla_dag' retrieved from /home/maira/.local/lib/python3.10/site-packages/airflow/example_dags/example_sla_dag.py
[2024-06-16T21:35:52.152-0300] {logging_mixin.py:188} INFO - [2024-06-16T21:35:52.152-0300] {dag.py:3096} INFO - Sync 1 DAGs
[2024-06-16T21:35:52.168-0300] {logging_mixin.py:188} INFO - [2024-06-16T21:35:52.168-0300] {dag.py:3954} INFO - Setting next_dagrun for example_sla_dag to 2024-06-17 00:32:00+00:00, run_after=2024-06-17 00:34:00+00:00
[2024-06-16T21:35:52.192-0300] {processor.py:183} INFO - Processing /home/maira/.local/lib/python3.10/site-packages/airflow/example_dags/example_sla_dag.py took 0.066 seconds
[2024-06-16T21:36:44.953-0300] {processor.py:161} INFO - Started process (PID=85824) to work on /home/maira/.local/lib/python3.10/site-packages/airflow/example_dags/example_sla_dag.py
[2024-06-16T21:36:44.958-0300] {processor.py:830} INFO - Processing file /home/maira/.local/lib/python3.10/site-packages/airflow/example_dags/example_sla_dag.py for tasks to queue
[2024-06-16T21:36:44.959-0300] {logging_mixin.py:188} INFO - [2024-06-16T21:36:44.958-0300] {dagbag.py:545} INFO - Filling up the DagBag from /home/maira/.local/lib/python3.10/site-packages/airflow/example_dags/example_sla_dag.py
[2024-06-16T21:36:44.969-0300] {processor.py:840} INFO - DAG(s) 'example_sla_dag' retrieved from /home/maira/.local/lib/python3.10/site-packages/airflow/example_dags/example_sla_dag.py
[2024-06-16T21:36:44.986-0300] {logging_mixin.py:188} INFO - [2024-06-16T21:36:44.986-0300] {dag.py:3096} INFO - Sync 1 DAGs
[2024-06-16T21:36:45.012-0300] {logging_mixin.py:188} INFO - [2024-06-16T21:36:45.011-0300] {dag.py:3954} INFO - Setting next_dagrun for example_sla_dag to 2024-06-17 00:34:00+00:00, run_after=2024-06-17 00:36:00+00:00
[2024-06-16T21:36:45.052-0300] {processor.py:183} INFO - Processing /home/maira/.local/lib/python3.10/site-packages/airflow/example_dags/example_sla_dag.py took 0.109 seconds
[2024-06-16T21:37:36.689-0300] {processor.py:161} INFO - Started process (PID=85894) to work on /home/maira/.local/lib/python3.10/site-packages/airflow/example_dags/example_sla_dag.py
[2024-06-16T21:37:36.692-0300] {processor.py:830} INFO - Processing file /home/maira/.local/lib/python3.10/site-packages/airflow/example_dags/example_sla_dag.py for tasks to queue
[2024-06-16T21:37:36.693-0300] {logging_mixin.py:188} INFO - [2024-06-16T21:37:36.692-0300] {dagbag.py:545} INFO - Filling up the DagBag from /home/maira/.local/lib/python3.10/site-packages/airflow/example_dags/example_sla_dag.py
[2024-06-16T21:37:36.703-0300] {processor.py:840} INFO - DAG(s) 'example_sla_dag' retrieved from /home/maira/.local/lib/python3.10/site-packages/airflow/example_dags/example_sla_dag.py
[2024-06-16T21:37:36.717-0300] {logging_mixin.py:188} INFO - [2024-06-16T21:37:36.716-0300] {dag.py:3096} INFO - Sync 1 DAGs
[2024-06-16T21:37:36.769-0300] {logging_mixin.py:188} INFO - [2024-06-16T21:37:36.769-0300] {dag.py:3954} INFO - Setting next_dagrun for example_sla_dag to 2024-06-17 00:34:00+00:00, run_after=2024-06-17 00:36:00+00:00
[2024-06-16T21:37:36.797-0300] {processor.py:183} INFO - Processing /home/maira/.local/lib/python3.10/site-packages/airflow/example_dags/example_sla_dag.py took 0.116 seconds
[2024-06-16T21:38:34.660-0300] {processor.py:161} INFO - Started process (PID=87174) to work on /home/maira/.local/lib/python3.10/site-packages/airflow/example_dags/example_sla_dag.py
[2024-06-16T21:38:34.662-0300] {processor.py:830} INFO - Processing file /home/maira/.local/lib/python3.10/site-packages/airflow/example_dags/example_sla_dag.py for tasks to queue
[2024-06-16T21:38:34.663-0300] {logging_mixin.py:188} INFO - [2024-06-16T21:38:34.663-0300] {dagbag.py:545} INFO - Filling up the DagBag from /home/maira/.local/lib/python3.10/site-packages/airflow/example_dags/example_sla_dag.py
[2024-06-16T21:38:34.676-0300] {processor.py:840} INFO - DAG(s) 'example_sla_dag' retrieved from /home/maira/.local/lib/python3.10/site-packages/airflow/example_dags/example_sla_dag.py
[2024-06-16T21:38:34.695-0300] {logging_mixin.py:188} INFO - [2024-06-16T21:38:34.695-0300] {dag.py:3096} INFO - Sync 1 DAGs
[2024-06-16T21:38:34.728-0300] {logging_mixin.py:188} INFO - [2024-06-16T21:38:34.727-0300] {dag.py:3954} INFO - Setting next_dagrun for example_sla_dag to 2024-06-17 00:36:00+00:00, run_after=2024-06-17 00:38:00+00:00
[2024-06-16T21:38:34.763-0300] {processor.py:183} INFO - Processing /home/maira/.local/lib/python3.10/site-packages/airflow/example_dags/example_sla_dag.py took 0.118 seconds
[2024-06-16T21:39:40.141-0300] {processor.py:161} INFO - Started process (PID=92388) to work on /home/maira/.local/lib/python3.10/site-packages/airflow/example_dags/example_sla_dag.py
[2024-06-16T21:39:40.143-0300] {processor.py:830} INFO - Processing file /home/maira/.local/lib/python3.10/site-packages/airflow/example_dags/example_sla_dag.py for tasks to queue
[2024-06-16T21:39:40.144-0300] {logging_mixin.py:188} INFO - [2024-06-16T21:39:40.143-0300] {dagbag.py:545} INFO - Filling up the DagBag from /home/maira/.local/lib/python3.10/site-packages/airflow/example_dags/example_sla_dag.py
[2024-06-16T21:39:40.152-0300] {processor.py:840} INFO - DAG(s) 'example_sla_dag' retrieved from /home/maira/.local/lib/python3.10/site-packages/airflow/example_dags/example_sla_dag.py
[2024-06-16T21:39:40.170-0300] {logging_mixin.py:188} INFO - [2024-06-16T21:39:40.170-0300] {dag.py:3096} INFO - Sync 1 DAGs
[2024-06-16T21:39:40.198-0300] {logging_mixin.py:188} INFO - [2024-06-16T21:39:40.197-0300] {dag.py:3954} INFO - Setting next_dagrun for example_sla_dag to 2024-06-17 00:36:00+00:00, run_after=2024-06-17 00:38:00+00:00
[2024-06-16T21:39:40.230-0300] {processor.py:183} INFO - Processing /home/maira/.local/lib/python3.10/site-packages/airflow/example_dags/example_sla_dag.py took 0.098 seconds
[2024-06-16T21:40:36.742-0300] {processor.py:161} INFO - Started process (PID=97467) to work on /home/maira/.local/lib/python3.10/site-packages/airflow/example_dags/example_sla_dag.py
[2024-06-16T21:40:36.903-0300] {processor.py:830} INFO - Processing file /home/maira/.local/lib/python3.10/site-packages/airflow/example_dags/example_sla_dag.py for tasks to queue
[2024-06-16T21:40:36.904-0300] {logging_mixin.py:188} INFO - [2024-06-16T21:40:36.904-0300] {dagbag.py:545} INFO - Filling up the DagBag from /home/maira/.local/lib/python3.10/site-packages/airflow/example_dags/example_sla_dag.py
[2024-06-16T21:40:36.912-0300] {processor.py:840} INFO - DAG(s) 'example_sla_dag' retrieved from /home/maira/.local/lib/python3.10/site-packages/airflow/example_dags/example_sla_dag.py
[2024-06-16T21:40:36.926-0300] {logging_mixin.py:188} INFO - [2024-06-16T21:40:36.926-0300] {dag.py:3096} INFO - Sync 1 DAGs
[2024-06-16T21:40:36.956-0300] {logging_mixin.py:188} INFO - [2024-06-16T21:40:36.956-0300] {dag.py:3954} INFO - Setting next_dagrun for example_sla_dag to 2024-06-17 00:38:00+00:00, run_after=2024-06-17 00:40:00+00:00
[2024-06-16T21:40:37.055-0300] {processor.py:183} INFO - Processing /home/maira/.local/lib/python3.10/site-packages/airflow/example_dags/example_sla_dag.py took 0.319 seconds
[2024-06-16T21:41:33.508-0300] {processor.py:161} INFO - Started process (PID=2283) to work on /home/maira/.local/lib/python3.10/site-packages/airflow/example_dags/example_sla_dag.py
[2024-06-16T21:41:33.510-0300] {processor.py:830} INFO - Processing file /home/maira/.local/lib/python3.10/site-packages/airflow/example_dags/example_sla_dag.py for tasks to queue
[2024-06-16T21:41:33.511-0300] {logging_mixin.py:188} INFO - [2024-06-16T21:41:33.510-0300] {dagbag.py:545} INFO - Filling up the DagBag from /home/maira/.local/lib/python3.10/site-packages/airflow/example_dags/example_sla_dag.py
[2024-06-16T21:41:33.521-0300] {processor.py:840} INFO - DAG(s) 'example_sla_dag' retrieved from /home/maira/.local/lib/python3.10/site-packages/airflow/example_dags/example_sla_dag.py
[2024-06-16T21:41:33.539-0300] {logging_mixin.py:188} INFO - [2024-06-16T21:41:33.538-0300] {dag.py:3096} INFO - Sync 1 DAGs
[2024-06-16T21:41:33.563-0300] {logging_mixin.py:188} INFO - [2024-06-16T21:41:33.563-0300] {dag.py:3954} INFO - Setting next_dagrun for example_sla_dag to 2024-06-17 00:38:00+00:00, run_after=2024-06-17 00:40:00+00:00
[2024-06-16T21:41:33.597-0300] {processor.py:183} INFO - Processing /home/maira/.local/lib/python3.10/site-packages/airflow/example_dags/example_sla_dag.py took 0.102 seconds
[2024-06-16T21:42:30.410-0300] {processor.py:161} INFO - Started process (PID=7023) to work on /home/maira/.local/lib/python3.10/site-packages/airflow/example_dags/example_sla_dag.py
[2024-06-16T21:42:30.412-0300] {processor.py:830} INFO - Processing file /home/maira/.local/lib/python3.10/site-packages/airflow/example_dags/example_sla_dag.py for tasks to queue
[2024-06-16T21:42:30.413-0300] {logging_mixin.py:188} INFO - [2024-06-16T21:42:30.412-0300] {dagbag.py:545} INFO - Filling up the DagBag from /home/maira/.local/lib/python3.10/site-packages/airflow/example_dags/example_sla_dag.py
[2024-06-16T21:42:30.425-0300] {processor.py:840} INFO - DAG(s) 'example_sla_dag' retrieved from /home/maira/.local/lib/python3.10/site-packages/airflow/example_dags/example_sla_dag.py
[2024-06-16T21:42:30.445-0300] {logging_mixin.py:188} INFO - [2024-06-16T21:42:30.445-0300] {dag.py:3096} INFO - Sync 1 DAGs
[2024-06-16T21:42:30.475-0300] {logging_mixin.py:188} INFO - [2024-06-16T21:42:30.475-0300] {dag.py:3954} INFO - Setting next_dagrun for example_sla_dag to 2024-06-17 00:40:00+00:00, run_after=2024-06-17 00:42:00+00:00
[2024-06-16T21:42:30.512-0300] {processor.py:183} INFO - Processing /home/maira/.local/lib/python3.10/site-packages/airflow/example_dags/example_sla_dag.py took 0.112 seconds
[2024-06-16T21:43:33.782-0300] {processor.py:161} INFO - Started process (PID=11972) to work on /home/maira/.local/lib/python3.10/site-packages/airflow/example_dags/example_sla_dag.py
[2024-06-16T21:43:33.900-0300] {processor.py:830} INFO - Processing file /home/maira/.local/lib/python3.10/site-packages/airflow/example_dags/example_sla_dag.py for tasks to queue
[2024-06-16T21:43:33.901-0300] {logging_mixin.py:188} INFO - [2024-06-16T21:43:33.900-0300] {dagbag.py:545} INFO - Filling up the DagBag from /home/maira/.local/lib/python3.10/site-packages/airflow/example_dags/example_sla_dag.py
[2024-06-16T21:43:33.910-0300] {processor.py:840} INFO - DAG(s) 'example_sla_dag' retrieved from /home/maira/.local/lib/python3.10/site-packages/airflow/example_dags/example_sla_dag.py
[2024-06-16T21:43:33.923-0300] {logging_mixin.py:188} INFO - [2024-06-16T21:43:33.922-0300] {dag.py:3096} INFO - Sync 1 DAGs
[2024-06-16T21:43:33.939-0300] {logging_mixin.py:188} INFO - [2024-06-16T21:43:33.939-0300] {dag.py:3954} INFO - Setting next_dagrun for example_sla_dag to 2024-06-17 00:40:00+00:00, run_after=2024-06-17 00:42:00+00:00
[2024-06-16T21:43:34.594-0300] {processor.py:183} INFO - Processing /home/maira/.local/lib/python3.10/site-packages/airflow/example_dags/example_sla_dag.py took 0.927 seconds
[2024-06-16T21:44:42.092-0300] {processor.py:161} INFO - Started process (PID=15935) to work on /home/maira/.local/lib/python3.10/site-packages/airflow/example_dags/example_sla_dag.py
[2024-06-16T21:44:42.094-0300] {processor.py:830} INFO - Processing file /home/maira/.local/lib/python3.10/site-packages/airflow/example_dags/example_sla_dag.py for tasks to queue
[2024-06-16T21:44:42.095-0300] {logging_mixin.py:188} INFO - [2024-06-16T21:44:42.095-0300] {dagbag.py:545} INFO - Filling up the DagBag from /home/maira/.local/lib/python3.10/site-packages/airflow/example_dags/example_sla_dag.py
[2024-06-16T21:44:42.103-0300] {processor.py:840} INFO - DAG(s) 'example_sla_dag' retrieved from /home/maira/.local/lib/python3.10/site-packages/airflow/example_dags/example_sla_dag.py
[2024-06-16T21:44:42.120-0300] {logging_mixin.py:188} INFO - [2024-06-16T21:44:42.119-0300] {dag.py:3096} INFO - Sync 1 DAGs
[2024-06-16T21:44:42.151-0300] {logging_mixin.py:188} INFO - [2024-06-16T21:44:42.150-0300] {dag.py:3954} INFO - Setting next_dagrun for example_sla_dag to 2024-06-17 00:42:00+00:00, run_after=2024-06-17 00:44:00+00:00
[2024-06-16T21:44:42.191-0300] {processor.py:183} INFO - Processing /home/maira/.local/lib/python3.10/site-packages/airflow/example_dags/example_sla_dag.py took 0.108 seconds
