[2024-06-16T21:32:11.858-0300] {processor.py:161} INFO - Started process (PID=85480) to work on /home/maira/.local/lib/python3.10/site-packages/airflow/example_dags/example_sensor_decorator.py
[2024-06-16T21:32:11.859-0300] {processor.py:830} INFO - Processing file /home/maira/.local/lib/python3.10/site-packages/airflow/example_dags/example_sensor_decorator.py for tasks to queue
[2024-06-16T21:32:11.859-0300] {logging_mixin.py:188} INFO - [2024-06-16T21:32:11.859-0300] {dagbag.py:545} INFO - Filling up the DagBag from /home/maira/.local/lib/python3.10/site-packages/airflow/example_dags/example_sensor_decorator.py
[2024-06-16T21:32:11.865-0300] {processor.py:840} INFO - DAG(s) 'example_sensor_decorator' retrieved from /home/maira/.local/lib/python3.10/site-packages/airflow/example_dags/example_sensor_decorator.py
[2024-06-16T21:32:11.879-0300] {logging_mixin.py:188} INFO - [2024-06-16T21:32:11.879-0300] {dag.py:3096} INFO - Sync 1 DAGs
[2024-06-16T21:32:11.889-0300] {logging_mixin.py:188} INFO - [2024-06-16T21:32:11.888-0300] {dag.py:3954} INFO - Setting next_dagrun for example_sensor_decorator to None, run_after=None
[2024-06-16T21:32:11.913-0300] {processor.py:183} INFO - Processing /home/maira/.local/lib/python3.10/site-packages/airflow/example_dags/example_sensor_decorator.py took 0.064 seconds
[2024-06-16T21:33:06.034-0300] {processor.py:161} INFO - Started process (PID=85545) to work on /home/maira/.local/lib/python3.10/site-packages/airflow/example_dags/example_sensor_decorator.py
[2024-06-16T21:33:06.036-0300] {processor.py:830} INFO - Processing file /home/maira/.local/lib/python3.10/site-packages/airflow/example_dags/example_sensor_decorator.py for tasks to queue
[2024-06-16T21:33:06.037-0300] {logging_mixin.py:188} INFO - [2024-06-16T21:33:06.037-0300] {dagbag.py:545} INFO - Filling up the DagBag from /home/maira/.local/lib/python3.10/site-packages/airflow/example_dags/example_sensor_decorator.py
[2024-06-16T21:33:06.042-0300] {processor.py:840} INFO - DAG(s) 'example_sensor_decorator' retrieved from /home/maira/.local/lib/python3.10/site-packages/airflow/example_dags/example_sensor_decorator.py
[2024-06-16T21:33:06.056-0300] {logging_mixin.py:188} INFO - [2024-06-16T21:33:06.056-0300] {dag.py:3096} INFO - Sync 1 DAGs
[2024-06-16T21:33:06.065-0300] {logging_mixin.py:188} INFO - [2024-06-16T21:33:06.064-0300] {dag.py:3954} INFO - Setting next_dagrun for example_sensor_decorator to None, run_after=None
[2024-06-16T21:33:06.098-0300] {processor.py:183} INFO - Processing /home/maira/.local/lib/python3.10/site-packages/airflow/example_dags/example_sensor_decorator.py took 0.071 seconds
[2024-06-16T21:34:00.085-0300] {processor.py:161} INFO - Started process (PID=85614) to work on /home/maira/.local/lib/python3.10/site-packages/airflow/example_dags/example_sensor_decorator.py
[2024-06-16T21:34:00.088-0300] {processor.py:830} INFO - Processing file /home/maira/.local/lib/python3.10/site-packages/airflow/example_dags/example_sensor_decorator.py for tasks to queue
[2024-06-16T21:34:00.090-0300] {logging_mixin.py:188} INFO - [2024-06-16T21:34:00.089-0300] {dagbag.py:545} INFO - Filling up the DagBag from /home/maira/.local/lib/python3.10/site-packages/airflow/example_dags/example_sensor_decorator.py
[2024-06-16T21:34:00.106-0300] {processor.py:840} INFO - DAG(s) 'example_sensor_decorator' retrieved from /home/maira/.local/lib/python3.10/site-packages/airflow/example_dags/example_sensor_decorator.py
[2024-06-16T21:34:00.144-0300] {logging_mixin.py:188} INFO - [2024-06-16T21:34:00.144-0300] {dag.py:3096} INFO - Sync 1 DAGs
[2024-06-16T21:34:00.166-0300] {logging_mixin.py:188} INFO - [2024-06-16T21:34:00.166-0300] {dag.py:3954} INFO - Setting next_dagrun for example_sensor_decorator to None, run_after=None
[2024-06-16T21:34:00.202-0300] {processor.py:183} INFO - Processing /home/maira/.local/lib/python3.10/site-packages/airflow/example_dags/example_sensor_decorator.py took 0.149 seconds
[2024-06-16T21:35:01.834-0300] {processor.py:161} INFO - Started process (PID=85687) to work on /home/maira/.local/lib/python3.10/site-packages/airflow/example_dags/example_sensor_decorator.py
[2024-06-16T21:35:01.837-0300] {processor.py:830} INFO - Processing file /home/maira/.local/lib/python3.10/site-packages/airflow/example_dags/example_sensor_decorator.py for tasks to queue
[2024-06-16T21:35:01.838-0300] {logging_mixin.py:188} INFO - [2024-06-16T21:35:01.837-0300] {dagbag.py:545} INFO - Filling up the DagBag from /home/maira/.local/lib/python3.10/site-packages/airflow/example_dags/example_sensor_decorator.py
[2024-06-16T21:35:01.842-0300] {processor.py:840} INFO - DAG(s) 'example_sensor_decorator' retrieved from /home/maira/.local/lib/python3.10/site-packages/airflow/example_dags/example_sensor_decorator.py
[2024-06-16T21:35:01.855-0300] {logging_mixin.py:188} INFO - [2024-06-16T21:35:01.855-0300] {dag.py:3096} INFO - Sync 1 DAGs
[2024-06-16T21:35:01.864-0300] {logging_mixin.py:188} INFO - [2024-06-16T21:35:01.863-0300] {dag.py:3954} INFO - Setting next_dagrun for example_sensor_decorator to None, run_after=None
[2024-06-16T21:35:01.892-0300] {processor.py:183} INFO - Processing /home/maira/.local/lib/python3.10/site-packages/airflow/example_dags/example_sensor_decorator.py took 0.065 seconds
[2024-06-16T21:35:50.424-0300] {processor.py:161} INFO - Started process (PID=85753) to work on /home/maira/.local/lib/python3.10/site-packages/airflow/example_dags/example_sensor_decorator.py
[2024-06-16T21:35:50.426-0300] {processor.py:830} INFO - Processing file /home/maira/.local/lib/python3.10/site-packages/airflow/example_dags/example_sensor_decorator.py for tasks to queue
[2024-06-16T21:35:50.426-0300] {logging_mixin.py:188} INFO - [2024-06-16T21:35:50.426-0300] {dagbag.py:545} INFO - Filling up the DagBag from /home/maira/.local/lib/python3.10/site-packages/airflow/example_dags/example_sensor_decorator.py
[2024-06-16T21:35:50.431-0300] {processor.py:840} INFO - DAG(s) 'example_sensor_decorator' retrieved from /home/maira/.local/lib/python3.10/site-packages/airflow/example_dags/example_sensor_decorator.py
[2024-06-16T21:35:50.443-0300] {logging_mixin.py:188} INFO - [2024-06-16T21:35:50.442-0300] {dag.py:3096} INFO - Sync 1 DAGs
[2024-06-16T21:35:50.451-0300] {logging_mixin.py:188} INFO - [2024-06-16T21:35:50.450-0300] {dag.py:3954} INFO - Setting next_dagrun for example_sensor_decorator to None, run_after=None
[2024-06-16T21:35:50.474-0300] {processor.py:183} INFO - Processing /home/maira/.local/lib/python3.10/site-packages/airflow/example_dags/example_sensor_decorator.py took 0.057 seconds
[2024-06-16T21:36:43.056-0300] {processor.py:161} INFO - Started process (PID=85822) to work on /home/maira/.local/lib/python3.10/site-packages/airflow/example_dags/example_sensor_decorator.py
[2024-06-16T21:36:43.058-0300] {processor.py:830} INFO - Processing file /home/maira/.local/lib/python3.10/site-packages/airflow/example_dags/example_sensor_decorator.py for tasks to queue
[2024-06-16T21:36:43.059-0300] {logging_mixin.py:188} INFO - [2024-06-16T21:36:43.058-0300] {dagbag.py:545} INFO - Filling up the DagBag from /home/maira/.local/lib/python3.10/site-packages/airflow/example_dags/example_sensor_decorator.py
[2024-06-16T21:36:43.063-0300] {processor.py:840} INFO - DAG(s) 'example_sensor_decorator' retrieved from /home/maira/.local/lib/python3.10/site-packages/airflow/example_dags/example_sensor_decorator.py
[2024-06-16T21:36:43.077-0300] {logging_mixin.py:188} INFO - [2024-06-16T21:36:43.077-0300] {dag.py:3096} INFO - Sync 1 DAGs
[2024-06-16T21:36:43.085-0300] {logging_mixin.py:188} INFO - [2024-06-16T21:36:43.085-0300] {dag.py:3954} INFO - Setting next_dagrun for example_sensor_decorator to None, run_after=None
[2024-06-16T21:36:43.112-0300] {processor.py:183} INFO - Processing /home/maira/.local/lib/python3.10/site-packages/airflow/example_dags/example_sensor_decorator.py took 0.062 seconds
[2024-06-16T21:37:35.027-0300] {processor.py:161} INFO - Started process (PID=85892) to work on /home/maira/.local/lib/python3.10/site-packages/airflow/example_dags/example_sensor_decorator.py
[2024-06-16T21:37:35.031-0300] {processor.py:830} INFO - Processing file /home/maira/.local/lib/python3.10/site-packages/airflow/example_dags/example_sensor_decorator.py for tasks to queue
[2024-06-16T21:37:35.034-0300] {logging_mixin.py:188} INFO - [2024-06-16T21:37:35.034-0300] {dagbag.py:545} INFO - Filling up the DagBag from /home/maira/.local/lib/python3.10/site-packages/airflow/example_dags/example_sensor_decorator.py
[2024-06-16T21:37:35.041-0300] {processor.py:840} INFO - DAG(s) 'example_sensor_decorator' retrieved from /home/maira/.local/lib/python3.10/site-packages/airflow/example_dags/example_sensor_decorator.py
[2024-06-16T21:37:35.055-0300] {logging_mixin.py:188} INFO - [2024-06-16T21:37:35.054-0300] {dag.py:3096} INFO - Sync 1 DAGs
[2024-06-16T21:37:35.064-0300] {logging_mixin.py:188} INFO - [2024-06-16T21:37:35.064-0300] {dag.py:3954} INFO - Setting next_dagrun for example_sensor_decorator to None, run_after=None
[2024-06-16T21:37:35.116-0300] {processor.py:183} INFO - Processing /home/maira/.local/lib/python3.10/site-packages/airflow/example_dags/example_sensor_decorator.py took 0.098 seconds
[2024-06-16T21:38:32.243-0300] {processor.py:161} INFO - Started process (PID=86936) to work on /home/maira/.local/lib/python3.10/site-packages/airflow/example_dags/example_sensor_decorator.py
[2024-06-16T21:38:32.245-0300] {processor.py:830} INFO - Processing file /home/maira/.local/lib/python3.10/site-packages/airflow/example_dags/example_sensor_decorator.py for tasks to queue
[2024-06-16T21:38:32.246-0300] {logging_mixin.py:188} INFO - [2024-06-16T21:38:32.246-0300] {dagbag.py:545} INFO - Filling up the DagBag from /home/maira/.local/lib/python3.10/site-packages/airflow/example_dags/example_sensor_decorator.py
[2024-06-16T21:38:32.253-0300] {processor.py:840} INFO - DAG(s) 'example_sensor_decorator' retrieved from /home/maira/.local/lib/python3.10/site-packages/airflow/example_dags/example_sensor_decorator.py
[2024-06-16T21:38:32.269-0300] {logging_mixin.py:188} INFO - [2024-06-16T21:38:32.268-0300] {dag.py:3096} INFO - Sync 1 DAGs
[2024-06-16T21:38:32.279-0300] {logging_mixin.py:188} INFO - [2024-06-16T21:38:32.279-0300] {dag.py:3954} INFO - Setting next_dagrun for example_sensor_decorator to None, run_after=None
[2024-06-16T21:38:32.310-0300] {processor.py:183} INFO - Processing /home/maira/.local/lib/python3.10/site-packages/airflow/example_dags/example_sensor_decorator.py took 0.076 seconds
[2024-06-16T21:39:38.524-0300] {processor.py:161} INFO - Started process (PID=92268) to work on /home/maira/.local/lib/python3.10/site-packages/airflow/example_dags/example_sensor_decorator.py
[2024-06-16T21:39:38.525-0300] {processor.py:830} INFO - Processing file /home/maira/.local/lib/python3.10/site-packages/airflow/example_dags/example_sensor_decorator.py for tasks to queue
[2024-06-16T21:39:38.526-0300] {logging_mixin.py:188} INFO - [2024-06-16T21:39:38.526-0300] {dagbag.py:545} INFO - Filling up the DagBag from /home/maira/.local/lib/python3.10/site-packages/airflow/example_dags/example_sensor_decorator.py
[2024-06-16T21:39:38.532-0300] {processor.py:840} INFO - DAG(s) 'example_sensor_decorator' retrieved from /home/maira/.local/lib/python3.10/site-packages/airflow/example_dags/example_sensor_decorator.py
[2024-06-16T21:39:38.550-0300] {logging_mixin.py:188} INFO - [2024-06-16T21:39:38.549-0300] {dag.py:3096} INFO - Sync 1 DAGs
[2024-06-16T21:39:38.562-0300] {logging_mixin.py:188} INFO - [2024-06-16T21:39:38.561-0300] {dag.py:3954} INFO - Setting next_dagrun for example_sensor_decorator to None, run_after=None
[2024-06-16T21:39:38.596-0300] {processor.py:183} INFO - Processing /home/maira/.local/lib/python3.10/site-packages/airflow/example_dags/example_sensor_decorator.py took 0.080 seconds
[2024-06-16T21:40:34.290-0300] {processor.py:161} INFO - Started process (PID=97349) to work on /home/maira/.local/lib/python3.10/site-packages/airflow/example_dags/example_sensor_decorator.py
[2024-06-16T21:40:34.292-0300] {processor.py:830} INFO - Processing file /home/maira/.local/lib/python3.10/site-packages/airflow/example_dags/example_sensor_decorator.py for tasks to queue
[2024-06-16T21:40:34.293-0300] {logging_mixin.py:188} INFO - [2024-06-16T21:40:34.293-0300] {dagbag.py:545} INFO - Filling up the DagBag from /home/maira/.local/lib/python3.10/site-packages/airflow/example_dags/example_sensor_decorator.py
[2024-06-16T21:40:34.301-0300] {processor.py:840} INFO - DAG(s) 'example_sensor_decorator' retrieved from /home/maira/.local/lib/python3.10/site-packages/airflow/example_dags/example_sensor_decorator.py
[2024-06-16T21:40:34.322-0300] {logging_mixin.py:188} INFO - [2024-06-16T21:40:34.322-0300] {dag.py:3096} INFO - Sync 1 DAGs
[2024-06-16T21:40:34.339-0300] {logging_mixin.py:188} INFO - [2024-06-16T21:40:34.338-0300] {dag.py:3954} INFO - Setting next_dagrun for example_sensor_decorator to None, run_after=None
[2024-06-16T21:40:34.380-0300] {processor.py:183} INFO - Processing /home/maira/.local/lib/python3.10/site-packages/airflow/example_dags/example_sensor_decorator.py took 0.100 seconds
[2024-06-16T21:41:31.081-0300] {processor.py:161} INFO - Started process (PID=2128) to work on /home/maira/.local/lib/python3.10/site-packages/airflow/example_dags/example_sensor_decorator.py
[2024-06-16T21:41:31.083-0300] {processor.py:830} INFO - Processing file /home/maira/.local/lib/python3.10/site-packages/airflow/example_dags/example_sensor_decorator.py for tasks to queue
[2024-06-16T21:41:31.084-0300] {logging_mixin.py:188} INFO - [2024-06-16T21:41:31.084-0300] {dagbag.py:545} INFO - Filling up the DagBag from /home/maira/.local/lib/python3.10/site-packages/airflow/example_dags/example_sensor_decorator.py
[2024-06-16T21:41:31.091-0300] {processor.py:840} INFO - DAG(s) 'example_sensor_decorator' retrieved from /home/maira/.local/lib/python3.10/site-packages/airflow/example_dags/example_sensor_decorator.py
[2024-06-16T21:41:31.110-0300] {logging_mixin.py:188} INFO - [2024-06-16T21:41:31.110-0300] {dag.py:3096} INFO - Sync 1 DAGs
[2024-06-16T21:41:31.124-0300] {logging_mixin.py:188} INFO - [2024-06-16T21:41:31.123-0300] {dag.py:3954} INFO - Setting next_dagrun for example_sensor_decorator to None, run_after=None
[2024-06-16T21:41:31.157-0300] {processor.py:183} INFO - Processing /home/maira/.local/lib/python3.10/site-packages/airflow/example_dags/example_sensor_decorator.py took 0.083 seconds
[2024-06-16T21:42:27.990-0300] {processor.py:161} INFO - Started process (PID=6737) to work on /home/maira/.local/lib/python3.10/site-packages/airflow/example_dags/example_sensor_decorator.py
[2024-06-16T21:42:27.992-0300] {processor.py:830} INFO - Processing file /home/maira/.local/lib/python3.10/site-packages/airflow/example_dags/example_sensor_decorator.py for tasks to queue
[2024-06-16T21:42:27.993-0300] {logging_mixin.py:188} INFO - [2024-06-16T21:42:27.993-0300] {dagbag.py:545} INFO - Filling up the DagBag from /home/maira/.local/lib/python3.10/site-packages/airflow/example_dags/example_sensor_decorator.py
[2024-06-16T21:42:28.000-0300] {processor.py:840} INFO - DAG(s) 'example_sensor_decorator' retrieved from /home/maira/.local/lib/python3.10/site-packages/airflow/example_dags/example_sensor_decorator.py
[2024-06-16T21:42:28.017-0300] {logging_mixin.py:188} INFO - [2024-06-16T21:42:28.017-0300] {dag.py:3096} INFO - Sync 1 DAGs
[2024-06-16T21:42:28.034-0300] {logging_mixin.py:188} INFO - [2024-06-16T21:42:28.034-0300] {dag.py:3954} INFO - Setting next_dagrun for example_sensor_decorator to None, run_after=None
[2024-06-16T21:42:28.071-0300] {processor.py:183} INFO - Processing /home/maira/.local/lib/python3.10/site-packages/airflow/example_dags/example_sensor_decorator.py took 0.091 seconds
[2024-06-16T21:43:31.163-0300] {processor.py:161} INFO - Started process (PID=11835) to work on /home/maira/.local/lib/python3.10/site-packages/airflow/example_dags/example_sensor_decorator.py
[2024-06-16T21:43:31.166-0300] {processor.py:830} INFO - Processing file /home/maira/.local/lib/python3.10/site-packages/airflow/example_dags/example_sensor_decorator.py for tasks to queue
[2024-06-16T21:43:31.168-0300] {logging_mixin.py:188} INFO - [2024-06-16T21:43:31.167-0300] {dagbag.py:545} INFO - Filling up the DagBag from /home/maira/.local/lib/python3.10/site-packages/airflow/example_dags/example_sensor_decorator.py
[2024-06-16T21:43:31.180-0300] {processor.py:840} INFO - DAG(s) 'example_sensor_decorator' retrieved from /home/maira/.local/lib/python3.10/site-packages/airflow/example_dags/example_sensor_decorator.py
[2024-06-16T21:43:31.204-0300] {logging_mixin.py:188} INFO - [2024-06-16T21:43:31.203-0300] {dag.py:3096} INFO - Sync 1 DAGs
[2024-06-16T21:43:31.224-0300] {logging_mixin.py:188} INFO - [2024-06-16T21:43:31.223-0300] {dag.py:3954} INFO - Setting next_dagrun for example_sensor_decorator to None, run_after=None
[2024-06-16T21:43:31.265-0300] {processor.py:183} INFO - Processing /home/maira/.local/lib/python3.10/site-packages/airflow/example_dags/example_sensor_decorator.py took 0.115 seconds
[2024-06-16T21:44:40.675-0300] {processor.py:161} INFO - Started process (PID=15837) to work on /home/maira/.local/lib/python3.10/site-packages/airflow/example_dags/example_sensor_decorator.py
[2024-06-16T21:44:40.676-0300] {processor.py:830} INFO - Processing file /home/maira/.local/lib/python3.10/site-packages/airflow/example_dags/example_sensor_decorator.py for tasks to queue
[2024-06-16T21:44:40.677-0300] {logging_mixin.py:188} INFO - [2024-06-16T21:44:40.677-0300] {dagbag.py:545} INFO - Filling up the DagBag from /home/maira/.local/lib/python3.10/site-packages/airflow/example_dags/example_sensor_decorator.py
[2024-06-16T21:44:40.682-0300] {processor.py:840} INFO - DAG(s) 'example_sensor_decorator' retrieved from /home/maira/.local/lib/python3.10/site-packages/airflow/example_dags/example_sensor_decorator.py
[2024-06-16T21:44:40.697-0300] {logging_mixin.py:188} INFO - [2024-06-16T21:44:40.697-0300] {dag.py:3096} INFO - Sync 1 DAGs
[2024-06-16T21:44:40.710-0300] {logging_mixin.py:188} INFO - [2024-06-16T21:44:40.710-0300] {dag.py:3954} INFO - Setting next_dagrun for example_sensor_decorator to None, run_after=None
[2024-06-16T21:44:40.737-0300] {processor.py:183} INFO - Processing /home/maira/.local/lib/python3.10/site-packages/airflow/example_dags/example_sensor_decorator.py took 0.070 seconds
