[2024-06-16T21:32:21.532-0300] {processor.py:161} INFO - Started process (PID=85490) to work on /home/maira/.local/lib/python3.10/site-packages/airflow/example_dags/example_setup_teardown_taskflow.py
[2024-06-16T21:32:21.533-0300] {processor.py:830} INFO - Processing file /home/maira/.local/lib/python3.10/site-packages/airflow/example_dags/example_setup_teardown_taskflow.py for tasks to queue
[2024-06-16T21:32:21.534-0300] {logging_mixin.py:188} INFO - [2024-06-16T21:32:21.533-0300] {dagbag.py:545} INFO - Filling up the DagBag from /home/maira/.local/lib/python3.10/site-packages/airflow/example_dags/example_setup_teardown_taskflow.py
[2024-06-16T21:32:21.549-0300] {processor.py:840} INFO - DAG(s) 'example_setup_teardown_taskflow' retrieved from /home/maira/.local/lib/python3.10/site-packages/airflow/example_dags/example_setup_teardown_taskflow.py
[2024-06-16T21:32:21.574-0300] {logging_mixin.py:188} INFO - [2024-06-16T21:32:21.574-0300] {dag.py:3096} INFO - Sync 1 DAGs
[2024-06-16T21:32:21.599-0300] {logging_mixin.py:188} INFO - [2024-06-16T21:32:21.598-0300] {dag.py:3954} INFO - Setting next_dagrun for example_setup_teardown_taskflow to 2024-06-16 00:00:00+00:00, run_after=2024-06-17 00:00:00+00:00
[2024-06-16T21:32:21.628-0300] {processor.py:183} INFO - Processing /home/maira/.local/lib/python3.10/site-packages/airflow/example_dags/example_setup_teardown_taskflow.py took 0.107 seconds
[2024-06-16T21:33:17.593-0300] {processor.py:161} INFO - Started process (PID=85555) to work on /home/maira/.local/lib/python3.10/site-packages/airflow/example_dags/example_setup_teardown_taskflow.py
[2024-06-16T21:33:17.595-0300] {processor.py:830} INFO - Processing file /home/maira/.local/lib/python3.10/site-packages/airflow/example_dags/example_setup_teardown_taskflow.py for tasks to queue
[2024-06-16T21:33:17.596-0300] {logging_mixin.py:188} INFO - [2024-06-16T21:33:17.596-0300] {dagbag.py:545} INFO - Filling up the DagBag from /home/maira/.local/lib/python3.10/site-packages/airflow/example_dags/example_setup_teardown_taskflow.py
[2024-06-16T21:33:17.605-0300] {processor.py:840} INFO - DAG(s) 'example_setup_teardown_taskflow' retrieved from /home/maira/.local/lib/python3.10/site-packages/airflow/example_dags/example_setup_teardown_taskflow.py
[2024-06-16T21:33:17.619-0300] {logging_mixin.py:188} INFO - [2024-06-16T21:33:17.619-0300] {dag.py:3096} INFO - Sync 1 DAGs
[2024-06-16T21:33:17.633-0300] {logging_mixin.py:188} INFO - [2024-06-16T21:33:17.633-0300] {dag.py:3954} INFO - Setting next_dagrun for example_setup_teardown_taskflow to 2024-06-16 00:00:00+00:00, run_after=2024-06-17 00:00:00+00:00
[2024-06-16T21:33:17.655-0300] {processor.py:183} INFO - Processing /home/maira/.local/lib/python3.10/site-packages/airflow/example_dags/example_setup_teardown_taskflow.py took 0.069 seconds
[2024-06-16T21:34:17.203-0300] {processor.py:161} INFO - Started process (PID=85625) to work on /home/maira/.local/lib/python3.10/site-packages/airflow/example_dags/example_setup_teardown_taskflow.py
[2024-06-16T21:34:17.205-0300] {processor.py:830} INFO - Processing file /home/maira/.local/lib/python3.10/site-packages/airflow/example_dags/example_setup_teardown_taskflow.py for tasks to queue
[2024-06-16T21:34:17.207-0300] {logging_mixin.py:188} INFO - [2024-06-16T21:34:17.206-0300] {dagbag.py:545} INFO - Filling up the DagBag from /home/maira/.local/lib/python3.10/site-packages/airflow/example_dags/example_setup_teardown_taskflow.py
[2024-06-16T21:34:17.214-0300] {processor.py:840} INFO - DAG(s) 'example_setup_teardown_taskflow' retrieved from /home/maira/.local/lib/python3.10/site-packages/airflow/example_dags/example_setup_teardown_taskflow.py
[2024-06-16T21:34:17.228-0300] {logging_mixin.py:188} INFO - [2024-06-16T21:34:17.228-0300] {dag.py:3096} INFO - Sync 1 DAGs
[2024-06-16T21:34:17.243-0300] {logging_mixin.py:188} INFO - [2024-06-16T21:34:17.243-0300] {dag.py:3954} INFO - Setting next_dagrun for example_setup_teardown_taskflow to 2024-06-16 00:00:00+00:00, run_after=2024-06-17 00:00:00+00:00
[2024-06-16T21:34:17.265-0300] {processor.py:183} INFO - Processing /home/maira/.local/lib/python3.10/site-packages/airflow/example_dags/example_setup_teardown_taskflow.py took 0.070 seconds
[2024-06-16T21:35:12.072-0300] {processor.py:161} INFO - Started process (PID=85698) to work on /home/maira/.local/lib/python3.10/site-packages/airflow/example_dags/example_setup_teardown_taskflow.py
[2024-06-16T21:35:12.073-0300] {processor.py:830} INFO - Processing file /home/maira/.local/lib/python3.10/site-packages/airflow/example_dags/example_setup_teardown_taskflow.py for tasks to queue
[2024-06-16T21:35:12.074-0300] {logging_mixin.py:188} INFO - [2024-06-16T21:35:12.074-0300] {dagbag.py:545} INFO - Filling up the DagBag from /home/maira/.local/lib/python3.10/site-packages/airflow/example_dags/example_setup_teardown_taskflow.py
[2024-06-16T21:35:12.081-0300] {processor.py:840} INFO - DAG(s) 'example_setup_teardown_taskflow' retrieved from /home/maira/.local/lib/python3.10/site-packages/airflow/example_dags/example_setup_teardown_taskflow.py
[2024-06-16T21:35:12.094-0300] {logging_mixin.py:188} INFO - [2024-06-16T21:35:12.094-0300] {dag.py:3096} INFO - Sync 1 DAGs
[2024-06-16T21:35:12.108-0300] {logging_mixin.py:188} INFO - [2024-06-16T21:35:12.108-0300] {dag.py:3954} INFO - Setting next_dagrun for example_setup_teardown_taskflow to 2024-06-16 00:00:00+00:00, run_after=2024-06-17 00:00:00+00:00
[2024-06-16T21:35:12.130-0300] {processor.py:183} INFO - Processing /home/maira/.local/lib/python3.10/site-packages/airflow/example_dags/example_setup_teardown_taskflow.py took 0.065 seconds
[2024-06-16T21:36:03.038-0300] {processor.py:161} INFO - Started process (PID=85767) to work on /home/maira/.local/lib/python3.10/site-packages/airflow/example_dags/example_setup_teardown_taskflow.py
[2024-06-16T21:36:03.040-0300] {processor.py:830} INFO - Processing file /home/maira/.local/lib/python3.10/site-packages/airflow/example_dags/example_setup_teardown_taskflow.py for tasks to queue
[2024-06-16T21:36:03.041-0300] {logging_mixin.py:188} INFO - [2024-06-16T21:36:03.041-0300] {dagbag.py:545} INFO - Filling up the DagBag from /home/maira/.local/lib/python3.10/site-packages/airflow/example_dags/example_setup_teardown_taskflow.py
[2024-06-16T21:36:03.048-0300] {processor.py:840} INFO - DAG(s) 'example_setup_teardown_taskflow' retrieved from /home/maira/.local/lib/python3.10/site-packages/airflow/example_dags/example_setup_teardown_taskflow.py
[2024-06-16T21:36:03.062-0300] {logging_mixin.py:188} INFO - [2024-06-16T21:36:03.062-0300] {dag.py:3096} INFO - Sync 1 DAGs
[2024-06-16T21:36:03.087-0300] {logging_mixin.py:188} INFO - [2024-06-16T21:36:03.087-0300] {dag.py:3954} INFO - Setting next_dagrun for example_setup_teardown_taskflow to 2024-06-16 00:00:00+00:00, run_after=2024-06-17 00:00:00+00:00
[2024-06-16T21:36:03.111-0300] {processor.py:183} INFO - Processing /home/maira/.local/lib/python3.10/site-packages/airflow/example_dags/example_setup_teardown_taskflow.py took 0.079 seconds
[2024-06-16T21:36:57.050-0300] {processor.py:161} INFO - Started process (PID=85837) to work on /home/maira/.local/lib/python3.10/site-packages/airflow/example_dags/example_setup_teardown_taskflow.py
[2024-06-16T21:36:57.052-0300] {processor.py:830} INFO - Processing file /home/maira/.local/lib/python3.10/site-packages/airflow/example_dags/example_setup_teardown_taskflow.py for tasks to queue
[2024-06-16T21:36:57.054-0300] {logging_mixin.py:188} INFO - [2024-06-16T21:36:57.053-0300] {dagbag.py:545} INFO - Filling up the DagBag from /home/maira/.local/lib/python3.10/site-packages/airflow/example_dags/example_setup_teardown_taskflow.py
[2024-06-16T21:36:57.066-0300] {processor.py:840} INFO - DAG(s) 'example_setup_teardown_taskflow' retrieved from /home/maira/.local/lib/python3.10/site-packages/airflow/example_dags/example_setup_teardown_taskflow.py
[2024-06-16T21:36:57.090-0300] {logging_mixin.py:188} INFO - [2024-06-16T21:36:57.089-0300] {dag.py:3096} INFO - Sync 1 DAGs
[2024-06-16T21:36:57.122-0300] {logging_mixin.py:188} INFO - [2024-06-16T21:36:57.122-0300] {dag.py:3954} INFO - Setting next_dagrun for example_setup_teardown_taskflow to 2024-06-16 00:00:00+00:00, run_after=2024-06-17 00:00:00+00:00
[2024-06-16T21:36:57.186-0300] {processor.py:183} INFO - Processing /home/maira/.local/lib/python3.10/site-packages/airflow/example_dags/example_setup_teardown_taskflow.py took 0.149 seconds
[2024-06-16T21:38:12.873-0300] {processor.py:161} INFO - Started process (PID=85931) to work on /home/maira/.local/lib/python3.10/site-packages/airflow/example_dags/example_setup_teardown_taskflow.py
[2024-06-16T21:38:12.874-0300] {processor.py:830} INFO - Processing file /home/maira/.local/lib/python3.10/site-packages/airflow/example_dags/example_setup_teardown_taskflow.py for tasks to queue
[2024-06-16T21:38:12.875-0300] {logging_mixin.py:188} INFO - [2024-06-16T21:38:12.874-0300] {dagbag.py:545} INFO - Filling up the DagBag from /home/maira/.local/lib/python3.10/site-packages/airflow/example_dags/example_setup_teardown_taskflow.py
[2024-06-16T21:38:12.882-0300] {processor.py:840} INFO - DAG(s) 'example_setup_teardown_taskflow' retrieved from /home/maira/.local/lib/python3.10/site-packages/airflow/example_dags/example_setup_teardown_taskflow.py
[2024-06-16T21:38:12.897-0300] {logging_mixin.py:188} INFO - [2024-06-16T21:38:12.896-0300] {dag.py:3096} INFO - Sync 1 DAGs
[2024-06-16T21:38:12.912-0300] {logging_mixin.py:188} INFO - [2024-06-16T21:38:12.911-0300] {dag.py:3954} INFO - Setting next_dagrun for example_setup_teardown_taskflow to 2024-06-16 00:00:00+00:00, run_after=2024-06-17 00:00:00+00:00
[2024-06-16T21:38:12.942-0300] {processor.py:183} INFO - Processing /home/maira/.local/lib/python3.10/site-packages/airflow/example_dags/example_setup_teardown_taskflow.py took 0.075 seconds
[2024-06-16T21:39:08.817-0300] {processor.py:161} INFO - Started process (PID=90016) to work on /home/maira/.local/lib/python3.10/site-packages/airflow/example_dags/example_setup_teardown_taskflow.py
[2024-06-16T21:39:08.818-0300] {processor.py:830} INFO - Processing file /home/maira/.local/lib/python3.10/site-packages/airflow/example_dags/example_setup_teardown_taskflow.py for tasks to queue
[2024-06-16T21:39:08.820-0300] {logging_mixin.py:188} INFO - [2024-06-16T21:39:08.819-0300] {dagbag.py:545} INFO - Filling up the DagBag from /home/maira/.local/lib/python3.10/site-packages/airflow/example_dags/example_setup_teardown_taskflow.py
[2024-06-16T21:39:08.829-0300] {processor.py:840} INFO - DAG(s) 'example_setup_teardown_taskflow' retrieved from /home/maira/.local/lib/python3.10/site-packages/airflow/example_dags/example_setup_teardown_taskflow.py
[2024-06-16T21:39:08.851-0300] {logging_mixin.py:188} INFO - [2024-06-16T21:39:08.850-0300] {dag.py:3096} INFO - Sync 1 DAGs
[2024-06-16T21:39:08.876-0300] {logging_mixin.py:188} INFO - [2024-06-16T21:39:08.876-0300] {dag.py:3954} INFO - Setting next_dagrun for example_setup_teardown_taskflow to 2024-06-16 00:00:00+00:00, run_after=2024-06-17 00:00:00+00:00
[2024-06-16T21:39:08.907-0300] {processor.py:183} INFO - Processing /home/maira/.local/lib/python3.10/site-packages/airflow/example_dags/example_setup_teardown_taskflow.py took 0.101 seconds
[2024-06-16T21:40:10.123-0300] {processor.py:161} INFO - Started process (PID=95397) to work on /home/maira/.local/lib/python3.10/site-packages/airflow/example_dags/example_setup_teardown_taskflow.py
[2024-06-16T21:40:10.125-0300] {processor.py:830} INFO - Processing file /home/maira/.local/lib/python3.10/site-packages/airflow/example_dags/example_setup_teardown_taskflow.py for tasks to queue
[2024-06-16T21:40:10.126-0300] {logging_mixin.py:188} INFO - [2024-06-16T21:40:10.126-0300] {dagbag.py:545} INFO - Filling up the DagBag from /home/maira/.local/lib/python3.10/site-packages/airflow/example_dags/example_setup_teardown_taskflow.py
[2024-06-16T21:40:10.142-0300] {processor.py:840} INFO - DAG(s) 'example_setup_teardown_taskflow' retrieved from /home/maira/.local/lib/python3.10/site-packages/airflow/example_dags/example_setup_teardown_taskflow.py
[2024-06-16T21:40:10.172-0300] {logging_mixin.py:188} INFO - [2024-06-16T21:40:10.171-0300] {dag.py:3096} INFO - Sync 1 DAGs
[2024-06-16T21:40:10.208-0300] {logging_mixin.py:188} INFO - [2024-06-16T21:40:10.208-0300] {dag.py:3954} INFO - Setting next_dagrun for example_setup_teardown_taskflow to 2024-06-16 00:00:00+00:00, run_after=2024-06-17 00:00:00+00:00
[2024-06-16T21:40:10.247-0300] {processor.py:183} INFO - Processing /home/maira/.local/lib/python3.10/site-packages/airflow/example_dags/example_setup_teardown_taskflow.py took 0.140 seconds
[2024-06-16T21:41:04.469-0300] {processor.py:161} INFO - Started process (PID=99785) to work on /home/maira/.local/lib/python3.10/site-packages/airflow/example_dags/example_setup_teardown_taskflow.py
[2024-06-16T21:41:04.471-0300] {processor.py:830} INFO - Processing file /home/maira/.local/lib/python3.10/site-packages/airflow/example_dags/example_setup_teardown_taskflow.py for tasks to queue
[2024-06-16T21:41:04.472-0300] {logging_mixin.py:188} INFO - [2024-06-16T21:41:04.471-0300] {dagbag.py:545} INFO - Filling up the DagBag from /home/maira/.local/lib/python3.10/site-packages/airflow/example_dags/example_setup_teardown_taskflow.py
[2024-06-16T21:41:04.488-0300] {processor.py:840} INFO - DAG(s) 'example_setup_teardown_taskflow' retrieved from /home/maira/.local/lib/python3.10/site-packages/airflow/example_dags/example_setup_teardown_taskflow.py
[2024-06-16T21:41:04.517-0300] {logging_mixin.py:188} INFO - [2024-06-16T21:41:04.516-0300] {dag.py:3096} INFO - Sync 1 DAGs
[2024-06-16T21:41:04.544-0300] {logging_mixin.py:188} INFO - [2024-06-16T21:41:04.544-0300] {dag.py:3954} INFO - Setting next_dagrun for example_setup_teardown_taskflow to 2024-06-16 00:00:00+00:00, run_after=2024-06-17 00:00:00+00:00
[2024-06-16T21:41:04.590-0300] {processor.py:183} INFO - Processing /home/maira/.local/lib/python3.10/site-packages/airflow/example_dags/example_setup_teardown_taskflow.py took 0.136 seconds
[2024-06-16T21:42:02.461-0300] {processor.py:161} INFO - Started process (PID=4873) to work on /home/maira/.local/lib/python3.10/site-packages/airflow/example_dags/example_setup_teardown_taskflow.py
[2024-06-16T21:42:02.463-0300] {processor.py:830} INFO - Processing file /home/maira/.local/lib/python3.10/site-packages/airflow/example_dags/example_setup_teardown_taskflow.py for tasks to queue
[2024-06-16T21:42:02.464-0300] {logging_mixin.py:188} INFO - [2024-06-16T21:42:02.463-0300] {dagbag.py:545} INFO - Filling up the DagBag from /home/maira/.local/lib/python3.10/site-packages/airflow/example_dags/example_setup_teardown_taskflow.py
[2024-06-16T21:42:02.474-0300] {processor.py:840} INFO - DAG(s) 'example_setup_teardown_taskflow' retrieved from /home/maira/.local/lib/python3.10/site-packages/airflow/example_dags/example_setup_teardown_taskflow.py
[2024-06-16T21:42:02.492-0300] {logging_mixin.py:188} INFO - [2024-06-16T21:42:02.492-0300] {dag.py:3096} INFO - Sync 1 DAGs
[2024-06-16T21:42:02.512-0300] {logging_mixin.py:188} INFO - [2024-06-16T21:42:02.512-0300] {dag.py:3954} INFO - Setting next_dagrun for example_setup_teardown_taskflow to 2024-06-16 00:00:00+00:00, run_after=2024-06-17 00:00:00+00:00
[2024-06-16T21:42:02.544-0300] {processor.py:183} INFO - Processing /home/maira/.local/lib/python3.10/site-packages/airflow/example_dags/example_setup_teardown_taskflow.py took 0.091 seconds
[2024-06-16T21:42:56.111-0300] {processor.py:161} INFO - Started process (PID=9356) to work on /home/maira/.local/lib/python3.10/site-packages/airflow/example_dags/example_setup_teardown_taskflow.py
[2024-06-16T21:42:56.113-0300] {processor.py:830} INFO - Processing file /home/maira/.local/lib/python3.10/site-packages/airflow/example_dags/example_setup_teardown_taskflow.py for tasks to queue
[2024-06-16T21:42:56.114-0300] {logging_mixin.py:188} INFO - [2024-06-16T21:42:56.114-0300] {dagbag.py:545} INFO - Filling up the DagBag from /home/maira/.local/lib/python3.10/site-packages/airflow/example_dags/example_setup_teardown_taskflow.py
[2024-06-16T21:42:56.126-0300] {processor.py:840} INFO - DAG(s) 'example_setup_teardown_taskflow' retrieved from /home/maira/.local/lib/python3.10/site-packages/airflow/example_dags/example_setup_teardown_taskflow.py
[2024-06-16T21:42:56.147-0300] {logging_mixin.py:188} INFO - [2024-06-16T21:42:56.146-0300] {dag.py:3096} INFO - Sync 1 DAGs
[2024-06-16T21:42:56.165-0300] {logging_mixin.py:188} INFO - [2024-06-16T21:42:56.165-0300] {dag.py:3954} INFO - Setting next_dagrun for example_setup_teardown_taskflow to 2024-06-16 00:00:00+00:00, run_after=2024-06-17 00:00:00+00:00
[2024-06-16T21:42:56.201-0300] {processor.py:183} INFO - Processing /home/maira/.local/lib/python3.10/site-packages/airflow/example_dags/example_setup_teardown_taskflow.py took 0.100 seconds
[2024-06-16T21:44:17.576-0300] {processor.py:161} INFO - Started process (PID=14210) to work on /home/maira/.local/lib/python3.10/site-packages/airflow/example_dags/example_setup_teardown_taskflow.py
[2024-06-16T21:44:17.577-0300] {processor.py:830} INFO - Processing file /home/maira/.local/lib/python3.10/site-packages/airflow/example_dags/example_setup_teardown_taskflow.py for tasks to queue
[2024-06-16T21:44:17.579-0300] {logging_mixin.py:188} INFO - [2024-06-16T21:44:17.578-0300] {dagbag.py:545} INFO - Filling up the DagBag from /home/maira/.local/lib/python3.10/site-packages/airflow/example_dags/example_setup_teardown_taskflow.py
[2024-06-16T21:44:17.590-0300] {processor.py:840} INFO - DAG(s) 'example_setup_teardown_taskflow' retrieved from /home/maira/.local/lib/python3.10/site-packages/airflow/example_dags/example_setup_teardown_taskflow.py
[2024-06-16T21:44:17.612-0300] {logging_mixin.py:188} INFO - [2024-06-16T21:44:17.612-0300] {dag.py:3096} INFO - Sync 1 DAGs
[2024-06-16T21:44:17.649-0300] {logging_mixin.py:188} INFO - [2024-06-16T21:44:17.649-0300] {dag.py:3954} INFO - Setting next_dagrun for example_setup_teardown_taskflow to 2024-06-16 00:00:00+00:00, run_after=2024-06-17 00:00:00+00:00
[2024-06-16T21:44:17.700-0300] {processor.py:183} INFO - Processing /home/maira/.local/lib/python3.10/site-packages/airflow/example_dags/example_setup_teardown_taskflow.py took 0.135 seconds
