[2024-06-16T21:32:19.415-0300] {processor.py:161} INFO - Started process (PID=85487) to work on /home/maira/.local/lib/python3.10/site-packages/airflow/example_dags/example_xcomargs.py
[2024-06-16T21:32:19.416-0300] {processor.py:830} INFO - Processing file /home/maira/.local/lib/python3.10/site-packages/airflow/example_dags/example_xcomargs.py for tasks to queue
[2024-06-16T21:32:19.418-0300] {logging_mixin.py:188} INFO - [2024-06-16T21:32:19.417-0300] {dagbag.py:545} INFO - Filling up the DagBag from /home/maira/.local/lib/python3.10/site-packages/airflow/example_dags/example_xcomargs.py
[2024-06-16T21:32:19.443-0300] {processor.py:840} INFO - DAG(s) 'example_xcom_args', 'example_xcom_args_with_operators' retrieved from /home/maira/.local/lib/python3.10/site-packages/airflow/example_dags/example_xcomargs.py
[2024-06-16T21:32:19.475-0300] {logging_mixin.py:188} INFO - [2024-06-16T21:32:19.474-0300] {dag.py:3096} INFO - Sync 2 DAGs
[2024-06-16T21:32:19.489-0300] {logging_mixin.py:188} INFO - [2024-06-16T21:32:19.489-0300] {dag.py:3954} INFO - Setting next_dagrun for example_xcom_args to None, run_after=None
[2024-06-16T21:32:19.493-0300] {logging_mixin.py:188} INFO - [2024-06-16T21:32:19.493-0300] {dag.py:3954} INFO - Setting next_dagrun for example_xcom_args_with_operators to None, run_after=None
[2024-06-16T21:32:19.549-0300] {processor.py:183} INFO - Processing /home/maira/.local/lib/python3.10/site-packages/airflow/example_dags/example_xcomargs.py took 0.149 seconds
[2024-06-16T21:33:14.092-0300] {processor.py:161} INFO - Started process (PID=85552) to work on /home/maira/.local/lib/python3.10/site-packages/airflow/example_dags/example_xcomargs.py
[2024-06-16T21:33:14.094-0300] {processor.py:830} INFO - Processing file /home/maira/.local/lib/python3.10/site-packages/airflow/example_dags/example_xcomargs.py for tasks to queue
[2024-06-16T21:33:14.095-0300] {logging_mixin.py:188} INFO - [2024-06-16T21:33:14.095-0300] {dagbag.py:545} INFO - Filling up the DagBag from /home/maira/.local/lib/python3.10/site-packages/airflow/example_dags/example_xcomargs.py
[2024-06-16T21:33:14.103-0300] {processor.py:840} INFO - DAG(s) 'example_xcom_args', 'example_xcom_args_with_operators' retrieved from /home/maira/.local/lib/python3.10/site-packages/airflow/example_dags/example_xcomargs.py
[2024-06-16T21:33:14.121-0300] {logging_mixin.py:188} INFO - [2024-06-16T21:33:14.121-0300] {dag.py:3096} INFO - Sync 2 DAGs
[2024-06-16T21:33:14.132-0300] {logging_mixin.py:188} INFO - [2024-06-16T21:33:14.132-0300] {dag.py:3954} INFO - Setting next_dagrun for example_xcom_args to None, run_after=None
[2024-06-16T21:33:14.135-0300] {logging_mixin.py:188} INFO - [2024-06-16T21:33:14.135-0300] {dag.py:3954} INFO - Setting next_dagrun for example_xcom_args_with_operators to None, run_after=None
[2024-06-16T21:33:14.158-0300] {processor.py:183} INFO - Processing /home/maira/.local/lib/python3.10/site-packages/airflow/example_dags/example_xcomargs.py took 0.073 seconds
[2024-06-16T21:34:13.469-0300] {processor.py:161} INFO - Started process (PID=85621) to work on /home/maira/.local/lib/python3.10/site-packages/airflow/example_dags/example_xcomargs.py
[2024-06-16T21:34:13.471-0300] {processor.py:830} INFO - Processing file /home/maira/.local/lib/python3.10/site-packages/airflow/example_dags/example_xcomargs.py for tasks to queue
[2024-06-16T21:34:13.472-0300] {logging_mixin.py:188} INFO - [2024-06-16T21:34:13.471-0300] {dagbag.py:545} INFO - Filling up the DagBag from /home/maira/.local/lib/python3.10/site-packages/airflow/example_dags/example_xcomargs.py
[2024-06-16T21:34:13.479-0300] {processor.py:840} INFO - DAG(s) 'example_xcom_args', 'example_xcom_args_with_operators' retrieved from /home/maira/.local/lib/python3.10/site-packages/airflow/example_dags/example_xcomargs.py
[2024-06-16T21:34:13.499-0300] {logging_mixin.py:188} INFO - [2024-06-16T21:34:13.498-0300] {dag.py:3096} INFO - Sync 2 DAGs
[2024-06-16T21:34:13.511-0300] {logging_mixin.py:188} INFO - [2024-06-16T21:34:13.511-0300] {dag.py:3954} INFO - Setting next_dagrun for example_xcom_args to None, run_after=None
[2024-06-16T21:34:13.515-0300] {logging_mixin.py:188} INFO - [2024-06-16T21:34:13.514-0300] {dag.py:3954} INFO - Setting next_dagrun for example_xcom_args_with_operators to None, run_after=None
[2024-06-16T21:34:13.540-0300] {processor.py:183} INFO - Processing /home/maira/.local/lib/python3.10/site-packages/airflow/example_dags/example_xcomargs.py took 0.078 seconds
[2024-06-16T21:35:09.237-0300] {processor.py:161} INFO - Started process (PID=85695) to work on /home/maira/.local/lib/python3.10/site-packages/airflow/example_dags/example_xcomargs.py
[2024-06-16T21:35:09.239-0300] {processor.py:830} INFO - Processing file /home/maira/.local/lib/python3.10/site-packages/airflow/example_dags/example_xcomargs.py for tasks to queue
[2024-06-16T21:35:09.240-0300] {logging_mixin.py:188} INFO - [2024-06-16T21:35:09.240-0300] {dagbag.py:545} INFO - Filling up the DagBag from /home/maira/.local/lib/python3.10/site-packages/airflow/example_dags/example_xcomargs.py
[2024-06-16T21:35:09.246-0300] {processor.py:840} INFO - DAG(s) 'example_xcom_args', 'example_xcom_args_with_operators' retrieved from /home/maira/.local/lib/python3.10/site-packages/airflow/example_dags/example_xcomargs.py
[2024-06-16T21:35:09.261-0300] {logging_mixin.py:188} INFO - [2024-06-16T21:35:09.260-0300] {dag.py:3096} INFO - Sync 2 DAGs
[2024-06-16T21:35:09.269-0300] {logging_mixin.py:188} INFO - [2024-06-16T21:35:09.269-0300] {dag.py:3954} INFO - Setting next_dagrun for example_xcom_args to None, run_after=None
[2024-06-16T21:35:09.271-0300] {logging_mixin.py:188} INFO - [2024-06-16T21:35:09.271-0300] {dag.py:3954} INFO - Setting next_dagrun for example_xcom_args_with_operators to None, run_after=None
[2024-06-16T21:35:09.295-0300] {processor.py:183} INFO - Processing /home/maira/.local/lib/python3.10/site-packages/airflow/example_dags/example_xcomargs.py took 0.064 seconds
[2024-06-16T21:36:00.800-0300] {processor.py:161} INFO - Started process (PID=85764) to work on /home/maira/.local/lib/python3.10/site-packages/airflow/example_dags/example_xcomargs.py
[2024-06-16T21:36:00.802-0300] {processor.py:830} INFO - Processing file /home/maira/.local/lib/python3.10/site-packages/airflow/example_dags/example_xcomargs.py for tasks to queue
[2024-06-16T21:36:00.803-0300] {logging_mixin.py:188} INFO - [2024-06-16T21:36:00.803-0300] {dagbag.py:545} INFO - Filling up the DagBag from /home/maira/.local/lib/python3.10/site-packages/airflow/example_dags/example_xcomargs.py
[2024-06-16T21:36:00.813-0300] {processor.py:840} INFO - DAG(s) 'example_xcom_args', 'example_xcom_args_with_operators' retrieved from /home/maira/.local/lib/python3.10/site-packages/airflow/example_dags/example_xcomargs.py
[2024-06-16T21:36:00.835-0300] {logging_mixin.py:188} INFO - [2024-06-16T21:36:00.835-0300] {dag.py:3096} INFO - Sync 2 DAGs
[2024-06-16T21:36:00.850-0300] {logging_mixin.py:188} INFO - [2024-06-16T21:36:00.849-0300] {dag.py:3954} INFO - Setting next_dagrun for example_xcom_args to None, run_after=None
[2024-06-16T21:36:00.853-0300] {logging_mixin.py:188} INFO - [2024-06-16T21:36:00.853-0300] {dag.py:3954} INFO - Setting next_dagrun for example_xcom_args_with_operators to None, run_after=None
[2024-06-16T21:36:00.875-0300] {processor.py:183} INFO - Processing /home/maira/.local/lib/python3.10/site-packages/airflow/example_dags/example_xcomargs.py took 0.082 seconds
[2024-06-16T21:36:50.302-0300] {processor.py:161} INFO - Started process (PID=85829) to work on /home/maira/.local/lib/python3.10/site-packages/airflow/example_dags/example_xcomargs.py
[2024-06-16T21:36:50.303-0300] {processor.py:830} INFO - Processing file /home/maira/.local/lib/python3.10/site-packages/airflow/example_dags/example_xcomargs.py for tasks to queue
[2024-06-16T21:36:50.305-0300] {logging_mixin.py:188} INFO - [2024-06-16T21:36:50.304-0300] {dagbag.py:545} INFO - Filling up the DagBag from /home/maira/.local/lib/python3.10/site-packages/airflow/example_dags/example_xcomargs.py
[2024-06-16T21:36:50.314-0300] {processor.py:840} INFO - DAG(s) 'example_xcom_args_with_operators', 'example_xcom_args' retrieved from /home/maira/.local/lib/python3.10/site-packages/airflow/example_dags/example_xcomargs.py
[2024-06-16T21:36:50.340-0300] {logging_mixin.py:188} INFO - [2024-06-16T21:36:50.339-0300] {dag.py:3096} INFO - Sync 2 DAGs
[2024-06-16T21:36:50.353-0300] {logging_mixin.py:188} INFO - [2024-06-16T21:36:50.353-0300] {dag.py:3954} INFO - Setting next_dagrun for example_xcom_args to None, run_after=None
[2024-06-16T21:36:50.357-0300] {logging_mixin.py:188} INFO - [2024-06-16T21:36:50.357-0300] {dag.py:3954} INFO - Setting next_dagrun for example_xcom_args_with_operators to None, run_after=None
[2024-06-16T21:36:50.390-0300] {processor.py:183} INFO - Processing /home/maira/.local/lib/python3.10/site-packages/airflow/example_dags/example_xcomargs.py took 0.096 seconds
[2024-06-16T21:38:09.949-0300] {processor.py:161} INFO - Started process (PID=85928) to work on /home/maira/.local/lib/python3.10/site-packages/airflow/example_dags/example_xcomargs.py
[2024-06-16T21:38:09.950-0300] {processor.py:830} INFO - Processing file /home/maira/.local/lib/python3.10/site-packages/airflow/example_dags/example_xcomargs.py for tasks to queue
[2024-06-16T21:38:09.951-0300] {logging_mixin.py:188} INFO - [2024-06-16T21:38:09.951-0300] {dagbag.py:545} INFO - Filling up the DagBag from /home/maira/.local/lib/python3.10/site-packages/airflow/example_dags/example_xcomargs.py
[2024-06-16T21:38:09.965-0300] {processor.py:840} INFO - DAG(s) 'example_xcom_args_with_operators', 'example_xcom_args' retrieved from /home/maira/.local/lib/python3.10/site-packages/airflow/example_dags/example_xcomargs.py
[2024-06-16T21:38:09.982-0300] {logging_mixin.py:188} INFO - [2024-06-16T21:38:09.982-0300] {dag.py:3096} INFO - Sync 2 DAGs
[2024-06-16T21:38:09.992-0300] {logging_mixin.py:188} INFO - [2024-06-16T21:38:09.991-0300] {dag.py:3954} INFO - Setting next_dagrun for example_xcom_args to None, run_after=None
[2024-06-16T21:38:09.995-0300] {logging_mixin.py:188} INFO - [2024-06-16T21:38:09.995-0300] {dag.py:3954} INFO - Setting next_dagrun for example_xcom_args_with_operators to None, run_after=None
[2024-06-16T21:38:10.025-0300] {processor.py:183} INFO - Processing /home/maira/.local/lib/python3.10/site-packages/airflow/example_dags/example_xcomargs.py took 0.083 seconds
[2024-06-16T21:39:05.301-0300] {processor.py:161} INFO - Started process (PID=89827) to work on /home/maira/.local/lib/python3.10/site-packages/airflow/example_dags/example_xcomargs.py
[2024-06-16T21:39:05.303-0300] {processor.py:830} INFO - Processing file /home/maira/.local/lib/python3.10/site-packages/airflow/example_dags/example_xcomargs.py for tasks to queue
[2024-06-16T21:39:05.304-0300] {logging_mixin.py:188} INFO - [2024-06-16T21:39:05.304-0300] {dagbag.py:545} INFO - Filling up the DagBag from /home/maira/.local/lib/python3.10/site-packages/airflow/example_dags/example_xcomargs.py
[2024-06-16T21:39:05.318-0300] {processor.py:840} INFO - DAG(s) 'example_xcom_args', 'example_xcom_args_with_operators' retrieved from /home/maira/.local/lib/python3.10/site-packages/airflow/example_dags/example_xcomargs.py
[2024-06-16T21:39:05.426-0300] {logging_mixin.py:188} INFO - [2024-06-16T21:39:05.425-0300] {dag.py:3096} INFO - Sync 2 DAGs
[2024-06-16T21:39:05.541-0300] {logging_mixin.py:188} INFO - [2024-06-16T21:39:05.541-0300] {dag.py:3954} INFO - Setting next_dagrun for example_xcom_args to None, run_after=None
[2024-06-16T21:39:05.555-0300] {logging_mixin.py:188} INFO - [2024-06-16T21:39:05.555-0300] {dag.py:3954} INFO - Setting next_dagrun for example_xcom_args_with_operators to None, run_after=None
[2024-06-16T21:39:05.647-0300] {processor.py:183} INFO - Processing /home/maira/.local/lib/python3.10/site-packages/airflow/example_dags/example_xcomargs.py took 0.355 seconds
[2024-06-16T21:40:07.270-0300] {processor.py:161} INFO - Started process (PID=94582) to work on /home/maira/.local/lib/python3.10/site-packages/airflow/example_dags/example_xcomargs.py
[2024-06-16T21:40:07.272-0300] {processor.py:830} INFO - Processing file /home/maira/.local/lib/python3.10/site-packages/airflow/example_dags/example_xcomargs.py for tasks to queue
[2024-06-16T21:40:07.273-0300] {logging_mixin.py:188} INFO - [2024-06-16T21:40:07.272-0300] {dagbag.py:545} INFO - Filling up the DagBag from /home/maira/.local/lib/python3.10/site-packages/airflow/example_dags/example_xcomargs.py
[2024-06-16T21:40:07.281-0300] {processor.py:840} INFO - DAG(s) 'example_xcom_args_with_operators', 'example_xcom_args' retrieved from /home/maira/.local/lib/python3.10/site-packages/airflow/example_dags/example_xcomargs.py
[2024-06-16T21:40:07.302-0300] {logging_mixin.py:188} INFO - [2024-06-16T21:40:07.302-0300] {dag.py:3096} INFO - Sync 2 DAGs
[2024-06-16T21:40:07.318-0300] {logging_mixin.py:188} INFO - [2024-06-16T21:40:07.318-0300] {dag.py:3954} INFO - Setting next_dagrun for example_xcom_args to None, run_after=None
[2024-06-16T21:40:07.322-0300] {logging_mixin.py:188} INFO - [2024-06-16T21:40:07.322-0300] {dag.py:3954} INFO - Setting next_dagrun for example_xcom_args_with_operators to None, run_after=None
[2024-06-16T21:40:07.352-0300] {processor.py:183} INFO - Processing /home/maira/.local/lib/python3.10/site-packages/airflow/example_dags/example_xcomargs.py took 0.094 seconds
[2024-06-16T21:41:00.660-0300] {processor.py:161} INFO - Started process (PID=98890) to work on /home/maira/.local/lib/python3.10/site-packages/airflow/example_dags/example_xcomargs.py
[2024-06-16T21:41:00.662-0300] {processor.py:830} INFO - Processing file /home/maira/.local/lib/python3.10/site-packages/airflow/example_dags/example_xcomargs.py for tasks to queue
[2024-06-16T21:41:00.665-0300] {logging_mixin.py:188} INFO - [2024-06-16T21:41:00.663-0300] {dagbag.py:545} INFO - Filling up the DagBag from /home/maira/.local/lib/python3.10/site-packages/airflow/example_dags/example_xcomargs.py
[2024-06-16T21:41:00.685-0300] {processor.py:840} INFO - DAG(s) 'example_xcom_args', 'example_xcom_args_with_operators' retrieved from /home/maira/.local/lib/python3.10/site-packages/airflow/example_dags/example_xcomargs.py
[2024-06-16T21:41:00.725-0300] {logging_mixin.py:188} INFO - [2024-06-16T21:41:00.724-0300] {dag.py:3096} INFO - Sync 2 DAGs
[2024-06-16T21:41:00.753-0300] {logging_mixin.py:188} INFO - [2024-06-16T21:41:00.753-0300] {dag.py:3954} INFO - Setting next_dagrun for example_xcom_args to None, run_after=None
[2024-06-16T21:41:00.761-0300] {logging_mixin.py:188} INFO - [2024-06-16T21:41:00.761-0300] {dag.py:3954} INFO - Setting next_dagrun for example_xcom_args_with_operators to None, run_after=None
[2024-06-16T21:41:00.807-0300] {processor.py:183} INFO - Processing /home/maira/.local/lib/python3.10/site-packages/airflow/example_dags/example_xcomargs.py took 0.163 seconds
[2024-06-16T21:41:59.597-0300] {processor.py:161} INFO - Started process (PID=4646) to work on /home/maira/.local/lib/python3.10/site-packages/airflow/example_dags/example_xcomargs.py
[2024-06-16T21:41:59.599-0300] {processor.py:830} INFO - Processing file /home/maira/.local/lib/python3.10/site-packages/airflow/example_dags/example_xcomargs.py for tasks to queue
[2024-06-16T21:41:59.601-0300] {logging_mixin.py:188} INFO - [2024-06-16T21:41:59.600-0300] {dagbag.py:545} INFO - Filling up the DagBag from /home/maira/.local/lib/python3.10/site-packages/airflow/example_dags/example_xcomargs.py
[2024-06-16T21:41:59.617-0300] {processor.py:840} INFO - DAG(s) 'example_xcom_args', 'example_xcom_args_with_operators' retrieved from /home/maira/.local/lib/python3.10/site-packages/airflow/example_dags/example_xcomargs.py
[2024-06-16T21:41:59.650-0300] {logging_mixin.py:188} INFO - [2024-06-16T21:41:59.649-0300] {dag.py:3096} INFO - Sync 2 DAGs
[2024-06-16T21:41:59.672-0300] {logging_mixin.py:188} INFO - [2024-06-16T21:41:59.672-0300] {dag.py:3954} INFO - Setting next_dagrun for example_xcom_args to None, run_after=None
[2024-06-16T21:41:59.678-0300] {logging_mixin.py:188} INFO - [2024-06-16T21:41:59.678-0300] {dag.py:3954} INFO - Setting next_dagrun for example_xcom_args_with_operators to None, run_after=None
[2024-06-16T21:41:59.715-0300] {processor.py:183} INFO - Processing /home/maira/.local/lib/python3.10/site-packages/airflow/example_dags/example_xcomargs.py took 0.127 seconds
[2024-06-16T21:42:52.447-0300] {processor.py:161} INFO - Started process (PID=9121) to work on /home/maira/.local/lib/python3.10/site-packages/airflow/example_dags/example_xcomargs.py
[2024-06-16T21:42:52.449-0300] {processor.py:830} INFO - Processing file /home/maira/.local/lib/python3.10/site-packages/airflow/example_dags/example_xcomargs.py for tasks to queue
[2024-06-16T21:42:52.450-0300] {logging_mixin.py:188} INFO - [2024-06-16T21:42:52.449-0300] {dagbag.py:545} INFO - Filling up the DagBag from /home/maira/.local/lib/python3.10/site-packages/airflow/example_dags/example_xcomargs.py
[2024-06-16T21:42:52.459-0300] {processor.py:840} INFO - DAG(s) 'example_xcom_args_with_operators', 'example_xcom_args' retrieved from /home/maira/.local/lib/python3.10/site-packages/airflow/example_dags/example_xcomargs.py
[2024-06-16T21:42:52.478-0300] {logging_mixin.py:188} INFO - [2024-06-16T21:42:52.478-0300] {dag.py:3096} INFO - Sync 2 DAGs
[2024-06-16T21:42:52.490-0300] {logging_mixin.py:188} INFO - [2024-06-16T21:42:52.489-0300] {dag.py:3954} INFO - Setting next_dagrun for example_xcom_args to None, run_after=None
[2024-06-16T21:42:52.493-0300] {logging_mixin.py:188} INFO - [2024-06-16T21:42:52.492-0300] {dag.py:3954} INFO - Setting next_dagrun for example_xcom_args_with_operators to None, run_after=None
[2024-06-16T21:42:52.517-0300] {processor.py:183} INFO - Processing /home/maira/.local/lib/python3.10/site-packages/airflow/example_dags/example_xcomargs.py took 0.078 seconds
[2024-06-16T21:44:13.600-0300] {processor.py:161} INFO - Started process (PID=13884) to work on /home/maira/.local/lib/python3.10/site-packages/airflow/example_dags/example_xcomargs.py
[2024-06-16T21:44:13.608-0300] {processor.py:830} INFO - Processing file /home/maira/.local/lib/python3.10/site-packages/airflow/example_dags/example_xcomargs.py for tasks to queue
[2024-06-16T21:44:13.609-0300] {logging_mixin.py:188} INFO - [2024-06-16T21:44:13.609-0300] {dagbag.py:545} INFO - Filling up the DagBag from /home/maira/.local/lib/python3.10/site-packages/airflow/example_dags/example_xcomargs.py
[2024-06-16T21:44:13.617-0300] {processor.py:840} INFO - DAG(s) 'example_xcom_args', 'example_xcom_args_with_operators' retrieved from /home/maira/.local/lib/python3.10/site-packages/airflow/example_dags/example_xcomargs.py
[2024-06-16T21:44:13.634-0300] {logging_mixin.py:188} INFO - [2024-06-16T21:44:13.634-0300] {dag.py:3096} INFO - Sync 2 DAGs
[2024-06-16T21:44:13.644-0300] {logging_mixin.py:188} INFO - [2024-06-16T21:44:13.643-0300] {dag.py:3954} INFO - Setting next_dagrun for example_xcom_args to None, run_after=None
[2024-06-16T21:44:13.646-0300] {logging_mixin.py:188} INFO - [2024-06-16T21:44:13.646-0300] {dag.py:3954} INFO - Setting next_dagrun for example_xcom_args_with_operators to None, run_after=None
[2024-06-16T21:44:13.851-0300] {processor.py:183} INFO - Processing /home/maira/.local/lib/python3.10/site-packages/airflow/example_dags/example_xcomargs.py took 0.259 seconds
