[2024-06-16T21:32:36.455-0300] {processor.py:161} INFO - Started process (PID=85518) to work on /home/maira/.local/lib/python3.10/site-packages/airflow/example_dags/example_kubernetes_executor.py
[2024-06-16T21:32:36.456-0300] {processor.py:830} INFO - Processing file /home/maira/.local/lib/python3.10/site-packages/airflow/example_dags/example_kubernetes_executor.py for tasks to queue
[2024-06-16T21:32:36.458-0300] {logging_mixin.py:188} INFO - [2024-06-16T21:32:36.457-0300] {dagbag.py:545} INFO - Filling up the DagBag from /home/maira/.local/lib/python3.10/site-packages/airflow/example_dags/example_kubernetes_executor.py
[2024-06-16T21:32:36.466-0300] {logging_mixin.py:188} INFO - [2024-06-16T21:32:36.465-0300] {example_kubernetes_executor.py:39} WARNING - The example_kubernetes_executor example DAG requires the kubernetes provider. Please install it with: pip install apache-airflow[cncf.kubernetes]
[2024-06-16T21:32:36.466-0300] {processor.py:842} WARNING - No viable dags retrieved from /home/maira/.local/lib/python3.10/site-packages/airflow/example_dags/example_kubernetes_executor.py
[2024-06-16T21:32:36.480-0300] {processor.py:183} INFO - Processing /home/maira/.local/lib/python3.10/site-packages/airflow/example_dags/example_kubernetes_executor.py took 0.039 seconds
[2024-06-16T21:33:35.317-0300] {processor.py:161} INFO - Started process (PID=85588) to work on /home/maira/.local/lib/python3.10/site-packages/airflow/example_dags/example_kubernetes_executor.py
[2024-06-16T21:33:35.320-0300] {processor.py:830} INFO - Processing file /home/maira/.local/lib/python3.10/site-packages/airflow/example_dags/example_kubernetes_executor.py for tasks to queue
[2024-06-16T21:33:35.321-0300] {logging_mixin.py:188} INFO - [2024-06-16T21:33:35.321-0300] {dagbag.py:545} INFO - Filling up the DagBag from /home/maira/.local/lib/python3.10/site-packages/airflow/example_dags/example_kubernetes_executor.py
[2024-06-16T21:33:35.324-0300] {logging_mixin.py:188} INFO - [2024-06-16T21:33:35.324-0300] {example_kubernetes_executor.py:39} WARNING - The example_kubernetes_executor example DAG requires the kubernetes provider. Please install it with: pip install apache-airflow[cncf.kubernetes]
[2024-06-16T21:33:35.325-0300] {processor.py:842} WARNING - No viable dags retrieved from /home/maira/.local/lib/python3.10/site-packages/airflow/example_dags/example_kubernetes_executor.py
[2024-06-16T21:33:35.334-0300] {processor.py:183} INFO - Processing /home/maira/.local/lib/python3.10/site-packages/airflow/example_dags/example_kubernetes_executor.py took 0.023 seconds
[2024-06-16T21:34:31.529-0300] {processor.py:161} INFO - Started process (PID=85654) to work on /home/maira/.local/lib/python3.10/site-packages/airflow/example_dags/example_kubernetes_executor.py
[2024-06-16T21:34:31.531-0300] {processor.py:830} INFO - Processing file /home/maira/.local/lib/python3.10/site-packages/airflow/example_dags/example_kubernetes_executor.py for tasks to queue
[2024-06-16T21:34:31.532-0300] {logging_mixin.py:188} INFO - [2024-06-16T21:34:31.532-0300] {dagbag.py:545} INFO - Filling up the DagBag from /home/maira/.local/lib/python3.10/site-packages/airflow/example_dags/example_kubernetes_executor.py
[2024-06-16T21:34:31.539-0300] {logging_mixin.py:188} INFO - [2024-06-16T21:34:31.539-0300] {example_kubernetes_executor.py:39} WARNING - The example_kubernetes_executor example DAG requires the kubernetes provider. Please install it with: pip install apache-airflow[cncf.kubernetes]
[2024-06-16T21:34:31.540-0300] {processor.py:842} WARNING - No viable dags retrieved from /home/maira/.local/lib/python3.10/site-packages/airflow/example_dags/example_kubernetes_executor.py
[2024-06-16T21:34:31.553-0300] {processor.py:183} INFO - Processing /home/maira/.local/lib/python3.10/site-packages/airflow/example_dags/example_kubernetes_executor.py took 0.036 seconds
[2024-06-16T21:35:25.531-0300] {processor.py:161} INFO - Started process (PID=85727) to work on /home/maira/.local/lib/python3.10/site-packages/airflow/example_dags/example_kubernetes_executor.py
[2024-06-16T21:35:25.533-0300] {processor.py:830} INFO - Processing file /home/maira/.local/lib/python3.10/site-packages/airflow/example_dags/example_kubernetes_executor.py for tasks to queue
[2024-06-16T21:35:25.534-0300] {logging_mixin.py:188} INFO - [2024-06-16T21:35:25.534-0300] {dagbag.py:545} INFO - Filling up the DagBag from /home/maira/.local/lib/python3.10/site-packages/airflow/example_dags/example_kubernetes_executor.py
[2024-06-16T21:35:25.537-0300] {logging_mixin.py:188} INFO - [2024-06-16T21:35:25.536-0300] {example_kubernetes_executor.py:39} WARNING - The example_kubernetes_executor example DAG requires the kubernetes provider. Please install it with: pip install apache-airflow[cncf.kubernetes]
[2024-06-16T21:35:25.537-0300] {processor.py:842} WARNING - No viable dags retrieved from /home/maira/.local/lib/python3.10/site-packages/airflow/example_dags/example_kubernetes_executor.py
[2024-06-16T21:35:25.545-0300] {processor.py:183} INFO - Processing /home/maira/.local/lib/python3.10/site-packages/airflow/example_dags/example_kubernetes_executor.py took 0.022 seconds
[2024-06-16T21:36:17.440-0300] {processor.py:161} INFO - Started process (PID=85795) to work on /home/maira/.local/lib/python3.10/site-packages/airflow/example_dags/example_kubernetes_executor.py
[2024-06-16T21:36:17.442-0300] {processor.py:830} INFO - Processing file /home/maira/.local/lib/python3.10/site-packages/airflow/example_dags/example_kubernetes_executor.py for tasks to queue
[2024-06-16T21:36:17.443-0300] {logging_mixin.py:188} INFO - [2024-06-16T21:36:17.443-0300] {dagbag.py:545} INFO - Filling up the DagBag from /home/maira/.local/lib/python3.10/site-packages/airflow/example_dags/example_kubernetes_executor.py
[2024-06-16T21:36:17.446-0300] {logging_mixin.py:188} INFO - [2024-06-16T21:36:17.446-0300] {example_kubernetes_executor.py:39} WARNING - The example_kubernetes_executor example DAG requires the kubernetes provider. Please install it with: pip install apache-airflow[cncf.kubernetes]
[2024-06-16T21:36:17.446-0300] {processor.py:842} WARNING - No viable dags retrieved from /home/maira/.local/lib/python3.10/site-packages/airflow/example_dags/example_kubernetes_executor.py
[2024-06-16T21:36:17.455-0300] {processor.py:183} INFO - Processing /home/maira/.local/lib/python3.10/site-packages/airflow/example_dags/example_kubernetes_executor.py took 0.021 seconds
[2024-06-16T21:37:46.461-0300] {processor.py:161} INFO - Started process (PID=85903) to work on /home/maira/.local/lib/python3.10/site-packages/airflow/example_dags/example_kubernetes_executor.py
[2024-06-16T21:37:46.463-0300] {processor.py:830} INFO - Processing file /home/maira/.local/lib/python3.10/site-packages/airflow/example_dags/example_kubernetes_executor.py for tasks to queue
[2024-06-16T21:37:46.464-0300] {logging_mixin.py:188} INFO - [2024-06-16T21:37:46.463-0300] {dagbag.py:545} INFO - Filling up the DagBag from /home/maira/.local/lib/python3.10/site-packages/airflow/example_dags/example_kubernetes_executor.py
[2024-06-16T21:37:46.469-0300] {logging_mixin.py:188} INFO - [2024-06-16T21:37:46.469-0300] {example_kubernetes_executor.py:39} WARNING - The example_kubernetes_executor example DAG requires the kubernetes provider. Please install it with: pip install apache-airflow[cncf.kubernetes]
[2024-06-16T21:37:46.469-0300] {processor.py:842} WARNING - No viable dags retrieved from /home/maira/.local/lib/python3.10/site-packages/airflow/example_dags/example_kubernetes_executor.py
[2024-06-16T21:37:46.479-0300] {processor.py:183} INFO - Processing /home/maira/.local/lib/python3.10/site-packages/airflow/example_dags/example_kubernetes_executor.py took 0.026 seconds
[2024-06-16T21:38:41.241-0300] {processor.py:161} INFO - Started process (PID=87637) to work on /home/maira/.local/lib/python3.10/site-packages/airflow/example_dags/example_kubernetes_executor.py
[2024-06-16T21:38:41.242-0300] {processor.py:830} INFO - Processing file /home/maira/.local/lib/python3.10/site-packages/airflow/example_dags/example_kubernetes_executor.py for tasks to queue
[2024-06-16T21:38:41.244-0300] {logging_mixin.py:188} INFO - [2024-06-16T21:38:41.243-0300] {dagbag.py:545} INFO - Filling up the DagBag from /home/maira/.local/lib/python3.10/site-packages/airflow/example_dags/example_kubernetes_executor.py
[2024-06-16T21:38:41.248-0300] {logging_mixin.py:188} INFO - [2024-06-16T21:38:41.247-0300] {example_kubernetes_executor.py:39} WARNING - The example_kubernetes_executor example DAG requires the kubernetes provider. Please install it with: pip install apache-airflow[cncf.kubernetes]
[2024-06-16T21:38:41.248-0300] {processor.py:842} WARNING - No viable dags retrieved from /home/maira/.local/lib/python3.10/site-packages/airflow/example_dags/example_kubernetes_executor.py
[2024-06-16T21:38:41.256-0300] {processor.py:183} INFO - Processing /home/maira/.local/lib/python3.10/site-packages/airflow/example_dags/example_kubernetes_executor.py took 0.022 seconds
[2024-06-16T21:39:46.647-0300] {processor.py:161} INFO - Started process (PID=92875) to work on /home/maira/.local/lib/python3.10/site-packages/airflow/example_dags/example_kubernetes_executor.py
[2024-06-16T21:39:46.648-0300] {processor.py:830} INFO - Processing file /home/maira/.local/lib/python3.10/site-packages/airflow/example_dags/example_kubernetes_executor.py for tasks to queue
[2024-06-16T21:39:46.649-0300] {logging_mixin.py:188} INFO - [2024-06-16T21:39:46.649-0300] {dagbag.py:545} INFO - Filling up the DagBag from /home/maira/.local/lib/python3.10/site-packages/airflow/example_dags/example_kubernetes_executor.py
[2024-06-16T21:39:46.652-0300] {logging_mixin.py:188} INFO - [2024-06-16T21:39:46.652-0300] {example_kubernetes_executor.py:39} WARNING - The example_kubernetes_executor example DAG requires the kubernetes provider. Please install it with: pip install apache-airflow[cncf.kubernetes]
[2024-06-16T21:39:46.652-0300] {processor.py:842} WARNING - No viable dags retrieved from /home/maira/.local/lib/python3.10/site-packages/airflow/example_dags/example_kubernetes_executor.py
[2024-06-16T21:39:46.662-0300] {processor.py:183} INFO - Processing /home/maira/.local/lib/python3.10/site-packages/airflow/example_dags/example_kubernetes_executor.py took 0.023 seconds
[2024-06-16T21:40:43.550-0300] {processor.py:161} INFO - Started process (PID=97939) to work on /home/maira/.local/lib/python3.10/site-packages/airflow/example_dags/example_kubernetes_executor.py
[2024-06-16T21:40:43.552-0300] {processor.py:830} INFO - Processing file /home/maira/.local/lib/python3.10/site-packages/airflow/example_dags/example_kubernetes_executor.py for tasks to queue
[2024-06-16T21:40:43.554-0300] {logging_mixin.py:188} INFO - [2024-06-16T21:40:43.553-0300] {dagbag.py:545} INFO - Filling up the DagBag from /home/maira/.local/lib/python3.10/site-packages/airflow/example_dags/example_kubernetes_executor.py
[2024-06-16T21:40:43.560-0300] {logging_mixin.py:188} INFO - [2024-06-16T21:40:43.560-0300] {example_kubernetes_executor.py:39} WARNING - The example_kubernetes_executor example DAG requires the kubernetes provider. Please install it with: pip install apache-airflow[cncf.kubernetes]
[2024-06-16T21:40:43.561-0300] {processor.py:842} WARNING - No viable dags retrieved from /home/maira/.local/lib/python3.10/site-packages/airflow/example_dags/example_kubernetes_executor.py
[2024-06-16T21:40:43.579-0300] {processor.py:183} INFO - Processing /home/maira/.local/lib/python3.10/site-packages/airflow/example_dags/example_kubernetes_executor.py took 0.049 seconds
[2024-06-16T21:41:39.924-0300] {processor.py:161} INFO - Started process (PID=3002) to work on /home/maira/.local/lib/python3.10/site-packages/airflow/example_dags/example_kubernetes_executor.py
[2024-06-16T21:41:39.926-0300] {processor.py:830} INFO - Processing file /home/maira/.local/lib/python3.10/site-packages/airflow/example_dags/example_kubernetes_executor.py for tasks to queue
[2024-06-16T21:41:39.927-0300] {logging_mixin.py:188} INFO - [2024-06-16T21:41:39.927-0300] {dagbag.py:545} INFO - Filling up the DagBag from /home/maira/.local/lib/python3.10/site-packages/airflow/example_dags/example_kubernetes_executor.py
[2024-06-16T21:41:39.931-0300] {logging_mixin.py:188} INFO - [2024-06-16T21:41:39.931-0300] {example_kubernetes_executor.py:39} WARNING - The example_kubernetes_executor example DAG requires the kubernetes provider. Please install it with: pip install apache-airflow[cncf.kubernetes]
[2024-06-16T21:41:39.932-0300] {processor.py:842} WARNING - No viable dags retrieved from /home/maira/.local/lib/python3.10/site-packages/airflow/example_dags/example_kubernetes_executor.py
[2024-06-16T21:41:39.942-0300] {processor.py:183} INFO - Processing /home/maira/.local/lib/python3.10/site-packages/airflow/example_dags/example_kubernetes_executor.py took 0.025 seconds
[2024-06-16T21:42:36.591-0300] {processor.py:161} INFO - Started process (PID=7780) to work on /home/maira/.local/lib/python3.10/site-packages/airflow/example_dags/example_kubernetes_executor.py
[2024-06-16T21:42:36.593-0300] {processor.py:830} INFO - Processing file /home/maira/.local/lib/python3.10/site-packages/airflow/example_dags/example_kubernetes_executor.py for tasks to queue
[2024-06-16T21:42:36.594-0300] {logging_mixin.py:188} INFO - [2024-06-16T21:42:36.593-0300] {dagbag.py:545} INFO - Filling up the DagBag from /home/maira/.local/lib/python3.10/site-packages/airflow/example_dags/example_kubernetes_executor.py
[2024-06-16T21:42:36.598-0300] {logging_mixin.py:188} INFO - [2024-06-16T21:42:36.598-0300] {example_kubernetes_executor.py:39} WARNING - The example_kubernetes_executor example DAG requires the kubernetes provider. Please install it with: pip install apache-airflow[cncf.kubernetes]
[2024-06-16T21:42:36.599-0300] {processor.py:842} WARNING - No viable dags retrieved from /home/maira/.local/lib/python3.10/site-packages/airflow/example_dags/example_kubernetes_executor.py
[2024-06-16T21:42:36.609-0300] {processor.py:183} INFO - Processing /home/maira/.local/lib/python3.10/site-packages/airflow/example_dags/example_kubernetes_executor.py took 0.027 seconds
[2024-06-16T21:43:41.273-0300] {processor.py:161} INFO - Started process (PID=12343) to work on /home/maira/.local/lib/python3.10/site-packages/airflow/example_dags/example_kubernetes_executor.py
[2024-06-16T21:43:41.389-0300] {processor.py:830} INFO - Processing file /home/maira/.local/lib/python3.10/site-packages/airflow/example_dags/example_kubernetes_executor.py for tasks to queue
[2024-06-16T21:43:41.392-0300] {logging_mixin.py:188} INFO - [2024-06-16T21:43:41.390-0300] {dagbag.py:545} INFO - Filling up the DagBag from /home/maira/.local/lib/python3.10/site-packages/airflow/example_dags/example_kubernetes_executor.py
[2024-06-16T21:43:41.578-0300] {logging_mixin.py:188} INFO - [2024-06-16T21:43:41.578-0300] {example_kubernetes_executor.py:39} WARNING - The example_kubernetes_executor example DAG requires the kubernetes provider. Please install it with: pip install apache-airflow[cncf.kubernetes]
[2024-06-16T21:43:41.579-0300] {processor.py:842} WARNING - No viable dags retrieved from /home/maira/.local/lib/python3.10/site-packages/airflow/example_dags/example_kubernetes_executor.py
[2024-06-16T21:43:41.588-0300] {processor.py:183} INFO - Processing /home/maira/.local/lib/python3.10/site-packages/airflow/example_dags/example_kubernetes_executor.py took 0.624 seconds
[2024-06-16T21:44:49.377-0300] {processor.py:161} INFO - Started process (PID=16752) to work on /home/maira/.local/lib/python3.10/site-packages/airflow/example_dags/example_kubernetes_executor.py
[2024-06-16T21:44:49.379-0300] {processor.py:830} INFO - Processing file /home/maira/.local/lib/python3.10/site-packages/airflow/example_dags/example_kubernetes_executor.py for tasks to queue
[2024-06-16T21:44:49.380-0300] {logging_mixin.py:188} INFO - [2024-06-16T21:44:49.379-0300] {dagbag.py:545} INFO - Filling up the DagBag from /home/maira/.local/lib/python3.10/site-packages/airflow/example_dags/example_kubernetes_executor.py
[2024-06-16T21:44:49.384-0300] {logging_mixin.py:188} INFO - [2024-06-16T21:44:49.384-0300] {example_kubernetes_executor.py:39} WARNING - The example_kubernetes_executor example DAG requires the kubernetes provider. Please install it with: pip install apache-airflow[cncf.kubernetes]
[2024-06-16T21:44:49.384-0300] {processor.py:842} WARNING - No viable dags retrieved from /home/maira/.local/lib/python3.10/site-packages/airflow/example_dags/example_kubernetes_executor.py
[2024-06-16T21:44:49.396-0300] {processor.py:183} INFO - Processing /home/maira/.local/lib/python3.10/site-packages/airflow/example_dags/example_kubernetes_executor.py took 0.030 seconds
