[2024-06-16T21:31:56.812-0300] {processor.py:161} INFO - Started process (PID=85468) to work on /home/maira/.local/lib/python3.10/site-packages/airflow/example_dags/example_short_circuit_decorator.py
[2024-06-16T21:31:56.813-0300] {processor.py:830} INFO - Processing file /home/maira/.local/lib/python3.10/site-packages/airflow/example_dags/example_short_circuit_decorator.py for tasks to queue
[2024-06-16T21:31:56.814-0300] {logging_mixin.py:188} INFO - [2024-06-16T21:31:56.813-0300] {dagbag.py:545} INFO - Filling up the DagBag from /home/maira/.local/lib/python3.10/site-packages/airflow/example_dags/example_short_circuit_decorator.py
[2024-06-16T21:31:56.825-0300] {processor.py:840} INFO - DAG(s) 'example_short_circuit_decorator' retrieved from /home/maira/.local/lib/python3.10/site-packages/airflow/example_dags/example_short_circuit_decorator.py
[2024-06-16T21:31:56.841-0300] {logging_mixin.py:188} INFO - [2024-06-16T21:31:56.841-0300] {dag.py:3096} INFO - Sync 1 DAGs
[2024-06-16T21:31:56.856-0300] {logging_mixin.py:188} INFO - [2024-06-16T21:31:56.856-0300] {dag.py:3954} INFO - Setting next_dagrun for example_short_circuit_decorator to 2024-06-16 00:00:00+00:00, run_after=2024-06-17 00:00:00+00:00
[2024-06-16T21:31:56.886-0300] {processor.py:183} INFO - Processing /home/maira/.local/lib/python3.10/site-packages/airflow/example_dags/example_short_circuit_decorator.py took 0.087 seconds
[2024-06-16T21:32:54.891-0300] {processor.py:161} INFO - Started process (PID=85533) to work on /home/maira/.local/lib/python3.10/site-packages/airflow/example_dags/example_short_circuit_decorator.py
[2024-06-16T21:32:54.893-0300] {processor.py:830} INFO - Processing file /home/maira/.local/lib/python3.10/site-packages/airflow/example_dags/example_short_circuit_decorator.py for tasks to queue
[2024-06-16T21:32:54.893-0300] {logging_mixin.py:188} INFO - [2024-06-16T21:32:54.893-0300] {dagbag.py:545} INFO - Filling up the DagBag from /home/maira/.local/lib/python3.10/site-packages/airflow/example_dags/example_short_circuit_decorator.py
[2024-06-16T21:32:54.901-0300] {processor.py:840} INFO - DAG(s) 'example_short_circuit_decorator' retrieved from /home/maira/.local/lib/python3.10/site-packages/airflow/example_dags/example_short_circuit_decorator.py
[2024-06-16T21:32:54.920-0300] {logging_mixin.py:188} INFO - [2024-06-16T21:32:54.919-0300] {dag.py:3096} INFO - Sync 1 DAGs
[2024-06-16T21:32:54.940-0300] {logging_mixin.py:188} INFO - [2024-06-16T21:32:54.940-0300] {dag.py:3954} INFO - Setting next_dagrun for example_short_circuit_decorator to 2024-06-16 00:00:00+00:00, run_after=2024-06-17 00:00:00+00:00
[2024-06-16T21:32:54.968-0300] {processor.py:183} INFO - Processing /home/maira/.local/lib/python3.10/site-packages/airflow/example_dags/example_short_circuit_decorator.py took 0.084 seconds
[2024-06-16T21:33:47.973-0300] {processor.py:161} INFO - Started process (PID=85601) to work on /home/maira/.local/lib/python3.10/site-packages/airflow/example_dags/example_short_circuit_decorator.py
[2024-06-16T21:33:47.975-0300] {processor.py:830} INFO - Processing file /home/maira/.local/lib/python3.10/site-packages/airflow/example_dags/example_short_circuit_decorator.py for tasks to queue
[2024-06-16T21:33:47.976-0300] {logging_mixin.py:188} INFO - [2024-06-16T21:33:47.976-0300] {dagbag.py:545} INFO - Filling up the DagBag from /home/maira/.local/lib/python3.10/site-packages/airflow/example_dags/example_short_circuit_decorator.py
[2024-06-16T21:33:47.984-0300] {processor.py:840} INFO - DAG(s) 'example_short_circuit_decorator' retrieved from /home/maira/.local/lib/python3.10/site-packages/airflow/example_dags/example_short_circuit_decorator.py
[2024-06-16T21:33:47.999-0300] {logging_mixin.py:188} INFO - [2024-06-16T21:33:47.998-0300] {dag.py:3096} INFO - Sync 1 DAGs
[2024-06-16T21:33:48.014-0300] {logging_mixin.py:188} INFO - [2024-06-16T21:33:48.014-0300] {dag.py:3954} INFO - Setting next_dagrun for example_short_circuit_decorator to 2024-06-16 00:00:00+00:00, run_after=2024-06-17 00:00:00+00:00
[2024-06-16T21:33:48.035-0300] {processor.py:183} INFO - Processing /home/maira/.local/lib/python3.10/site-packages/airflow/example_dags/example_short_circuit_decorator.py took 0.074 seconds
[2024-06-16T21:34:49.086-0300] {processor.py:161} INFO - Started process (PID=85671) to work on /home/maira/.local/lib/python3.10/site-packages/airflow/example_dags/example_short_circuit_decorator.py
[2024-06-16T21:34:49.089-0300] {processor.py:830} INFO - Processing file /home/maira/.local/lib/python3.10/site-packages/airflow/example_dags/example_short_circuit_decorator.py for tasks to queue
[2024-06-16T21:34:49.090-0300] {logging_mixin.py:188} INFO - [2024-06-16T21:34:49.090-0300] {dagbag.py:545} INFO - Filling up the DagBag from /home/maira/.local/lib/python3.10/site-packages/airflow/example_dags/example_short_circuit_decorator.py
[2024-06-16T21:34:49.097-0300] {processor.py:840} INFO - DAG(s) 'example_short_circuit_decorator' retrieved from /home/maira/.local/lib/python3.10/site-packages/airflow/example_dags/example_short_circuit_decorator.py
[2024-06-16T21:34:49.111-0300] {logging_mixin.py:188} INFO - [2024-06-16T21:34:49.111-0300] {dag.py:3096} INFO - Sync 1 DAGs
[2024-06-16T21:34:49.125-0300] {logging_mixin.py:188} INFO - [2024-06-16T21:34:49.125-0300] {dag.py:3954} INFO - Setting next_dagrun for example_short_circuit_decorator to 2024-06-16 00:00:00+00:00, run_after=2024-06-17 00:00:00+00:00
[2024-06-16T21:34:49.150-0300] {processor.py:183} INFO - Processing /home/maira/.local/lib/python3.10/site-packages/airflow/example_dags/example_short_circuit_decorator.py took 0.071 seconds
[2024-06-16T21:35:38.969-0300] {processor.py:161} INFO - Started process (PID=85741) to work on /home/maira/.local/lib/python3.10/site-packages/airflow/example_dags/example_short_circuit_decorator.py
[2024-06-16T21:35:38.971-0300] {processor.py:830} INFO - Processing file /home/maira/.local/lib/python3.10/site-packages/airflow/example_dags/example_short_circuit_decorator.py for tasks to queue
[2024-06-16T21:35:38.971-0300] {logging_mixin.py:188} INFO - [2024-06-16T21:35:38.971-0300] {dagbag.py:545} INFO - Filling up the DagBag from /home/maira/.local/lib/python3.10/site-packages/airflow/example_dags/example_short_circuit_decorator.py
[2024-06-16T21:35:38.979-0300] {processor.py:840} INFO - DAG(s) 'example_short_circuit_decorator' retrieved from /home/maira/.local/lib/python3.10/site-packages/airflow/example_dags/example_short_circuit_decorator.py
[2024-06-16T21:35:38.993-0300] {logging_mixin.py:188} INFO - [2024-06-16T21:35:38.993-0300] {dag.py:3096} INFO - Sync 1 DAGs
[2024-06-16T21:35:39.009-0300] {logging_mixin.py:188} INFO - [2024-06-16T21:35:39.008-0300] {dag.py:3954} INFO - Setting next_dagrun for example_short_circuit_decorator to 2024-06-16 00:00:00+00:00, run_after=2024-06-17 00:00:00+00:00
[2024-06-16T21:35:39.033-0300] {processor.py:183} INFO - Processing /home/maira/.local/lib/python3.10/site-packages/airflow/example_dags/example_short_circuit_decorator.py took 0.072 seconds
[2024-06-16T21:36:22.718-0300] {processor.py:161} INFO - Started process (PID=85801) to work on /home/maira/.local/lib/python3.10/site-packages/airflow/example_dags/example_short_circuit_decorator.py
[2024-06-16T21:36:22.720-0300] {processor.py:830} INFO - Processing file /home/maira/.local/lib/python3.10/site-packages/airflow/example_dags/example_short_circuit_decorator.py for tasks to queue
[2024-06-16T21:36:22.722-0300] {logging_mixin.py:188} INFO - [2024-06-16T21:36:22.721-0300] {dagbag.py:545} INFO - Filling up the DagBag from /home/maira/.local/lib/python3.10/site-packages/airflow/example_dags/example_short_circuit_decorator.py
[2024-06-16T21:36:22.737-0300] {processor.py:840} INFO - DAG(s) 'example_short_circuit_decorator' retrieved from /home/maira/.local/lib/python3.10/site-packages/airflow/example_dags/example_short_circuit_decorator.py
[2024-06-16T21:36:22.763-0300] {logging_mixin.py:188} INFO - [2024-06-16T21:36:22.763-0300] {dag.py:3096} INFO - Sync 1 DAGs
[2024-06-16T21:36:22.786-0300] {logging_mixin.py:188} INFO - [2024-06-16T21:36:22.785-0300] {dag.py:3954} INFO - Setting next_dagrun for example_short_circuit_decorator to 2024-06-16 00:00:00+00:00, run_after=2024-06-17 00:00:00+00:00
[2024-06-16T21:36:22.847-0300] {processor.py:183} INFO - Processing /home/maira/.local/lib/python3.10/site-packages/airflow/example_dags/example_short_circuit_decorator.py took 0.141 seconds
[2024-06-16T21:37:20.814-0300] {processor.py:161} INFO - Started process (PID=85876) to work on /home/maira/.local/lib/python3.10/site-packages/airflow/example_dags/example_short_circuit_decorator.py
[2024-06-16T21:37:20.817-0300] {processor.py:830} INFO - Processing file /home/maira/.local/lib/python3.10/site-packages/airflow/example_dags/example_short_circuit_decorator.py for tasks to queue
[2024-06-16T21:37:20.818-0300] {logging_mixin.py:188} INFO - [2024-06-16T21:37:20.818-0300] {dagbag.py:545} INFO - Filling up the DagBag from /home/maira/.local/lib/python3.10/site-packages/airflow/example_dags/example_short_circuit_decorator.py
[2024-06-16T21:37:20.826-0300] {processor.py:840} INFO - DAG(s) 'example_short_circuit_decorator' retrieved from /home/maira/.local/lib/python3.10/site-packages/airflow/example_dags/example_short_circuit_decorator.py
[2024-06-16T21:37:20.841-0300] {logging_mixin.py:188} INFO - [2024-06-16T21:37:20.840-0300] {dag.py:3096} INFO - Sync 1 DAGs
[2024-06-16T21:37:20.857-0300] {logging_mixin.py:188} INFO - [2024-06-16T21:37:20.857-0300] {dag.py:3954} INFO - Setting next_dagrun for example_short_circuit_decorator to 2024-06-16 00:00:00+00:00, run_after=2024-06-17 00:00:00+00:00
[2024-06-16T21:37:20.883-0300] {processor.py:183} INFO - Processing /home/maira/.local/lib/python3.10/site-packages/airflow/example_dags/example_short_circuit_decorator.py took 0.075 seconds
[2024-06-16T21:38:00.451-0300] {processor.py:161} INFO - Started process (PID=85918) to work on /home/maira/.local/lib/python3.10/site-packages/airflow/example_dags/example_short_circuit_decorator.py
[2024-06-16T21:38:00.453-0300] {processor.py:830} INFO - Processing file /home/maira/.local/lib/python3.10/site-packages/airflow/example_dags/example_short_circuit_decorator.py for tasks to queue
[2024-06-16T21:38:00.453-0300] {logging_mixin.py:188} INFO - [2024-06-16T21:38:00.453-0300] {dagbag.py:545} INFO - Filling up the DagBag from /home/maira/.local/lib/python3.10/site-packages/airflow/example_dags/example_short_circuit_decorator.py
[2024-06-16T21:38:00.461-0300] {processor.py:840} INFO - DAG(s) 'example_short_circuit_decorator' retrieved from /home/maira/.local/lib/python3.10/site-packages/airflow/example_dags/example_short_circuit_decorator.py
[2024-06-16T21:38:00.477-0300] {logging_mixin.py:188} INFO - [2024-06-16T21:38:00.477-0300] {dag.py:3096} INFO - Sync 1 DAGs
[2024-06-16T21:38:00.494-0300] {logging_mixin.py:188} INFO - [2024-06-16T21:38:00.493-0300] {dag.py:3954} INFO - Setting next_dagrun for example_short_circuit_decorator to 2024-06-16 00:00:00+00:00, run_after=2024-06-17 00:00:00+00:00
[2024-06-16T21:38:00.523-0300] {processor.py:183} INFO - Processing /home/maira/.local/lib/python3.10/site-packages/airflow/example_dags/example_short_circuit_decorator.py took 0.079 seconds
[2024-06-16T21:38:56.194-0300] {processor.py:161} INFO - Started process (PID=89097) to work on /home/maira/.local/lib/python3.10/site-packages/airflow/example_dags/example_short_circuit_decorator.py
[2024-06-16T21:38:56.196-0300] {processor.py:830} INFO - Processing file /home/maira/.local/lib/python3.10/site-packages/airflow/example_dags/example_short_circuit_decorator.py for tasks to queue
[2024-06-16T21:38:56.197-0300] {logging_mixin.py:188} INFO - [2024-06-16T21:38:56.197-0300] {dagbag.py:545} INFO - Filling up the DagBag from /home/maira/.local/lib/python3.10/site-packages/airflow/example_dags/example_short_circuit_decorator.py
[2024-06-16T21:38:56.205-0300] {processor.py:840} INFO - DAG(s) 'example_short_circuit_decorator' retrieved from /home/maira/.local/lib/python3.10/site-packages/airflow/example_dags/example_short_circuit_decorator.py
[2024-06-16T21:38:56.222-0300] {logging_mixin.py:188} INFO - [2024-06-16T21:38:56.222-0300] {dag.py:3096} INFO - Sync 1 DAGs
[2024-06-16T21:38:56.245-0300] {logging_mixin.py:188} INFO - [2024-06-16T21:38:56.245-0300] {dag.py:3954} INFO - Setting next_dagrun for example_short_circuit_decorator to 2024-06-16 00:00:00+00:00, run_after=2024-06-17 00:00:00+00:00
[2024-06-16T21:38:56.282-0300] {processor.py:183} INFO - Processing /home/maira/.local/lib/python3.10/site-packages/airflow/example_dags/example_short_circuit_decorator.py took 0.096 seconds
[2024-06-16T21:39:30.859-0300] {processor.py:161} INFO - Started process (PID=91665) to work on /home/maira/.local/lib/python3.10/site-packages/airflow/example_dags/example_short_circuit_decorator.py
[2024-06-16T21:39:30.861-0300] {processor.py:830} INFO - Processing file /home/maira/.local/lib/python3.10/site-packages/airflow/example_dags/example_short_circuit_decorator.py for tasks to queue
[2024-06-16T21:39:30.862-0300] {logging_mixin.py:188} INFO - [2024-06-16T21:39:30.861-0300] {dagbag.py:545} INFO - Filling up the DagBag from /home/maira/.local/lib/python3.10/site-packages/airflow/example_dags/example_short_circuit_decorator.py
[2024-06-16T21:39:30.875-0300] {processor.py:840} INFO - DAG(s) 'example_short_circuit_decorator' retrieved from /home/maira/.local/lib/python3.10/site-packages/airflow/example_dags/example_short_circuit_decorator.py
[2024-06-16T21:39:30.901-0300] {logging_mixin.py:188} INFO - [2024-06-16T21:39:30.901-0300] {dag.py:3096} INFO - Sync 1 DAGs
[2024-06-16T21:39:30.926-0300] {logging_mixin.py:188} INFO - [2024-06-16T21:39:30.926-0300] {dag.py:3954} INFO - Setting next_dagrun for example_short_circuit_decorator to 2024-06-16 00:00:00+00:00, run_after=2024-06-17 00:00:00+00:00
[2024-06-16T21:39:30.964-0300] {processor.py:183} INFO - Processing /home/maira/.local/lib/python3.10/site-packages/airflow/example_dags/example_short_circuit_decorator.py took 0.116 seconds
[2024-06-16T21:40:25.689-0300] {processor.py:161} INFO - Started process (PID=96648) to work on /home/maira/.local/lib/python3.10/site-packages/airflow/example_dags/example_short_circuit_decorator.py
[2024-06-16T21:40:25.690-0300] {processor.py:830} INFO - Processing file /home/maira/.local/lib/python3.10/site-packages/airflow/example_dags/example_short_circuit_decorator.py for tasks to queue
[2024-06-16T21:40:25.692-0300] {logging_mixin.py:188} INFO - [2024-06-16T21:40:25.691-0300] {dagbag.py:545} INFO - Filling up the DagBag from /home/maira/.local/lib/python3.10/site-packages/airflow/example_dags/example_short_circuit_decorator.py
[2024-06-16T21:40:25.703-0300] {processor.py:840} INFO - DAG(s) 'example_short_circuit_decorator' retrieved from /home/maira/.local/lib/python3.10/site-packages/airflow/example_dags/example_short_circuit_decorator.py
[2024-06-16T21:40:25.726-0300] {logging_mixin.py:188} INFO - [2024-06-16T21:40:25.725-0300] {dag.py:3096} INFO - Sync 1 DAGs
[2024-06-16T21:40:25.750-0300] {logging_mixin.py:188} INFO - [2024-06-16T21:40:25.750-0300] {dag.py:3954} INFO - Setting next_dagrun for example_short_circuit_decorator to 2024-06-16 00:00:00+00:00, run_after=2024-06-17 00:00:00+00:00
[2024-06-16T21:40:25.784-0300] {processor.py:183} INFO - Processing /home/maira/.local/lib/python3.10/site-packages/airflow/example_dags/example_short_circuit_decorator.py took 0.103 seconds
[2024-06-16T21:41:22.367-0300] {processor.py:161} INFO - Started process (PID=1533) to work on /home/maira/.local/lib/python3.10/site-packages/airflow/example_dags/example_short_circuit_decorator.py
[2024-06-16T21:41:22.369-0300] {processor.py:830} INFO - Processing file /home/maira/.local/lib/python3.10/site-packages/airflow/example_dags/example_short_circuit_decorator.py for tasks to queue
[2024-06-16T21:41:22.370-0300] {logging_mixin.py:188} INFO - [2024-06-16T21:41:22.370-0300] {dagbag.py:545} INFO - Filling up the DagBag from /home/maira/.local/lib/python3.10/site-packages/airflow/example_dags/example_short_circuit_decorator.py
[2024-06-16T21:41:22.385-0300] {processor.py:840} INFO - DAG(s) 'example_short_circuit_decorator' retrieved from /home/maira/.local/lib/python3.10/site-packages/airflow/example_dags/example_short_circuit_decorator.py
[2024-06-16T21:41:22.421-0300] {logging_mixin.py:188} INFO - [2024-06-16T21:41:22.421-0300] {dag.py:3096} INFO - Sync 1 DAGs
[2024-06-16T21:41:22.478-0300] {logging_mixin.py:188} INFO - [2024-06-16T21:41:22.478-0300] {dag.py:3954} INFO - Setting next_dagrun for example_short_circuit_decorator to 2024-06-16 00:00:00+00:00, run_after=2024-06-17 00:00:00+00:00
[2024-06-16T21:41:22.525-0300] {processor.py:183} INFO - Processing /home/maira/.local/lib/python3.10/site-packages/airflow/example_dags/example_short_circuit_decorator.py took 0.174 seconds
[2024-06-16T21:42:19.858-0300] {processor.py:161} INFO - Started process (PID=6037) to work on /home/maira/.local/lib/python3.10/site-packages/airflow/example_dags/example_short_circuit_decorator.py
[2024-06-16T21:42:19.859-0300] {processor.py:830} INFO - Processing file /home/maira/.local/lib/python3.10/site-packages/airflow/example_dags/example_short_circuit_decorator.py for tasks to queue
[2024-06-16T21:42:19.861-0300] {logging_mixin.py:188} INFO - [2024-06-16T21:42:19.860-0300] {dagbag.py:545} INFO - Filling up the DagBag from /home/maira/.local/lib/python3.10/site-packages/airflow/example_dags/example_short_circuit_decorator.py
[2024-06-16T21:42:19.870-0300] {processor.py:840} INFO - DAG(s) 'example_short_circuit_decorator' retrieved from /home/maira/.local/lib/python3.10/site-packages/airflow/example_dags/example_short_circuit_decorator.py
[2024-06-16T21:42:19.889-0300] {logging_mixin.py:188} INFO - [2024-06-16T21:42:19.889-0300] {dag.py:3096} INFO - Sync 1 DAGs
[2024-06-16T21:42:19.907-0300] {logging_mixin.py:188} INFO - [2024-06-16T21:42:19.907-0300] {dag.py:3954} INFO - Setting next_dagrun for example_short_circuit_decorator to 2024-06-16 00:00:00+00:00, run_after=2024-06-17 00:00:00+00:00
[2024-06-16T21:42:19.937-0300] {processor.py:183} INFO - Processing /home/maira/.local/lib/python3.10/site-packages/airflow/example_dags/example_short_circuit_decorator.py took 0.087 seconds
[2024-06-16T21:43:18.594-0300] {processor.py:161} INFO - Started process (PID=11204) to work on /home/maira/.local/lib/python3.10/site-packages/airflow/example_dags/example_short_circuit_decorator.py
[2024-06-16T21:43:18.596-0300] {processor.py:830} INFO - Processing file /home/maira/.local/lib/python3.10/site-packages/airflow/example_dags/example_short_circuit_decorator.py for tasks to queue
[2024-06-16T21:43:18.597-0300] {logging_mixin.py:188} INFO - [2024-06-16T21:43:18.596-0300] {dagbag.py:545} INFO - Filling up the DagBag from /home/maira/.local/lib/python3.10/site-packages/airflow/example_dags/example_short_circuit_decorator.py
[2024-06-16T21:43:18.607-0300] {processor.py:840} INFO - DAG(s) 'example_short_circuit_decorator' retrieved from /home/maira/.local/lib/python3.10/site-packages/airflow/example_dags/example_short_circuit_decorator.py
[2024-06-16T21:43:18.627-0300] {logging_mixin.py:188} INFO - [2024-06-16T21:43:18.627-0300] {dag.py:3096} INFO - Sync 1 DAGs
[2024-06-16T21:43:18.649-0300] {logging_mixin.py:188} INFO - [2024-06-16T21:43:18.648-0300] {dag.py:3954} INFO - Setting next_dagrun for example_short_circuit_decorator to 2024-06-16 00:00:00+00:00, run_after=2024-06-17 00:00:00+00:00
[2024-06-16T21:43:18.680-0300] {processor.py:183} INFO - Processing /home/maira/.local/lib/python3.10/site-packages/airflow/example_dags/example_short_circuit_decorator.py took 0.095 seconds
[2024-06-16T21:43:59.738-0300] {processor.py:161} INFO - Started process (PID=13101) to work on /home/maira/.local/lib/python3.10/site-packages/airflow/example_dags/example_short_circuit_decorator.py
[2024-06-16T21:43:59.738-0300] {processor.py:830} INFO - Processing file /home/maira/.local/lib/python3.10/site-packages/airflow/example_dags/example_short_circuit_decorator.py for tasks to queue
[2024-06-16T21:43:59.739-0300] {logging_mixin.py:188} INFO - [2024-06-16T21:43:59.739-0300] {dagbag.py:545} INFO - Filling up the DagBag from /home/maira/.local/lib/python3.10/site-packages/airflow/example_dags/example_short_circuit_decorator.py
[2024-06-16T21:43:59.745-0300] {processor.py:840} INFO - DAG(s) 'example_short_circuit_decorator' retrieved from /home/maira/.local/lib/python3.10/site-packages/airflow/example_dags/example_short_circuit_decorator.py
[2024-06-16T21:43:59.765-0300] {logging_mixin.py:188} INFO - [2024-06-16T21:43:59.764-0300] {dag.py:3096} INFO - Sync 1 DAGs
[2024-06-16T21:43:59.822-0300] {logging_mixin.py:188} INFO - [2024-06-16T21:43:59.822-0300] {dag.py:3954} INFO - Setting next_dagrun for example_short_circuit_decorator to 2024-06-16 00:00:00+00:00, run_after=2024-06-17 00:00:00+00:00
[2024-06-16T21:44:00.365-0300] {processor.py:183} INFO - Processing /home/maira/.local/lib/python3.10/site-packages/airflow/example_dags/example_short_circuit_decorator.py took 0.790 seconds
[2024-06-16T21:44:35.528-0300] {processor.py:161} INFO - Started process (PID=15512) to work on /home/maira/.local/lib/python3.10/site-packages/airflow/example_dags/example_short_circuit_decorator.py
[2024-06-16T21:44:35.530-0300] {processor.py:830} INFO - Processing file /home/maira/.local/lib/python3.10/site-packages/airflow/example_dags/example_short_circuit_decorator.py for tasks to queue
[2024-06-16T21:44:35.531-0300] {logging_mixin.py:188} INFO - [2024-06-16T21:44:35.531-0300] {dagbag.py:545} INFO - Filling up the DagBag from /home/maira/.local/lib/python3.10/site-packages/airflow/example_dags/example_short_circuit_decorator.py
[2024-06-16T21:44:35.540-0300] {processor.py:840} INFO - DAG(s) 'example_short_circuit_decorator' retrieved from /home/maira/.local/lib/python3.10/site-packages/airflow/example_dags/example_short_circuit_decorator.py
[2024-06-16T21:44:35.559-0300] {logging_mixin.py:188} INFO - [2024-06-16T21:44:35.559-0300] {dag.py:3096} INFO - Sync 1 DAGs
[2024-06-16T21:44:35.580-0300] {logging_mixin.py:188} INFO - [2024-06-16T21:44:35.580-0300] {dag.py:3954} INFO - Setting next_dagrun for example_short_circuit_decorator to 2024-06-16 00:00:00+00:00, run_after=2024-06-17 00:00:00+00:00
[2024-06-16T21:44:35.611-0300] {processor.py:183} INFO - Processing /home/maira/.local/lib/python3.10/site-packages/airflow/example_dags/example_short_circuit_decorator.py took 0.094 seconds
