[2024-06-16T21:32:13.012-0300] {processor.py:161} INFO - Started process (PID=85481) to work on /home/maira/.local/lib/python3.10/site-packages/airflow/example_dags/example_params_trigger_ui.py
[2024-06-16T21:32:13.012-0300] {processor.py:830} INFO - Processing file /home/maira/.local/lib/python3.10/site-packages/airflow/example_dags/example_params_trigger_ui.py for tasks to queue
[2024-06-16T21:32:13.013-0300] {logging_mixin.py:188} INFO - [2024-06-16T21:32:13.013-0300] {dagbag.py:545} INFO - Filling up the DagBag from /home/maira/.local/lib/python3.10/site-packages/airflow/example_dags/example_params_trigger_ui.py
[2024-06-16T21:32:13.038-0300] {processor.py:840} INFO - DAG(s) 'example_params_trigger_ui' retrieved from /home/maira/.local/lib/python3.10/site-packages/airflow/example_dags/example_params_trigger_ui.py
[2024-06-16T21:32:13.076-0300] {logging_mixin.py:188} INFO - [2024-06-16T21:32:13.076-0300] {dag.py:3096} INFO - Sync 1 DAGs
[2024-06-16T21:32:13.086-0300] {logging_mixin.py:188} INFO - [2024-06-16T21:32:13.085-0300] {dag.py:3954} INFO - Setting next_dagrun for example_params_trigger_ui to None, run_after=None
[2024-06-16T21:32:13.124-0300] {processor.py:183} INFO - Processing /home/maira/.local/lib/python3.10/site-packages/airflow/example_dags/example_params_trigger_ui.py took 0.120 seconds
[2024-06-16T21:33:07.182-0300] {processor.py:161} INFO - Started process (PID=85546) to work on /home/maira/.local/lib/python3.10/site-packages/airflow/example_dags/example_params_trigger_ui.py
[2024-06-16T21:33:07.183-0300] {processor.py:830} INFO - Processing file /home/maira/.local/lib/python3.10/site-packages/airflow/example_dags/example_params_trigger_ui.py for tasks to queue
[2024-06-16T21:33:07.184-0300] {logging_mixin.py:188} INFO - [2024-06-16T21:33:07.184-0300] {dagbag.py:545} INFO - Filling up the DagBag from /home/maira/.local/lib/python3.10/site-packages/airflow/example_dags/example_params_trigger_ui.py
[2024-06-16T21:33:07.195-0300] {processor.py:840} INFO - DAG(s) 'example_params_trigger_ui' retrieved from /home/maira/.local/lib/python3.10/site-packages/airflow/example_dags/example_params_trigger_ui.py
[2024-06-16T21:33:07.226-0300] {logging_mixin.py:188} INFO - [2024-06-16T21:33:07.226-0300] {dag.py:3096} INFO - Sync 1 DAGs
[2024-06-16T21:33:07.237-0300] {logging_mixin.py:188} INFO - [2024-06-16T21:33:07.236-0300] {dag.py:3954} INFO - Setting next_dagrun for example_params_trigger_ui to None, run_after=None
[2024-06-16T21:33:07.267-0300] {processor.py:183} INFO - Processing /home/maira/.local/lib/python3.10/site-packages/airflow/example_dags/example_params_trigger_ui.py took 0.092 seconds
[2024-06-16T21:34:01.425-0300] {processor.py:161} INFO - Started process (PID=85615) to work on /home/maira/.local/lib/python3.10/site-packages/airflow/example_dags/example_params_trigger_ui.py
[2024-06-16T21:34:01.527-0300] {processor.py:830} INFO - Processing file /home/maira/.local/lib/python3.10/site-packages/airflow/example_dags/example_params_trigger_ui.py for tasks to queue
[2024-06-16T21:34:01.528-0300] {logging_mixin.py:188} INFO - [2024-06-16T21:34:01.528-0300] {dagbag.py:545} INFO - Filling up the DagBag from /home/maira/.local/lib/python3.10/site-packages/airflow/example_dags/example_params_trigger_ui.py
[2024-06-16T21:34:01.542-0300] {processor.py:840} INFO - DAG(s) 'example_params_trigger_ui' retrieved from /home/maira/.local/lib/python3.10/site-packages/airflow/example_dags/example_params_trigger_ui.py
[2024-06-16T21:34:01.575-0300] {logging_mixin.py:188} INFO - [2024-06-16T21:34:01.575-0300] {dag.py:3096} INFO - Sync 1 DAGs
[2024-06-16T21:34:01.583-0300] {logging_mixin.py:188} INFO - [2024-06-16T21:34:01.583-0300] {dag.py:3954} INFO - Setting next_dagrun for example_params_trigger_ui to None, run_after=None
[2024-06-16T21:34:01.606-0300] {processor.py:183} INFO - Processing /home/maira/.local/lib/python3.10/site-packages/airflow/example_dags/example_params_trigger_ui.py took 0.189 seconds
[2024-06-16T21:35:02.901-0300] {processor.py:161} INFO - Started process (PID=85688) to work on /home/maira/.local/lib/python3.10/site-packages/airflow/example_dags/example_params_trigger_ui.py
[2024-06-16T21:35:02.902-0300] {processor.py:830} INFO - Processing file /home/maira/.local/lib/python3.10/site-packages/airflow/example_dags/example_params_trigger_ui.py for tasks to queue
[2024-06-16T21:35:02.903-0300] {logging_mixin.py:188} INFO - [2024-06-16T21:35:02.903-0300] {dagbag.py:545} INFO - Filling up the DagBag from /home/maira/.local/lib/python3.10/site-packages/airflow/example_dags/example_params_trigger_ui.py
[2024-06-16T21:35:02.914-0300] {processor.py:840} INFO - DAG(s) 'example_params_trigger_ui' retrieved from /home/maira/.local/lib/python3.10/site-packages/airflow/example_dags/example_params_trigger_ui.py
[2024-06-16T21:35:02.945-0300] {logging_mixin.py:188} INFO - [2024-06-16T21:35:02.944-0300] {dag.py:3096} INFO - Sync 1 DAGs
[2024-06-16T21:35:02.953-0300] {logging_mixin.py:188} INFO - [2024-06-16T21:35:02.953-0300] {dag.py:3954} INFO - Setting next_dagrun for example_params_trigger_ui to None, run_after=None
[2024-06-16T21:35:02.976-0300] {processor.py:183} INFO - Processing /home/maira/.local/lib/python3.10/site-packages/airflow/example_dags/example_params_trigger_ui.py took 0.082 seconds
[2024-06-16T21:35:51.494-0300] {processor.py:161} INFO - Started process (PID=85754) to work on /home/maira/.local/lib/python3.10/site-packages/airflow/example_dags/example_params_trigger_ui.py
[2024-06-16T21:35:51.495-0300] {processor.py:830} INFO - Processing file /home/maira/.local/lib/python3.10/site-packages/airflow/example_dags/example_params_trigger_ui.py for tasks to queue
[2024-06-16T21:35:51.496-0300] {logging_mixin.py:188} INFO - [2024-06-16T21:35:51.496-0300] {dagbag.py:545} INFO - Filling up the DagBag from /home/maira/.local/lib/python3.10/site-packages/airflow/example_dags/example_params_trigger_ui.py
[2024-06-16T21:35:51.507-0300] {processor.py:840} INFO - DAG(s) 'example_params_trigger_ui' retrieved from /home/maira/.local/lib/python3.10/site-packages/airflow/example_dags/example_params_trigger_ui.py
[2024-06-16T21:35:51.537-0300] {logging_mixin.py:188} INFO - [2024-06-16T21:35:51.537-0300] {dag.py:3096} INFO - Sync 1 DAGs
[2024-06-16T21:35:51.545-0300] {logging_mixin.py:188} INFO - [2024-06-16T21:35:51.545-0300] {dag.py:3954} INFO - Setting next_dagrun for example_params_trigger_ui to None, run_after=None
[2024-06-16T21:35:51.567-0300] {processor.py:183} INFO - Processing /home/maira/.local/lib/python3.10/site-packages/airflow/example_dags/example_params_trigger_ui.py took 0.080 seconds
[2024-06-16T21:36:43.800-0300] {processor.py:161} INFO - Started process (PID=85823) to work on /home/maira/.local/lib/python3.10/site-packages/airflow/example_dags/example_params_trigger_ui.py
[2024-06-16T21:36:43.801-0300] {processor.py:830} INFO - Processing file /home/maira/.local/lib/python3.10/site-packages/airflow/example_dags/example_params_trigger_ui.py for tasks to queue
[2024-06-16T21:36:43.802-0300] {logging_mixin.py:188} INFO - [2024-06-16T21:36:43.802-0300] {dagbag.py:545} INFO - Filling up the DagBag from /home/maira/.local/lib/python3.10/site-packages/airflow/example_dags/example_params_trigger_ui.py
[2024-06-16T21:36:43.816-0300] {processor.py:840} INFO - DAG(s) 'example_params_trigger_ui' retrieved from /home/maira/.local/lib/python3.10/site-packages/airflow/example_dags/example_params_trigger_ui.py
[2024-06-16T21:36:43.851-0300] {logging_mixin.py:188} INFO - [2024-06-16T21:36:43.850-0300] {dag.py:3096} INFO - Sync 1 DAGs
[2024-06-16T21:36:43.859-0300] {logging_mixin.py:188} INFO - [2024-06-16T21:36:43.858-0300] {dag.py:3954} INFO - Setting next_dagrun for example_params_trigger_ui to None, run_after=None
[2024-06-16T21:36:43.882-0300] {processor.py:183} INFO - Processing /home/maira/.local/lib/python3.10/site-packages/airflow/example_dags/example_params_trigger_ui.py took 0.090 seconds
[2024-06-16T21:37:35.394-0300] {processor.py:161} INFO - Started process (PID=85893) to work on /home/maira/.local/lib/python3.10/site-packages/airflow/example_dags/example_params_trigger_ui.py
[2024-06-16T21:37:35.396-0300] {processor.py:830} INFO - Processing file /home/maira/.local/lib/python3.10/site-packages/airflow/example_dags/example_params_trigger_ui.py for tasks to queue
[2024-06-16T21:37:35.397-0300] {logging_mixin.py:188} INFO - [2024-06-16T21:37:35.396-0300] {dagbag.py:545} INFO - Filling up the DagBag from /home/maira/.local/lib/python3.10/site-packages/airflow/example_dags/example_params_trigger_ui.py
[2024-06-16T21:37:35.412-0300] {processor.py:840} INFO - DAG(s) 'example_params_trigger_ui' retrieved from /home/maira/.local/lib/python3.10/site-packages/airflow/example_dags/example_params_trigger_ui.py
[2024-06-16T21:37:35.448-0300] {logging_mixin.py:188} INFO - [2024-06-16T21:37:35.448-0300] {dag.py:3096} INFO - Sync 1 DAGs
[2024-06-16T21:37:35.459-0300] {logging_mixin.py:188} INFO - [2024-06-16T21:37:35.459-0300] {dag.py:3954} INFO - Setting next_dagrun for example_params_trigger_ui to None, run_after=None
[2024-06-16T21:37:35.554-0300] {processor.py:183} INFO - Processing /home/maira/.local/lib/python3.10/site-packages/airflow/example_dags/example_params_trigger_ui.py took 0.169 seconds
[2024-06-16T21:38:33.397-0300] {processor.py:161} INFO - Started process (PID=87050) to work on /home/maira/.local/lib/python3.10/site-packages/airflow/example_dags/example_params_trigger_ui.py
[2024-06-16T21:38:33.400-0300] {processor.py:830} INFO - Processing file /home/maira/.local/lib/python3.10/site-packages/airflow/example_dags/example_params_trigger_ui.py for tasks to queue
[2024-06-16T21:38:33.402-0300] {logging_mixin.py:188} INFO - [2024-06-16T21:38:33.401-0300] {dagbag.py:545} INFO - Filling up the DagBag from /home/maira/.local/lib/python3.10/site-packages/airflow/example_dags/example_params_trigger_ui.py
[2024-06-16T21:38:33.431-0300] {processor.py:840} INFO - DAG(s) 'example_params_trigger_ui' retrieved from /home/maira/.local/lib/python3.10/site-packages/airflow/example_dags/example_params_trigger_ui.py
[2024-06-16T21:38:33.500-0300] {logging_mixin.py:188} INFO - [2024-06-16T21:38:33.499-0300] {dag.py:3096} INFO - Sync 1 DAGs
[2024-06-16T21:38:33.523-0300] {logging_mixin.py:188} INFO - [2024-06-16T21:38:33.522-0300] {dag.py:3954} INFO - Setting next_dagrun for example_params_trigger_ui to None, run_after=None
[2024-06-16T21:38:33.570-0300] {processor.py:183} INFO - Processing /home/maira/.local/lib/python3.10/site-packages/airflow/example_dags/example_params_trigger_ui.py took 0.189 seconds
[2024-06-16T21:39:38.871-0300] {processor.py:161} INFO - Started process (PID=92296) to work on /home/maira/.local/lib/python3.10/site-packages/airflow/example_dags/example_params_trigger_ui.py
[2024-06-16T21:39:38.872-0300] {processor.py:830} INFO - Processing file /home/maira/.local/lib/python3.10/site-packages/airflow/example_dags/example_params_trigger_ui.py for tasks to queue
[2024-06-16T21:39:38.874-0300] {logging_mixin.py:188} INFO - [2024-06-16T21:39:38.873-0300] {dagbag.py:545} INFO - Filling up the DagBag from /home/maira/.local/lib/python3.10/site-packages/airflow/example_dags/example_params_trigger_ui.py
[2024-06-16T21:39:38.892-0300] {processor.py:840} INFO - DAG(s) 'example_params_trigger_ui' retrieved from /home/maira/.local/lib/python3.10/site-packages/airflow/example_dags/example_params_trigger_ui.py
[2024-06-16T21:39:38.944-0300] {logging_mixin.py:188} INFO - [2024-06-16T21:39:38.943-0300] {dag.py:3096} INFO - Sync 1 DAGs
[2024-06-16T21:39:38.961-0300] {logging_mixin.py:188} INFO - [2024-06-16T21:39:38.960-0300] {dag.py:3954} INFO - Setting next_dagrun for example_params_trigger_ui to None, run_after=None
[2024-06-16T21:39:39.002-0300] {processor.py:183} INFO - Processing /home/maira/.local/lib/python3.10/site-packages/airflow/example_dags/example_params_trigger_ui.py took 0.144 seconds
[2024-06-16T21:40:35.556-0300] {processor.py:161} INFO - Started process (PID=97452) to work on /home/maira/.local/lib/python3.10/site-packages/airflow/example_dags/example_params_trigger_ui.py
[2024-06-16T21:40:35.559-0300] {processor.py:830} INFO - Processing file /home/maira/.local/lib/python3.10/site-packages/airflow/example_dags/example_params_trigger_ui.py for tasks to queue
[2024-06-16T21:40:35.562-0300] {logging_mixin.py:188} INFO - [2024-06-16T21:40:35.561-0300] {dagbag.py:545} INFO - Filling up the DagBag from /home/maira/.local/lib/python3.10/site-packages/airflow/example_dags/example_params_trigger_ui.py
[2024-06-16T21:40:35.588-0300] {processor.py:840} INFO - DAG(s) 'example_params_trigger_ui' retrieved from /home/maira/.local/lib/python3.10/site-packages/airflow/example_dags/example_params_trigger_ui.py
[2024-06-16T21:40:35.660-0300] {logging_mixin.py:188} INFO - [2024-06-16T21:40:35.660-0300] {dag.py:3096} INFO - Sync 1 DAGs
[2024-06-16T21:40:35.676-0300] {logging_mixin.py:188} INFO - [2024-06-16T21:40:35.676-0300] {dag.py:3954} INFO - Setting next_dagrun for example_params_trigger_ui to None, run_after=None
[2024-06-16T21:40:36.449-0300] {processor.py:183} INFO - Processing /home/maira/.local/lib/python3.10/site-packages/airflow/example_dags/example_params_trigger_ui.py took 0.907 seconds
[2024-06-16T21:41:32.257-0300] {processor.py:161} INFO - Started process (PID=2215) to work on /home/maira/.local/lib/python3.10/site-packages/airflow/example_dags/example_params_trigger_ui.py
[2024-06-16T21:41:32.259-0300] {processor.py:830} INFO - Processing file /home/maira/.local/lib/python3.10/site-packages/airflow/example_dags/example_params_trigger_ui.py for tasks to queue
[2024-06-16T21:41:32.260-0300] {logging_mixin.py:188} INFO - [2024-06-16T21:41:32.259-0300] {dagbag.py:545} INFO - Filling up the DagBag from /home/maira/.local/lib/python3.10/site-packages/airflow/example_dags/example_params_trigger_ui.py
[2024-06-16T21:41:32.280-0300] {processor.py:840} INFO - DAG(s) 'example_params_trigger_ui' retrieved from /home/maira/.local/lib/python3.10/site-packages/airflow/example_dags/example_params_trigger_ui.py
[2024-06-16T21:41:32.340-0300] {logging_mixin.py:188} INFO - [2024-06-16T21:41:32.340-0300] {dag.py:3096} INFO - Sync 1 DAGs
[2024-06-16T21:41:32.355-0300] {logging_mixin.py:188} INFO - [2024-06-16T21:41:32.354-0300] {dag.py:3954} INFO - Setting next_dagrun for example_params_trigger_ui to None, run_after=None
[2024-06-16T21:41:32.392-0300] {processor.py:183} INFO - Processing /home/maira/.local/lib/python3.10/site-packages/airflow/example_dags/example_params_trigger_ui.py took 0.143 seconds
[2024-06-16T21:42:29.160-0300] {processor.py:161} INFO - Started process (PID=6863) to work on /home/maira/.local/lib/python3.10/site-packages/airflow/example_dags/example_params_trigger_ui.py
[2024-06-16T21:42:29.161-0300] {processor.py:830} INFO - Processing file /home/maira/.local/lib/python3.10/site-packages/airflow/example_dags/example_params_trigger_ui.py for tasks to queue
[2024-06-16T21:42:29.162-0300] {logging_mixin.py:188} INFO - [2024-06-16T21:42:29.162-0300] {dagbag.py:545} INFO - Filling up the DagBag from /home/maira/.local/lib/python3.10/site-packages/airflow/example_dags/example_params_trigger_ui.py
[2024-06-16T21:42:29.178-0300] {processor.py:840} INFO - DAG(s) 'example_params_trigger_ui' retrieved from /home/maira/.local/lib/python3.10/site-packages/airflow/example_dags/example_params_trigger_ui.py
[2024-06-16T21:42:29.226-0300] {logging_mixin.py:188} INFO - [2024-06-16T21:42:29.225-0300] {dag.py:3096} INFO - Sync 1 DAGs
[2024-06-16T21:42:29.239-0300] {logging_mixin.py:188} INFO - [2024-06-16T21:42:29.239-0300] {dag.py:3954} INFO - Setting next_dagrun for example_params_trigger_ui to None, run_after=None
[2024-06-16T21:42:29.273-0300] {processor.py:183} INFO - Processing /home/maira/.local/lib/python3.10/site-packages/airflow/example_dags/example_params_trigger_ui.py took 0.122 seconds
[2024-06-16T21:43:32.424-0300] {processor.py:161} INFO - Started process (PID=11929) to work on /home/maira/.local/lib/python3.10/site-packages/airflow/example_dags/example_params_trigger_ui.py
[2024-06-16T21:43:32.426-0300] {processor.py:830} INFO - Processing file /home/maira/.local/lib/python3.10/site-packages/airflow/example_dags/example_params_trigger_ui.py for tasks to queue
[2024-06-16T21:43:32.427-0300] {logging_mixin.py:188} INFO - [2024-06-16T21:43:32.426-0300] {dagbag.py:545} INFO - Filling up the DagBag from /home/maira/.local/lib/python3.10/site-packages/airflow/example_dags/example_params_trigger_ui.py
[2024-06-16T21:43:32.442-0300] {processor.py:840} INFO - DAG(s) 'example_params_trigger_ui' retrieved from /home/maira/.local/lib/python3.10/site-packages/airflow/example_dags/example_params_trigger_ui.py
[2024-06-16T21:43:32.503-0300] {logging_mixin.py:188} INFO - [2024-06-16T21:43:32.502-0300] {dag.py:3096} INFO - Sync 1 DAGs
[2024-06-16T21:43:32.519-0300] {logging_mixin.py:188} INFO - [2024-06-16T21:43:32.518-0300] {dag.py:3954} INFO - Setting next_dagrun for example_params_trigger_ui to None, run_after=None
[2024-06-16T21:43:32.560-0300] {processor.py:183} INFO - Processing /home/maira/.local/lib/python3.10/site-packages/airflow/example_dags/example_params_trigger_ui.py took 0.145 seconds
[2024-06-16T21:44:40.846-0300] {processor.py:161} INFO - Started process (PID=15849) to work on /home/maira/.local/lib/python3.10/site-packages/airflow/example_dags/example_params_trigger_ui.py
[2024-06-16T21:44:40.848-0300] {processor.py:830} INFO - Processing file /home/maira/.local/lib/python3.10/site-packages/airflow/example_dags/example_params_trigger_ui.py for tasks to queue
[2024-06-16T21:44:40.850-0300] {logging_mixin.py:188} INFO - [2024-06-16T21:44:40.849-0300] {dagbag.py:545} INFO - Filling up the DagBag from /home/maira/.local/lib/python3.10/site-packages/airflow/example_dags/example_params_trigger_ui.py
[2024-06-16T21:44:40.872-0300] {processor.py:840} INFO - DAG(s) 'example_params_trigger_ui' retrieved from /home/maira/.local/lib/python3.10/site-packages/airflow/example_dags/example_params_trigger_ui.py
[2024-06-16T21:44:40.920-0300] {logging_mixin.py:188} INFO - [2024-06-16T21:44:40.919-0300] {dag.py:3096} INFO - Sync 1 DAGs
[2024-06-16T21:44:40.934-0300] {logging_mixin.py:188} INFO - [2024-06-16T21:44:40.934-0300] {dag.py:3954} INFO - Setting next_dagrun for example_params_trigger_ui to None, run_after=None
[2024-06-16T21:44:40.970-0300] {processor.py:183} INFO - Processing /home/maira/.local/lib/python3.10/site-packages/airflow/example_dags/example_params_trigger_ui.py took 0.133 seconds
