[2024-06-16T21:31:57.973-0300] {processor.py:161} INFO - Started process (PID=85469) to work on /home/maira/.local/lib/python3.10/site-packages/airflow/example_dags/example_time_delta_sensor_async.py
[2024-06-16T21:31:57.976-0300] {processor.py:830} INFO - Processing file /home/maira/.local/lib/python3.10/site-packages/airflow/example_dags/example_time_delta_sensor_async.py for tasks to queue
[2024-06-16T21:31:57.978-0300] {logging_mixin.py:188} INFO - [2024-06-16T21:31:57.977-0300] {dagbag.py:545} INFO - Filling up the DagBag from /home/maira/.local/lib/python3.10/site-packages/airflow/example_dags/example_time_delta_sensor_async.py
[2024-06-16T21:31:57.987-0300] {processor.py:840} INFO - DAG(s) 'example_time_delta_sensor_async' retrieved from /home/maira/.local/lib/python3.10/site-packages/airflow/example_dags/example_time_delta_sensor_async.py
[2024-06-16T21:31:58.017-0300] {logging_mixin.py:188} INFO - [2024-06-16T21:31:58.016-0300] {dag.py:3096} INFO - Sync 1 DAGs
[2024-06-16T21:31:58.035-0300] {logging_mixin.py:188} INFO - [2024-06-16T21:31:58.034-0300] {dag.py:3954} INFO - Setting next_dagrun for example_time_delta_sensor_async to None, run_after=None
[2024-06-16T21:31:58.070-0300] {processor.py:183} INFO - Processing /home/maira/.local/lib/python3.10/site-packages/airflow/example_dags/example_time_delta_sensor_async.py took 0.117 seconds
[2024-06-16T21:32:55.730-0300] {processor.py:161} INFO - Started process (PID=85534) to work on /home/maira/.local/lib/python3.10/site-packages/airflow/example_dags/example_time_delta_sensor_async.py
[2024-06-16T21:32:55.733-0300] {processor.py:830} INFO - Processing file /home/maira/.local/lib/python3.10/site-packages/airflow/example_dags/example_time_delta_sensor_async.py for tasks to queue
[2024-06-16T21:32:55.734-0300] {logging_mixin.py:188} INFO - [2024-06-16T21:32:55.733-0300] {dagbag.py:545} INFO - Filling up the DagBag from /home/maira/.local/lib/python3.10/site-packages/airflow/example_dags/example_time_delta_sensor_async.py
[2024-06-16T21:32:55.738-0300] {processor.py:840} INFO - DAG(s) 'example_time_delta_sensor_async' retrieved from /home/maira/.local/lib/python3.10/site-packages/airflow/example_dags/example_time_delta_sensor_async.py
[2024-06-16T21:32:55.750-0300] {logging_mixin.py:188} INFO - [2024-06-16T21:32:55.750-0300] {dag.py:3096} INFO - Sync 1 DAGs
[2024-06-16T21:32:55.759-0300] {logging_mixin.py:188} INFO - [2024-06-16T21:32:55.759-0300] {dag.py:3954} INFO - Setting next_dagrun for example_time_delta_sensor_async to None, run_after=None
[2024-06-16T21:32:55.781-0300] {processor.py:183} INFO - Processing /home/maira/.local/lib/python3.10/site-packages/airflow/example_dags/example_time_delta_sensor_async.py took 0.058 seconds
[2024-06-16T21:33:48.559-0300] {processor.py:161} INFO - Started process (PID=85602) to work on /home/maira/.local/lib/python3.10/site-packages/airflow/example_dags/example_time_delta_sensor_async.py
[2024-06-16T21:33:48.561-0300] {processor.py:830} INFO - Processing file /home/maira/.local/lib/python3.10/site-packages/airflow/example_dags/example_time_delta_sensor_async.py for tasks to queue
[2024-06-16T21:33:48.562-0300] {logging_mixin.py:188} INFO - [2024-06-16T21:33:48.562-0300] {dagbag.py:545} INFO - Filling up the DagBag from /home/maira/.local/lib/python3.10/site-packages/airflow/example_dags/example_time_delta_sensor_async.py
[2024-06-16T21:33:48.566-0300] {processor.py:840} INFO - DAG(s) 'example_time_delta_sensor_async' retrieved from /home/maira/.local/lib/python3.10/site-packages/airflow/example_dags/example_time_delta_sensor_async.py
[2024-06-16T21:33:48.578-0300] {logging_mixin.py:188} INFO - [2024-06-16T21:33:48.578-0300] {dag.py:3096} INFO - Sync 1 DAGs
[2024-06-16T21:33:48.587-0300] {logging_mixin.py:188} INFO - [2024-06-16T21:33:48.587-0300] {dag.py:3954} INFO - Setting next_dagrun for example_time_delta_sensor_async to None, run_after=None
[2024-06-16T21:33:48.614-0300] {processor.py:183} INFO - Processing /home/maira/.local/lib/python3.10/site-packages/airflow/example_dags/example_time_delta_sensor_async.py took 0.062 seconds
[2024-06-16T21:34:49.401-0300] {processor.py:161} INFO - Started process (PID=85672) to work on /home/maira/.local/lib/python3.10/site-packages/airflow/example_dags/example_time_delta_sensor_async.py
[2024-06-16T21:34:49.402-0300] {processor.py:830} INFO - Processing file /home/maira/.local/lib/python3.10/site-packages/airflow/example_dags/example_time_delta_sensor_async.py for tasks to queue
[2024-06-16T21:34:49.404-0300] {logging_mixin.py:188} INFO - [2024-06-16T21:34:49.403-0300] {dagbag.py:545} INFO - Filling up the DagBag from /home/maira/.local/lib/python3.10/site-packages/airflow/example_dags/example_time_delta_sensor_async.py
[2024-06-16T21:34:49.407-0300] {processor.py:840} INFO - DAG(s) 'example_time_delta_sensor_async' retrieved from /home/maira/.local/lib/python3.10/site-packages/airflow/example_dags/example_time_delta_sensor_async.py
[2024-06-16T21:34:49.420-0300] {logging_mixin.py:188} INFO - [2024-06-16T21:34:49.419-0300] {dag.py:3096} INFO - Sync 1 DAGs
[2024-06-16T21:34:49.429-0300] {logging_mixin.py:188} INFO - [2024-06-16T21:34:49.428-0300] {dag.py:3954} INFO - Setting next_dagrun for example_time_delta_sensor_async to None, run_after=None
[2024-06-16T21:34:49.451-0300] {processor.py:183} INFO - Processing /home/maira/.local/lib/python3.10/site-packages/airflow/example_dags/example_time_delta_sensor_async.py took 0.058 seconds
[2024-06-16T21:35:39.526-0300] {processor.py:161} INFO - Started process (PID=85742) to work on /home/maira/.local/lib/python3.10/site-packages/airflow/example_dags/example_time_delta_sensor_async.py
[2024-06-16T21:35:39.527-0300] {processor.py:830} INFO - Processing file /home/maira/.local/lib/python3.10/site-packages/airflow/example_dags/example_time_delta_sensor_async.py for tasks to queue
[2024-06-16T21:35:39.529-0300] {logging_mixin.py:188} INFO - [2024-06-16T21:35:39.528-0300] {dagbag.py:545} INFO - Filling up the DagBag from /home/maira/.local/lib/python3.10/site-packages/airflow/example_dags/example_time_delta_sensor_async.py
[2024-06-16T21:35:39.532-0300] {processor.py:840} INFO - DAG(s) 'example_time_delta_sensor_async' retrieved from /home/maira/.local/lib/python3.10/site-packages/airflow/example_dags/example_time_delta_sensor_async.py
[2024-06-16T21:35:39.545-0300] {logging_mixin.py:188} INFO - [2024-06-16T21:35:39.544-0300] {dag.py:3096} INFO - Sync 1 DAGs
[2024-06-16T21:35:39.553-0300] {logging_mixin.py:188} INFO - [2024-06-16T21:35:39.552-0300] {dag.py:3954} INFO - Setting next_dagrun for example_time_delta_sensor_async to None, run_after=None
[2024-06-16T21:35:39.577-0300] {processor.py:183} INFO - Processing /home/maira/.local/lib/python3.10/site-packages/airflow/example_dags/example_time_delta_sensor_async.py took 0.058 seconds
[2024-06-16T21:36:23.081-0300] {processor.py:161} INFO - Started process (PID=85802) to work on /home/maira/.local/lib/python3.10/site-packages/airflow/example_dags/example_time_delta_sensor_async.py
[2024-06-16T21:36:23.083-0300] {processor.py:830} INFO - Processing file /home/maira/.local/lib/python3.10/site-packages/airflow/example_dags/example_time_delta_sensor_async.py for tasks to queue
[2024-06-16T21:36:23.084-0300] {logging_mixin.py:188} INFO - [2024-06-16T21:36:23.084-0300] {dagbag.py:545} INFO - Filling up the DagBag from /home/maira/.local/lib/python3.10/site-packages/airflow/example_dags/example_time_delta_sensor_async.py
[2024-06-16T21:36:23.092-0300] {processor.py:840} INFO - DAG(s) 'example_time_delta_sensor_async' retrieved from /home/maira/.local/lib/python3.10/site-packages/airflow/example_dags/example_time_delta_sensor_async.py
[2024-06-16T21:36:23.115-0300] {logging_mixin.py:188} INFO - [2024-06-16T21:36:23.115-0300] {dag.py:3096} INFO - Sync 1 DAGs
[2024-06-16T21:36:23.128-0300] {logging_mixin.py:188} INFO - [2024-06-16T21:36:23.128-0300] {dag.py:3954} INFO - Setting next_dagrun for example_time_delta_sensor_async to None, run_after=None
[2024-06-16T21:36:23.163-0300] {processor.py:183} INFO - Processing /home/maira/.local/lib/python3.10/site-packages/airflow/example_dags/example_time_delta_sensor_async.py took 0.096 seconds
[2024-06-16T21:37:21.954-0300] {processor.py:161} INFO - Started process (PID=85877) to work on /home/maira/.local/lib/python3.10/site-packages/airflow/example_dags/example_time_delta_sensor_async.py
[2024-06-16T21:37:21.955-0300] {processor.py:830} INFO - Processing file /home/maira/.local/lib/python3.10/site-packages/airflow/example_dags/example_time_delta_sensor_async.py for tasks to queue
[2024-06-16T21:37:21.957-0300] {logging_mixin.py:188} INFO - [2024-06-16T21:37:21.956-0300] {dagbag.py:545} INFO - Filling up the DagBag from /home/maira/.local/lib/python3.10/site-packages/airflow/example_dags/example_time_delta_sensor_async.py
[2024-06-16T21:37:21.962-0300] {processor.py:840} INFO - DAG(s) 'example_time_delta_sensor_async' retrieved from /home/maira/.local/lib/python3.10/site-packages/airflow/example_dags/example_time_delta_sensor_async.py
[2024-06-16T21:37:21.996-0300] {logging_mixin.py:188} INFO - [2024-06-16T21:37:21.995-0300] {dag.py:3096} INFO - Sync 1 DAGs
[2024-06-16T21:37:22.007-0300] {logging_mixin.py:188} INFO - [2024-06-16T21:37:22.006-0300] {dag.py:3954} INFO - Setting next_dagrun for example_time_delta_sensor_async to None, run_after=None
[2024-06-16T21:37:22.076-0300] {processor.py:183} INFO - Processing /home/maira/.local/lib/python3.10/site-packages/airflow/example_dags/example_time_delta_sensor_async.py took 0.132 seconds
[2024-06-16T21:38:01.591-0300] {processor.py:161} INFO - Started process (PID=85919) to work on /home/maira/.local/lib/python3.10/site-packages/airflow/example_dags/example_time_delta_sensor_async.py
[2024-06-16T21:38:01.592-0300] {processor.py:830} INFO - Processing file /home/maira/.local/lib/python3.10/site-packages/airflow/example_dags/example_time_delta_sensor_async.py for tasks to queue
[2024-06-16T21:38:01.594-0300] {logging_mixin.py:188} INFO - [2024-06-16T21:38:01.593-0300] {dagbag.py:545} INFO - Filling up the DagBag from /home/maira/.local/lib/python3.10/site-packages/airflow/example_dags/example_time_delta_sensor_async.py
[2024-06-16T21:38:01.599-0300] {processor.py:840} INFO - DAG(s) 'example_time_delta_sensor_async' retrieved from /home/maira/.local/lib/python3.10/site-packages/airflow/example_dags/example_time_delta_sensor_async.py
[2024-06-16T21:38:01.617-0300] {logging_mixin.py:188} INFO - [2024-06-16T21:38:01.617-0300] {dag.py:3096} INFO - Sync 1 DAGs
[2024-06-16T21:38:01.628-0300] {logging_mixin.py:188} INFO - [2024-06-16T21:38:01.627-0300] {dag.py:3954} INFO - Setting next_dagrun for example_time_delta_sensor_async to None, run_after=None
[2024-06-16T21:38:01.657-0300] {processor.py:183} INFO - Processing /home/maira/.local/lib/python3.10/site-packages/airflow/example_dags/example_time_delta_sensor_async.py took 0.074 seconds
[2024-06-16T21:38:56.662-0300] {processor.py:161} INFO - Started process (PID=89126) to work on /home/maira/.local/lib/python3.10/site-packages/airflow/example_dags/example_time_delta_sensor_async.py
[2024-06-16T21:38:56.664-0300] {processor.py:830} INFO - Processing file /home/maira/.local/lib/python3.10/site-packages/airflow/example_dags/example_time_delta_sensor_async.py for tasks to queue
[2024-06-16T21:38:56.665-0300] {logging_mixin.py:188} INFO - [2024-06-16T21:38:56.664-0300] {dagbag.py:545} INFO - Filling up the DagBag from /home/maira/.local/lib/python3.10/site-packages/airflow/example_dags/example_time_delta_sensor_async.py
[2024-06-16T21:38:56.671-0300] {processor.py:840} INFO - DAG(s) 'example_time_delta_sensor_async' retrieved from /home/maira/.local/lib/python3.10/site-packages/airflow/example_dags/example_time_delta_sensor_async.py
[2024-06-16T21:38:56.689-0300] {logging_mixin.py:188} INFO - [2024-06-16T21:38:56.689-0300] {dag.py:3096} INFO - Sync 1 DAGs
[2024-06-16T21:38:56.701-0300] {logging_mixin.py:188} INFO - [2024-06-16T21:38:56.701-0300] {dag.py:3954} INFO - Setting next_dagrun for example_time_delta_sensor_async to None, run_after=None
[2024-06-16T21:38:56.732-0300] {processor.py:183} INFO - Processing /home/maira/.local/lib/python3.10/site-packages/airflow/example_dags/example_time_delta_sensor_async.py took 0.081 seconds
[2024-06-16T21:39:32.099-0300] {processor.py:161} INFO - Started process (PID=91733) to work on /home/maira/.local/lib/python3.10/site-packages/airflow/example_dags/example_time_delta_sensor_async.py
[2024-06-16T21:39:32.099-0300] {processor.py:830} INFO - Processing file /home/maira/.local/lib/python3.10/site-packages/airflow/example_dags/example_time_delta_sensor_async.py for tasks to queue
[2024-06-16T21:39:32.100-0300] {logging_mixin.py:188} INFO - [2024-06-16T21:39:32.100-0300] {dagbag.py:545} INFO - Filling up the DagBag from /home/maira/.local/lib/python3.10/site-packages/airflow/example_dags/example_time_delta_sensor_async.py
[2024-06-16T21:39:32.105-0300] {processor.py:840} INFO - DAG(s) 'example_time_delta_sensor_async' retrieved from /home/maira/.local/lib/python3.10/site-packages/airflow/example_dags/example_time_delta_sensor_async.py
[2024-06-16T21:39:32.121-0300] {logging_mixin.py:188} INFO - [2024-06-16T21:39:32.120-0300] {dag.py:3096} INFO - Sync 1 DAGs
[2024-06-16T21:39:32.131-0300] {logging_mixin.py:188} INFO - [2024-06-16T21:39:32.131-0300] {dag.py:3954} INFO - Setting next_dagrun for example_time_delta_sensor_async to None, run_after=None
[2024-06-16T21:39:32.162-0300] {processor.py:183} INFO - Processing /home/maira/.local/lib/python3.10/site-packages/airflow/example_dags/example_time_delta_sensor_async.py took 0.072 seconds
[2024-06-16T21:40:26.426-0300] {processor.py:161} INFO - Started process (PID=96700) to work on /home/maira/.local/lib/python3.10/site-packages/airflow/example_dags/example_time_delta_sensor_async.py
[2024-06-16T21:40:26.427-0300] {processor.py:830} INFO - Processing file /home/maira/.local/lib/python3.10/site-packages/airflow/example_dags/example_time_delta_sensor_async.py for tasks to queue
[2024-06-16T21:40:26.430-0300] {logging_mixin.py:188} INFO - [2024-06-16T21:40:26.429-0300] {dagbag.py:545} INFO - Filling up the DagBag from /home/maira/.local/lib/python3.10/site-packages/airflow/example_dags/example_time_delta_sensor_async.py
[2024-06-16T21:40:26.437-0300] {processor.py:840} INFO - DAG(s) 'example_time_delta_sensor_async' retrieved from /home/maira/.local/lib/python3.10/site-packages/airflow/example_dags/example_time_delta_sensor_async.py
[2024-06-16T21:40:26.468-0300] {logging_mixin.py:188} INFO - [2024-06-16T21:40:26.467-0300] {dag.py:3096} INFO - Sync 1 DAGs
[2024-06-16T21:40:26.485-0300] {logging_mixin.py:188} INFO - [2024-06-16T21:40:26.484-0300] {dag.py:3954} INFO - Setting next_dagrun for example_time_delta_sensor_async to None, run_after=None
[2024-06-16T21:40:26.524-0300] {processor.py:183} INFO - Processing /home/maira/.local/lib/python3.10/site-packages/airflow/example_dags/example_time_delta_sensor_async.py took 0.110 seconds
[2024-06-16T21:41:23.619-0300] {processor.py:161} INFO - Started process (PID=1630) to work on /home/maira/.local/lib/python3.10/site-packages/airflow/example_dags/example_time_delta_sensor_async.py
[2024-06-16T21:41:23.621-0300] {processor.py:830} INFO - Processing file /home/maira/.local/lib/python3.10/site-packages/airflow/example_dags/example_time_delta_sensor_async.py for tasks to queue
[2024-06-16T21:41:23.623-0300] {logging_mixin.py:188} INFO - [2024-06-16T21:41:23.622-0300] {dagbag.py:545} INFO - Filling up the DagBag from /home/maira/.local/lib/python3.10/site-packages/airflow/example_dags/example_time_delta_sensor_async.py
[2024-06-16T21:41:23.628-0300] {processor.py:840} INFO - DAG(s) 'example_time_delta_sensor_async' retrieved from /home/maira/.local/lib/python3.10/site-packages/airflow/example_dags/example_time_delta_sensor_async.py
[2024-06-16T21:41:23.658-0300] {logging_mixin.py:188} INFO - [2024-06-16T21:41:23.657-0300] {dag.py:3096} INFO - Sync 1 DAGs
[2024-06-16T21:41:23.678-0300] {logging_mixin.py:188} INFO - [2024-06-16T21:41:23.678-0300] {dag.py:3954} INFO - Setting next_dagrun for example_time_delta_sensor_async to None, run_after=None
[2024-06-16T21:41:23.726-0300] {processor.py:183} INFO - Processing /home/maira/.local/lib/python3.10/site-packages/airflow/example_dags/example_time_delta_sensor_async.py took 0.119 seconds
[2024-06-16T21:42:20.704-0300] {processor.py:161} INFO - Started process (PID=6102) to work on /home/maira/.local/lib/python3.10/site-packages/airflow/example_dags/example_time_delta_sensor_async.py
[2024-06-16T21:42:20.706-0300] {processor.py:830} INFO - Processing file /home/maira/.local/lib/python3.10/site-packages/airflow/example_dags/example_time_delta_sensor_async.py for tasks to queue
[2024-06-16T21:42:20.707-0300] {logging_mixin.py:188} INFO - [2024-06-16T21:42:20.706-0300] {dagbag.py:545} INFO - Filling up the DagBag from /home/maira/.local/lib/python3.10/site-packages/airflow/example_dags/example_time_delta_sensor_async.py
[2024-06-16T21:42:20.714-0300] {processor.py:840} INFO - DAG(s) 'example_time_delta_sensor_async' retrieved from /home/maira/.local/lib/python3.10/site-packages/airflow/example_dags/example_time_delta_sensor_async.py
[2024-06-16T21:42:20.741-0300] {logging_mixin.py:188} INFO - [2024-06-16T21:42:20.740-0300] {dag.py:3096} INFO - Sync 1 DAGs
[2024-06-16T21:42:20.761-0300] {logging_mixin.py:188} INFO - [2024-06-16T21:42:20.760-0300] {dag.py:3954} INFO - Setting next_dagrun for example_time_delta_sensor_async to None, run_after=None
[2024-06-16T21:42:20.803-0300] {processor.py:183} INFO - Processing /home/maira/.local/lib/python3.10/site-packages/airflow/example_dags/example_time_delta_sensor_async.py took 0.111 seconds
[2024-06-16T21:43:19.751-0300] {processor.py:161} INFO - Started process (PID=11322) to work on /home/maira/.local/lib/python3.10/site-packages/airflow/example_dags/example_time_delta_sensor_async.py
[2024-06-16T21:43:19.753-0300] {processor.py:830} INFO - Processing file /home/maira/.local/lib/python3.10/site-packages/airflow/example_dags/example_time_delta_sensor_async.py for tasks to queue
[2024-06-16T21:43:19.754-0300] {logging_mixin.py:188} INFO - [2024-06-16T21:43:19.753-0300] {dagbag.py:545} INFO - Filling up the DagBag from /home/maira/.local/lib/python3.10/site-packages/airflow/example_dags/example_time_delta_sensor_async.py
[2024-06-16T21:43:19.762-0300] {processor.py:840} INFO - DAG(s) 'example_time_delta_sensor_async' retrieved from /home/maira/.local/lib/python3.10/site-packages/airflow/example_dags/example_time_delta_sensor_async.py
[2024-06-16T21:43:19.787-0300] {logging_mixin.py:188} INFO - [2024-06-16T21:43:19.786-0300] {dag.py:3096} INFO - Sync 1 DAGs
[2024-06-16T21:43:19.804-0300] {logging_mixin.py:188} INFO - [2024-06-16T21:43:19.803-0300] {dag.py:3954} INFO - Setting next_dagrun for example_time_delta_sensor_async to None, run_after=None
[2024-06-16T21:43:19.842-0300] {processor.py:183} INFO - Processing /home/maira/.local/lib/python3.10/site-packages/airflow/example_dags/example_time_delta_sensor_async.py took 0.102 seconds
[2024-06-16T21:44:01.502-0300] {processor.py:161} INFO - Started process (PID=13172) to work on /home/maira/.local/lib/python3.10/site-packages/airflow/example_dags/example_time_delta_sensor_async.py
[2024-06-16T21:44:01.504-0300] {processor.py:830} INFO - Processing file /home/maira/.local/lib/python3.10/site-packages/airflow/example_dags/example_time_delta_sensor_async.py for tasks to queue
[2024-06-16T21:44:01.505-0300] {logging_mixin.py:188} INFO - [2024-06-16T21:44:01.504-0300] {dagbag.py:545} INFO - Filling up the DagBag from /home/maira/.local/lib/python3.10/site-packages/airflow/example_dags/example_time_delta_sensor_async.py
[2024-06-16T21:44:01.509-0300] {processor.py:840} INFO - DAG(s) 'example_time_delta_sensor_async' retrieved from /home/maira/.local/lib/python3.10/site-packages/airflow/example_dags/example_time_delta_sensor_async.py
[2024-06-16T21:44:01.526-0300] {logging_mixin.py:188} INFO - [2024-06-16T21:44:01.525-0300] {dag.py:3096} INFO - Sync 1 DAGs
[2024-06-16T21:44:01.537-0300] {logging_mixin.py:188} INFO - [2024-06-16T21:44:01.537-0300] {dag.py:3954} INFO - Setting next_dagrun for example_time_delta_sensor_async to None, run_after=None
[2024-06-16T21:44:01.580-0300] {processor.py:183} INFO - Processing /home/maira/.local/lib/python3.10/site-packages/airflow/example_dags/example_time_delta_sensor_async.py took 0.092 seconds
[2024-06-16T21:44:36.677-0300] {processor.py:161} INFO - Started process (PID=15576) to work on /home/maira/.local/lib/python3.10/site-packages/airflow/example_dags/example_time_delta_sensor_async.py
[2024-06-16T21:44:36.678-0300] {processor.py:830} INFO - Processing file /home/maira/.local/lib/python3.10/site-packages/airflow/example_dags/example_time_delta_sensor_async.py for tasks to queue
[2024-06-16T21:44:36.679-0300] {logging_mixin.py:188} INFO - [2024-06-16T21:44:36.678-0300] {dagbag.py:545} INFO - Filling up the DagBag from /home/maira/.local/lib/python3.10/site-packages/airflow/example_dags/example_time_delta_sensor_async.py
[2024-06-16T21:44:36.683-0300] {processor.py:840} INFO - DAG(s) 'example_time_delta_sensor_async' retrieved from /home/maira/.local/lib/python3.10/site-packages/airflow/example_dags/example_time_delta_sensor_async.py
[2024-06-16T21:44:36.701-0300] {logging_mixin.py:188} INFO - [2024-06-16T21:44:36.701-0300] {dag.py:3096} INFO - Sync 1 DAGs
[2024-06-16T21:44:36.713-0300] {logging_mixin.py:188} INFO - [2024-06-16T21:44:36.713-0300] {dag.py:3954} INFO - Setting next_dagrun for example_time_delta_sensor_async to None, run_after=None
[2024-06-16T21:44:36.743-0300] {processor.py:183} INFO - Processing /home/maira/.local/lib/python3.10/site-packages/airflow/example_dags/example_time_delta_sensor_async.py took 0.073 seconds
