[2024-06-16T21:32:19.681-0300] {processor.py:161} INFO - Started process (PID=85488) to work on /home/maira/.local/lib/python3.10/site-packages/airflow/example_dags/example_task_group_decorator.py
[2024-06-16T21:32:19.682-0300] {processor.py:830} INFO - Processing file /home/maira/.local/lib/python3.10/site-packages/airflow/example_dags/example_task_group_decorator.py for tasks to queue
[2024-06-16T21:32:19.683-0300] {logging_mixin.py:188} INFO - [2024-06-16T21:32:19.683-0300] {dagbag.py:545} INFO - Filling up the DagBag from /home/maira/.local/lib/python3.10/site-packages/airflow/example_dags/example_task_group_decorator.py
[2024-06-16T21:32:19.702-0300] {processor.py:840} INFO - DAG(s) 'example_task_group_decorator' retrieved from /home/maira/.local/lib/python3.10/site-packages/airflow/example_dags/example_task_group_decorator.py
[2024-06-16T21:32:19.724-0300] {logging_mixin.py:188} INFO - [2024-06-16T21:32:19.724-0300] {dag.py:3096} INFO - Sync 1 DAGs
[2024-06-16T21:32:19.742-0300] {logging_mixin.py:188} INFO - [2024-06-16T21:32:19.742-0300] {dag.py:3954} INFO - Setting next_dagrun for example_task_group_decorator to 2024-06-16 00:00:00+00:00, run_after=2024-06-17 00:00:00+00:00
[2024-06-16T21:32:19.775-0300] {processor.py:183} INFO - Processing /home/maira/.local/lib/python3.10/site-packages/airflow/example_dags/example_task_group_decorator.py took 0.111 seconds
[2024-06-16T21:33:15.168-0300] {processor.py:161} INFO - Started process (PID=85553) to work on /home/maira/.local/lib/python3.10/site-packages/airflow/example_dags/example_task_group_decorator.py
[2024-06-16T21:33:15.169-0300] {processor.py:830} INFO - Processing file /home/maira/.local/lib/python3.10/site-packages/airflow/example_dags/example_task_group_decorator.py for tasks to queue
[2024-06-16T21:33:15.170-0300] {logging_mixin.py:188} INFO - [2024-06-16T21:33:15.170-0300] {dagbag.py:545} INFO - Filling up the DagBag from /home/maira/.local/lib/python3.10/site-packages/airflow/example_dags/example_task_group_decorator.py
[2024-06-16T21:33:15.180-0300] {processor.py:840} INFO - DAG(s) 'example_task_group_decorator' retrieved from /home/maira/.local/lib/python3.10/site-packages/airflow/example_dags/example_task_group_decorator.py
[2024-06-16T21:33:15.195-0300] {logging_mixin.py:188} INFO - [2024-06-16T21:33:15.195-0300] {dag.py:3096} INFO - Sync 1 DAGs
[2024-06-16T21:33:15.211-0300] {logging_mixin.py:188} INFO - [2024-06-16T21:33:15.211-0300] {dag.py:3954} INFO - Setting next_dagrun for example_task_group_decorator to 2024-06-16 00:00:00+00:00, run_after=2024-06-17 00:00:00+00:00
[2024-06-16T21:33:15.274-0300] {processor.py:183} INFO - Processing /home/maira/.local/lib/python3.10/site-packages/airflow/example_dags/example_task_group_decorator.py took 0.113 seconds
[2024-06-16T21:34:13.682-0300] {processor.py:161} INFO - Started process (PID=85622) to work on /home/maira/.local/lib/python3.10/site-packages/airflow/example_dags/example_task_group_decorator.py
[2024-06-16T21:34:13.684-0300] {processor.py:830} INFO - Processing file /home/maira/.local/lib/python3.10/site-packages/airflow/example_dags/example_task_group_decorator.py for tasks to queue
[2024-06-16T21:34:13.685-0300] {logging_mixin.py:188} INFO - [2024-06-16T21:34:13.685-0300] {dagbag.py:545} INFO - Filling up the DagBag from /home/maira/.local/lib/python3.10/site-packages/airflow/example_dags/example_task_group_decorator.py
[2024-06-16T21:34:13.704-0300] {processor.py:840} INFO - DAG(s) 'example_task_group_decorator' retrieved from /home/maira/.local/lib/python3.10/site-packages/airflow/example_dags/example_task_group_decorator.py
[2024-06-16T21:34:13.727-0300] {logging_mixin.py:188} INFO - [2024-06-16T21:34:13.727-0300] {dag.py:3096} INFO - Sync 1 DAGs
[2024-06-16T21:34:13.741-0300] {logging_mixin.py:188} INFO - [2024-06-16T21:34:13.741-0300] {dag.py:3954} INFO - Setting next_dagrun for example_task_group_decorator to 2024-06-16 00:00:00+00:00, run_after=2024-06-17 00:00:00+00:00
[2024-06-16T21:34:13.774-0300] {processor.py:183} INFO - Processing /home/maira/.local/lib/python3.10/site-packages/airflow/example_dags/example_task_group_decorator.py took 0.103 seconds
[2024-06-16T21:35:10.379-0300] {processor.py:161} INFO - Started process (PID=85696) to work on /home/maira/.local/lib/python3.10/site-packages/airflow/example_dags/example_task_group_decorator.py
[2024-06-16T21:35:10.381-0300] {processor.py:830} INFO - Processing file /home/maira/.local/lib/python3.10/site-packages/airflow/example_dags/example_task_group_decorator.py for tasks to queue
[2024-06-16T21:35:10.382-0300] {logging_mixin.py:188} INFO - [2024-06-16T21:35:10.382-0300] {dagbag.py:545} INFO - Filling up the DagBag from /home/maira/.local/lib/python3.10/site-packages/airflow/example_dags/example_task_group_decorator.py
[2024-06-16T21:35:10.393-0300] {processor.py:840} INFO - DAG(s) 'example_task_group_decorator' retrieved from /home/maira/.local/lib/python3.10/site-packages/airflow/example_dags/example_task_group_decorator.py
[2024-06-16T21:35:10.408-0300] {logging_mixin.py:188} INFO - [2024-06-16T21:35:10.407-0300] {dag.py:3096} INFO - Sync 1 DAGs
[2024-06-16T21:35:10.421-0300] {logging_mixin.py:188} INFO - [2024-06-16T21:35:10.421-0300] {dag.py:3954} INFO - Setting next_dagrun for example_task_group_decorator to 2024-06-16 00:00:00+00:00, run_after=2024-06-17 00:00:00+00:00
[2024-06-16T21:35:10.446-0300] {processor.py:183} INFO - Processing /home/maira/.local/lib/python3.10/site-packages/airflow/example_dags/example_task_group_decorator.py took 0.074 seconds
[2024-06-16T21:36:01.643-0300] {processor.py:161} INFO - Started process (PID=85765) to work on /home/maira/.local/lib/python3.10/site-packages/airflow/example_dags/example_task_group_decorator.py
[2024-06-16T21:36:01.646-0300] {processor.py:830} INFO - Processing file /home/maira/.local/lib/python3.10/site-packages/airflow/example_dags/example_task_group_decorator.py for tasks to queue
[2024-06-16T21:36:01.647-0300] {logging_mixin.py:188} INFO - [2024-06-16T21:36:01.646-0300] {dagbag.py:545} INFO - Filling up the DagBag from /home/maira/.local/lib/python3.10/site-packages/airflow/example_dags/example_task_group_decorator.py
[2024-06-16T21:36:01.673-0300] {processor.py:840} INFO - DAG(s) 'example_task_group_decorator' retrieved from /home/maira/.local/lib/python3.10/site-packages/airflow/example_dags/example_task_group_decorator.py
[2024-06-16T21:36:01.701-0300] {logging_mixin.py:188} INFO - [2024-06-16T21:36:01.701-0300] {dag.py:3096} INFO - Sync 1 DAGs
[2024-06-16T21:36:01.729-0300] {logging_mixin.py:188} INFO - [2024-06-16T21:36:01.729-0300] {dag.py:3954} INFO - Setting next_dagrun for example_task_group_decorator to 2024-06-16 00:00:00+00:00, run_after=2024-06-17 00:00:00+00:00
[2024-06-16T21:36:01.772-0300] {processor.py:183} INFO - Processing /home/maira/.local/lib/python3.10/site-packages/airflow/example_dags/example_task_group_decorator.py took 0.140 seconds
[2024-06-16T21:36:52.189-0300] {processor.py:161} INFO - Started process (PID=85834) to work on /home/maira/.local/lib/python3.10/site-packages/airflow/example_dags/example_task_group_decorator.py
[2024-06-16T21:36:52.329-0300] {processor.py:830} INFO - Processing file /home/maira/.local/lib/python3.10/site-packages/airflow/example_dags/example_task_group_decorator.py for tasks to queue
[2024-06-16T21:36:52.390-0300] {logging_mixin.py:188} INFO - [2024-06-16T21:36:52.361-0300] {dagbag.py:545} INFO - Filling up the DagBag from /home/maira/.local/lib/python3.10/site-packages/airflow/example_dags/example_task_group_decorator.py
[2024-06-16T21:36:53.366-0300] {processor.py:840} INFO - DAG(s) 'example_task_group_decorator' retrieved from /home/maira/.local/lib/python3.10/site-packages/airflow/example_dags/example_task_group_decorator.py
[2024-06-16T21:36:54.041-0300] {logging_mixin.py:188} INFO - [2024-06-16T21:36:54.039-0300] {dag.py:3096} INFO - Sync 1 DAGs
[2024-06-16T21:36:54.349-0300] {logging_mixin.py:188} INFO - [2024-06-16T21:36:54.348-0300] {dag.py:3954} INFO - Setting next_dagrun for example_task_group_decorator to 2024-06-16 00:00:00+00:00, run_after=2024-06-17 00:00:00+00:00
[2024-06-16T21:36:54.553-0300] {processor.py:183} INFO - Processing /home/maira/.local/lib/python3.10/site-packages/airflow/example_dags/example_task_group_decorator.py took 3.035 seconds
[2024-06-16T21:38:10.581-0300] {processor.py:161} INFO - Started process (PID=85929) to work on /home/maira/.local/lib/python3.10/site-packages/airflow/example_dags/example_task_group_decorator.py
[2024-06-16T21:38:10.583-0300] {processor.py:830} INFO - Processing file /home/maira/.local/lib/python3.10/site-packages/airflow/example_dags/example_task_group_decorator.py for tasks to queue
[2024-06-16T21:38:10.583-0300] {logging_mixin.py:188} INFO - [2024-06-16T21:38:10.583-0300] {dagbag.py:545} INFO - Filling up the DagBag from /home/maira/.local/lib/python3.10/site-packages/airflow/example_dags/example_task_group_decorator.py
[2024-06-16T21:38:10.596-0300] {processor.py:840} INFO - DAG(s) 'example_task_group_decorator' retrieved from /home/maira/.local/lib/python3.10/site-packages/airflow/example_dags/example_task_group_decorator.py
[2024-06-16T21:38:10.612-0300] {logging_mixin.py:188} INFO - [2024-06-16T21:38:10.612-0300] {dag.py:3096} INFO - Sync 1 DAGs
[2024-06-16T21:38:10.629-0300] {logging_mixin.py:188} INFO - [2024-06-16T21:38:10.629-0300] {dag.py:3954} INFO - Setting next_dagrun for example_task_group_decorator to 2024-06-16 00:00:00+00:00, run_after=2024-06-17 00:00:00+00:00
[2024-06-16T21:38:10.664-0300] {processor.py:183} INFO - Processing /home/maira/.local/lib/python3.10/site-packages/airflow/example_dags/example_task_group_decorator.py took 0.092 seconds
[2024-06-16T21:39:06.742-0300] {processor.py:161} INFO - Started process (PID=89903) to work on /home/maira/.local/lib/python3.10/site-packages/airflow/example_dags/example_task_group_decorator.py
[2024-06-16T21:39:06.744-0300] {processor.py:830} INFO - Processing file /home/maira/.local/lib/python3.10/site-packages/airflow/example_dags/example_task_group_decorator.py for tasks to queue
[2024-06-16T21:39:06.745-0300] {logging_mixin.py:188} INFO - [2024-06-16T21:39:06.745-0300] {dagbag.py:545} INFO - Filling up the DagBag from /home/maira/.local/lib/python3.10/site-packages/airflow/example_dags/example_task_group_decorator.py
[2024-06-16T21:39:06.762-0300] {processor.py:840} INFO - DAG(s) 'example_task_group_decorator' retrieved from /home/maira/.local/lib/python3.10/site-packages/airflow/example_dags/example_task_group_decorator.py
[2024-06-16T21:39:06.790-0300] {logging_mixin.py:188} INFO - [2024-06-16T21:39:06.789-0300] {dag.py:3096} INFO - Sync 1 DAGs
[2024-06-16T21:39:06.873-0300] {logging_mixin.py:188} INFO - [2024-06-16T21:39:06.872-0300] {dag.py:3954} INFO - Setting next_dagrun for example_task_group_decorator to 2024-06-16 00:00:00+00:00, run_after=2024-06-17 00:00:00+00:00
[2024-06-16T21:39:06.981-0300] {processor.py:183} INFO - Processing /home/maira/.local/lib/python3.10/site-packages/airflow/example_dags/example_task_group_decorator.py took 0.247 seconds
[2024-06-16T21:40:08.435-0300] {processor.py:161} INFO - Started process (PID=95266) to work on /home/maira/.local/lib/python3.10/site-packages/airflow/example_dags/example_task_group_decorator.py
[2024-06-16T21:40:08.436-0300] {processor.py:830} INFO - Processing file /home/maira/.local/lib/python3.10/site-packages/airflow/example_dags/example_task_group_decorator.py for tasks to queue
[2024-06-16T21:40:08.440-0300] {logging_mixin.py:188} INFO - [2024-06-16T21:40:08.437-0300] {dagbag.py:545} INFO - Filling up the DagBag from /home/maira/.local/lib/python3.10/site-packages/airflow/example_dags/example_task_group_decorator.py
[2024-06-16T21:40:08.472-0300] {processor.py:840} INFO - DAG(s) 'example_task_group_decorator' retrieved from /home/maira/.local/lib/python3.10/site-packages/airflow/example_dags/example_task_group_decorator.py
[2024-06-16T21:40:08.518-0300] {logging_mixin.py:188} INFO - [2024-06-16T21:40:08.517-0300] {dag.py:3096} INFO - Sync 1 DAGs
[2024-06-16T21:40:08.560-0300] {logging_mixin.py:188} INFO - [2024-06-16T21:40:08.559-0300] {dag.py:3954} INFO - Setting next_dagrun for example_task_group_decorator to 2024-06-16 00:00:00+00:00, run_after=2024-06-17 00:00:00+00:00
[2024-06-16T21:40:08.606-0300] {processor.py:183} INFO - Processing /home/maira/.local/lib/python3.10/site-packages/airflow/example_dags/example_task_group_decorator.py took 0.185 seconds
[2024-06-16T21:41:01.943-0300] {processor.py:161} INFO - Started process (PID=98992) to work on /home/maira/.local/lib/python3.10/site-packages/airflow/example_dags/example_task_group_decorator.py
[2024-06-16T21:41:01.945-0300] {processor.py:830} INFO - Processing file /home/maira/.local/lib/python3.10/site-packages/airflow/example_dags/example_task_group_decorator.py for tasks to queue
[2024-06-16T21:41:01.947-0300] {logging_mixin.py:188} INFO - [2024-06-16T21:41:01.946-0300] {dagbag.py:545} INFO - Filling up the DagBag from /home/maira/.local/lib/python3.10/site-packages/airflow/example_dags/example_task_group_decorator.py
[2024-06-16T21:41:01.979-0300] {processor.py:840} INFO - DAG(s) 'example_task_group_decorator' retrieved from /home/maira/.local/lib/python3.10/site-packages/airflow/example_dags/example_task_group_decorator.py
[2024-06-16T21:41:02.021-0300] {logging_mixin.py:188} INFO - [2024-06-16T21:41:02.021-0300] {dag.py:3096} INFO - Sync 1 DAGs
[2024-06-16T21:41:02.050-0300] {logging_mixin.py:188} INFO - [2024-06-16T21:41:02.049-0300] {dag.py:3954} INFO - Setting next_dagrun for example_task_group_decorator to 2024-06-16 00:00:00+00:00, run_after=2024-06-17 00:00:00+00:00
[2024-06-16T21:41:02.094-0300] {processor.py:183} INFO - Processing /home/maira/.local/lib/python3.10/site-packages/airflow/example_dags/example_task_group_decorator.py took 0.165 seconds
[2024-06-16T21:42:00.847-0300] {processor.py:161} INFO - Started process (PID=4745) to work on /home/maira/.local/lib/python3.10/site-packages/airflow/example_dags/example_task_group_decorator.py
[2024-06-16T21:42:00.849-0300] {processor.py:830} INFO - Processing file /home/maira/.local/lib/python3.10/site-packages/airflow/example_dags/example_task_group_decorator.py for tasks to queue
[2024-06-16T21:42:00.850-0300] {logging_mixin.py:188} INFO - [2024-06-16T21:42:00.849-0300] {dagbag.py:545} INFO - Filling up the DagBag from /home/maira/.local/lib/python3.10/site-packages/airflow/example_dags/example_task_group_decorator.py
[2024-06-16T21:42:00.866-0300] {processor.py:840} INFO - DAG(s) 'example_task_group_decorator' retrieved from /home/maira/.local/lib/python3.10/site-packages/airflow/example_dags/example_task_group_decorator.py
[2024-06-16T21:42:00.893-0300] {logging_mixin.py:188} INFO - [2024-06-16T21:42:00.893-0300] {dag.py:3096} INFO - Sync 1 DAGs
[2024-06-16T21:42:00.924-0300] {logging_mixin.py:188} INFO - [2024-06-16T21:42:00.923-0300] {dag.py:3954} INFO - Setting next_dagrun for example_task_group_decorator to 2024-06-16 00:00:00+00:00, run_after=2024-06-17 00:00:00+00:00
[2024-06-16T21:42:00.957-0300] {processor.py:183} INFO - Processing /home/maira/.local/lib/python3.10/site-packages/airflow/example_dags/example_task_group_decorator.py took 0.119 seconds
[2024-06-16T21:42:53.606-0300] {processor.py:161} INFO - Started process (PID=9192) to work on /home/maira/.local/lib/python3.10/site-packages/airflow/example_dags/example_task_group_decorator.py
[2024-06-16T21:42:53.608-0300] {processor.py:830} INFO - Processing file /home/maira/.local/lib/python3.10/site-packages/airflow/example_dags/example_task_group_decorator.py for tasks to queue
[2024-06-16T21:42:53.609-0300] {logging_mixin.py:188} INFO - [2024-06-16T21:42:53.608-0300] {dagbag.py:545} INFO - Filling up the DagBag from /home/maira/.local/lib/python3.10/site-packages/airflow/example_dags/example_task_group_decorator.py
[2024-06-16T21:42:53.630-0300] {processor.py:840} INFO - DAG(s) 'example_task_group_decorator' retrieved from /home/maira/.local/lib/python3.10/site-packages/airflow/example_dags/example_task_group_decorator.py
[2024-06-16T21:42:53.656-0300] {logging_mixin.py:188} INFO - [2024-06-16T21:42:53.655-0300] {dag.py:3096} INFO - Sync 1 DAGs
[2024-06-16T21:42:53.684-0300] {logging_mixin.py:188} INFO - [2024-06-16T21:42:53.683-0300] {dag.py:3954} INFO - Setting next_dagrun for example_task_group_decorator to 2024-06-16 00:00:00+00:00, run_after=2024-06-17 00:00:00+00:00
[2024-06-16T21:42:53.722-0300] {processor.py:183} INFO - Processing /home/maira/.local/lib/python3.10/site-packages/airflow/example_dags/example_task_group_decorator.py took 0.130 seconds
[2024-06-16T21:44:14.946-0300] {processor.py:161} INFO - Started process (PID=13960) to work on /home/maira/.local/lib/python3.10/site-packages/airflow/example_dags/example_task_group_decorator.py
[2024-06-16T21:44:14.971-0300] {processor.py:830} INFO - Processing file /home/maira/.local/lib/python3.10/site-packages/airflow/example_dags/example_task_group_decorator.py for tasks to queue
[2024-06-16T21:44:14.972-0300] {logging_mixin.py:188} INFO - [2024-06-16T21:44:14.972-0300] {dagbag.py:545} INFO - Filling up the DagBag from /home/maira/.local/lib/python3.10/site-packages/airflow/example_dags/example_task_group_decorator.py
[2024-06-16T21:44:14.986-0300] {processor.py:840} INFO - DAG(s) 'example_task_group_decorator' retrieved from /home/maira/.local/lib/python3.10/site-packages/airflow/example_dags/example_task_group_decorator.py
[2024-06-16T21:44:15.003-0300] {logging_mixin.py:188} INFO - [2024-06-16T21:44:15.003-0300] {dag.py:3096} INFO - Sync 1 DAGs
[2024-06-16T21:44:15.019-0300] {logging_mixin.py:188} INFO - [2024-06-16T21:44:15.018-0300] {dag.py:3954} INFO - Setting next_dagrun for example_task_group_decorator to 2024-06-16 00:00:00+00:00, run_after=2024-06-17 00:00:00+00:00
[2024-06-16T21:44:15.144-0300] {processor.py:183} INFO - Processing /home/maira/.local/lib/python3.10/site-packages/airflow/example_dags/example_task_group_decorator.py took 0.208 seconds
