[2024-06-16T21:32:06.622-0300] {processor.py:161} INFO - Started process (PID=85475) to work on /home/maira/.local/lib/python3.10/site-packages/airflow/example_dags/tutorial_taskflow_api_virtualenv.py
[2024-06-16T21:32:06.622-0300] {processor.py:830} INFO - Processing file /home/maira/.local/lib/python3.10/site-packages/airflow/example_dags/tutorial_taskflow_api_virtualenv.py for tasks to queue
[2024-06-16T21:32:06.623-0300] {logging_mixin.py:188} INFO - [2024-06-16T21:32:06.623-0300] {dagbag.py:545} INFO - Filling up the DagBag from /home/maira/.local/lib/python3.10/site-packages/airflow/example_dags/tutorial_taskflow_api_virtualenv.py
[2024-06-16T21:32:06.632-0300] {processor.py:840} INFO - DAG(s) 'tutorial_taskflow_api_virtualenv' retrieved from /home/maira/.local/lib/python3.10/site-packages/airflow/example_dags/tutorial_taskflow_api_virtualenv.py
[2024-06-16T21:32:06.656-0300] {logging_mixin.py:188} INFO - [2024-06-16T21:32:06.655-0300] {dag.py:3096} INFO - Sync 1 DAGs
[2024-06-16T21:32:06.668-0300] {logging_mixin.py:188} INFO - [2024-06-16T21:32:06.667-0300] {dag.py:3954} INFO - Setting next_dagrun for tutorial_taskflow_api_virtualenv to None, run_after=None
[2024-06-16T21:32:06.699-0300] {processor.py:183} INFO - Processing /home/maira/.local/lib/python3.10/site-packages/airflow/example_dags/tutorial_taskflow_api_virtualenv.py took 0.088 seconds
[2024-06-16T21:33:02.033-0300] {processor.py:161} INFO - Started process (PID=85540) to work on /home/maira/.local/lib/python3.10/site-packages/airflow/example_dags/tutorial_taskflow_api_virtualenv.py
[2024-06-16T21:33:02.035-0300] {processor.py:830} INFO - Processing file /home/maira/.local/lib/python3.10/site-packages/airflow/example_dags/tutorial_taskflow_api_virtualenv.py for tasks to queue
[2024-06-16T21:33:02.036-0300] {logging_mixin.py:188} INFO - [2024-06-16T21:33:02.035-0300] {dagbag.py:545} INFO - Filling up the DagBag from /home/maira/.local/lib/python3.10/site-packages/airflow/example_dags/tutorial_taskflow_api_virtualenv.py
[2024-06-16T21:33:02.044-0300] {processor.py:840} INFO - DAG(s) 'tutorial_taskflow_api_virtualenv' retrieved from /home/maira/.local/lib/python3.10/site-packages/airflow/example_dags/tutorial_taskflow_api_virtualenv.py
[2024-06-16T21:33:02.058-0300] {logging_mixin.py:188} INFO - [2024-06-16T21:33:02.058-0300] {dag.py:3096} INFO - Sync 1 DAGs
[2024-06-16T21:33:02.068-0300] {logging_mixin.py:188} INFO - [2024-06-16T21:33:02.067-0300] {dag.py:3954} INFO - Setting next_dagrun for tutorial_taskflow_api_virtualenv to None, run_after=None
[2024-06-16T21:33:02.095-0300] {processor.py:183} INFO - Processing /home/maira/.local/lib/python3.10/site-packages/airflow/example_dags/tutorial_taskflow_api_virtualenv.py took 0.070 seconds
[2024-06-16T21:33:54.871-0300] {processor.py:161} INFO - Started process (PID=85609) to work on /home/maira/.local/lib/python3.10/site-packages/airflow/example_dags/tutorial_taskflow_api_virtualenv.py
[2024-06-16T21:33:54.873-0300] {processor.py:830} INFO - Processing file /home/maira/.local/lib/python3.10/site-packages/airflow/example_dags/tutorial_taskflow_api_virtualenv.py for tasks to queue
[2024-06-16T21:33:54.874-0300] {logging_mixin.py:188} INFO - [2024-06-16T21:33:54.873-0300] {dagbag.py:545} INFO - Filling up the DagBag from /home/maira/.local/lib/python3.10/site-packages/airflow/example_dags/tutorial_taskflow_api_virtualenv.py
[2024-06-16T21:33:54.882-0300] {processor.py:840} INFO - DAG(s) 'tutorial_taskflow_api_virtualenv' retrieved from /home/maira/.local/lib/python3.10/site-packages/airflow/example_dags/tutorial_taskflow_api_virtualenv.py
[2024-06-16T21:33:54.894-0300] {logging_mixin.py:188} INFO - [2024-06-16T21:33:54.894-0300] {dag.py:3096} INFO - Sync 1 DAGs
[2024-06-16T21:33:54.903-0300] {logging_mixin.py:188} INFO - [2024-06-16T21:33:54.902-0300] {dag.py:3954} INFO - Setting next_dagrun for tutorial_taskflow_api_virtualenv to None, run_after=None
[2024-06-16T21:33:54.926-0300] {processor.py:183} INFO - Processing /home/maira/.local/lib/python3.10/site-packages/airflow/example_dags/tutorial_taskflow_api_virtualenv.py took 0.061 seconds
[2024-06-16T21:34:54.828-0300] {processor.py:161} INFO - Started process (PID=85679) to work on /home/maira/.local/lib/python3.10/site-packages/airflow/example_dags/tutorial_taskflow_api_virtualenv.py
[2024-06-16T21:34:54.830-0300] {processor.py:830} INFO - Processing file /home/maira/.local/lib/python3.10/site-packages/airflow/example_dags/tutorial_taskflow_api_virtualenv.py for tasks to queue
[2024-06-16T21:34:54.831-0300] {logging_mixin.py:188} INFO - [2024-06-16T21:34:54.831-0300] {dagbag.py:545} INFO - Filling up the DagBag from /home/maira/.local/lib/python3.10/site-packages/airflow/example_dags/tutorial_taskflow_api_virtualenv.py
[2024-06-16T21:34:54.839-0300] {processor.py:840} INFO - DAG(s) 'tutorial_taskflow_api_virtualenv' retrieved from /home/maira/.local/lib/python3.10/site-packages/airflow/example_dags/tutorial_taskflow_api_virtualenv.py
[2024-06-16T21:34:54.855-0300] {logging_mixin.py:188} INFO - [2024-06-16T21:34:54.855-0300] {dag.py:3096} INFO - Sync 1 DAGs
[2024-06-16T21:34:54.865-0300] {logging_mixin.py:188} INFO - [2024-06-16T21:34:54.864-0300] {dag.py:3954} INFO - Setting next_dagrun for tutorial_taskflow_api_virtualenv to None, run_after=None
[2024-06-16T21:34:54.888-0300] {processor.py:183} INFO - Processing /home/maira/.local/lib/python3.10/site-packages/airflow/example_dags/tutorial_taskflow_api_virtualenv.py took 0.069 seconds
[2024-06-16T21:35:45.252-0300] {processor.py:161} INFO - Started process (PID=85748) to work on /home/maira/.local/lib/python3.10/site-packages/airflow/example_dags/tutorial_taskflow_api_virtualenv.py
[2024-06-16T21:35:45.253-0300] {processor.py:830} INFO - Processing file /home/maira/.local/lib/python3.10/site-packages/airflow/example_dags/tutorial_taskflow_api_virtualenv.py for tasks to queue
[2024-06-16T21:35:45.254-0300] {logging_mixin.py:188} INFO - [2024-06-16T21:35:45.254-0300] {dagbag.py:545} INFO - Filling up the DagBag from /home/maira/.local/lib/python3.10/site-packages/airflow/example_dags/tutorial_taskflow_api_virtualenv.py
[2024-06-16T21:35:45.262-0300] {processor.py:840} INFO - DAG(s) 'tutorial_taskflow_api_virtualenv' retrieved from /home/maira/.local/lib/python3.10/site-packages/airflow/example_dags/tutorial_taskflow_api_virtualenv.py
[2024-06-16T21:35:45.275-0300] {logging_mixin.py:188} INFO - [2024-06-16T21:35:45.274-0300] {dag.py:3096} INFO - Sync 1 DAGs
[2024-06-16T21:35:45.283-0300] {logging_mixin.py:188} INFO - [2024-06-16T21:35:45.283-0300] {dag.py:3954} INFO - Setting next_dagrun for tutorial_taskflow_api_virtualenv to None, run_after=None
[2024-06-16T21:35:45.304-0300] {processor.py:183} INFO - Processing /home/maira/.local/lib/python3.10/site-packages/airflow/example_dags/tutorial_taskflow_api_virtualenv.py took 0.060 seconds
[2024-06-16T21:36:29.495-0300] {processor.py:161} INFO - Started process (PID=85808) to work on /home/maira/.local/lib/python3.10/site-packages/airflow/example_dags/tutorial_taskflow_api_virtualenv.py
[2024-06-16T21:36:29.497-0300] {processor.py:830} INFO - Processing file /home/maira/.local/lib/python3.10/site-packages/airflow/example_dags/tutorial_taskflow_api_virtualenv.py for tasks to queue
[2024-06-16T21:36:29.498-0300] {logging_mixin.py:188} INFO - [2024-06-16T21:36:29.498-0300] {dagbag.py:545} INFO - Filling up the DagBag from /home/maira/.local/lib/python3.10/site-packages/airflow/example_dags/tutorial_taskflow_api_virtualenv.py
[2024-06-16T21:36:29.505-0300] {processor.py:840} INFO - DAG(s) 'tutorial_taskflow_api_virtualenv' retrieved from /home/maira/.local/lib/python3.10/site-packages/airflow/example_dags/tutorial_taskflow_api_virtualenv.py
[2024-06-16T21:36:29.518-0300] {logging_mixin.py:188} INFO - [2024-06-16T21:36:29.517-0300] {dag.py:3096} INFO - Sync 1 DAGs
[2024-06-16T21:36:29.526-0300] {logging_mixin.py:188} INFO - [2024-06-16T21:36:29.526-0300] {dag.py:3954} INFO - Setting next_dagrun for tutorial_taskflow_api_virtualenv to None, run_after=None
[2024-06-16T21:36:29.553-0300] {processor.py:183} INFO - Processing /home/maira/.local/lib/python3.10/site-packages/airflow/example_dags/tutorial_taskflow_api_virtualenv.py took 0.066 seconds
[2024-06-16T21:37:29.809-0300] {processor.py:161} INFO - Started process (PID=85884) to work on /home/maira/.local/lib/python3.10/site-packages/airflow/example_dags/tutorial_taskflow_api_virtualenv.py
[2024-06-16T21:37:29.810-0300] {processor.py:830} INFO - Processing file /home/maira/.local/lib/python3.10/site-packages/airflow/example_dags/tutorial_taskflow_api_virtualenv.py for tasks to queue
[2024-06-16T21:37:29.811-0300] {logging_mixin.py:188} INFO - [2024-06-16T21:37:29.811-0300] {dagbag.py:545} INFO - Filling up the DagBag from /home/maira/.local/lib/python3.10/site-packages/airflow/example_dags/tutorial_taskflow_api_virtualenv.py
[2024-06-16T21:37:29.821-0300] {processor.py:840} INFO - DAG(s) 'tutorial_taskflow_api_virtualenv' retrieved from /home/maira/.local/lib/python3.10/site-packages/airflow/example_dags/tutorial_taskflow_api_virtualenv.py
[2024-06-16T21:37:29.838-0300] {logging_mixin.py:188} INFO - [2024-06-16T21:37:29.837-0300] {dag.py:3096} INFO - Sync 1 DAGs
[2024-06-16T21:37:29.850-0300] {logging_mixin.py:188} INFO - [2024-06-16T21:37:29.850-0300] {dag.py:3954} INFO - Setting next_dagrun for tutorial_taskflow_api_virtualenv to None, run_after=None
[2024-06-16T21:37:29.895-0300] {processor.py:183} INFO - Processing /home/maira/.local/lib/python3.10/site-packages/airflow/example_dags/tutorial_taskflow_api_virtualenv.py took 0.092 seconds
[2024-06-16T21:38:26.577-0300] {processor.py:161} INFO - Started process (PID=86703) to work on /home/maira/.local/lib/python3.10/site-packages/airflow/example_dags/tutorial_taskflow_api_virtualenv.py
[2024-06-16T21:38:26.579-0300] {processor.py:830} INFO - Processing file /home/maira/.local/lib/python3.10/site-packages/airflow/example_dags/tutorial_taskflow_api_virtualenv.py for tasks to queue
[2024-06-16T21:38:26.580-0300] {logging_mixin.py:188} INFO - [2024-06-16T21:38:26.579-0300] {dagbag.py:545} INFO - Filling up the DagBag from /home/maira/.local/lib/python3.10/site-packages/airflow/example_dags/tutorial_taskflow_api_virtualenv.py
[2024-06-16T21:38:26.590-0300] {processor.py:840} INFO - DAG(s) 'tutorial_taskflow_api_virtualenv' retrieved from /home/maira/.local/lib/python3.10/site-packages/airflow/example_dags/tutorial_taskflow_api_virtualenv.py
[2024-06-16T21:38:26.607-0300] {logging_mixin.py:188} INFO - [2024-06-16T21:38:26.606-0300] {dag.py:3096} INFO - Sync 1 DAGs
[2024-06-16T21:38:26.618-0300] {logging_mixin.py:188} INFO - [2024-06-16T21:38:26.618-0300] {dag.py:3954} INFO - Setting next_dagrun for tutorial_taskflow_api_virtualenv to None, run_after=None
[2024-06-16T21:38:26.649-0300] {processor.py:183} INFO - Processing /home/maira/.local/lib/python3.10/site-packages/airflow/example_dags/tutorial_taskflow_api_virtualenv.py took 0.080 seconds
[2024-06-16T21:39:33.373-0300] {processor.py:161} INFO - Started process (PID=91881) to work on /home/maira/.local/lib/python3.10/site-packages/airflow/example_dags/tutorial_taskflow_api_virtualenv.py
[2024-06-16T21:39:33.375-0300] {processor.py:830} INFO - Processing file /home/maira/.local/lib/python3.10/site-packages/airflow/example_dags/tutorial_taskflow_api_virtualenv.py for tasks to queue
[2024-06-16T21:39:33.376-0300] {logging_mixin.py:188} INFO - [2024-06-16T21:39:33.375-0300] {dagbag.py:545} INFO - Filling up the DagBag from /home/maira/.local/lib/python3.10/site-packages/airflow/example_dags/tutorial_taskflow_api_virtualenv.py
[2024-06-16T21:39:33.389-0300] {processor.py:840} INFO - DAG(s) 'tutorial_taskflow_api_virtualenv' retrieved from /home/maira/.local/lib/python3.10/site-packages/airflow/example_dags/tutorial_taskflow_api_virtualenv.py
[2024-06-16T21:39:33.408-0300] {logging_mixin.py:188} INFO - [2024-06-16T21:39:33.408-0300] {dag.py:3096} INFO - Sync 1 DAGs
[2024-06-16T21:39:33.422-0300] {logging_mixin.py:188} INFO - [2024-06-16T21:39:33.422-0300] {dag.py:3954} INFO - Setting next_dagrun for tutorial_taskflow_api_virtualenv to None, run_after=None
[2024-06-16T21:39:33.457-0300] {processor.py:183} INFO - Processing /home/maira/.local/lib/python3.10/site-packages/airflow/example_dags/tutorial_taskflow_api_virtualenv.py took 0.094 seconds
[2024-06-16T21:40:28.958-0300] {processor.py:161} INFO - Started process (PID=97011) to work on /home/maira/.local/lib/python3.10/site-packages/airflow/example_dags/tutorial_taskflow_api_virtualenv.py
[2024-06-16T21:40:28.961-0300] {processor.py:830} INFO - Processing file /home/maira/.local/lib/python3.10/site-packages/airflow/example_dags/tutorial_taskflow_api_virtualenv.py for tasks to queue
[2024-06-16T21:40:28.963-0300] {logging_mixin.py:188} INFO - [2024-06-16T21:40:28.962-0300] {dagbag.py:545} INFO - Filling up the DagBag from /home/maira/.local/lib/python3.10/site-packages/airflow/example_dags/tutorial_taskflow_api_virtualenv.py
[2024-06-16T21:40:28.981-0300] {processor.py:840} INFO - DAG(s) 'tutorial_taskflow_api_virtualenv' retrieved from /home/maira/.local/lib/python3.10/site-packages/airflow/example_dags/tutorial_taskflow_api_virtualenv.py
[2024-06-16T21:40:29.010-0300] {logging_mixin.py:188} INFO - [2024-06-16T21:40:29.010-0300] {dag.py:3096} INFO - Sync 1 DAGs
[2024-06-16T21:40:29.029-0300] {logging_mixin.py:188} INFO - [2024-06-16T21:40:29.029-0300] {dag.py:3954} INFO - Setting next_dagrun for tutorial_taskflow_api_virtualenv to None, run_after=None
[2024-06-16T21:40:29.065-0300] {processor.py:183} INFO - Processing /home/maira/.local/lib/python3.10/site-packages/airflow/example_dags/tutorial_taskflow_api_virtualenv.py took 0.125 seconds
[2024-06-16T21:41:24.986-0300] {processor.py:161} INFO - Started process (PID=1708) to work on /home/maira/.local/lib/python3.10/site-packages/airflow/example_dags/tutorial_taskflow_api_virtualenv.py
[2024-06-16T21:41:24.988-0300] {processor.py:830} INFO - Processing file /home/maira/.local/lib/python3.10/site-packages/airflow/example_dags/tutorial_taskflow_api_virtualenv.py for tasks to queue
[2024-06-16T21:41:24.989-0300] {logging_mixin.py:188} INFO - [2024-06-16T21:41:24.989-0300] {dagbag.py:545} INFO - Filling up the DagBag from /home/maira/.local/lib/python3.10/site-packages/airflow/example_dags/tutorial_taskflow_api_virtualenv.py
[2024-06-16T21:41:24.999-0300] {processor.py:840} INFO - DAG(s) 'tutorial_taskflow_api_virtualenv' retrieved from /home/maira/.local/lib/python3.10/site-packages/airflow/example_dags/tutorial_taskflow_api_virtualenv.py
[2024-06-16T21:41:25.013-0300] {logging_mixin.py:188} INFO - [2024-06-16T21:41:25.013-0300] {dag.py:3096} INFO - Sync 1 DAGs
[2024-06-16T21:41:25.024-0300] {logging_mixin.py:188} INFO - [2024-06-16T21:41:25.024-0300] {dag.py:3954} INFO - Setting next_dagrun for tutorial_taskflow_api_virtualenv to None, run_after=None
[2024-06-16T21:41:25.051-0300] {processor.py:183} INFO - Processing /home/maira/.local/lib/python3.10/site-packages/airflow/example_dags/tutorial_taskflow_api_virtualenv.py took 0.072 seconds
[2024-06-16T21:42:22.706-0300] {processor.py:161} INFO - Started process (PID=6268) to work on /home/maira/.local/lib/python3.10/site-packages/airflow/example_dags/tutorial_taskflow_api_virtualenv.py
[2024-06-16T21:42:22.708-0300] {processor.py:830} INFO - Processing file /home/maira/.local/lib/python3.10/site-packages/airflow/example_dags/tutorial_taskflow_api_virtualenv.py for tasks to queue
[2024-06-16T21:42:22.710-0300] {logging_mixin.py:188} INFO - [2024-06-16T21:42:22.709-0300] {dagbag.py:545} INFO - Filling up the DagBag from /home/maira/.local/lib/python3.10/site-packages/airflow/example_dags/tutorial_taskflow_api_virtualenv.py
[2024-06-16T21:42:22.727-0300] {processor.py:840} INFO - DAG(s) 'tutorial_taskflow_api_virtualenv' retrieved from /home/maira/.local/lib/python3.10/site-packages/airflow/example_dags/tutorial_taskflow_api_virtualenv.py
[2024-06-16T21:42:22.750-0300] {logging_mixin.py:188} INFO - [2024-06-16T21:42:22.749-0300] {dag.py:3096} INFO - Sync 1 DAGs
[2024-06-16T21:42:22.765-0300] {logging_mixin.py:188} INFO - [2024-06-16T21:42:22.764-0300] {dag.py:3954} INFO - Setting next_dagrun for tutorial_taskflow_api_virtualenv to None, run_after=None
[2024-06-16T21:42:22.808-0300] {processor.py:183} INFO - Processing /home/maira/.local/lib/python3.10/site-packages/airflow/example_dags/tutorial_taskflow_api_virtualenv.py took 0.114 seconds
[2024-06-16T21:43:23.869-0300] {processor.py:161} INFO - Started process (PID=11416) to work on /home/maira/.local/lib/python3.10/site-packages/airflow/example_dags/tutorial_taskflow_api_virtualenv.py
[2024-06-16T21:43:23.871-0300] {processor.py:830} INFO - Processing file /home/maira/.local/lib/python3.10/site-packages/airflow/example_dags/tutorial_taskflow_api_virtualenv.py for tasks to queue
[2024-06-16T21:43:23.873-0300] {logging_mixin.py:188} INFO - [2024-06-16T21:43:23.872-0300] {dagbag.py:545} INFO - Filling up the DagBag from /home/maira/.local/lib/python3.10/site-packages/airflow/example_dags/tutorial_taskflow_api_virtualenv.py
[2024-06-16T21:43:23.888-0300] {processor.py:840} INFO - DAG(s) 'tutorial_taskflow_api_virtualenv' retrieved from /home/maira/.local/lib/python3.10/site-packages/airflow/example_dags/tutorial_taskflow_api_virtualenv.py
[2024-06-16T21:43:23.913-0300] {logging_mixin.py:188} INFO - [2024-06-16T21:43:23.913-0300] {dag.py:3096} INFO - Sync 1 DAGs
[2024-06-16T21:43:23.932-0300] {logging_mixin.py:188} INFO - [2024-06-16T21:43:23.932-0300] {dag.py:3954} INFO - Setting next_dagrun for tutorial_taskflow_api_virtualenv to None, run_after=None
[2024-06-16T21:43:23.971-0300] {processor.py:183} INFO - Processing /home/maira/.local/lib/python3.10/site-packages/airflow/example_dags/tutorial_taskflow_api_virtualenv.py took 0.114 seconds
[2024-06-16T21:44:08.332-0300] {processor.py:161} INFO - Started process (PID=13458) to work on /home/maira/.local/lib/python3.10/site-packages/airflow/example_dags/tutorial_taskflow_api_virtualenv.py
[2024-06-16T21:44:08.333-0300] {processor.py:830} INFO - Processing file /home/maira/.local/lib/python3.10/site-packages/airflow/example_dags/tutorial_taskflow_api_virtualenv.py for tasks to queue
[2024-06-16T21:44:08.334-0300] {logging_mixin.py:188} INFO - [2024-06-16T21:44:08.334-0300] {dagbag.py:545} INFO - Filling up the DagBag from /home/maira/.local/lib/python3.10/site-packages/airflow/example_dags/tutorial_taskflow_api_virtualenv.py
[2024-06-16T21:44:08.346-0300] {processor.py:840} INFO - DAG(s) 'tutorial_taskflow_api_virtualenv' retrieved from /home/maira/.local/lib/python3.10/site-packages/airflow/example_dags/tutorial_taskflow_api_virtualenv.py
[2024-06-16T21:44:08.375-0300] {logging_mixin.py:188} INFO - [2024-06-16T21:44:08.374-0300] {dag.py:3096} INFO - Sync 1 DAGs
[2024-06-16T21:44:08.393-0300] {logging_mixin.py:188} INFO - [2024-06-16T21:44:08.392-0300] {dag.py:3954} INFO - Setting next_dagrun for tutorial_taskflow_api_virtualenv to None, run_after=None
[2024-06-16T21:44:08.437-0300] {processor.py:183} INFO - Processing /home/maira/.local/lib/python3.10/site-packages/airflow/example_dags/tutorial_taskflow_api_virtualenv.py took 0.114 seconds
[2024-06-16T21:45:07.332-0300] {processor.py:161} INFO - Started process (PID=19468) to work on /home/maira/.local/lib/python3.10/site-packages/airflow/example_dags/tutorial_taskflow_api_virtualenv.py
[2024-06-16T21:45:07.334-0300] {processor.py:830} INFO - Processing file /home/maira/.local/lib/python3.10/site-packages/airflow/example_dags/tutorial_taskflow_api_virtualenv.py for tasks to queue
[2024-06-16T21:45:07.335-0300] {logging_mixin.py:188} INFO - [2024-06-16T21:45:07.335-0300] {dagbag.py:545} INFO - Filling up the DagBag from /home/maira/.local/lib/python3.10/site-packages/airflow/example_dags/tutorial_taskflow_api_virtualenv.py
[2024-06-16T21:45:07.355-0300] {processor.py:840} INFO - DAG(s) 'tutorial_taskflow_api_virtualenv' retrieved from /home/maira/.local/lib/python3.10/site-packages/airflow/example_dags/tutorial_taskflow_api_virtualenv.py
[2024-06-16T21:45:07.385-0300] {logging_mixin.py:188} INFO - [2024-06-16T21:45:07.384-0300] {dag.py:3096} INFO - Sync 1 DAGs
[2024-06-16T21:45:07.399-0300] {logging_mixin.py:188} INFO - [2024-06-16T21:45:07.399-0300] {dag.py:3954} INFO - Setting next_dagrun for tutorial_taskflow_api_virtualenv to None, run_after=None
[2024-06-16T21:45:07.442-0300] {processor.py:183} INFO - Processing /home/maira/.local/lib/python3.10/site-packages/airflow/example_dags/tutorial_taskflow_api_virtualenv.py took 0.125 seconds
