[2024-06-16T21:32:17.007-0300] {processor.py:161} INFO - Started process (PID=85485) to work on /home/maira/.local/lib/python3.10/site-packages/airflow/example_dags/tutorial_taskflow_api.py
[2024-06-16T21:32:17.008-0300] {processor.py:830} INFO - Processing file /home/maira/.local/lib/python3.10/site-packages/airflow/example_dags/tutorial_taskflow_api.py for tasks to queue
[2024-06-16T21:32:17.008-0300] {logging_mixin.py:188} INFO - [2024-06-16T21:32:17.008-0300] {dagbag.py:545} INFO - Filling up the DagBag from /home/maira/.local/lib/python3.10/site-packages/airflow/example_dags/tutorial_taskflow_api.py
[2024-06-16T21:32:17.013-0300] {processor.py:840} INFO - DAG(s) 'tutorial_taskflow_api' retrieved from /home/maira/.local/lib/python3.10/site-packages/airflow/example_dags/tutorial_taskflow_api.py
[2024-06-16T21:32:17.027-0300] {logging_mixin.py:188} INFO - [2024-06-16T21:32:17.027-0300] {dag.py:3096} INFO - Sync 1 DAGs
[2024-06-16T21:32:17.037-0300] {logging_mixin.py:188} INFO - [2024-06-16T21:32:17.037-0300] {dag.py:3954} INFO - Setting next_dagrun for tutorial_taskflow_api to None, run_after=None
[2024-06-16T21:32:17.061-0300] {processor.py:183} INFO - Processing /home/maira/.local/lib/python3.10/site-packages/airflow/example_dags/tutorial_taskflow_api.py took 0.063 seconds
[2024-06-16T21:33:11.180-0300] {processor.py:161} INFO - Started process (PID=85550) to work on /home/maira/.local/lib/python3.10/site-packages/airflow/example_dags/tutorial_taskflow_api.py
[2024-06-16T21:33:11.182-0300] {processor.py:830} INFO - Processing file /home/maira/.local/lib/python3.10/site-packages/airflow/example_dags/tutorial_taskflow_api.py for tasks to queue
[2024-06-16T21:33:11.183-0300] {logging_mixin.py:188} INFO - [2024-06-16T21:33:11.183-0300] {dagbag.py:545} INFO - Filling up the DagBag from /home/maira/.local/lib/python3.10/site-packages/airflow/example_dags/tutorial_taskflow_api.py
[2024-06-16T21:33:11.188-0300] {processor.py:840} INFO - DAG(s) 'tutorial_taskflow_api' retrieved from /home/maira/.local/lib/python3.10/site-packages/airflow/example_dags/tutorial_taskflow_api.py
[2024-06-16T21:33:11.201-0300] {logging_mixin.py:188} INFO - [2024-06-16T21:33:11.201-0300] {dag.py:3096} INFO - Sync 1 DAGs
[2024-06-16T21:33:11.213-0300] {logging_mixin.py:188} INFO - [2024-06-16T21:33:11.213-0300] {dag.py:3954} INFO - Setting next_dagrun for tutorial_taskflow_api to None, run_after=None
[2024-06-16T21:33:11.239-0300] {processor.py:183} INFO - Processing /home/maira/.local/lib/python3.10/site-packages/airflow/example_dags/tutorial_taskflow_api.py took 0.065 seconds
[2024-06-16T21:34:11.087-0300] {processor.py:161} INFO - Started process (PID=85619) to work on /home/maira/.local/lib/python3.10/site-packages/airflow/example_dags/tutorial_taskflow_api.py
[2024-06-16T21:34:11.088-0300] {processor.py:830} INFO - Processing file /home/maira/.local/lib/python3.10/site-packages/airflow/example_dags/tutorial_taskflow_api.py for tasks to queue
[2024-06-16T21:34:11.089-0300] {logging_mixin.py:188} INFO - [2024-06-16T21:34:11.089-0300] {dagbag.py:545} INFO - Filling up the DagBag from /home/maira/.local/lib/python3.10/site-packages/airflow/example_dags/tutorial_taskflow_api.py
[2024-06-16T21:34:11.094-0300] {processor.py:840} INFO - DAG(s) 'tutorial_taskflow_api' retrieved from /home/maira/.local/lib/python3.10/site-packages/airflow/example_dags/tutorial_taskflow_api.py
[2024-06-16T21:34:11.106-0300] {logging_mixin.py:188} INFO - [2024-06-16T21:34:11.106-0300] {dag.py:3096} INFO - Sync 1 DAGs
[2024-06-16T21:34:11.114-0300] {logging_mixin.py:188} INFO - [2024-06-16T21:34:11.114-0300] {dag.py:3954} INFO - Setting next_dagrun for tutorial_taskflow_api to None, run_after=None
[2024-06-16T21:34:11.138-0300] {processor.py:183} INFO - Processing /home/maira/.local/lib/python3.10/site-packages/airflow/example_dags/tutorial_taskflow_api.py took 0.058 seconds
[2024-06-16T21:35:06.966-0300] {processor.py:161} INFO - Started process (PID=85693) to work on /home/maira/.local/lib/python3.10/site-packages/airflow/example_dags/tutorial_taskflow_api.py
[2024-06-16T21:35:06.967-0300] {processor.py:830} INFO - Processing file /home/maira/.local/lib/python3.10/site-packages/airflow/example_dags/tutorial_taskflow_api.py for tasks to queue
[2024-06-16T21:35:06.968-0300] {logging_mixin.py:188} INFO - [2024-06-16T21:35:06.968-0300] {dagbag.py:545} INFO - Filling up the DagBag from /home/maira/.local/lib/python3.10/site-packages/airflow/example_dags/tutorial_taskflow_api.py
[2024-06-16T21:35:06.973-0300] {processor.py:840} INFO - DAG(s) 'tutorial_taskflow_api' retrieved from /home/maira/.local/lib/python3.10/site-packages/airflow/example_dags/tutorial_taskflow_api.py
[2024-06-16T21:35:06.986-0300] {logging_mixin.py:188} INFO - [2024-06-16T21:35:06.986-0300] {dag.py:3096} INFO - Sync 1 DAGs
[2024-06-16T21:35:06.995-0300] {logging_mixin.py:188} INFO - [2024-06-16T21:35:06.995-0300] {dag.py:3954} INFO - Setting next_dagrun for tutorial_taskflow_api to None, run_after=None
[2024-06-16T21:35:07.021-0300] {processor.py:183} INFO - Processing /home/maira/.local/lib/python3.10/site-packages/airflow/example_dags/tutorial_taskflow_api.py took 0.064 seconds
[2024-06-16T21:35:58.512-0300] {processor.py:161} INFO - Started process (PID=85762) to work on /home/maira/.local/lib/python3.10/site-packages/airflow/example_dags/tutorial_taskflow_api.py
[2024-06-16T21:35:58.514-0300] {processor.py:830} INFO - Processing file /home/maira/.local/lib/python3.10/site-packages/airflow/example_dags/tutorial_taskflow_api.py for tasks to queue
[2024-06-16T21:35:58.515-0300] {logging_mixin.py:188} INFO - [2024-06-16T21:35:58.515-0300] {dagbag.py:545} INFO - Filling up the DagBag from /home/maira/.local/lib/python3.10/site-packages/airflow/example_dags/tutorial_taskflow_api.py
[2024-06-16T21:35:58.520-0300] {processor.py:840} INFO - DAG(s) 'tutorial_taskflow_api' retrieved from /home/maira/.local/lib/python3.10/site-packages/airflow/example_dags/tutorial_taskflow_api.py
[2024-06-16T21:35:58.533-0300] {logging_mixin.py:188} INFO - [2024-06-16T21:35:58.533-0300] {dag.py:3096} INFO - Sync 1 DAGs
[2024-06-16T21:35:58.542-0300] {logging_mixin.py:188} INFO - [2024-06-16T21:35:58.541-0300] {dag.py:3954} INFO - Setting next_dagrun for tutorial_taskflow_api to None, run_after=None
[2024-06-16T21:35:58.575-0300] {processor.py:183} INFO - Processing /home/maira/.local/lib/python3.10/site-packages/airflow/example_dags/tutorial_taskflow_api.py took 0.069 seconds
[2024-06-16T21:36:48.468-0300] {processor.py:161} INFO - Started process (PID=85827) to work on /home/maira/.local/lib/python3.10/site-packages/airflow/example_dags/tutorial_taskflow_api.py
[2024-06-16T21:36:48.469-0300] {processor.py:830} INFO - Processing file /home/maira/.local/lib/python3.10/site-packages/airflow/example_dags/tutorial_taskflow_api.py for tasks to queue
[2024-06-16T21:36:48.470-0300] {logging_mixin.py:188} INFO - [2024-06-16T21:36:48.470-0300] {dagbag.py:545} INFO - Filling up the DagBag from /home/maira/.local/lib/python3.10/site-packages/airflow/example_dags/tutorial_taskflow_api.py
[2024-06-16T21:36:48.475-0300] {processor.py:840} INFO - DAG(s) 'tutorial_taskflow_api' retrieved from /home/maira/.local/lib/python3.10/site-packages/airflow/example_dags/tutorial_taskflow_api.py
[2024-06-16T21:36:48.488-0300] {logging_mixin.py:188} INFO - [2024-06-16T21:36:48.488-0300] {dag.py:3096} INFO - Sync 1 DAGs
[2024-06-16T21:36:48.496-0300] {logging_mixin.py:188} INFO - [2024-06-16T21:36:48.496-0300] {dag.py:3954} INFO - Setting next_dagrun for tutorial_taskflow_api to None, run_after=None
[2024-06-16T21:36:48.525-0300] {processor.py:183} INFO - Processing /home/maira/.local/lib/python3.10/site-packages/airflow/example_dags/tutorial_taskflow_api.py took 0.068 seconds
[2024-06-16T21:38:08.334-0300] {processor.py:161} INFO - Started process (PID=85926) to work on /home/maira/.local/lib/python3.10/site-packages/airflow/example_dags/tutorial_taskflow_api.py
[2024-06-16T21:38:08.335-0300] {processor.py:830} INFO - Processing file /home/maira/.local/lib/python3.10/site-packages/airflow/example_dags/tutorial_taskflow_api.py for tasks to queue
[2024-06-16T21:38:08.336-0300] {logging_mixin.py:188} INFO - [2024-06-16T21:38:08.336-0300] {dagbag.py:545} INFO - Filling up the DagBag from /home/maira/.local/lib/python3.10/site-packages/airflow/example_dags/tutorial_taskflow_api.py
[2024-06-16T21:38:08.341-0300] {processor.py:840} INFO - DAG(s) 'tutorial_taskflow_api' retrieved from /home/maira/.local/lib/python3.10/site-packages/airflow/example_dags/tutorial_taskflow_api.py
[2024-06-16T21:38:08.355-0300] {logging_mixin.py:188} INFO - [2024-06-16T21:38:08.355-0300] {dag.py:3096} INFO - Sync 1 DAGs
[2024-06-16T21:38:08.365-0300] {logging_mixin.py:188} INFO - [2024-06-16T21:38:08.365-0300] {dag.py:3954} INFO - Setting next_dagrun for tutorial_taskflow_api to None, run_after=None
[2024-06-16T21:38:08.394-0300] {processor.py:183} INFO - Processing /home/maira/.local/lib/python3.10/site-packages/airflow/example_dags/tutorial_taskflow_api.py took 0.067 seconds
[2024-06-16T21:39:02.915-0300] {processor.py:161} INFO - Started process (PID=89626) to work on /home/maira/.local/lib/python3.10/site-packages/airflow/example_dags/tutorial_taskflow_api.py
[2024-06-16T21:39:02.917-0300] {processor.py:830} INFO - Processing file /home/maira/.local/lib/python3.10/site-packages/airflow/example_dags/tutorial_taskflow_api.py for tasks to queue
[2024-06-16T21:39:02.918-0300] {logging_mixin.py:188} INFO - [2024-06-16T21:39:02.918-0300] {dagbag.py:545} INFO - Filling up the DagBag from /home/maira/.local/lib/python3.10/site-packages/airflow/example_dags/tutorial_taskflow_api.py
[2024-06-16T21:39:02.925-0300] {processor.py:840} INFO - DAG(s) 'tutorial_taskflow_api' retrieved from /home/maira/.local/lib/python3.10/site-packages/airflow/example_dags/tutorial_taskflow_api.py
[2024-06-16T21:39:02.941-0300] {logging_mixin.py:188} INFO - [2024-06-16T21:39:02.941-0300] {dag.py:3096} INFO - Sync 1 DAGs
[2024-06-16T21:39:02.954-0300] {logging_mixin.py:188} INFO - [2024-06-16T21:39:02.953-0300] {dag.py:3954} INFO - Setting next_dagrun for tutorial_taskflow_api to None, run_after=None
[2024-06-16T21:39:02.986-0300] {processor.py:183} INFO - Processing /home/maira/.local/lib/python3.10/site-packages/airflow/example_dags/tutorial_taskflow_api.py took 0.079 seconds
[2024-06-16T21:40:04.957-0300] {processor.py:161} INFO - Started process (PID=94402) to work on /home/maira/.local/lib/python3.10/site-packages/airflow/example_dags/tutorial_taskflow_api.py
[2024-06-16T21:40:04.959-0300] {processor.py:830} INFO - Processing file /home/maira/.local/lib/python3.10/site-packages/airflow/example_dags/tutorial_taskflow_api.py for tasks to queue
[2024-06-16T21:40:04.960-0300] {logging_mixin.py:188} INFO - [2024-06-16T21:40:04.960-0300] {dagbag.py:545} INFO - Filling up the DagBag from /home/maira/.local/lib/python3.10/site-packages/airflow/example_dags/tutorial_taskflow_api.py
[2024-06-16T21:40:04.967-0300] {processor.py:840} INFO - DAG(s) 'tutorial_taskflow_api' retrieved from /home/maira/.local/lib/python3.10/site-packages/airflow/example_dags/tutorial_taskflow_api.py
[2024-06-16T21:40:04.986-0300] {logging_mixin.py:188} INFO - [2024-06-16T21:40:04.985-0300] {dag.py:3096} INFO - Sync 1 DAGs
[2024-06-16T21:40:04.999-0300] {logging_mixin.py:188} INFO - [2024-06-16T21:40:04.998-0300] {dag.py:3954} INFO - Setting next_dagrun for tutorial_taskflow_api to None, run_after=None
[2024-06-16T21:40:05.029-0300] {processor.py:183} INFO - Processing /home/maira/.local/lib/python3.10/site-packages/airflow/example_dags/tutorial_taskflow_api.py took 0.084 seconds
[2024-06-16T21:40:58.108-0300] {processor.py:161} INFO - Started process (PID=98754) to work on /home/maira/.local/lib/python3.10/site-packages/airflow/example_dags/tutorial_taskflow_api.py
[2024-06-16T21:40:58.110-0300] {processor.py:830} INFO - Processing file /home/maira/.local/lib/python3.10/site-packages/airflow/example_dags/tutorial_taskflow_api.py for tasks to queue
[2024-06-16T21:40:58.111-0300] {logging_mixin.py:188} INFO - [2024-06-16T21:40:58.111-0300] {dagbag.py:545} INFO - Filling up the DagBag from /home/maira/.local/lib/python3.10/site-packages/airflow/example_dags/tutorial_taskflow_api.py
[2024-06-16T21:40:58.120-0300] {processor.py:840} INFO - DAG(s) 'tutorial_taskflow_api' retrieved from /home/maira/.local/lib/python3.10/site-packages/airflow/example_dags/tutorial_taskflow_api.py
[2024-06-16T21:40:58.145-0300] {logging_mixin.py:188} INFO - [2024-06-16T21:40:58.145-0300] {dag.py:3096} INFO - Sync 1 DAGs
[2024-06-16T21:40:58.169-0300] {logging_mixin.py:188} INFO - [2024-06-16T21:40:58.169-0300] {dag.py:3954} INFO - Setting next_dagrun for tutorial_taskflow_api to None, run_after=None
[2024-06-16T21:40:58.226-0300] {processor.py:183} INFO - Processing /home/maira/.local/lib/python3.10/site-packages/airflow/example_dags/tutorial_taskflow_api.py took 0.131 seconds
[2024-06-16T21:41:57.191-0300] {processor.py:161} INFO - Started process (PID=4456) to work on /home/maira/.local/lib/python3.10/site-packages/airflow/example_dags/tutorial_taskflow_api.py
[2024-06-16T21:41:57.193-0300] {processor.py:830} INFO - Processing file /home/maira/.local/lib/python3.10/site-packages/airflow/example_dags/tutorial_taskflow_api.py for tasks to queue
[2024-06-16T21:41:57.194-0300] {logging_mixin.py:188} INFO - [2024-06-16T21:41:57.194-0300] {dagbag.py:545} INFO - Filling up the DagBag from /home/maira/.local/lib/python3.10/site-packages/airflow/example_dags/tutorial_taskflow_api.py
[2024-06-16T21:41:57.201-0300] {processor.py:840} INFO - DAG(s) 'tutorial_taskflow_api' retrieved from /home/maira/.local/lib/python3.10/site-packages/airflow/example_dags/tutorial_taskflow_api.py
[2024-06-16T21:41:57.221-0300] {logging_mixin.py:188} INFO - [2024-06-16T21:41:57.220-0300] {dag.py:3096} INFO - Sync 1 DAGs
[2024-06-16T21:41:57.235-0300] {logging_mixin.py:188} INFO - [2024-06-16T21:41:57.234-0300] {dag.py:3954} INFO - Setting next_dagrun for tutorial_taskflow_api to None, run_after=None
[2024-06-16T21:41:57.269-0300] {processor.py:183} INFO - Processing /home/maira/.local/lib/python3.10/site-packages/airflow/example_dags/tutorial_taskflow_api.py took 0.085 seconds
[2024-06-16T21:42:50.975-0300] {processor.py:161} INFO - Started process (PID=9041) to work on /home/maira/.local/lib/python3.10/site-packages/airflow/example_dags/tutorial_taskflow_api.py
[2024-06-16T21:42:50.977-0300] {processor.py:830} INFO - Processing file /home/maira/.local/lib/python3.10/site-packages/airflow/example_dags/tutorial_taskflow_api.py for tasks to queue
[2024-06-16T21:42:50.978-0300] {logging_mixin.py:188} INFO - [2024-06-16T21:42:50.978-0300] {dagbag.py:545} INFO - Filling up the DagBag from /home/maira/.local/lib/python3.10/site-packages/airflow/example_dags/tutorial_taskflow_api.py
[2024-06-16T21:42:50.989-0300] {processor.py:840} INFO - DAG(s) 'tutorial_taskflow_api' retrieved from /home/maira/.local/lib/python3.10/site-packages/airflow/example_dags/tutorial_taskflow_api.py
[2024-06-16T21:42:51.012-0300] {logging_mixin.py:188} INFO - [2024-06-16T21:42:51.011-0300] {dag.py:3096} INFO - Sync 1 DAGs
[2024-06-16T21:42:51.025-0300] {logging_mixin.py:188} INFO - [2024-06-16T21:42:51.025-0300] {dag.py:3954} INFO - Setting next_dagrun for tutorial_taskflow_api to None, run_after=None
[2024-06-16T21:42:51.057-0300] {processor.py:183} INFO - Processing /home/maira/.local/lib/python3.10/site-packages/airflow/example_dags/tutorial_taskflow_api.py took 0.093 seconds
[2024-06-16T21:44:11.156-0300] {processor.py:161} INFO - Started process (PID=13687) to work on /home/maira/.local/lib/python3.10/site-packages/airflow/example_dags/tutorial_taskflow_api.py
[2024-06-16T21:44:11.158-0300] {processor.py:830} INFO - Processing file /home/maira/.local/lib/python3.10/site-packages/airflow/example_dags/tutorial_taskflow_api.py for tasks to queue
[2024-06-16T21:44:11.159-0300] {logging_mixin.py:188} INFO - [2024-06-16T21:44:11.158-0300] {dagbag.py:545} INFO - Filling up the DagBag from /home/maira/.local/lib/python3.10/site-packages/airflow/example_dags/tutorial_taskflow_api.py
[2024-06-16T21:44:11.166-0300] {processor.py:840} INFO - DAG(s) 'tutorial_taskflow_api' retrieved from /home/maira/.local/lib/python3.10/site-packages/airflow/example_dags/tutorial_taskflow_api.py
[2024-06-16T21:44:11.183-0300] {logging_mixin.py:188} INFO - [2024-06-16T21:44:11.183-0300] {dag.py:3096} INFO - Sync 1 DAGs
[2024-06-16T21:44:11.196-0300] {logging_mixin.py:188} INFO - [2024-06-16T21:44:11.196-0300] {dag.py:3954} INFO - Setting next_dagrun for tutorial_taskflow_api to None, run_after=None
[2024-06-16T21:44:11.227-0300] {processor.py:183} INFO - Processing /home/maira/.local/lib/python3.10/site-packages/airflow/example_dags/tutorial_taskflow_api.py took 0.080 seconds
