[2024-06-14T16:31:16.368-0300] {processor.py:161} INFO - Started process (PID=86539) to work on /home/maira/projeto_indicium_engineering/venv/lib/python3.10/site-packages/airflow/example_dags/example_dynamic_task_mapping.py
[2024-06-14T16:31:16.368-0300] {processor.py:830} INFO - Processing file /home/maira/projeto_indicium_engineering/venv/lib/python3.10/site-packages/airflow/example_dags/example_dynamic_task_mapping.py for tasks to queue
[2024-06-14T16:31:16.369-0300] {logging_mixin.py:188} INFO - [2024-06-14T16:31:16.369-0300] {dagbag.py:545} INFO - Filling up the DagBag from /home/maira/projeto_indicium_engineering/venv/lib/python3.10/site-packages/airflow/example_dags/example_dynamic_task_mapping.py
[2024-06-14T16:31:16.374-0300] {processor.py:840} INFO - DAG(s) 'example_dynamic_task_mapping' retrieved from /home/maira/projeto_indicium_engineering/venv/lib/python3.10/site-packages/airflow/example_dags/example_dynamic_task_mapping.py
[2024-06-14T16:31:16.523-0300] {logging_mixin.py:188} INFO - [2024-06-14T16:31:16.449-0300] {override.py:1829} INFO - Created Permission View: can edit on DAG:example_dynamic_task_mapping
[2024-06-14T16:31:16.535-0300] {logging_mixin.py:188} INFO - [2024-06-14T16:31:16.535-0300] {override.py:1829} INFO - Created Permission View: can delete on DAG:example_dynamic_task_mapping
[2024-06-14T16:31:16.547-0300] {logging_mixin.py:188} INFO - [2024-06-14T16:31:16.546-0300] {override.py:1829} INFO - Created Permission View: can read on DAG:example_dynamic_task_mapping
[2024-06-14T16:31:16.547-0300] {logging_mixin.py:188} INFO - [2024-06-14T16:31:16.547-0300] {dag.py:3096} INFO - Sync 1 DAGs
[2024-06-14T16:31:16.553-0300] {logging_mixin.py:188} INFO - [2024-06-14T16:31:16.553-0300] {dag.py:3118} INFO - Creating ORM DAG for example_dynamic_task_mapping
[2024-06-14T16:31:16.559-0300] {logging_mixin.py:188} INFO - [2024-06-14T16:31:16.559-0300] {dag.py:3954} INFO - Setting next_dagrun for example_dynamic_task_mapping to 2022-03-04 00:00:00+00:00, run_after=2022-03-05 00:00:00+00:00
[2024-06-14T16:31:16.577-0300] {processor.py:183} INFO - Processing /home/maira/projeto_indicium_engineering/venv/lib/python3.10/site-packages/airflow/example_dags/example_dynamic_task_mapping.py took 0.214 seconds
[2024-06-14T16:32:10.828-0300] {processor.py:161} INFO - Started process (PID=86804) to work on /home/maira/projeto_indicium_engineering/venv/lib/python3.10/site-packages/airflow/example_dags/example_dynamic_task_mapping.py
[2024-06-14T16:32:10.830-0300] {processor.py:830} INFO - Processing file /home/maira/projeto_indicium_engineering/venv/lib/python3.10/site-packages/airflow/example_dags/example_dynamic_task_mapping.py for tasks to queue
[2024-06-14T16:32:10.832-0300] {logging_mixin.py:188} INFO - [2024-06-14T16:32:10.832-0300] {dagbag.py:545} INFO - Filling up the DagBag from /home/maira/projeto_indicium_engineering/venv/lib/python3.10/site-packages/airflow/example_dags/example_dynamic_task_mapping.py
[2024-06-14T16:32:10.837-0300] {processor.py:840} INFO - DAG(s) 'example_dynamic_task_mapping' retrieved from /home/maira/projeto_indicium_engineering/venv/lib/python3.10/site-packages/airflow/example_dags/example_dynamic_task_mapping.py
[2024-06-14T16:32:10.847-0300] {logging_mixin.py:188} INFO - [2024-06-14T16:32:10.847-0300] {dag.py:3096} INFO - Sync 1 DAGs
[2024-06-14T16:32:10.933-0300] {logging_mixin.py:188} INFO - [2024-06-14T16:32:10.933-0300] {dag.py:3954} INFO - Setting next_dagrun for example_dynamic_task_mapping to 2022-03-04 00:00:00+00:00, run_after=2022-03-05 00:00:00+00:00
[2024-06-14T16:32:10.953-0300] {processor.py:183} INFO - Processing /home/maira/projeto_indicium_engineering/venv/lib/python3.10/site-packages/airflow/example_dags/example_dynamic_task_mapping.py took 0.130 seconds
[2024-06-14T16:33:17.608-0300] {processor.py:161} INFO - Started process (PID=87130) to work on /home/maira/projeto_indicium_engineering/venv/lib/python3.10/site-packages/airflow/example_dags/example_dynamic_task_mapping.py
[2024-06-14T16:33:17.609-0300] {processor.py:830} INFO - Processing file /home/maira/projeto_indicium_engineering/venv/lib/python3.10/site-packages/airflow/example_dags/example_dynamic_task_mapping.py for tasks to queue
[2024-06-14T16:33:17.610-0300] {logging_mixin.py:188} INFO - [2024-06-14T16:33:17.610-0300] {dagbag.py:545} INFO - Filling up the DagBag from /home/maira/projeto_indicium_engineering/venv/lib/python3.10/site-packages/airflow/example_dags/example_dynamic_task_mapping.py
[2024-06-14T16:33:17.617-0300] {processor.py:840} INFO - DAG(s) 'example_dynamic_task_mapping' retrieved from /home/maira/projeto_indicium_engineering/venv/lib/python3.10/site-packages/airflow/example_dags/example_dynamic_task_mapping.py
[2024-06-14T16:33:17.628-0300] {logging_mixin.py:188} INFO - [2024-06-14T16:33:17.628-0300] {dag.py:3096} INFO - Sync 1 DAGs
[2024-06-14T16:33:17.642-0300] {logging_mixin.py:188} INFO - [2024-06-14T16:33:17.642-0300] {dag.py:3954} INFO - Setting next_dagrun for example_dynamic_task_mapping to 2022-03-04 00:00:00+00:00, run_after=2022-03-05 00:00:00+00:00
[2024-06-14T16:33:17.664-0300] {processor.py:183} INFO - Processing /home/maira/projeto_indicium_engineering/venv/lib/python3.10/site-packages/airflow/example_dags/example_dynamic_task_mapping.py took 0.062 seconds
[2024-06-14T16:34:23.202-0300] {processor.py:161} INFO - Started process (PID=87455) to work on /home/maira/projeto_indicium_engineering/venv/lib/python3.10/site-packages/airflow/example_dags/example_dynamic_task_mapping.py
[2024-06-14T16:34:23.204-0300] {processor.py:830} INFO - Processing file /home/maira/projeto_indicium_engineering/venv/lib/python3.10/site-packages/airflow/example_dags/example_dynamic_task_mapping.py for tasks to queue
[2024-06-14T16:34:23.206-0300] {logging_mixin.py:188} INFO - [2024-06-14T16:34:23.205-0300] {dagbag.py:545} INFO - Filling up the DagBag from /home/maira/projeto_indicium_engineering/venv/lib/python3.10/site-packages/airflow/example_dags/example_dynamic_task_mapping.py
[2024-06-14T16:34:23.210-0300] {processor.py:840} INFO - DAG(s) 'example_dynamic_task_mapping' retrieved from /home/maira/projeto_indicium_engineering/venv/lib/python3.10/site-packages/airflow/example_dags/example_dynamic_task_mapping.py
[2024-06-14T16:34:23.222-0300] {logging_mixin.py:188} INFO - [2024-06-14T16:34:23.222-0300] {dag.py:3096} INFO - Sync 1 DAGs
[2024-06-14T16:34:23.235-0300] {logging_mixin.py:188} INFO - [2024-06-14T16:34:23.235-0300] {dag.py:3954} INFO - Setting next_dagrun for example_dynamic_task_mapping to 2022-03-04 00:00:00+00:00, run_after=2022-03-05 00:00:00+00:00
[2024-06-14T16:34:23.260-0300] {processor.py:183} INFO - Processing /home/maira/projeto_indicium_engineering/venv/lib/python3.10/site-packages/airflow/example_dags/example_dynamic_task_mapping.py took 0.063 seconds
[2024-06-14T16:35:21.062-0300] {processor.py:161} INFO - Started process (PID=87745) to work on /home/maira/projeto_indicium_engineering/venv/lib/python3.10/site-packages/airflow/example_dags/example_dynamic_task_mapping.py
[2024-06-14T16:35:21.063-0300] {processor.py:830} INFO - Processing file /home/maira/projeto_indicium_engineering/venv/lib/python3.10/site-packages/airflow/example_dags/example_dynamic_task_mapping.py for tasks to queue
[2024-06-14T16:35:21.065-0300] {logging_mixin.py:188} INFO - [2024-06-14T16:35:21.064-0300] {dagbag.py:545} INFO - Filling up the DagBag from /home/maira/projeto_indicium_engineering/venv/lib/python3.10/site-packages/airflow/example_dags/example_dynamic_task_mapping.py
[2024-06-14T16:35:21.070-0300] {processor.py:840} INFO - DAG(s) 'example_dynamic_task_mapping' retrieved from /home/maira/projeto_indicium_engineering/venv/lib/python3.10/site-packages/airflow/example_dags/example_dynamic_task_mapping.py
[2024-06-14T16:35:21.081-0300] {logging_mixin.py:188} INFO - [2024-06-14T16:35:21.080-0300] {dag.py:3096} INFO - Sync 1 DAGs
[2024-06-14T16:35:21.094-0300] {logging_mixin.py:188} INFO - [2024-06-14T16:35:21.094-0300] {dag.py:3954} INFO - Setting next_dagrun for example_dynamic_task_mapping to 2022-03-04 00:00:00+00:00, run_after=2022-03-05 00:00:00+00:00
[2024-06-14T16:35:21.115-0300] {processor.py:183} INFO - Processing /home/maira/projeto_indicium_engineering/venv/lib/python3.10/site-packages/airflow/example_dags/example_dynamic_task_mapping.py took 0.058 seconds
[2024-06-14T16:36:18.063-0300] {processor.py:161} INFO - Started process (PID=88028) to work on /home/maira/projeto_indicium_engineering/venv/lib/python3.10/site-packages/airflow/example_dags/example_dynamic_task_mapping.py
[2024-06-14T16:36:18.064-0300] {processor.py:830} INFO - Processing file /home/maira/projeto_indicium_engineering/venv/lib/python3.10/site-packages/airflow/example_dags/example_dynamic_task_mapping.py for tasks to queue
[2024-06-14T16:36:18.066-0300] {logging_mixin.py:188} INFO - [2024-06-14T16:36:18.066-0300] {dagbag.py:545} INFO - Filling up the DagBag from /home/maira/projeto_indicium_engineering/venv/lib/python3.10/site-packages/airflow/example_dags/example_dynamic_task_mapping.py
[2024-06-14T16:36:18.075-0300] {processor.py:840} INFO - DAG(s) 'example_dynamic_task_mapping' retrieved from /home/maira/projeto_indicium_engineering/venv/lib/python3.10/site-packages/airflow/example_dags/example_dynamic_task_mapping.py
[2024-06-14T16:36:18.091-0300] {logging_mixin.py:188} INFO - [2024-06-14T16:36:18.091-0300] {dag.py:3096} INFO - Sync 1 DAGs
[2024-06-14T16:36:18.118-0300] {logging_mixin.py:188} INFO - [2024-06-14T16:36:18.117-0300] {dag.py:3954} INFO - Setting next_dagrun for example_dynamic_task_mapping to 2022-03-04 00:00:00+00:00, run_after=2022-03-05 00:00:00+00:00
[2024-06-14T16:36:18.169-0300] {processor.py:183} INFO - Processing /home/maira/projeto_indicium_engineering/venv/lib/python3.10/site-packages/airflow/example_dags/example_dynamic_task_mapping.py took 0.114 seconds
[2024-06-14T16:37:15.677-0300] {processor.py:161} INFO - Started process (PID=88314) to work on /home/maira/projeto_indicium_engineering/venv/lib/python3.10/site-packages/airflow/example_dags/example_dynamic_task_mapping.py
[2024-06-14T16:37:15.682-0300] {processor.py:830} INFO - Processing file /home/maira/projeto_indicium_engineering/venv/lib/python3.10/site-packages/airflow/example_dags/example_dynamic_task_mapping.py for tasks to queue
[2024-06-14T16:37:15.683-0300] {logging_mixin.py:188} INFO - [2024-06-14T16:37:15.683-0300] {dagbag.py:545} INFO - Filling up the DagBag from /home/maira/projeto_indicium_engineering/venv/lib/python3.10/site-packages/airflow/example_dags/example_dynamic_task_mapping.py
[2024-06-14T16:37:15.688-0300] {processor.py:840} INFO - DAG(s) 'example_dynamic_task_mapping' retrieved from /home/maira/projeto_indicium_engineering/venv/lib/python3.10/site-packages/airflow/example_dags/example_dynamic_task_mapping.py
[2024-06-14T16:37:15.699-0300] {logging_mixin.py:188} INFO - [2024-06-14T16:37:15.699-0300] {dag.py:3096} INFO - Sync 1 DAGs
[2024-06-14T16:37:15.712-0300] {logging_mixin.py:188} INFO - [2024-06-14T16:37:15.712-0300] {dag.py:3954} INFO - Setting next_dagrun for example_dynamic_task_mapping to 2022-03-04 00:00:00+00:00, run_after=2022-03-05 00:00:00+00:00
[2024-06-14T16:37:15.733-0300] {processor.py:183} INFO - Processing /home/maira/projeto_indicium_engineering/venv/lib/python3.10/site-packages/airflow/example_dags/example_dynamic_task_mapping.py took 0.061 seconds
[2024-06-14T16:38:23.388-0300] {processor.py:161} INFO - Started process (PID=88648) to work on /home/maira/projeto_indicium_engineering/venv/lib/python3.10/site-packages/airflow/example_dags/example_dynamic_task_mapping.py
[2024-06-14T16:38:23.390-0300] {processor.py:830} INFO - Processing file /home/maira/projeto_indicium_engineering/venv/lib/python3.10/site-packages/airflow/example_dags/example_dynamic_task_mapping.py for tasks to queue
[2024-06-14T16:38:23.392-0300] {logging_mixin.py:188} INFO - [2024-06-14T16:38:23.391-0300] {dagbag.py:545} INFO - Filling up the DagBag from /home/maira/projeto_indicium_engineering/venv/lib/python3.10/site-packages/airflow/example_dags/example_dynamic_task_mapping.py
[2024-06-14T16:38:23.396-0300] {processor.py:840} INFO - DAG(s) 'example_dynamic_task_mapping' retrieved from /home/maira/projeto_indicium_engineering/venv/lib/python3.10/site-packages/airflow/example_dags/example_dynamic_task_mapping.py
[2024-06-14T16:38:23.407-0300] {logging_mixin.py:188} INFO - [2024-06-14T16:38:23.407-0300] {dag.py:3096} INFO - Sync 1 DAGs
[2024-06-14T16:38:23.421-0300] {logging_mixin.py:188} INFO - [2024-06-14T16:38:23.421-0300] {dag.py:3954} INFO - Setting next_dagrun for example_dynamic_task_mapping to 2022-03-04 00:00:00+00:00, run_after=2022-03-05 00:00:00+00:00
[2024-06-14T16:38:23.443-0300] {processor.py:183} INFO - Processing /home/maira/projeto_indicium_engineering/venv/lib/python3.10/site-packages/airflow/example_dags/example_dynamic_task_mapping.py took 0.060 seconds
[2024-06-14T16:39:26.302-0300] {processor.py:161} INFO - Started process (PID=88957) to work on /home/maira/projeto_indicium_engineering/venv/lib/python3.10/site-packages/airflow/example_dags/example_dynamic_task_mapping.py
[2024-06-14T16:39:26.304-0300] {processor.py:830} INFO - Processing file /home/maira/projeto_indicium_engineering/venv/lib/python3.10/site-packages/airflow/example_dags/example_dynamic_task_mapping.py for tasks to queue
[2024-06-14T16:39:26.306-0300] {logging_mixin.py:188} INFO - [2024-06-14T16:39:26.306-0300] {dagbag.py:545} INFO - Filling up the DagBag from /home/maira/projeto_indicium_engineering/venv/lib/python3.10/site-packages/airflow/example_dags/example_dynamic_task_mapping.py
[2024-06-14T16:39:26.312-0300] {processor.py:840} INFO - DAG(s) 'example_dynamic_task_mapping' retrieved from /home/maira/projeto_indicium_engineering/venv/lib/python3.10/site-packages/airflow/example_dags/example_dynamic_task_mapping.py
[2024-06-14T16:39:26.323-0300] {logging_mixin.py:188} INFO - [2024-06-14T16:39:26.323-0300] {dag.py:3096} INFO - Sync 1 DAGs
[2024-06-14T16:39:26.337-0300] {logging_mixin.py:188} INFO - [2024-06-14T16:39:26.337-0300] {dag.py:3954} INFO - Setting next_dagrun for example_dynamic_task_mapping to 2022-03-04 00:00:00+00:00, run_after=2022-03-05 00:00:00+00:00
[2024-06-14T16:39:26.359-0300] {processor.py:183} INFO - Processing /home/maira/projeto_indicium_engineering/venv/lib/python3.10/site-packages/airflow/example_dags/example_dynamic_task_mapping.py took 0.062 seconds
[2024-06-14T16:40:24.156-0300] {processor.py:161} INFO - Started process (PID=89246) to work on /home/maira/projeto_indicium_engineering/venv/lib/python3.10/site-packages/airflow/example_dags/example_dynamic_task_mapping.py
[2024-06-14T16:40:24.161-0300] {processor.py:830} INFO - Processing file /home/maira/projeto_indicium_engineering/venv/lib/python3.10/site-packages/airflow/example_dags/example_dynamic_task_mapping.py for tasks to queue
[2024-06-14T16:40:24.163-0300] {logging_mixin.py:188} INFO - [2024-06-14T16:40:24.162-0300] {dagbag.py:545} INFO - Filling up the DagBag from /home/maira/projeto_indicium_engineering/venv/lib/python3.10/site-packages/airflow/example_dags/example_dynamic_task_mapping.py
[2024-06-14T16:40:24.168-0300] {processor.py:840} INFO - DAG(s) 'example_dynamic_task_mapping' retrieved from /home/maira/projeto_indicium_engineering/venv/lib/python3.10/site-packages/airflow/example_dags/example_dynamic_task_mapping.py
[2024-06-14T16:40:24.178-0300] {logging_mixin.py:188} INFO - [2024-06-14T16:40:24.178-0300] {dag.py:3096} INFO - Sync 1 DAGs
[2024-06-14T16:40:24.192-0300] {logging_mixin.py:188} INFO - [2024-06-14T16:40:24.191-0300] {dag.py:3954} INFO - Setting next_dagrun for example_dynamic_task_mapping to 2022-03-04 00:00:00+00:00, run_after=2022-03-05 00:00:00+00:00
[2024-06-14T16:40:24.212-0300] {processor.py:183} INFO - Processing /home/maira/projeto_indicium_engineering/venv/lib/python3.10/site-packages/airflow/example_dags/example_dynamic_task_mapping.py took 0.061 seconds
[2024-06-14T16:41:20.634-0300] {processor.py:161} INFO - Started process (PID=89525) to work on /home/maira/projeto_indicium_engineering/venv/lib/python3.10/site-packages/airflow/example_dags/example_dynamic_task_mapping.py
[2024-06-14T16:41:20.636-0300] {processor.py:830} INFO - Processing file /home/maira/projeto_indicium_engineering/venv/lib/python3.10/site-packages/airflow/example_dags/example_dynamic_task_mapping.py for tasks to queue
[2024-06-14T16:41:20.638-0300] {logging_mixin.py:188} INFO - [2024-06-14T16:41:20.638-0300] {dagbag.py:545} INFO - Filling up the DagBag from /home/maira/projeto_indicium_engineering/venv/lib/python3.10/site-packages/airflow/example_dags/example_dynamic_task_mapping.py
[2024-06-14T16:41:20.644-0300] {processor.py:840} INFO - DAG(s) 'example_dynamic_task_mapping' retrieved from /home/maira/projeto_indicium_engineering/venv/lib/python3.10/site-packages/airflow/example_dags/example_dynamic_task_mapping.py
[2024-06-14T16:41:20.655-0300] {logging_mixin.py:188} INFO - [2024-06-14T16:41:20.655-0300] {dag.py:3096} INFO - Sync 1 DAGs
[2024-06-14T16:41:20.669-0300] {logging_mixin.py:188} INFO - [2024-06-14T16:41:20.669-0300] {dag.py:3954} INFO - Setting next_dagrun for example_dynamic_task_mapping to 2022-03-04 00:00:00+00:00, run_after=2022-03-05 00:00:00+00:00
[2024-06-14T16:41:20.690-0300] {processor.py:183} INFO - Processing /home/maira/projeto_indicium_engineering/venv/lib/python3.10/site-packages/airflow/example_dags/example_dynamic_task_mapping.py took 0.061 seconds
[2024-06-14T16:42:22.428-0300] {processor.py:161} INFO - Started process (PID=89830) to work on /home/maira/projeto_indicium_engineering/venv/lib/python3.10/site-packages/airflow/example_dags/example_dynamic_task_mapping.py
[2024-06-14T16:42:22.429-0300] {processor.py:830} INFO - Processing file /home/maira/projeto_indicium_engineering/venv/lib/python3.10/site-packages/airflow/example_dags/example_dynamic_task_mapping.py for tasks to queue
[2024-06-14T16:42:22.431-0300] {logging_mixin.py:188} INFO - [2024-06-14T16:42:22.431-0300] {dagbag.py:545} INFO - Filling up the DagBag from /home/maira/projeto_indicium_engineering/venv/lib/python3.10/site-packages/airflow/example_dags/example_dynamic_task_mapping.py
[2024-06-14T16:42:22.436-0300] {processor.py:840} INFO - DAG(s) 'example_dynamic_task_mapping' retrieved from /home/maira/projeto_indicium_engineering/venv/lib/python3.10/site-packages/airflow/example_dags/example_dynamic_task_mapping.py
[2024-06-14T16:42:22.449-0300] {logging_mixin.py:188} INFO - [2024-06-14T16:42:22.449-0300] {dag.py:3096} INFO - Sync 1 DAGs
[2024-06-14T16:42:22.464-0300] {logging_mixin.py:188} INFO - [2024-06-14T16:42:22.464-0300] {dag.py:3954} INFO - Setting next_dagrun for example_dynamic_task_mapping to 2022-03-04 00:00:00+00:00, run_after=2022-03-05 00:00:00+00:00
[2024-06-14T16:42:22.488-0300] {processor.py:183} INFO - Processing /home/maira/projeto_indicium_engineering/venv/lib/python3.10/site-packages/airflow/example_dags/example_dynamic_task_mapping.py took 0.065 seconds
[2024-06-14T16:43:19.001-0300] {processor.py:161} INFO - Started process (PID=90111) to work on /home/maira/projeto_indicium_engineering/venv/lib/python3.10/site-packages/airflow/example_dags/example_dynamic_task_mapping.py
[2024-06-14T16:43:19.003-0300] {processor.py:830} INFO - Processing file /home/maira/projeto_indicium_engineering/venv/lib/python3.10/site-packages/airflow/example_dags/example_dynamic_task_mapping.py for tasks to queue
[2024-06-14T16:43:19.005-0300] {logging_mixin.py:188} INFO - [2024-06-14T16:43:19.004-0300] {dagbag.py:545} INFO - Filling up the DagBag from /home/maira/projeto_indicium_engineering/venv/lib/python3.10/site-packages/airflow/example_dags/example_dynamic_task_mapping.py
[2024-06-14T16:43:19.010-0300] {processor.py:840} INFO - DAG(s) 'example_dynamic_task_mapping' retrieved from /home/maira/projeto_indicium_engineering/venv/lib/python3.10/site-packages/airflow/example_dags/example_dynamic_task_mapping.py
[2024-06-14T16:43:19.020-0300] {logging_mixin.py:188} INFO - [2024-06-14T16:43:19.020-0300] {dag.py:3096} INFO - Sync 1 DAGs
[2024-06-14T16:43:19.034-0300] {logging_mixin.py:188} INFO - [2024-06-14T16:43:19.033-0300] {dag.py:3954} INFO - Setting next_dagrun for example_dynamic_task_mapping to 2022-03-04 00:00:00+00:00, run_after=2022-03-05 00:00:00+00:00
[2024-06-14T16:43:19.058-0300] {processor.py:183} INFO - Processing /home/maira/projeto_indicium_engineering/venv/lib/python3.10/site-packages/airflow/example_dags/example_dynamic_task_mapping.py took 0.062 seconds
[2024-06-14T16:44:20.692-0300] {processor.py:161} INFO - Started process (PID=90417) to work on /home/maira/projeto_indicium_engineering/venv/lib/python3.10/site-packages/airflow/example_dags/example_dynamic_task_mapping.py
[2024-06-14T16:44:20.694-0300] {processor.py:830} INFO - Processing file /home/maira/projeto_indicium_engineering/venv/lib/python3.10/site-packages/airflow/example_dags/example_dynamic_task_mapping.py for tasks to queue
[2024-06-14T16:44:20.696-0300] {logging_mixin.py:188} INFO - [2024-06-14T16:44:20.696-0300] {dagbag.py:545} INFO - Filling up the DagBag from /home/maira/projeto_indicium_engineering/venv/lib/python3.10/site-packages/airflow/example_dags/example_dynamic_task_mapping.py
[2024-06-14T16:44:20.703-0300] {processor.py:840} INFO - DAG(s) 'example_dynamic_task_mapping' retrieved from /home/maira/projeto_indicium_engineering/venv/lib/python3.10/site-packages/airflow/example_dags/example_dynamic_task_mapping.py
[2024-06-14T16:44:20.713-0300] {logging_mixin.py:188} INFO - [2024-06-14T16:44:20.713-0300] {dag.py:3096} INFO - Sync 1 DAGs
[2024-06-14T16:44:20.727-0300] {logging_mixin.py:188} INFO - [2024-06-14T16:44:20.726-0300] {dag.py:3954} INFO - Setting next_dagrun for example_dynamic_task_mapping to 2022-03-04 00:00:00+00:00, run_after=2022-03-05 00:00:00+00:00
[2024-06-14T16:44:20.749-0300] {processor.py:183} INFO - Processing /home/maira/projeto_indicium_engineering/venv/lib/python3.10/site-packages/airflow/example_dags/example_dynamic_task_mapping.py took 0.061 seconds
[2024-06-14T16:45:19.144-0300] {processor.py:161} INFO - Started process (PID=90711) to work on /home/maira/projeto_indicium_engineering/venv/lib/python3.10/site-packages/airflow/example_dags/example_dynamic_task_mapping.py
[2024-06-14T16:45:19.146-0300] {processor.py:830} INFO - Processing file /home/maira/projeto_indicium_engineering/venv/lib/python3.10/site-packages/airflow/example_dags/example_dynamic_task_mapping.py for tasks to queue
[2024-06-14T16:45:19.147-0300] {logging_mixin.py:188} INFO - [2024-06-14T16:45:19.147-0300] {dagbag.py:545} INFO - Filling up the DagBag from /home/maira/projeto_indicium_engineering/venv/lib/python3.10/site-packages/airflow/example_dags/example_dynamic_task_mapping.py
[2024-06-14T16:45:19.153-0300] {processor.py:840} INFO - DAG(s) 'example_dynamic_task_mapping' retrieved from /home/maira/projeto_indicium_engineering/venv/lib/python3.10/site-packages/airflow/example_dags/example_dynamic_task_mapping.py
[2024-06-14T16:45:19.164-0300] {logging_mixin.py:188} INFO - [2024-06-14T16:45:19.163-0300] {dag.py:3096} INFO - Sync 1 DAGs
[2024-06-14T16:45:19.177-0300] {logging_mixin.py:188} INFO - [2024-06-14T16:45:19.177-0300] {dag.py:3954} INFO - Setting next_dagrun for example_dynamic_task_mapping to 2022-03-04 00:00:00+00:00, run_after=2022-03-05 00:00:00+00:00
[2024-06-14T16:45:19.200-0300] {processor.py:183} INFO - Processing /home/maira/projeto_indicium_engineering/venv/lib/python3.10/site-packages/airflow/example_dags/example_dynamic_task_mapping.py took 0.061 seconds
[2024-06-14T16:46:20.837-0300] {processor.py:161} INFO - Started process (PID=91014) to work on /home/maira/projeto_indicium_engineering/venv/lib/python3.10/site-packages/airflow/example_dags/example_dynamic_task_mapping.py
[2024-06-14T16:46:20.839-0300] {processor.py:830} INFO - Processing file /home/maira/projeto_indicium_engineering/venv/lib/python3.10/site-packages/airflow/example_dags/example_dynamic_task_mapping.py for tasks to queue
[2024-06-14T16:46:20.840-0300] {logging_mixin.py:188} INFO - [2024-06-14T16:46:20.840-0300] {dagbag.py:545} INFO - Filling up the DagBag from /home/maira/projeto_indicium_engineering/venv/lib/python3.10/site-packages/airflow/example_dags/example_dynamic_task_mapping.py
[2024-06-14T16:46:20.845-0300] {processor.py:840} INFO - DAG(s) 'example_dynamic_task_mapping' retrieved from /home/maira/projeto_indicium_engineering/venv/lib/python3.10/site-packages/airflow/example_dags/example_dynamic_task_mapping.py
[2024-06-14T16:46:20.857-0300] {logging_mixin.py:188} INFO - [2024-06-14T16:46:20.856-0300] {dag.py:3096} INFO - Sync 1 DAGs
[2024-06-14T16:46:20.871-0300] {logging_mixin.py:188} INFO - [2024-06-14T16:46:20.871-0300] {dag.py:3954} INFO - Setting next_dagrun for example_dynamic_task_mapping to 2022-03-04 00:00:00+00:00, run_after=2022-03-05 00:00:00+00:00
[2024-06-14T16:46:20.892-0300] {processor.py:183} INFO - Processing /home/maira/projeto_indicium_engineering/venv/lib/python3.10/site-packages/airflow/example_dags/example_dynamic_task_mapping.py took 0.060 seconds
[2024-06-14T16:47:18.815-0300] {processor.py:161} INFO - Started process (PID=91303) to work on /home/maira/projeto_indicium_engineering/venv/lib/python3.10/site-packages/airflow/example_dags/example_dynamic_task_mapping.py
[2024-06-14T16:47:18.817-0300] {processor.py:830} INFO - Processing file /home/maira/projeto_indicium_engineering/venv/lib/python3.10/site-packages/airflow/example_dags/example_dynamic_task_mapping.py for tasks to queue
[2024-06-14T16:47:18.818-0300] {logging_mixin.py:188} INFO - [2024-06-14T16:47:18.818-0300] {dagbag.py:545} INFO - Filling up the DagBag from /home/maira/projeto_indicium_engineering/venv/lib/python3.10/site-packages/airflow/example_dags/example_dynamic_task_mapping.py
[2024-06-14T16:47:18.823-0300] {processor.py:840} INFO - DAG(s) 'example_dynamic_task_mapping' retrieved from /home/maira/projeto_indicium_engineering/venv/lib/python3.10/site-packages/airflow/example_dags/example_dynamic_task_mapping.py
[2024-06-14T16:47:18.835-0300] {logging_mixin.py:188} INFO - [2024-06-14T16:47:18.834-0300] {dag.py:3096} INFO - Sync 1 DAGs
[2024-06-14T16:47:18.849-0300] {logging_mixin.py:188} INFO - [2024-06-14T16:47:18.849-0300] {dag.py:3954} INFO - Setting next_dagrun for example_dynamic_task_mapping to 2022-03-04 00:00:00+00:00, run_after=2022-03-05 00:00:00+00:00
[2024-06-14T16:47:18.871-0300] {processor.py:183} INFO - Processing /home/maira/projeto_indicium_engineering/venv/lib/python3.10/site-packages/airflow/example_dags/example_dynamic_task_mapping.py took 0.062 seconds
[2024-06-14T16:48:19.099-0300] {processor.py:161} INFO - Started process (PID=91601) to work on /home/maira/projeto_indicium_engineering/venv/lib/python3.10/site-packages/airflow/example_dags/example_dynamic_task_mapping.py
[2024-06-14T16:48:19.101-0300] {processor.py:830} INFO - Processing file /home/maira/projeto_indicium_engineering/venv/lib/python3.10/site-packages/airflow/example_dags/example_dynamic_task_mapping.py for tasks to queue
[2024-06-14T16:48:19.103-0300] {logging_mixin.py:188} INFO - [2024-06-14T16:48:19.103-0300] {dagbag.py:545} INFO - Filling up the DagBag from /home/maira/projeto_indicium_engineering/venv/lib/python3.10/site-packages/airflow/example_dags/example_dynamic_task_mapping.py
[2024-06-14T16:48:19.110-0300] {processor.py:840} INFO - DAG(s) 'example_dynamic_task_mapping' retrieved from /home/maira/projeto_indicium_engineering/venv/lib/python3.10/site-packages/airflow/example_dags/example_dynamic_task_mapping.py
[2024-06-14T16:48:19.121-0300] {logging_mixin.py:188} INFO - [2024-06-14T16:48:19.121-0300] {dag.py:3096} INFO - Sync 1 DAGs
[2024-06-14T16:48:19.135-0300] {logging_mixin.py:188} INFO - [2024-06-14T16:48:19.135-0300] {dag.py:3954} INFO - Setting next_dagrun for example_dynamic_task_mapping to 2022-03-04 00:00:00+00:00, run_after=2022-03-05 00:00:00+00:00
[2024-06-14T16:48:19.157-0300] {processor.py:183} INFO - Processing /home/maira/projeto_indicium_engineering/venv/lib/python3.10/site-packages/airflow/example_dags/example_dynamic_task_mapping.py took 0.063 seconds
[2024-06-14T16:49:15.910-0300] {processor.py:161} INFO - Started process (PID=91883) to work on /home/maira/projeto_indicium_engineering/venv/lib/python3.10/site-packages/airflow/example_dags/example_dynamic_task_mapping.py
[2024-06-14T16:49:15.912-0300] {processor.py:830} INFO - Processing file /home/maira/projeto_indicium_engineering/venv/lib/python3.10/site-packages/airflow/example_dags/example_dynamic_task_mapping.py for tasks to queue
[2024-06-14T16:49:15.914-0300] {logging_mixin.py:188} INFO - [2024-06-14T16:49:15.913-0300] {dagbag.py:545} INFO - Filling up the DagBag from /home/maira/projeto_indicium_engineering/venv/lib/python3.10/site-packages/airflow/example_dags/example_dynamic_task_mapping.py
[2024-06-14T16:49:15.920-0300] {processor.py:840} INFO - DAG(s) 'example_dynamic_task_mapping' retrieved from /home/maira/projeto_indicium_engineering/venv/lib/python3.10/site-packages/airflow/example_dags/example_dynamic_task_mapping.py
[2024-06-14T16:49:15.931-0300] {logging_mixin.py:188} INFO - [2024-06-14T16:49:15.931-0300] {dag.py:3096} INFO - Sync 1 DAGs
[2024-06-14T16:49:15.944-0300] {logging_mixin.py:188} INFO - [2024-06-14T16:49:15.944-0300] {dag.py:3954} INFO - Setting next_dagrun for example_dynamic_task_mapping to 2022-03-04 00:00:00+00:00, run_after=2022-03-05 00:00:00+00:00
[2024-06-14T16:49:15.967-0300] {processor.py:183} INFO - Processing /home/maira/projeto_indicium_engineering/venv/lib/python3.10/site-packages/airflow/example_dags/example_dynamic_task_mapping.py took 0.063 seconds
[2024-06-14T16:50:15.050-0300] {processor.py:161} INFO - Started process (PID=92176) to work on /home/maira/projeto_indicium_engineering/venv/lib/python3.10/site-packages/airflow/example_dags/example_dynamic_task_mapping.py
[2024-06-14T16:50:15.052-0300] {processor.py:830} INFO - Processing file /home/maira/projeto_indicium_engineering/venv/lib/python3.10/site-packages/airflow/example_dags/example_dynamic_task_mapping.py for tasks to queue
[2024-06-14T16:50:15.054-0300] {logging_mixin.py:188} INFO - [2024-06-14T16:50:15.053-0300] {dagbag.py:545} INFO - Filling up the DagBag from /home/maira/projeto_indicium_engineering/venv/lib/python3.10/site-packages/airflow/example_dags/example_dynamic_task_mapping.py
[2024-06-14T16:50:15.060-0300] {processor.py:840} INFO - DAG(s) 'example_dynamic_task_mapping' retrieved from /home/maira/projeto_indicium_engineering/venv/lib/python3.10/site-packages/airflow/example_dags/example_dynamic_task_mapping.py
[2024-06-14T16:50:15.071-0300] {logging_mixin.py:188} INFO - [2024-06-14T16:50:15.071-0300] {dag.py:3096} INFO - Sync 1 DAGs
[2024-06-14T16:50:15.085-0300] {logging_mixin.py:188} INFO - [2024-06-14T16:50:15.085-0300] {dag.py:3954} INFO - Setting next_dagrun for example_dynamic_task_mapping to 2022-03-04 00:00:00+00:00, run_after=2022-03-05 00:00:00+00:00
[2024-06-14T16:50:15.109-0300] {processor.py:183} INFO - Processing /home/maira/projeto_indicium_engineering/venv/lib/python3.10/site-packages/airflow/example_dags/example_dynamic_task_mapping.py took 0.065 seconds
[2024-06-14T16:51:23.383-0300] {processor.py:161} INFO - Started process (PID=92512) to work on /home/maira/projeto_indicium_engineering/venv/lib/python3.10/site-packages/airflow/example_dags/example_dynamic_task_mapping.py
[2024-06-14T16:51:23.384-0300] {processor.py:830} INFO - Processing file /home/maira/projeto_indicium_engineering/venv/lib/python3.10/site-packages/airflow/example_dags/example_dynamic_task_mapping.py for tasks to queue
[2024-06-14T16:51:23.386-0300] {logging_mixin.py:188} INFO - [2024-06-14T16:51:23.386-0300] {dagbag.py:545} INFO - Filling up the DagBag from /home/maira/projeto_indicium_engineering/venv/lib/python3.10/site-packages/airflow/example_dags/example_dynamic_task_mapping.py
[2024-06-14T16:51:23.392-0300] {processor.py:840} INFO - DAG(s) 'example_dynamic_task_mapping' retrieved from /home/maira/projeto_indicium_engineering/venv/lib/python3.10/site-packages/airflow/example_dags/example_dynamic_task_mapping.py
[2024-06-14T16:51:23.404-0300] {logging_mixin.py:188} INFO - [2024-06-14T16:51:23.404-0300] {dag.py:3096} INFO - Sync 1 DAGs
[2024-06-14T16:51:23.420-0300] {logging_mixin.py:188} INFO - [2024-06-14T16:51:23.420-0300] {dag.py:3954} INFO - Setting next_dagrun for example_dynamic_task_mapping to 2022-03-04 00:00:00+00:00, run_after=2022-03-05 00:00:00+00:00
[2024-06-14T16:51:23.443-0300] {processor.py:183} INFO - Processing /home/maira/projeto_indicium_engineering/venv/lib/python3.10/site-packages/airflow/example_dags/example_dynamic_task_mapping.py took 0.066 seconds
[2024-06-14T16:52:24.474-0300] {processor.py:161} INFO - Started process (PID=92815) to work on /home/maira/projeto_indicium_engineering/venv/lib/python3.10/site-packages/airflow/example_dags/example_dynamic_task_mapping.py
[2024-06-14T16:52:24.475-0300] {processor.py:830} INFO - Processing file /home/maira/projeto_indicium_engineering/venv/lib/python3.10/site-packages/airflow/example_dags/example_dynamic_task_mapping.py for tasks to queue
[2024-06-14T16:52:24.477-0300] {logging_mixin.py:188} INFO - [2024-06-14T16:52:24.477-0300] {dagbag.py:545} INFO - Filling up the DagBag from /home/maira/projeto_indicium_engineering/venv/lib/python3.10/site-packages/airflow/example_dags/example_dynamic_task_mapping.py
[2024-06-14T16:52:24.483-0300] {processor.py:840} INFO - DAG(s) 'example_dynamic_task_mapping' retrieved from /home/maira/projeto_indicium_engineering/venv/lib/python3.10/site-packages/airflow/example_dags/example_dynamic_task_mapping.py
[2024-06-14T16:52:24.494-0300] {logging_mixin.py:188} INFO - [2024-06-14T16:52:24.494-0300] {dag.py:3096} INFO - Sync 1 DAGs
[2024-06-14T16:52:24.508-0300] {logging_mixin.py:188} INFO - [2024-06-14T16:52:24.508-0300] {dag.py:3954} INFO - Setting next_dagrun for example_dynamic_task_mapping to 2022-03-04 00:00:00+00:00, run_after=2022-03-05 00:00:00+00:00
[2024-06-14T16:52:24.531-0300] {processor.py:183} INFO - Processing /home/maira/projeto_indicium_engineering/venv/lib/python3.10/site-packages/airflow/example_dags/example_dynamic_task_mapping.py took 0.061 seconds
[2024-06-14T16:53:25.203-0300] {processor.py:161} INFO - Started process (PID=93115) to work on /home/maira/projeto_indicium_engineering/venv/lib/python3.10/site-packages/airflow/example_dags/example_dynamic_task_mapping.py
[2024-06-14T16:53:25.205-0300] {processor.py:830} INFO - Processing file /home/maira/projeto_indicium_engineering/venv/lib/python3.10/site-packages/airflow/example_dags/example_dynamic_task_mapping.py for tasks to queue
[2024-06-14T16:53:25.206-0300] {logging_mixin.py:188} INFO - [2024-06-14T16:53:25.206-0300] {dagbag.py:545} INFO - Filling up the DagBag from /home/maira/projeto_indicium_engineering/venv/lib/python3.10/site-packages/airflow/example_dags/example_dynamic_task_mapping.py
[2024-06-14T16:53:25.212-0300] {processor.py:840} INFO - DAG(s) 'example_dynamic_task_mapping' retrieved from /home/maira/projeto_indicium_engineering/venv/lib/python3.10/site-packages/airflow/example_dags/example_dynamic_task_mapping.py
[2024-06-14T16:53:25.223-0300] {logging_mixin.py:188} INFO - [2024-06-14T16:53:25.223-0300] {dag.py:3096} INFO - Sync 1 DAGs
[2024-06-14T16:53:25.237-0300] {logging_mixin.py:188} INFO - [2024-06-14T16:53:25.236-0300] {dag.py:3954} INFO - Setting next_dagrun for example_dynamic_task_mapping to 2022-03-04 00:00:00+00:00, run_after=2022-03-05 00:00:00+00:00
[2024-06-14T16:53:25.261-0300] {processor.py:183} INFO - Processing /home/maira/projeto_indicium_engineering/venv/lib/python3.10/site-packages/airflow/example_dags/example_dynamic_task_mapping.py took 0.062 seconds
[2024-06-14T16:54:27.143-0300] {processor.py:161} INFO - Started process (PID=93421) to work on /home/maira/projeto_indicium_engineering/venv/lib/python3.10/site-packages/airflow/example_dags/example_dynamic_task_mapping.py
[2024-06-14T16:54:27.145-0300] {processor.py:830} INFO - Processing file /home/maira/projeto_indicium_engineering/venv/lib/python3.10/site-packages/airflow/example_dags/example_dynamic_task_mapping.py for tasks to queue
[2024-06-14T16:54:27.146-0300] {logging_mixin.py:188} INFO - [2024-06-14T16:54:27.146-0300] {dagbag.py:545} INFO - Filling up the DagBag from /home/maira/projeto_indicium_engineering/venv/lib/python3.10/site-packages/airflow/example_dags/example_dynamic_task_mapping.py
[2024-06-14T16:54:27.153-0300] {processor.py:840} INFO - DAG(s) 'example_dynamic_task_mapping' retrieved from /home/maira/projeto_indicium_engineering/venv/lib/python3.10/site-packages/airflow/example_dags/example_dynamic_task_mapping.py
[2024-06-14T16:54:27.165-0300] {logging_mixin.py:188} INFO - [2024-06-14T16:54:27.165-0300] {dag.py:3096} INFO - Sync 1 DAGs
[2024-06-14T16:54:27.179-0300] {logging_mixin.py:188} INFO - [2024-06-14T16:54:27.179-0300] {dag.py:3954} INFO - Setting next_dagrun for example_dynamic_task_mapping to 2022-03-04 00:00:00+00:00, run_after=2022-03-05 00:00:00+00:00
[2024-06-14T16:54:27.200-0300] {processor.py:183} INFO - Processing /home/maira/projeto_indicium_engineering/venv/lib/python3.10/site-packages/airflow/example_dags/example_dynamic_task_mapping.py took 0.062 seconds
[2024-06-14T17:20:19.990-0300] {processor.py:161} INFO - Started process (PID=93779) to work on /home/maira/projeto_indicium_engineering/venv/lib/python3.10/site-packages/airflow/example_dags/example_dynamic_task_mapping.py
[2024-06-14T17:20:19.993-0300] {processor.py:830} INFO - Processing file /home/maira/projeto_indicium_engineering/venv/lib/python3.10/site-packages/airflow/example_dags/example_dynamic_task_mapping.py for tasks to queue
[2024-06-14T17:20:19.994-0300] {logging_mixin.py:188} INFO - [2024-06-14T17:20:19.994-0300] {dagbag.py:545} INFO - Filling up the DagBag from /home/maira/projeto_indicium_engineering/venv/lib/python3.10/site-packages/airflow/example_dags/example_dynamic_task_mapping.py
[2024-06-14T17:20:20.005-0300] {processor.py:840} INFO - DAG(s) 'example_dynamic_task_mapping' retrieved from /home/maira/projeto_indicium_engineering/venv/lib/python3.10/site-packages/airflow/example_dags/example_dynamic_task_mapping.py
[2024-06-14T17:20:20.017-0300] {logging_mixin.py:188} INFO - [2024-06-14T17:20:20.017-0300] {dag.py:3096} INFO - Sync 1 DAGs
[2024-06-14T17:20:20.031-0300] {logging_mixin.py:188} INFO - [2024-06-14T17:20:20.031-0300] {dag.py:3954} INFO - Setting next_dagrun for example_dynamic_task_mapping to 2022-03-04 00:00:00+00:00, run_after=2022-03-05 00:00:00+00:00
[2024-06-14T17:20:20.054-0300] {processor.py:183} INFO - Processing /home/maira/projeto_indicium_engineering/venv/lib/python3.10/site-packages/airflow/example_dags/example_dynamic_task_mapping.py took 0.068 seconds
[2024-06-14T17:21:11.698-0300] {processor.py:161} INFO - Started process (PID=94037) to work on /home/maira/projeto_indicium_engineering/venv/lib/python3.10/site-packages/airflow/example_dags/example_dynamic_task_mapping.py
[2024-06-14T17:21:11.700-0300] {processor.py:830} INFO - Processing file /home/maira/projeto_indicium_engineering/venv/lib/python3.10/site-packages/airflow/example_dags/example_dynamic_task_mapping.py for tasks to queue
[2024-06-14T17:21:11.702-0300] {logging_mixin.py:188} INFO - [2024-06-14T17:21:11.702-0300] {dagbag.py:545} INFO - Filling up the DagBag from /home/maira/projeto_indicium_engineering/venv/lib/python3.10/site-packages/airflow/example_dags/example_dynamic_task_mapping.py
[2024-06-14T17:21:11.709-0300] {processor.py:840} INFO - DAG(s) 'example_dynamic_task_mapping' retrieved from /home/maira/projeto_indicium_engineering/venv/lib/python3.10/site-packages/airflow/example_dags/example_dynamic_task_mapping.py
[2024-06-14T17:21:11.720-0300] {logging_mixin.py:188} INFO - [2024-06-14T17:21:11.719-0300] {dag.py:3096} INFO - Sync 1 DAGs
[2024-06-14T17:21:11.733-0300] {logging_mixin.py:188} INFO - [2024-06-14T17:21:11.733-0300] {dag.py:3954} INFO - Setting next_dagrun for example_dynamic_task_mapping to 2022-03-04 00:00:00+00:00, run_after=2022-03-05 00:00:00+00:00
[2024-06-14T17:21:11.754-0300] {processor.py:183} INFO - Processing /home/maira/projeto_indicium_engineering/venv/lib/python3.10/site-packages/airflow/example_dags/example_dynamic_task_mapping.py took 0.060 seconds
[2024-06-14T17:22:12.298-0300] {processor.py:161} INFO - Started process (PID=94336) to work on /home/maira/projeto_indicium_engineering/venv/lib/python3.10/site-packages/airflow/example_dags/example_dynamic_task_mapping.py
[2024-06-14T17:22:12.299-0300] {processor.py:830} INFO - Processing file /home/maira/projeto_indicium_engineering/venv/lib/python3.10/site-packages/airflow/example_dags/example_dynamic_task_mapping.py for tasks to queue
[2024-06-14T17:22:12.301-0300] {logging_mixin.py:188} INFO - [2024-06-14T17:22:12.300-0300] {dagbag.py:545} INFO - Filling up the DagBag from /home/maira/projeto_indicium_engineering/venv/lib/python3.10/site-packages/airflow/example_dags/example_dynamic_task_mapping.py
[2024-06-14T17:22:12.306-0300] {processor.py:840} INFO - DAG(s) 'example_dynamic_task_mapping' retrieved from /home/maira/projeto_indicium_engineering/venv/lib/python3.10/site-packages/airflow/example_dags/example_dynamic_task_mapping.py
[2024-06-14T17:22:12.317-0300] {logging_mixin.py:188} INFO - [2024-06-14T17:22:12.317-0300] {dag.py:3096} INFO - Sync 1 DAGs
[2024-06-14T17:22:12.330-0300] {logging_mixin.py:188} INFO - [2024-06-14T17:22:12.330-0300] {dag.py:3954} INFO - Setting next_dagrun for example_dynamic_task_mapping to 2022-03-04 00:00:00+00:00, run_after=2022-03-05 00:00:00+00:00
[2024-06-14T17:22:12.352-0300] {processor.py:183} INFO - Processing /home/maira/projeto_indicium_engineering/venv/lib/python3.10/site-packages/airflow/example_dags/example_dynamic_task_mapping.py took 0.060 seconds
[2024-06-14T17:23:13.124-0300] {processor.py:161} INFO - Started process (PID=94637) to work on /home/maira/projeto_indicium_engineering/venv/lib/python3.10/site-packages/airflow/example_dags/example_dynamic_task_mapping.py
[2024-06-14T17:23:13.128-0300] {processor.py:830} INFO - Processing file /home/maira/projeto_indicium_engineering/venv/lib/python3.10/site-packages/airflow/example_dags/example_dynamic_task_mapping.py for tasks to queue
[2024-06-14T17:23:13.129-0300] {logging_mixin.py:188} INFO - [2024-06-14T17:23:13.129-0300] {dagbag.py:545} INFO - Filling up the DagBag from /home/maira/projeto_indicium_engineering/venv/lib/python3.10/site-packages/airflow/example_dags/example_dynamic_task_mapping.py
[2024-06-14T17:23:13.134-0300] {processor.py:840} INFO - DAG(s) 'example_dynamic_task_mapping' retrieved from /home/maira/projeto_indicium_engineering/venv/lib/python3.10/site-packages/airflow/example_dags/example_dynamic_task_mapping.py
[2024-06-14T17:23:13.145-0300] {logging_mixin.py:188} INFO - [2024-06-14T17:23:13.145-0300] {dag.py:3096} INFO - Sync 1 DAGs
[2024-06-14T17:23:13.159-0300] {logging_mixin.py:188} INFO - [2024-06-14T17:23:13.159-0300] {dag.py:3954} INFO - Setting next_dagrun for example_dynamic_task_mapping to 2022-03-04 00:00:00+00:00, run_after=2022-03-05 00:00:00+00:00
[2024-06-14T17:23:13.182-0300] {processor.py:183} INFO - Processing /home/maira/projeto_indicium_engineering/venv/lib/python3.10/site-packages/airflow/example_dags/example_dynamic_task_mapping.py took 0.063 seconds
[2024-06-14T17:24:14.809-0300] {processor.py:161} INFO - Started process (PID=94942) to work on /home/maira/projeto_indicium_engineering/venv/lib/python3.10/site-packages/airflow/example_dags/example_dynamic_task_mapping.py
[2024-06-14T17:24:14.811-0300] {processor.py:830} INFO - Processing file /home/maira/projeto_indicium_engineering/venv/lib/python3.10/site-packages/airflow/example_dags/example_dynamic_task_mapping.py for tasks to queue
[2024-06-14T17:24:14.812-0300] {logging_mixin.py:188} INFO - [2024-06-14T17:24:14.812-0300] {dagbag.py:545} INFO - Filling up the DagBag from /home/maira/projeto_indicium_engineering/venv/lib/python3.10/site-packages/airflow/example_dags/example_dynamic_task_mapping.py
[2024-06-14T17:24:14.819-0300] {processor.py:840} INFO - DAG(s) 'example_dynamic_task_mapping' retrieved from /home/maira/projeto_indicium_engineering/venv/lib/python3.10/site-packages/airflow/example_dags/example_dynamic_task_mapping.py
[2024-06-14T17:24:14.831-0300] {logging_mixin.py:188} INFO - [2024-06-14T17:24:14.831-0300] {dag.py:3096} INFO - Sync 1 DAGs
[2024-06-14T17:24:14.844-0300] {logging_mixin.py:188} INFO - [2024-06-14T17:24:14.844-0300] {dag.py:3954} INFO - Setting next_dagrun for example_dynamic_task_mapping to 2022-03-04 00:00:00+00:00, run_after=2022-03-05 00:00:00+00:00
[2024-06-14T17:24:14.865-0300] {processor.py:183} INFO - Processing /home/maira/projeto_indicium_engineering/venv/lib/python3.10/site-packages/airflow/example_dags/example_dynamic_task_mapping.py took 0.061 seconds
[2024-06-14T17:25:26.399-0300] {processor.py:161} INFO - Started process (PID=95293) to work on /home/maira/projeto_indicium_engineering/venv/lib/python3.10/site-packages/airflow/example_dags/example_dynamic_task_mapping.py
[2024-06-14T17:25:26.404-0300] {processor.py:830} INFO - Processing file /home/maira/projeto_indicium_engineering/venv/lib/python3.10/site-packages/airflow/example_dags/example_dynamic_task_mapping.py for tasks to queue
[2024-06-14T17:25:26.406-0300] {logging_mixin.py:188} INFO - [2024-06-14T17:25:26.405-0300] {dagbag.py:545} INFO - Filling up the DagBag from /home/maira/projeto_indicium_engineering/venv/lib/python3.10/site-packages/airflow/example_dags/example_dynamic_task_mapping.py
[2024-06-14T17:25:26.411-0300] {processor.py:840} INFO - DAG(s) 'example_dynamic_task_mapping' retrieved from /home/maira/projeto_indicium_engineering/venv/lib/python3.10/site-packages/airflow/example_dags/example_dynamic_task_mapping.py
[2024-06-14T17:25:26.422-0300] {logging_mixin.py:188} INFO - [2024-06-14T17:25:26.422-0300] {dag.py:3096} INFO - Sync 1 DAGs
[2024-06-14T17:25:26.436-0300] {logging_mixin.py:188} INFO - [2024-06-14T17:25:26.436-0300] {dag.py:3954} INFO - Setting next_dagrun for example_dynamic_task_mapping to 2022-03-04 00:00:00+00:00, run_after=2022-03-05 00:00:00+00:00
[2024-06-14T17:25:26.458-0300] {processor.py:183} INFO - Processing /home/maira/projeto_indicium_engineering/venv/lib/python3.10/site-packages/airflow/example_dags/example_dynamic_task_mapping.py took 0.064 seconds
[2024-06-14T17:26:24.397-0300] {processor.py:161} INFO - Started process (PID=95582) to work on /home/maira/projeto_indicium_engineering/venv/lib/python3.10/site-packages/airflow/example_dags/example_dynamic_task_mapping.py
[2024-06-14T17:26:24.399-0300] {processor.py:830} INFO - Processing file /home/maira/projeto_indicium_engineering/venv/lib/python3.10/site-packages/airflow/example_dags/example_dynamic_task_mapping.py for tasks to queue
[2024-06-14T17:26:24.401-0300] {logging_mixin.py:188} INFO - [2024-06-14T17:26:24.401-0300] {dagbag.py:545} INFO - Filling up the DagBag from /home/maira/projeto_indicium_engineering/venv/lib/python3.10/site-packages/airflow/example_dags/example_dynamic_task_mapping.py
[2024-06-14T17:26:24.406-0300] {processor.py:840} INFO - DAG(s) 'example_dynamic_task_mapping' retrieved from /home/maira/projeto_indicium_engineering/venv/lib/python3.10/site-packages/airflow/example_dags/example_dynamic_task_mapping.py
[2024-06-14T17:26:24.417-0300] {logging_mixin.py:188} INFO - [2024-06-14T17:26:24.417-0300] {dag.py:3096} INFO - Sync 1 DAGs
[2024-06-14T17:26:24.430-0300] {logging_mixin.py:188} INFO - [2024-06-14T17:26:24.430-0300] {dag.py:3954} INFO - Setting next_dagrun for example_dynamic_task_mapping to 2022-03-04 00:00:00+00:00, run_after=2022-03-05 00:00:00+00:00
[2024-06-14T17:26:24.452-0300] {processor.py:183} INFO - Processing /home/maira/projeto_indicium_engineering/venv/lib/python3.10/site-packages/airflow/example_dags/example_dynamic_task_mapping.py took 0.060 seconds
[2024-06-14T17:27:23.486-0300] {processor.py:161} INFO - Started process (PID=95873) to work on /home/maira/projeto_indicium_engineering/venv/lib/python3.10/site-packages/airflow/example_dags/example_dynamic_task_mapping.py
[2024-06-14T17:27:23.488-0300] {processor.py:830} INFO - Processing file /home/maira/projeto_indicium_engineering/venv/lib/python3.10/site-packages/airflow/example_dags/example_dynamic_task_mapping.py for tasks to queue
[2024-06-14T17:27:23.489-0300] {logging_mixin.py:188} INFO - [2024-06-14T17:27:23.489-0300] {dagbag.py:545} INFO - Filling up the DagBag from /home/maira/projeto_indicium_engineering/venv/lib/python3.10/site-packages/airflow/example_dags/example_dynamic_task_mapping.py
[2024-06-14T17:27:23.496-0300] {processor.py:840} INFO - DAG(s) 'example_dynamic_task_mapping' retrieved from /home/maira/projeto_indicium_engineering/venv/lib/python3.10/site-packages/airflow/example_dags/example_dynamic_task_mapping.py
[2024-06-14T17:27:23.507-0300] {logging_mixin.py:188} INFO - [2024-06-14T17:27:23.506-0300] {dag.py:3096} INFO - Sync 1 DAGs
[2024-06-14T17:27:23.520-0300] {logging_mixin.py:188} INFO - [2024-06-14T17:27:23.520-0300] {dag.py:3954} INFO - Setting next_dagrun for example_dynamic_task_mapping to 2022-03-04 00:00:00+00:00, run_after=2022-03-05 00:00:00+00:00
[2024-06-14T17:27:23.545-0300] {processor.py:183} INFO - Processing /home/maira/projeto_indicium_engineering/venv/lib/python3.10/site-packages/airflow/example_dags/example_dynamic_task_mapping.py took 0.064 seconds
[2024-06-14T17:28:23.182-0300] {processor.py:161} INFO - Started process (PID=96169) to work on /home/maira/projeto_indicium_engineering/venv/lib/python3.10/site-packages/airflow/example_dags/example_dynamic_task_mapping.py
[2024-06-14T17:28:23.184-0300] {processor.py:830} INFO - Processing file /home/maira/projeto_indicium_engineering/venv/lib/python3.10/site-packages/airflow/example_dags/example_dynamic_task_mapping.py for tasks to queue
[2024-06-14T17:28:23.185-0300] {logging_mixin.py:188} INFO - [2024-06-14T17:28:23.185-0300] {dagbag.py:545} INFO - Filling up the DagBag from /home/maira/projeto_indicium_engineering/venv/lib/python3.10/site-packages/airflow/example_dags/example_dynamic_task_mapping.py
[2024-06-14T17:28:23.191-0300] {processor.py:840} INFO - DAG(s) 'example_dynamic_task_mapping' retrieved from /home/maira/projeto_indicium_engineering/venv/lib/python3.10/site-packages/airflow/example_dags/example_dynamic_task_mapping.py
[2024-06-14T17:28:23.202-0300] {logging_mixin.py:188} INFO - [2024-06-14T17:28:23.202-0300] {dag.py:3096} INFO - Sync 1 DAGs
[2024-06-14T17:28:23.216-0300] {logging_mixin.py:188} INFO - [2024-06-14T17:28:23.216-0300] {dag.py:3954} INFO - Setting next_dagrun for example_dynamic_task_mapping to 2022-03-04 00:00:00+00:00, run_after=2022-03-05 00:00:00+00:00
[2024-06-14T17:28:23.239-0300] {processor.py:183} INFO - Processing /home/maira/projeto_indicium_engineering/venv/lib/python3.10/site-packages/airflow/example_dags/example_dynamic_task_mapping.py took 0.061 seconds
[2024-06-14T17:29:17.901-0300] {processor.py:161} INFO - Started process (PID=96443) to work on /home/maira/projeto_indicium_engineering/venv/lib/python3.10/site-packages/airflow/example_dags/example_dynamic_task_mapping.py
[2024-06-14T17:29:17.903-0300] {processor.py:830} INFO - Processing file /home/maira/projeto_indicium_engineering/venv/lib/python3.10/site-packages/airflow/example_dags/example_dynamic_task_mapping.py for tasks to queue
[2024-06-14T17:29:17.904-0300] {logging_mixin.py:188} INFO - [2024-06-14T17:29:17.904-0300] {dagbag.py:545} INFO - Filling up the DagBag from /home/maira/projeto_indicium_engineering/venv/lib/python3.10/site-packages/airflow/example_dags/example_dynamic_task_mapping.py
[2024-06-14T17:29:17.910-0300] {processor.py:840} INFO - DAG(s) 'example_dynamic_task_mapping' retrieved from /home/maira/projeto_indicium_engineering/venv/lib/python3.10/site-packages/airflow/example_dags/example_dynamic_task_mapping.py
[2024-06-14T17:29:17.921-0300] {logging_mixin.py:188} INFO - [2024-06-14T17:29:17.921-0300] {dag.py:3096} INFO - Sync 1 DAGs
[2024-06-14T17:29:17.935-0300] {logging_mixin.py:188} INFO - [2024-06-14T17:29:17.935-0300] {dag.py:3954} INFO - Setting next_dagrun for example_dynamic_task_mapping to 2022-03-04 00:00:00+00:00, run_after=2022-03-05 00:00:00+00:00
[2024-06-14T17:29:17.958-0300] {processor.py:183} INFO - Processing /home/maira/projeto_indicium_engineering/venv/lib/python3.10/site-packages/airflow/example_dags/example_dynamic_task_mapping.py took 0.062 seconds
[2024-06-14T17:30:18.439-0300] {processor.py:161} INFO - Started process (PID=96742) to work on /home/maira/projeto_indicium_engineering/venv/lib/python3.10/site-packages/airflow/example_dags/example_dynamic_task_mapping.py
[2024-06-14T17:30:18.441-0300] {processor.py:830} INFO - Processing file /home/maira/projeto_indicium_engineering/venv/lib/python3.10/site-packages/airflow/example_dags/example_dynamic_task_mapping.py for tasks to queue
[2024-06-14T17:30:18.442-0300] {logging_mixin.py:188} INFO - [2024-06-14T17:30:18.442-0300] {dagbag.py:545} INFO - Filling up the DagBag from /home/maira/projeto_indicium_engineering/venv/lib/python3.10/site-packages/airflow/example_dags/example_dynamic_task_mapping.py
[2024-06-14T17:30:18.447-0300] {processor.py:840} INFO - DAG(s) 'example_dynamic_task_mapping' retrieved from /home/maira/projeto_indicium_engineering/venv/lib/python3.10/site-packages/airflow/example_dags/example_dynamic_task_mapping.py
[2024-06-14T17:30:18.458-0300] {logging_mixin.py:188} INFO - [2024-06-14T17:30:18.458-0300] {dag.py:3096} INFO - Sync 1 DAGs
[2024-06-14T17:30:18.471-0300] {logging_mixin.py:188} INFO - [2024-06-14T17:30:18.471-0300] {dag.py:3954} INFO - Setting next_dagrun for example_dynamic_task_mapping to 2022-03-04 00:00:00+00:00, run_after=2022-03-05 00:00:00+00:00
[2024-06-14T17:30:18.493-0300] {processor.py:183} INFO - Processing /home/maira/projeto_indicium_engineering/venv/lib/python3.10/site-packages/airflow/example_dags/example_dynamic_task_mapping.py took 0.059 seconds
[2024-06-14T17:31:18.972-0300] {processor.py:161} INFO - Started process (PID=97042) to work on /home/maira/projeto_indicium_engineering/venv/lib/python3.10/site-packages/airflow/example_dags/example_dynamic_task_mapping.py
[2024-06-14T17:31:19.000-0300] {processor.py:830} INFO - Processing file /home/maira/projeto_indicium_engineering/venv/lib/python3.10/site-packages/airflow/example_dags/example_dynamic_task_mapping.py for tasks to queue
[2024-06-14T17:31:19.003-0300] {logging_mixin.py:188} INFO - [2024-06-14T17:31:19.002-0300] {dagbag.py:545} INFO - Filling up the DagBag from /home/maira/projeto_indicium_engineering/venv/lib/python3.10/site-packages/airflow/example_dags/example_dynamic_task_mapping.py
[2024-06-14T17:31:19.013-0300] {processor.py:840} INFO - DAG(s) 'example_dynamic_task_mapping' retrieved from /home/maira/projeto_indicium_engineering/venv/lib/python3.10/site-packages/airflow/example_dags/example_dynamic_task_mapping.py
[2024-06-14T17:31:19.034-0300] {logging_mixin.py:188} INFO - [2024-06-14T17:31:19.034-0300] {dag.py:3096} INFO - Sync 1 DAGs
[2024-06-14T17:31:19.065-0300] {logging_mixin.py:188} INFO - [2024-06-14T17:31:19.065-0300] {dag.py:3954} INFO - Setting next_dagrun for example_dynamic_task_mapping to 2022-03-04 00:00:00+00:00, run_after=2022-03-05 00:00:00+00:00
[2024-06-14T17:31:19.650-0300] {processor.py:183} INFO - Processing /home/maira/projeto_indicium_engineering/venv/lib/python3.10/site-packages/airflow/example_dags/example_dynamic_task_mapping.py took 0.689 seconds
[2024-06-14T17:32:26.872-0300] {processor.py:161} INFO - Started process (PID=97375) to work on /home/maira/projeto_indicium_engineering/venv/lib/python3.10/site-packages/airflow/example_dags/example_dynamic_task_mapping.py
[2024-06-14T17:32:26.874-0300] {processor.py:830} INFO - Processing file /home/maira/projeto_indicium_engineering/venv/lib/python3.10/site-packages/airflow/example_dags/example_dynamic_task_mapping.py for tasks to queue
[2024-06-14T17:32:26.876-0300] {logging_mixin.py:188} INFO - [2024-06-14T17:32:26.875-0300] {dagbag.py:545} INFO - Filling up the DagBag from /home/maira/projeto_indicium_engineering/venv/lib/python3.10/site-packages/airflow/example_dags/example_dynamic_task_mapping.py
[2024-06-14T17:32:26.881-0300] {processor.py:840} INFO - DAG(s) 'example_dynamic_task_mapping' retrieved from /home/maira/projeto_indicium_engineering/venv/lib/python3.10/site-packages/airflow/example_dags/example_dynamic_task_mapping.py
[2024-06-14T17:32:26.892-0300] {logging_mixin.py:188} INFO - [2024-06-14T17:32:26.892-0300] {dag.py:3096} INFO - Sync 1 DAGs
[2024-06-14T17:32:26.906-0300] {logging_mixin.py:188} INFO - [2024-06-14T17:32:26.905-0300] {dag.py:3954} INFO - Setting next_dagrun for example_dynamic_task_mapping to 2022-03-04 00:00:00+00:00, run_after=2022-03-05 00:00:00+00:00
[2024-06-14T17:32:27.026-0300] {processor.py:183} INFO - Processing /home/maira/projeto_indicium_engineering/venv/lib/python3.10/site-packages/airflow/example_dags/example_dynamic_task_mapping.py took 0.158 seconds
[2024-06-14T17:33:30.675-0300] {processor.py:161} INFO - Started process (PID=97690) to work on /home/maira/projeto_indicium_engineering/venv/lib/python3.10/site-packages/airflow/example_dags/example_dynamic_task_mapping.py
[2024-06-14T17:33:30.677-0300] {processor.py:830} INFO - Processing file /home/maira/projeto_indicium_engineering/venv/lib/python3.10/site-packages/airflow/example_dags/example_dynamic_task_mapping.py for tasks to queue
[2024-06-14T17:33:30.678-0300] {logging_mixin.py:188} INFO - [2024-06-14T17:33:30.678-0300] {dagbag.py:545} INFO - Filling up the DagBag from /home/maira/projeto_indicium_engineering/venv/lib/python3.10/site-packages/airflow/example_dags/example_dynamic_task_mapping.py
[2024-06-14T17:33:30.683-0300] {processor.py:840} INFO - DAG(s) 'example_dynamic_task_mapping' retrieved from /home/maira/projeto_indicium_engineering/venv/lib/python3.10/site-packages/airflow/example_dags/example_dynamic_task_mapping.py
[2024-06-14T17:33:30.695-0300] {logging_mixin.py:188} INFO - [2024-06-14T17:33:30.694-0300] {dag.py:3096} INFO - Sync 1 DAGs
[2024-06-14T17:33:30.709-0300] {logging_mixin.py:188} INFO - [2024-06-14T17:33:30.708-0300] {dag.py:3954} INFO - Setting next_dagrun for example_dynamic_task_mapping to 2022-03-04 00:00:00+00:00, run_after=2022-03-05 00:00:00+00:00
[2024-06-14T17:33:30.729-0300] {processor.py:183} INFO - Processing /home/maira/projeto_indicium_engineering/venv/lib/python3.10/site-packages/airflow/example_dags/example_dynamic_task_mapping.py took 0.058 seconds
[2024-06-14T17:34:26.097-0300] {processor.py:161} INFO - Started process (PID=97966) to work on /home/maira/projeto_indicium_engineering/venv/lib/python3.10/site-packages/airflow/example_dags/example_dynamic_task_mapping.py
[2024-06-14T17:34:26.098-0300] {processor.py:830} INFO - Processing file /home/maira/projeto_indicium_engineering/venv/lib/python3.10/site-packages/airflow/example_dags/example_dynamic_task_mapping.py for tasks to queue
[2024-06-14T17:34:26.099-0300] {logging_mixin.py:188} INFO - [2024-06-14T17:34:26.099-0300] {dagbag.py:545} INFO - Filling up the DagBag from /home/maira/projeto_indicium_engineering/venv/lib/python3.10/site-packages/airflow/example_dags/example_dynamic_task_mapping.py
[2024-06-14T17:34:26.105-0300] {processor.py:840} INFO - DAG(s) 'example_dynamic_task_mapping' retrieved from /home/maira/projeto_indicium_engineering/venv/lib/python3.10/site-packages/airflow/example_dags/example_dynamic_task_mapping.py
[2024-06-14T17:34:26.116-0300] {logging_mixin.py:188} INFO - [2024-06-14T17:34:26.116-0300] {dag.py:3096} INFO - Sync 1 DAGs
[2024-06-14T17:34:26.131-0300] {logging_mixin.py:188} INFO - [2024-06-14T17:34:26.131-0300] {dag.py:3954} INFO - Setting next_dagrun for example_dynamic_task_mapping to 2022-03-04 00:00:00+00:00, run_after=2022-03-05 00:00:00+00:00
[2024-06-14T17:34:26.153-0300] {processor.py:183} INFO - Processing /home/maira/projeto_indicium_engineering/venv/lib/python3.10/site-packages/airflow/example_dags/example_dynamic_task_mapping.py took 0.061 seconds
[2024-06-14T17:35:24.298-0300] {processor.py:161} INFO - Started process (PID=98258) to work on /home/maira/projeto_indicium_engineering/venv/lib/python3.10/site-packages/airflow/example_dags/example_dynamic_task_mapping.py
[2024-06-14T17:35:24.300-0300] {processor.py:830} INFO - Processing file /home/maira/projeto_indicium_engineering/venv/lib/python3.10/site-packages/airflow/example_dags/example_dynamic_task_mapping.py for tasks to queue
[2024-06-14T17:35:24.302-0300] {logging_mixin.py:188} INFO - [2024-06-14T17:35:24.301-0300] {dagbag.py:545} INFO - Filling up the DagBag from /home/maira/projeto_indicium_engineering/venv/lib/python3.10/site-packages/airflow/example_dags/example_dynamic_task_mapping.py
[2024-06-14T17:35:24.306-0300] {processor.py:840} INFO - DAG(s) 'example_dynamic_task_mapping' retrieved from /home/maira/projeto_indicium_engineering/venv/lib/python3.10/site-packages/airflow/example_dags/example_dynamic_task_mapping.py
[2024-06-14T17:35:24.317-0300] {logging_mixin.py:188} INFO - [2024-06-14T17:35:24.317-0300] {dag.py:3096} INFO - Sync 1 DAGs
[2024-06-14T17:35:24.331-0300] {logging_mixin.py:188} INFO - [2024-06-14T17:35:24.331-0300] {dag.py:3954} INFO - Setting next_dagrun for example_dynamic_task_mapping to 2022-03-04 00:00:00+00:00, run_after=2022-03-05 00:00:00+00:00
[2024-06-14T17:35:24.352-0300] {processor.py:183} INFO - Processing /home/maira/projeto_indicium_engineering/venv/lib/python3.10/site-packages/airflow/example_dags/example_dynamic_task_mapping.py took 0.059 seconds
[2024-06-14T17:36:27.254-0300] {processor.py:161} INFO - Started process (PID=98568) to work on /home/maira/projeto_indicium_engineering/venv/lib/python3.10/site-packages/airflow/example_dags/example_dynamic_task_mapping.py
[2024-06-14T17:36:27.257-0300] {processor.py:830} INFO - Processing file /home/maira/projeto_indicium_engineering/venv/lib/python3.10/site-packages/airflow/example_dags/example_dynamic_task_mapping.py for tasks to queue
[2024-06-14T17:36:27.259-0300] {logging_mixin.py:188} INFO - [2024-06-14T17:36:27.258-0300] {dagbag.py:545} INFO - Filling up the DagBag from /home/maira/projeto_indicium_engineering/venv/lib/python3.10/site-packages/airflow/example_dags/example_dynamic_task_mapping.py
[2024-06-14T17:36:27.277-0300] {processor.py:840} INFO - DAG(s) 'example_dynamic_task_mapping' retrieved from /home/maira/projeto_indicium_engineering/venv/lib/python3.10/site-packages/airflow/example_dags/example_dynamic_task_mapping.py
[2024-06-14T17:36:27.310-0300] {logging_mixin.py:188} INFO - [2024-06-14T17:36:27.310-0300] {dag.py:3096} INFO - Sync 1 DAGs
[2024-06-14T17:36:27.352-0300] {logging_mixin.py:188} INFO - [2024-06-14T17:36:27.352-0300] {dag.py:3954} INFO - Setting next_dagrun for example_dynamic_task_mapping to 2022-03-04 00:00:00+00:00, run_after=2022-03-05 00:00:00+00:00
[2024-06-14T17:36:27.397-0300] {processor.py:183} INFO - Processing /home/maira/projeto_indicium_engineering/venv/lib/python3.10/site-packages/airflow/example_dags/example_dynamic_task_mapping.py took 0.156 seconds
[2024-06-14T17:37:28.759-0300] {processor.py:161} INFO - Started process (PID=98873) to work on /home/maira/projeto_indicium_engineering/venv/lib/python3.10/site-packages/airflow/example_dags/example_dynamic_task_mapping.py
[2024-06-14T17:37:28.761-0300] {processor.py:830} INFO - Processing file /home/maira/projeto_indicium_engineering/venv/lib/python3.10/site-packages/airflow/example_dags/example_dynamic_task_mapping.py for tasks to queue
[2024-06-14T17:37:28.762-0300] {logging_mixin.py:188} INFO - [2024-06-14T17:37:28.762-0300] {dagbag.py:545} INFO - Filling up the DagBag from /home/maira/projeto_indicium_engineering/venv/lib/python3.10/site-packages/airflow/example_dags/example_dynamic_task_mapping.py
[2024-06-14T17:37:28.769-0300] {processor.py:840} INFO - DAG(s) 'example_dynamic_task_mapping' retrieved from /home/maira/projeto_indicium_engineering/venv/lib/python3.10/site-packages/airflow/example_dags/example_dynamic_task_mapping.py
[2024-06-14T17:37:28.780-0300] {logging_mixin.py:188} INFO - [2024-06-14T17:37:28.780-0300] {dag.py:3096} INFO - Sync 1 DAGs
[2024-06-14T17:37:28.795-0300] {logging_mixin.py:188} INFO - [2024-06-14T17:37:28.795-0300] {dag.py:3954} INFO - Setting next_dagrun for example_dynamic_task_mapping to 2022-03-04 00:00:00+00:00, run_after=2022-03-05 00:00:00+00:00
[2024-06-14T17:37:28.818-0300] {processor.py:183} INFO - Processing /home/maira/projeto_indicium_engineering/venv/lib/python3.10/site-packages/airflow/example_dags/example_dynamic_task_mapping.py took 0.065 seconds
[2024-06-14T17:38:27.764-0300] {processor.py:161} INFO - Started process (PID=99165) to work on /home/maira/projeto_indicium_engineering/venv/lib/python3.10/site-packages/airflow/example_dags/example_dynamic_task_mapping.py
[2024-06-14T17:38:27.765-0300] {processor.py:830} INFO - Processing file /home/maira/projeto_indicium_engineering/venv/lib/python3.10/site-packages/airflow/example_dags/example_dynamic_task_mapping.py for tasks to queue
[2024-06-14T17:38:27.767-0300] {logging_mixin.py:188} INFO - [2024-06-14T17:38:27.767-0300] {dagbag.py:545} INFO - Filling up the DagBag from /home/maira/projeto_indicium_engineering/venv/lib/python3.10/site-packages/airflow/example_dags/example_dynamic_task_mapping.py
[2024-06-14T17:38:27.774-0300] {processor.py:840} INFO - DAG(s) 'example_dynamic_task_mapping' retrieved from /home/maira/projeto_indicium_engineering/venv/lib/python3.10/site-packages/airflow/example_dags/example_dynamic_task_mapping.py
[2024-06-14T17:38:27.784-0300] {logging_mixin.py:188} INFO - [2024-06-14T17:38:27.784-0300] {dag.py:3096} INFO - Sync 1 DAGs
[2024-06-14T17:38:27.798-0300] {logging_mixin.py:188} INFO - [2024-06-14T17:38:27.798-0300] {dag.py:3954} INFO - Setting next_dagrun for example_dynamic_task_mapping to 2022-03-04 00:00:00+00:00, run_after=2022-03-05 00:00:00+00:00
[2024-06-14T17:38:27.817-0300] {processor.py:183} INFO - Processing /home/maira/projeto_indicium_engineering/venv/lib/python3.10/site-packages/airflow/example_dags/example_dynamic_task_mapping.py took 0.058 seconds
[2024-06-14T17:39:26.008-0300] {processor.py:161} INFO - Started process (PID=99455) to work on /home/maira/projeto_indicium_engineering/venv/lib/python3.10/site-packages/airflow/example_dags/example_dynamic_task_mapping.py
[2024-06-14T17:39:26.009-0300] {processor.py:830} INFO - Processing file /home/maira/projeto_indicium_engineering/venv/lib/python3.10/site-packages/airflow/example_dags/example_dynamic_task_mapping.py for tasks to queue
[2024-06-14T17:39:26.011-0300] {logging_mixin.py:188} INFO - [2024-06-14T17:39:26.011-0300] {dagbag.py:545} INFO - Filling up the DagBag from /home/maira/projeto_indicium_engineering/venv/lib/python3.10/site-packages/airflow/example_dags/example_dynamic_task_mapping.py
[2024-06-14T17:39:26.017-0300] {processor.py:840} INFO - DAG(s) 'example_dynamic_task_mapping' retrieved from /home/maira/projeto_indicium_engineering/venv/lib/python3.10/site-packages/airflow/example_dags/example_dynamic_task_mapping.py
[2024-06-14T17:39:26.029-0300] {logging_mixin.py:188} INFO - [2024-06-14T17:39:26.029-0300] {dag.py:3096} INFO - Sync 1 DAGs
[2024-06-14T17:39:26.045-0300] {logging_mixin.py:188} INFO - [2024-06-14T17:39:26.045-0300] {dag.py:3954} INFO - Setting next_dagrun for example_dynamic_task_mapping to 2022-03-04 00:00:00+00:00, run_after=2022-03-05 00:00:00+00:00
[2024-06-14T17:39:26.067-0300] {processor.py:183} INFO - Processing /home/maira/projeto_indicium_engineering/venv/lib/python3.10/site-packages/airflow/example_dags/example_dynamic_task_mapping.py took 0.064 seconds
[2024-06-14T17:40:26.155-0300] {processor.py:161} INFO - Started process (PID=99753) to work on /home/maira/projeto_indicium_engineering/venv/lib/python3.10/site-packages/airflow/example_dags/example_dynamic_task_mapping.py
[2024-06-14T17:40:26.157-0300] {processor.py:830} INFO - Processing file /home/maira/projeto_indicium_engineering/venv/lib/python3.10/site-packages/airflow/example_dags/example_dynamic_task_mapping.py for tasks to queue
[2024-06-14T17:40:26.158-0300] {logging_mixin.py:188} INFO - [2024-06-14T17:40:26.158-0300] {dagbag.py:545} INFO - Filling up the DagBag from /home/maira/projeto_indicium_engineering/venv/lib/python3.10/site-packages/airflow/example_dags/example_dynamic_task_mapping.py
[2024-06-14T17:40:26.163-0300] {processor.py:840} INFO - DAG(s) 'example_dynamic_task_mapping' retrieved from /home/maira/projeto_indicium_engineering/venv/lib/python3.10/site-packages/airflow/example_dags/example_dynamic_task_mapping.py
[2024-06-14T17:40:26.174-0300] {logging_mixin.py:188} INFO - [2024-06-14T17:40:26.174-0300] {dag.py:3096} INFO - Sync 1 DAGs
[2024-06-14T17:40:26.187-0300] {logging_mixin.py:188} INFO - [2024-06-14T17:40:26.187-0300] {dag.py:3954} INFO - Setting next_dagrun for example_dynamic_task_mapping to 2022-03-04 00:00:00+00:00, run_after=2022-03-05 00:00:00+00:00
[2024-06-14T17:40:26.211-0300] {processor.py:183} INFO - Processing /home/maira/projeto_indicium_engineering/venv/lib/python3.10/site-packages/airflow/example_dags/example_dynamic_task_mapping.py took 0.061 seconds
[2024-06-14T17:41:29.160-0300] {processor.py:161} INFO - Started process (PID=100064) to work on /home/maira/projeto_indicium_engineering/venv/lib/python3.10/site-packages/airflow/example_dags/example_dynamic_task_mapping.py
[2024-06-14T17:41:29.162-0300] {processor.py:830} INFO - Processing file /home/maira/projeto_indicium_engineering/venv/lib/python3.10/site-packages/airflow/example_dags/example_dynamic_task_mapping.py for tasks to queue
[2024-06-14T17:41:29.164-0300] {logging_mixin.py:188} INFO - [2024-06-14T17:41:29.164-0300] {dagbag.py:545} INFO - Filling up the DagBag from /home/maira/projeto_indicium_engineering/venv/lib/python3.10/site-packages/airflow/example_dags/example_dynamic_task_mapping.py
[2024-06-14T17:41:29.171-0300] {processor.py:840} INFO - DAG(s) 'example_dynamic_task_mapping' retrieved from /home/maira/projeto_indicium_engineering/venv/lib/python3.10/site-packages/airflow/example_dags/example_dynamic_task_mapping.py
[2024-06-14T17:41:29.182-0300] {logging_mixin.py:188} INFO - [2024-06-14T17:41:29.182-0300] {dag.py:3096} INFO - Sync 1 DAGs
[2024-06-14T17:41:29.195-0300] {logging_mixin.py:188} INFO - [2024-06-14T17:41:29.195-0300] {dag.py:3954} INFO - Setting next_dagrun for example_dynamic_task_mapping to 2022-03-04 00:00:00+00:00, run_after=2022-03-05 00:00:00+00:00
[2024-06-14T17:41:29.219-0300] {processor.py:183} INFO - Processing /home/maira/projeto_indicium_engineering/venv/lib/python3.10/site-packages/airflow/example_dags/example_dynamic_task_mapping.py took 0.064 seconds
[2024-06-14T17:42:29.385-0300] {processor.py:161} INFO - Started process (PID=100362) to work on /home/maira/projeto_indicium_engineering/venv/lib/python3.10/site-packages/airflow/example_dags/example_dynamic_task_mapping.py
[2024-06-14T17:42:29.387-0300] {processor.py:830} INFO - Processing file /home/maira/projeto_indicium_engineering/venv/lib/python3.10/site-packages/airflow/example_dags/example_dynamic_task_mapping.py for tasks to queue
[2024-06-14T17:42:29.389-0300] {logging_mixin.py:188} INFO - [2024-06-14T17:42:29.389-0300] {dagbag.py:545} INFO - Filling up the DagBag from /home/maira/projeto_indicium_engineering/venv/lib/python3.10/site-packages/airflow/example_dags/example_dynamic_task_mapping.py
[2024-06-14T17:42:29.395-0300] {processor.py:840} INFO - DAG(s) 'example_dynamic_task_mapping' retrieved from /home/maira/projeto_indicium_engineering/venv/lib/python3.10/site-packages/airflow/example_dags/example_dynamic_task_mapping.py
[2024-06-14T17:42:29.406-0300] {logging_mixin.py:188} INFO - [2024-06-14T17:42:29.406-0300] {dag.py:3096} INFO - Sync 1 DAGs
[2024-06-14T17:42:29.420-0300] {logging_mixin.py:188} INFO - [2024-06-14T17:42:29.420-0300] {dag.py:3954} INFO - Setting next_dagrun for example_dynamic_task_mapping to 2022-03-04 00:00:00+00:00, run_after=2022-03-05 00:00:00+00:00
[2024-06-14T17:42:29.442-0300] {processor.py:183} INFO - Processing /home/maira/projeto_indicium_engineering/venv/lib/python3.10/site-packages/airflow/example_dags/example_dynamic_task_mapping.py took 0.062 seconds
[2024-06-14T17:43:27.790-0300] {processor.py:161} INFO - Started process (PID=100653) to work on /home/maira/projeto_indicium_engineering/venv/lib/python3.10/site-packages/airflow/example_dags/example_dynamic_task_mapping.py
[2024-06-14T17:43:27.792-0300] {processor.py:830} INFO - Processing file /home/maira/projeto_indicium_engineering/venv/lib/python3.10/site-packages/airflow/example_dags/example_dynamic_task_mapping.py for tasks to queue
[2024-06-14T17:43:27.794-0300] {logging_mixin.py:188} INFO - [2024-06-14T17:43:27.793-0300] {dagbag.py:545} INFO - Filling up the DagBag from /home/maira/projeto_indicium_engineering/venv/lib/python3.10/site-packages/airflow/example_dags/example_dynamic_task_mapping.py
[2024-06-14T17:43:27.800-0300] {processor.py:840} INFO - DAG(s) 'example_dynamic_task_mapping' retrieved from /home/maira/projeto_indicium_engineering/venv/lib/python3.10/site-packages/airflow/example_dags/example_dynamic_task_mapping.py
[2024-06-14T17:43:27.811-0300] {logging_mixin.py:188} INFO - [2024-06-14T17:43:27.811-0300] {dag.py:3096} INFO - Sync 1 DAGs
[2024-06-14T17:43:27.824-0300] {logging_mixin.py:188} INFO - [2024-06-14T17:43:27.824-0300] {dag.py:3954} INFO - Setting next_dagrun for example_dynamic_task_mapping to 2022-03-04 00:00:00+00:00, run_after=2022-03-05 00:00:00+00:00
[2024-06-14T17:43:27.849-0300] {processor.py:183} INFO - Processing /home/maira/projeto_indicium_engineering/venv/lib/python3.10/site-packages/airflow/example_dags/example_dynamic_task_mapping.py took 0.065 seconds
[2024-06-14T17:44:22.642-0300] {processor.py:161} INFO - Started process (PID=100927) to work on /home/maira/projeto_indicium_engineering/venv/lib/python3.10/site-packages/airflow/example_dags/example_dynamic_task_mapping.py
[2024-06-14T17:44:22.643-0300] {processor.py:830} INFO - Processing file /home/maira/projeto_indicium_engineering/venv/lib/python3.10/site-packages/airflow/example_dags/example_dynamic_task_mapping.py for tasks to queue
[2024-06-14T17:44:22.645-0300] {logging_mixin.py:188} INFO - [2024-06-14T17:44:22.644-0300] {dagbag.py:545} INFO - Filling up the DagBag from /home/maira/projeto_indicium_engineering/venv/lib/python3.10/site-packages/airflow/example_dags/example_dynamic_task_mapping.py
[2024-06-14T17:44:22.651-0300] {processor.py:840} INFO - DAG(s) 'example_dynamic_task_mapping' retrieved from /home/maira/projeto_indicium_engineering/venv/lib/python3.10/site-packages/airflow/example_dags/example_dynamic_task_mapping.py
[2024-06-14T17:44:22.666-0300] {logging_mixin.py:188} INFO - [2024-06-14T17:44:22.665-0300] {dag.py:3096} INFO - Sync 1 DAGs
[2024-06-14T17:44:22.683-0300] {logging_mixin.py:188} INFO - [2024-06-14T17:44:22.683-0300] {dag.py:3954} INFO - Setting next_dagrun for example_dynamic_task_mapping to 2022-03-04 00:00:00+00:00, run_after=2022-03-05 00:00:00+00:00
[2024-06-14T17:44:22.707-0300] {processor.py:183} INFO - Processing /home/maira/projeto_indicium_engineering/venv/lib/python3.10/site-packages/airflow/example_dags/example_dynamic_task_mapping.py took 0.070 seconds
[2024-06-14T17:45:22.279-0300] {processor.py:161} INFO - Started process (PID=101225) to work on /home/maira/projeto_indicium_engineering/venv/lib/python3.10/site-packages/airflow/example_dags/example_dynamic_task_mapping.py
[2024-06-14T17:45:22.281-0300] {processor.py:830} INFO - Processing file /home/maira/projeto_indicium_engineering/venv/lib/python3.10/site-packages/airflow/example_dags/example_dynamic_task_mapping.py for tasks to queue
[2024-06-14T17:45:22.282-0300] {logging_mixin.py:188} INFO - [2024-06-14T17:45:22.282-0300] {dagbag.py:545} INFO - Filling up the DagBag from /home/maira/projeto_indicium_engineering/venv/lib/python3.10/site-packages/airflow/example_dags/example_dynamic_task_mapping.py
[2024-06-14T17:45:22.287-0300] {processor.py:840} INFO - DAG(s) 'example_dynamic_task_mapping' retrieved from /home/maira/projeto_indicium_engineering/venv/lib/python3.10/site-packages/airflow/example_dags/example_dynamic_task_mapping.py
[2024-06-14T17:45:22.298-0300] {logging_mixin.py:188} INFO - [2024-06-14T17:45:22.298-0300] {dag.py:3096} INFO - Sync 1 DAGs
[2024-06-14T17:45:22.311-0300] {logging_mixin.py:188} INFO - [2024-06-14T17:45:22.311-0300] {dag.py:3954} INFO - Setting next_dagrun for example_dynamic_task_mapping to 2022-03-04 00:00:00+00:00, run_after=2022-03-05 00:00:00+00:00
[2024-06-14T17:45:22.333-0300] {processor.py:183} INFO - Processing /home/maira/projeto_indicium_engineering/venv/lib/python3.10/site-packages/airflow/example_dags/example_dynamic_task_mapping.py took 0.058 seconds
[2024-06-14T17:46:22.895-0300] {processor.py:161} INFO - Started process (PID=101525) to work on /home/maira/projeto_indicium_engineering/venv/lib/python3.10/site-packages/airflow/example_dags/example_dynamic_task_mapping.py
[2024-06-14T17:46:22.897-0300] {processor.py:830} INFO - Processing file /home/maira/projeto_indicium_engineering/venv/lib/python3.10/site-packages/airflow/example_dags/example_dynamic_task_mapping.py for tasks to queue
[2024-06-14T17:46:22.898-0300] {logging_mixin.py:188} INFO - [2024-06-14T17:46:22.898-0300] {dagbag.py:545} INFO - Filling up the DagBag from /home/maira/projeto_indicium_engineering/venv/lib/python3.10/site-packages/airflow/example_dags/example_dynamic_task_mapping.py
[2024-06-14T17:46:22.904-0300] {processor.py:840} INFO - DAG(s) 'example_dynamic_task_mapping' retrieved from /home/maira/projeto_indicium_engineering/venv/lib/python3.10/site-packages/airflow/example_dags/example_dynamic_task_mapping.py
[2024-06-14T17:46:22.915-0300] {logging_mixin.py:188} INFO - [2024-06-14T17:46:22.915-0300] {dag.py:3096} INFO - Sync 1 DAGs
[2024-06-14T17:46:22.928-0300] {logging_mixin.py:188} INFO - [2024-06-14T17:46:22.928-0300] {dag.py:3954} INFO - Setting next_dagrun for example_dynamic_task_mapping to 2022-03-04 00:00:00+00:00, run_after=2022-03-05 00:00:00+00:00
[2024-06-14T17:46:22.950-0300] {processor.py:183} INFO - Processing /home/maira/projeto_indicium_engineering/venv/lib/python3.10/site-packages/airflow/example_dags/example_dynamic_task_mapping.py took 0.060 seconds
[2024-06-14T17:47:22.900-0300] {processor.py:161} INFO - Started process (PID=101824) to work on /home/maira/projeto_indicium_engineering/venv/lib/python3.10/site-packages/airflow/example_dags/example_dynamic_task_mapping.py
[2024-06-14T17:47:22.902-0300] {processor.py:830} INFO - Processing file /home/maira/projeto_indicium_engineering/venv/lib/python3.10/site-packages/airflow/example_dags/example_dynamic_task_mapping.py for tasks to queue
[2024-06-14T17:47:22.903-0300] {logging_mixin.py:188} INFO - [2024-06-14T17:47:22.903-0300] {dagbag.py:545} INFO - Filling up the DagBag from /home/maira/projeto_indicium_engineering/venv/lib/python3.10/site-packages/airflow/example_dags/example_dynamic_task_mapping.py
[2024-06-14T17:47:22.910-0300] {processor.py:840} INFO - DAG(s) 'example_dynamic_task_mapping' retrieved from /home/maira/projeto_indicium_engineering/venv/lib/python3.10/site-packages/airflow/example_dags/example_dynamic_task_mapping.py
[2024-06-14T17:47:22.921-0300] {logging_mixin.py:188} INFO - [2024-06-14T17:47:22.921-0300] {dag.py:3096} INFO - Sync 1 DAGs
[2024-06-14T17:47:22.935-0300] {logging_mixin.py:188} INFO - [2024-06-14T17:47:22.935-0300] {dag.py:3954} INFO - Setting next_dagrun for example_dynamic_task_mapping to 2022-03-04 00:00:00+00:00, run_after=2022-03-05 00:00:00+00:00
[2024-06-14T17:47:22.958-0300] {processor.py:183} INFO - Processing /home/maira/projeto_indicium_engineering/venv/lib/python3.10/site-packages/airflow/example_dags/example_dynamic_task_mapping.py took 0.063 seconds
[2024-06-14T17:48:23.863-0300] {processor.py:161} INFO - Started process (PID=102124) to work on /home/maira/projeto_indicium_engineering/venv/lib/python3.10/site-packages/airflow/example_dags/example_dynamic_task_mapping.py
[2024-06-14T17:48:23.864-0300] {processor.py:830} INFO - Processing file /home/maira/projeto_indicium_engineering/venv/lib/python3.10/site-packages/airflow/example_dags/example_dynamic_task_mapping.py for tasks to queue
[2024-06-14T17:48:23.866-0300] {logging_mixin.py:188} INFO - [2024-06-14T17:48:23.866-0300] {dagbag.py:545} INFO - Filling up the DagBag from /home/maira/projeto_indicium_engineering/venv/lib/python3.10/site-packages/airflow/example_dags/example_dynamic_task_mapping.py
[2024-06-14T17:48:23.873-0300] {processor.py:840} INFO - DAG(s) 'example_dynamic_task_mapping' retrieved from /home/maira/projeto_indicium_engineering/venv/lib/python3.10/site-packages/airflow/example_dags/example_dynamic_task_mapping.py
[2024-06-14T17:48:23.885-0300] {logging_mixin.py:188} INFO - [2024-06-14T17:48:23.885-0300] {dag.py:3096} INFO - Sync 1 DAGs
[2024-06-14T17:48:23.900-0300] {logging_mixin.py:188} INFO - [2024-06-14T17:48:23.900-0300] {dag.py:3954} INFO - Setting next_dagrun for example_dynamic_task_mapping to 2022-03-04 00:00:00+00:00, run_after=2022-03-05 00:00:00+00:00
[2024-06-14T17:48:23.965-0300] {processor.py:183} INFO - Processing /home/maira/projeto_indicium_engineering/venv/lib/python3.10/site-packages/airflow/example_dags/example_dynamic_task_mapping.py took 0.108 seconds
[2024-06-14T17:49:27.399-0300] {processor.py:161} INFO - Started process (PID=102438) to work on /home/maira/projeto_indicium_engineering/venv/lib/python3.10/site-packages/airflow/example_dags/example_dynamic_task_mapping.py
[2024-06-14T17:49:27.401-0300] {processor.py:830} INFO - Processing file /home/maira/projeto_indicium_engineering/venv/lib/python3.10/site-packages/airflow/example_dags/example_dynamic_task_mapping.py for tasks to queue
[2024-06-14T17:49:27.402-0300] {logging_mixin.py:188} INFO - [2024-06-14T17:49:27.402-0300] {dagbag.py:545} INFO - Filling up the DagBag from /home/maira/projeto_indicium_engineering/venv/lib/python3.10/site-packages/airflow/example_dags/example_dynamic_task_mapping.py
[2024-06-14T17:49:27.408-0300] {processor.py:840} INFO - DAG(s) 'example_dynamic_task_mapping' retrieved from /home/maira/projeto_indicium_engineering/venv/lib/python3.10/site-packages/airflow/example_dags/example_dynamic_task_mapping.py
[2024-06-14T17:49:27.420-0300] {logging_mixin.py:188} INFO - [2024-06-14T17:49:27.420-0300] {dag.py:3096} INFO - Sync 1 DAGs
[2024-06-14T17:49:27.433-0300] {logging_mixin.py:188} INFO - [2024-06-14T17:49:27.433-0300] {dag.py:3954} INFO - Setting next_dagrun for example_dynamic_task_mapping to 2022-03-04 00:00:00+00:00, run_after=2022-03-05 00:00:00+00:00
[2024-06-14T17:49:27.459-0300] {processor.py:183} INFO - Processing /home/maira/projeto_indicium_engineering/venv/lib/python3.10/site-packages/airflow/example_dags/example_dynamic_task_mapping.py took 0.065 seconds
[2024-06-14T17:50:30.214-0300] {processor.py:161} INFO - Started process (PID=102748) to work on /home/maira/projeto_indicium_engineering/venv/lib/python3.10/site-packages/airflow/example_dags/example_dynamic_task_mapping.py
[2024-06-14T17:50:30.215-0300] {processor.py:830} INFO - Processing file /home/maira/projeto_indicium_engineering/venv/lib/python3.10/site-packages/airflow/example_dags/example_dynamic_task_mapping.py for tasks to queue
[2024-06-14T17:50:30.217-0300] {logging_mixin.py:188} INFO - [2024-06-14T17:50:30.216-0300] {dagbag.py:545} INFO - Filling up the DagBag from /home/maira/projeto_indicium_engineering/venv/lib/python3.10/site-packages/airflow/example_dags/example_dynamic_task_mapping.py
[2024-06-14T17:50:30.223-0300] {processor.py:840} INFO - DAG(s) 'example_dynamic_task_mapping' retrieved from /home/maira/projeto_indicium_engineering/venv/lib/python3.10/site-packages/airflow/example_dags/example_dynamic_task_mapping.py
[2024-06-14T17:50:30.235-0300] {logging_mixin.py:188} INFO - [2024-06-14T17:50:30.234-0300] {dag.py:3096} INFO - Sync 1 DAGs
[2024-06-14T17:50:30.250-0300] {logging_mixin.py:188} INFO - [2024-06-14T17:50:30.250-0300] {dag.py:3954} INFO - Setting next_dagrun for example_dynamic_task_mapping to 2022-03-04 00:00:00+00:00, run_after=2022-03-05 00:00:00+00:00
[2024-06-14T17:50:30.274-0300] {processor.py:183} INFO - Processing /home/maira/projeto_indicium_engineering/venv/lib/python3.10/site-packages/airflow/example_dags/example_dynamic_task_mapping.py took 0.065 seconds
[2024-06-14T20:51:29.489-0300] {processor.py:161} INFO - Started process (PID=103046) to work on /home/maira/projeto_indicium_engineering/venv/lib/python3.10/site-packages/airflow/example_dags/example_dynamic_task_mapping.py
[2024-06-14T20:51:29.514-0300] {processor.py:830} INFO - Processing file /home/maira/projeto_indicium_engineering/venv/lib/python3.10/site-packages/airflow/example_dags/example_dynamic_task_mapping.py for tasks to queue
[2024-06-14T20:51:29.520-0300] {logging_mixin.py:188} INFO - [2024-06-14T20:51:29.518-0300] {dagbag.py:545} INFO - Filling up the DagBag from /home/maira/projeto_indicium_engineering/venv/lib/python3.10/site-packages/airflow/example_dags/example_dynamic_task_mapping.py
[2024-06-14T20:51:29.616-0300] {processor.py:840} INFO - DAG(s) 'example_dynamic_task_mapping' retrieved from /home/maira/projeto_indicium_engineering/venv/lib/python3.10/site-packages/airflow/example_dags/example_dynamic_task_mapping.py
[2024-06-14T20:51:29.724-0300] {logging_mixin.py:188} INFO - [2024-06-14T20:51:29.724-0300] {dag.py:3096} INFO - Sync 1 DAGs
[2024-06-14T20:51:29.840-0300] {logging_mixin.py:188} INFO - [2024-06-14T20:51:29.839-0300] {dag.py:3954} INFO - Setting next_dagrun for example_dynamic_task_mapping to 2022-03-04 00:00:00+00:00, run_after=2022-03-05 00:00:00+00:00
[2024-06-14T20:51:30.059-0300] {processor.py:183} INFO - Processing /home/maira/projeto_indicium_engineering/venv/lib/python3.10/site-packages/airflow/example_dags/example_dynamic_task_mapping.py took 0.600 seconds
[2024-06-14T20:52:52.430-0300] {processor.py:161} INFO - Started process (PID=103810) to work on /home/maira/projeto_indicium_engineering/venv/lib/python3.10/site-packages/airflow/example_dags/example_dynamic_task_mapping.py
[2024-06-14T20:52:52.431-0300] {processor.py:830} INFO - Processing file /home/maira/projeto_indicium_engineering/venv/lib/python3.10/site-packages/airflow/example_dags/example_dynamic_task_mapping.py for tasks to queue
[2024-06-14T20:52:52.433-0300] {logging_mixin.py:188} INFO - [2024-06-14T20:52:52.432-0300] {dagbag.py:545} INFO - Filling up the DagBag from /home/maira/projeto_indicium_engineering/venv/lib/python3.10/site-packages/airflow/example_dags/example_dynamic_task_mapping.py
[2024-06-14T20:52:52.438-0300] {processor.py:840} INFO - DAG(s) 'example_dynamic_task_mapping' retrieved from /home/maira/projeto_indicium_engineering/venv/lib/python3.10/site-packages/airflow/example_dags/example_dynamic_task_mapping.py
[2024-06-14T20:52:52.449-0300] {logging_mixin.py:188} INFO - [2024-06-14T20:52:52.449-0300] {dag.py:3096} INFO - Sync 1 DAGs
[2024-06-14T20:52:52.463-0300] {logging_mixin.py:188} INFO - [2024-06-14T20:52:52.463-0300] {dag.py:3954} INFO - Setting next_dagrun for example_dynamic_task_mapping to 2022-03-04 00:00:00+00:00, run_after=2022-03-05 00:00:00+00:00
[2024-06-14T20:52:52.485-0300] {processor.py:183} INFO - Processing /home/maira/projeto_indicium_engineering/venv/lib/python3.10/site-packages/airflow/example_dags/example_dynamic_task_mapping.py took 0.059 seconds
[2024-06-14T20:53:46.337-0300] {processor.py:161} INFO - Started process (PID=104074) to work on /home/maira/projeto_indicium_engineering/venv/lib/python3.10/site-packages/airflow/example_dags/example_dynamic_task_mapping.py
[2024-06-14T20:53:46.338-0300] {processor.py:830} INFO - Processing file /home/maira/projeto_indicium_engineering/venv/lib/python3.10/site-packages/airflow/example_dags/example_dynamic_task_mapping.py for tasks to queue
[2024-06-14T20:53:46.339-0300] {logging_mixin.py:188} INFO - [2024-06-14T20:53:46.339-0300] {dagbag.py:545} INFO - Filling up the DagBag from /home/maira/projeto_indicium_engineering/venv/lib/python3.10/site-packages/airflow/example_dags/example_dynamic_task_mapping.py
[2024-06-14T20:53:46.344-0300] {processor.py:840} INFO - DAG(s) 'example_dynamic_task_mapping' retrieved from /home/maira/projeto_indicium_engineering/venv/lib/python3.10/site-packages/airflow/example_dags/example_dynamic_task_mapping.py
[2024-06-14T20:53:46.356-0300] {logging_mixin.py:188} INFO - [2024-06-14T20:53:46.355-0300] {dag.py:3096} INFO - Sync 1 DAGs
[2024-06-14T20:53:46.373-0300] {logging_mixin.py:188} INFO - [2024-06-14T20:53:46.373-0300] {dag.py:3954} INFO - Setting next_dagrun for example_dynamic_task_mapping to 2022-03-04 00:00:00+00:00, run_after=2022-03-05 00:00:00+00:00
[2024-06-14T20:53:46.401-0300] {processor.py:183} INFO - Processing /home/maira/projeto_indicium_engineering/venv/lib/python3.10/site-packages/airflow/example_dags/example_dynamic_task_mapping.py took 0.068 seconds
