[2024-06-14T16:30:52.699-0300] {processor.py:161} INFO - Started process (PID=86426) to work on /home/maira/projeto_indicium_engineering/venv/lib/python3.10/site-packages/airflow/example_dags/example_task_group_decorator.py
[2024-06-14T16:30:52.700-0300] {processor.py:830} INFO - Processing file /home/maira/projeto_indicium_engineering/venv/lib/python3.10/site-packages/airflow/example_dags/example_task_group_decorator.py for tasks to queue
[2024-06-14T16:30:52.701-0300] {logging_mixin.py:188} INFO - [2024-06-14T16:30:52.701-0300] {dagbag.py:545} INFO - Filling up the DagBag from /home/maira/projeto_indicium_engineering/venv/lib/python3.10/site-packages/airflow/example_dags/example_task_group_decorator.py
[2024-06-14T16:30:52.712-0300] {processor.py:840} INFO - DAG(s) 'example_task_group_decorator' retrieved from /home/maira/projeto_indicium_engineering/venv/lib/python3.10/site-packages/airflow/example_dags/example_task_group_decorator.py
[2024-06-14T16:30:52.826-0300] {logging_mixin.py:188} INFO - [2024-06-14T16:30:52.825-0300] {override.py:1829} INFO - Created Permission View: can edit on DAG:example_task_group_decorator
[2024-06-14T16:30:52.854-0300] {logging_mixin.py:188} INFO - [2024-06-14T16:30:52.854-0300] {override.py:1829} INFO - Created Permission View: can delete on DAG:example_task_group_decorator
[2024-06-14T16:30:52.881-0300] {logging_mixin.py:188} INFO - [2024-06-14T16:30:52.880-0300] {override.py:1829} INFO - Created Permission View: can read on DAG:example_task_group_decorator
[2024-06-14T16:30:52.881-0300] {logging_mixin.py:188} INFO - [2024-06-14T16:30:52.881-0300] {dag.py:3096} INFO - Sync 1 DAGs
[2024-06-14T16:30:52.891-0300] {logging_mixin.py:188} INFO - [2024-06-14T16:30:52.890-0300] {dag.py:3118} INFO - Creating ORM DAG for example_task_group_decorator
[2024-06-14T16:30:52.899-0300] {logging_mixin.py:188} INFO - [2024-06-14T16:30:52.899-0300] {dag.py:3954} INFO - Setting next_dagrun for example_task_group_decorator to 2024-06-13 00:00:00+00:00, run_after=2024-06-14 00:00:00+00:00
[2024-06-14T16:30:52.927-0300] {processor.py:183} INFO - Processing /home/maira/projeto_indicium_engineering/venv/lib/python3.10/site-packages/airflow/example_dags/example_task_group_decorator.py took 0.233 seconds
[2024-06-14T16:31:49.844-0300] {processor.py:161} INFO - Started process (PID=86701) to work on /home/maira/projeto_indicium_engineering/venv/lib/python3.10/site-packages/airflow/example_dags/example_task_group_decorator.py
[2024-06-14T16:31:49.848-0300] {processor.py:830} INFO - Processing file /home/maira/projeto_indicium_engineering/venv/lib/python3.10/site-packages/airflow/example_dags/example_task_group_decorator.py for tasks to queue
[2024-06-14T16:31:49.850-0300] {logging_mixin.py:188} INFO - [2024-06-14T16:31:49.850-0300] {dagbag.py:545} INFO - Filling up the DagBag from /home/maira/projeto_indicium_engineering/venv/lib/python3.10/site-packages/airflow/example_dags/example_task_group_decorator.py
[2024-06-14T16:31:49.860-0300] {processor.py:840} INFO - DAG(s) 'example_task_group_decorator' retrieved from /home/maira/projeto_indicium_engineering/venv/lib/python3.10/site-packages/airflow/example_dags/example_task_group_decorator.py
[2024-06-14T16:31:49.874-0300] {logging_mixin.py:188} INFO - [2024-06-14T16:31:49.873-0300] {dag.py:3096} INFO - Sync 1 DAGs
[2024-06-14T16:31:49.887-0300] {logging_mixin.py:188} INFO - [2024-06-14T16:31:49.887-0300] {dag.py:3954} INFO - Setting next_dagrun for example_task_group_decorator to 2024-06-13 00:00:00+00:00, run_after=2024-06-14 00:00:00+00:00
[2024-06-14T16:31:49.987-0300] {processor.py:183} INFO - Processing /home/maira/projeto_indicium_engineering/venv/lib/python3.10/site-packages/airflow/example_dags/example_task_group_decorator.py took 0.148 seconds
[2024-06-14T16:32:42.268-0300] {processor.py:161} INFO - Started process (PID=86958) to work on /home/maira/projeto_indicium_engineering/venv/lib/python3.10/site-packages/airflow/example_dags/example_task_group_decorator.py
[2024-06-14T16:32:42.273-0300] {processor.py:830} INFO - Processing file /home/maira/projeto_indicium_engineering/venv/lib/python3.10/site-packages/airflow/example_dags/example_task_group_decorator.py for tasks to queue
[2024-06-14T16:32:42.275-0300] {logging_mixin.py:188} INFO - [2024-06-14T16:32:42.275-0300] {dagbag.py:545} INFO - Filling up the DagBag from /home/maira/projeto_indicium_engineering/venv/lib/python3.10/site-packages/airflow/example_dags/example_task_group_decorator.py
[2024-06-14T16:32:42.285-0300] {processor.py:840} INFO - DAG(s) 'example_task_group_decorator' retrieved from /home/maira/projeto_indicium_engineering/venv/lib/python3.10/site-packages/airflow/example_dags/example_task_group_decorator.py
[2024-06-14T16:32:42.299-0300] {logging_mixin.py:188} INFO - [2024-06-14T16:32:42.299-0300] {dag.py:3096} INFO - Sync 1 DAGs
[2024-06-14T16:32:42.312-0300] {logging_mixin.py:188} INFO - [2024-06-14T16:32:42.312-0300] {dag.py:3954} INFO - Setting next_dagrun for example_task_group_decorator to 2024-06-13 00:00:00+00:00, run_after=2024-06-14 00:00:00+00:00
[2024-06-14T16:32:42.335-0300] {processor.py:183} INFO - Processing /home/maira/projeto_indicium_engineering/venv/lib/python3.10/site-packages/airflow/example_dags/example_task_group_decorator.py took 0.073 seconds
[2024-06-14T16:33:31.984-0300] {processor.py:161} INFO - Started process (PID=87202) to work on /home/maira/projeto_indicium_engineering/venv/lib/python3.10/site-packages/airflow/example_dags/example_task_group_decorator.py
[2024-06-14T16:33:31.985-0300] {processor.py:830} INFO - Processing file /home/maira/projeto_indicium_engineering/venv/lib/python3.10/site-packages/airflow/example_dags/example_task_group_decorator.py for tasks to queue
[2024-06-14T16:33:31.987-0300] {logging_mixin.py:188} INFO - [2024-06-14T16:33:31.986-0300] {dagbag.py:545} INFO - Filling up the DagBag from /home/maira/projeto_indicium_engineering/venv/lib/python3.10/site-packages/airflow/example_dags/example_task_group_decorator.py
[2024-06-14T16:33:32.000-0300] {processor.py:840} INFO - DAG(s) 'example_task_group_decorator' retrieved from /home/maira/projeto_indicium_engineering/venv/lib/python3.10/site-packages/airflow/example_dags/example_task_group_decorator.py
[2024-06-14T16:33:32.016-0300] {logging_mixin.py:188} INFO - [2024-06-14T16:33:32.016-0300] {dag.py:3096} INFO - Sync 1 DAGs
[2024-06-14T16:33:32.032-0300] {logging_mixin.py:188} INFO - [2024-06-14T16:33:32.032-0300] {dag.py:3954} INFO - Setting next_dagrun for example_task_group_decorator to 2024-06-13 00:00:00+00:00, run_after=2024-06-14 00:00:00+00:00
[2024-06-14T16:33:32.056-0300] {processor.py:183} INFO - Processing /home/maira/projeto_indicium_engineering/venv/lib/python3.10/site-packages/airflow/example_dags/example_task_group_decorator.py took 0.078 seconds
[2024-06-14T16:34:18.225-0300] {processor.py:161} INFO - Started process (PID=87429) to work on /home/maira/projeto_indicium_engineering/venv/lib/python3.10/site-packages/airflow/example_dags/example_task_group_decorator.py
[2024-06-14T16:34:18.231-0300] {processor.py:830} INFO - Processing file /home/maira/projeto_indicium_engineering/venv/lib/python3.10/site-packages/airflow/example_dags/example_task_group_decorator.py for tasks to queue
[2024-06-14T16:34:18.233-0300] {logging_mixin.py:188} INFO - [2024-06-14T16:34:18.232-0300] {dagbag.py:545} INFO - Filling up the DagBag from /home/maira/projeto_indicium_engineering/venv/lib/python3.10/site-packages/airflow/example_dags/example_task_group_decorator.py
[2024-06-14T16:34:18.243-0300] {processor.py:840} INFO - DAG(s) 'example_task_group_decorator' retrieved from /home/maira/projeto_indicium_engineering/venv/lib/python3.10/site-packages/airflow/example_dags/example_task_group_decorator.py
[2024-06-14T16:34:18.257-0300] {logging_mixin.py:188} INFO - [2024-06-14T16:34:18.257-0300] {dag.py:3096} INFO - Sync 1 DAGs
[2024-06-14T16:34:18.271-0300] {logging_mixin.py:188} INFO - [2024-06-14T16:34:18.271-0300] {dag.py:3954} INFO - Setting next_dagrun for example_task_group_decorator to 2024-06-13 00:00:00+00:00, run_after=2024-06-14 00:00:00+00:00
[2024-06-14T16:34:18.292-0300] {processor.py:183} INFO - Processing /home/maira/projeto_indicium_engineering/venv/lib/python3.10/site-packages/airflow/example_dags/example_task_group_decorator.py took 0.072 seconds
[2024-06-14T16:35:17.051-0300] {processor.py:161} INFO - Started process (PID=87724) to work on /home/maira/projeto_indicium_engineering/venv/lib/python3.10/site-packages/airflow/example_dags/example_task_group_decorator.py
[2024-06-14T16:35:17.055-0300] {processor.py:830} INFO - Processing file /home/maira/projeto_indicium_engineering/venv/lib/python3.10/site-packages/airflow/example_dags/example_task_group_decorator.py for tasks to queue
[2024-06-14T16:35:17.057-0300] {logging_mixin.py:188} INFO - [2024-06-14T16:35:17.057-0300] {dagbag.py:545} INFO - Filling up the DagBag from /home/maira/projeto_indicium_engineering/venv/lib/python3.10/site-packages/airflow/example_dags/example_task_group_decorator.py
[2024-06-14T16:35:17.067-0300] {processor.py:840} INFO - DAG(s) 'example_task_group_decorator' retrieved from /home/maira/projeto_indicium_engineering/venv/lib/python3.10/site-packages/airflow/example_dags/example_task_group_decorator.py
[2024-06-14T16:35:17.082-0300] {logging_mixin.py:188} INFO - [2024-06-14T16:35:17.082-0300] {dag.py:3096} INFO - Sync 1 DAGs
[2024-06-14T16:35:17.095-0300] {logging_mixin.py:188} INFO - [2024-06-14T16:35:17.095-0300] {dag.py:3954} INFO - Setting next_dagrun for example_task_group_decorator to 2024-06-13 00:00:00+00:00, run_after=2024-06-14 00:00:00+00:00
[2024-06-14T16:35:17.122-0300] {processor.py:183} INFO - Processing /home/maira/projeto_indicium_engineering/venv/lib/python3.10/site-packages/airflow/example_dags/example_task_group_decorator.py took 0.076 seconds
[2024-06-14T16:36:14.062-0300] {processor.py:161} INFO - Started process (PID=88007) to work on /home/maira/projeto_indicium_engineering/venv/lib/python3.10/site-packages/airflow/example_dags/example_task_group_decorator.py
[2024-06-14T16:36:14.064-0300] {processor.py:830} INFO - Processing file /home/maira/projeto_indicium_engineering/venv/lib/python3.10/site-packages/airflow/example_dags/example_task_group_decorator.py for tasks to queue
[2024-06-14T16:36:14.066-0300] {logging_mixin.py:188} INFO - [2024-06-14T16:36:14.065-0300] {dagbag.py:545} INFO - Filling up the DagBag from /home/maira/projeto_indicium_engineering/venv/lib/python3.10/site-packages/airflow/example_dags/example_task_group_decorator.py
[2024-06-14T16:36:14.077-0300] {processor.py:840} INFO - DAG(s) 'example_task_group_decorator' retrieved from /home/maira/projeto_indicium_engineering/venv/lib/python3.10/site-packages/airflow/example_dags/example_task_group_decorator.py
[2024-06-14T16:36:14.091-0300] {logging_mixin.py:188} INFO - [2024-06-14T16:36:14.091-0300] {dag.py:3096} INFO - Sync 1 DAGs
[2024-06-14T16:36:14.105-0300] {logging_mixin.py:188} INFO - [2024-06-14T16:36:14.105-0300] {dag.py:3954} INFO - Setting next_dagrun for example_task_group_decorator to 2024-06-13 00:00:00+00:00, run_after=2024-06-14 00:00:00+00:00
[2024-06-14T16:36:14.127-0300] {processor.py:183} INFO - Processing /home/maira/projeto_indicium_engineering/venv/lib/python3.10/site-packages/airflow/example_dags/example_task_group_decorator.py took 0.070 seconds
[2024-06-14T16:37:11.254-0300] {processor.py:161} INFO - Started process (PID=88292) to work on /home/maira/projeto_indicium_engineering/venv/lib/python3.10/site-packages/airflow/example_dags/example_task_group_decorator.py
[2024-06-14T16:37:11.256-0300] {processor.py:830} INFO - Processing file /home/maira/projeto_indicium_engineering/venv/lib/python3.10/site-packages/airflow/example_dags/example_task_group_decorator.py for tasks to queue
[2024-06-14T16:37:11.257-0300] {logging_mixin.py:188} INFO - [2024-06-14T16:37:11.257-0300] {dagbag.py:545} INFO - Filling up the DagBag from /home/maira/projeto_indicium_engineering/venv/lib/python3.10/site-packages/airflow/example_dags/example_task_group_decorator.py
[2024-06-14T16:37:11.267-0300] {processor.py:840} INFO - DAG(s) 'example_task_group_decorator' retrieved from /home/maira/projeto_indicium_engineering/venv/lib/python3.10/site-packages/airflow/example_dags/example_task_group_decorator.py
[2024-06-14T16:37:11.281-0300] {logging_mixin.py:188} INFO - [2024-06-14T16:37:11.281-0300] {dag.py:3096} INFO - Sync 1 DAGs
[2024-06-14T16:37:11.294-0300] {logging_mixin.py:188} INFO - [2024-06-14T16:37:11.294-0300] {dag.py:3954} INFO - Setting next_dagrun for example_task_group_decorator to 2024-06-13 00:00:00+00:00, run_after=2024-06-14 00:00:00+00:00
[2024-06-14T16:37:11.320-0300] {processor.py:183} INFO - Processing /home/maira/projeto_indicium_engineering/venv/lib/python3.10/site-packages/airflow/example_dags/example_task_group_decorator.py took 0.071 seconds
[2024-06-14T16:38:13.920-0300] {processor.py:161} INFO - Started process (PID=88601) to work on /home/maira/projeto_indicium_engineering/venv/lib/python3.10/site-packages/airflow/example_dags/example_task_group_decorator.py
[2024-06-14T16:38:13.924-0300] {processor.py:830} INFO - Processing file /home/maira/projeto_indicium_engineering/venv/lib/python3.10/site-packages/airflow/example_dags/example_task_group_decorator.py for tasks to queue
[2024-06-14T16:38:13.926-0300] {logging_mixin.py:188} INFO - [2024-06-14T16:38:13.926-0300] {dagbag.py:545} INFO - Filling up the DagBag from /home/maira/projeto_indicium_engineering/venv/lib/python3.10/site-packages/airflow/example_dags/example_task_group_decorator.py
[2024-06-14T16:38:13.937-0300] {processor.py:840} INFO - DAG(s) 'example_task_group_decorator' retrieved from /home/maira/projeto_indicium_engineering/venv/lib/python3.10/site-packages/airflow/example_dags/example_task_group_decorator.py
[2024-06-14T16:38:13.952-0300] {logging_mixin.py:188} INFO - [2024-06-14T16:38:13.951-0300] {dag.py:3096} INFO - Sync 1 DAGs
[2024-06-14T16:38:13.965-0300] {logging_mixin.py:188} INFO - [2024-06-14T16:38:13.965-0300] {dag.py:3954} INFO - Setting next_dagrun for example_task_group_decorator to 2024-06-13 00:00:00+00:00, run_after=2024-06-14 00:00:00+00:00
[2024-06-14T16:38:13.986-0300] {processor.py:183} INFO - Processing /home/maira/projeto_indicium_engineering/venv/lib/python3.10/site-packages/airflow/example_dags/example_task_group_decorator.py took 0.072 seconds
[2024-06-14T16:38:58.223-0300] {processor.py:161} INFO - Started process (PID=88820) to work on /home/maira/projeto_indicium_engineering/venv/lib/python3.10/site-packages/airflow/example_dags/example_task_group_decorator.py
[2024-06-14T16:38:58.224-0300] {processor.py:830} INFO - Processing file /home/maira/projeto_indicium_engineering/venv/lib/python3.10/site-packages/airflow/example_dags/example_task_group_decorator.py for tasks to queue
[2024-06-14T16:38:58.226-0300] {logging_mixin.py:188} INFO - [2024-06-14T16:38:58.225-0300] {dagbag.py:545} INFO - Filling up the DagBag from /home/maira/projeto_indicium_engineering/venv/lib/python3.10/site-packages/airflow/example_dags/example_task_group_decorator.py
[2024-06-14T16:38:58.238-0300] {processor.py:840} INFO - DAG(s) 'example_task_group_decorator' retrieved from /home/maira/projeto_indicium_engineering/venv/lib/python3.10/site-packages/airflow/example_dags/example_task_group_decorator.py
[2024-06-14T16:38:58.252-0300] {logging_mixin.py:188} INFO - [2024-06-14T16:38:58.252-0300] {dag.py:3096} INFO - Sync 1 DAGs
[2024-06-14T16:38:58.267-0300] {logging_mixin.py:188} INFO - [2024-06-14T16:38:58.266-0300] {dag.py:3954} INFO - Setting next_dagrun for example_task_group_decorator to 2024-06-13 00:00:00+00:00, run_after=2024-06-14 00:00:00+00:00
[2024-06-14T16:38:58.290-0300] {processor.py:183} INFO - Processing /home/maira/projeto_indicium_engineering/venv/lib/python3.10/site-packages/airflow/example_dags/example_task_group_decorator.py took 0.072 seconds
[2024-06-14T16:39:44.328-0300] {processor.py:161} INFO - Started process (PID=89045) to work on /home/maira/projeto_indicium_engineering/venv/lib/python3.10/site-packages/airflow/example_dags/example_task_group_decorator.py
[2024-06-14T16:39:44.332-0300] {processor.py:830} INFO - Processing file /home/maira/projeto_indicium_engineering/venv/lib/python3.10/site-packages/airflow/example_dags/example_task_group_decorator.py for tasks to queue
[2024-06-14T16:39:44.333-0300] {logging_mixin.py:188} INFO - [2024-06-14T16:39:44.333-0300] {dagbag.py:545} INFO - Filling up the DagBag from /home/maira/projeto_indicium_engineering/venv/lib/python3.10/site-packages/airflow/example_dags/example_task_group_decorator.py
[2024-06-14T16:39:44.343-0300] {processor.py:840} INFO - DAG(s) 'example_task_group_decorator' retrieved from /home/maira/projeto_indicium_engineering/venv/lib/python3.10/site-packages/airflow/example_dags/example_task_group_decorator.py
[2024-06-14T16:39:44.358-0300] {logging_mixin.py:188} INFO - [2024-06-14T16:39:44.358-0300] {dag.py:3096} INFO - Sync 1 DAGs
[2024-06-14T16:39:44.372-0300] {logging_mixin.py:188} INFO - [2024-06-14T16:39:44.372-0300] {dag.py:3954} INFO - Setting next_dagrun for example_task_group_decorator to 2024-06-13 00:00:00+00:00, run_after=2024-06-14 00:00:00+00:00
[2024-06-14T16:39:44.393-0300] {processor.py:183} INFO - Processing /home/maira/projeto_indicium_engineering/venv/lib/python3.10/site-packages/airflow/example_dags/example_task_group_decorator.py took 0.071 seconds
[2024-06-14T16:40:38.279-0300] {processor.py:161} INFO - Started process (PID=89315) to work on /home/maira/projeto_indicium_engineering/venv/lib/python3.10/site-packages/airflow/example_dags/example_task_group_decorator.py
[2024-06-14T16:40:38.284-0300] {processor.py:830} INFO - Processing file /home/maira/projeto_indicium_engineering/venv/lib/python3.10/site-packages/airflow/example_dags/example_task_group_decorator.py for tasks to queue
[2024-06-14T16:40:38.285-0300] {logging_mixin.py:188} INFO - [2024-06-14T16:40:38.285-0300] {dagbag.py:545} INFO - Filling up the DagBag from /home/maira/projeto_indicium_engineering/venv/lib/python3.10/site-packages/airflow/example_dags/example_task_group_decorator.py
[2024-06-14T16:40:38.295-0300] {processor.py:840} INFO - DAG(s) 'example_task_group_decorator' retrieved from /home/maira/projeto_indicium_engineering/venv/lib/python3.10/site-packages/airflow/example_dags/example_task_group_decorator.py
[2024-06-14T16:40:38.309-0300] {logging_mixin.py:188} INFO - [2024-06-14T16:40:38.309-0300] {dag.py:3096} INFO - Sync 1 DAGs
[2024-06-14T16:40:38.323-0300] {logging_mixin.py:188} INFO - [2024-06-14T16:40:38.323-0300] {dag.py:3954} INFO - Setting next_dagrun for example_task_group_decorator to 2024-06-13 00:00:00+00:00, run_after=2024-06-14 00:00:00+00:00
[2024-06-14T16:40:38.345-0300] {processor.py:183} INFO - Processing /home/maira/projeto_indicium_engineering/venv/lib/python3.10/site-packages/airflow/example_dags/example_task_group_decorator.py took 0.071 seconds
[2024-06-14T16:41:36.063-0300] {processor.py:161} INFO - Started process (PID=89602) to work on /home/maira/projeto_indicium_engineering/venv/lib/python3.10/site-packages/airflow/example_dags/example_task_group_decorator.py
[2024-06-14T16:41:36.064-0300] {processor.py:830} INFO - Processing file /home/maira/projeto_indicium_engineering/venv/lib/python3.10/site-packages/airflow/example_dags/example_task_group_decorator.py for tasks to queue
[2024-06-14T16:41:36.066-0300] {logging_mixin.py:188} INFO - [2024-06-14T16:41:36.065-0300] {dagbag.py:545} INFO - Filling up the DagBag from /home/maira/projeto_indicium_engineering/venv/lib/python3.10/site-packages/airflow/example_dags/example_task_group_decorator.py
[2024-06-14T16:41:36.077-0300] {processor.py:840} INFO - DAG(s) 'example_task_group_decorator' retrieved from /home/maira/projeto_indicium_engineering/venv/lib/python3.10/site-packages/airflow/example_dags/example_task_group_decorator.py
[2024-06-14T16:41:36.092-0300] {logging_mixin.py:188} INFO - [2024-06-14T16:41:36.091-0300] {dag.py:3096} INFO - Sync 1 DAGs
[2024-06-14T16:41:36.105-0300] {logging_mixin.py:188} INFO - [2024-06-14T16:41:36.105-0300] {dag.py:3954} INFO - Setting next_dagrun for example_task_group_decorator to 2024-06-13 00:00:00+00:00, run_after=2024-06-14 00:00:00+00:00
[2024-06-14T16:41:36.127-0300] {processor.py:183} INFO - Processing /home/maira/projeto_indicium_engineering/venv/lib/python3.10/site-packages/airflow/example_dags/example_task_group_decorator.py took 0.069 seconds
[2024-06-14T16:42:36.659-0300] {processor.py:161} INFO - Started process (PID=89902) to work on /home/maira/projeto_indicium_engineering/venv/lib/python3.10/site-packages/airflow/example_dags/example_task_group_decorator.py
[2024-06-14T16:42:36.664-0300] {processor.py:830} INFO - Processing file /home/maira/projeto_indicium_engineering/venv/lib/python3.10/site-packages/airflow/example_dags/example_task_group_decorator.py for tasks to queue
[2024-06-14T16:42:36.665-0300] {logging_mixin.py:188} INFO - [2024-06-14T16:42:36.665-0300] {dagbag.py:545} INFO - Filling up the DagBag from /home/maira/projeto_indicium_engineering/venv/lib/python3.10/site-packages/airflow/example_dags/example_task_group_decorator.py
[2024-06-14T16:42:36.674-0300] {processor.py:840} INFO - DAG(s) 'example_task_group_decorator' retrieved from /home/maira/projeto_indicium_engineering/venv/lib/python3.10/site-packages/airflow/example_dags/example_task_group_decorator.py
[2024-06-14T16:42:36.689-0300] {logging_mixin.py:188} INFO - [2024-06-14T16:42:36.689-0300] {dag.py:3096} INFO - Sync 1 DAGs
[2024-06-14T16:42:36.702-0300] {logging_mixin.py:188} INFO - [2024-06-14T16:42:36.702-0300] {dag.py:3954} INFO - Setting next_dagrun for example_task_group_decorator to 2024-06-13 00:00:00+00:00, run_after=2024-06-14 00:00:00+00:00
[2024-06-14T16:42:36.727-0300] {processor.py:183} INFO - Processing /home/maira/projeto_indicium_engineering/venv/lib/python3.10/site-packages/airflow/example_dags/example_task_group_decorator.py took 0.073 seconds
[2024-06-14T16:43:34.081-0300] {processor.py:161} INFO - Started process (PID=90188) to work on /home/maira/projeto_indicium_engineering/venv/lib/python3.10/site-packages/airflow/example_dags/example_task_group_decorator.py
[2024-06-14T16:43:34.083-0300] {processor.py:830} INFO - Processing file /home/maira/projeto_indicium_engineering/venv/lib/python3.10/site-packages/airflow/example_dags/example_task_group_decorator.py for tasks to queue
[2024-06-14T16:43:34.084-0300] {logging_mixin.py:188} INFO - [2024-06-14T16:43:34.084-0300] {dagbag.py:545} INFO - Filling up the DagBag from /home/maira/projeto_indicium_engineering/venv/lib/python3.10/site-packages/airflow/example_dags/example_task_group_decorator.py
[2024-06-14T16:43:34.099-0300] {processor.py:840} INFO - DAG(s) 'example_task_group_decorator' retrieved from /home/maira/projeto_indicium_engineering/venv/lib/python3.10/site-packages/airflow/example_dags/example_task_group_decorator.py
[2024-06-14T16:43:34.119-0300] {logging_mixin.py:188} INFO - [2024-06-14T16:43:34.119-0300] {dag.py:3096} INFO - Sync 1 DAGs
[2024-06-14T16:43:34.140-0300] {logging_mixin.py:188} INFO - [2024-06-14T16:43:34.140-0300] {dag.py:3954} INFO - Setting next_dagrun for example_task_group_decorator to 2024-06-13 00:00:00+00:00, run_after=2024-06-14 00:00:00+00:00
[2024-06-14T16:43:34.169-0300] {processor.py:183} INFO - Processing /home/maira/projeto_indicium_engineering/venv/lib/python3.10/site-packages/airflow/example_dags/example_task_group_decorator.py took 0.094 seconds
[2024-06-14T16:44:35.996-0300] {processor.py:161} INFO - Started process (PID=90494) to work on /home/maira/projeto_indicium_engineering/venv/lib/python3.10/site-packages/airflow/example_dags/example_task_group_decorator.py
[2024-06-14T16:44:35.998-0300] {processor.py:830} INFO - Processing file /home/maira/projeto_indicium_engineering/venv/lib/python3.10/site-packages/airflow/example_dags/example_task_group_decorator.py for tasks to queue
[2024-06-14T16:44:36.000-0300] {logging_mixin.py:188} INFO - [2024-06-14T16:44:35.999-0300] {dagbag.py:545} INFO - Filling up the DagBag from /home/maira/projeto_indicium_engineering/venv/lib/python3.10/site-packages/airflow/example_dags/example_task_group_decorator.py
[2024-06-14T16:44:36.010-0300] {processor.py:840} INFO - DAG(s) 'example_task_group_decorator' retrieved from /home/maira/projeto_indicium_engineering/venv/lib/python3.10/site-packages/airflow/example_dags/example_task_group_decorator.py
[2024-06-14T16:44:36.025-0300] {logging_mixin.py:188} INFO - [2024-06-14T16:44:36.024-0300] {dag.py:3096} INFO - Sync 1 DAGs
[2024-06-14T16:44:36.039-0300] {logging_mixin.py:188} INFO - [2024-06-14T16:44:36.039-0300] {dag.py:3954} INFO - Setting next_dagrun for example_task_group_decorator to 2024-06-13 00:00:00+00:00, run_after=2024-06-14 00:00:00+00:00
[2024-06-14T16:44:36.062-0300] {processor.py:183} INFO - Processing /home/maira/projeto_indicium_engineering/venv/lib/python3.10/site-packages/airflow/example_dags/example_task_group_decorator.py took 0.071 seconds
[2024-06-14T16:45:34.595-0300] {processor.py:161} INFO - Started process (PID=90788) to work on /home/maira/projeto_indicium_engineering/venv/lib/python3.10/site-packages/airflow/example_dags/example_task_group_decorator.py
[2024-06-14T16:45:34.597-0300] {processor.py:830} INFO - Processing file /home/maira/projeto_indicium_engineering/venv/lib/python3.10/site-packages/airflow/example_dags/example_task_group_decorator.py for tasks to queue
[2024-06-14T16:45:34.598-0300] {logging_mixin.py:188} INFO - [2024-06-14T16:45:34.598-0300] {dagbag.py:545} INFO - Filling up the DagBag from /home/maira/projeto_indicium_engineering/venv/lib/python3.10/site-packages/airflow/example_dags/example_task_group_decorator.py
[2024-06-14T16:45:34.608-0300] {processor.py:840} INFO - DAG(s) 'example_task_group_decorator' retrieved from /home/maira/projeto_indicium_engineering/venv/lib/python3.10/site-packages/airflow/example_dags/example_task_group_decorator.py
[2024-06-14T16:45:34.623-0300] {logging_mixin.py:188} INFO - [2024-06-14T16:45:34.623-0300] {dag.py:3096} INFO - Sync 1 DAGs
[2024-06-14T16:45:34.639-0300] {logging_mixin.py:188} INFO - [2024-06-14T16:45:34.639-0300] {dag.py:3954} INFO - Setting next_dagrun for example_task_group_decorator to 2024-06-13 00:00:00+00:00, run_after=2024-06-14 00:00:00+00:00
[2024-06-14T16:45:34.661-0300] {processor.py:183} INFO - Processing /home/maira/projeto_indicium_engineering/venv/lib/python3.10/site-packages/airflow/example_dags/example_task_group_decorator.py took 0.071 seconds
[2024-06-14T16:46:36.286-0300] {processor.py:161} INFO - Started process (PID=91092) to work on /home/maira/projeto_indicium_engineering/venv/lib/python3.10/site-packages/airflow/example_dags/example_task_group_decorator.py
[2024-06-14T16:46:36.289-0300] {processor.py:830} INFO - Processing file /home/maira/projeto_indicium_engineering/venv/lib/python3.10/site-packages/airflow/example_dags/example_task_group_decorator.py for tasks to queue
[2024-06-14T16:46:36.290-0300] {logging_mixin.py:188} INFO - [2024-06-14T16:46:36.290-0300] {dagbag.py:545} INFO - Filling up the DagBag from /home/maira/projeto_indicium_engineering/venv/lib/python3.10/site-packages/airflow/example_dags/example_task_group_decorator.py
[2024-06-14T16:46:36.300-0300] {processor.py:840} INFO - DAG(s) 'example_task_group_decorator' retrieved from /home/maira/projeto_indicium_engineering/venv/lib/python3.10/site-packages/airflow/example_dags/example_task_group_decorator.py
[2024-06-14T16:46:36.314-0300] {logging_mixin.py:188} INFO - [2024-06-14T16:46:36.314-0300] {dag.py:3096} INFO - Sync 1 DAGs
[2024-06-14T16:46:36.328-0300] {logging_mixin.py:188} INFO - [2024-06-14T16:46:36.328-0300] {dag.py:3954} INFO - Setting next_dagrun for example_task_group_decorator to 2024-06-13 00:00:00+00:00, run_after=2024-06-14 00:00:00+00:00
[2024-06-14T16:46:36.352-0300] {processor.py:183} INFO - Processing /home/maira/projeto_indicium_engineering/venv/lib/python3.10/site-packages/airflow/example_dags/example_task_group_decorator.py took 0.071 seconds
[2024-06-14T16:47:32.789-0300] {processor.py:161} INFO - Started process (PID=91374) to work on /home/maira/projeto_indicium_engineering/venv/lib/python3.10/site-packages/airflow/example_dags/example_task_group_decorator.py
[2024-06-14T16:47:32.791-0300] {processor.py:830} INFO - Processing file /home/maira/projeto_indicium_engineering/venv/lib/python3.10/site-packages/airflow/example_dags/example_task_group_decorator.py for tasks to queue
[2024-06-14T16:47:32.792-0300] {logging_mixin.py:188} INFO - [2024-06-14T16:47:32.792-0300] {dagbag.py:545} INFO - Filling up the DagBag from /home/maira/projeto_indicium_engineering/venv/lib/python3.10/site-packages/airflow/example_dags/example_task_group_decorator.py
[2024-06-14T16:47:32.802-0300] {processor.py:840} INFO - DAG(s) 'example_task_group_decorator' retrieved from /home/maira/projeto_indicium_engineering/venv/lib/python3.10/site-packages/airflow/example_dags/example_task_group_decorator.py
[2024-06-14T16:47:32.816-0300] {logging_mixin.py:188} INFO - [2024-06-14T16:47:32.816-0300] {dag.py:3096} INFO - Sync 1 DAGs
[2024-06-14T16:47:32.829-0300] {logging_mixin.py:188} INFO - [2024-06-14T16:47:32.829-0300] {dag.py:3954} INFO - Setting next_dagrun for example_task_group_decorator to 2024-06-13 00:00:00+00:00, run_after=2024-06-14 00:00:00+00:00
[2024-06-14T16:47:32.853-0300] {processor.py:183} INFO - Processing /home/maira/projeto_indicium_engineering/venv/lib/python3.10/site-packages/airflow/example_dags/example_task_group_decorator.py took 0.068 seconds
[2024-06-14T16:48:33.906-0300] {processor.py:161} INFO - Started process (PID=91675) to work on /home/maira/projeto_indicium_engineering/venv/lib/python3.10/site-packages/airflow/example_dags/example_task_group_decorator.py
[2024-06-14T16:48:33.908-0300] {processor.py:830} INFO - Processing file /home/maira/projeto_indicium_engineering/venv/lib/python3.10/site-packages/airflow/example_dags/example_task_group_decorator.py for tasks to queue
[2024-06-14T16:48:33.909-0300] {logging_mixin.py:188} INFO - [2024-06-14T16:48:33.909-0300] {dagbag.py:545} INFO - Filling up the DagBag from /home/maira/projeto_indicium_engineering/venv/lib/python3.10/site-packages/airflow/example_dags/example_task_group_decorator.py
[2024-06-14T16:48:33.920-0300] {processor.py:840} INFO - DAG(s) 'example_task_group_decorator' retrieved from /home/maira/projeto_indicium_engineering/venv/lib/python3.10/site-packages/airflow/example_dags/example_task_group_decorator.py
[2024-06-14T16:48:33.935-0300] {logging_mixin.py:188} INFO - [2024-06-14T16:48:33.935-0300] {dag.py:3096} INFO - Sync 1 DAGs
[2024-06-14T16:48:33.948-0300] {logging_mixin.py:188} INFO - [2024-06-14T16:48:33.948-0300] {dag.py:3954} INFO - Setting next_dagrun for example_task_group_decorator to 2024-06-13 00:00:00+00:00, run_after=2024-06-14 00:00:00+00:00
[2024-06-14T16:48:33.973-0300] {processor.py:183} INFO - Processing /home/maira/projeto_indicium_engineering/venv/lib/python3.10/site-packages/airflow/example_dags/example_task_group_decorator.py took 0.072 seconds
[2024-06-14T16:49:31.064-0300] {processor.py:161} INFO - Started process (PID=91959) to work on /home/maira/projeto_indicium_engineering/venv/lib/python3.10/site-packages/airflow/example_dags/example_task_group_decorator.py
[2024-06-14T16:49:31.066-0300] {processor.py:830} INFO - Processing file /home/maira/projeto_indicium_engineering/venv/lib/python3.10/site-packages/airflow/example_dags/example_task_group_decorator.py for tasks to queue
[2024-06-14T16:49:31.067-0300] {logging_mixin.py:188} INFO - [2024-06-14T16:49:31.067-0300] {dagbag.py:545} INFO - Filling up the DagBag from /home/maira/projeto_indicium_engineering/venv/lib/python3.10/site-packages/airflow/example_dags/example_task_group_decorator.py
[2024-06-14T16:49:31.078-0300] {processor.py:840} INFO - DAG(s) 'example_task_group_decorator' retrieved from /home/maira/projeto_indicium_engineering/venv/lib/python3.10/site-packages/airflow/example_dags/example_task_group_decorator.py
[2024-06-14T16:49:31.092-0300] {logging_mixin.py:188} INFO - [2024-06-14T16:49:31.092-0300] {dag.py:3096} INFO - Sync 1 DAGs
[2024-06-14T16:49:31.106-0300] {logging_mixin.py:188} INFO - [2024-06-14T16:49:31.105-0300] {dag.py:3954} INFO - Setting next_dagrun for example_task_group_decorator to 2024-06-13 00:00:00+00:00, run_after=2024-06-14 00:00:00+00:00
[2024-06-14T16:49:31.130-0300] {processor.py:183} INFO - Processing /home/maira/projeto_indicium_engineering/venv/lib/python3.10/site-packages/airflow/example_dags/example_task_group_decorator.py took 0.070 seconds
[2024-06-14T16:50:29.730-0300] {processor.py:161} INFO - Started process (PID=92251) to work on /home/maira/projeto_indicium_engineering/venv/lib/python3.10/site-packages/airflow/example_dags/example_task_group_decorator.py
[2024-06-14T16:50:29.732-0300] {processor.py:830} INFO - Processing file /home/maira/projeto_indicium_engineering/venv/lib/python3.10/site-packages/airflow/example_dags/example_task_group_decorator.py for tasks to queue
[2024-06-14T16:50:29.734-0300] {logging_mixin.py:188} INFO - [2024-06-14T16:50:29.733-0300] {dagbag.py:545} INFO - Filling up the DagBag from /home/maira/projeto_indicium_engineering/venv/lib/python3.10/site-packages/airflow/example_dags/example_task_group_decorator.py
[2024-06-14T16:50:29.743-0300] {processor.py:840} INFO - DAG(s) 'example_task_group_decorator' retrieved from /home/maira/projeto_indicium_engineering/venv/lib/python3.10/site-packages/airflow/example_dags/example_task_group_decorator.py
[2024-06-14T16:50:29.758-0300] {logging_mixin.py:188} INFO - [2024-06-14T16:50:29.758-0300] {dag.py:3096} INFO - Sync 1 DAGs
[2024-06-14T16:50:29.771-0300] {logging_mixin.py:188} INFO - [2024-06-14T16:50:29.771-0300] {dag.py:3954} INFO - Setting next_dagrun for example_task_group_decorator to 2024-06-13 00:00:00+00:00, run_after=2024-06-14 00:00:00+00:00
[2024-06-14T16:50:29.796-0300] {processor.py:183} INFO - Processing /home/maira/projeto_indicium_engineering/venv/lib/python3.10/site-packages/airflow/example_dags/example_task_group_decorator.py took 0.071 seconds
[2024-06-14T16:51:16.266-0300] {processor.py:161} INFO - Started process (PID=92476) to work on /home/maira/projeto_indicium_engineering/venv/lib/python3.10/site-packages/airflow/example_dags/example_task_group_decorator.py
[2024-06-14T16:51:16.268-0300] {processor.py:830} INFO - Processing file /home/maira/projeto_indicium_engineering/venv/lib/python3.10/site-packages/airflow/example_dags/example_task_group_decorator.py for tasks to queue
[2024-06-14T16:51:16.269-0300] {logging_mixin.py:188} INFO - [2024-06-14T16:51:16.269-0300] {dagbag.py:545} INFO - Filling up the DagBag from /home/maira/projeto_indicium_engineering/venv/lib/python3.10/site-packages/airflow/example_dags/example_task_group_decorator.py
[2024-06-14T16:51:16.280-0300] {processor.py:840} INFO - DAG(s) 'example_task_group_decorator' retrieved from /home/maira/projeto_indicium_engineering/venv/lib/python3.10/site-packages/airflow/example_dags/example_task_group_decorator.py
[2024-06-14T16:51:16.294-0300] {logging_mixin.py:188} INFO - [2024-06-14T16:51:16.294-0300] {dag.py:3096} INFO - Sync 1 DAGs
[2024-06-14T16:51:16.308-0300] {logging_mixin.py:188} INFO - [2024-06-14T16:51:16.308-0300] {dag.py:3954} INFO - Setting next_dagrun for example_task_group_decorator to 2024-06-13 00:00:00+00:00, run_after=2024-06-14 00:00:00+00:00
[2024-06-14T16:51:16.332-0300] {processor.py:183} INFO - Processing /home/maira/projeto_indicium_engineering/venv/lib/python3.10/site-packages/airflow/example_dags/example_task_group_decorator.py took 0.070 seconds
[2024-06-14T16:52:18.189-0300] {processor.py:161} INFO - Started process (PID=92782) to work on /home/maira/projeto_indicium_engineering/venv/lib/python3.10/site-packages/airflow/example_dags/example_task_group_decorator.py
[2024-06-14T16:52:18.190-0300] {processor.py:830} INFO - Processing file /home/maira/projeto_indicium_engineering/venv/lib/python3.10/site-packages/airflow/example_dags/example_task_group_decorator.py for tasks to queue
[2024-06-14T16:52:18.192-0300] {logging_mixin.py:188} INFO - [2024-06-14T16:52:18.191-0300] {dagbag.py:545} INFO - Filling up the DagBag from /home/maira/projeto_indicium_engineering/venv/lib/python3.10/site-packages/airflow/example_dags/example_task_group_decorator.py
[2024-06-14T16:52:18.204-0300] {processor.py:840} INFO - DAG(s) 'example_task_group_decorator' retrieved from /home/maira/projeto_indicium_engineering/venv/lib/python3.10/site-packages/airflow/example_dags/example_task_group_decorator.py
[2024-06-14T16:52:18.218-0300] {logging_mixin.py:188} INFO - [2024-06-14T16:52:18.218-0300] {dag.py:3096} INFO - Sync 1 DAGs
[2024-06-14T16:52:18.232-0300] {logging_mixin.py:188} INFO - [2024-06-14T16:52:18.231-0300] {dag.py:3954} INFO - Setting next_dagrun for example_task_group_decorator to 2024-06-13 00:00:00+00:00, run_after=2024-06-14 00:00:00+00:00
[2024-06-14T16:52:18.251-0300] {processor.py:183} INFO - Processing /home/maira/projeto_indicium_engineering/venv/lib/python3.10/site-packages/airflow/example_dags/example_task_group_decorator.py took 0.067 seconds
[2024-06-14T16:53:18.889-0300] {processor.py:161} INFO - Started process (PID=93083) to work on /home/maira/projeto_indicium_engineering/venv/lib/python3.10/site-packages/airflow/example_dags/example_task_group_decorator.py
[2024-06-14T16:53:18.891-0300] {processor.py:830} INFO - Processing file /home/maira/projeto_indicium_engineering/venv/lib/python3.10/site-packages/airflow/example_dags/example_task_group_decorator.py for tasks to queue
[2024-06-14T16:53:18.892-0300] {logging_mixin.py:188} INFO - [2024-06-14T16:53:18.892-0300] {dagbag.py:545} INFO - Filling up the DagBag from /home/maira/projeto_indicium_engineering/venv/lib/python3.10/site-packages/airflow/example_dags/example_task_group_decorator.py
[2024-06-14T16:53:18.904-0300] {processor.py:840} INFO - DAG(s) 'example_task_group_decorator' retrieved from /home/maira/projeto_indicium_engineering/venv/lib/python3.10/site-packages/airflow/example_dags/example_task_group_decorator.py
[2024-06-14T16:53:18.919-0300] {logging_mixin.py:188} INFO - [2024-06-14T16:53:18.918-0300] {dag.py:3096} INFO - Sync 1 DAGs
[2024-06-14T16:53:18.932-0300] {logging_mixin.py:188} INFO - [2024-06-14T16:53:18.932-0300] {dag.py:3954} INFO - Setting next_dagrun for example_task_group_decorator to 2024-06-13 00:00:00+00:00, run_after=2024-06-14 00:00:00+00:00
[2024-06-14T16:53:18.954-0300] {processor.py:183} INFO - Processing /home/maira/projeto_indicium_engineering/venv/lib/python3.10/site-packages/airflow/example_dags/example_task_group_decorator.py took 0.070 seconds
[2024-06-14T16:54:02.334-0300] {processor.py:161} INFO - Started process (PID=93299) to work on /home/maira/projeto_indicium_engineering/venv/lib/python3.10/site-packages/airflow/example_dags/example_task_group_decorator.py
[2024-06-14T16:54:02.338-0300] {processor.py:830} INFO - Processing file /home/maira/projeto_indicium_engineering/venv/lib/python3.10/site-packages/airflow/example_dags/example_task_group_decorator.py for tasks to queue
[2024-06-14T16:54:02.340-0300] {logging_mixin.py:188} INFO - [2024-06-14T16:54:02.340-0300] {dagbag.py:545} INFO - Filling up the DagBag from /home/maira/projeto_indicium_engineering/venv/lib/python3.10/site-packages/airflow/example_dags/example_task_group_decorator.py
[2024-06-14T16:54:02.350-0300] {processor.py:840} INFO - DAG(s) 'example_task_group_decorator' retrieved from /home/maira/projeto_indicium_engineering/venv/lib/python3.10/site-packages/airflow/example_dags/example_task_group_decorator.py
[2024-06-14T16:54:02.365-0300] {logging_mixin.py:188} INFO - [2024-06-14T16:54:02.365-0300] {dag.py:3096} INFO - Sync 1 DAGs
[2024-06-14T16:54:02.378-0300] {logging_mixin.py:188} INFO - [2024-06-14T16:54:02.378-0300] {dag.py:3954} INFO - Setting next_dagrun for example_task_group_decorator to 2024-06-13 00:00:00+00:00, run_after=2024-06-14 00:00:00+00:00
[2024-06-14T16:54:02.403-0300] {processor.py:183} INFO - Processing /home/maira/projeto_indicium_engineering/venv/lib/python3.10/site-packages/airflow/example_dags/example_task_group_decorator.py took 0.074 seconds
[2024-06-14T16:55:06.466-0300] {processor.py:161} INFO - Started process (PID=93617) to work on /home/maira/projeto_indicium_engineering/venv/lib/python3.10/site-packages/airflow/example_dags/example_task_group_decorator.py
[2024-06-14T16:55:06.468-0300] {processor.py:830} INFO - Processing file /home/maira/projeto_indicium_engineering/venv/lib/python3.10/site-packages/airflow/example_dags/example_task_group_decorator.py for tasks to queue
[2024-06-14T16:55:06.470-0300] {logging_mixin.py:188} INFO - [2024-06-14T16:55:06.469-0300] {dagbag.py:545} INFO - Filling up the DagBag from /home/maira/projeto_indicium_engineering/venv/lib/python3.10/site-packages/airflow/example_dags/example_task_group_decorator.py
[2024-06-14T16:55:06.481-0300] {processor.py:840} INFO - DAG(s) 'example_task_group_decorator' retrieved from /home/maira/projeto_indicium_engineering/venv/lib/python3.10/site-packages/airflow/example_dags/example_task_group_decorator.py
[2024-06-14T16:55:06.498-0300] {logging_mixin.py:188} INFO - [2024-06-14T16:55:06.498-0300] {dag.py:3096} INFO - Sync 1 DAGs
[2024-06-14T16:55:06.514-0300] {logging_mixin.py:188} INFO - [2024-06-14T16:55:06.513-0300] {dag.py:3954} INFO - Setting next_dagrun for example_task_group_decorator to 2024-06-13 00:00:00+00:00, run_after=2024-06-14 00:00:00+00:00
[2024-06-14T16:55:06.537-0300] {processor.py:183} INFO - Processing /home/maira/projeto_indicium_engineering/venv/lib/python3.10/site-packages/airflow/example_dags/example_task_group_decorator.py took 0.076 seconds
[2024-06-14T17:20:40.907-0300] {processor.py:161} INFO - Started process (PID=93882) to work on /home/maira/projeto_indicium_engineering/venv/lib/python3.10/site-packages/airflow/example_dags/example_task_group_decorator.py
[2024-06-14T17:20:40.909-0300] {processor.py:830} INFO - Processing file /home/maira/projeto_indicium_engineering/venv/lib/python3.10/site-packages/airflow/example_dags/example_task_group_decorator.py for tasks to queue
[2024-06-14T17:20:40.911-0300] {logging_mixin.py:188} INFO - [2024-06-14T17:20:40.911-0300] {dagbag.py:545} INFO - Filling up the DagBag from /home/maira/projeto_indicium_engineering/venv/lib/python3.10/site-packages/airflow/example_dags/example_task_group_decorator.py
[2024-06-14T17:20:40.923-0300] {processor.py:840} INFO - DAG(s) 'example_task_group_decorator' retrieved from /home/maira/projeto_indicium_engineering/venv/lib/python3.10/site-packages/airflow/example_dags/example_task_group_decorator.py
[2024-06-14T17:20:40.937-0300] {logging_mixin.py:188} INFO - [2024-06-14T17:20:40.937-0300] {dag.py:3096} INFO - Sync 1 DAGs
[2024-06-14T17:20:40.951-0300] {logging_mixin.py:188} INFO - [2024-06-14T17:20:40.950-0300] {dag.py:3954} INFO - Setting next_dagrun for example_task_group_decorator to 2024-06-13 00:00:00+00:00, run_after=2024-06-14 00:00:00+00:00
[2024-06-14T17:20:40.977-0300] {processor.py:183} INFO - Processing /home/maira/projeto_indicium_engineering/venv/lib/python3.10/site-packages/airflow/example_dags/example_task_group_decorator.py took 0.074 seconds
[2024-06-14T17:21:30.030-0300] {processor.py:161} INFO - Started process (PID=94127) to work on /home/maira/projeto_indicium_engineering/venv/lib/python3.10/site-packages/airflow/example_dags/example_task_group_decorator.py
[2024-06-14T17:21:30.032-0300] {processor.py:830} INFO - Processing file /home/maira/projeto_indicium_engineering/venv/lib/python3.10/site-packages/airflow/example_dags/example_task_group_decorator.py for tasks to queue
[2024-06-14T17:21:30.033-0300] {logging_mixin.py:188} INFO - [2024-06-14T17:21:30.033-0300] {dagbag.py:545} INFO - Filling up the DagBag from /home/maira/projeto_indicium_engineering/venv/lib/python3.10/site-packages/airflow/example_dags/example_task_group_decorator.py
[2024-06-14T17:21:30.045-0300] {processor.py:840} INFO - DAG(s) 'example_task_group_decorator' retrieved from /home/maira/projeto_indicium_engineering/venv/lib/python3.10/site-packages/airflow/example_dags/example_task_group_decorator.py
[2024-06-14T17:21:30.061-0300] {logging_mixin.py:188} INFO - [2024-06-14T17:21:30.060-0300] {dag.py:3096} INFO - Sync 1 DAGs
[2024-06-14T17:21:30.077-0300] {logging_mixin.py:188} INFO - [2024-06-14T17:21:30.076-0300] {dag.py:3954} INFO - Setting next_dagrun for example_task_group_decorator to 2024-06-13 00:00:00+00:00, run_after=2024-06-14 00:00:00+00:00
[2024-06-14T17:21:30.098-0300] {processor.py:183} INFO - Processing /home/maira/projeto_indicium_engineering/venv/lib/python3.10/site-packages/airflow/example_dags/example_task_group_decorator.py took 0.072 seconds
[2024-06-14T17:22:29.578-0300] {processor.py:161} INFO - Started process (PID=94421) to work on /home/maira/projeto_indicium_engineering/venv/lib/python3.10/site-packages/airflow/example_dags/example_task_group_decorator.py
[2024-06-14T17:22:29.580-0300] {processor.py:830} INFO - Processing file /home/maira/projeto_indicium_engineering/venv/lib/python3.10/site-packages/airflow/example_dags/example_task_group_decorator.py for tasks to queue
[2024-06-14T17:22:29.582-0300] {logging_mixin.py:188} INFO - [2024-06-14T17:22:29.581-0300] {dagbag.py:545} INFO - Filling up the DagBag from /home/maira/projeto_indicium_engineering/venv/lib/python3.10/site-packages/airflow/example_dags/example_task_group_decorator.py
[2024-06-14T17:22:29.593-0300] {processor.py:840} INFO - DAG(s) 'example_task_group_decorator' retrieved from /home/maira/projeto_indicium_engineering/venv/lib/python3.10/site-packages/airflow/example_dags/example_task_group_decorator.py
[2024-06-14T17:22:29.607-0300] {logging_mixin.py:188} INFO - [2024-06-14T17:22:29.607-0300] {dag.py:3096} INFO - Sync 1 DAGs
[2024-06-14T17:22:29.620-0300] {logging_mixin.py:188} INFO - [2024-06-14T17:22:29.620-0300] {dag.py:3954} INFO - Setting next_dagrun for example_task_group_decorator to 2024-06-13 00:00:00+00:00, run_after=2024-06-14 00:00:00+00:00
[2024-06-14T17:22:29.644-0300] {processor.py:183} INFO - Processing /home/maira/projeto_indicium_engineering/venv/lib/python3.10/site-packages/airflow/example_dags/example_task_group_decorator.py took 0.071 seconds
[2024-06-14T17:23:29.729-0300] {processor.py:161} INFO - Started process (PID=94719) to work on /home/maira/projeto_indicium_engineering/venv/lib/python3.10/site-packages/airflow/example_dags/example_task_group_decorator.py
[2024-06-14T17:23:29.731-0300] {processor.py:830} INFO - Processing file /home/maira/projeto_indicium_engineering/venv/lib/python3.10/site-packages/airflow/example_dags/example_task_group_decorator.py for tasks to queue
[2024-06-14T17:23:29.733-0300] {logging_mixin.py:188} INFO - [2024-06-14T17:23:29.733-0300] {dagbag.py:545} INFO - Filling up the DagBag from /home/maira/projeto_indicium_engineering/venv/lib/python3.10/site-packages/airflow/example_dags/example_task_group_decorator.py
[2024-06-14T17:23:29.745-0300] {processor.py:840} INFO - DAG(s) 'example_task_group_decorator' retrieved from /home/maira/projeto_indicium_engineering/venv/lib/python3.10/site-packages/airflow/example_dags/example_task_group_decorator.py
[2024-06-14T17:23:29.760-0300] {logging_mixin.py:188} INFO - [2024-06-14T17:23:29.760-0300] {dag.py:3096} INFO - Sync 1 DAGs
[2024-06-14T17:23:29.775-0300] {logging_mixin.py:188} INFO - [2024-06-14T17:23:29.774-0300] {dag.py:3954} INFO - Setting next_dagrun for example_task_group_decorator to 2024-06-13 00:00:00+00:00, run_after=2024-06-14 00:00:00+00:00
[2024-06-14T17:23:29.796-0300] {processor.py:183} INFO - Processing /home/maira/projeto_indicium_engineering/venv/lib/python3.10/site-packages/airflow/example_dags/example_task_group_decorator.py took 0.071 seconds
[2024-06-14T17:24:32.543-0300] {processor.py:161} INFO - Started process (PID=95029) to work on /home/maira/projeto_indicium_engineering/venv/lib/python3.10/site-packages/airflow/example_dags/example_task_group_decorator.py
[2024-06-14T17:24:32.544-0300] {processor.py:830} INFO - Processing file /home/maira/projeto_indicium_engineering/venv/lib/python3.10/site-packages/airflow/example_dags/example_task_group_decorator.py for tasks to queue
[2024-06-14T17:24:32.546-0300] {logging_mixin.py:188} INFO - [2024-06-14T17:24:32.545-0300] {dagbag.py:545} INFO - Filling up the DagBag from /home/maira/projeto_indicium_engineering/venv/lib/python3.10/site-packages/airflow/example_dags/example_task_group_decorator.py
[2024-06-14T17:24:32.556-0300] {processor.py:840} INFO - DAG(s) 'example_task_group_decorator' retrieved from /home/maira/projeto_indicium_engineering/venv/lib/python3.10/site-packages/airflow/example_dags/example_task_group_decorator.py
[2024-06-14T17:24:32.570-0300] {logging_mixin.py:188} INFO - [2024-06-14T17:24:32.570-0300] {dag.py:3096} INFO - Sync 1 DAGs
[2024-06-14T17:24:32.584-0300] {logging_mixin.py:188} INFO - [2024-06-14T17:24:32.583-0300] {dag.py:3954} INFO - Setting next_dagrun for example_task_group_decorator to 2024-06-13 00:00:00+00:00, run_after=2024-06-14 00:00:00+00:00
[2024-06-14T17:24:32.606-0300] {processor.py:183} INFO - Processing /home/maira/projeto_indicium_engineering/venv/lib/python3.10/site-packages/airflow/example_dags/example_task_group_decorator.py took 0.068 seconds
[2024-06-14T17:25:19.198-0300] {processor.py:161} INFO - Started process (PID=95257) to work on /home/maira/projeto_indicium_engineering/venv/lib/python3.10/site-packages/airflow/example_dags/example_task_group_decorator.py
[2024-06-14T17:25:19.202-0300] {processor.py:830} INFO - Processing file /home/maira/projeto_indicium_engineering/venv/lib/python3.10/site-packages/airflow/example_dags/example_task_group_decorator.py for tasks to queue
[2024-06-14T17:25:19.204-0300] {logging_mixin.py:188} INFO - [2024-06-14T17:25:19.204-0300] {dagbag.py:545} INFO - Filling up the DagBag from /home/maira/projeto_indicium_engineering/venv/lib/python3.10/site-packages/airflow/example_dags/example_task_group_decorator.py
[2024-06-14T17:25:19.215-0300] {processor.py:840} INFO - DAG(s) 'example_task_group_decorator' retrieved from /home/maira/projeto_indicium_engineering/venv/lib/python3.10/site-packages/airflow/example_dags/example_task_group_decorator.py
[2024-06-14T17:25:19.230-0300] {logging_mixin.py:188} INFO - [2024-06-14T17:25:19.230-0300] {dag.py:3096} INFO - Sync 1 DAGs
[2024-06-14T17:25:19.247-0300] {logging_mixin.py:188} INFO - [2024-06-14T17:25:19.246-0300] {dag.py:3954} INFO - Setting next_dagrun for example_task_group_decorator to 2024-06-13 00:00:00+00:00, run_after=2024-06-14 00:00:00+00:00
[2024-06-14T17:25:19.268-0300] {processor.py:183} INFO - Processing /home/maira/projeto_indicium_engineering/venv/lib/python3.10/site-packages/airflow/example_dags/example_task_group_decorator.py took 0.075 seconds
[2024-06-14T17:26:04.740-0300] {processor.py:161} INFO - Started process (PID=95483) to work on /home/maira/projeto_indicium_engineering/venv/lib/python3.10/site-packages/airflow/example_dags/example_task_group_decorator.py
[2024-06-14T17:26:04.742-0300] {processor.py:830} INFO - Processing file /home/maira/projeto_indicium_engineering/venv/lib/python3.10/site-packages/airflow/example_dags/example_task_group_decorator.py for tasks to queue
[2024-06-14T17:26:04.744-0300] {logging_mixin.py:188} INFO - [2024-06-14T17:26:04.744-0300] {dagbag.py:545} INFO - Filling up the DagBag from /home/maira/projeto_indicium_engineering/venv/lib/python3.10/site-packages/airflow/example_dags/example_task_group_decorator.py
[2024-06-14T17:26:04.756-0300] {processor.py:840} INFO - DAG(s) 'example_task_group_decorator' retrieved from /home/maira/projeto_indicium_engineering/venv/lib/python3.10/site-packages/airflow/example_dags/example_task_group_decorator.py
[2024-06-14T17:26:04.771-0300] {logging_mixin.py:188} INFO - [2024-06-14T17:26:04.771-0300] {dag.py:3096} INFO - Sync 1 DAGs
[2024-06-14T17:26:04.786-0300] {logging_mixin.py:188} INFO - [2024-06-14T17:26:04.786-0300] {dag.py:3954} INFO - Setting next_dagrun for example_task_group_decorator to 2024-06-13 00:00:00+00:00, run_after=2024-06-14 00:00:00+00:00
[2024-06-14T17:26:04.811-0300] {processor.py:183} INFO - Processing /home/maira/projeto_indicium_engineering/venv/lib/python3.10/site-packages/airflow/example_dags/example_task_group_decorator.py took 0.076 seconds
[2024-06-14T17:26:59.625-0300] {processor.py:161} INFO - Started process (PID=95756) to work on /home/maira/projeto_indicium_engineering/venv/lib/python3.10/site-packages/airflow/example_dags/example_task_group_decorator.py
[2024-06-14T17:26:59.627-0300] {processor.py:830} INFO - Processing file /home/maira/projeto_indicium_engineering/venv/lib/python3.10/site-packages/airflow/example_dags/example_task_group_decorator.py for tasks to queue
[2024-06-14T17:26:59.629-0300] {logging_mixin.py:188} INFO - [2024-06-14T17:26:59.629-0300] {dagbag.py:545} INFO - Filling up the DagBag from /home/maira/projeto_indicium_engineering/venv/lib/python3.10/site-packages/airflow/example_dags/example_task_group_decorator.py
[2024-06-14T17:26:59.641-0300] {processor.py:840} INFO - DAG(s) 'example_task_group_decorator' retrieved from /home/maira/projeto_indicium_engineering/venv/lib/python3.10/site-packages/airflow/example_dags/example_task_group_decorator.py
[2024-06-14T17:26:59.655-0300] {logging_mixin.py:188} INFO - [2024-06-14T17:26:59.655-0300] {dag.py:3096} INFO - Sync 1 DAGs
[2024-06-14T17:26:59.669-0300] {logging_mixin.py:188} INFO - [2024-06-14T17:26:59.668-0300] {dag.py:3954} INFO - Setting next_dagrun for example_task_group_decorator to 2024-06-13 00:00:00+00:00, run_after=2024-06-14 00:00:00+00:00
[2024-06-14T17:26:59.694-0300] {processor.py:183} INFO - Processing /home/maira/projeto_indicium_engineering/venv/lib/python3.10/site-packages/airflow/example_dags/example_task_group_decorator.py took 0.074 seconds
[2024-06-14T17:28:00.335-0300] {processor.py:161} INFO - Started process (PID=96055) to work on /home/maira/projeto_indicium_engineering/venv/lib/python3.10/site-packages/airflow/example_dags/example_task_group_decorator.py
[2024-06-14T17:28:00.337-0300] {processor.py:830} INFO - Processing file /home/maira/projeto_indicium_engineering/venv/lib/python3.10/site-packages/airflow/example_dags/example_task_group_decorator.py for tasks to queue
[2024-06-14T17:28:00.339-0300] {logging_mixin.py:188} INFO - [2024-06-14T17:28:00.339-0300] {dagbag.py:545} INFO - Filling up the DagBag from /home/maira/projeto_indicium_engineering/venv/lib/python3.10/site-packages/airflow/example_dags/example_task_group_decorator.py
[2024-06-14T17:28:00.351-0300] {processor.py:840} INFO - DAG(s) 'example_task_group_decorator' retrieved from /home/maira/projeto_indicium_engineering/venv/lib/python3.10/site-packages/airflow/example_dags/example_task_group_decorator.py
[2024-06-14T17:28:00.365-0300] {logging_mixin.py:188} INFO - [2024-06-14T17:28:00.365-0300] {dag.py:3096} INFO - Sync 1 DAGs
[2024-06-14T17:28:00.378-0300] {logging_mixin.py:188} INFO - [2024-06-14T17:28:00.378-0300] {dag.py:3954} INFO - Setting next_dagrun for example_task_group_decorator to 2024-06-13 00:00:00+00:00, run_after=2024-06-14 00:00:00+00:00
[2024-06-14T17:28:00.402-0300] {processor.py:183} INFO - Processing /home/maira/projeto_indicium_engineering/venv/lib/python3.10/site-packages/airflow/example_dags/example_task_group_decorator.py took 0.071 seconds
[2024-06-14T17:28:58.429-0300] {processor.py:161} INFO - Started process (PID=96344) to work on /home/maira/projeto_indicium_engineering/venv/lib/python3.10/site-packages/airflow/example_dags/example_task_group_decorator.py
[2024-06-14T17:28:58.430-0300] {processor.py:830} INFO - Processing file /home/maira/projeto_indicium_engineering/venv/lib/python3.10/site-packages/airflow/example_dags/example_task_group_decorator.py for tasks to queue
[2024-06-14T17:28:58.431-0300] {logging_mixin.py:188} INFO - [2024-06-14T17:28:58.431-0300] {dagbag.py:545} INFO - Filling up the DagBag from /home/maira/projeto_indicium_engineering/venv/lib/python3.10/site-packages/airflow/example_dags/example_task_group_decorator.py
[2024-06-14T17:28:58.442-0300] {processor.py:840} INFO - DAG(s) 'example_task_group_decorator' retrieved from /home/maira/projeto_indicium_engineering/venv/lib/python3.10/site-packages/airflow/example_dags/example_task_group_decorator.py
[2024-06-14T17:28:58.457-0300] {logging_mixin.py:188} INFO - [2024-06-14T17:28:58.456-0300] {dag.py:3096} INFO - Sync 1 DAGs
[2024-06-14T17:28:58.470-0300] {logging_mixin.py:188} INFO - [2024-06-14T17:28:58.470-0300] {dag.py:3954} INFO - Setting next_dagrun for example_task_group_decorator to 2024-06-13 00:00:00+00:00, run_after=2024-06-14 00:00:00+00:00
[2024-06-14T17:28:58.493-0300] {processor.py:183} INFO - Processing /home/maira/projeto_indicium_engineering/venv/lib/python3.10/site-packages/airflow/example_dags/example_task_group_decorator.py took 0.069 seconds
[2024-06-14T17:29:55.101-0300] {processor.py:161} INFO - Started process (PID=96625) to work on /home/maira/projeto_indicium_engineering/venv/lib/python3.10/site-packages/airflow/example_dags/example_task_group_decorator.py
[2024-06-14T17:29:55.104-0300] {processor.py:830} INFO - Processing file /home/maira/projeto_indicium_engineering/venv/lib/python3.10/site-packages/airflow/example_dags/example_task_group_decorator.py for tasks to queue
[2024-06-14T17:29:55.105-0300] {logging_mixin.py:188} INFO - [2024-06-14T17:29:55.105-0300] {dagbag.py:545} INFO - Filling up the DagBag from /home/maira/projeto_indicium_engineering/venv/lib/python3.10/site-packages/airflow/example_dags/example_task_group_decorator.py
[2024-06-14T17:29:55.115-0300] {processor.py:840} INFO - DAG(s) 'example_task_group_decorator' retrieved from /home/maira/projeto_indicium_engineering/venv/lib/python3.10/site-packages/airflow/example_dags/example_task_group_decorator.py
[2024-06-14T17:29:55.129-0300] {logging_mixin.py:188} INFO - [2024-06-14T17:29:55.129-0300] {dag.py:3096} INFO - Sync 1 DAGs
[2024-06-14T17:29:55.142-0300] {logging_mixin.py:188} INFO - [2024-06-14T17:29:55.142-0300] {dag.py:3954} INFO - Setting next_dagrun for example_task_group_decorator to 2024-06-13 00:00:00+00:00, run_after=2024-06-14 00:00:00+00:00
[2024-06-14T17:29:55.165-0300] {processor.py:183} INFO - Processing /home/maira/projeto_indicium_engineering/venv/lib/python3.10/site-packages/airflow/example_dags/example_task_group_decorator.py took 0.069 seconds
[2024-06-14T17:30:55.652-0300] {processor.py:161} INFO - Started process (PID=96927) to work on /home/maira/projeto_indicium_engineering/venv/lib/python3.10/site-packages/airflow/example_dags/example_task_group_decorator.py
[2024-06-14T17:30:55.654-0300] {processor.py:830} INFO - Processing file /home/maira/projeto_indicium_engineering/venv/lib/python3.10/site-packages/airflow/example_dags/example_task_group_decorator.py for tasks to queue
[2024-06-14T17:30:55.655-0300] {logging_mixin.py:188} INFO - [2024-06-14T17:30:55.655-0300] {dagbag.py:545} INFO - Filling up the DagBag from /home/maira/projeto_indicium_engineering/venv/lib/python3.10/site-packages/airflow/example_dags/example_task_group_decorator.py
[2024-06-14T17:30:55.665-0300] {processor.py:840} INFO - DAG(s) 'example_task_group_decorator' retrieved from /home/maira/projeto_indicium_engineering/venv/lib/python3.10/site-packages/airflow/example_dags/example_task_group_decorator.py
[2024-06-14T17:30:55.680-0300] {logging_mixin.py:188} INFO - [2024-06-14T17:30:55.679-0300] {dag.py:3096} INFO - Sync 1 DAGs
[2024-06-14T17:30:55.695-0300] {logging_mixin.py:188} INFO - [2024-06-14T17:30:55.694-0300] {dag.py:3954} INFO - Setting next_dagrun for example_task_group_decorator to 2024-06-13 00:00:00+00:00, run_after=2024-06-14 00:00:00+00:00
[2024-06-14T17:30:55.716-0300] {processor.py:183} INFO - Processing /home/maira/projeto_indicium_engineering/venv/lib/python3.10/site-packages/airflow/example_dags/example_task_group_decorator.py took 0.069 seconds
[2024-06-14T17:31:58.947-0300] {processor.py:161} INFO - Started process (PID=97238) to work on /home/maira/projeto_indicium_engineering/venv/lib/python3.10/site-packages/airflow/example_dags/example_task_group_decorator.py
[2024-06-14T17:31:58.950-0300] {processor.py:830} INFO - Processing file /home/maira/projeto_indicium_engineering/venv/lib/python3.10/site-packages/airflow/example_dags/example_task_group_decorator.py for tasks to queue
[2024-06-14T17:31:58.951-0300] {logging_mixin.py:188} INFO - [2024-06-14T17:31:58.951-0300] {dagbag.py:545} INFO - Filling up the DagBag from /home/maira/projeto_indicium_engineering/venv/lib/python3.10/site-packages/airflow/example_dags/example_task_group_decorator.py
[2024-06-14T17:31:58.961-0300] {processor.py:840} INFO - DAG(s) 'example_task_group_decorator' retrieved from /home/maira/projeto_indicium_engineering/venv/lib/python3.10/site-packages/airflow/example_dags/example_task_group_decorator.py
[2024-06-14T17:31:58.976-0300] {logging_mixin.py:188} INFO - [2024-06-14T17:31:58.976-0300] {dag.py:3096} INFO - Sync 1 DAGs
[2024-06-14T17:31:58.989-0300] {logging_mixin.py:188} INFO - [2024-06-14T17:31:58.989-0300] {dag.py:3954} INFO - Setting next_dagrun for example_task_group_decorator to 2024-06-13 00:00:00+00:00, run_after=2024-06-14 00:00:00+00:00
[2024-06-14T17:31:59.015-0300] {processor.py:183} INFO - Processing /home/maira/projeto_indicium_engineering/venv/lib/python3.10/site-packages/airflow/example_dags/example_task_group_decorator.py took 0.072 seconds
[2024-06-14T17:32:43.155-0300] {processor.py:161} INFO - Started process (PID=97455) to work on /home/maira/projeto_indicium_engineering/venv/lib/python3.10/site-packages/airflow/example_dags/example_task_group_decorator.py
[2024-06-14T17:32:43.157-0300] {processor.py:830} INFO - Processing file /home/maira/projeto_indicium_engineering/venv/lib/python3.10/site-packages/airflow/example_dags/example_task_group_decorator.py for tasks to queue
[2024-06-14T17:32:43.158-0300] {logging_mixin.py:188} INFO - [2024-06-14T17:32:43.158-0300] {dagbag.py:545} INFO - Filling up the DagBag from /home/maira/projeto_indicium_engineering/venv/lib/python3.10/site-packages/airflow/example_dags/example_task_group_decorator.py
[2024-06-14T17:32:43.169-0300] {processor.py:840} INFO - DAG(s) 'example_task_group_decorator' retrieved from /home/maira/projeto_indicium_engineering/venv/lib/python3.10/site-packages/airflow/example_dags/example_task_group_decorator.py
[2024-06-14T17:32:43.184-0300] {logging_mixin.py:188} INFO - [2024-06-14T17:32:43.183-0300] {dag.py:3096} INFO - Sync 1 DAGs
[2024-06-14T17:32:43.197-0300] {logging_mixin.py:188} INFO - [2024-06-14T17:32:43.197-0300] {dag.py:3954} INFO - Setting next_dagrun for example_task_group_decorator to 2024-06-13 00:00:00+00:00, run_after=2024-06-14 00:00:00+00:00
[2024-06-14T17:32:43.218-0300] {processor.py:183} INFO - Processing /home/maira/projeto_indicium_engineering/venv/lib/python3.10/site-packages/airflow/example_dags/example_task_group_decorator.py took 0.067 seconds
[2024-06-14T17:33:26.004-0300] {processor.py:161} INFO - Started process (PID=97666) to work on /home/maira/projeto_indicium_engineering/venv/lib/python3.10/site-packages/airflow/example_dags/example_task_group_decorator.py
[2024-06-14T17:33:26.008-0300] {processor.py:830} INFO - Processing file /home/maira/projeto_indicium_engineering/venv/lib/python3.10/site-packages/airflow/example_dags/example_task_group_decorator.py for tasks to queue
[2024-06-14T17:33:26.010-0300] {logging_mixin.py:188} INFO - [2024-06-14T17:33:26.009-0300] {dagbag.py:545} INFO - Filling up the DagBag from /home/maira/projeto_indicium_engineering/venv/lib/python3.10/site-packages/airflow/example_dags/example_task_group_decorator.py
[2024-06-14T17:33:26.020-0300] {processor.py:840} INFO - DAG(s) 'example_task_group_decorator' retrieved from /home/maira/projeto_indicium_engineering/venv/lib/python3.10/site-packages/airflow/example_dags/example_task_group_decorator.py
[2024-06-14T17:33:26.035-0300] {logging_mixin.py:188} INFO - [2024-06-14T17:33:26.035-0300] {dag.py:3096} INFO - Sync 1 DAGs
[2024-06-14T17:33:26.048-0300] {logging_mixin.py:188} INFO - [2024-06-14T17:33:26.048-0300] {dag.py:3954} INFO - Setting next_dagrun for example_task_group_decorator to 2024-06-13 00:00:00+00:00, run_after=2024-06-14 00:00:00+00:00
[2024-06-14T17:33:26.070-0300] {processor.py:183} INFO - Processing /home/maira/projeto_indicium_engineering/venv/lib/python3.10/site-packages/airflow/example_dags/example_task_group_decorator.py took 0.071 seconds
[2024-06-14T17:34:20.947-0300] {processor.py:161} INFO - Started process (PID=97941) to work on /home/maira/projeto_indicium_engineering/venv/lib/python3.10/site-packages/airflow/example_dags/example_task_group_decorator.py
[2024-06-14T17:34:20.949-0300] {processor.py:830} INFO - Processing file /home/maira/projeto_indicium_engineering/venv/lib/python3.10/site-packages/airflow/example_dags/example_task_group_decorator.py for tasks to queue
[2024-06-14T17:34:20.950-0300] {logging_mixin.py:188} INFO - [2024-06-14T17:34:20.950-0300] {dagbag.py:545} INFO - Filling up the DagBag from /home/maira/projeto_indicium_engineering/venv/lib/python3.10/site-packages/airflow/example_dags/example_task_group_decorator.py
[2024-06-14T17:34:20.962-0300] {processor.py:840} INFO - DAG(s) 'example_task_group_decorator' retrieved from /home/maira/projeto_indicium_engineering/venv/lib/python3.10/site-packages/airflow/example_dags/example_task_group_decorator.py
[2024-06-14T17:34:20.977-0300] {logging_mixin.py:188} INFO - [2024-06-14T17:34:20.976-0300] {dag.py:3096} INFO - Sync 1 DAGs
[2024-06-14T17:34:20.991-0300] {logging_mixin.py:188} INFO - [2024-06-14T17:34:20.990-0300] {dag.py:3954} INFO - Setting next_dagrun for example_task_group_decorator to 2024-06-13 00:00:00+00:00, run_after=2024-06-14 00:00:00+00:00
[2024-06-14T17:34:21.014-0300] {processor.py:183} INFO - Processing /home/maira/projeto_indicium_engineering/venv/lib/python3.10/site-packages/airflow/example_dags/example_task_group_decorator.py took 0.072 seconds
[2024-06-14T17:35:19.150-0300] {processor.py:161} INFO - Started process (PID=98233) to work on /home/maira/projeto_indicium_engineering/venv/lib/python3.10/site-packages/airflow/example_dags/example_task_group_decorator.py
[2024-06-14T17:35:19.155-0300] {processor.py:830} INFO - Processing file /home/maira/projeto_indicium_engineering/venv/lib/python3.10/site-packages/airflow/example_dags/example_task_group_decorator.py for tasks to queue
[2024-06-14T17:35:19.157-0300] {logging_mixin.py:188} INFO - [2024-06-14T17:35:19.156-0300] {dagbag.py:545} INFO - Filling up the DagBag from /home/maira/projeto_indicium_engineering/venv/lib/python3.10/site-packages/airflow/example_dags/example_task_group_decorator.py
[2024-06-14T17:35:19.167-0300] {processor.py:840} INFO - DAG(s) 'example_task_group_decorator' retrieved from /home/maira/projeto_indicium_engineering/venv/lib/python3.10/site-packages/airflow/example_dags/example_task_group_decorator.py
[2024-06-14T17:35:19.181-0300] {logging_mixin.py:188} INFO - [2024-06-14T17:35:19.181-0300] {dag.py:3096} INFO - Sync 1 DAGs
[2024-06-14T17:35:19.195-0300] {logging_mixin.py:188} INFO - [2024-06-14T17:35:19.195-0300] {dag.py:3954} INFO - Setting next_dagrun for example_task_group_decorator to 2024-06-13 00:00:00+00:00, run_after=2024-06-14 00:00:00+00:00
[2024-06-14T17:35:19.219-0300] {processor.py:183} INFO - Processing /home/maira/projeto_indicium_engineering/venv/lib/python3.10/site-packages/airflow/example_dags/example_task_group_decorator.py took 0.074 seconds
[2024-06-14T17:36:22.237-0300] {processor.py:161} INFO - Started process (PID=98543) to work on /home/maira/projeto_indicium_engineering/venv/lib/python3.10/site-packages/airflow/example_dags/example_task_group_decorator.py
[2024-06-14T17:36:22.239-0300] {processor.py:830} INFO - Processing file /home/maira/projeto_indicium_engineering/venv/lib/python3.10/site-packages/airflow/example_dags/example_task_group_decorator.py for tasks to queue
[2024-06-14T17:36:22.240-0300] {logging_mixin.py:188} INFO - [2024-06-14T17:36:22.240-0300] {dagbag.py:545} INFO - Filling up the DagBag from /home/maira/projeto_indicium_engineering/venv/lib/python3.10/site-packages/airflow/example_dags/example_task_group_decorator.py
[2024-06-14T17:36:22.251-0300] {processor.py:840} INFO - DAG(s) 'example_task_group_decorator' retrieved from /home/maira/projeto_indicium_engineering/venv/lib/python3.10/site-packages/airflow/example_dags/example_task_group_decorator.py
[2024-06-14T17:36:22.267-0300] {logging_mixin.py:188} INFO - [2024-06-14T17:36:22.266-0300] {dag.py:3096} INFO - Sync 1 DAGs
[2024-06-14T17:36:22.280-0300] {logging_mixin.py:188} INFO - [2024-06-14T17:36:22.280-0300] {dag.py:3954} INFO - Setting next_dagrun for example_task_group_decorator to 2024-06-13 00:00:00+00:00, run_after=2024-06-14 00:00:00+00:00
[2024-06-14T17:36:22.304-0300] {processor.py:183} INFO - Processing /home/maira/projeto_indicium_engineering/venv/lib/python3.10/site-packages/airflow/example_dags/example_task_group_decorator.py took 0.072 seconds
[2024-06-14T17:37:24.912-0300] {processor.py:161} INFO - Started process (PID=98853) to work on /home/maira/projeto_indicium_engineering/venv/lib/python3.10/site-packages/airflow/example_dags/example_task_group_decorator.py
[2024-06-14T17:37:24.914-0300] {processor.py:830} INFO - Processing file /home/maira/projeto_indicium_engineering/venv/lib/python3.10/site-packages/airflow/example_dags/example_task_group_decorator.py for tasks to queue
[2024-06-14T17:37:24.915-0300] {logging_mixin.py:188} INFO - [2024-06-14T17:37:24.915-0300] {dagbag.py:545} INFO - Filling up the DagBag from /home/maira/projeto_indicium_engineering/venv/lib/python3.10/site-packages/airflow/example_dags/example_task_group_decorator.py
[2024-06-14T17:37:24.926-0300] {processor.py:840} INFO - DAG(s) 'example_task_group_decorator' retrieved from /home/maira/projeto_indicium_engineering/venv/lib/python3.10/site-packages/airflow/example_dags/example_task_group_decorator.py
[2024-06-14T17:37:24.942-0300] {logging_mixin.py:188} INFO - [2024-06-14T17:37:24.942-0300] {dag.py:3096} INFO - Sync 1 DAGs
[2024-06-14T17:37:24.957-0300] {logging_mixin.py:188} INFO - [2024-06-14T17:37:24.956-0300] {dag.py:3954} INFO - Setting next_dagrun for example_task_group_decorator to 2024-06-13 00:00:00+00:00, run_after=2024-06-14 00:00:00+00:00
[2024-06-14T17:37:24.979-0300] {processor.py:183} INFO - Processing /home/maira/projeto_indicium_engineering/venv/lib/python3.10/site-packages/airflow/example_dags/example_task_group_decorator.py took 0.071 seconds
[2024-06-14T17:38:22.241-0300] {processor.py:161} INFO - Started process (PID=99139) to work on /home/maira/projeto_indicium_engineering/venv/lib/python3.10/site-packages/airflow/example_dags/example_task_group_decorator.py
[2024-06-14T17:38:22.243-0300] {processor.py:830} INFO - Processing file /home/maira/projeto_indicium_engineering/venv/lib/python3.10/site-packages/airflow/example_dags/example_task_group_decorator.py for tasks to queue
[2024-06-14T17:38:22.244-0300] {logging_mixin.py:188} INFO - [2024-06-14T17:38:22.244-0300] {dagbag.py:545} INFO - Filling up the DagBag from /home/maira/projeto_indicium_engineering/venv/lib/python3.10/site-packages/airflow/example_dags/example_task_group_decorator.py
[2024-06-14T17:38:22.256-0300] {processor.py:840} INFO - DAG(s) 'example_task_group_decorator' retrieved from /home/maira/projeto_indicium_engineering/venv/lib/python3.10/site-packages/airflow/example_dags/example_task_group_decorator.py
[2024-06-14T17:38:22.272-0300] {logging_mixin.py:188} INFO - [2024-06-14T17:38:22.271-0300] {dag.py:3096} INFO - Sync 1 DAGs
[2024-06-14T17:38:22.286-0300] {logging_mixin.py:188} INFO - [2024-06-14T17:38:22.285-0300] {dag.py:3954} INFO - Setting next_dagrun for example_task_group_decorator to 2024-06-13 00:00:00+00:00, run_after=2024-06-14 00:00:00+00:00
[2024-06-14T17:38:22.309-0300] {processor.py:183} INFO - Processing /home/maira/projeto_indicium_engineering/venv/lib/python3.10/site-packages/airflow/example_dags/example_task_group_decorator.py took 0.073 seconds
[2024-06-14T17:39:20.857-0300] {processor.py:161} INFO - Started process (PID=99430) to work on /home/maira/projeto_indicium_engineering/venv/lib/python3.10/site-packages/airflow/example_dags/example_task_group_decorator.py
[2024-06-14T17:39:20.859-0300] {processor.py:830} INFO - Processing file /home/maira/projeto_indicium_engineering/venv/lib/python3.10/site-packages/airflow/example_dags/example_task_group_decorator.py for tasks to queue
[2024-06-14T17:39:20.861-0300] {logging_mixin.py:188} INFO - [2024-06-14T17:39:20.861-0300] {dagbag.py:545} INFO - Filling up the DagBag from /home/maira/projeto_indicium_engineering/venv/lib/python3.10/site-packages/airflow/example_dags/example_task_group_decorator.py
[2024-06-14T17:39:20.870-0300] {processor.py:840} INFO - DAG(s) 'example_task_group_decorator' retrieved from /home/maira/projeto_indicium_engineering/venv/lib/python3.10/site-packages/airflow/example_dags/example_task_group_decorator.py
[2024-06-14T17:39:20.885-0300] {logging_mixin.py:188} INFO - [2024-06-14T17:39:20.885-0300] {dag.py:3096} INFO - Sync 1 DAGs
[2024-06-14T17:39:20.898-0300] {logging_mixin.py:188} INFO - [2024-06-14T17:39:20.898-0300] {dag.py:3954} INFO - Setting next_dagrun for example_task_group_decorator to 2024-06-13 00:00:00+00:00, run_after=2024-06-14 00:00:00+00:00
[2024-06-14T17:39:20.921-0300] {processor.py:183} INFO - Processing /home/maira/projeto_indicium_engineering/venv/lib/python3.10/site-packages/airflow/example_dags/example_task_group_decorator.py took 0.069 seconds
[2024-06-14T17:40:20.450-0300] {processor.py:161} INFO - Started process (PID=99726) to work on /home/maira/projeto_indicium_engineering/venv/lib/python3.10/site-packages/airflow/example_dags/example_task_group_decorator.py
[2024-06-14T17:40:20.451-0300] {processor.py:830} INFO - Processing file /home/maira/projeto_indicium_engineering/venv/lib/python3.10/site-packages/airflow/example_dags/example_task_group_decorator.py for tasks to queue
[2024-06-14T17:40:20.452-0300] {logging_mixin.py:188} INFO - [2024-06-14T17:40:20.452-0300] {dagbag.py:545} INFO - Filling up the DagBag from /home/maira/projeto_indicium_engineering/venv/lib/python3.10/site-packages/airflow/example_dags/example_task_group_decorator.py
[2024-06-14T17:40:20.462-0300] {processor.py:840} INFO - DAG(s) 'example_task_group_decorator' retrieved from /home/maira/projeto_indicium_engineering/venv/lib/python3.10/site-packages/airflow/example_dags/example_task_group_decorator.py
[2024-06-14T17:40:20.476-0300] {logging_mixin.py:188} INFO - [2024-06-14T17:40:20.476-0300] {dag.py:3096} INFO - Sync 1 DAGs
[2024-06-14T17:40:20.490-0300] {logging_mixin.py:188} INFO - [2024-06-14T17:40:20.489-0300] {dag.py:3954} INFO - Setting next_dagrun for example_task_group_decorator to 2024-06-13 00:00:00+00:00, run_after=2024-06-14 00:00:00+00:00
[2024-06-14T17:40:20.514-0300] {processor.py:183} INFO - Processing /home/maira/projeto_indicium_engineering/venv/lib/python3.10/site-packages/airflow/example_dags/example_task_group_decorator.py took 0.069 seconds
[2024-06-14T17:41:24.007-0300] {processor.py:161} INFO - Started process (PID=100038) to work on /home/maira/projeto_indicium_engineering/venv/lib/python3.10/site-packages/airflow/example_dags/example_task_group_decorator.py
[2024-06-14T17:41:24.009-0300] {processor.py:830} INFO - Processing file /home/maira/projeto_indicium_engineering/venv/lib/python3.10/site-packages/airflow/example_dags/example_task_group_decorator.py for tasks to queue
[2024-06-14T17:41:24.010-0300] {logging_mixin.py:188} INFO - [2024-06-14T17:41:24.010-0300] {dagbag.py:545} INFO - Filling up the DagBag from /home/maira/projeto_indicium_engineering/venv/lib/python3.10/site-packages/airflow/example_dags/example_task_group_decorator.py
[2024-06-14T17:41:24.022-0300] {processor.py:840} INFO - DAG(s) 'example_task_group_decorator' retrieved from /home/maira/projeto_indicium_engineering/venv/lib/python3.10/site-packages/airflow/example_dags/example_task_group_decorator.py
[2024-06-14T17:41:24.036-0300] {logging_mixin.py:188} INFO - [2024-06-14T17:41:24.036-0300] {dag.py:3096} INFO - Sync 1 DAGs
[2024-06-14T17:41:24.050-0300] {logging_mixin.py:188} INFO - [2024-06-14T17:41:24.050-0300] {dag.py:3954} INFO - Setting next_dagrun for example_task_group_decorator to 2024-06-13 00:00:00+00:00, run_after=2024-06-14 00:00:00+00:00
[2024-06-14T17:41:24.074-0300] {processor.py:183} INFO - Processing /home/maira/projeto_indicium_engineering/venv/lib/python3.10/site-packages/airflow/example_dags/example_task_group_decorator.py took 0.072 seconds
[2024-06-14T17:42:24.229-0300] {processor.py:161} INFO - Started process (PID=100337) to work on /home/maira/projeto_indicium_engineering/venv/lib/python3.10/site-packages/airflow/example_dags/example_task_group_decorator.py
[2024-06-14T17:42:24.231-0300] {processor.py:830} INFO - Processing file /home/maira/projeto_indicium_engineering/venv/lib/python3.10/site-packages/airflow/example_dags/example_task_group_decorator.py for tasks to queue
[2024-06-14T17:42:24.232-0300] {logging_mixin.py:188} INFO - [2024-06-14T17:42:24.232-0300] {dagbag.py:545} INFO - Filling up the DagBag from /home/maira/projeto_indicium_engineering/venv/lib/python3.10/site-packages/airflow/example_dags/example_task_group_decorator.py
[2024-06-14T17:42:24.244-0300] {processor.py:840} INFO - DAG(s) 'example_task_group_decorator' retrieved from /home/maira/projeto_indicium_engineering/venv/lib/python3.10/site-packages/airflow/example_dags/example_task_group_decorator.py
[2024-06-14T17:42:24.258-0300] {logging_mixin.py:188} INFO - [2024-06-14T17:42:24.258-0300] {dag.py:3096} INFO - Sync 1 DAGs
[2024-06-14T17:42:24.272-0300] {logging_mixin.py:188} INFO - [2024-06-14T17:42:24.272-0300] {dag.py:3954} INFO - Setting next_dagrun for example_task_group_decorator to 2024-06-13 00:00:00+00:00, run_after=2024-06-14 00:00:00+00:00
[2024-06-14T17:42:24.292-0300] {processor.py:183} INFO - Processing /home/maira/projeto_indicium_engineering/venv/lib/python3.10/site-packages/airflow/example_dags/example_task_group_decorator.py took 0.068 seconds
[2024-06-14T17:43:22.639-0300] {processor.py:161} INFO - Started process (PID=100628) to work on /home/maira/projeto_indicium_engineering/venv/lib/python3.10/site-packages/airflow/example_dags/example_task_group_decorator.py
[2024-06-14T17:43:22.641-0300] {processor.py:830} INFO - Processing file /home/maira/projeto_indicium_engineering/venv/lib/python3.10/site-packages/airflow/example_dags/example_task_group_decorator.py for tasks to queue
[2024-06-14T17:43:22.642-0300] {logging_mixin.py:188} INFO - [2024-06-14T17:43:22.642-0300] {dagbag.py:545} INFO - Filling up the DagBag from /home/maira/projeto_indicium_engineering/venv/lib/python3.10/site-packages/airflow/example_dags/example_task_group_decorator.py
[2024-06-14T17:43:22.654-0300] {processor.py:840} INFO - DAG(s) 'example_task_group_decorator' retrieved from /home/maira/projeto_indicium_engineering/venv/lib/python3.10/site-packages/airflow/example_dags/example_task_group_decorator.py
[2024-06-14T17:43:22.669-0300] {logging_mixin.py:188} INFO - [2024-06-14T17:43:22.669-0300] {dag.py:3096} INFO - Sync 1 DAGs
[2024-06-14T17:43:22.684-0300] {logging_mixin.py:188} INFO - [2024-06-14T17:43:22.684-0300] {dag.py:3954} INFO - Setting next_dagrun for example_task_group_decorator to 2024-06-13 00:00:00+00:00, run_after=2024-06-14 00:00:00+00:00
[2024-06-14T17:43:22.711-0300] {processor.py:183} INFO - Processing /home/maira/projeto_indicium_engineering/venv/lib/python3.10/site-packages/airflow/example_dags/example_task_group_decorator.py took 0.077 seconds
[2024-06-14T17:44:17.425-0300] {processor.py:161} INFO - Started process (PID=100902) to work on /home/maira/projeto_indicium_engineering/venv/lib/python3.10/site-packages/airflow/example_dags/example_task_group_decorator.py
[2024-06-14T17:44:17.426-0300] {processor.py:830} INFO - Processing file /home/maira/projeto_indicium_engineering/venv/lib/python3.10/site-packages/airflow/example_dags/example_task_group_decorator.py for tasks to queue
[2024-06-14T17:44:17.428-0300] {logging_mixin.py:188} INFO - [2024-06-14T17:44:17.427-0300] {dagbag.py:545} INFO - Filling up the DagBag from /home/maira/projeto_indicium_engineering/venv/lib/python3.10/site-packages/airflow/example_dags/example_task_group_decorator.py
[2024-06-14T17:44:17.439-0300] {processor.py:840} INFO - DAG(s) 'example_task_group_decorator' retrieved from /home/maira/projeto_indicium_engineering/venv/lib/python3.10/site-packages/airflow/example_dags/example_task_group_decorator.py
[2024-06-14T17:44:17.454-0300] {logging_mixin.py:188} INFO - [2024-06-14T17:44:17.453-0300] {dag.py:3096} INFO - Sync 1 DAGs
[2024-06-14T17:44:17.467-0300] {logging_mixin.py:188} INFO - [2024-06-14T17:44:17.467-0300] {dag.py:3954} INFO - Setting next_dagrun for example_task_group_decorator to 2024-06-13 00:00:00+00:00, run_after=2024-06-14 00:00:00+00:00
[2024-06-14T17:44:17.491-0300] {processor.py:183} INFO - Processing /home/maira/projeto_indicium_engineering/venv/lib/python3.10/site-packages/airflow/example_dags/example_task_group_decorator.py took 0.071 seconds
[2024-06-14T17:45:17.127-0300] {processor.py:161} INFO - Started process (PID=101200) to work on /home/maira/projeto_indicium_engineering/venv/lib/python3.10/site-packages/airflow/example_dags/example_task_group_decorator.py
[2024-06-14T17:45:17.132-0300] {processor.py:830} INFO - Processing file /home/maira/projeto_indicium_engineering/venv/lib/python3.10/site-packages/airflow/example_dags/example_task_group_decorator.py for tasks to queue
[2024-06-14T17:45:17.133-0300] {logging_mixin.py:188} INFO - [2024-06-14T17:45:17.133-0300] {dagbag.py:545} INFO - Filling up the DagBag from /home/maira/projeto_indicium_engineering/venv/lib/python3.10/site-packages/airflow/example_dags/example_task_group_decorator.py
[2024-06-14T17:45:17.143-0300] {processor.py:840} INFO - DAG(s) 'example_task_group_decorator' retrieved from /home/maira/projeto_indicium_engineering/venv/lib/python3.10/site-packages/airflow/example_dags/example_task_group_decorator.py
[2024-06-14T17:45:17.157-0300] {logging_mixin.py:188} INFO - [2024-06-14T17:45:17.157-0300] {dag.py:3096} INFO - Sync 1 DAGs
[2024-06-14T17:45:17.171-0300] {logging_mixin.py:188} INFO - [2024-06-14T17:45:17.171-0300] {dag.py:3954} INFO - Setting next_dagrun for example_task_group_decorator to 2024-06-13 00:00:00+00:00, run_after=2024-06-14 00:00:00+00:00
[2024-06-14T17:45:17.191-0300] {processor.py:183} INFO - Processing /home/maira/projeto_indicium_engineering/venv/lib/python3.10/site-packages/airflow/example_dags/example_task_group_decorator.py took 0.069 seconds
[2024-06-14T17:46:17.739-0300] {processor.py:161} INFO - Started process (PID=101500) to work on /home/maira/projeto_indicium_engineering/venv/lib/python3.10/site-packages/airflow/example_dags/example_task_group_decorator.py
[2024-06-14T17:46:17.740-0300] {processor.py:830} INFO - Processing file /home/maira/projeto_indicium_engineering/venv/lib/python3.10/site-packages/airflow/example_dags/example_task_group_decorator.py for tasks to queue
[2024-06-14T17:46:17.742-0300] {logging_mixin.py:188} INFO - [2024-06-14T17:46:17.742-0300] {dagbag.py:545} INFO - Filling up the DagBag from /home/maira/projeto_indicium_engineering/venv/lib/python3.10/site-packages/airflow/example_dags/example_task_group_decorator.py
[2024-06-14T17:46:17.754-0300] {processor.py:840} INFO - DAG(s) 'example_task_group_decorator' retrieved from /home/maira/projeto_indicium_engineering/venv/lib/python3.10/site-packages/airflow/example_dags/example_task_group_decorator.py
[2024-06-14T17:46:17.769-0300] {logging_mixin.py:188} INFO - [2024-06-14T17:46:17.769-0300] {dag.py:3096} INFO - Sync 1 DAGs
[2024-06-14T17:46:17.783-0300] {logging_mixin.py:188} INFO - [2024-06-14T17:46:17.783-0300] {dag.py:3954} INFO - Setting next_dagrun for example_task_group_decorator to 2024-06-13 00:00:00+00:00, run_after=2024-06-14 00:00:00+00:00
[2024-06-14T17:46:17.807-0300] {processor.py:183} INFO - Processing /home/maira/projeto_indicium_engineering/venv/lib/python3.10/site-packages/airflow/example_dags/example_task_group_decorator.py took 0.073 seconds
[2024-06-14T17:47:00.059-0300] {processor.py:161} INFO - Started process (PID=101710) to work on /home/maira/projeto_indicium_engineering/venv/lib/python3.10/site-packages/airflow/example_dags/example_task_group_decorator.py
[2024-06-14T17:47:00.060-0300] {processor.py:830} INFO - Processing file /home/maira/projeto_indicium_engineering/venv/lib/python3.10/site-packages/airflow/example_dags/example_task_group_decorator.py for tasks to queue
[2024-06-14T17:47:00.062-0300] {logging_mixin.py:188} INFO - [2024-06-14T17:47:00.062-0300] {dagbag.py:545} INFO - Filling up the DagBag from /home/maira/projeto_indicium_engineering/venv/lib/python3.10/site-packages/airflow/example_dags/example_task_group_decorator.py
[2024-06-14T17:47:00.072-0300] {processor.py:840} INFO - DAG(s) 'example_task_group_decorator' retrieved from /home/maira/projeto_indicium_engineering/venv/lib/python3.10/site-packages/airflow/example_dags/example_task_group_decorator.py
[2024-06-14T17:47:00.087-0300] {logging_mixin.py:188} INFO - [2024-06-14T17:47:00.086-0300] {dag.py:3096} INFO - Sync 1 DAGs
[2024-06-14T17:47:00.101-0300] {logging_mixin.py:188} INFO - [2024-06-14T17:47:00.101-0300] {dag.py:3954} INFO - Setting next_dagrun for example_task_group_decorator to 2024-06-13 00:00:00+00:00, run_after=2024-06-14 00:00:00+00:00
[2024-06-14T17:47:00.125-0300] {processor.py:183} INFO - Processing /home/maira/projeto_indicium_engineering/venv/lib/python3.10/site-packages/airflow/example_dags/example_task_group_decorator.py took 0.070 seconds
[2024-06-14T17:47:57.015-0300] {processor.py:161} INFO - Started process (PID=101992) to work on /home/maira/projeto_indicium_engineering/venv/lib/python3.10/site-packages/airflow/example_dags/example_task_group_decorator.py
[2024-06-14T17:47:57.016-0300] {processor.py:830} INFO - Processing file /home/maira/projeto_indicium_engineering/venv/lib/python3.10/site-packages/airflow/example_dags/example_task_group_decorator.py for tasks to queue
[2024-06-14T17:47:57.017-0300] {logging_mixin.py:188} INFO - [2024-06-14T17:47:57.017-0300] {dagbag.py:545} INFO - Filling up the DagBag from /home/maira/projeto_indicium_engineering/venv/lib/python3.10/site-packages/airflow/example_dags/example_task_group_decorator.py
[2024-06-14T17:47:57.028-0300] {processor.py:840} INFO - DAG(s) 'example_task_group_decorator' retrieved from /home/maira/projeto_indicium_engineering/venv/lib/python3.10/site-packages/airflow/example_dags/example_task_group_decorator.py
[2024-06-14T17:47:57.043-0300] {logging_mixin.py:188} INFO - [2024-06-14T17:47:57.042-0300] {dag.py:3096} INFO - Sync 1 DAGs
[2024-06-14T17:47:57.056-0300] {logging_mixin.py:188} INFO - [2024-06-14T17:47:57.055-0300] {dag.py:3954} INFO - Setting next_dagrun for example_task_group_decorator to 2024-06-13 00:00:00+00:00, run_after=2024-06-14 00:00:00+00:00
[2024-06-14T17:47:57.078-0300] {processor.py:183} INFO - Processing /home/maira/projeto_indicium_engineering/venv/lib/python3.10/site-packages/airflow/example_dags/example_task_group_decorator.py took 0.067 seconds
[2024-06-14T17:49:02.448-0300] {processor.py:161} INFO - Started process (PID=102314) to work on /home/maira/projeto_indicium_engineering/venv/lib/python3.10/site-packages/airflow/example_dags/example_task_group_decorator.py
[2024-06-14T17:49:02.450-0300] {processor.py:830} INFO - Processing file /home/maira/projeto_indicium_engineering/venv/lib/python3.10/site-packages/airflow/example_dags/example_task_group_decorator.py for tasks to queue
[2024-06-14T17:49:02.452-0300] {logging_mixin.py:188} INFO - [2024-06-14T17:49:02.452-0300] {dagbag.py:545} INFO - Filling up the DagBag from /home/maira/projeto_indicium_engineering/venv/lib/python3.10/site-packages/airflow/example_dags/example_task_group_decorator.py
[2024-06-14T17:49:02.463-0300] {processor.py:840} INFO - DAG(s) 'example_task_group_decorator' retrieved from /home/maira/projeto_indicium_engineering/venv/lib/python3.10/site-packages/airflow/example_dags/example_task_group_decorator.py
[2024-06-14T17:49:02.478-0300] {logging_mixin.py:188} INFO - [2024-06-14T17:49:02.478-0300] {dag.py:3096} INFO - Sync 1 DAGs
[2024-06-14T17:49:02.491-0300] {logging_mixin.py:188} INFO - [2024-06-14T17:49:02.491-0300] {dag.py:3954} INFO - Setting next_dagrun for example_task_group_decorator to 2024-06-13 00:00:00+00:00, run_after=2024-06-14 00:00:00+00:00
[2024-06-14T17:49:02.516-0300] {processor.py:183} INFO - Processing /home/maira/projeto_indicium_engineering/venv/lib/python3.10/site-packages/airflow/example_dags/example_task_group_decorator.py took 0.073 seconds
[2024-06-14T17:50:05.205-0300] {processor.py:161} INFO - Started process (PID=102626) to work on /home/maira/projeto_indicium_engineering/venv/lib/python3.10/site-packages/airflow/example_dags/example_task_group_decorator.py
[2024-06-14T17:50:05.206-0300] {processor.py:830} INFO - Processing file /home/maira/projeto_indicium_engineering/venv/lib/python3.10/site-packages/airflow/example_dags/example_task_group_decorator.py for tasks to queue
[2024-06-14T17:50:05.208-0300] {logging_mixin.py:188} INFO - [2024-06-14T17:50:05.207-0300] {dagbag.py:545} INFO - Filling up the DagBag from /home/maira/projeto_indicium_engineering/venv/lib/python3.10/site-packages/airflow/example_dags/example_task_group_decorator.py
[2024-06-14T17:50:05.221-0300] {processor.py:840} INFO - DAG(s) 'example_task_group_decorator' retrieved from /home/maira/projeto_indicium_engineering/venv/lib/python3.10/site-packages/airflow/example_dags/example_task_group_decorator.py
[2024-06-14T17:50:05.239-0300] {logging_mixin.py:188} INFO - [2024-06-14T17:50:05.239-0300] {dag.py:3096} INFO - Sync 1 DAGs
[2024-06-14T17:50:05.261-0300] {logging_mixin.py:188} INFO - [2024-06-14T17:50:05.261-0300] {dag.py:3954} INFO - Setting next_dagrun for example_task_group_decorator to 2024-06-13 00:00:00+00:00, run_after=2024-06-14 00:00:00+00:00
[2024-06-14T17:50:05.287-0300] {processor.py:183} INFO - Processing /home/maira/projeto_indicium_engineering/venv/lib/python3.10/site-packages/airflow/example_dags/example_task_group_decorator.py took 0.087 seconds
[2024-06-14T17:51:05.205-0300] {processor.py:161} INFO - Started process (PID=102922) to work on /home/maira/projeto_indicium_engineering/venv/lib/python3.10/site-packages/airflow/example_dags/example_task_group_decorator.py
[2024-06-14T17:51:05.207-0300] {processor.py:830} INFO - Processing file /home/maira/projeto_indicium_engineering/venv/lib/python3.10/site-packages/airflow/example_dags/example_task_group_decorator.py for tasks to queue
[2024-06-14T17:51:05.209-0300] {logging_mixin.py:188} INFO - [2024-06-14T17:51:05.209-0300] {dagbag.py:545} INFO - Filling up the DagBag from /home/maira/projeto_indicium_engineering/venv/lib/python3.10/site-packages/airflow/example_dags/example_task_group_decorator.py
[2024-06-14T17:51:05.221-0300] {processor.py:840} INFO - DAG(s) 'example_task_group_decorator' retrieved from /home/maira/projeto_indicium_engineering/venv/lib/python3.10/site-packages/airflow/example_dags/example_task_group_decorator.py
[2024-06-14T17:51:05.235-0300] {logging_mixin.py:188} INFO - [2024-06-14T17:51:05.235-0300] {dag.py:3096} INFO - Sync 1 DAGs
[2024-06-14T17:51:05.249-0300] {logging_mixin.py:188} INFO - [2024-06-14T17:51:05.249-0300] {dag.py:3954} INFO - Setting next_dagrun for example_task_group_decorator to 2024-06-13 00:00:00+00:00, run_after=2024-06-14 00:00:00+00:00
[2024-06-14T17:51:05.272-0300] {processor.py:183} INFO - Processing /home/maira/projeto_indicium_engineering/venv/lib/python3.10/site-packages/airflow/example_dags/example_task_group_decorator.py took 0.072 seconds
[2024-06-14T20:52:03.189-0300] {processor.py:161} INFO - Started process (PID=103576) to work on /home/maira/projeto_indicium_engineering/venv/lib/python3.10/site-packages/airflow/example_dags/example_task_group_decorator.py
[2024-06-14T20:52:03.191-0300] {processor.py:830} INFO - Processing file /home/maira/projeto_indicium_engineering/venv/lib/python3.10/site-packages/airflow/example_dags/example_task_group_decorator.py for tasks to queue
[2024-06-14T20:52:03.193-0300] {logging_mixin.py:188} INFO - [2024-06-14T20:52:03.192-0300] {dagbag.py:545} INFO - Filling up the DagBag from /home/maira/projeto_indicium_engineering/venv/lib/python3.10/site-packages/airflow/example_dags/example_task_group_decorator.py
[2024-06-14T20:52:03.207-0300] {processor.py:840} INFO - DAG(s) 'example_task_group_decorator' retrieved from /home/maira/projeto_indicium_engineering/venv/lib/python3.10/site-packages/airflow/example_dags/example_task_group_decorator.py
[2024-06-14T20:52:03.224-0300] {logging_mixin.py:188} INFO - [2024-06-14T20:52:03.224-0300] {dag.py:3096} INFO - Sync 1 DAGs
[2024-06-14T20:52:03.241-0300] {logging_mixin.py:188} INFO - [2024-06-14T20:52:03.240-0300] {dag.py:3954} INFO - Setting next_dagrun for example_task_group_decorator to 2024-06-13 00:00:00+00:00, run_after=2024-06-14 00:00:00+00:00
[2024-06-14T20:52:03.305-0300] {processor.py:183} INFO - Processing /home/maira/projeto_indicium_engineering/venv/lib/python3.10/site-packages/airflow/example_dags/example_task_group_decorator.py took 0.121 seconds
[2024-06-14T20:53:01.638-0300] {processor.py:161} INFO - Started process (PID=103855) to work on /home/maira/projeto_indicium_engineering/venv/lib/python3.10/site-packages/airflow/example_dags/example_task_group_decorator.py
[2024-06-14T20:53:01.640-0300] {processor.py:830} INFO - Processing file /home/maira/projeto_indicium_engineering/venv/lib/python3.10/site-packages/airflow/example_dags/example_task_group_decorator.py for tasks to queue
[2024-06-14T20:53:01.642-0300] {logging_mixin.py:188} INFO - [2024-06-14T20:53:01.641-0300] {dagbag.py:545} INFO - Filling up the DagBag from /home/maira/projeto_indicium_engineering/venv/lib/python3.10/site-packages/airflow/example_dags/example_task_group_decorator.py
[2024-06-14T20:53:01.654-0300] {processor.py:840} INFO - DAG(s) 'example_task_group_decorator' retrieved from /home/maira/projeto_indicium_engineering/venv/lib/python3.10/site-packages/airflow/example_dags/example_task_group_decorator.py
[2024-06-14T20:53:01.670-0300] {logging_mixin.py:188} INFO - [2024-06-14T20:53:01.669-0300] {dag.py:3096} INFO - Sync 1 DAGs
[2024-06-14T20:53:01.687-0300] {logging_mixin.py:188} INFO - [2024-06-14T20:53:01.687-0300] {dag.py:3954} INFO - Setting next_dagrun for example_task_group_decorator to 2024-06-13 00:00:00+00:00, run_after=2024-06-14 00:00:00+00:00
[2024-06-14T20:53:01.710-0300] {processor.py:183} INFO - Processing /home/maira/projeto_indicium_engineering/venv/lib/python3.10/site-packages/airflow/example_dags/example_task_group_decorator.py took 0.076 seconds
[2024-06-14T20:53:54.600-0300] {processor.py:161} INFO - Started process (PID=104115) to work on /home/maira/projeto_indicium_engineering/venv/lib/python3.10/site-packages/airflow/example_dags/example_task_group_decorator.py
[2024-06-14T20:53:54.603-0300] {processor.py:830} INFO - Processing file /home/maira/projeto_indicium_engineering/venv/lib/python3.10/site-packages/airflow/example_dags/example_task_group_decorator.py for tasks to queue
[2024-06-14T20:53:54.604-0300] {logging_mixin.py:188} INFO - [2024-06-14T20:53:54.604-0300] {dagbag.py:545} INFO - Filling up the DagBag from /home/maira/projeto_indicium_engineering/venv/lib/python3.10/site-packages/airflow/example_dags/example_task_group_decorator.py
[2024-06-14T20:53:54.614-0300] {processor.py:840} INFO - DAG(s) 'example_task_group_decorator' retrieved from /home/maira/projeto_indicium_engineering/venv/lib/python3.10/site-packages/airflow/example_dags/example_task_group_decorator.py
[2024-06-14T20:53:54.629-0300] {logging_mixin.py:188} INFO - [2024-06-14T20:53:54.628-0300] {dag.py:3096} INFO - Sync 1 DAGs
[2024-06-14T20:53:54.642-0300] {logging_mixin.py:188} INFO - [2024-06-14T20:53:54.642-0300] {dag.py:3954} INFO - Setting next_dagrun for example_task_group_decorator to 2024-06-13 00:00:00+00:00, run_after=2024-06-14 00:00:00+00:00
[2024-06-14T20:53:54.668-0300] {processor.py:183} INFO - Processing /home/maira/projeto_indicium_engineering/venv/lib/python3.10/site-packages/airflow/example_dags/example_task_group_decorator.py took 0.073 seconds
