[2024-06-14T16:31:12.680-0300] {processor.py:161} INFO - Started process (PID=86521) to work on /home/maira/projeto_indicium_engineering/venv/lib/python3.10/site-packages/airflow/example_dags/example_bash_operator.py
[2024-06-14T16:31:12.681-0300] {processor.py:830} INFO - Processing file /home/maira/projeto_indicium_engineering/venv/lib/python3.10/site-packages/airflow/example_dags/example_bash_operator.py for tasks to queue
[2024-06-14T16:31:12.682-0300] {logging_mixin.py:188} INFO - [2024-06-14T16:31:12.681-0300] {dagbag.py:545} INFO - Filling up the DagBag from /home/maira/projeto_indicium_engineering/venv/lib/python3.10/site-packages/airflow/example_dags/example_bash_operator.py
[2024-06-14T16:31:12.690-0300] {processor.py:840} INFO - DAG(s) 'example_bash_operator' retrieved from /home/maira/projeto_indicium_engineering/venv/lib/python3.10/site-packages/airflow/example_dags/example_bash_operator.py
[2024-06-14T16:31:12.772-0300] {logging_mixin.py:188} INFO - [2024-06-14T16:31:12.772-0300] {override.py:1829} INFO - Created Permission View: can edit on DAG:example_bash_operator
[2024-06-14T16:31:12.863-0300] {logging_mixin.py:188} INFO - [2024-06-14T16:31:12.862-0300] {override.py:1829} INFO - Created Permission View: can delete on DAG:example_bash_operator
[2024-06-14T16:31:12.875-0300] {logging_mixin.py:188} INFO - [2024-06-14T16:31:12.874-0300] {override.py:1829} INFO - Created Permission View: can read on DAG:example_bash_operator
[2024-06-14T16:31:12.875-0300] {logging_mixin.py:188} INFO - [2024-06-14T16:31:12.875-0300] {dag.py:3096} INFO - Sync 1 DAGs
[2024-06-14T16:31:12.882-0300] {logging_mixin.py:188} INFO - [2024-06-14T16:31:12.881-0300] {dag.py:3118} INFO - Creating ORM DAG for example_bash_operator
[2024-06-14T16:31:12.888-0300] {logging_mixin.py:188} INFO - [2024-06-14T16:31:12.888-0300] {dag.py:3954} INFO - Setting next_dagrun for example_bash_operator to 2024-06-13 00:00:00+00:00, run_after=2024-06-14 00:00:00+00:00
[2024-06-14T16:31:12.912-0300] {processor.py:183} INFO - Processing /home/maira/projeto_indicium_engineering/venv/lib/python3.10/site-packages/airflow/example_dags/example_bash_operator.py took 0.237 seconds
[2024-06-14T16:32:07.227-0300] {processor.py:161} INFO - Started process (PID=86787) to work on /home/maira/projeto_indicium_engineering/venv/lib/python3.10/site-packages/airflow/example_dags/example_bash_operator.py
[2024-06-14T16:32:07.229-0300] {processor.py:830} INFO - Processing file /home/maira/projeto_indicium_engineering/venv/lib/python3.10/site-packages/airflow/example_dags/example_bash_operator.py for tasks to queue
[2024-06-14T16:32:07.231-0300] {logging_mixin.py:188} INFO - [2024-06-14T16:32:07.231-0300] {dagbag.py:545} INFO - Filling up the DagBag from /home/maira/projeto_indicium_engineering/venv/lib/python3.10/site-packages/airflow/example_dags/example_bash_operator.py
[2024-06-14T16:32:07.239-0300] {processor.py:840} INFO - DAG(s) 'example_bash_operator' retrieved from /home/maira/projeto_indicium_engineering/venv/lib/python3.10/site-packages/airflow/example_dags/example_bash_operator.py
[2024-06-14T16:32:07.255-0300] {logging_mixin.py:188} INFO - [2024-06-14T16:32:07.255-0300] {dag.py:3096} INFO - Sync 1 DAGs
[2024-06-14T16:32:07.341-0300] {logging_mixin.py:188} INFO - [2024-06-14T16:32:07.341-0300] {dag.py:3954} INFO - Setting next_dagrun for example_bash_operator to 2024-06-13 00:00:00+00:00, run_after=2024-06-14 00:00:00+00:00
[2024-06-14T16:32:07.364-0300] {processor.py:183} INFO - Processing /home/maira/projeto_indicium_engineering/venv/lib/python3.10/site-packages/airflow/example_dags/example_bash_operator.py took 0.141 seconds
[2024-06-14T16:33:14.476-0300] {processor.py:161} INFO - Started process (PID=87115) to work on /home/maira/projeto_indicium_engineering/venv/lib/python3.10/site-packages/airflow/example_dags/example_bash_operator.py
[2024-06-14T16:33:14.478-0300] {processor.py:830} INFO - Processing file /home/maira/projeto_indicium_engineering/venv/lib/python3.10/site-packages/airflow/example_dags/example_bash_operator.py for tasks to queue
[2024-06-14T16:33:14.480-0300] {logging_mixin.py:188} INFO - [2024-06-14T16:33:14.480-0300] {dagbag.py:545} INFO - Filling up the DagBag from /home/maira/projeto_indicium_engineering/venv/lib/python3.10/site-packages/airflow/example_dags/example_bash_operator.py
[2024-06-14T16:33:14.492-0300] {processor.py:840} INFO - DAG(s) 'example_bash_operator' retrieved from /home/maira/projeto_indicium_engineering/venv/lib/python3.10/site-packages/airflow/example_dags/example_bash_operator.py
[2024-06-14T16:33:14.511-0300] {logging_mixin.py:188} INFO - [2024-06-14T16:33:14.511-0300] {dag.py:3096} INFO - Sync 1 DAGs
[2024-06-14T16:33:14.526-0300] {logging_mixin.py:188} INFO - [2024-06-14T16:33:14.526-0300] {dag.py:3954} INFO - Setting next_dagrun for example_bash_operator to 2024-06-13 00:00:00+00:00, run_after=2024-06-14 00:00:00+00:00
[2024-06-14T16:33:14.550-0300] {processor.py:183} INFO - Processing /home/maira/projeto_indicium_engineering/venv/lib/python3.10/site-packages/airflow/example_dags/example_bash_operator.py took 0.079 seconds
[2024-06-14T16:34:03.975-0300] {processor.py:161} INFO - Started process (PID=87360) to work on /home/maira/projeto_indicium_engineering/venv/lib/python3.10/site-packages/airflow/example_dags/example_bash_operator.py
[2024-06-14T16:34:03.977-0300] {processor.py:830} INFO - Processing file /home/maira/projeto_indicium_engineering/venv/lib/python3.10/site-packages/airflow/example_dags/example_bash_operator.py for tasks to queue
[2024-06-14T16:34:03.979-0300] {logging_mixin.py:188} INFO - [2024-06-14T16:34:03.979-0300] {dagbag.py:545} INFO - Filling up the DagBag from /home/maira/projeto_indicium_engineering/venv/lib/python3.10/site-packages/airflow/example_dags/example_bash_operator.py
[2024-06-14T16:34:03.988-0300] {processor.py:840} INFO - DAG(s) 'example_bash_operator' retrieved from /home/maira/projeto_indicium_engineering/venv/lib/python3.10/site-packages/airflow/example_dags/example_bash_operator.py
[2024-06-14T16:34:04.006-0300] {logging_mixin.py:188} INFO - [2024-06-14T16:34:04.005-0300] {dag.py:3096} INFO - Sync 1 DAGs
[2024-06-14T16:34:04.023-0300] {logging_mixin.py:188} INFO - [2024-06-14T16:34:04.022-0300] {dag.py:3954} INFO - Setting next_dagrun for example_bash_operator to 2024-06-13 00:00:00+00:00, run_after=2024-06-14 00:00:00+00:00
[2024-06-14T16:34:04.048-0300] {processor.py:183} INFO - Processing /home/maira/projeto_indicium_engineering/venv/lib/python3.10/site-packages/airflow/example_dags/example_bash_operator.py took 0.078 seconds
[2024-06-14T16:35:03.927-0300] {processor.py:161} INFO - Started process (PID=87659) to work on /home/maira/projeto_indicium_engineering/venv/lib/python3.10/site-packages/airflow/example_dags/example_bash_operator.py
[2024-06-14T16:35:03.929-0300] {processor.py:830} INFO - Processing file /home/maira/projeto_indicium_engineering/venv/lib/python3.10/site-packages/airflow/example_dags/example_bash_operator.py for tasks to queue
[2024-06-14T16:35:03.930-0300] {logging_mixin.py:188} INFO - [2024-06-14T16:35:03.930-0300] {dagbag.py:545} INFO - Filling up the DagBag from /home/maira/projeto_indicium_engineering/venv/lib/python3.10/site-packages/airflow/example_dags/example_bash_operator.py
[2024-06-14T16:35:03.943-0300] {processor.py:840} INFO - DAG(s) 'example_bash_operator' retrieved from /home/maira/projeto_indicium_engineering/venv/lib/python3.10/site-packages/airflow/example_dags/example_bash_operator.py
[2024-06-14T16:35:03.966-0300] {logging_mixin.py:188} INFO - [2024-06-14T16:35:03.966-0300] {dag.py:3096} INFO - Sync 1 DAGs
[2024-06-14T16:35:03.985-0300] {logging_mixin.py:188} INFO - [2024-06-14T16:35:03.984-0300] {dag.py:3954} INFO - Setting next_dagrun for example_bash_operator to 2024-06-13 00:00:00+00:00, run_after=2024-06-14 00:00:00+00:00
[2024-06-14T16:35:04.007-0300] {processor.py:183} INFO - Processing /home/maira/projeto_indicium_engineering/venv/lib/python3.10/site-packages/airflow/example_dags/example_bash_operator.py took 0.086 seconds
[2024-06-14T16:35:58.917-0300] {processor.py:161} INFO - Started process (PID=87934) to work on /home/maira/projeto_indicium_engineering/venv/lib/python3.10/site-packages/airflow/example_dags/example_bash_operator.py
[2024-06-14T16:35:58.922-0300] {processor.py:830} INFO - Processing file /home/maira/projeto_indicium_engineering/venv/lib/python3.10/site-packages/airflow/example_dags/example_bash_operator.py for tasks to queue
[2024-06-14T16:35:58.923-0300] {logging_mixin.py:188} INFO - [2024-06-14T16:35:58.923-0300] {dagbag.py:545} INFO - Filling up the DagBag from /home/maira/projeto_indicium_engineering/venv/lib/python3.10/site-packages/airflow/example_dags/example_bash_operator.py
[2024-06-14T16:35:58.931-0300] {processor.py:840} INFO - DAG(s) 'example_bash_operator' retrieved from /home/maira/projeto_indicium_engineering/venv/lib/python3.10/site-packages/airflow/example_dags/example_bash_operator.py
[2024-06-14T16:35:58.949-0300] {logging_mixin.py:188} INFO - [2024-06-14T16:35:58.948-0300] {dag.py:3096} INFO - Sync 1 DAGs
[2024-06-14T16:35:58.963-0300] {logging_mixin.py:188} INFO - [2024-06-14T16:35:58.962-0300] {dag.py:3954} INFO - Setting next_dagrun for example_bash_operator to 2024-06-13 00:00:00+00:00, run_after=2024-06-14 00:00:00+00:00
[2024-06-14T16:35:58.984-0300] {processor.py:183} INFO - Processing /home/maira/projeto_indicium_engineering/venv/lib/python3.10/site-packages/airflow/example_dags/example_bash_operator.py took 0.072 seconds
[2024-06-14T16:36:58.260-0300] {processor.py:161} INFO - Started process (PID=88229) to work on /home/maira/projeto_indicium_engineering/venv/lib/python3.10/site-packages/airflow/example_dags/example_bash_operator.py
[2024-06-14T16:36:58.262-0300] {processor.py:830} INFO - Processing file /home/maira/projeto_indicium_engineering/venv/lib/python3.10/site-packages/airflow/example_dags/example_bash_operator.py for tasks to queue
[2024-06-14T16:36:58.263-0300] {logging_mixin.py:188} INFO - [2024-06-14T16:36:58.263-0300] {dagbag.py:545} INFO - Filling up the DagBag from /home/maira/projeto_indicium_engineering/venv/lib/python3.10/site-packages/airflow/example_dags/example_bash_operator.py
[2024-06-14T16:36:58.273-0300] {processor.py:840} INFO - DAG(s) 'example_bash_operator' retrieved from /home/maira/projeto_indicium_engineering/venv/lib/python3.10/site-packages/airflow/example_dags/example_bash_operator.py
[2024-06-14T16:36:58.290-0300] {logging_mixin.py:188} INFO - [2024-06-14T16:36:58.290-0300] {dag.py:3096} INFO - Sync 1 DAGs
[2024-06-14T16:36:58.304-0300] {logging_mixin.py:188} INFO - [2024-06-14T16:36:58.303-0300] {dag.py:3954} INFO - Setting next_dagrun for example_bash_operator to 2024-06-13 00:00:00+00:00, run_after=2024-06-14 00:00:00+00:00
[2024-06-14T16:36:58.328-0300] {processor.py:183} INFO - Processing /home/maira/projeto_indicium_engineering/venv/lib/python3.10/site-packages/airflow/example_dags/example_bash_operator.py took 0.073 seconds
[2024-06-14T16:38:01.638-0300] {processor.py:161} INFO - Started process (PID=88540) to work on /home/maira/projeto_indicium_engineering/venv/lib/python3.10/site-packages/airflow/example_dags/example_bash_operator.py
[2024-06-14T16:38:01.640-0300] {processor.py:830} INFO - Processing file /home/maira/projeto_indicium_engineering/venv/lib/python3.10/site-packages/airflow/example_dags/example_bash_operator.py for tasks to queue
[2024-06-14T16:38:01.642-0300] {logging_mixin.py:188} INFO - [2024-06-14T16:38:01.642-0300] {dagbag.py:545} INFO - Filling up the DagBag from /home/maira/projeto_indicium_engineering/venv/lib/python3.10/site-packages/airflow/example_dags/example_bash_operator.py
[2024-06-14T16:38:01.650-0300] {processor.py:840} INFO - DAG(s) 'example_bash_operator' retrieved from /home/maira/projeto_indicium_engineering/venv/lib/python3.10/site-packages/airflow/example_dags/example_bash_operator.py
[2024-06-14T16:38:01.667-0300] {logging_mixin.py:188} INFO - [2024-06-14T16:38:01.666-0300] {dag.py:3096} INFO - Sync 1 DAGs
[2024-06-14T16:38:01.681-0300] {logging_mixin.py:188} INFO - [2024-06-14T16:38:01.680-0300] {dag.py:3954} INFO - Setting next_dagrun for example_bash_operator to 2024-06-13 00:00:00+00:00, run_after=2024-06-14 00:00:00+00:00
[2024-06-14T16:38:01.702-0300] {processor.py:183} INFO - Processing /home/maira/projeto_indicium_engineering/venv/lib/python3.10/site-packages/airflow/example_dags/example_bash_operator.py took 0.069 seconds
[2024-06-14T16:39:07.952-0300] {processor.py:161} INFO - Started process (PID=88867) to work on /home/maira/projeto_indicium_engineering/venv/lib/python3.10/site-packages/airflow/example_dags/example_bash_operator.py
[2024-06-14T16:39:07.953-0300] {processor.py:830} INFO - Processing file /home/maira/projeto_indicium_engineering/venv/lib/python3.10/site-packages/airflow/example_dags/example_bash_operator.py for tasks to queue
[2024-06-14T16:39:07.954-0300] {logging_mixin.py:188} INFO - [2024-06-14T16:39:07.954-0300] {dagbag.py:545} INFO - Filling up the DagBag from /home/maira/projeto_indicium_engineering/venv/lib/python3.10/site-packages/airflow/example_dags/example_bash_operator.py
[2024-06-14T16:39:07.963-0300] {processor.py:840} INFO - DAG(s) 'example_bash_operator' retrieved from /home/maira/projeto_indicium_engineering/venv/lib/python3.10/site-packages/airflow/example_dags/example_bash_operator.py
[2024-06-14T16:39:07.980-0300] {logging_mixin.py:188} INFO - [2024-06-14T16:39:07.980-0300] {dag.py:3096} INFO - Sync 1 DAGs
[2024-06-14T16:39:07.994-0300] {logging_mixin.py:188} INFO - [2024-06-14T16:39:07.994-0300] {dag.py:3954} INFO - Setting next_dagrun for example_bash_operator to 2024-06-13 00:00:00+00:00, run_after=2024-06-14 00:00:00+00:00
[2024-06-14T16:39:08.017-0300] {processor.py:183} INFO - Processing /home/maira/projeto_indicium_engineering/venv/lib/python3.10/site-packages/airflow/example_dags/example_bash_operator.py took 0.071 seconds
[2024-06-14T16:40:09.539-0300] {processor.py:161} INFO - Started process (PID=89171) to work on /home/maira/projeto_indicium_engineering/venv/lib/python3.10/site-packages/airflow/example_dags/example_bash_operator.py
[2024-06-14T16:40:09.544-0300] {processor.py:830} INFO - Processing file /home/maira/projeto_indicium_engineering/venv/lib/python3.10/site-packages/airflow/example_dags/example_bash_operator.py for tasks to queue
[2024-06-14T16:40:09.546-0300] {logging_mixin.py:188} INFO - [2024-06-14T16:40:09.545-0300] {dagbag.py:545} INFO - Filling up the DagBag from /home/maira/projeto_indicium_engineering/venv/lib/python3.10/site-packages/airflow/example_dags/example_bash_operator.py
[2024-06-14T16:40:09.555-0300] {processor.py:840} INFO - DAG(s) 'example_bash_operator' retrieved from /home/maira/projeto_indicium_engineering/venv/lib/python3.10/site-packages/airflow/example_dags/example_bash_operator.py
[2024-06-14T16:40:09.572-0300] {logging_mixin.py:188} INFO - [2024-06-14T16:40:09.571-0300] {dag.py:3096} INFO - Sync 1 DAGs
[2024-06-14T16:40:09.585-0300] {logging_mixin.py:188} INFO - [2024-06-14T16:40:09.585-0300] {dag.py:3954} INFO - Setting next_dagrun for example_bash_operator to 2024-06-13 00:00:00+00:00, run_after=2024-06-14 00:00:00+00:00
[2024-06-14T16:40:09.607-0300] {processor.py:183} INFO - Processing /home/maira/projeto_indicium_engineering/venv/lib/python3.10/site-packages/airflow/example_dags/example_bash_operator.py took 0.073 seconds
[2024-06-14T16:41:01.974-0300] {processor.py:161} INFO - Started process (PID=89434) to work on /home/maira/projeto_indicium_engineering/venv/lib/python3.10/site-packages/airflow/example_dags/example_bash_operator.py
[2024-06-14T16:41:01.976-0300] {processor.py:830} INFO - Processing file /home/maira/projeto_indicium_engineering/venv/lib/python3.10/site-packages/airflow/example_dags/example_bash_operator.py for tasks to queue
[2024-06-14T16:41:01.978-0300] {logging_mixin.py:188} INFO - [2024-06-14T16:41:01.978-0300] {dagbag.py:545} INFO - Filling up the DagBag from /home/maira/projeto_indicium_engineering/venv/lib/python3.10/site-packages/airflow/example_dags/example_bash_operator.py
[2024-06-14T16:41:01.986-0300] {processor.py:840} INFO - DAG(s) 'example_bash_operator' retrieved from /home/maira/projeto_indicium_engineering/venv/lib/python3.10/site-packages/airflow/example_dags/example_bash_operator.py
[2024-06-14T16:41:02.003-0300] {logging_mixin.py:188} INFO - [2024-06-14T16:41:02.003-0300] {dag.py:3096} INFO - Sync 1 DAGs
[2024-06-14T16:41:02.020-0300] {logging_mixin.py:188} INFO - [2024-06-14T16:41:02.019-0300] {dag.py:3954} INFO - Setting next_dagrun for example_bash_operator to 2024-06-13 00:00:00+00:00, run_after=2024-06-14 00:00:00+00:00
[2024-06-14T16:41:02.045-0300] {processor.py:183} INFO - Processing /home/maira/projeto_indicium_engineering/venv/lib/python3.10/site-packages/airflow/example_dags/example_bash_operator.py took 0.076 seconds
[2024-06-14T16:42:02.806-0300] {processor.py:161} INFO - Started process (PID=89734) to work on /home/maira/projeto_indicium_engineering/venv/lib/python3.10/site-packages/airflow/example_dags/example_bash_operator.py
[2024-06-14T16:42:02.808-0300] {processor.py:830} INFO - Processing file /home/maira/projeto_indicium_engineering/venv/lib/python3.10/site-packages/airflow/example_dags/example_bash_operator.py for tasks to queue
[2024-06-14T16:42:02.809-0300] {logging_mixin.py:188} INFO - [2024-06-14T16:42:02.809-0300] {dagbag.py:545} INFO - Filling up the DagBag from /home/maira/projeto_indicium_engineering/venv/lib/python3.10/site-packages/airflow/example_dags/example_bash_operator.py
[2024-06-14T16:42:02.819-0300] {processor.py:840} INFO - DAG(s) 'example_bash_operator' retrieved from /home/maira/projeto_indicium_engineering/venv/lib/python3.10/site-packages/airflow/example_dags/example_bash_operator.py
[2024-06-14T16:42:02.836-0300] {logging_mixin.py:188} INFO - [2024-06-14T16:42:02.835-0300] {dag.py:3096} INFO - Sync 1 DAGs
[2024-06-14T16:42:02.851-0300] {logging_mixin.py:188} INFO - [2024-06-14T16:42:02.851-0300] {dag.py:3954} INFO - Setting next_dagrun for example_bash_operator to 2024-06-13 00:00:00+00:00, run_after=2024-06-14 00:00:00+00:00
[2024-06-14T16:42:02.873-0300] {processor.py:183} INFO - Processing /home/maira/projeto_indicium_engineering/venv/lib/python3.10/site-packages/airflow/example_dags/example_bash_operator.py took 0.072 seconds
[2024-06-14T16:43:01.270-0300] {processor.py:161} INFO - Started process (PID=90024) to work on /home/maira/projeto_indicium_engineering/venv/lib/python3.10/site-packages/airflow/example_dags/example_bash_operator.py
[2024-06-14T16:43:01.275-0300] {processor.py:830} INFO - Processing file /home/maira/projeto_indicium_engineering/venv/lib/python3.10/site-packages/airflow/example_dags/example_bash_operator.py for tasks to queue
[2024-06-14T16:43:01.277-0300] {logging_mixin.py:188} INFO - [2024-06-14T16:43:01.276-0300] {dagbag.py:545} INFO - Filling up the DagBag from /home/maira/projeto_indicium_engineering/venv/lib/python3.10/site-packages/airflow/example_dags/example_bash_operator.py
[2024-06-14T16:43:01.285-0300] {processor.py:840} INFO - DAG(s) 'example_bash_operator' retrieved from /home/maira/projeto_indicium_engineering/venv/lib/python3.10/site-packages/airflow/example_dags/example_bash_operator.py
[2024-06-14T16:43:01.302-0300] {logging_mixin.py:188} INFO - [2024-06-14T16:43:01.301-0300] {dag.py:3096} INFO - Sync 1 DAGs
[2024-06-14T16:43:01.316-0300] {logging_mixin.py:188} INFO - [2024-06-14T16:43:01.315-0300] {dag.py:3954} INFO - Setting next_dagrun for example_bash_operator to 2024-06-13 00:00:00+00:00, run_after=2024-06-14 00:00:00+00:00
[2024-06-14T16:43:01.341-0300] {processor.py:183} INFO - Processing /home/maira/projeto_indicium_engineering/venv/lib/python3.10/site-packages/airflow/example_dags/example_bash_operator.py took 0.076 seconds
[2024-06-14T16:44:01.797-0300] {processor.py:161} INFO - Started process (PID=90324) to work on /home/maira/projeto_indicium_engineering/venv/lib/python3.10/site-packages/airflow/example_dags/example_bash_operator.py
[2024-06-14T16:44:01.798-0300] {processor.py:830} INFO - Processing file /home/maira/projeto_indicium_engineering/venv/lib/python3.10/site-packages/airflow/example_dags/example_bash_operator.py for tasks to queue
[2024-06-14T16:44:01.799-0300] {logging_mixin.py:188} INFO - [2024-06-14T16:44:01.799-0300] {dagbag.py:545} INFO - Filling up the DagBag from /home/maira/projeto_indicium_engineering/venv/lib/python3.10/site-packages/airflow/example_dags/example_bash_operator.py
[2024-06-14T16:44:01.809-0300] {processor.py:840} INFO - DAG(s) 'example_bash_operator' retrieved from /home/maira/projeto_indicium_engineering/venv/lib/python3.10/site-packages/airflow/example_dags/example_bash_operator.py
[2024-06-14T16:44:01.825-0300] {logging_mixin.py:188} INFO - [2024-06-14T16:44:01.825-0300] {dag.py:3096} INFO - Sync 1 DAGs
[2024-06-14T16:44:01.840-0300] {logging_mixin.py:188} INFO - [2024-06-14T16:44:01.839-0300] {dag.py:3954} INFO - Setting next_dagrun for example_bash_operator to 2024-06-13 00:00:00+00:00, run_after=2024-06-14 00:00:00+00:00
[2024-06-14T16:44:01.864-0300] {processor.py:183} INFO - Processing /home/maira/projeto_indicium_engineering/venv/lib/python3.10/site-packages/airflow/example_dags/example_bash_operator.py took 0.072 seconds
[2024-06-14T16:45:01.968-0300] {processor.py:161} INFO - Started process (PID=90625) to work on /home/maira/projeto_indicium_engineering/venv/lib/python3.10/site-packages/airflow/example_dags/example_bash_operator.py
[2024-06-14T16:45:01.973-0300] {processor.py:830} INFO - Processing file /home/maira/projeto_indicium_engineering/venv/lib/python3.10/site-packages/airflow/example_dags/example_bash_operator.py for tasks to queue
[2024-06-14T16:45:01.974-0300] {logging_mixin.py:188} INFO - [2024-06-14T16:45:01.974-0300] {dagbag.py:545} INFO - Filling up the DagBag from /home/maira/projeto_indicium_engineering/venv/lib/python3.10/site-packages/airflow/example_dags/example_bash_operator.py
[2024-06-14T16:45:01.983-0300] {processor.py:840} INFO - DAG(s) 'example_bash_operator' retrieved from /home/maira/projeto_indicium_engineering/venv/lib/python3.10/site-packages/airflow/example_dags/example_bash_operator.py
[2024-06-14T16:45:01.999-0300] {logging_mixin.py:188} INFO - [2024-06-14T16:45:01.999-0300] {dag.py:3096} INFO - Sync 1 DAGs
[2024-06-14T16:45:02.013-0300] {logging_mixin.py:188} INFO - [2024-06-14T16:45:02.013-0300] {dag.py:3954} INFO - Setting next_dagrun for example_bash_operator to 2024-06-13 00:00:00+00:00, run_after=2024-06-14 00:00:00+00:00
[2024-06-14T16:45:02.035-0300] {processor.py:183} INFO - Processing /home/maira/projeto_indicium_engineering/venv/lib/python3.10/site-packages/airflow/example_dags/example_bash_operator.py took 0.073 seconds
[2024-06-14T16:46:01.505-0300] {processor.py:161} INFO - Started process (PID=90919) to work on /home/maira/projeto_indicium_engineering/venv/lib/python3.10/site-packages/airflow/example_dags/example_bash_operator.py
[2024-06-14T16:46:01.507-0300] {processor.py:830} INFO - Processing file /home/maira/projeto_indicium_engineering/venv/lib/python3.10/site-packages/airflow/example_dags/example_bash_operator.py for tasks to queue
[2024-06-14T16:46:01.508-0300] {logging_mixin.py:188} INFO - [2024-06-14T16:46:01.508-0300] {dagbag.py:545} INFO - Filling up the DagBag from /home/maira/projeto_indicium_engineering/venv/lib/python3.10/site-packages/airflow/example_dags/example_bash_operator.py
[2024-06-14T16:46:01.518-0300] {processor.py:840} INFO - DAG(s) 'example_bash_operator' retrieved from /home/maira/projeto_indicium_engineering/venv/lib/python3.10/site-packages/airflow/example_dags/example_bash_operator.py
[2024-06-14T16:46:01.537-0300] {logging_mixin.py:188} INFO - [2024-06-14T16:46:01.537-0300] {dag.py:3096} INFO - Sync 1 DAGs
[2024-06-14T16:46:01.552-0300] {logging_mixin.py:188} INFO - [2024-06-14T16:46:01.552-0300] {dag.py:3954} INFO - Setting next_dagrun for example_bash_operator to 2024-06-13 00:00:00+00:00, run_after=2024-06-14 00:00:00+00:00
[2024-06-14T16:46:01.573-0300] {processor.py:183} INFO - Processing /home/maira/projeto_indicium_engineering/venv/lib/python3.10/site-packages/airflow/example_dags/example_bash_operator.py took 0.073 seconds
[2024-06-14T16:47:01.893-0300] {processor.py:161} INFO - Started process (PID=91218) to work on /home/maira/projeto_indicium_engineering/venv/lib/python3.10/site-packages/airflow/example_dags/example_bash_operator.py
[2024-06-14T16:47:01.897-0300] {processor.py:830} INFO - Processing file /home/maira/projeto_indicium_engineering/venv/lib/python3.10/site-packages/airflow/example_dags/example_bash_operator.py for tasks to queue
[2024-06-14T16:47:01.898-0300] {logging_mixin.py:188} INFO - [2024-06-14T16:47:01.898-0300] {dagbag.py:545} INFO - Filling up the DagBag from /home/maira/projeto_indicium_engineering/venv/lib/python3.10/site-packages/airflow/example_dags/example_bash_operator.py
[2024-06-14T16:47:01.906-0300] {processor.py:840} INFO - DAG(s) 'example_bash_operator' retrieved from /home/maira/projeto_indicium_engineering/venv/lib/python3.10/site-packages/airflow/example_dags/example_bash_operator.py
[2024-06-14T16:47:01.923-0300] {logging_mixin.py:188} INFO - [2024-06-14T16:47:01.922-0300] {dag.py:3096} INFO - Sync 1 DAGs
[2024-06-14T16:47:01.937-0300] {logging_mixin.py:188} INFO - [2024-06-14T16:47:01.937-0300] {dag.py:3954} INFO - Setting next_dagrun for example_bash_operator to 2024-06-13 00:00:00+00:00, run_after=2024-06-14 00:00:00+00:00
[2024-06-14T16:47:01.958-0300] {processor.py:183} INFO - Processing /home/maira/projeto_indicium_engineering/venv/lib/python3.10/site-packages/airflow/example_dags/example_bash_operator.py took 0.071 seconds
[2024-06-14T16:47:59.695-0300] {processor.py:161} INFO - Started process (PID=91505) to work on /home/maira/projeto_indicium_engineering/venv/lib/python3.10/site-packages/airflow/example_dags/example_bash_operator.py
[2024-06-14T16:47:59.699-0300] {processor.py:830} INFO - Processing file /home/maira/projeto_indicium_engineering/venv/lib/python3.10/site-packages/airflow/example_dags/example_bash_operator.py for tasks to queue
[2024-06-14T16:47:59.701-0300] {logging_mixin.py:188} INFO - [2024-06-14T16:47:59.701-0300] {dagbag.py:545} INFO - Filling up the DagBag from /home/maira/projeto_indicium_engineering/venv/lib/python3.10/site-packages/airflow/example_dags/example_bash_operator.py
[2024-06-14T16:47:59.710-0300] {processor.py:840} INFO - DAG(s) 'example_bash_operator' retrieved from /home/maira/projeto_indicium_engineering/venv/lib/python3.10/site-packages/airflow/example_dags/example_bash_operator.py
[2024-06-14T16:47:59.727-0300] {logging_mixin.py:188} INFO - [2024-06-14T16:47:59.726-0300] {dag.py:3096} INFO - Sync 1 DAGs
[2024-06-14T16:47:59.740-0300] {logging_mixin.py:188} INFO - [2024-06-14T16:47:59.740-0300] {dag.py:3954} INFO - Setting next_dagrun for example_bash_operator to 2024-06-13 00:00:00+00:00, run_after=2024-06-14 00:00:00+00:00
[2024-06-14T16:47:59.761-0300] {processor.py:183} INFO - Processing /home/maira/projeto_indicium_engineering/venv/lib/python3.10/site-packages/airflow/example_dags/example_bash_operator.py took 0.072 seconds
[2024-06-14T16:48:57.593-0300] {processor.py:161} INFO - Started process (PID=91794) to work on /home/maira/projeto_indicium_engineering/venv/lib/python3.10/site-packages/airflow/example_dags/example_bash_operator.py
[2024-06-14T16:48:57.595-0300] {processor.py:830} INFO - Processing file /home/maira/projeto_indicium_engineering/venv/lib/python3.10/site-packages/airflow/example_dags/example_bash_operator.py for tasks to queue
[2024-06-14T16:48:57.596-0300] {logging_mixin.py:188} INFO - [2024-06-14T16:48:57.596-0300] {dagbag.py:545} INFO - Filling up the DagBag from /home/maira/projeto_indicium_engineering/venv/lib/python3.10/site-packages/airflow/example_dags/example_bash_operator.py
[2024-06-14T16:48:57.606-0300] {processor.py:840} INFO - DAG(s) 'example_bash_operator' retrieved from /home/maira/projeto_indicium_engineering/venv/lib/python3.10/site-packages/airflow/example_dags/example_bash_operator.py
[2024-06-14T16:48:57.622-0300] {logging_mixin.py:188} INFO - [2024-06-14T16:48:57.622-0300] {dag.py:3096} INFO - Sync 1 DAGs
[2024-06-14T16:48:57.637-0300] {logging_mixin.py:188} INFO - [2024-06-14T16:48:57.636-0300] {dag.py:3954} INFO - Setting next_dagrun for example_bash_operator to 2024-06-13 00:00:00+00:00, run_after=2024-06-14 00:00:00+00:00
[2024-06-14T16:48:57.659-0300] {processor.py:183} INFO - Processing /home/maira/projeto_indicium_engineering/venv/lib/python3.10/site-packages/airflow/example_dags/example_bash_operator.py took 0.071 seconds
[2024-06-14T16:49:56.854-0300] {processor.py:161} INFO - Started process (PID=92086) to work on /home/maira/projeto_indicium_engineering/venv/lib/python3.10/site-packages/airflow/example_dags/example_bash_operator.py
[2024-06-14T16:49:56.856-0300] {processor.py:830} INFO - Processing file /home/maira/projeto_indicium_engineering/venv/lib/python3.10/site-packages/airflow/example_dags/example_bash_operator.py for tasks to queue
[2024-06-14T16:49:56.857-0300] {logging_mixin.py:188} INFO - [2024-06-14T16:49:56.857-0300] {dagbag.py:545} INFO - Filling up the DagBag from /home/maira/projeto_indicium_engineering/venv/lib/python3.10/site-packages/airflow/example_dags/example_bash_operator.py
[2024-06-14T16:49:56.871-0300] {processor.py:840} INFO - DAG(s) 'example_bash_operator' retrieved from /home/maira/projeto_indicium_engineering/venv/lib/python3.10/site-packages/airflow/example_dags/example_bash_operator.py
[2024-06-14T16:49:56.900-0300] {logging_mixin.py:188} INFO - [2024-06-14T16:49:56.900-0300] {dag.py:3096} INFO - Sync 1 DAGs
[2024-06-14T16:49:56.925-0300] {logging_mixin.py:188} INFO - [2024-06-14T16:49:56.925-0300] {dag.py:3954} INFO - Setting next_dagrun for example_bash_operator to 2024-06-13 00:00:00+00:00, run_after=2024-06-14 00:00:00+00:00
[2024-06-14T16:49:56.955-0300] {processor.py:183} INFO - Processing /home/maira/projeto_indicium_engineering/venv/lib/python3.10/site-packages/airflow/example_dags/example_bash_operator.py took 0.106 seconds
[2024-06-14T16:51:01.282-0300] {processor.py:161} INFO - Started process (PID=92403) to work on /home/maira/projeto_indicium_engineering/venv/lib/python3.10/site-packages/airflow/example_dags/example_bash_operator.py
[2024-06-14T16:51:01.284-0300] {processor.py:830} INFO - Processing file /home/maira/projeto_indicium_engineering/venv/lib/python3.10/site-packages/airflow/example_dags/example_bash_operator.py for tasks to queue
[2024-06-14T16:51:01.286-0300] {logging_mixin.py:188} INFO - [2024-06-14T16:51:01.285-0300] {dagbag.py:545} INFO - Filling up the DagBag from /home/maira/projeto_indicium_engineering/venv/lib/python3.10/site-packages/airflow/example_dags/example_bash_operator.py
[2024-06-14T16:51:01.300-0300] {processor.py:840} INFO - DAG(s) 'example_bash_operator' retrieved from /home/maira/projeto_indicium_engineering/venv/lib/python3.10/site-packages/airflow/example_dags/example_bash_operator.py
[2024-06-14T16:51:01.330-0300] {logging_mixin.py:188} INFO - [2024-06-14T16:51:01.330-0300] {dag.py:3096} INFO - Sync 1 DAGs
[2024-06-14T16:51:01.346-0300] {logging_mixin.py:188} INFO - [2024-06-14T16:51:01.346-0300] {dag.py:3954} INFO - Setting next_dagrun for example_bash_operator to 2024-06-13 00:00:00+00:00, run_after=2024-06-14 00:00:00+00:00
[2024-06-14T16:51:01.367-0300] {processor.py:183} INFO - Processing /home/maira/projeto_indicium_engineering/venv/lib/python3.10/site-packages/airflow/example_dags/example_bash_operator.py took 0.091 seconds
[2024-06-14T16:52:06.160-0300] {processor.py:161} INFO - Started process (PID=92722) to work on /home/maira/projeto_indicium_engineering/venv/lib/python3.10/site-packages/airflow/example_dags/example_bash_operator.py
[2024-06-14T16:52:06.161-0300] {processor.py:830} INFO - Processing file /home/maira/projeto_indicium_engineering/venv/lib/python3.10/site-packages/airflow/example_dags/example_bash_operator.py for tasks to queue
[2024-06-14T16:52:06.163-0300] {logging_mixin.py:188} INFO - [2024-06-14T16:52:06.162-0300] {dagbag.py:545} INFO - Filling up the DagBag from /home/maira/projeto_indicium_engineering/venv/lib/python3.10/site-packages/airflow/example_dags/example_bash_operator.py
[2024-06-14T16:52:06.173-0300] {processor.py:840} INFO - DAG(s) 'example_bash_operator' retrieved from /home/maira/projeto_indicium_engineering/venv/lib/python3.10/site-packages/airflow/example_dags/example_bash_operator.py
[2024-06-14T16:52:06.190-0300] {logging_mixin.py:188} INFO - [2024-06-14T16:52:06.189-0300] {dag.py:3096} INFO - Sync 1 DAGs
[2024-06-14T16:52:06.203-0300] {logging_mixin.py:188} INFO - [2024-06-14T16:52:06.203-0300] {dag.py:3954} INFO - Setting next_dagrun for example_bash_operator to 2024-06-13 00:00:00+00:00, run_after=2024-06-14 00:00:00+00:00
[2024-06-14T16:52:06.226-0300] {processor.py:183} INFO - Processing /home/maira/projeto_indicium_engineering/venv/lib/python3.10/site-packages/airflow/example_dags/example_bash_operator.py took 0.072 seconds
[2024-06-14T16:53:06.866-0300] {processor.py:161} INFO - Started process (PID=93024) to work on /home/maira/projeto_indicium_engineering/venv/lib/python3.10/site-packages/airflow/example_dags/example_bash_operator.py
[2024-06-14T16:53:06.867-0300] {processor.py:830} INFO - Processing file /home/maira/projeto_indicium_engineering/venv/lib/python3.10/site-packages/airflow/example_dags/example_bash_operator.py for tasks to queue
[2024-06-14T16:53:06.869-0300] {logging_mixin.py:188} INFO - [2024-06-14T16:53:06.868-0300] {dagbag.py:545} INFO - Filling up the DagBag from /home/maira/projeto_indicium_engineering/venv/lib/python3.10/site-packages/airflow/example_dags/example_bash_operator.py
[2024-06-14T16:53:06.879-0300] {processor.py:840} INFO - DAG(s) 'example_bash_operator' retrieved from /home/maira/projeto_indicium_engineering/venv/lib/python3.10/site-packages/airflow/example_dags/example_bash_operator.py
[2024-06-14T16:53:06.897-0300] {logging_mixin.py:188} INFO - [2024-06-14T16:53:06.897-0300] {dag.py:3096} INFO - Sync 1 DAGs
[2024-06-14T16:53:06.912-0300] {logging_mixin.py:188} INFO - [2024-06-14T16:53:06.912-0300] {dag.py:3954} INFO - Setting next_dagrun for example_bash_operator to 2024-06-13 00:00:00+00:00, run_after=2024-06-14 00:00:00+00:00
[2024-06-14T16:53:06.935-0300] {processor.py:183} INFO - Processing /home/maira/projeto_indicium_engineering/venv/lib/python3.10/site-packages/airflow/example_dags/example_bash_operator.py took 0.074 seconds
[2024-06-14T16:54:08.589-0300] {processor.py:161} INFO - Started process (PID=93329) to work on /home/maira/projeto_indicium_engineering/venv/lib/python3.10/site-packages/airflow/example_dags/example_bash_operator.py
[2024-06-14T16:54:08.590-0300] {processor.py:830} INFO - Processing file /home/maira/projeto_indicium_engineering/venv/lib/python3.10/site-packages/airflow/example_dags/example_bash_operator.py for tasks to queue
[2024-06-14T16:54:08.592-0300] {logging_mixin.py:188} INFO - [2024-06-14T16:54:08.592-0300] {dagbag.py:545} INFO - Filling up the DagBag from /home/maira/projeto_indicium_engineering/venv/lib/python3.10/site-packages/airflow/example_dags/example_bash_operator.py
[2024-06-14T16:54:08.601-0300] {processor.py:840} INFO - DAG(s) 'example_bash_operator' retrieved from /home/maira/projeto_indicium_engineering/venv/lib/python3.10/site-packages/airflow/example_dags/example_bash_operator.py
[2024-06-14T16:54:08.618-0300] {logging_mixin.py:188} INFO - [2024-06-14T16:54:08.618-0300] {dag.py:3096} INFO - Sync 1 DAGs
[2024-06-14T16:54:08.632-0300] {logging_mixin.py:188} INFO - [2024-06-14T16:54:08.632-0300] {dag.py:3954} INFO - Setting next_dagrun for example_bash_operator to 2024-06-13 00:00:00+00:00, run_after=2024-06-14 00:00:00+00:00
[2024-06-14T16:54:08.653-0300] {processor.py:183} INFO - Processing /home/maira/projeto_indicium_engineering/venv/lib/python3.10/site-packages/airflow/example_dags/example_bash_operator.py took 0.069 seconds
[2024-06-14T16:55:14.305-0300] {processor.py:161} INFO - Started process (PID=93656) to work on /home/maira/projeto_indicium_engineering/venv/lib/python3.10/site-packages/airflow/example_dags/example_bash_operator.py
[2024-06-14T16:55:14.307-0300] {processor.py:830} INFO - Processing file /home/maira/projeto_indicium_engineering/venv/lib/python3.10/site-packages/airflow/example_dags/example_bash_operator.py for tasks to queue
[2024-06-14T16:55:14.309-0300] {logging_mixin.py:188} INFO - [2024-06-14T16:55:14.308-0300] {dagbag.py:545} INFO - Filling up the DagBag from /home/maira/projeto_indicium_engineering/venv/lib/python3.10/site-packages/airflow/example_dags/example_bash_operator.py
[2024-06-14T16:55:14.322-0300] {processor.py:840} INFO - DAG(s) 'example_bash_operator' retrieved from /home/maira/projeto_indicium_engineering/venv/lib/python3.10/site-packages/airflow/example_dags/example_bash_operator.py
[2024-06-14T16:55:14.349-0300] {logging_mixin.py:188} INFO - [2024-06-14T16:55:14.348-0300] {dag.py:3096} INFO - Sync 1 DAGs
[2024-06-14T16:55:14.374-0300] {logging_mixin.py:188} INFO - [2024-06-14T16:55:14.374-0300] {dag.py:3954} INFO - Setting next_dagrun for example_bash_operator to 2024-06-13 00:00:00+00:00, run_after=2024-06-14 00:00:00+00:00
[2024-06-14T16:55:14.403-0300] {processor.py:183} INFO - Processing /home/maira/projeto_indicium_engineering/venv/lib/python3.10/site-packages/airflow/example_dags/example_bash_operator.py took 0.103 seconds
[2024-06-14T17:20:52.851-0300] {processor.py:161} INFO - Started process (PID=93942) to work on /home/maira/projeto_indicium_engineering/venv/lib/python3.10/site-packages/airflow/example_dags/example_bash_operator.py
[2024-06-14T17:20:52.852-0300] {processor.py:830} INFO - Processing file /home/maira/projeto_indicium_engineering/venv/lib/python3.10/site-packages/airflow/example_dags/example_bash_operator.py for tasks to queue
[2024-06-14T17:20:52.853-0300] {logging_mixin.py:188} INFO - [2024-06-14T17:20:52.853-0300] {dagbag.py:545} INFO - Filling up the DagBag from /home/maira/projeto_indicium_engineering/venv/lib/python3.10/site-packages/airflow/example_dags/example_bash_operator.py
[2024-06-14T17:20:52.862-0300] {processor.py:840} INFO - DAG(s) 'example_bash_operator' retrieved from /home/maira/projeto_indicium_engineering/venv/lib/python3.10/site-packages/airflow/example_dags/example_bash_operator.py
[2024-06-14T17:20:52.879-0300] {logging_mixin.py:188} INFO - [2024-06-14T17:20:52.878-0300] {dag.py:3096} INFO - Sync 1 DAGs
[2024-06-14T17:20:52.895-0300] {logging_mixin.py:188} INFO - [2024-06-14T17:20:52.895-0300] {dag.py:3954} INFO - Setting next_dagrun for example_bash_operator to 2024-06-13 00:00:00+00:00, run_after=2024-06-14 00:00:00+00:00
[2024-06-14T17:20:52.919-0300] {processor.py:183} INFO - Processing /home/maira/projeto_indicium_engineering/venv/lib/python3.10/site-packages/airflow/example_dags/example_bash_operator.py took 0.072 seconds
[2024-06-14T17:21:51.975-0300] {processor.py:161} INFO - Started process (PID=94236) to work on /home/maira/projeto_indicium_engineering/venv/lib/python3.10/site-packages/airflow/example_dags/example_bash_operator.py
[2024-06-14T17:21:51.977-0300] {processor.py:830} INFO - Processing file /home/maira/projeto_indicium_engineering/venv/lib/python3.10/site-packages/airflow/example_dags/example_bash_operator.py for tasks to queue
[2024-06-14T17:21:51.978-0300] {logging_mixin.py:188} INFO - [2024-06-14T17:21:51.978-0300] {dagbag.py:545} INFO - Filling up the DagBag from /home/maira/projeto_indicium_engineering/venv/lib/python3.10/site-packages/airflow/example_dags/example_bash_operator.py
[2024-06-14T17:21:51.989-0300] {processor.py:840} INFO - DAG(s) 'example_bash_operator' retrieved from /home/maira/projeto_indicium_engineering/venv/lib/python3.10/site-packages/airflow/example_dags/example_bash_operator.py
[2024-06-14T17:21:52.006-0300] {logging_mixin.py:188} INFO - [2024-06-14T17:21:52.006-0300] {dag.py:3096} INFO - Sync 1 DAGs
[2024-06-14T17:21:52.020-0300] {logging_mixin.py:188} INFO - [2024-06-14T17:21:52.020-0300] {dag.py:3954} INFO - Setting next_dagrun for example_bash_operator to 2024-06-13 00:00:00+00:00, run_after=2024-06-14 00:00:00+00:00
[2024-06-14T17:21:52.041-0300] {processor.py:183} INFO - Processing /home/maira/projeto_indicium_engineering/venv/lib/python3.10/site-packages/airflow/example_dags/example_bash_operator.py took 0.070 seconds
[2024-06-14T17:22:54.748-0300] {processor.py:161} INFO - Started process (PID=94545) to work on /home/maira/projeto_indicium_engineering/venv/lib/python3.10/site-packages/airflow/example_dags/example_bash_operator.py
[2024-06-14T17:22:54.753-0300] {processor.py:830} INFO - Processing file /home/maira/projeto_indicium_engineering/venv/lib/python3.10/site-packages/airflow/example_dags/example_bash_operator.py for tasks to queue
[2024-06-14T17:22:54.755-0300] {logging_mixin.py:188} INFO - [2024-06-14T17:22:54.755-0300] {dagbag.py:545} INFO - Filling up the DagBag from /home/maira/projeto_indicium_engineering/venv/lib/python3.10/site-packages/airflow/example_dags/example_bash_operator.py
[2024-06-14T17:22:54.763-0300] {processor.py:840} INFO - DAG(s) 'example_bash_operator' retrieved from /home/maira/projeto_indicium_engineering/venv/lib/python3.10/site-packages/airflow/example_dags/example_bash_operator.py
[2024-06-14T17:22:54.780-0300] {logging_mixin.py:188} INFO - [2024-06-14T17:22:54.779-0300] {dag.py:3096} INFO - Sync 1 DAGs
[2024-06-14T17:22:54.793-0300] {logging_mixin.py:188} INFO - [2024-06-14T17:22:54.793-0300] {dag.py:3954} INFO - Setting next_dagrun for example_bash_operator to 2024-06-13 00:00:00+00:00, run_after=2024-06-14 00:00:00+00:00
[2024-06-14T17:22:54.813-0300] {processor.py:183} INFO - Processing /home/maira/projeto_indicium_engineering/venv/lib/python3.10/site-packages/airflow/example_dags/example_bash_operator.py took 0.070 seconds
[2024-06-14T17:23:55.344-0300] {processor.py:161} INFO - Started process (PID=94845) to work on /home/maira/projeto_indicium_engineering/venv/lib/python3.10/site-packages/airflow/example_dags/example_bash_operator.py
[2024-06-14T17:23:55.346-0300] {processor.py:830} INFO - Processing file /home/maira/projeto_indicium_engineering/venv/lib/python3.10/site-packages/airflow/example_dags/example_bash_operator.py for tasks to queue
[2024-06-14T17:23:55.348-0300] {logging_mixin.py:188} INFO - [2024-06-14T17:23:55.348-0300] {dagbag.py:545} INFO - Filling up the DagBag from /home/maira/projeto_indicium_engineering/venv/lib/python3.10/site-packages/airflow/example_dags/example_bash_operator.py
[2024-06-14T17:23:55.358-0300] {processor.py:840} INFO - DAG(s) 'example_bash_operator' retrieved from /home/maira/projeto_indicium_engineering/venv/lib/python3.10/site-packages/airflow/example_dags/example_bash_operator.py
[2024-06-14T17:23:55.375-0300] {logging_mixin.py:188} INFO - [2024-06-14T17:23:55.374-0300] {dag.py:3096} INFO - Sync 1 DAGs
[2024-06-14T17:23:55.389-0300] {logging_mixin.py:188} INFO - [2024-06-14T17:23:55.389-0300] {dag.py:3954} INFO - Setting next_dagrun for example_bash_operator to 2024-06-13 00:00:00+00:00, run_after=2024-06-14 00:00:00+00:00
[2024-06-14T17:23:55.409-0300] {processor.py:183} INFO - Processing /home/maira/projeto_indicium_engineering/venv/lib/python3.10/site-packages/airflow/example_dags/example_bash_operator.py took 0.070 seconds
[2024-06-14T17:25:02.879-0300] {processor.py:161} INFO - Started process (PID=95178) to work on /home/maira/projeto_indicium_engineering/venv/lib/python3.10/site-packages/airflow/example_dags/example_bash_operator.py
[2024-06-14T17:25:02.880-0300] {processor.py:830} INFO - Processing file /home/maira/projeto_indicium_engineering/venv/lib/python3.10/site-packages/airflow/example_dags/example_bash_operator.py for tasks to queue
[2024-06-14T17:25:02.882-0300] {logging_mixin.py:188} INFO - [2024-06-14T17:25:02.881-0300] {dagbag.py:545} INFO - Filling up the DagBag from /home/maira/projeto_indicium_engineering/venv/lib/python3.10/site-packages/airflow/example_dags/example_bash_operator.py
[2024-06-14T17:25:02.890-0300] {processor.py:840} INFO - DAG(s) 'example_bash_operator' retrieved from /home/maira/projeto_indicium_engineering/venv/lib/python3.10/site-packages/airflow/example_dags/example_bash_operator.py
[2024-06-14T17:25:02.908-0300] {logging_mixin.py:188} INFO - [2024-06-14T17:25:02.907-0300] {dag.py:3096} INFO - Sync 1 DAGs
[2024-06-14T17:25:02.922-0300] {logging_mixin.py:188} INFO - [2024-06-14T17:25:02.922-0300] {dag.py:3954} INFO - Setting next_dagrun for example_bash_operator to 2024-06-13 00:00:00+00:00, run_after=2024-06-14 00:00:00+00:00
[2024-06-14T17:25:02.942-0300] {processor.py:183} INFO - Processing /home/maira/projeto_indicium_engineering/venv/lib/python3.10/site-packages/airflow/example_dags/example_bash_operator.py took 0.068 seconds
[2024-06-14T17:26:07.208-0300] {processor.py:161} INFO - Started process (PID=95497) to work on /home/maira/projeto_indicium_engineering/venv/lib/python3.10/site-packages/airflow/example_dags/example_bash_operator.py
[2024-06-14T17:26:07.210-0300] {processor.py:830} INFO - Processing file /home/maira/projeto_indicium_engineering/venv/lib/python3.10/site-packages/airflow/example_dags/example_bash_operator.py for tasks to queue
[2024-06-14T17:26:07.212-0300] {logging_mixin.py:188} INFO - [2024-06-14T17:26:07.211-0300] {dagbag.py:545} INFO - Filling up the DagBag from /home/maira/projeto_indicium_engineering/venv/lib/python3.10/site-packages/airflow/example_dags/example_bash_operator.py
[2024-06-14T17:26:07.224-0300] {processor.py:840} INFO - DAG(s) 'example_bash_operator' retrieved from /home/maira/projeto_indicium_engineering/venv/lib/python3.10/site-packages/airflow/example_dags/example_bash_operator.py
[2024-06-14T17:26:07.253-0300] {logging_mixin.py:188} INFO - [2024-06-14T17:26:07.253-0300] {dag.py:3096} INFO - Sync 1 DAGs
[2024-06-14T17:26:07.277-0300] {logging_mixin.py:188} INFO - [2024-06-14T17:26:07.277-0300] {dag.py:3954} INFO - Setting next_dagrun for example_bash_operator to 2024-06-13 00:00:00+00:00, run_after=2024-06-14 00:00:00+00:00
[2024-06-14T17:26:07.304-0300] {processor.py:183} INFO - Processing /home/maira/projeto_indicium_engineering/venv/lib/python3.10/site-packages/airflow/example_dags/example_bash_operator.py took 0.103 seconds
[2024-06-14T17:27:04.177-0300] {processor.py:161} INFO - Started process (PID=95778) to work on /home/maira/projeto_indicium_engineering/venv/lib/python3.10/site-packages/airflow/example_dags/example_bash_operator.py
[2024-06-14T17:27:04.179-0300] {processor.py:830} INFO - Processing file /home/maira/projeto_indicium_engineering/venv/lib/python3.10/site-packages/airflow/example_dags/example_bash_operator.py for tasks to queue
[2024-06-14T17:27:04.180-0300] {logging_mixin.py:188} INFO - [2024-06-14T17:27:04.180-0300] {dagbag.py:545} INFO - Filling up the DagBag from /home/maira/projeto_indicium_engineering/venv/lib/python3.10/site-packages/airflow/example_dags/example_bash_operator.py
[2024-06-14T17:27:04.191-0300] {processor.py:840} INFO - DAG(s) 'example_bash_operator' retrieved from /home/maira/projeto_indicium_engineering/venv/lib/python3.10/site-packages/airflow/example_dags/example_bash_operator.py
[2024-06-14T17:27:04.208-0300] {logging_mixin.py:188} INFO - [2024-06-14T17:27:04.207-0300] {dag.py:3096} INFO - Sync 1 DAGs
[2024-06-14T17:27:04.222-0300] {logging_mixin.py:188} INFO - [2024-06-14T17:27:04.222-0300] {dag.py:3954} INFO - Setting next_dagrun for example_bash_operator to 2024-06-13 00:00:00+00:00, run_after=2024-06-14 00:00:00+00:00
[2024-06-14T17:27:04.244-0300] {processor.py:183} INFO - Processing /home/maira/projeto_indicium_engineering/venv/lib/python3.10/site-packages/airflow/example_dags/example_bash_operator.py took 0.072 seconds
[2024-06-14T17:28:04.653-0300] {processor.py:161} INFO - Started process (PID=96077) to work on /home/maira/projeto_indicium_engineering/venv/lib/python3.10/site-packages/airflow/example_dags/example_bash_operator.py
[2024-06-14T17:28:04.654-0300] {processor.py:830} INFO - Processing file /home/maira/projeto_indicium_engineering/venv/lib/python3.10/site-packages/airflow/example_dags/example_bash_operator.py for tasks to queue
[2024-06-14T17:28:04.656-0300] {logging_mixin.py:188} INFO - [2024-06-14T17:28:04.655-0300] {dagbag.py:545} INFO - Filling up the DagBag from /home/maira/projeto_indicium_engineering/venv/lib/python3.10/site-packages/airflow/example_dags/example_bash_operator.py
[2024-06-14T17:28:04.665-0300] {processor.py:840} INFO - DAG(s) 'example_bash_operator' retrieved from /home/maira/projeto_indicium_engineering/venv/lib/python3.10/site-packages/airflow/example_dags/example_bash_operator.py
[2024-06-14T17:28:04.682-0300] {logging_mixin.py:188} INFO - [2024-06-14T17:28:04.681-0300] {dag.py:3096} INFO - Sync 1 DAGs
[2024-06-14T17:28:04.695-0300] {logging_mixin.py:188} INFO - [2024-06-14T17:28:04.695-0300] {dag.py:3954} INFO - Setting next_dagrun for example_bash_operator to 2024-06-13 00:00:00+00:00, run_after=2024-06-14 00:00:00+00:00
[2024-06-14T17:28:04.719-0300] {processor.py:183} INFO - Processing /home/maira/projeto_indicium_engineering/venv/lib/python3.10/site-packages/airflow/example_dags/example_bash_operator.py took 0.071 seconds
[2024-06-14T17:29:01.286-0300] {processor.py:161} INFO - Started process (PID=96359) to work on /home/maira/projeto_indicium_engineering/venv/lib/python3.10/site-packages/airflow/example_dags/example_bash_operator.py
[2024-06-14T17:29:01.288-0300] {processor.py:830} INFO - Processing file /home/maira/projeto_indicium_engineering/venv/lib/python3.10/site-packages/airflow/example_dags/example_bash_operator.py for tasks to queue
[2024-06-14T17:29:01.290-0300] {logging_mixin.py:188} INFO - [2024-06-14T17:29:01.289-0300] {dagbag.py:545} INFO - Filling up the DagBag from /home/maira/projeto_indicium_engineering/venv/lib/python3.10/site-packages/airflow/example_dags/example_bash_operator.py
[2024-06-14T17:29:01.299-0300] {processor.py:840} INFO - DAG(s) 'example_bash_operator' retrieved from /home/maira/projeto_indicium_engineering/venv/lib/python3.10/site-packages/airflow/example_dags/example_bash_operator.py
[2024-06-14T17:29:01.316-0300] {logging_mixin.py:188} INFO - [2024-06-14T17:29:01.316-0300] {dag.py:3096} INFO - Sync 1 DAGs
[2024-06-14T17:29:01.330-0300] {logging_mixin.py:188} INFO - [2024-06-14T17:29:01.329-0300] {dag.py:3954} INFO - Setting next_dagrun for example_bash_operator to 2024-06-13 00:00:00+00:00, run_after=2024-06-14 00:00:00+00:00
[2024-06-14T17:29:01.352-0300] {processor.py:183} INFO - Processing /home/maira/projeto_indicium_engineering/venv/lib/python3.10/site-packages/airflow/example_dags/example_bash_operator.py took 0.071 seconds
[2024-06-14T17:29:59.105-0300] {processor.py:161} INFO - Started process (PID=96645) to work on /home/maira/projeto_indicium_engineering/venv/lib/python3.10/site-packages/airflow/example_dags/example_bash_operator.py
[2024-06-14T17:29:59.110-0300] {processor.py:830} INFO - Processing file /home/maira/projeto_indicium_engineering/venv/lib/python3.10/site-packages/airflow/example_dags/example_bash_operator.py for tasks to queue
[2024-06-14T17:29:59.111-0300] {logging_mixin.py:188} INFO - [2024-06-14T17:29:59.111-0300] {dagbag.py:545} INFO - Filling up the DagBag from /home/maira/projeto_indicium_engineering/venv/lib/python3.10/site-packages/airflow/example_dags/example_bash_operator.py
[2024-06-14T17:29:59.120-0300] {processor.py:840} INFO - DAG(s) 'example_bash_operator' retrieved from /home/maira/projeto_indicium_engineering/venv/lib/python3.10/site-packages/airflow/example_dags/example_bash_operator.py
[2024-06-14T17:29:59.136-0300] {logging_mixin.py:188} INFO - [2024-06-14T17:29:59.136-0300] {dag.py:3096} INFO - Sync 1 DAGs
[2024-06-14T17:29:59.150-0300] {logging_mixin.py:188} INFO - [2024-06-14T17:29:59.150-0300] {dag.py:3954} INFO - Setting next_dagrun for example_bash_operator to 2024-06-13 00:00:00+00:00, run_after=2024-06-14 00:00:00+00:00
[2024-06-14T17:29:59.171-0300] {processor.py:183} INFO - Processing /home/maira/projeto_indicium_engineering/venv/lib/python3.10/site-packages/airflow/example_dags/example_bash_operator.py took 0.071 seconds
[2024-06-14T17:30:59.648-0300] {processor.py:161} INFO - Started process (PID=96947) to work on /home/maira/projeto_indicium_engineering/venv/lib/python3.10/site-packages/airflow/example_dags/example_bash_operator.py
[2024-06-14T17:30:59.650-0300] {processor.py:830} INFO - Processing file /home/maira/projeto_indicium_engineering/venv/lib/python3.10/site-packages/airflow/example_dags/example_bash_operator.py for tasks to queue
[2024-06-14T17:30:59.651-0300] {logging_mixin.py:188} INFO - [2024-06-14T17:30:59.651-0300] {dagbag.py:545} INFO - Filling up the DagBag from /home/maira/projeto_indicium_engineering/venv/lib/python3.10/site-packages/airflow/example_dags/example_bash_operator.py
[2024-06-14T17:30:59.660-0300] {processor.py:840} INFO - DAG(s) 'example_bash_operator' retrieved from /home/maira/projeto_indicium_engineering/venv/lib/python3.10/site-packages/airflow/example_dags/example_bash_operator.py
[2024-06-14T17:30:59.679-0300] {logging_mixin.py:188} INFO - [2024-06-14T17:30:59.679-0300] {dag.py:3096} INFO - Sync 1 DAGs
[2024-06-14T17:30:59.694-0300] {logging_mixin.py:188} INFO - [2024-06-14T17:30:59.694-0300] {dag.py:3954} INFO - Setting next_dagrun for example_bash_operator to 2024-06-13 00:00:00+00:00, run_after=2024-06-14 00:00:00+00:00
[2024-06-14T17:30:59.717-0300] {processor.py:183} INFO - Processing /home/maira/projeto_indicium_engineering/venv/lib/python3.10/site-packages/airflow/example_dags/example_bash_operator.py took 0.073 seconds
[2024-06-14T17:32:06.961-0300] {processor.py:161} INFO - Started process (PID=97278) to work on /home/maira/projeto_indicium_engineering/venv/lib/python3.10/site-packages/airflow/example_dags/example_bash_operator.py
[2024-06-14T17:32:06.963-0300] {processor.py:830} INFO - Processing file /home/maira/projeto_indicium_engineering/venv/lib/python3.10/site-packages/airflow/example_dags/example_bash_operator.py for tasks to queue
[2024-06-14T17:32:06.964-0300] {logging_mixin.py:188} INFO - [2024-06-14T17:32:06.963-0300] {dagbag.py:545} INFO - Filling up the DagBag from /home/maira/projeto_indicium_engineering/venv/lib/python3.10/site-packages/airflow/example_dags/example_bash_operator.py
[2024-06-14T17:32:06.972-0300] {processor.py:840} INFO - DAG(s) 'example_bash_operator' retrieved from /home/maira/projeto_indicium_engineering/venv/lib/python3.10/site-packages/airflow/example_dags/example_bash_operator.py
[2024-06-14T17:32:06.989-0300] {logging_mixin.py:188} INFO - [2024-06-14T17:32:06.989-0300] {dag.py:3096} INFO - Sync 1 DAGs
[2024-06-14T17:32:07.003-0300] {logging_mixin.py:188} INFO - [2024-06-14T17:32:07.003-0300] {dag.py:3954} INFO - Setting next_dagrun for example_bash_operator to 2024-06-13 00:00:00+00:00, run_after=2024-06-14 00:00:00+00:00
[2024-06-14T17:32:07.024-0300] {processor.py:183} INFO - Processing /home/maira/projeto_indicium_engineering/venv/lib/python3.10/site-packages/airflow/example_dags/example_bash_operator.py took 0.068 seconds
[2024-06-14T17:33:11.169-0300] {processor.py:161} INFO - Started process (PID=97594) to work on /home/maira/projeto_indicium_engineering/venv/lib/python3.10/site-packages/airflow/example_dags/example_bash_operator.py
[2024-06-14T17:33:11.170-0300] {processor.py:830} INFO - Processing file /home/maira/projeto_indicium_engineering/venv/lib/python3.10/site-packages/airflow/example_dags/example_bash_operator.py for tasks to queue
[2024-06-14T17:33:11.171-0300] {logging_mixin.py:188} INFO - [2024-06-14T17:33:11.171-0300] {dagbag.py:545} INFO - Filling up the DagBag from /home/maira/projeto_indicium_engineering/venv/lib/python3.10/site-packages/airflow/example_dags/example_bash_operator.py
[2024-06-14T17:33:11.181-0300] {processor.py:840} INFO - DAG(s) 'example_bash_operator' retrieved from /home/maira/projeto_indicium_engineering/venv/lib/python3.10/site-packages/airflow/example_dags/example_bash_operator.py
[2024-06-14T17:33:11.198-0300] {logging_mixin.py:188} INFO - [2024-06-14T17:33:11.198-0300] {dag.py:3096} INFO - Sync 1 DAGs
[2024-06-14T17:33:11.213-0300] {logging_mixin.py:188} INFO - [2024-06-14T17:33:11.213-0300] {dag.py:3954} INFO - Setting next_dagrun for example_bash_operator to 2024-06-13 00:00:00+00:00, run_after=2024-06-14 00:00:00+00:00
[2024-06-14T17:33:11.235-0300] {processor.py:183} INFO - Processing /home/maira/projeto_indicium_engineering/venv/lib/python3.10/site-packages/airflow/example_dags/example_bash_operator.py took 0.071 seconds
[2024-06-14T17:34:08.596-0300] {processor.py:161} INFO - Started process (PID=97880) to work on /home/maira/projeto_indicium_engineering/venv/lib/python3.10/site-packages/airflow/example_dags/example_bash_operator.py
[2024-06-14T17:34:08.598-0300] {processor.py:830} INFO - Processing file /home/maira/projeto_indicium_engineering/venv/lib/python3.10/site-packages/airflow/example_dags/example_bash_operator.py for tasks to queue
[2024-06-14T17:34:08.600-0300] {logging_mixin.py:188} INFO - [2024-06-14T17:34:08.600-0300] {dagbag.py:545} INFO - Filling up the DagBag from /home/maira/projeto_indicium_engineering/venv/lib/python3.10/site-packages/airflow/example_dags/example_bash_operator.py
[2024-06-14T17:34:08.610-0300] {processor.py:840} INFO - DAG(s) 'example_bash_operator' retrieved from /home/maira/projeto_indicium_engineering/venv/lib/python3.10/site-packages/airflow/example_dags/example_bash_operator.py
[2024-06-14T17:34:08.628-0300] {logging_mixin.py:188} INFO - [2024-06-14T17:34:08.627-0300] {dag.py:3096} INFO - Sync 1 DAGs
[2024-06-14T17:34:08.643-0300] {logging_mixin.py:188} INFO - [2024-06-14T17:34:08.642-0300] {dag.py:3954} INFO - Setting next_dagrun for example_bash_operator to 2024-06-13 00:00:00+00:00, run_after=2024-06-14 00:00:00+00:00
[2024-06-14T17:34:08.666-0300] {processor.py:183} INFO - Processing /home/maira/projeto_indicium_engineering/venv/lib/python3.10/site-packages/airflow/example_dags/example_bash_operator.py took 0.074 seconds
[2024-06-14T17:35:06.310-0300] {processor.py:161} INFO - Started process (PID=98170) to work on /home/maira/projeto_indicium_engineering/venv/lib/python3.10/site-packages/airflow/example_dags/example_bash_operator.py
[2024-06-14T17:35:06.312-0300] {processor.py:830} INFO - Processing file /home/maira/projeto_indicium_engineering/venv/lib/python3.10/site-packages/airflow/example_dags/example_bash_operator.py for tasks to queue
[2024-06-14T17:35:06.314-0300] {logging_mixin.py:188} INFO - [2024-06-14T17:35:06.314-0300] {dagbag.py:545} INFO - Filling up the DagBag from /home/maira/projeto_indicium_engineering/venv/lib/python3.10/site-packages/airflow/example_dags/example_bash_operator.py
[2024-06-14T17:35:06.326-0300] {processor.py:840} INFO - DAG(s) 'example_bash_operator' retrieved from /home/maira/projeto_indicium_engineering/venv/lib/python3.10/site-packages/airflow/example_dags/example_bash_operator.py
[2024-06-14T17:35:06.351-0300] {logging_mixin.py:188} INFO - [2024-06-14T17:35:06.351-0300] {dag.py:3096} INFO - Sync 1 DAGs
[2024-06-14T17:35:06.372-0300] {logging_mixin.py:188} INFO - [2024-06-14T17:35:06.372-0300] {dag.py:3954} INFO - Setting next_dagrun for example_bash_operator to 2024-06-13 00:00:00+00:00, run_after=2024-06-14 00:00:00+00:00
[2024-06-14T17:35:06.399-0300] {processor.py:183} INFO - Processing /home/maira/projeto_indicium_engineering/venv/lib/python3.10/site-packages/airflow/example_dags/example_bash_operator.py took 0.094 seconds
[2024-06-14T17:36:08.091-0300] {processor.py:161} INFO - Started process (PID=98474) to work on /home/maira/projeto_indicium_engineering/venv/lib/python3.10/site-packages/airflow/example_dags/example_bash_operator.py
[2024-06-14T17:36:08.093-0300] {processor.py:830} INFO - Processing file /home/maira/projeto_indicium_engineering/venv/lib/python3.10/site-packages/airflow/example_dags/example_bash_operator.py for tasks to queue
[2024-06-14T17:36:08.095-0300] {logging_mixin.py:188} INFO - [2024-06-14T17:36:08.095-0300] {dagbag.py:545} INFO - Filling up the DagBag from /home/maira/projeto_indicium_engineering/venv/lib/python3.10/site-packages/airflow/example_dags/example_bash_operator.py
[2024-06-14T17:36:08.104-0300] {processor.py:840} INFO - DAG(s) 'example_bash_operator' retrieved from /home/maira/projeto_indicium_engineering/venv/lib/python3.10/site-packages/airflow/example_dags/example_bash_operator.py
[2024-06-14T17:36:08.121-0300] {logging_mixin.py:188} INFO - [2024-06-14T17:36:08.120-0300] {dag.py:3096} INFO - Sync 1 DAGs
[2024-06-14T17:36:08.136-0300] {logging_mixin.py:188} INFO - [2024-06-14T17:36:08.135-0300] {dag.py:3954} INFO - Setting next_dagrun for example_bash_operator to 2024-06-13 00:00:00+00:00, run_after=2024-06-14 00:00:00+00:00
[2024-06-14T17:36:08.157-0300] {processor.py:183} INFO - Processing /home/maira/projeto_indicium_engineering/venv/lib/python3.10/site-packages/airflow/example_dags/example_bash_operator.py took 0.071 seconds
[2024-06-14T17:37:10.368-0300] {processor.py:161} INFO - Started process (PID=98782) to work on /home/maira/projeto_indicium_engineering/venv/lib/python3.10/site-packages/airflow/example_dags/example_bash_operator.py
[2024-06-14T17:37:10.370-0300] {processor.py:830} INFO - Processing file /home/maira/projeto_indicium_engineering/venv/lib/python3.10/site-packages/airflow/example_dags/example_bash_operator.py for tasks to queue
[2024-06-14T17:37:10.372-0300] {logging_mixin.py:188} INFO - [2024-06-14T17:37:10.371-0300] {dagbag.py:545} INFO - Filling up the DagBag from /home/maira/projeto_indicium_engineering/venv/lib/python3.10/site-packages/airflow/example_dags/example_bash_operator.py
[2024-06-14T17:37:10.380-0300] {processor.py:840} INFO - DAG(s) 'example_bash_operator' retrieved from /home/maira/projeto_indicium_engineering/venv/lib/python3.10/site-packages/airflow/example_dags/example_bash_operator.py
[2024-06-14T17:37:10.396-0300] {logging_mixin.py:188} INFO - [2024-06-14T17:37:10.396-0300] {dag.py:3096} INFO - Sync 1 DAGs
[2024-06-14T17:37:10.410-0300] {logging_mixin.py:188} INFO - [2024-06-14T17:37:10.410-0300] {dag.py:3954} INFO - Setting next_dagrun for example_bash_operator to 2024-06-13 00:00:00+00:00, run_after=2024-06-14 00:00:00+00:00
[2024-06-14T17:37:10.436-0300] {processor.py:183} INFO - Processing /home/maira/projeto_indicium_engineering/venv/lib/python3.10/site-packages/airflow/example_dags/example_bash_operator.py took 0.073 seconds
[2024-06-14T17:38:08.679-0300] {processor.py:161} INFO - Started process (PID=99072) to work on /home/maira/projeto_indicium_engineering/venv/lib/python3.10/site-packages/airflow/example_dags/example_bash_operator.py
[2024-06-14T17:38:08.680-0300] {processor.py:830} INFO - Processing file /home/maira/projeto_indicium_engineering/venv/lib/python3.10/site-packages/airflow/example_dags/example_bash_operator.py for tasks to queue
[2024-06-14T17:38:08.681-0300] {logging_mixin.py:188} INFO - [2024-06-14T17:38:08.681-0300] {dagbag.py:545} INFO - Filling up the DagBag from /home/maira/projeto_indicium_engineering/venv/lib/python3.10/site-packages/airflow/example_dags/example_bash_operator.py
[2024-06-14T17:38:08.692-0300] {processor.py:840} INFO - DAG(s) 'example_bash_operator' retrieved from /home/maira/projeto_indicium_engineering/venv/lib/python3.10/site-packages/airflow/example_dags/example_bash_operator.py
[2024-06-14T17:38:08.708-0300] {logging_mixin.py:188} INFO - [2024-06-14T17:38:08.708-0300] {dag.py:3096} INFO - Sync 1 DAGs
[2024-06-14T17:38:08.722-0300] {logging_mixin.py:188} INFO - [2024-06-14T17:38:08.722-0300] {dag.py:3954} INFO - Setting next_dagrun for example_bash_operator to 2024-06-13 00:00:00+00:00, run_after=2024-06-14 00:00:00+00:00
[2024-06-14T17:38:08.744-0300] {processor.py:183} INFO - Processing /home/maira/projeto_indicium_engineering/venv/lib/python3.10/site-packages/airflow/example_dags/example_bash_operator.py took 0.070 seconds
[2024-06-14T17:39:06.597-0300] {processor.py:161} INFO - Started process (PID=99360) to work on /home/maira/projeto_indicium_engineering/venv/lib/python3.10/site-packages/airflow/example_dags/example_bash_operator.py
[2024-06-14T17:39:06.598-0300] {processor.py:830} INFO - Processing file /home/maira/projeto_indicium_engineering/venv/lib/python3.10/site-packages/airflow/example_dags/example_bash_operator.py for tasks to queue
[2024-06-14T17:39:06.600-0300] {logging_mixin.py:188} INFO - [2024-06-14T17:39:06.599-0300] {dagbag.py:545} INFO - Filling up the DagBag from /home/maira/projeto_indicium_engineering/venv/lib/python3.10/site-packages/airflow/example_dags/example_bash_operator.py
[2024-06-14T17:39:06.610-0300] {processor.py:840} INFO - DAG(s) 'example_bash_operator' retrieved from /home/maira/projeto_indicium_engineering/venv/lib/python3.10/site-packages/airflow/example_dags/example_bash_operator.py
[2024-06-14T17:39:06.626-0300] {logging_mixin.py:188} INFO - [2024-06-14T17:39:06.626-0300] {dag.py:3096} INFO - Sync 1 DAGs
[2024-06-14T17:39:06.641-0300] {logging_mixin.py:188} INFO - [2024-06-14T17:39:06.641-0300] {dag.py:3954} INFO - Setting next_dagrun for example_bash_operator to 2024-06-13 00:00:00+00:00, run_after=2024-06-14 00:00:00+00:00
[2024-06-14T17:39:06.664-0300] {processor.py:183} INFO - Processing /home/maira/projeto_indicium_engineering/venv/lib/python3.10/site-packages/airflow/example_dags/example_bash_operator.py took 0.072 seconds
[2024-06-14T17:40:06.159-0300] {processor.py:161} INFO - Started process (PID=99655) to work on /home/maira/projeto_indicium_engineering/venv/lib/python3.10/site-packages/airflow/example_dags/example_bash_operator.py
[2024-06-14T17:40:06.164-0300] {processor.py:830} INFO - Processing file /home/maira/projeto_indicium_engineering/venv/lib/python3.10/site-packages/airflow/example_dags/example_bash_operator.py for tasks to queue
[2024-06-14T17:40:06.166-0300] {logging_mixin.py:188} INFO - [2024-06-14T17:40:06.166-0300] {dagbag.py:545} INFO - Filling up the DagBag from /home/maira/projeto_indicium_engineering/venv/lib/python3.10/site-packages/airflow/example_dags/example_bash_operator.py
[2024-06-14T17:40:06.174-0300] {processor.py:840} INFO - DAG(s) 'example_bash_operator' retrieved from /home/maira/projeto_indicium_engineering/venv/lib/python3.10/site-packages/airflow/example_dags/example_bash_operator.py
[2024-06-14T17:40:06.191-0300] {logging_mixin.py:188} INFO - [2024-06-14T17:40:06.191-0300] {dag.py:3096} INFO - Sync 1 DAGs
[2024-06-14T17:40:06.205-0300] {logging_mixin.py:188} INFO - [2024-06-14T17:40:06.205-0300] {dag.py:3954} INFO - Setting next_dagrun for example_bash_operator to 2024-06-13 00:00:00+00:00, run_after=2024-06-14 00:00:00+00:00
[2024-06-14T17:40:06.229-0300] {processor.py:183} INFO - Processing /home/maira/projeto_indicium_engineering/venv/lib/python3.10/site-packages/airflow/example_dags/example_bash_operator.py took 0.076 seconds
[2024-06-14T17:41:07.772-0300] {processor.py:161} INFO - Started process (PID=99958) to work on /home/maira/projeto_indicium_engineering/venv/lib/python3.10/site-packages/airflow/example_dags/example_bash_operator.py
[2024-06-14T17:41:07.774-0300] {processor.py:830} INFO - Processing file /home/maira/projeto_indicium_engineering/venv/lib/python3.10/site-packages/airflow/example_dags/example_bash_operator.py for tasks to queue
[2024-06-14T17:41:07.775-0300] {logging_mixin.py:188} INFO - [2024-06-14T17:41:07.775-0300] {dagbag.py:545} INFO - Filling up the DagBag from /home/maira/projeto_indicium_engineering/venv/lib/python3.10/site-packages/airflow/example_dags/example_bash_operator.py
[2024-06-14T17:41:07.785-0300] {processor.py:840} INFO - DAG(s) 'example_bash_operator' retrieved from /home/maira/projeto_indicium_engineering/venv/lib/python3.10/site-packages/airflow/example_dags/example_bash_operator.py
[2024-06-14T17:41:07.802-0300] {logging_mixin.py:188} INFO - [2024-06-14T17:41:07.801-0300] {dag.py:3096} INFO - Sync 1 DAGs
[2024-06-14T17:41:07.816-0300] {logging_mixin.py:188} INFO - [2024-06-14T17:41:07.815-0300] {dag.py:3954} INFO - Setting next_dagrun for example_bash_operator to 2024-06-13 00:00:00+00:00, run_after=2024-06-14 00:00:00+00:00
[2024-06-14T17:41:07.838-0300] {processor.py:183} INFO - Processing /home/maira/projeto_indicium_engineering/venv/lib/python3.10/site-packages/airflow/example_dags/example_bash_operator.py took 0.070 seconds
[2024-06-14T17:42:09.843-0300] {processor.py:161} INFO - Started process (PID=100266) to work on /home/maira/projeto_indicium_engineering/venv/lib/python3.10/site-packages/airflow/example_dags/example_bash_operator.py
[2024-06-14T17:42:09.845-0300] {processor.py:830} INFO - Processing file /home/maira/projeto_indicium_engineering/venv/lib/python3.10/site-packages/airflow/example_dags/example_bash_operator.py for tasks to queue
[2024-06-14T17:42:09.847-0300] {logging_mixin.py:188} INFO - [2024-06-14T17:42:09.847-0300] {dagbag.py:545} INFO - Filling up the DagBag from /home/maira/projeto_indicium_engineering/venv/lib/python3.10/site-packages/airflow/example_dags/example_bash_operator.py
[2024-06-14T17:42:09.858-0300] {processor.py:840} INFO - DAG(s) 'example_bash_operator' retrieved from /home/maira/projeto_indicium_engineering/venv/lib/python3.10/site-packages/airflow/example_dags/example_bash_operator.py
[2024-06-14T17:42:09.880-0300] {logging_mixin.py:188} INFO - [2024-06-14T17:42:09.880-0300] {dag.py:3096} INFO - Sync 1 DAGs
[2024-06-14T17:42:09.899-0300] {logging_mixin.py:188} INFO - [2024-06-14T17:42:09.898-0300] {dag.py:3954} INFO - Setting next_dagrun for example_bash_operator to 2024-06-13 00:00:00+00:00, run_after=2024-06-14 00:00:00+00:00
[2024-06-14T17:42:09.921-0300] {processor.py:183} INFO - Processing /home/maira/projeto_indicium_engineering/venv/lib/python3.10/site-packages/airflow/example_dags/example_bash_operator.py took 0.082 seconds
[2024-06-14T17:43:09.477-0300] {processor.py:161} INFO - Started process (PID=100562) to work on /home/maira/projeto_indicium_engineering/venv/lib/python3.10/site-packages/airflow/example_dags/example_bash_operator.py
[2024-06-14T17:43:09.478-0300] {processor.py:830} INFO - Processing file /home/maira/projeto_indicium_engineering/venv/lib/python3.10/site-packages/airflow/example_dags/example_bash_operator.py for tasks to queue
[2024-06-14T17:43:09.481-0300] {logging_mixin.py:188} INFO - [2024-06-14T17:43:09.480-0300] {dagbag.py:545} INFO - Filling up the DagBag from /home/maira/projeto_indicium_engineering/venv/lib/python3.10/site-packages/airflow/example_dags/example_bash_operator.py
[2024-06-14T17:43:09.490-0300] {processor.py:840} INFO - DAG(s) 'example_bash_operator' retrieved from /home/maira/projeto_indicium_engineering/venv/lib/python3.10/site-packages/airflow/example_dags/example_bash_operator.py
[2024-06-14T17:43:09.507-0300] {logging_mixin.py:188} INFO - [2024-06-14T17:43:09.507-0300] {dag.py:3096} INFO - Sync 1 DAGs
[2024-06-14T17:43:09.521-0300] {logging_mixin.py:188} INFO - [2024-06-14T17:43:09.521-0300] {dag.py:3954} INFO - Setting next_dagrun for example_bash_operator to 2024-06-13 00:00:00+00:00, run_after=2024-06-14 00:00:00+00:00
[2024-06-14T17:43:09.543-0300] {processor.py:183} INFO - Processing /home/maira/projeto_indicium_engineering/venv/lib/python3.10/site-packages/airflow/example_dags/example_bash_operator.py took 0.071 seconds
[2024-06-14T17:44:04.904-0300] {processor.py:161} INFO - Started process (PID=100840) to work on /home/maira/projeto_indicium_engineering/venv/lib/python3.10/site-packages/airflow/example_dags/example_bash_operator.py
[2024-06-14T17:44:04.906-0300] {processor.py:830} INFO - Processing file /home/maira/projeto_indicium_engineering/venv/lib/python3.10/site-packages/airflow/example_dags/example_bash_operator.py for tasks to queue
[2024-06-14T17:44:04.907-0300] {logging_mixin.py:188} INFO - [2024-06-14T17:44:04.907-0300] {dagbag.py:545} INFO - Filling up the DagBag from /home/maira/projeto_indicium_engineering/venv/lib/python3.10/site-packages/airflow/example_dags/example_bash_operator.py
[2024-06-14T17:44:04.916-0300] {processor.py:840} INFO - DAG(s) 'example_bash_operator' retrieved from /home/maira/projeto_indicium_engineering/venv/lib/python3.10/site-packages/airflow/example_dags/example_bash_operator.py
[2024-06-14T17:44:04.933-0300] {logging_mixin.py:188} INFO - [2024-06-14T17:44:04.933-0300] {dag.py:3096} INFO - Sync 1 DAGs
[2024-06-14T17:44:04.947-0300] {logging_mixin.py:188} INFO - [2024-06-14T17:44:04.947-0300] {dag.py:3954} INFO - Setting next_dagrun for example_bash_operator to 2024-06-13 00:00:00+00:00, run_after=2024-06-14 00:00:00+00:00
[2024-06-14T17:44:04.967-0300] {processor.py:183} INFO - Processing /home/maira/projeto_indicium_engineering/venv/lib/python3.10/site-packages/airflow/example_dags/example_bash_operator.py took 0.068 seconds
[2024-06-14T17:45:02.849-0300] {processor.py:161} INFO - Started process (PID=101130) to work on /home/maira/projeto_indicium_engineering/venv/lib/python3.10/site-packages/airflow/example_dags/example_bash_operator.py
[2024-06-14T17:45:02.851-0300] {processor.py:830} INFO - Processing file /home/maira/projeto_indicium_engineering/venv/lib/python3.10/site-packages/airflow/example_dags/example_bash_operator.py for tasks to queue
[2024-06-14T17:45:02.852-0300] {logging_mixin.py:188} INFO - [2024-06-14T17:45:02.852-0300] {dagbag.py:545} INFO - Filling up the DagBag from /home/maira/projeto_indicium_engineering/venv/lib/python3.10/site-packages/airflow/example_dags/example_bash_operator.py
[2024-06-14T17:45:02.860-0300] {processor.py:840} INFO - DAG(s) 'example_bash_operator' retrieved from /home/maira/projeto_indicium_engineering/venv/lib/python3.10/site-packages/airflow/example_dags/example_bash_operator.py
[2024-06-14T17:45:02.877-0300] {logging_mixin.py:188} INFO - [2024-06-14T17:45:02.877-0300] {dag.py:3096} INFO - Sync 1 DAGs
[2024-06-14T17:45:02.891-0300] {logging_mixin.py:188} INFO - [2024-06-14T17:45:02.891-0300] {dag.py:3954} INFO - Setting next_dagrun for example_bash_operator to 2024-06-13 00:00:00+00:00, run_after=2024-06-14 00:00:00+00:00
[2024-06-14T17:45:02.915-0300] {processor.py:183} INFO - Processing /home/maira/projeto_indicium_engineering/venv/lib/python3.10/site-packages/airflow/example_dags/example_bash_operator.py took 0.070 seconds
[2024-06-14T17:46:03.425-0300] {processor.py:161} INFO - Started process (PID=101430) to work on /home/maira/projeto_indicium_engineering/venv/lib/python3.10/site-packages/airflow/example_dags/example_bash_operator.py
[2024-06-14T17:46:03.427-0300] {processor.py:830} INFO - Processing file /home/maira/projeto_indicium_engineering/venv/lib/python3.10/site-packages/airflow/example_dags/example_bash_operator.py for tasks to queue
[2024-06-14T17:46:03.429-0300] {logging_mixin.py:188} INFO - [2024-06-14T17:46:03.428-0300] {dagbag.py:545} INFO - Filling up the DagBag from /home/maira/projeto_indicium_engineering/venv/lib/python3.10/site-packages/airflow/example_dags/example_bash_operator.py
[2024-06-14T17:46:03.440-0300] {processor.py:840} INFO - DAG(s) 'example_bash_operator' retrieved from /home/maira/projeto_indicium_engineering/venv/lib/python3.10/site-packages/airflow/example_dags/example_bash_operator.py
[2024-06-14T17:46:03.460-0300] {logging_mixin.py:188} INFO - [2024-06-14T17:46:03.460-0300] {dag.py:3096} INFO - Sync 1 DAGs
[2024-06-14T17:46:03.478-0300] {logging_mixin.py:188} INFO - [2024-06-14T17:46:03.478-0300] {dag.py:3954} INFO - Setting next_dagrun for example_bash_operator to 2024-06-13 00:00:00+00:00, run_after=2024-06-14 00:00:00+00:00
[2024-06-14T17:46:03.507-0300] {processor.py:183} INFO - Processing /home/maira/projeto_indicium_engineering/venv/lib/python3.10/site-packages/airflow/example_dags/example_bash_operator.py took 0.087 seconds
[2024-06-14T17:47:06.300-0300] {processor.py:161} INFO - Started process (PID=101741) to work on /home/maira/projeto_indicium_engineering/venv/lib/python3.10/site-packages/airflow/example_dags/example_bash_operator.py
[2024-06-14T17:47:06.301-0300] {processor.py:830} INFO - Processing file /home/maira/projeto_indicium_engineering/venv/lib/python3.10/site-packages/airflow/example_dags/example_bash_operator.py for tasks to queue
[2024-06-14T17:47:06.302-0300] {logging_mixin.py:188} INFO - [2024-06-14T17:47:06.302-0300] {dagbag.py:545} INFO - Filling up the DagBag from /home/maira/projeto_indicium_engineering/venv/lib/python3.10/site-packages/airflow/example_dags/example_bash_operator.py
[2024-06-14T17:47:06.313-0300] {processor.py:840} INFO - DAG(s) 'example_bash_operator' retrieved from /home/maira/projeto_indicium_engineering/venv/lib/python3.10/site-packages/airflow/example_dags/example_bash_operator.py
[2024-06-14T17:47:06.329-0300] {logging_mixin.py:188} INFO - [2024-06-14T17:47:06.329-0300] {dag.py:3096} INFO - Sync 1 DAGs
[2024-06-14T17:47:06.344-0300] {logging_mixin.py:188} INFO - [2024-06-14T17:47:06.344-0300] {dag.py:3954} INFO - Setting next_dagrun for example_bash_operator to 2024-06-13 00:00:00+00:00, run_after=2024-06-14 00:00:00+00:00
[2024-06-14T17:47:06.363-0300] {processor.py:183} INFO - Processing /home/maira/projeto_indicium_engineering/venv/lib/python3.10/site-packages/airflow/example_dags/example_bash_operator.py took 0.068 seconds
[2024-06-14T17:48:03.075-0300] {processor.py:161} INFO - Started process (PID=102023) to work on /home/maira/projeto_indicium_engineering/venv/lib/python3.10/site-packages/airflow/example_dags/example_bash_operator.py
[2024-06-14T17:48:03.077-0300] {processor.py:830} INFO - Processing file /home/maira/projeto_indicium_engineering/venv/lib/python3.10/site-packages/airflow/example_dags/example_bash_operator.py for tasks to queue
[2024-06-14T17:48:03.079-0300] {logging_mixin.py:188} INFO - [2024-06-14T17:48:03.078-0300] {dagbag.py:545} INFO - Filling up the DagBag from /home/maira/projeto_indicium_engineering/venv/lib/python3.10/site-packages/airflow/example_dags/example_bash_operator.py
[2024-06-14T17:48:03.089-0300] {processor.py:840} INFO - DAG(s) 'example_bash_operator' retrieved from /home/maira/projeto_indicium_engineering/venv/lib/python3.10/site-packages/airflow/example_dags/example_bash_operator.py
[2024-06-14T17:48:03.105-0300] {logging_mixin.py:188} INFO - [2024-06-14T17:48:03.105-0300] {dag.py:3096} INFO - Sync 1 DAGs
[2024-06-14T17:48:03.120-0300] {logging_mixin.py:188} INFO - [2024-06-14T17:48:03.119-0300] {dag.py:3954} INFO - Setting next_dagrun for example_bash_operator to 2024-06-13 00:00:00+00:00, run_after=2024-06-14 00:00:00+00:00
[2024-06-14T17:48:03.142-0300] {processor.py:183} INFO - Processing /home/maira/projeto_indicium_engineering/venv/lib/python3.10/site-packages/airflow/example_dags/example_bash_operator.py took 0.072 seconds
[2024-06-14T17:49:08.029-0300] {processor.py:161} INFO - Started process (PID=102343) to work on /home/maira/projeto_indicium_engineering/venv/lib/python3.10/site-packages/airflow/example_dags/example_bash_operator.py
[2024-06-14T17:49:08.031-0300] {processor.py:830} INFO - Processing file /home/maira/projeto_indicium_engineering/venv/lib/python3.10/site-packages/airflow/example_dags/example_bash_operator.py for tasks to queue
[2024-06-14T17:49:08.033-0300] {logging_mixin.py:188} INFO - [2024-06-14T17:49:08.033-0300] {dagbag.py:545} INFO - Filling up the DagBag from /home/maira/projeto_indicium_engineering/venv/lib/python3.10/site-packages/airflow/example_dags/example_bash_operator.py
[2024-06-14T17:49:08.042-0300] {processor.py:840} INFO - DAG(s) 'example_bash_operator' retrieved from /home/maira/projeto_indicium_engineering/venv/lib/python3.10/site-packages/airflow/example_dags/example_bash_operator.py
[2024-06-14T17:49:08.058-0300] {logging_mixin.py:188} INFO - [2024-06-14T17:49:08.058-0300] {dag.py:3096} INFO - Sync 1 DAGs
[2024-06-14T17:49:08.072-0300] {logging_mixin.py:188} INFO - [2024-06-14T17:49:08.072-0300] {dag.py:3954} INFO - Setting next_dagrun for example_bash_operator to 2024-06-13 00:00:00+00:00, run_after=2024-06-14 00:00:00+00:00
[2024-06-14T17:49:08.095-0300] {processor.py:183} INFO - Processing /home/maira/projeto_indicium_engineering/venv/lib/python3.10/site-packages/airflow/example_dags/example_bash_operator.py took 0.071 seconds
[2024-06-14T17:50:10.356-0300] {processor.py:161} INFO - Started process (PID=102652) to work on /home/maira/projeto_indicium_engineering/venv/lib/python3.10/site-packages/airflow/example_dags/example_bash_operator.py
[2024-06-14T17:50:10.357-0300] {processor.py:830} INFO - Processing file /home/maira/projeto_indicium_engineering/venv/lib/python3.10/site-packages/airflow/example_dags/example_bash_operator.py for tasks to queue
[2024-06-14T17:50:10.359-0300] {logging_mixin.py:188} INFO - [2024-06-14T17:50:10.358-0300] {dagbag.py:545} INFO - Filling up the DagBag from /home/maira/projeto_indicium_engineering/venv/lib/python3.10/site-packages/airflow/example_dags/example_bash_operator.py
[2024-06-14T17:50:10.368-0300] {processor.py:840} INFO - DAG(s) 'example_bash_operator' retrieved from /home/maira/projeto_indicium_engineering/venv/lib/python3.10/site-packages/airflow/example_dags/example_bash_operator.py
[2024-06-14T17:50:10.387-0300] {logging_mixin.py:188} INFO - [2024-06-14T17:50:10.386-0300] {dag.py:3096} INFO - Sync 1 DAGs
[2024-06-14T17:50:10.402-0300] {logging_mixin.py:188} INFO - [2024-06-14T17:50:10.402-0300] {dag.py:3954} INFO - Setting next_dagrun for example_bash_operator to 2024-06-13 00:00:00+00:00, run_after=2024-06-14 00:00:00+00:00
[2024-06-14T17:50:10.425-0300] {processor.py:183} INFO - Processing /home/maira/projeto_indicium_engineering/venv/lib/python3.10/site-packages/airflow/example_dags/example_bash_operator.py took 0.074 seconds
[2024-06-14T17:51:10.783-0300] {processor.py:161} INFO - Started process (PID=102950) to work on /home/maira/projeto_indicium_engineering/venv/lib/python3.10/site-packages/airflow/example_dags/example_bash_operator.py
[2024-06-14T17:51:10.784-0300] {processor.py:830} INFO - Processing file /home/maira/projeto_indicium_engineering/venv/lib/python3.10/site-packages/airflow/example_dags/example_bash_operator.py for tasks to queue
[2024-06-14T17:51:10.786-0300] {logging_mixin.py:188} INFO - [2024-06-14T17:51:10.786-0300] {dagbag.py:545} INFO - Filling up the DagBag from /home/maira/projeto_indicium_engineering/venv/lib/python3.10/site-packages/airflow/example_dags/example_bash_operator.py
[2024-06-14T17:51:10.795-0300] {processor.py:840} INFO - DAG(s) 'example_bash_operator' retrieved from /home/maira/projeto_indicium_engineering/venv/lib/python3.10/site-packages/airflow/example_dags/example_bash_operator.py
[2024-06-14T17:51:10.812-0300] {logging_mixin.py:188} INFO - [2024-06-14T17:51:10.811-0300] {dag.py:3096} INFO - Sync 1 DAGs
[2024-06-14T17:51:10.825-0300] {logging_mixin.py:188} INFO - [2024-06-14T17:51:10.825-0300] {dag.py:3954} INFO - Setting next_dagrun for example_bash_operator to 2024-06-13 00:00:00+00:00, run_after=2024-06-14 00:00:00+00:00
[2024-06-14T17:51:10.848-0300] {processor.py:183} INFO - Processing /home/maira/projeto_indicium_engineering/venv/lib/python3.10/site-packages/airflow/example_dags/example_bash_operator.py took 0.070 seconds
[2024-06-14T20:52:22.160-0300] {processor.py:161} INFO - Started process (PID=103665) to work on /home/maira/projeto_indicium_engineering/venv/lib/python3.10/site-packages/airflow/example_dags/example_bash_operator.py
[2024-06-14T20:52:22.162-0300] {processor.py:830} INFO - Processing file /home/maira/projeto_indicium_engineering/venv/lib/python3.10/site-packages/airflow/example_dags/example_bash_operator.py for tasks to queue
[2024-06-14T20:52:22.163-0300] {logging_mixin.py:188} INFO - [2024-06-14T20:52:22.163-0300] {dagbag.py:545} INFO - Filling up the DagBag from /home/maira/projeto_indicium_engineering/venv/lib/python3.10/site-packages/airflow/example_dags/example_bash_operator.py
[2024-06-14T20:52:22.173-0300] {processor.py:840} INFO - DAG(s) 'example_bash_operator' retrieved from /home/maira/projeto_indicium_engineering/venv/lib/python3.10/site-packages/airflow/example_dags/example_bash_operator.py
[2024-06-14T20:52:22.191-0300] {logging_mixin.py:188} INFO - [2024-06-14T20:52:22.191-0300] {dag.py:3096} INFO - Sync 1 DAGs
[2024-06-14T20:52:22.206-0300] {logging_mixin.py:188} INFO - [2024-06-14T20:52:22.206-0300] {dag.py:3954} INFO - Setting next_dagrun for example_bash_operator to 2024-06-13 00:00:00+00:00, run_after=2024-06-14 00:00:00+00:00
[2024-06-14T20:52:22.226-0300] {processor.py:183} INFO - Processing /home/maira/projeto_indicium_engineering/venv/lib/python3.10/site-packages/airflow/example_dags/example_bash_operator.py took 0.070 seconds
[2024-06-14T20:53:20.500-0300] {processor.py:161} INFO - Started process (PID=103946) to work on /home/maira/projeto_indicium_engineering/venv/lib/python3.10/site-packages/airflow/example_dags/example_bash_operator.py
[2024-06-14T20:53:20.677-0300] {processor.py:830} INFO - Processing file /home/maira/projeto_indicium_engineering/venv/lib/python3.10/site-packages/airflow/example_dags/example_bash_operator.py for tasks to queue
[2024-06-14T20:53:20.679-0300] {logging_mixin.py:188} INFO - [2024-06-14T20:53:20.678-0300] {dagbag.py:545} INFO - Filling up the DagBag from /home/maira/projeto_indicium_engineering/venv/lib/python3.10/site-packages/airflow/example_dags/example_bash_operator.py
[2024-06-14T20:53:20.688-0300] {processor.py:840} INFO - DAG(s) 'example_bash_operator' retrieved from /home/maira/projeto_indicium_engineering/venv/lib/python3.10/site-packages/airflow/example_dags/example_bash_operator.py
[2024-06-14T20:53:20.705-0300] {logging_mixin.py:188} INFO - [2024-06-14T20:53:20.704-0300] {dag.py:3096} INFO - Sync 1 DAGs
[2024-06-14T20:53:20.718-0300] {logging_mixin.py:188} INFO - [2024-06-14T20:53:20.718-0300] {dag.py:3954} INFO - Setting next_dagrun for example_bash_operator to 2024-06-13 00:00:00+00:00, run_after=2024-06-14 00:00:00+00:00
[2024-06-14T20:53:22.317-0300] {processor.py:183} INFO - Processing /home/maira/projeto_indicium_engineering/venv/lib/python3.10/site-packages/airflow/example_dags/example_bash_operator.py took 1.822 seconds
