[2024-06-14T16:30:57.953-0300] {processor.py:161} INFO - Started process (PID=86452) to work on /home/maira/projeto_indicium_engineering/venv/lib/python3.10/site-packages/airflow/example_dags/example_latest_only.py
[2024-06-14T16:30:57.954-0300] {processor.py:830} INFO - Processing file /home/maira/projeto_indicium_engineering/venv/lib/python3.10/site-packages/airflow/example_dags/example_latest_only.py for tasks to queue
[2024-06-14T16:30:57.955-0300] {logging_mixin.py:188} INFO - [2024-06-14T16:30:57.955-0300] {dagbag.py:545} INFO - Filling up the DagBag from /home/maira/projeto_indicium_engineering/venv/lib/python3.10/site-packages/airflow/example_dags/example_latest_only.py
[2024-06-14T16:30:57.959-0300] {processor.py:840} INFO - DAG(s) 'latest_only' retrieved from /home/maira/projeto_indicium_engineering/venv/lib/python3.10/site-packages/airflow/example_dags/example_latest_only.py
[2024-06-14T16:30:58.038-0300] {logging_mixin.py:188} INFO - [2024-06-14T16:30:58.037-0300] {override.py:1829} INFO - Created Permission View: can edit on DAG:latest_only
[2024-06-14T16:30:58.051-0300] {logging_mixin.py:188} INFO - [2024-06-14T16:30:58.050-0300] {override.py:1829} INFO - Created Permission View: can delete on DAG:latest_only
[2024-06-14T16:30:58.062-0300] {logging_mixin.py:188} INFO - [2024-06-14T16:30:58.061-0300] {override.py:1829} INFO - Created Permission View: can read on DAG:latest_only
[2024-06-14T16:30:58.062-0300] {logging_mixin.py:188} INFO - [2024-06-14T16:30:58.062-0300] {dag.py:3096} INFO - Sync 1 DAGs
[2024-06-14T16:30:58.069-0300] {logging_mixin.py:188} INFO - [2024-06-14T16:30:58.069-0300] {dag.py:3118} INFO - Creating ORM DAG for latest_only
[2024-06-14T16:30:58.075-0300] {logging_mixin.py:188} INFO - [2024-06-14T16:30:58.075-0300] {dag.py:3954} INFO - Setting next_dagrun for latest_only to 2024-06-14 12:00:00+00:00, run_after=2024-06-14 16:00:00+00:00
[2024-06-14T16:30:58.097-0300] {processor.py:183} INFO - Processing /home/maira/projeto_indicium_engineering/venv/lib/python3.10/site-packages/airflow/example_dags/example_latest_only.py took 0.148 seconds
[2024-06-14T16:31:54.341-0300] {processor.py:161} INFO - Started process (PID=86725) to work on /home/maira/projeto_indicium_engineering/venv/lib/python3.10/site-packages/airflow/example_dags/example_latest_only.py
[2024-06-14T16:31:54.346-0300] {processor.py:830} INFO - Processing file /home/maira/projeto_indicium_engineering/venv/lib/python3.10/site-packages/airflow/example_dags/example_latest_only.py for tasks to queue
[2024-06-14T16:31:54.347-0300] {logging_mixin.py:188} INFO - [2024-06-14T16:31:54.347-0300] {dagbag.py:545} INFO - Filling up the DagBag from /home/maira/projeto_indicium_engineering/venv/lib/python3.10/site-packages/airflow/example_dags/example_latest_only.py
[2024-06-14T16:31:54.351-0300] {processor.py:840} INFO - DAG(s) 'latest_only' retrieved from /home/maira/projeto_indicium_engineering/venv/lib/python3.10/site-packages/airflow/example_dags/example_latest_only.py
[2024-06-14T16:31:54.361-0300] {logging_mixin.py:188} INFO - [2024-06-14T16:31:54.361-0300] {dag.py:3096} INFO - Sync 1 DAGs
[2024-06-14T16:31:54.374-0300] {logging_mixin.py:188} INFO - [2024-06-14T16:31:54.374-0300] {dag.py:3954} INFO - Setting next_dagrun for latest_only to 2024-06-14 12:00:00+00:00, run_after=2024-06-14 16:00:00+00:00
[2024-06-14T16:31:54.471-0300] {processor.py:183} INFO - Processing /home/maira/projeto_indicium_engineering/venv/lib/python3.10/site-packages/airflow/example_dags/example_latest_only.py took 0.134 seconds
[2024-06-14T16:32:46.265-0300] {processor.py:161} INFO - Started process (PID=86979) to work on /home/maira/projeto_indicium_engineering/venv/lib/python3.10/site-packages/airflow/example_dags/example_latest_only.py
[2024-06-14T16:32:46.269-0300] {processor.py:830} INFO - Processing file /home/maira/projeto_indicium_engineering/venv/lib/python3.10/site-packages/airflow/example_dags/example_latest_only.py for tasks to queue
[2024-06-14T16:32:46.271-0300] {logging_mixin.py:188} INFO - [2024-06-14T16:32:46.270-0300] {dagbag.py:545} INFO - Filling up the DagBag from /home/maira/projeto_indicium_engineering/venv/lib/python3.10/site-packages/airflow/example_dags/example_latest_only.py
[2024-06-14T16:32:46.275-0300] {processor.py:840} INFO - DAG(s) 'latest_only' retrieved from /home/maira/projeto_indicium_engineering/venv/lib/python3.10/site-packages/airflow/example_dags/example_latest_only.py
[2024-06-14T16:32:46.286-0300] {logging_mixin.py:188} INFO - [2024-06-14T16:32:46.285-0300] {dag.py:3096} INFO - Sync 1 DAGs
[2024-06-14T16:32:46.299-0300] {logging_mixin.py:188} INFO - [2024-06-14T16:32:46.299-0300] {dag.py:3954} INFO - Setting next_dagrun for latest_only to 2024-06-14 12:00:00+00:00, run_after=2024-06-14 16:00:00+00:00
[2024-06-14T16:32:46.322-0300] {processor.py:183} INFO - Processing /home/maira/projeto_indicium_engineering/venv/lib/python3.10/site-packages/airflow/example_dags/example_latest_only.py took 0.062 seconds
[2024-06-14T16:33:37.076-0300] {processor.py:161} INFO - Started process (PID=87227) to work on /home/maira/projeto_indicium_engineering/venv/lib/python3.10/site-packages/airflow/example_dags/example_latest_only.py
[2024-06-14T16:33:37.077-0300] {processor.py:830} INFO - Processing file /home/maira/projeto_indicium_engineering/venv/lib/python3.10/site-packages/airflow/example_dags/example_latest_only.py for tasks to queue
[2024-06-14T16:33:37.079-0300] {logging_mixin.py:188} INFO - [2024-06-14T16:33:37.078-0300] {dagbag.py:545} INFO - Filling up the DagBag from /home/maira/projeto_indicium_engineering/venv/lib/python3.10/site-packages/airflow/example_dags/example_latest_only.py
[2024-06-14T16:33:37.084-0300] {processor.py:840} INFO - DAG(s) 'latest_only' retrieved from /home/maira/projeto_indicium_engineering/venv/lib/python3.10/site-packages/airflow/example_dags/example_latest_only.py
[2024-06-14T16:33:37.096-0300] {logging_mixin.py:188} INFO - [2024-06-14T16:33:37.096-0300] {dag.py:3096} INFO - Sync 1 DAGs
[2024-06-14T16:33:37.110-0300] {logging_mixin.py:188} INFO - [2024-06-14T16:33:37.110-0300] {dag.py:3954} INFO - Setting next_dagrun for latest_only to 2024-06-14 12:00:00+00:00, run_after=2024-06-14 16:00:00+00:00
[2024-06-14T16:33:37.131-0300] {processor.py:183} INFO - Processing /home/maira/projeto_indicium_engineering/venv/lib/python3.10/site-packages/airflow/example_dags/example_latest_only.py took 0.061 seconds
[2024-06-14T16:34:37.787-0300] {processor.py:161} INFO - Started process (PID=87528) to work on /home/maira/projeto_indicium_engineering/venv/lib/python3.10/site-packages/airflow/example_dags/example_latest_only.py
[2024-06-14T16:34:37.789-0300] {processor.py:830} INFO - Processing file /home/maira/projeto_indicium_engineering/venv/lib/python3.10/site-packages/airflow/example_dags/example_latest_only.py for tasks to queue
[2024-06-14T16:34:37.790-0300] {logging_mixin.py:188} INFO - [2024-06-14T16:34:37.790-0300] {dagbag.py:545} INFO - Filling up the DagBag from /home/maira/projeto_indicium_engineering/venv/lib/python3.10/site-packages/airflow/example_dags/example_latest_only.py
[2024-06-14T16:34:37.794-0300] {processor.py:840} INFO - DAG(s) 'latest_only' retrieved from /home/maira/projeto_indicium_engineering/venv/lib/python3.10/site-packages/airflow/example_dags/example_latest_only.py
[2024-06-14T16:34:37.805-0300] {logging_mixin.py:188} INFO - [2024-06-14T16:34:37.805-0300] {dag.py:3096} INFO - Sync 1 DAGs
[2024-06-14T16:34:37.819-0300] {logging_mixin.py:188} INFO - [2024-06-14T16:34:37.819-0300] {dag.py:3954} INFO - Setting next_dagrun for latest_only to 2024-06-14 12:00:00+00:00, run_after=2024-06-14 16:00:00+00:00
[2024-06-14T16:34:37.842-0300] {processor.py:183} INFO - Processing /home/maira/projeto_indicium_engineering/venv/lib/python3.10/site-packages/airflow/example_dags/example_latest_only.py took 0.059 seconds
[2024-06-14T16:35:33.637-0300] {processor.py:161} INFO - Started process (PID=87809) to work on /home/maira/projeto_indicium_engineering/venv/lib/python3.10/site-packages/airflow/example_dags/example_latest_only.py
[2024-06-14T16:35:33.639-0300] {processor.py:830} INFO - Processing file /home/maira/projeto_indicium_engineering/venv/lib/python3.10/site-packages/airflow/example_dags/example_latest_only.py for tasks to queue
[2024-06-14T16:35:33.641-0300] {logging_mixin.py:188} INFO - [2024-06-14T16:35:33.640-0300] {dagbag.py:545} INFO - Filling up the DagBag from /home/maira/projeto_indicium_engineering/venv/lib/python3.10/site-packages/airflow/example_dags/example_latest_only.py
[2024-06-14T16:35:33.646-0300] {processor.py:840} INFO - DAG(s) 'latest_only' retrieved from /home/maira/projeto_indicium_engineering/venv/lib/python3.10/site-packages/airflow/example_dags/example_latest_only.py
[2024-06-14T16:35:33.662-0300] {logging_mixin.py:188} INFO - [2024-06-14T16:35:33.662-0300] {dag.py:3096} INFO - Sync 1 DAGs
[2024-06-14T16:35:33.684-0300] {logging_mixin.py:188} INFO - [2024-06-14T16:35:33.684-0300] {dag.py:3954} INFO - Setting next_dagrun for latest_only to 2024-06-14 12:00:00+00:00, run_after=2024-06-14 16:00:00+00:00
[2024-06-14T16:35:33.713-0300] {processor.py:183} INFO - Processing /home/maira/projeto_indicium_engineering/venv/lib/python3.10/site-packages/airflow/example_dags/example_latest_only.py took 0.081 seconds
[2024-06-14T16:36:34.263-0300] {processor.py:161} INFO - Started process (PID=88109) to work on /home/maira/projeto_indicium_engineering/venv/lib/python3.10/site-packages/airflow/example_dags/example_latest_only.py
[2024-06-14T16:36:34.264-0300] {processor.py:830} INFO - Processing file /home/maira/projeto_indicium_engineering/venv/lib/python3.10/site-packages/airflow/example_dags/example_latest_only.py for tasks to queue
[2024-06-14T16:36:34.266-0300] {logging_mixin.py:188} INFO - [2024-06-14T16:36:34.266-0300] {dagbag.py:545} INFO - Filling up the DagBag from /home/maira/projeto_indicium_engineering/venv/lib/python3.10/site-packages/airflow/example_dags/example_latest_only.py
[2024-06-14T16:36:34.273-0300] {processor.py:840} INFO - DAG(s) 'latest_only' retrieved from /home/maira/projeto_indicium_engineering/venv/lib/python3.10/site-packages/airflow/example_dags/example_latest_only.py
[2024-06-14T16:36:34.290-0300] {logging_mixin.py:188} INFO - [2024-06-14T16:36:34.290-0300] {dag.py:3096} INFO - Sync 1 DAGs
[2024-06-14T16:36:34.316-0300] {logging_mixin.py:188} INFO - [2024-06-14T16:36:34.316-0300] {dag.py:3954} INFO - Setting next_dagrun for latest_only to 2024-06-14 12:00:00+00:00, run_after=2024-06-14 16:00:00+00:00
[2024-06-14T16:36:34.347-0300] {processor.py:183} INFO - Processing /home/maira/projeto_indicium_engineering/venv/lib/python3.10/site-packages/airflow/example_dags/example_latest_only.py took 0.090 seconds
[2024-06-14T16:37:30.389-0300] {processor.py:161} INFO - Started process (PID=88389) to work on /home/maira/projeto_indicium_engineering/venv/lib/python3.10/site-packages/airflow/example_dags/example_latest_only.py
[2024-06-14T16:37:30.391-0300] {processor.py:830} INFO - Processing file /home/maira/projeto_indicium_engineering/venv/lib/python3.10/site-packages/airflow/example_dags/example_latest_only.py for tasks to queue
[2024-06-14T16:37:30.392-0300] {logging_mixin.py:188} INFO - [2024-06-14T16:37:30.392-0300] {dagbag.py:545} INFO - Filling up the DagBag from /home/maira/projeto_indicium_engineering/venv/lib/python3.10/site-packages/airflow/example_dags/example_latest_only.py
[2024-06-14T16:37:30.396-0300] {processor.py:840} INFO - DAG(s) 'latest_only' retrieved from /home/maira/projeto_indicium_engineering/venv/lib/python3.10/site-packages/airflow/example_dags/example_latest_only.py
[2024-06-14T16:37:30.407-0300] {logging_mixin.py:188} INFO - [2024-06-14T16:37:30.407-0300] {dag.py:3096} INFO - Sync 1 DAGs
[2024-06-14T16:37:30.420-0300] {logging_mixin.py:188} INFO - [2024-06-14T16:37:30.420-0300] {dag.py:3954} INFO - Setting next_dagrun for latest_only to 2024-06-14 12:00:00+00:00, run_after=2024-06-14 16:00:00+00:00
[2024-06-14T16:37:30.444-0300] {processor.py:183} INFO - Processing /home/maira/projeto_indicium_engineering/venv/lib/python3.10/site-packages/airflow/example_dags/example_latest_only.py took 0.060 seconds
[2024-06-14T16:38:19.374-0300] {processor.py:161} INFO - Started process (PID=88627) to work on /home/maira/projeto_indicium_engineering/venv/lib/python3.10/site-packages/airflow/example_dags/example_latest_only.py
[2024-06-14T16:38:19.376-0300] {processor.py:830} INFO - Processing file /home/maira/projeto_indicium_engineering/venv/lib/python3.10/site-packages/airflow/example_dags/example_latest_only.py for tasks to queue
[2024-06-14T16:38:19.378-0300] {logging_mixin.py:188} INFO - [2024-06-14T16:38:19.377-0300] {dagbag.py:545} INFO - Filling up the DagBag from /home/maira/projeto_indicium_engineering/venv/lib/python3.10/site-packages/airflow/example_dags/example_latest_only.py
[2024-06-14T16:38:19.381-0300] {processor.py:840} INFO - DAG(s) 'latest_only' retrieved from /home/maira/projeto_indicium_engineering/venv/lib/python3.10/site-packages/airflow/example_dags/example_latest_only.py
[2024-06-14T16:38:19.393-0300] {logging_mixin.py:188} INFO - [2024-06-14T16:38:19.392-0300] {dag.py:3096} INFO - Sync 1 DAGs
[2024-06-14T16:38:19.406-0300] {logging_mixin.py:188} INFO - [2024-06-14T16:38:19.406-0300] {dag.py:3954} INFO - Setting next_dagrun for latest_only to 2024-06-14 12:00:00+00:00, run_after=2024-06-14 16:00:00+00:00
[2024-06-14T16:38:19.430-0300] {processor.py:183} INFO - Processing /home/maira/projeto_indicium_engineering/venv/lib/python3.10/site-packages/airflow/example_dags/example_latest_only.py took 0.061 seconds
[2024-06-14T16:39:21.916-0300] {processor.py:161} INFO - Started process (PID=88936) to work on /home/maira/projeto_indicium_engineering/venv/lib/python3.10/site-packages/airflow/example_dags/example_latest_only.py
[2024-06-14T16:39:21.918-0300] {processor.py:830} INFO - Processing file /home/maira/projeto_indicium_engineering/venv/lib/python3.10/site-packages/airflow/example_dags/example_latest_only.py for tasks to queue
[2024-06-14T16:39:21.919-0300] {logging_mixin.py:188} INFO - [2024-06-14T16:39:21.919-0300] {dagbag.py:545} INFO - Filling up the DagBag from /home/maira/projeto_indicium_engineering/venv/lib/python3.10/site-packages/airflow/example_dags/example_latest_only.py
[2024-06-14T16:39:21.925-0300] {processor.py:840} INFO - DAG(s) 'latest_only' retrieved from /home/maira/projeto_indicium_engineering/venv/lib/python3.10/site-packages/airflow/example_dags/example_latest_only.py
[2024-06-14T16:39:21.936-0300] {logging_mixin.py:188} INFO - [2024-06-14T16:39:21.935-0300] {dag.py:3096} INFO - Sync 1 DAGs
[2024-06-14T16:39:21.950-0300] {logging_mixin.py:188} INFO - [2024-06-14T16:39:21.950-0300] {dag.py:3954} INFO - Setting next_dagrun for latest_only to 2024-06-14 12:00:00+00:00, run_after=2024-06-14 16:00:00+00:00
[2024-06-14T16:39:21.972-0300] {processor.py:183} INFO - Processing /home/maira/projeto_indicium_engineering/venv/lib/python3.10/site-packages/airflow/example_dags/example_latest_only.py took 0.061 seconds
[2024-06-14T16:40:21.425-0300] {processor.py:161} INFO - Started process (PID=89232) to work on /home/maira/projeto_indicium_engineering/venv/lib/python3.10/site-packages/airflow/example_dags/example_latest_only.py
[2024-06-14T16:40:21.429-0300] {processor.py:830} INFO - Processing file /home/maira/projeto_indicium_engineering/venv/lib/python3.10/site-packages/airflow/example_dags/example_latest_only.py for tasks to queue
[2024-06-14T16:40:21.431-0300] {logging_mixin.py:188} INFO - [2024-06-14T16:40:21.430-0300] {dagbag.py:545} INFO - Filling up the DagBag from /home/maira/projeto_indicium_engineering/venv/lib/python3.10/site-packages/airflow/example_dags/example_latest_only.py
[2024-06-14T16:40:21.434-0300] {processor.py:840} INFO - DAG(s) 'latest_only' retrieved from /home/maira/projeto_indicium_engineering/venv/lib/python3.10/site-packages/airflow/example_dags/example_latest_only.py
[2024-06-14T16:40:21.446-0300] {logging_mixin.py:188} INFO - [2024-06-14T16:40:21.446-0300] {dag.py:3096} INFO - Sync 1 DAGs
[2024-06-14T16:40:21.461-0300] {logging_mixin.py:188} INFO - [2024-06-14T16:40:21.460-0300] {dag.py:3954} INFO - Setting next_dagrun for latest_only to 2024-06-14 12:00:00+00:00, run_after=2024-06-14 16:00:00+00:00
[2024-06-14T16:40:21.484-0300] {processor.py:183} INFO - Processing /home/maira/projeto_indicium_engineering/venv/lib/python3.10/site-packages/airflow/example_dags/example_latest_only.py took 0.064 seconds
[2024-06-14T16:41:16.725-0300] {processor.py:161} INFO - Started process (PID=89506) to work on /home/maira/projeto_indicium_engineering/venv/lib/python3.10/site-packages/airflow/example_dags/example_latest_only.py
[2024-06-14T16:41:16.727-0300] {processor.py:830} INFO - Processing file /home/maira/projeto_indicium_engineering/venv/lib/python3.10/site-packages/airflow/example_dags/example_latest_only.py for tasks to queue
[2024-06-14T16:41:16.728-0300] {logging_mixin.py:188} INFO - [2024-06-14T16:41:16.728-0300] {dagbag.py:545} INFO - Filling up the DagBag from /home/maira/projeto_indicium_engineering/venv/lib/python3.10/site-packages/airflow/example_dags/example_latest_only.py
[2024-06-14T16:41:16.733-0300] {processor.py:840} INFO - DAG(s) 'latest_only' retrieved from /home/maira/projeto_indicium_engineering/venv/lib/python3.10/site-packages/airflow/example_dags/example_latest_only.py
[2024-06-14T16:41:16.746-0300] {logging_mixin.py:188} INFO - [2024-06-14T16:41:16.746-0300] {dag.py:3096} INFO - Sync 1 DAGs
[2024-06-14T16:41:16.761-0300] {logging_mixin.py:188} INFO - [2024-06-14T16:41:16.761-0300] {dag.py:3954} INFO - Setting next_dagrun for latest_only to 2024-06-14 12:00:00+00:00, run_after=2024-06-14 16:00:00+00:00
[2024-06-14T16:41:16.783-0300] {processor.py:183} INFO - Processing /home/maira/projeto_indicium_engineering/venv/lib/python3.10/site-packages/airflow/example_dags/example_latest_only.py took 0.063 seconds
[2024-06-14T16:42:18.527-0300] {processor.py:161} INFO - Started process (PID=89810) to work on /home/maira/projeto_indicium_engineering/venv/lib/python3.10/site-packages/airflow/example_dags/example_latest_only.py
[2024-06-14T16:42:18.532-0300] {processor.py:830} INFO - Processing file /home/maira/projeto_indicium_engineering/venv/lib/python3.10/site-packages/airflow/example_dags/example_latest_only.py for tasks to queue
[2024-06-14T16:42:18.534-0300] {logging_mixin.py:188} INFO - [2024-06-14T16:42:18.534-0300] {dagbag.py:545} INFO - Filling up the DagBag from /home/maira/projeto_indicium_engineering/venv/lib/python3.10/site-packages/airflow/example_dags/example_latest_only.py
[2024-06-14T16:42:18.538-0300] {processor.py:840} INFO - DAG(s) 'latest_only' retrieved from /home/maira/projeto_indicium_engineering/venv/lib/python3.10/site-packages/airflow/example_dags/example_latest_only.py
[2024-06-14T16:42:18.549-0300] {logging_mixin.py:188} INFO - [2024-06-14T16:42:18.549-0300] {dag.py:3096} INFO - Sync 1 DAGs
[2024-06-14T16:42:18.563-0300] {logging_mixin.py:188} INFO - [2024-06-14T16:42:18.563-0300] {dag.py:3954} INFO - Setting next_dagrun for latest_only to 2024-06-14 12:00:00+00:00, run_after=2024-06-14 16:00:00+00:00
[2024-06-14T16:42:18.585-0300] {processor.py:183} INFO - Processing /home/maira/projeto_indicium_engineering/venv/lib/python3.10/site-packages/airflow/example_dags/example_latest_only.py took 0.063 seconds
[2024-06-14T16:43:14.924-0300] {processor.py:161} INFO - Started process (PID=90091) to work on /home/maira/projeto_indicium_engineering/venv/lib/python3.10/site-packages/airflow/example_dags/example_latest_only.py
[2024-06-14T16:43:14.927-0300] {processor.py:830} INFO - Processing file /home/maira/projeto_indicium_engineering/venv/lib/python3.10/site-packages/airflow/example_dags/example_latest_only.py for tasks to queue
[2024-06-14T16:43:14.928-0300] {logging_mixin.py:188} INFO - [2024-06-14T16:43:14.928-0300] {dagbag.py:545} INFO - Filling up the DagBag from /home/maira/projeto_indicium_engineering/venv/lib/python3.10/site-packages/airflow/example_dags/example_latest_only.py
[2024-06-14T16:43:14.932-0300] {processor.py:840} INFO - DAG(s) 'latest_only' retrieved from /home/maira/projeto_indicium_engineering/venv/lib/python3.10/site-packages/airflow/example_dags/example_latest_only.py
[2024-06-14T16:43:14.943-0300] {logging_mixin.py:188} INFO - [2024-06-14T16:43:14.943-0300] {dag.py:3096} INFO - Sync 1 DAGs
[2024-06-14T16:43:14.957-0300] {logging_mixin.py:188} INFO - [2024-06-14T16:43:14.957-0300] {dag.py:3954} INFO - Setting next_dagrun for latest_only to 2024-06-14 12:00:00+00:00, run_after=2024-06-14 16:00:00+00:00
[2024-06-14T16:43:14.979-0300] {processor.py:183} INFO - Processing /home/maira/projeto_indicium_engineering/venv/lib/python3.10/site-packages/airflow/example_dags/example_latest_only.py took 0.060 seconds
[2024-06-14T16:44:16.867-0300] {processor.py:161} INFO - Started process (PID=90398) to work on /home/maira/projeto_indicium_engineering/venv/lib/python3.10/site-packages/airflow/example_dags/example_latest_only.py
[2024-06-14T16:44:16.870-0300] {processor.py:830} INFO - Processing file /home/maira/projeto_indicium_engineering/venv/lib/python3.10/site-packages/airflow/example_dags/example_latest_only.py for tasks to queue
[2024-06-14T16:44:16.871-0300] {logging_mixin.py:188} INFO - [2024-06-14T16:44:16.871-0300] {dagbag.py:545} INFO - Filling up the DagBag from /home/maira/projeto_indicium_engineering/venv/lib/python3.10/site-packages/airflow/example_dags/example_latest_only.py
[2024-06-14T16:44:16.876-0300] {processor.py:840} INFO - DAG(s) 'latest_only' retrieved from /home/maira/projeto_indicium_engineering/venv/lib/python3.10/site-packages/airflow/example_dags/example_latest_only.py
[2024-06-14T16:44:16.887-0300] {logging_mixin.py:188} INFO - [2024-06-14T16:44:16.887-0300] {dag.py:3096} INFO - Sync 1 DAGs
[2024-06-14T16:44:16.901-0300] {logging_mixin.py:188} INFO - [2024-06-14T16:44:16.901-0300] {dag.py:3954} INFO - Setting next_dagrun for latest_only to 2024-06-14 12:00:00+00:00, run_after=2024-06-14 16:00:00+00:00
[2024-06-14T16:44:16.924-0300] {processor.py:183} INFO - Processing /home/maira/projeto_indicium_engineering/venv/lib/python3.10/site-packages/airflow/example_dags/example_latest_only.py took 0.062 seconds
[2024-06-14T16:45:15.409-0300] {processor.py:161} INFO - Started process (PID=90692) to work on /home/maira/projeto_indicium_engineering/venv/lib/python3.10/site-packages/airflow/example_dags/example_latest_only.py
[2024-06-14T16:45:15.410-0300] {processor.py:830} INFO - Processing file /home/maira/projeto_indicium_engineering/venv/lib/python3.10/site-packages/airflow/example_dags/example_latest_only.py for tasks to queue
[2024-06-14T16:45:15.412-0300] {logging_mixin.py:188} INFO - [2024-06-14T16:45:15.411-0300] {dagbag.py:545} INFO - Filling up the DagBag from /home/maira/projeto_indicium_engineering/venv/lib/python3.10/site-packages/airflow/example_dags/example_latest_only.py
[2024-06-14T16:45:15.415-0300] {processor.py:840} INFO - DAG(s) 'latest_only' retrieved from /home/maira/projeto_indicium_engineering/venv/lib/python3.10/site-packages/airflow/example_dags/example_latest_only.py
[2024-06-14T16:45:15.427-0300] {logging_mixin.py:188} INFO - [2024-06-14T16:45:15.426-0300] {dag.py:3096} INFO - Sync 1 DAGs
[2024-06-14T16:45:15.440-0300] {logging_mixin.py:188} INFO - [2024-06-14T16:45:15.440-0300] {dag.py:3954} INFO - Setting next_dagrun for latest_only to 2024-06-14 12:00:00+00:00, run_after=2024-06-14 16:00:00+00:00
[2024-06-14T16:45:15.463-0300] {processor.py:183} INFO - Processing /home/maira/projeto_indicium_engineering/venv/lib/python3.10/site-packages/airflow/example_dags/example_latest_only.py took 0.059 seconds
[2024-06-14T16:46:17.392-0300] {processor.py:161} INFO - Started process (PID=90997) to work on /home/maira/projeto_indicium_engineering/venv/lib/python3.10/site-packages/airflow/example_dags/example_latest_only.py
[2024-06-14T16:46:17.393-0300] {processor.py:830} INFO - Processing file /home/maira/projeto_indicium_engineering/venv/lib/python3.10/site-packages/airflow/example_dags/example_latest_only.py for tasks to queue
[2024-06-14T16:46:17.394-0300] {logging_mixin.py:188} INFO - [2024-06-14T16:46:17.394-0300] {dagbag.py:545} INFO - Filling up the DagBag from /home/maira/projeto_indicium_engineering/venv/lib/python3.10/site-packages/airflow/example_dags/example_latest_only.py
[2024-06-14T16:46:17.400-0300] {processor.py:840} INFO - DAG(s) 'latest_only' retrieved from /home/maira/projeto_indicium_engineering/venv/lib/python3.10/site-packages/airflow/example_dags/example_latest_only.py
[2024-06-14T16:46:17.414-0300] {logging_mixin.py:188} INFO - [2024-06-14T16:46:17.414-0300] {dag.py:3096} INFO - Sync 1 DAGs
[2024-06-14T16:46:17.429-0300] {logging_mixin.py:188} INFO - [2024-06-14T16:46:17.429-0300] {dag.py:3954} INFO - Setting next_dagrun for latest_only to 2024-06-14 12:00:00+00:00, run_after=2024-06-14 16:00:00+00:00
[2024-06-14T16:46:17.451-0300] {processor.py:183} INFO - Processing /home/maira/projeto_indicium_engineering/venv/lib/python3.10/site-packages/airflow/example_dags/example_latest_only.py took 0.064 seconds
[2024-06-14T16:47:16.750-0300] {processor.py:161} INFO - Started process (PID=91291) to work on /home/maira/projeto_indicium_engineering/venv/lib/python3.10/site-packages/airflow/example_dags/example_latest_only.py
[2024-06-14T16:47:16.754-0300] {processor.py:830} INFO - Processing file /home/maira/projeto_indicium_engineering/venv/lib/python3.10/site-packages/airflow/example_dags/example_latest_only.py for tasks to queue
[2024-06-14T16:47:16.756-0300] {logging_mixin.py:188} INFO - [2024-06-14T16:47:16.756-0300] {dagbag.py:545} INFO - Filling up the DagBag from /home/maira/projeto_indicium_engineering/venv/lib/python3.10/site-packages/airflow/example_dags/example_latest_only.py
[2024-06-14T16:47:16.761-0300] {processor.py:840} INFO - DAG(s) 'latest_only' retrieved from /home/maira/projeto_indicium_engineering/venv/lib/python3.10/site-packages/airflow/example_dags/example_latest_only.py
[2024-06-14T16:47:16.772-0300] {logging_mixin.py:188} INFO - [2024-06-14T16:47:16.772-0300] {dag.py:3096} INFO - Sync 1 DAGs
[2024-06-14T16:47:16.786-0300] {logging_mixin.py:188} INFO - [2024-06-14T16:47:16.786-0300] {dag.py:3954} INFO - Setting next_dagrun for latest_only to 2024-06-14 12:00:00+00:00, run_after=2024-06-14 16:00:00+00:00
[2024-06-14T16:47:16.807-0300] {processor.py:183} INFO - Processing /home/maira/projeto_indicium_engineering/venv/lib/python3.10/site-packages/airflow/example_dags/example_latest_only.py took 0.062 seconds
[2024-06-14T16:48:16.237-0300] {processor.py:161} INFO - Started process (PID=91586) to work on /home/maira/projeto_indicium_engineering/venv/lib/python3.10/site-packages/airflow/example_dags/example_latest_only.py
[2024-06-14T16:48:16.239-0300] {processor.py:830} INFO - Processing file /home/maira/projeto_indicium_engineering/venv/lib/python3.10/site-packages/airflow/example_dags/example_latest_only.py for tasks to queue
[2024-06-14T16:48:16.241-0300] {logging_mixin.py:188} INFO - [2024-06-14T16:48:16.240-0300] {dagbag.py:545} INFO - Filling up the DagBag from /home/maira/projeto_indicium_engineering/venv/lib/python3.10/site-packages/airflow/example_dags/example_latest_only.py
[2024-06-14T16:48:16.246-0300] {processor.py:840} INFO - DAG(s) 'latest_only' retrieved from /home/maira/projeto_indicium_engineering/venv/lib/python3.10/site-packages/airflow/example_dags/example_latest_only.py
[2024-06-14T16:48:16.258-0300] {logging_mixin.py:188} INFO - [2024-06-14T16:48:16.257-0300] {dag.py:3096} INFO - Sync 1 DAGs
[2024-06-14T16:48:16.271-0300] {logging_mixin.py:188} INFO - [2024-06-14T16:48:16.271-0300] {dag.py:3954} INFO - Setting next_dagrun for latest_only to 2024-06-14 12:00:00+00:00, run_after=2024-06-14 16:00:00+00:00
[2024-06-14T16:48:16.293-0300] {processor.py:183} INFO - Processing /home/maira/projeto_indicium_engineering/venv/lib/python3.10/site-packages/airflow/example_dags/example_latest_only.py took 0.060 seconds
[2024-06-14T16:49:11.910-0300] {processor.py:161} INFO - Started process (PID=91863) to work on /home/maira/projeto_indicium_engineering/venv/lib/python3.10/site-packages/airflow/example_dags/example_latest_only.py
[2024-06-14T16:49:11.912-0300] {processor.py:830} INFO - Processing file /home/maira/projeto_indicium_engineering/venv/lib/python3.10/site-packages/airflow/example_dags/example_latest_only.py for tasks to queue
[2024-06-14T16:49:11.913-0300] {logging_mixin.py:188} INFO - [2024-06-14T16:49:11.913-0300] {dagbag.py:545} INFO - Filling up the DagBag from /home/maira/projeto_indicium_engineering/venv/lib/python3.10/site-packages/airflow/example_dags/example_latest_only.py
[2024-06-14T16:49:11.918-0300] {processor.py:840} INFO - DAG(s) 'latest_only' retrieved from /home/maira/projeto_indicium_engineering/venv/lib/python3.10/site-packages/airflow/example_dags/example_latest_only.py
[2024-06-14T16:49:11.932-0300] {logging_mixin.py:188} INFO - [2024-06-14T16:49:11.931-0300] {dag.py:3096} INFO - Sync 1 DAGs
[2024-06-14T16:49:11.945-0300] {logging_mixin.py:188} INFO - [2024-06-14T16:49:11.945-0300] {dag.py:3954} INFO - Setting next_dagrun for latest_only to 2024-06-14 12:00:00+00:00, run_after=2024-06-14 16:00:00+00:00
[2024-06-14T16:49:11.967-0300] {processor.py:183} INFO - Processing /home/maira/projeto_indicium_engineering/venv/lib/python3.10/site-packages/airflow/example_dags/example_latest_only.py took 0.061 seconds
[2024-06-14T16:50:10.485-0300] {processor.py:161} INFO - Started process (PID=92154) to work on /home/maira/projeto_indicium_engineering/venv/lib/python3.10/site-packages/airflow/example_dags/example_latest_only.py
[2024-06-14T16:50:10.487-0300] {processor.py:830} INFO - Processing file /home/maira/projeto_indicium_engineering/venv/lib/python3.10/site-packages/airflow/example_dags/example_latest_only.py for tasks to queue
[2024-06-14T16:50:10.489-0300] {logging_mixin.py:188} INFO - [2024-06-14T16:50:10.488-0300] {dagbag.py:545} INFO - Filling up the DagBag from /home/maira/projeto_indicium_engineering/venv/lib/python3.10/site-packages/airflow/example_dags/example_latest_only.py
[2024-06-14T16:50:10.494-0300] {processor.py:840} INFO - DAG(s) 'latest_only' retrieved from /home/maira/projeto_indicium_engineering/venv/lib/python3.10/site-packages/airflow/example_dags/example_latest_only.py
[2024-06-14T16:50:10.510-0300] {logging_mixin.py:188} INFO - [2024-06-14T16:50:10.510-0300] {dag.py:3096} INFO - Sync 1 DAGs
[2024-06-14T16:50:10.532-0300] {logging_mixin.py:188} INFO - [2024-06-14T16:50:10.531-0300] {dag.py:3954} INFO - Setting next_dagrun for latest_only to 2024-06-14 12:00:00+00:00, run_after=2024-06-14 16:00:00+00:00
[2024-06-14T16:50:10.560-0300] {processor.py:183} INFO - Processing /home/maira/projeto_indicium_engineering/venv/lib/python3.10/site-packages/airflow/example_dags/example_latest_only.py took 0.080 seconds
[2024-06-14T16:51:18.544-0300] {processor.py:161} INFO - Started process (PID=92487) to work on /home/maira/projeto_indicium_engineering/venv/lib/python3.10/site-packages/airflow/example_dags/example_latest_only.py
[2024-06-14T16:51:18.546-0300] {processor.py:830} INFO - Processing file /home/maira/projeto_indicium_engineering/venv/lib/python3.10/site-packages/airflow/example_dags/example_latest_only.py for tasks to queue
[2024-06-14T16:51:18.547-0300] {logging_mixin.py:188} INFO - [2024-06-14T16:51:18.547-0300] {dagbag.py:545} INFO - Filling up the DagBag from /home/maira/projeto_indicium_engineering/venv/lib/python3.10/site-packages/airflow/example_dags/example_latest_only.py
[2024-06-14T16:51:18.553-0300] {processor.py:840} INFO - DAG(s) 'latest_only' retrieved from /home/maira/projeto_indicium_engineering/venv/lib/python3.10/site-packages/airflow/example_dags/example_latest_only.py
[2024-06-14T16:51:18.565-0300] {logging_mixin.py:188} INFO - [2024-06-14T16:51:18.565-0300] {dag.py:3096} INFO - Sync 1 DAGs
[2024-06-14T16:51:18.584-0300] {logging_mixin.py:188} INFO - [2024-06-14T16:51:18.584-0300] {dag.py:3954} INFO - Setting next_dagrun for latest_only to 2024-06-14 12:00:00+00:00, run_after=2024-06-14 16:00:00+00:00
[2024-06-14T16:51:18.613-0300] {processor.py:183} INFO - Processing /home/maira/projeto_indicium_engineering/venv/lib/python3.10/site-packages/airflow/example_dags/example_latest_only.py took 0.075 seconds
[2024-06-14T16:52:20.463-0300] {processor.py:161} INFO - Started process (PID=92793) to work on /home/maira/projeto_indicium_engineering/venv/lib/python3.10/site-packages/airflow/example_dags/example_latest_only.py
[2024-06-14T16:52:20.465-0300] {processor.py:830} INFO - Processing file /home/maira/projeto_indicium_engineering/venv/lib/python3.10/site-packages/airflow/example_dags/example_latest_only.py for tasks to queue
[2024-06-14T16:52:20.467-0300] {logging_mixin.py:188} INFO - [2024-06-14T16:52:20.466-0300] {dagbag.py:545} INFO - Filling up the DagBag from /home/maira/projeto_indicium_engineering/venv/lib/python3.10/site-packages/airflow/example_dags/example_latest_only.py
[2024-06-14T16:52:20.473-0300] {processor.py:840} INFO - DAG(s) 'latest_only' retrieved from /home/maira/projeto_indicium_engineering/venv/lib/python3.10/site-packages/airflow/example_dags/example_latest_only.py
[2024-06-14T16:52:20.485-0300] {logging_mixin.py:188} INFO - [2024-06-14T16:52:20.484-0300] {dag.py:3096} INFO - Sync 1 DAGs
[2024-06-14T16:52:20.499-0300] {logging_mixin.py:188} INFO - [2024-06-14T16:52:20.498-0300] {dag.py:3954} INFO - Setting next_dagrun for latest_only to 2024-06-14 12:00:00+00:00, run_after=2024-06-14 16:00:00+00:00
[2024-06-14T16:52:20.521-0300] {processor.py:183} INFO - Processing /home/maira/projeto_indicium_engineering/venv/lib/python3.10/site-packages/airflow/example_dags/example_latest_only.py took 0.062 seconds
[2024-06-14T16:53:21.182-0300] {processor.py:161} INFO - Started process (PID=93093) to work on /home/maira/projeto_indicium_engineering/venv/lib/python3.10/site-packages/airflow/example_dags/example_latest_only.py
[2024-06-14T16:53:21.183-0300] {processor.py:830} INFO - Processing file /home/maira/projeto_indicium_engineering/venv/lib/python3.10/site-packages/airflow/example_dags/example_latest_only.py for tasks to queue
[2024-06-14T16:53:21.184-0300] {logging_mixin.py:188} INFO - [2024-06-14T16:53:21.184-0300] {dagbag.py:545} INFO - Filling up the DagBag from /home/maira/projeto_indicium_engineering/venv/lib/python3.10/site-packages/airflow/example_dags/example_latest_only.py
[2024-06-14T16:53:21.190-0300] {processor.py:840} INFO - DAG(s) 'latest_only' retrieved from /home/maira/projeto_indicium_engineering/venv/lib/python3.10/site-packages/airflow/example_dags/example_latest_only.py
[2024-06-14T16:53:21.209-0300] {logging_mixin.py:188} INFO - [2024-06-14T16:53:21.209-0300] {dag.py:3096} INFO - Sync 1 DAGs
[2024-06-14T16:53:21.234-0300] {logging_mixin.py:188} INFO - [2024-06-14T16:53:21.234-0300] {dag.py:3954} INFO - Setting next_dagrun for latest_only to 2024-06-14 12:00:00+00:00, run_after=2024-06-14 16:00:00+00:00
[2024-06-14T16:53:21.260-0300] {processor.py:183} INFO - Processing /home/maira/projeto_indicium_engineering/venv/lib/python3.10/site-packages/airflow/example_dags/example_latest_only.py took 0.084 seconds
[2024-06-14T16:54:22.588-0300] {processor.py:161} INFO - Started process (PID=93398) to work on /home/maira/projeto_indicium_engineering/venv/lib/python3.10/site-packages/airflow/example_dags/example_latest_only.py
[2024-06-14T16:54:22.590-0300] {processor.py:830} INFO - Processing file /home/maira/projeto_indicium_engineering/venv/lib/python3.10/site-packages/airflow/example_dags/example_latest_only.py for tasks to queue
[2024-06-14T16:54:22.591-0300] {logging_mixin.py:188} INFO - [2024-06-14T16:54:22.591-0300] {dagbag.py:545} INFO - Filling up the DagBag from /home/maira/projeto_indicium_engineering/venv/lib/python3.10/site-packages/airflow/example_dags/example_latest_only.py
[2024-06-14T16:54:22.597-0300] {processor.py:840} INFO - DAG(s) 'latest_only' retrieved from /home/maira/projeto_indicium_engineering/venv/lib/python3.10/site-packages/airflow/example_dags/example_latest_only.py
[2024-06-14T16:54:22.609-0300] {logging_mixin.py:188} INFO - [2024-06-14T16:54:22.609-0300] {dag.py:3096} INFO - Sync 1 DAGs
[2024-06-14T16:54:22.623-0300] {logging_mixin.py:188} INFO - [2024-06-14T16:54:22.622-0300] {dag.py:3954} INFO - Setting next_dagrun for latest_only to 2024-06-14 12:00:00+00:00, run_after=2024-06-14 16:00:00+00:00
[2024-06-14T16:54:22.648-0300] {processor.py:183} INFO - Processing /home/maira/projeto_indicium_engineering/venv/lib/python3.10/site-packages/airflow/example_dags/example_latest_only.py took 0.065 seconds
[2024-06-14T16:55:08.017-0300] {processor.py:161} INFO - Started process (PID=93625) to work on /home/maira/projeto_indicium_engineering/venv/lib/python3.10/site-packages/airflow/example_dags/example_latest_only.py
[2024-06-14T16:55:08.019-0300] {processor.py:830} INFO - Processing file /home/maira/projeto_indicium_engineering/venv/lib/python3.10/site-packages/airflow/example_dags/example_latest_only.py for tasks to queue
[2024-06-14T16:55:08.020-0300] {logging_mixin.py:188} INFO - [2024-06-14T16:55:08.020-0300] {dagbag.py:545} INFO - Filling up the DagBag from /home/maira/projeto_indicium_engineering/venv/lib/python3.10/site-packages/airflow/example_dags/example_latest_only.py
[2024-06-14T16:55:08.026-0300] {processor.py:840} INFO - DAG(s) 'latest_only' retrieved from /home/maira/projeto_indicium_engineering/venv/lib/python3.10/site-packages/airflow/example_dags/example_latest_only.py
[2024-06-14T16:55:08.038-0300] {logging_mixin.py:188} INFO - [2024-06-14T16:55:08.038-0300] {dag.py:3096} INFO - Sync 1 DAGs
[2024-06-14T16:55:08.054-0300] {logging_mixin.py:188} INFO - [2024-06-14T16:55:08.054-0300] {dag.py:3954} INFO - Setting next_dagrun for latest_only to 2024-06-14 12:00:00+00:00, run_after=2024-06-14 16:00:00+00:00
[2024-06-14T16:55:08.077-0300] {processor.py:183} INFO - Processing /home/maira/projeto_indicium_engineering/venv/lib/python3.10/site-packages/airflow/example_dags/example_latest_only.py took 0.064 seconds
[2024-06-14T17:20:43.795-0300] {processor.py:161} INFO - Started process (PID=93897) to work on /home/maira/projeto_indicium_engineering/venv/lib/python3.10/site-packages/airflow/example_dags/example_latest_only.py
[2024-06-14T17:20:43.796-0300] {processor.py:830} INFO - Processing file /home/maira/projeto_indicium_engineering/venv/lib/python3.10/site-packages/airflow/example_dags/example_latest_only.py for tasks to queue
[2024-06-14T17:20:43.797-0300] {logging_mixin.py:188} INFO - [2024-06-14T17:20:43.797-0300] {dagbag.py:545} INFO - Filling up the DagBag from /home/maira/projeto_indicium_engineering/venv/lib/python3.10/site-packages/airflow/example_dags/example_latest_only.py
[2024-06-14T17:20:43.804-0300] {processor.py:840} INFO - DAG(s) 'latest_only' retrieved from /home/maira/projeto_indicium_engineering/venv/lib/python3.10/site-packages/airflow/example_dags/example_latest_only.py
[2024-06-14T17:20:43.820-0300] {logging_mixin.py:188} INFO - [2024-06-14T17:20:43.820-0300] {dag.py:3096} INFO - Sync 1 DAGs
[2024-06-14T17:20:43.840-0300] {logging_mixin.py:188} INFO - [2024-06-14T17:20:43.840-0300] {dag.py:3954} INFO - Setting next_dagrun for latest_only to 2024-06-14 16:00:00+00:00, run_after=2024-06-14 20:00:00+00:00
[2024-06-14T17:20:43.980-0300] {processor.py:183} INFO - Processing /home/maira/projeto_indicium_engineering/venv/lib/python3.10/site-packages/airflow/example_dags/example_latest_only.py took 0.191 seconds
[2024-06-14T17:21:32.900-0300] {processor.py:161} INFO - Started process (PID=94142) to work on /home/maira/projeto_indicium_engineering/venv/lib/python3.10/site-packages/airflow/example_dags/example_latest_only.py
[2024-06-14T17:21:32.901-0300] {processor.py:830} INFO - Processing file /home/maira/projeto_indicium_engineering/venv/lib/python3.10/site-packages/airflow/example_dags/example_latest_only.py for tasks to queue
[2024-06-14T17:21:32.903-0300] {logging_mixin.py:188} INFO - [2024-06-14T17:21:32.902-0300] {dagbag.py:545} INFO - Filling up the DagBag from /home/maira/projeto_indicium_engineering/venv/lib/python3.10/site-packages/airflow/example_dags/example_latest_only.py
[2024-06-14T17:21:32.906-0300] {processor.py:840} INFO - DAG(s) 'latest_only' retrieved from /home/maira/projeto_indicium_engineering/venv/lib/python3.10/site-packages/airflow/example_dags/example_latest_only.py
[2024-06-14T17:21:32.917-0300] {logging_mixin.py:188} INFO - [2024-06-14T17:21:32.917-0300] {dag.py:3096} INFO - Sync 1 DAGs
[2024-06-14T17:21:32.932-0300] {logging_mixin.py:188} INFO - [2024-06-14T17:21:32.932-0300] {dag.py:3954} INFO - Setting next_dagrun for latest_only to 2024-06-14 16:00:00+00:00, run_after=2024-06-14 20:00:00+00:00
[2024-06-14T17:21:32.953-0300] {processor.py:183} INFO - Processing /home/maira/projeto_indicium_engineering/venv/lib/python3.10/site-packages/airflow/example_dags/example_latest_only.py took 0.058 seconds
[2024-06-14T17:22:33.007-0300] {processor.py:161} INFO - Started process (PID=94438) to work on /home/maira/projeto_indicium_engineering/venv/lib/python3.10/site-packages/airflow/example_dags/example_latest_only.py
[2024-06-14T17:22:33.008-0300] {processor.py:830} INFO - Processing file /home/maira/projeto_indicium_engineering/venv/lib/python3.10/site-packages/airflow/example_dags/example_latest_only.py for tasks to queue
[2024-06-14T17:22:33.009-0300] {logging_mixin.py:188} INFO - [2024-06-14T17:22:33.009-0300] {dagbag.py:545} INFO - Filling up the DagBag from /home/maira/projeto_indicium_engineering/venv/lib/python3.10/site-packages/airflow/example_dags/example_latest_only.py
[2024-06-14T17:22:33.015-0300] {processor.py:840} INFO - DAG(s) 'latest_only' retrieved from /home/maira/projeto_indicium_engineering/venv/lib/python3.10/site-packages/airflow/example_dags/example_latest_only.py
[2024-06-14T17:22:33.026-0300] {logging_mixin.py:188} INFO - [2024-06-14T17:22:33.025-0300] {dag.py:3096} INFO - Sync 1 DAGs
[2024-06-14T17:22:33.040-0300] {logging_mixin.py:188} INFO - [2024-06-14T17:22:33.039-0300] {dag.py:3954} INFO - Setting next_dagrun for latest_only to 2024-06-14 16:00:00+00:00, run_after=2024-06-14 20:00:00+00:00
[2024-06-14T17:22:33.061-0300] {processor.py:183} INFO - Processing /home/maira/projeto_indicium_engineering/venv/lib/python3.10/site-packages/airflow/example_dags/example_latest_only.py took 0.059 seconds
[2024-06-14T17:23:32.618-0300] {processor.py:161} INFO - Started process (PID=94734) to work on /home/maira/projeto_indicium_engineering/venv/lib/python3.10/site-packages/airflow/example_dags/example_latest_only.py
[2024-06-14T17:23:32.620-0300] {processor.py:830} INFO - Processing file /home/maira/projeto_indicium_engineering/venv/lib/python3.10/site-packages/airflow/example_dags/example_latest_only.py for tasks to queue
[2024-06-14T17:23:32.622-0300] {logging_mixin.py:188} INFO - [2024-06-14T17:23:32.622-0300] {dagbag.py:545} INFO - Filling up the DagBag from /home/maira/projeto_indicium_engineering/venv/lib/python3.10/site-packages/airflow/example_dags/example_latest_only.py
[2024-06-14T17:23:32.627-0300] {processor.py:840} INFO - DAG(s) 'latest_only' retrieved from /home/maira/projeto_indicium_engineering/venv/lib/python3.10/site-packages/airflow/example_dags/example_latest_only.py
[2024-06-14T17:23:32.639-0300] {logging_mixin.py:188} INFO - [2024-06-14T17:23:32.638-0300] {dag.py:3096} INFO - Sync 1 DAGs
[2024-06-14T17:23:32.653-0300] {logging_mixin.py:188} INFO - [2024-06-14T17:23:32.652-0300] {dag.py:3954} INFO - Setting next_dagrun for latest_only to 2024-06-14 16:00:00+00:00, run_after=2024-06-14 20:00:00+00:00
[2024-06-14T17:23:32.676-0300] {processor.py:183} INFO - Processing /home/maira/projeto_indicium_engineering/venv/lib/python3.10/site-packages/airflow/example_dags/example_latest_only.py took 0.063 seconds
[2024-06-14T17:24:35.414-0300] {processor.py:161} INFO - Started process (PID=95043) to work on /home/maira/projeto_indicium_engineering/venv/lib/python3.10/site-packages/airflow/example_dags/example_latest_only.py
[2024-06-14T17:24:35.416-0300] {processor.py:830} INFO - Processing file /home/maira/projeto_indicium_engineering/venv/lib/python3.10/site-packages/airflow/example_dags/example_latest_only.py for tasks to queue
[2024-06-14T17:24:35.418-0300] {logging_mixin.py:188} INFO - [2024-06-14T17:24:35.418-0300] {dagbag.py:545} INFO - Filling up the DagBag from /home/maira/projeto_indicium_engineering/venv/lib/python3.10/site-packages/airflow/example_dags/example_latest_only.py
[2024-06-14T17:24:35.422-0300] {processor.py:840} INFO - DAG(s) 'latest_only' retrieved from /home/maira/projeto_indicium_engineering/venv/lib/python3.10/site-packages/airflow/example_dags/example_latest_only.py
[2024-06-14T17:24:35.433-0300] {logging_mixin.py:188} INFO - [2024-06-14T17:24:35.432-0300] {dag.py:3096} INFO - Sync 1 DAGs
[2024-06-14T17:24:35.446-0300] {logging_mixin.py:188} INFO - [2024-06-14T17:24:35.446-0300] {dag.py:3954} INFO - Setting next_dagrun for latest_only to 2024-06-14 16:00:00+00:00, run_after=2024-06-14 20:00:00+00:00
[2024-06-14T17:24:35.469-0300] {processor.py:183} INFO - Processing /home/maira/projeto_indicium_engineering/venv/lib/python3.10/site-packages/airflow/example_dags/example_latest_only.py took 0.059 seconds
[2024-06-14T17:25:44.123-0300] {processor.py:161} INFO - Started process (PID=95380) to work on /home/maira/projeto_indicium_engineering/venv/lib/python3.10/site-packages/airflow/example_dags/example_latest_only.py
[2024-06-14T17:25:44.125-0300] {processor.py:830} INFO - Processing file /home/maira/projeto_indicium_engineering/venv/lib/python3.10/site-packages/airflow/example_dags/example_latest_only.py for tasks to queue
[2024-06-14T17:25:44.127-0300] {logging_mixin.py:188} INFO - [2024-06-14T17:25:44.126-0300] {dagbag.py:545} INFO - Filling up the DagBag from /home/maira/projeto_indicium_engineering/venv/lib/python3.10/site-packages/airflow/example_dags/example_latest_only.py
[2024-06-14T17:25:44.130-0300] {processor.py:840} INFO - DAG(s) 'latest_only' retrieved from /home/maira/projeto_indicium_engineering/venv/lib/python3.10/site-packages/airflow/example_dags/example_latest_only.py
[2024-06-14T17:25:44.142-0300] {logging_mixin.py:188} INFO - [2024-06-14T17:25:44.141-0300] {dag.py:3096} INFO - Sync 1 DAGs
[2024-06-14T17:25:44.155-0300] {logging_mixin.py:188} INFO - [2024-06-14T17:25:44.155-0300] {dag.py:3954} INFO - Setting next_dagrun for latest_only to 2024-06-14 16:00:00+00:00, run_after=2024-06-14 20:00:00+00:00
[2024-06-14T17:25:44.177-0300] {processor.py:183} INFO - Processing /home/maira/projeto_indicium_engineering/venv/lib/python3.10/site-packages/airflow/example_dags/example_latest_only.py took 0.060 seconds
[2024-06-14T17:26:37.262-0300] {processor.py:161} INFO - Started process (PID=95646) to work on /home/maira/projeto_indicium_engineering/venv/lib/python3.10/site-packages/airflow/example_dags/example_latest_only.py
[2024-06-14T17:26:37.266-0300] {processor.py:830} INFO - Processing file /home/maira/projeto_indicium_engineering/venv/lib/python3.10/site-packages/airflow/example_dags/example_latest_only.py for tasks to queue
[2024-06-14T17:26:37.268-0300] {logging_mixin.py:188} INFO - [2024-06-14T17:26:37.268-0300] {dagbag.py:545} INFO - Filling up the DagBag from /home/maira/projeto_indicium_engineering/venv/lib/python3.10/site-packages/airflow/example_dags/example_latest_only.py
[2024-06-14T17:26:37.271-0300] {processor.py:840} INFO - DAG(s) 'latest_only' retrieved from /home/maira/projeto_indicium_engineering/venv/lib/python3.10/site-packages/airflow/example_dags/example_latest_only.py
[2024-06-14T17:26:37.283-0300] {logging_mixin.py:188} INFO - [2024-06-14T17:26:37.283-0300] {dag.py:3096} INFO - Sync 1 DAGs
[2024-06-14T17:26:37.297-0300] {logging_mixin.py:188} INFO - [2024-06-14T17:26:37.297-0300] {dag.py:3954} INFO - Setting next_dagrun for latest_only to 2024-06-14 16:00:00+00:00, run_after=2024-06-14 20:00:00+00:00
[2024-06-14T17:26:37.320-0300] {processor.py:183} INFO - Processing /home/maira/projeto_indicium_engineering/venv/lib/python3.10/site-packages/airflow/example_dags/example_latest_only.py took 0.063 seconds
[2024-06-14T17:27:38.896-0300] {processor.py:161} INFO - Started process (PID=95950) to work on /home/maira/projeto_indicium_engineering/venv/lib/python3.10/site-packages/airflow/example_dags/example_latest_only.py
[2024-06-14T17:27:38.897-0300] {processor.py:830} INFO - Processing file /home/maira/projeto_indicium_engineering/venv/lib/python3.10/site-packages/airflow/example_dags/example_latest_only.py for tasks to queue
[2024-06-14T17:27:38.898-0300] {logging_mixin.py:188} INFO - [2024-06-14T17:27:38.898-0300] {dagbag.py:545} INFO - Filling up the DagBag from /home/maira/projeto_indicium_engineering/venv/lib/python3.10/site-packages/airflow/example_dags/example_latest_only.py
[2024-06-14T17:27:38.903-0300] {processor.py:840} INFO - DAG(s) 'latest_only' retrieved from /home/maira/projeto_indicium_engineering/venv/lib/python3.10/site-packages/airflow/example_dags/example_latest_only.py
[2024-06-14T17:27:38.914-0300] {logging_mixin.py:188} INFO - [2024-06-14T17:27:38.913-0300] {dag.py:3096} INFO - Sync 1 DAGs
[2024-06-14T17:27:38.927-0300] {logging_mixin.py:188} INFO - [2024-06-14T17:27:38.927-0300] {dag.py:3954} INFO - Setting next_dagrun for latest_only to 2024-06-14 16:00:00+00:00, run_after=2024-06-14 20:00:00+00:00
[2024-06-14T17:27:38.952-0300] {processor.py:183} INFO - Processing /home/maira/projeto_indicium_engineering/venv/lib/python3.10/site-packages/airflow/example_dags/example_latest_only.py took 0.061 seconds
[2024-06-14T17:28:37.968-0300] {processor.py:161} INFO - Started process (PID=96243) to work on /home/maira/projeto_indicium_engineering/venv/lib/python3.10/site-packages/airflow/example_dags/example_latest_only.py
[2024-06-14T17:28:37.970-0300] {processor.py:830} INFO - Processing file /home/maira/projeto_indicium_engineering/venv/lib/python3.10/site-packages/airflow/example_dags/example_latest_only.py for tasks to queue
[2024-06-14T17:28:37.972-0300] {logging_mixin.py:188} INFO - [2024-06-14T17:28:37.971-0300] {dagbag.py:545} INFO - Filling up the DagBag from /home/maira/projeto_indicium_engineering/venv/lib/python3.10/site-packages/airflow/example_dags/example_latest_only.py
[2024-06-14T17:28:37.977-0300] {processor.py:840} INFO - DAG(s) 'latest_only' retrieved from /home/maira/projeto_indicium_engineering/venv/lib/python3.10/site-packages/airflow/example_dags/example_latest_only.py
[2024-06-14T17:28:37.989-0300] {logging_mixin.py:188} INFO - [2024-06-14T17:28:37.988-0300] {dag.py:3096} INFO - Sync 1 DAGs
[2024-06-14T17:28:38.002-0300] {logging_mixin.py:188} INFO - [2024-06-14T17:28:38.002-0300] {dag.py:3954} INFO - Setting next_dagrun for latest_only to 2024-06-14 16:00:00+00:00, run_after=2024-06-14 20:00:00+00:00
[2024-06-14T17:28:38.022-0300] {processor.py:183} INFO - Processing /home/maira/projeto_indicium_engineering/venv/lib/python3.10/site-packages/airflow/example_dags/example_latest_only.py took 0.059 seconds
[2024-06-14T17:29:32.196-0300] {processor.py:161} INFO - Started process (PID=96513) to work on /home/maira/projeto_indicium_engineering/venv/lib/python3.10/site-packages/airflow/example_dags/example_latest_only.py
[2024-06-14T17:29:32.197-0300] {processor.py:830} INFO - Processing file /home/maira/projeto_indicium_engineering/venv/lib/python3.10/site-packages/airflow/example_dags/example_latest_only.py for tasks to queue
[2024-06-14T17:29:32.199-0300] {logging_mixin.py:188} INFO - [2024-06-14T17:29:32.198-0300] {dagbag.py:545} INFO - Filling up the DagBag from /home/maira/projeto_indicium_engineering/venv/lib/python3.10/site-packages/airflow/example_dags/example_latest_only.py
[2024-06-14T17:29:32.204-0300] {processor.py:840} INFO - DAG(s) 'latest_only' retrieved from /home/maira/projeto_indicium_engineering/venv/lib/python3.10/site-packages/airflow/example_dags/example_latest_only.py
[2024-06-14T17:29:32.216-0300] {logging_mixin.py:188} INFO - [2024-06-14T17:29:32.216-0300] {dag.py:3096} INFO - Sync 1 DAGs
[2024-06-14T17:29:32.230-0300] {logging_mixin.py:188} INFO - [2024-06-14T17:29:32.230-0300] {dag.py:3954} INFO - Setting next_dagrun for latest_only to 2024-06-14 16:00:00+00:00, run_after=2024-06-14 20:00:00+00:00
[2024-06-14T17:29:32.251-0300] {processor.py:183} INFO - Processing /home/maira/projeto_indicium_engineering/venv/lib/python3.10/site-packages/airflow/example_dags/example_latest_only.py took 0.060 seconds
[2024-06-14T17:30:33.885-0300] {processor.py:161} INFO - Started process (PID=96820) to work on /home/maira/projeto_indicium_engineering/venv/lib/python3.10/site-packages/airflow/example_dags/example_latest_only.py
[2024-06-14T17:30:33.888-0300] {processor.py:830} INFO - Processing file /home/maira/projeto_indicium_engineering/venv/lib/python3.10/site-packages/airflow/example_dags/example_latest_only.py for tasks to queue
[2024-06-14T17:30:33.889-0300] {logging_mixin.py:188} INFO - [2024-06-14T17:30:33.889-0300] {dagbag.py:545} INFO - Filling up the DagBag from /home/maira/projeto_indicium_engineering/venv/lib/python3.10/site-packages/airflow/example_dags/example_latest_only.py
[2024-06-14T17:30:33.893-0300] {processor.py:840} INFO - DAG(s) 'latest_only' retrieved from /home/maira/projeto_indicium_engineering/venv/lib/python3.10/site-packages/airflow/example_dags/example_latest_only.py
[2024-06-14T17:30:33.905-0300] {logging_mixin.py:188} INFO - [2024-06-14T17:30:33.904-0300] {dag.py:3096} INFO - Sync 1 DAGs
[2024-06-14T17:30:33.919-0300] {logging_mixin.py:188} INFO - [2024-06-14T17:30:33.919-0300] {dag.py:3954} INFO - Setting next_dagrun for latest_only to 2024-06-14 16:00:00+00:00, run_after=2024-06-14 20:00:00+00:00
[2024-06-14T17:30:33.940-0300] {processor.py:183} INFO - Processing /home/maira/projeto_indicium_engineering/venv/lib/python3.10/site-packages/airflow/example_dags/example_latest_only.py took 0.060 seconds
[2024-06-14T17:31:38.349-0300] {processor.py:161} INFO - Started process (PID=97136) to work on /home/maira/projeto_indicium_engineering/venv/lib/python3.10/site-packages/airflow/example_dags/example_latest_only.py
[2024-06-14T17:31:38.351-0300] {processor.py:830} INFO - Processing file /home/maira/projeto_indicium_engineering/venv/lib/python3.10/site-packages/airflow/example_dags/example_latest_only.py for tasks to queue
[2024-06-14T17:31:38.352-0300] {logging_mixin.py:188} INFO - [2024-06-14T17:31:38.352-0300] {dagbag.py:545} INFO - Filling up the DagBag from /home/maira/projeto_indicium_engineering/venv/lib/python3.10/site-packages/airflow/example_dags/example_latest_only.py
[2024-06-14T17:31:38.357-0300] {processor.py:840} INFO - DAG(s) 'latest_only' retrieved from /home/maira/projeto_indicium_engineering/venv/lib/python3.10/site-packages/airflow/example_dags/example_latest_only.py
[2024-06-14T17:31:38.370-0300] {logging_mixin.py:188} INFO - [2024-06-14T17:31:38.370-0300] {dag.py:3096} INFO - Sync 1 DAGs
[2024-06-14T17:31:38.386-0300] {logging_mixin.py:188} INFO - [2024-06-14T17:31:38.386-0300] {dag.py:3954} INFO - Setting next_dagrun for latest_only to 2024-06-14 16:00:00+00:00, run_after=2024-06-14 20:00:00+00:00
[2024-06-14T17:31:38.412-0300] {processor.py:183} INFO - Processing /home/maira/projeto_indicium_engineering/venv/lib/python3.10/site-packages/airflow/example_dags/example_latest_only.py took 0.068 seconds
[2024-06-14T17:32:24.120-0300] {processor.py:161} INFO - Started process (PID=97361) to work on /home/maira/projeto_indicium_engineering/venv/lib/python3.10/site-packages/airflow/example_dags/example_latest_only.py
[2024-06-14T17:32:24.123-0300] {processor.py:830} INFO - Processing file /home/maira/projeto_indicium_engineering/venv/lib/python3.10/site-packages/airflow/example_dags/example_latest_only.py for tasks to queue
[2024-06-14T17:32:24.124-0300] {logging_mixin.py:188} INFO - [2024-06-14T17:32:24.124-0300] {dagbag.py:545} INFO - Filling up the DagBag from /home/maira/projeto_indicium_engineering/venv/lib/python3.10/site-packages/airflow/example_dags/example_latest_only.py
[2024-06-14T17:32:24.130-0300] {processor.py:840} INFO - DAG(s) 'latest_only' retrieved from /home/maira/projeto_indicium_engineering/venv/lib/python3.10/site-packages/airflow/example_dags/example_latest_only.py
[2024-06-14T17:32:24.142-0300] {logging_mixin.py:188} INFO - [2024-06-14T17:32:24.142-0300] {dag.py:3096} INFO - Sync 1 DAGs
[2024-06-14T17:32:24.157-0300] {logging_mixin.py:188} INFO - [2024-06-14T17:32:24.157-0300] {dag.py:3954} INFO - Setting next_dagrun for latest_only to 2024-06-14 16:00:00+00:00, run_after=2024-06-14 20:00:00+00:00
[2024-06-14T17:32:24.181-0300] {processor.py:183} INFO - Processing /home/maira/projeto_indicium_engineering/venv/lib/python3.10/site-packages/airflow/example_dags/example_latest_only.py took 0.065 seconds
[2024-06-14T17:33:27.451-0300] {processor.py:161} INFO - Started process (PID=97674) to work on /home/maira/projeto_indicium_engineering/venv/lib/python3.10/site-packages/airflow/example_dags/example_latest_only.py
[2024-06-14T17:33:27.457-0300] {processor.py:830} INFO - Processing file /home/maira/projeto_indicium_engineering/venv/lib/python3.10/site-packages/airflow/example_dags/example_latest_only.py for tasks to queue
[2024-06-14T17:33:27.459-0300] {logging_mixin.py:188} INFO - [2024-06-14T17:33:27.458-0300] {dagbag.py:545} INFO - Filling up the DagBag from /home/maira/projeto_indicium_engineering/venv/lib/python3.10/site-packages/airflow/example_dags/example_latest_only.py
[2024-06-14T17:33:27.462-0300] {processor.py:840} INFO - DAG(s) 'latest_only' retrieved from /home/maira/projeto_indicium_engineering/venv/lib/python3.10/site-packages/airflow/example_dags/example_latest_only.py
[2024-06-14T17:33:27.474-0300] {logging_mixin.py:188} INFO - [2024-06-14T17:33:27.473-0300] {dag.py:3096} INFO - Sync 1 DAGs
[2024-06-14T17:33:27.488-0300] {logging_mixin.py:188} INFO - [2024-06-14T17:33:27.487-0300] {dag.py:3954} INFO - Setting next_dagrun for latest_only to 2024-06-14 16:00:00+00:00, run_after=2024-06-14 20:00:00+00:00
[2024-06-14T17:33:27.511-0300] {processor.py:183} INFO - Processing /home/maira/projeto_indicium_engineering/venv/lib/python3.10/site-packages/airflow/example_dags/example_latest_only.py took 0.064 seconds
[2024-06-14T17:34:23.239-0300] {processor.py:161} INFO - Started process (PID=97952) to work on /home/maira/projeto_indicium_engineering/venv/lib/python3.10/site-packages/airflow/example_dags/example_latest_only.py
[2024-06-14T17:34:23.240-0300] {processor.py:830} INFO - Processing file /home/maira/projeto_indicium_engineering/venv/lib/python3.10/site-packages/airflow/example_dags/example_latest_only.py for tasks to queue
[2024-06-14T17:34:23.242-0300] {logging_mixin.py:188} INFO - [2024-06-14T17:34:23.242-0300] {dagbag.py:545} INFO - Filling up the DagBag from /home/maira/projeto_indicium_engineering/venv/lib/python3.10/site-packages/airflow/example_dags/example_latest_only.py
[2024-06-14T17:34:23.247-0300] {processor.py:840} INFO - DAG(s) 'latest_only' retrieved from /home/maira/projeto_indicium_engineering/venv/lib/python3.10/site-packages/airflow/example_dags/example_latest_only.py
[2024-06-14T17:34:23.258-0300] {logging_mixin.py:188} INFO - [2024-06-14T17:34:23.258-0300] {dag.py:3096} INFO - Sync 1 DAGs
[2024-06-14T17:34:23.272-0300] {logging_mixin.py:188} INFO - [2024-06-14T17:34:23.272-0300] {dag.py:3954} INFO - Setting next_dagrun for latest_only to 2024-06-14 16:00:00+00:00, run_after=2024-06-14 20:00:00+00:00
[2024-06-14T17:34:23.296-0300] {processor.py:183} INFO - Processing /home/maira/projeto_indicium_engineering/venv/lib/python3.10/site-packages/airflow/example_dags/example_latest_only.py took 0.062 seconds
[2024-06-14T17:35:21.423-0300] {processor.py:161} INFO - Started process (PID=98244) to work on /home/maira/projeto_indicium_engineering/venv/lib/python3.10/site-packages/airflow/example_dags/example_latest_only.py
[2024-06-14T17:35:21.425-0300] {processor.py:830} INFO - Processing file /home/maira/projeto_indicium_engineering/venv/lib/python3.10/site-packages/airflow/example_dags/example_latest_only.py for tasks to queue
[2024-06-14T17:35:21.426-0300] {logging_mixin.py:188} INFO - [2024-06-14T17:35:21.426-0300] {dagbag.py:545} INFO - Filling up the DagBag from /home/maira/projeto_indicium_engineering/venv/lib/python3.10/site-packages/airflow/example_dags/example_latest_only.py
[2024-06-14T17:35:21.430-0300] {processor.py:840} INFO - DAG(s) 'latest_only' retrieved from /home/maira/projeto_indicium_engineering/venv/lib/python3.10/site-packages/airflow/example_dags/example_latest_only.py
[2024-06-14T17:35:21.441-0300] {logging_mixin.py:188} INFO - [2024-06-14T17:35:21.441-0300] {dag.py:3096} INFO - Sync 1 DAGs
[2024-06-14T17:35:21.455-0300] {logging_mixin.py:188} INFO - [2024-06-14T17:35:21.455-0300] {dag.py:3954} INFO - Setting next_dagrun for latest_only to 2024-06-14 16:00:00+00:00, run_after=2024-06-14 20:00:00+00:00
[2024-06-14T17:35:21.479-0300] {processor.py:183} INFO - Processing /home/maira/projeto_indicium_engineering/venv/lib/python3.10/site-packages/airflow/example_dags/example_latest_only.py took 0.061 seconds
[2024-06-14T17:36:24.512-0300] {processor.py:161} INFO - Started process (PID=98554) to work on /home/maira/projeto_indicium_engineering/venv/lib/python3.10/site-packages/airflow/example_dags/example_latest_only.py
[2024-06-14T17:36:24.513-0300] {processor.py:830} INFO - Processing file /home/maira/projeto_indicium_engineering/venv/lib/python3.10/site-packages/airflow/example_dags/example_latest_only.py for tasks to queue
[2024-06-14T17:36:24.515-0300] {logging_mixin.py:188} INFO - [2024-06-14T17:36:24.514-0300] {dagbag.py:545} INFO - Filling up the DagBag from /home/maira/projeto_indicium_engineering/venv/lib/python3.10/site-packages/airflow/example_dags/example_latest_only.py
[2024-06-14T17:36:24.519-0300] {processor.py:840} INFO - DAG(s) 'latest_only' retrieved from /home/maira/projeto_indicium_engineering/venv/lib/python3.10/site-packages/airflow/example_dags/example_latest_only.py
[2024-06-14T17:36:24.531-0300] {logging_mixin.py:188} INFO - [2024-06-14T17:36:24.531-0300] {dag.py:3096} INFO - Sync 1 DAGs
[2024-06-14T17:36:24.548-0300] {logging_mixin.py:188} INFO - [2024-06-14T17:36:24.547-0300] {dag.py:3954} INFO - Setting next_dagrun for latest_only to 2024-06-14 16:00:00+00:00, run_after=2024-06-14 20:00:00+00:00
[2024-06-14T17:36:24.572-0300] {processor.py:183} INFO - Processing /home/maira/projeto_indicium_engineering/venv/lib/python3.10/site-packages/airflow/example_dags/example_latest_only.py took 0.065 seconds
[2024-06-14T17:37:26.634-0300] {processor.py:161} INFO - Started process (PID=98862) to work on /home/maira/projeto_indicium_engineering/venv/lib/python3.10/site-packages/airflow/example_dags/example_latest_only.py
[2024-06-14T17:37:26.635-0300] {processor.py:830} INFO - Processing file /home/maira/projeto_indicium_engineering/venv/lib/python3.10/site-packages/airflow/example_dags/example_latest_only.py for tasks to queue
[2024-06-14T17:37:26.637-0300] {logging_mixin.py:188} INFO - [2024-06-14T17:37:26.637-0300] {dagbag.py:545} INFO - Filling up the DagBag from /home/maira/projeto_indicium_engineering/venv/lib/python3.10/site-packages/airflow/example_dags/example_latest_only.py
[2024-06-14T17:37:26.642-0300] {processor.py:840} INFO - DAG(s) 'latest_only' retrieved from /home/maira/projeto_indicium_engineering/venv/lib/python3.10/site-packages/airflow/example_dags/example_latest_only.py
[2024-06-14T17:37:26.653-0300] {logging_mixin.py:188} INFO - [2024-06-14T17:37:26.653-0300] {dag.py:3096} INFO - Sync 1 DAGs
[2024-06-14T17:37:26.669-0300] {logging_mixin.py:188} INFO - [2024-06-14T17:37:26.669-0300] {dag.py:3954} INFO - Setting next_dagrun for latest_only to 2024-06-14 16:00:00+00:00, run_after=2024-06-14 20:00:00+00:00
[2024-06-14T17:37:26.693-0300] {processor.py:183} INFO - Processing /home/maira/projeto_indicium_engineering/venv/lib/python3.10/site-packages/airflow/example_dags/example_latest_only.py took 0.064 seconds
[2024-06-14T17:38:24.339-0300] {processor.py:161} INFO - Started process (PID=99149) to work on /home/maira/projeto_indicium_engineering/venv/lib/python3.10/site-packages/airflow/example_dags/example_latest_only.py
[2024-06-14T17:38:24.341-0300] {processor.py:830} INFO - Processing file /home/maira/projeto_indicium_engineering/venv/lib/python3.10/site-packages/airflow/example_dags/example_latest_only.py for tasks to queue
[2024-06-14T17:38:24.342-0300] {logging_mixin.py:188} INFO - [2024-06-14T17:38:24.342-0300] {dagbag.py:545} INFO - Filling up the DagBag from /home/maira/projeto_indicium_engineering/venv/lib/python3.10/site-packages/airflow/example_dags/example_latest_only.py
[2024-06-14T17:38:24.348-0300] {processor.py:840} INFO - DAG(s) 'latest_only' retrieved from /home/maira/projeto_indicium_engineering/venv/lib/python3.10/site-packages/airflow/example_dags/example_latest_only.py
[2024-06-14T17:38:24.362-0300] {logging_mixin.py:188} INFO - [2024-06-14T17:38:24.362-0300] {dag.py:3096} INFO - Sync 1 DAGs
[2024-06-14T17:38:24.376-0300] {logging_mixin.py:188} INFO - [2024-06-14T17:38:24.375-0300] {dag.py:3954} INFO - Setting next_dagrun for latest_only to 2024-06-14 16:00:00+00:00, run_after=2024-06-14 20:00:00+00:00
[2024-06-14T17:38:24.398-0300] {processor.py:183} INFO - Processing /home/maira/projeto_indicium_engineering/venv/lib/python3.10/site-packages/airflow/example_dags/example_latest_only.py took 0.064 seconds
[2024-06-14T17:39:23.127-0300] {processor.py:161} INFO - Started process (PID=99441) to work on /home/maira/projeto_indicium_engineering/venv/lib/python3.10/site-packages/airflow/example_dags/example_latest_only.py
[2024-06-14T17:39:23.129-0300] {processor.py:830} INFO - Processing file /home/maira/projeto_indicium_engineering/venv/lib/python3.10/site-packages/airflow/example_dags/example_latest_only.py for tasks to queue
[2024-06-14T17:39:23.131-0300] {logging_mixin.py:188} INFO - [2024-06-14T17:39:23.131-0300] {dagbag.py:545} INFO - Filling up the DagBag from /home/maira/projeto_indicium_engineering/venv/lib/python3.10/site-packages/airflow/example_dags/example_latest_only.py
[2024-06-14T17:39:23.135-0300] {processor.py:840} INFO - DAG(s) 'latest_only' retrieved from /home/maira/projeto_indicium_engineering/venv/lib/python3.10/site-packages/airflow/example_dags/example_latest_only.py
[2024-06-14T17:39:23.149-0300] {logging_mixin.py:188} INFO - [2024-06-14T17:39:23.149-0300] {dag.py:3096} INFO - Sync 1 DAGs
[2024-06-14T17:39:23.166-0300] {logging_mixin.py:188} INFO - [2024-06-14T17:39:23.166-0300] {dag.py:3954} INFO - Setting next_dagrun for latest_only to 2024-06-14 16:00:00+00:00, run_after=2024-06-14 20:00:00+00:00
[2024-06-14T17:39:23.193-0300] {processor.py:183} INFO - Processing /home/maira/projeto_indicium_engineering/venv/lib/python3.10/site-packages/airflow/example_dags/example_latest_only.py took 0.070 seconds
[2024-06-14T17:40:22.743-0300] {processor.py:161} INFO - Started process (PID=99737) to work on /home/maira/projeto_indicium_engineering/venv/lib/python3.10/site-packages/airflow/example_dags/example_latest_only.py
[2024-06-14T17:40:22.745-0300] {processor.py:830} INFO - Processing file /home/maira/projeto_indicium_engineering/venv/lib/python3.10/site-packages/airflow/example_dags/example_latest_only.py for tasks to queue
[2024-06-14T17:40:22.746-0300] {logging_mixin.py:188} INFO - [2024-06-14T17:40:22.746-0300] {dagbag.py:545} INFO - Filling up the DagBag from /home/maira/projeto_indicium_engineering/venv/lib/python3.10/site-packages/airflow/example_dags/example_latest_only.py
[2024-06-14T17:40:22.750-0300] {processor.py:840} INFO - DAG(s) 'latest_only' retrieved from /home/maira/projeto_indicium_engineering/venv/lib/python3.10/site-packages/airflow/example_dags/example_latest_only.py
[2024-06-14T17:40:22.761-0300] {logging_mixin.py:188} INFO - [2024-06-14T17:40:22.761-0300] {dag.py:3096} INFO - Sync 1 DAGs
[2024-06-14T17:40:22.775-0300] {logging_mixin.py:188} INFO - [2024-06-14T17:40:22.775-0300] {dag.py:3954} INFO - Setting next_dagrun for latest_only to 2024-06-14 16:00:00+00:00, run_after=2024-06-14 20:00:00+00:00
[2024-06-14T17:40:22.798-0300] {processor.py:183} INFO - Processing /home/maira/projeto_indicium_engineering/venv/lib/python3.10/site-packages/airflow/example_dags/example_latest_only.py took 0.059 seconds
[2024-06-14T17:41:26.300-0300] {processor.py:161} INFO - Started process (PID=100049) to work on /home/maira/projeto_indicium_engineering/venv/lib/python3.10/site-packages/airflow/example_dags/example_latest_only.py
[2024-06-14T17:41:26.302-0300] {processor.py:830} INFO - Processing file /home/maira/projeto_indicium_engineering/venv/lib/python3.10/site-packages/airflow/example_dags/example_latest_only.py for tasks to queue
[2024-06-14T17:41:26.304-0300] {logging_mixin.py:188} INFO - [2024-06-14T17:41:26.304-0300] {dagbag.py:545} INFO - Filling up the DagBag from /home/maira/projeto_indicium_engineering/venv/lib/python3.10/site-packages/airflow/example_dags/example_latest_only.py
[2024-06-14T17:41:26.309-0300] {processor.py:840} INFO - DAG(s) 'latest_only' retrieved from /home/maira/projeto_indicium_engineering/venv/lib/python3.10/site-packages/airflow/example_dags/example_latest_only.py
[2024-06-14T17:41:26.320-0300] {logging_mixin.py:188} INFO - [2024-06-14T17:41:26.319-0300] {dag.py:3096} INFO - Sync 1 DAGs
[2024-06-14T17:41:26.333-0300] {logging_mixin.py:188} INFO - [2024-06-14T17:41:26.333-0300] {dag.py:3954} INFO - Setting next_dagrun for latest_only to 2024-06-14 16:00:00+00:00, run_after=2024-06-14 20:00:00+00:00
[2024-06-14T17:41:26.357-0300] {processor.py:183} INFO - Processing /home/maira/projeto_indicium_engineering/venv/lib/python3.10/site-packages/airflow/example_dags/example_latest_only.py took 0.061 seconds
[2024-06-14T17:42:25.940-0300] {processor.py:161} INFO - Started process (PID=100346) to work on /home/maira/projeto_indicium_engineering/venv/lib/python3.10/site-packages/airflow/example_dags/example_latest_only.py
[2024-06-14T17:42:25.942-0300] {processor.py:830} INFO - Processing file /home/maira/projeto_indicium_engineering/venv/lib/python3.10/site-packages/airflow/example_dags/example_latest_only.py for tasks to queue
[2024-06-14T17:42:25.944-0300] {logging_mixin.py:188} INFO - [2024-06-14T17:42:25.943-0300] {dagbag.py:545} INFO - Filling up the DagBag from /home/maira/projeto_indicium_engineering/venv/lib/python3.10/site-packages/airflow/example_dags/example_latest_only.py
[2024-06-14T17:42:25.949-0300] {processor.py:840} INFO - DAG(s) 'latest_only' retrieved from /home/maira/projeto_indicium_engineering/venv/lib/python3.10/site-packages/airflow/example_dags/example_latest_only.py
[2024-06-14T17:42:25.961-0300] {logging_mixin.py:188} INFO - [2024-06-14T17:42:25.960-0300] {dag.py:3096} INFO - Sync 1 DAGs
[2024-06-14T17:42:25.974-0300] {logging_mixin.py:188} INFO - [2024-06-14T17:42:25.974-0300] {dag.py:3954} INFO - Setting next_dagrun for latest_only to 2024-06-14 16:00:00+00:00, run_after=2024-06-14 20:00:00+00:00
[2024-06-14T17:42:25.996-0300] {processor.py:183} INFO - Processing /home/maira/projeto_indicium_engineering/venv/lib/python3.10/site-packages/airflow/example_dags/example_latest_only.py took 0.061 seconds
[2024-06-14T17:43:24.929-0300] {processor.py:161} INFO - Started process (PID=100639) to work on /home/maira/projeto_indicium_engineering/venv/lib/python3.10/site-packages/airflow/example_dags/example_latest_only.py
[2024-06-14T17:43:24.930-0300] {processor.py:830} INFO - Processing file /home/maira/projeto_indicium_engineering/venv/lib/python3.10/site-packages/airflow/example_dags/example_latest_only.py for tasks to queue
[2024-06-14T17:43:24.932-0300] {logging_mixin.py:188} INFO - [2024-06-14T17:43:24.931-0300] {dagbag.py:545} INFO - Filling up the DagBag from /home/maira/projeto_indicium_engineering/venv/lib/python3.10/site-packages/airflow/example_dags/example_latest_only.py
[2024-06-14T17:43:24.937-0300] {processor.py:840} INFO - DAG(s) 'latest_only' retrieved from /home/maira/projeto_indicium_engineering/venv/lib/python3.10/site-packages/airflow/example_dags/example_latest_only.py
[2024-06-14T17:43:24.949-0300] {logging_mixin.py:188} INFO - [2024-06-14T17:43:24.948-0300] {dag.py:3096} INFO - Sync 1 DAGs
[2024-06-14T17:43:24.964-0300] {logging_mixin.py:188} INFO - [2024-06-14T17:43:24.964-0300] {dag.py:3954} INFO - Setting next_dagrun for latest_only to 2024-06-14 16:00:00+00:00, run_after=2024-06-14 20:00:00+00:00
[2024-06-14T17:43:24.987-0300] {processor.py:183} INFO - Processing /home/maira/projeto_indicium_engineering/venv/lib/python3.10/site-packages/airflow/example_dags/example_latest_only.py took 0.063 seconds
[2024-06-14T17:44:19.211-0300] {processor.py:161} INFO - Started process (PID=100911) to work on /home/maira/projeto_indicium_engineering/venv/lib/python3.10/site-packages/airflow/example_dags/example_latest_only.py
[2024-06-14T17:44:19.213-0300] {processor.py:830} INFO - Processing file /home/maira/projeto_indicium_engineering/venv/lib/python3.10/site-packages/airflow/example_dags/example_latest_only.py for tasks to queue
[2024-06-14T17:44:19.215-0300] {logging_mixin.py:188} INFO - [2024-06-14T17:44:19.215-0300] {dagbag.py:545} INFO - Filling up the DagBag from /home/maira/projeto_indicium_engineering/venv/lib/python3.10/site-packages/airflow/example_dags/example_latest_only.py
[2024-06-14T17:44:19.220-0300] {processor.py:840} INFO - DAG(s) 'latest_only' retrieved from /home/maira/projeto_indicium_engineering/venv/lib/python3.10/site-packages/airflow/example_dags/example_latest_only.py
[2024-06-14T17:44:19.231-0300] {logging_mixin.py:188} INFO - [2024-06-14T17:44:19.231-0300] {dag.py:3096} INFO - Sync 1 DAGs
[2024-06-14T17:44:19.245-0300] {logging_mixin.py:188} INFO - [2024-06-14T17:44:19.245-0300] {dag.py:3954} INFO - Setting next_dagrun for latest_only to 2024-06-14 16:00:00+00:00, run_after=2024-06-14 20:00:00+00:00
[2024-06-14T17:44:19.269-0300] {processor.py:183} INFO - Processing /home/maira/projeto_indicium_engineering/venv/lib/python3.10/site-packages/airflow/example_dags/example_latest_only.py took 0.063 seconds
[2024-06-14T17:45:19.137-0300] {processor.py:161} INFO - Started process (PID=101210) to work on /home/maira/projeto_indicium_engineering/venv/lib/python3.10/site-packages/airflow/example_dags/example_latest_only.py
[2024-06-14T17:45:19.142-0300] {processor.py:830} INFO - Processing file /home/maira/projeto_indicium_engineering/venv/lib/python3.10/site-packages/airflow/example_dags/example_latest_only.py for tasks to queue
[2024-06-14T17:45:19.144-0300] {logging_mixin.py:188} INFO - [2024-06-14T17:45:19.144-0300] {dagbag.py:545} INFO - Filling up the DagBag from /home/maira/projeto_indicium_engineering/venv/lib/python3.10/site-packages/airflow/example_dags/example_latest_only.py
[2024-06-14T17:45:19.148-0300] {processor.py:840} INFO - DAG(s) 'latest_only' retrieved from /home/maira/projeto_indicium_engineering/venv/lib/python3.10/site-packages/airflow/example_dags/example_latest_only.py
[2024-06-14T17:45:19.159-0300] {logging_mixin.py:188} INFO - [2024-06-14T17:45:19.159-0300] {dag.py:3096} INFO - Sync 1 DAGs
[2024-06-14T17:45:19.172-0300] {logging_mixin.py:188} INFO - [2024-06-14T17:45:19.172-0300] {dag.py:3954} INFO - Setting next_dagrun for latest_only to 2024-06-14 16:00:00+00:00, run_after=2024-06-14 20:00:00+00:00
[2024-06-14T17:45:19.202-0300] {processor.py:183} INFO - Processing /home/maira/projeto_indicium_engineering/venv/lib/python3.10/site-packages/airflow/example_dags/example_latest_only.py took 0.070 seconds
[2024-06-14T17:46:19.714-0300] {processor.py:161} INFO - Started process (PID=101510) to work on /home/maira/projeto_indicium_engineering/venv/lib/python3.10/site-packages/airflow/example_dags/example_latest_only.py
[2024-06-14T17:46:19.715-0300] {processor.py:830} INFO - Processing file /home/maira/projeto_indicium_engineering/venv/lib/python3.10/site-packages/airflow/example_dags/example_latest_only.py for tasks to queue
[2024-06-14T17:46:19.717-0300] {logging_mixin.py:188} INFO - [2024-06-14T17:46:19.717-0300] {dagbag.py:545} INFO - Filling up the DagBag from /home/maira/projeto_indicium_engineering/venv/lib/python3.10/site-packages/airflow/example_dags/example_latest_only.py
[2024-06-14T17:46:19.721-0300] {processor.py:840} INFO - DAG(s) 'latest_only' retrieved from /home/maira/projeto_indicium_engineering/venv/lib/python3.10/site-packages/airflow/example_dags/example_latest_only.py
[2024-06-14T17:46:19.732-0300] {logging_mixin.py:188} INFO - [2024-06-14T17:46:19.732-0300] {dag.py:3096} INFO - Sync 1 DAGs
[2024-06-14T17:46:19.746-0300] {logging_mixin.py:188} INFO - [2024-06-14T17:46:19.746-0300] {dag.py:3954} INFO - Setting next_dagrun for latest_only to 2024-06-14 16:00:00+00:00, run_after=2024-06-14 20:00:00+00:00
[2024-06-14T17:46:19.770-0300] {processor.py:183} INFO - Processing /home/maira/projeto_indicium_engineering/venv/lib/python3.10/site-packages/airflow/example_dags/example_latest_only.py took 0.061 seconds
[2024-06-14T17:47:19.466-0300] {processor.py:161} INFO - Started process (PID=101807) to work on /home/maira/projeto_indicium_engineering/venv/lib/python3.10/site-packages/airflow/example_dags/example_latest_only.py
[2024-06-14T17:47:19.468-0300] {processor.py:830} INFO - Processing file /home/maira/projeto_indicium_engineering/venv/lib/python3.10/site-packages/airflow/example_dags/example_latest_only.py for tasks to queue
[2024-06-14T17:47:19.469-0300] {logging_mixin.py:188} INFO - [2024-06-14T17:47:19.469-0300] {dagbag.py:545} INFO - Filling up the DagBag from /home/maira/projeto_indicium_engineering/venv/lib/python3.10/site-packages/airflow/example_dags/example_latest_only.py
[2024-06-14T17:47:19.475-0300] {processor.py:840} INFO - DAG(s) 'latest_only' retrieved from /home/maira/projeto_indicium_engineering/venv/lib/python3.10/site-packages/airflow/example_dags/example_latest_only.py
[2024-06-14T17:47:19.486-0300] {logging_mixin.py:188} INFO - [2024-06-14T17:47:19.486-0300] {dag.py:3096} INFO - Sync 1 DAGs
[2024-06-14T17:47:19.500-0300] {logging_mixin.py:188} INFO - [2024-06-14T17:47:19.499-0300] {dag.py:3954} INFO - Setting next_dagrun for latest_only to 2024-06-14 16:00:00+00:00, run_after=2024-06-14 20:00:00+00:00
[2024-06-14T17:47:19.521-0300] {processor.py:183} INFO - Processing /home/maira/projeto_indicium_engineering/venv/lib/python3.10/site-packages/airflow/example_dags/example_latest_only.py took 0.060 seconds
[2024-06-14T17:48:20.683-0300] {processor.py:161} INFO - Started process (PID=102109) to work on /home/maira/projeto_indicium_engineering/venv/lib/python3.10/site-packages/airflow/example_dags/example_latest_only.py
[2024-06-14T17:48:20.684-0300] {processor.py:830} INFO - Processing file /home/maira/projeto_indicium_engineering/venv/lib/python3.10/site-packages/airflow/example_dags/example_latest_only.py for tasks to queue
[2024-06-14T17:48:20.687-0300] {logging_mixin.py:188} INFO - [2024-06-14T17:48:20.686-0300] {dagbag.py:545} INFO - Filling up the DagBag from /home/maira/projeto_indicium_engineering/venv/lib/python3.10/site-packages/airflow/example_dags/example_latest_only.py
[2024-06-14T17:48:20.692-0300] {processor.py:840} INFO - DAG(s) 'latest_only' retrieved from /home/maira/projeto_indicium_engineering/venv/lib/python3.10/site-packages/airflow/example_dags/example_latest_only.py
[2024-06-14T17:48:20.703-0300] {logging_mixin.py:188} INFO - [2024-06-14T17:48:20.703-0300] {dag.py:3096} INFO - Sync 1 DAGs
[2024-06-14T17:48:20.717-0300] {logging_mixin.py:188} INFO - [2024-06-14T17:48:20.717-0300] {dag.py:3954} INFO - Setting next_dagrun for latest_only to 2024-06-14 16:00:00+00:00, run_after=2024-06-14 20:00:00+00:00
[2024-06-14T17:48:20.741-0300] {processor.py:183} INFO - Processing /home/maira/projeto_indicium_engineering/venv/lib/python3.10/site-packages/airflow/example_dags/example_latest_only.py took 0.063 seconds
[2024-06-14T17:49:23.967-0300] {processor.py:161} INFO - Started process (PID=102422) to work on /home/maira/projeto_indicium_engineering/venv/lib/python3.10/site-packages/airflow/example_dags/example_latest_only.py
[2024-06-14T17:49:23.969-0300] {processor.py:830} INFO - Processing file /home/maira/projeto_indicium_engineering/venv/lib/python3.10/site-packages/airflow/example_dags/example_latest_only.py for tasks to queue
[2024-06-14T17:49:23.970-0300] {logging_mixin.py:188} INFO - [2024-06-14T17:49:23.970-0300] {dagbag.py:545} INFO - Filling up the DagBag from /home/maira/projeto_indicium_engineering/venv/lib/python3.10/site-packages/airflow/example_dags/example_latest_only.py
[2024-06-14T17:49:23.976-0300] {processor.py:840} INFO - DAG(s) 'latest_only' retrieved from /home/maira/projeto_indicium_engineering/venv/lib/python3.10/site-packages/airflow/example_dags/example_latest_only.py
[2024-06-14T17:49:23.987-0300] {logging_mixin.py:188} INFO - [2024-06-14T17:49:23.987-0300] {dag.py:3096} INFO - Sync 1 DAGs
[2024-06-14T17:49:24.001-0300] {logging_mixin.py:188} INFO - [2024-06-14T17:49:24.001-0300] {dag.py:3954} INFO - Setting next_dagrun for latest_only to 2024-06-14 16:00:00+00:00, run_after=2024-06-14 20:00:00+00:00
[2024-06-14T17:49:24.025-0300] {processor.py:183} INFO - Processing /home/maira/projeto_indicium_engineering/venv/lib/python3.10/site-packages/airflow/example_dags/example_latest_only.py took 0.064 seconds
[2024-06-14T17:50:26.955-0300] {processor.py:161} INFO - Started process (PID=102732) to work on /home/maira/projeto_indicium_engineering/venv/lib/python3.10/site-packages/airflow/example_dags/example_latest_only.py
[2024-06-14T17:50:26.956-0300] {processor.py:830} INFO - Processing file /home/maira/projeto_indicium_engineering/venv/lib/python3.10/site-packages/airflow/example_dags/example_latest_only.py for tasks to queue
[2024-06-14T17:50:26.958-0300] {logging_mixin.py:188} INFO - [2024-06-14T17:50:26.958-0300] {dagbag.py:545} INFO - Filling up the DagBag from /home/maira/projeto_indicium_engineering/venv/lib/python3.10/site-packages/airflow/example_dags/example_latest_only.py
[2024-06-14T17:50:26.964-0300] {processor.py:840} INFO - DAG(s) 'latest_only' retrieved from /home/maira/projeto_indicium_engineering/venv/lib/python3.10/site-packages/airflow/example_dags/example_latest_only.py
[2024-06-14T17:50:26.977-0300] {logging_mixin.py:188} INFO - [2024-06-14T17:50:26.977-0300] {dag.py:3096} INFO - Sync 1 DAGs
[2024-06-14T17:50:26.991-0300] {logging_mixin.py:188} INFO - [2024-06-14T17:50:26.991-0300] {dag.py:3954} INFO - Setting next_dagrun for latest_only to 2024-06-14 16:00:00+00:00, run_after=2024-06-14 20:00:00+00:00
[2024-06-14T17:50:27.015-0300] {processor.py:183} INFO - Processing /home/maira/projeto_indicium_engineering/venv/lib/python3.10/site-packages/airflow/example_dags/example_latest_only.py took 0.065 seconds
[2024-06-14T17:51:25.799-0300] {processor.py:161} INFO - Started process (PID=103025) to work on /home/maira/projeto_indicium_engineering/venv/lib/python3.10/site-packages/airflow/example_dags/example_latest_only.py
[2024-06-14T17:51:25.800-0300] {processor.py:830} INFO - Processing file /home/maira/projeto_indicium_engineering/venv/lib/python3.10/site-packages/airflow/example_dags/example_latest_only.py for tasks to queue
[2024-06-14T17:51:25.801-0300] {logging_mixin.py:188} INFO - [2024-06-14T17:51:25.801-0300] {dagbag.py:545} INFO - Filling up the DagBag from /home/maira/projeto_indicium_engineering/venv/lib/python3.10/site-packages/airflow/example_dags/example_latest_only.py
[2024-06-14T17:51:25.805-0300] {processor.py:840} INFO - DAG(s) 'latest_only' retrieved from /home/maira/projeto_indicium_engineering/venv/lib/python3.10/site-packages/airflow/example_dags/example_latest_only.py
[2024-06-14T17:51:25.816-0300] {logging_mixin.py:188} INFO - [2024-06-14T17:51:25.816-0300] {dag.py:3096} INFO - Sync 1 DAGs
[2024-06-14T17:51:25.830-0300] {logging_mixin.py:188} INFO - [2024-06-14T17:51:25.830-0300] {dag.py:3954} INFO - Setting next_dagrun for latest_only to 2024-06-14 16:00:00+00:00, run_after=2024-06-14 20:00:00+00:00
[2024-06-14T17:51:25.850-0300] {processor.py:183} INFO - Processing /home/maira/projeto_indicium_engineering/venv/lib/python3.10/site-packages/airflow/example_dags/example_latest_only.py took 0.056 seconds
[2024-06-14T20:52:08.162-0300] {processor.py:161} INFO - Started process (PID=103600) to work on /home/maira/projeto_indicium_engineering/venv/lib/python3.10/site-packages/airflow/example_dags/example_latest_only.py
[2024-06-14T20:52:08.163-0300] {processor.py:830} INFO - Processing file /home/maira/projeto_indicium_engineering/venv/lib/python3.10/site-packages/airflow/example_dags/example_latest_only.py for tasks to queue
[2024-06-14T20:52:08.165-0300] {logging_mixin.py:188} INFO - [2024-06-14T20:52:08.164-0300] {dagbag.py:545} INFO - Filling up the DagBag from /home/maira/projeto_indicium_engineering/venv/lib/python3.10/site-packages/airflow/example_dags/example_latest_only.py
[2024-06-14T20:52:08.169-0300] {processor.py:840} INFO - DAG(s) 'latest_only' retrieved from /home/maira/projeto_indicium_engineering/venv/lib/python3.10/site-packages/airflow/example_dags/example_latest_only.py
[2024-06-14T20:52:08.185-0300] {logging_mixin.py:188} INFO - [2024-06-14T20:52:08.185-0300] {dag.py:3096} INFO - Sync 1 DAGs
[2024-06-14T20:52:08.211-0300] {logging_mixin.py:188} INFO - [2024-06-14T20:52:08.211-0300] {dag.py:3954} INFO - Setting next_dagrun for latest_only to 2024-06-14 16:00:00+00:00, run_after=2024-06-14 20:00:00+00:00
[2024-06-14T20:52:08.257-0300] {processor.py:183} INFO - Processing /home/maira/projeto_indicium_engineering/venv/lib/python3.10/site-packages/airflow/example_dags/example_latest_only.py took 0.099 seconds
[2024-06-14T20:53:06.788-0300] {processor.py:161} INFO - Started process (PID=103881) to work on /home/maira/projeto_indicium_engineering/venv/lib/python3.10/site-packages/airflow/example_dags/example_latest_only.py
[2024-06-14T20:53:06.790-0300] {processor.py:830} INFO - Processing file /home/maira/projeto_indicium_engineering/venv/lib/python3.10/site-packages/airflow/example_dags/example_latest_only.py for tasks to queue
[2024-06-14T20:53:06.791-0300] {logging_mixin.py:188} INFO - [2024-06-14T20:53:06.791-0300] {dagbag.py:545} INFO - Filling up the DagBag from /home/maira/projeto_indicium_engineering/venv/lib/python3.10/site-packages/airflow/example_dags/example_latest_only.py
[2024-06-14T20:53:06.795-0300] {processor.py:840} INFO - DAG(s) 'latest_only' retrieved from /home/maira/projeto_indicium_engineering/venv/lib/python3.10/site-packages/airflow/example_dags/example_latest_only.py
[2024-06-14T20:53:06.808-0300] {logging_mixin.py:188} INFO - [2024-06-14T20:53:06.807-0300] {dag.py:3096} INFO - Sync 1 DAGs
[2024-06-14T20:53:06.824-0300] {logging_mixin.py:188} INFO - [2024-06-14T20:53:06.824-0300] {dag.py:3954} INFO - Setting next_dagrun for latest_only to 2024-06-14 16:00:00+00:00, run_after=2024-06-14 20:00:00+00:00
[2024-06-14T20:53:06.859-0300] {processor.py:183} INFO - Processing /home/maira/projeto_indicium_engineering/venv/lib/python3.10/site-packages/airflow/example_dags/example_latest_only.py took 0.076 seconds
