[2024-06-14T16:31:09.990-0300] {processor.py:161} INFO - Started process (PID=86509) to work on /home/maira/projeto_indicium_engineering/venv/lib/python3.10/site-packages/airflow/example_dags/example_complex.py
[2024-06-14T16:31:09.991-0300] {processor.py:830} INFO - Processing file /home/maira/projeto_indicium_engineering/venv/lib/python3.10/site-packages/airflow/example_dags/example_complex.py for tasks to queue
[2024-06-14T16:31:09.992-0300] {logging_mixin.py:188} INFO - [2024-06-14T16:31:09.991-0300] {dagbag.py:545} INFO - Filling up the DagBag from /home/maira/projeto_indicium_engineering/venv/lib/python3.10/site-packages/airflow/example_dags/example_complex.py
[2024-06-14T16:31:09.999-0300] {processor.py:840} INFO - DAG(s) 'example_complex' retrieved from /home/maira/projeto_indicium_engineering/venv/lib/python3.10/site-packages/airflow/example_dags/example_complex.py
[2024-06-14T16:31:10.090-0300] {logging_mixin.py:188} INFO - [2024-06-14T16:31:10.090-0300] {override.py:1829} INFO - Created Permission View: can edit on DAG:example_complex
[2024-06-14T16:31:10.178-0300] {logging_mixin.py:188} INFO - [2024-06-14T16:31:10.178-0300] {override.py:1829} INFO - Created Permission View: can delete on DAG:example_complex
[2024-06-14T16:31:10.189-0300] {logging_mixin.py:188} INFO - [2024-06-14T16:31:10.188-0300] {override.py:1829} INFO - Created Permission View: can read on DAG:example_complex
[2024-06-14T16:31:10.189-0300] {logging_mixin.py:188} INFO - [2024-06-14T16:31:10.189-0300] {dag.py:3096} INFO - Sync 1 DAGs
[2024-06-14T16:31:10.196-0300] {logging_mixin.py:188} INFO - [2024-06-14T16:31:10.196-0300] {dag.py:3118} INFO - Creating ORM DAG for example_complex
[2024-06-14T16:31:10.197-0300] {logging_mixin.py:188} INFO - [2024-06-14T16:31:10.197-0300] {dag.py:3954} INFO - Setting next_dagrun for example_complex to None, run_after=None
[2024-06-14T16:31:10.218-0300] {processor.py:183} INFO - Processing /home/maira/projeto_indicium_engineering/venv/lib/python3.10/site-packages/airflow/example_dags/example_complex.py took 0.232 seconds
[2024-06-14T16:32:05.600-0300] {processor.py:161} INFO - Started process (PID=86779) to work on /home/maira/projeto_indicium_engineering/venv/lib/python3.10/site-packages/airflow/example_dags/example_complex.py
[2024-06-14T16:32:05.602-0300] {processor.py:830} INFO - Processing file /home/maira/projeto_indicium_engineering/venv/lib/python3.10/site-packages/airflow/example_dags/example_complex.py for tasks to queue
[2024-06-14T16:32:05.604-0300] {logging_mixin.py:188} INFO - [2024-06-14T16:32:05.604-0300] {dagbag.py:545} INFO - Filling up the DagBag from /home/maira/projeto_indicium_engineering/venv/lib/python3.10/site-packages/airflow/example_dags/example_complex.py
[2024-06-14T16:32:05.611-0300] {processor.py:840} INFO - DAG(s) 'example_complex' retrieved from /home/maira/projeto_indicium_engineering/venv/lib/python3.10/site-packages/airflow/example_dags/example_complex.py
[2024-06-14T16:32:05.629-0300] {logging_mixin.py:188} INFO - [2024-06-14T16:32:05.629-0300] {dag.py:3096} INFO - Sync 1 DAGs
[2024-06-14T16:32:05.637-0300] {logging_mixin.py:188} INFO - [2024-06-14T16:32:05.637-0300] {dag.py:3954} INFO - Setting next_dagrun for example_complex to None, run_after=None
[2024-06-14T16:32:05.732-0300] {processor.py:183} INFO - Processing /home/maira/projeto_indicium_engineering/venv/lib/python3.10/site-packages/airflow/example_dags/example_complex.py took 0.136 seconds
[2024-06-14T16:32:55.265-0300] {processor.py:161} INFO - Started process (PID=87025) to work on /home/maira/projeto_indicium_engineering/venv/lib/python3.10/site-packages/airflow/example_dags/example_complex.py
[2024-06-14T16:32:55.267-0300] {processor.py:830} INFO - Processing file /home/maira/projeto_indicium_engineering/venv/lib/python3.10/site-packages/airflow/example_dags/example_complex.py for tasks to queue
[2024-06-14T16:32:55.268-0300] {logging_mixin.py:188} INFO - [2024-06-14T16:32:55.268-0300] {dagbag.py:545} INFO - Filling up the DagBag from /home/maira/projeto_indicium_engineering/venv/lib/python3.10/site-packages/airflow/example_dags/example_complex.py
[2024-06-14T16:32:55.276-0300] {processor.py:840} INFO - DAG(s) 'example_complex' retrieved from /home/maira/projeto_indicium_engineering/venv/lib/python3.10/site-packages/airflow/example_dags/example_complex.py
[2024-06-14T16:32:55.294-0300] {logging_mixin.py:188} INFO - [2024-06-14T16:32:55.294-0300] {dag.py:3096} INFO - Sync 1 DAGs
[2024-06-14T16:32:55.303-0300] {logging_mixin.py:188} INFO - [2024-06-14T16:32:55.303-0300] {dag.py:3954} INFO - Setting next_dagrun for example_complex to None, run_after=None
[2024-06-14T16:32:55.327-0300] {processor.py:183} INFO - Processing /home/maira/projeto_indicium_engineering/venv/lib/python3.10/site-packages/airflow/example_dags/example_complex.py took 0.067 seconds
[2024-06-14T16:34:02.236-0300] {processor.py:161} INFO - Started process (PID=87351) to work on /home/maira/projeto_indicium_engineering/venv/lib/python3.10/site-packages/airflow/example_dags/example_complex.py
[2024-06-14T16:34:02.238-0300] {processor.py:830} INFO - Processing file /home/maira/projeto_indicium_engineering/venv/lib/python3.10/site-packages/airflow/example_dags/example_complex.py for tasks to queue
[2024-06-14T16:34:02.239-0300] {logging_mixin.py:188} INFO - [2024-06-14T16:34:02.239-0300] {dagbag.py:545} INFO - Filling up the DagBag from /home/maira/projeto_indicium_engineering/venv/lib/python3.10/site-packages/airflow/example_dags/example_complex.py
[2024-06-14T16:34:02.249-0300] {processor.py:840} INFO - DAG(s) 'example_complex' retrieved from /home/maira/projeto_indicium_engineering/venv/lib/python3.10/site-packages/airflow/example_dags/example_complex.py
[2024-06-14T16:34:02.267-0300] {logging_mixin.py:188} INFO - [2024-06-14T16:34:02.267-0300] {dag.py:3096} INFO - Sync 1 DAGs
[2024-06-14T16:34:02.276-0300] {logging_mixin.py:188} INFO - [2024-06-14T16:34:02.276-0300] {dag.py:3954} INFO - Setting next_dagrun for example_complex to None, run_after=None
[2024-06-14T16:34:02.299-0300] {processor.py:183} INFO - Processing /home/maira/projeto_indicium_engineering/venv/lib/python3.10/site-packages/airflow/example_dags/example_complex.py took 0.068 seconds
[2024-06-14T16:35:01.651-0300] {processor.py:161} INFO - Started process (PID=87648) to work on /home/maira/projeto_indicium_engineering/venv/lib/python3.10/site-packages/airflow/example_dags/example_complex.py
[2024-06-14T16:35:01.652-0300] {processor.py:830} INFO - Processing file /home/maira/projeto_indicium_engineering/venv/lib/python3.10/site-packages/airflow/example_dags/example_complex.py for tasks to queue
[2024-06-14T16:35:01.654-0300] {logging_mixin.py:188} INFO - [2024-06-14T16:35:01.653-0300] {dagbag.py:545} INFO - Filling up the DagBag from /home/maira/projeto_indicium_engineering/venv/lib/python3.10/site-packages/airflow/example_dags/example_complex.py
[2024-06-14T16:35:01.663-0300] {processor.py:840} INFO - DAG(s) 'example_complex' retrieved from /home/maira/projeto_indicium_engineering/venv/lib/python3.10/site-packages/airflow/example_dags/example_complex.py
[2024-06-14T16:35:01.686-0300] {logging_mixin.py:188} INFO - [2024-06-14T16:35:01.686-0300] {dag.py:3096} INFO - Sync 1 DAGs
[2024-06-14T16:35:01.696-0300] {logging_mixin.py:188} INFO - [2024-06-14T16:35:01.696-0300] {dag.py:3954} INFO - Setting next_dagrun for example_complex to None, run_after=None
[2024-06-14T16:35:01.719-0300] {processor.py:183} INFO - Processing /home/maira/projeto_indicium_engineering/venv/lib/python3.10/site-packages/airflow/example_dags/example_complex.py took 0.073 seconds
[2024-06-14T16:35:57.114-0300] {processor.py:161} INFO - Started process (PID=87925) to work on /home/maira/projeto_indicium_engineering/venv/lib/python3.10/site-packages/airflow/example_dags/example_complex.py
[2024-06-14T16:35:57.125-0300] {processor.py:830} INFO - Processing file /home/maira/projeto_indicium_engineering/venv/lib/python3.10/site-packages/airflow/example_dags/example_complex.py for tasks to queue
[2024-06-14T16:35:57.127-0300] {logging_mixin.py:188} INFO - [2024-06-14T16:35:57.127-0300] {dagbag.py:545} INFO - Filling up the DagBag from /home/maira/projeto_indicium_engineering/venv/lib/python3.10/site-packages/airflow/example_dags/example_complex.py
[2024-06-14T16:35:57.134-0300] {processor.py:840} INFO - DAG(s) 'example_complex' retrieved from /home/maira/projeto_indicium_engineering/venv/lib/python3.10/site-packages/airflow/example_dags/example_complex.py
[2024-06-14T16:35:57.154-0300] {logging_mixin.py:188} INFO - [2024-06-14T16:35:57.153-0300] {dag.py:3096} INFO - Sync 1 DAGs
[2024-06-14T16:35:57.162-0300] {logging_mixin.py:188} INFO - [2024-06-14T16:35:57.162-0300] {dag.py:3954} INFO - Setting next_dagrun for example_complex to None, run_after=None
[2024-06-14T16:35:57.186-0300] {processor.py:183} INFO - Processing /home/maira/projeto_indicium_engineering/venv/lib/python3.10/site-packages/airflow/example_dags/example_complex.py took 0.076 seconds
[2024-06-14T16:36:57.150-0300] {processor.py:161} INFO - Started process (PID=88222) to work on /home/maira/projeto_indicium_engineering/venv/lib/python3.10/site-packages/airflow/example_dags/example_complex.py
[2024-06-14T16:36:57.152-0300] {processor.py:830} INFO - Processing file /home/maira/projeto_indicium_engineering/venv/lib/python3.10/site-packages/airflow/example_dags/example_complex.py for tasks to queue
[2024-06-14T16:36:57.153-0300] {logging_mixin.py:188} INFO - [2024-06-14T16:36:57.153-0300] {dagbag.py:545} INFO - Filling up the DagBag from /home/maira/projeto_indicium_engineering/venv/lib/python3.10/site-packages/airflow/example_dags/example_complex.py
[2024-06-14T16:36:57.162-0300] {processor.py:840} INFO - DAG(s) 'example_complex' retrieved from /home/maira/projeto_indicium_engineering/venv/lib/python3.10/site-packages/airflow/example_dags/example_complex.py
[2024-06-14T16:36:57.181-0300] {logging_mixin.py:188} INFO - [2024-06-14T16:36:57.181-0300] {dag.py:3096} INFO - Sync 1 DAGs
[2024-06-14T16:36:57.189-0300] {logging_mixin.py:188} INFO - [2024-06-14T16:36:57.189-0300] {dag.py:3954} INFO - Setting next_dagrun for example_complex to None, run_after=None
[2024-06-14T16:36:57.212-0300] {processor.py:183} INFO - Processing /home/maira/projeto_indicium_engineering/venv/lib/python3.10/site-packages/airflow/example_dags/example_complex.py took 0.068 seconds
[2024-06-14T16:37:59.743-0300] {processor.py:161} INFO - Started process (PID=88531) to work on /home/maira/projeto_indicium_engineering/venv/lib/python3.10/site-packages/airflow/example_dags/example_complex.py
[2024-06-14T16:37:59.745-0300] {processor.py:830} INFO - Processing file /home/maira/projeto_indicium_engineering/venv/lib/python3.10/site-packages/airflow/example_dags/example_complex.py for tasks to queue
[2024-06-14T16:37:59.746-0300] {logging_mixin.py:188} INFO - [2024-06-14T16:37:59.746-0300] {dagbag.py:545} INFO - Filling up the DagBag from /home/maira/projeto_indicium_engineering/venv/lib/python3.10/site-packages/airflow/example_dags/example_complex.py
[2024-06-14T16:37:59.753-0300] {processor.py:840} INFO - DAG(s) 'example_complex' retrieved from /home/maira/projeto_indicium_engineering/venv/lib/python3.10/site-packages/airflow/example_dags/example_complex.py
[2024-06-14T16:37:59.772-0300] {logging_mixin.py:188} INFO - [2024-06-14T16:37:59.772-0300] {dag.py:3096} INFO - Sync 1 DAGs
[2024-06-14T16:37:59.780-0300] {logging_mixin.py:188} INFO - [2024-06-14T16:37:59.779-0300] {dag.py:3954} INFO - Setting next_dagrun for example_complex to None, run_after=None
[2024-06-14T16:37:59.801-0300] {processor.py:183} INFO - Processing /home/maira/projeto_indicium_engineering/venv/lib/python3.10/site-packages/airflow/example_dags/example_complex.py took 0.063 seconds
[2024-06-14T16:39:05.673-0300] {processor.py:161} INFO - Started process (PID=88856) to work on /home/maira/projeto_indicium_engineering/venv/lib/python3.10/site-packages/airflow/example_dags/example_complex.py
[2024-06-14T16:39:05.674-0300] {processor.py:830} INFO - Processing file /home/maira/projeto_indicium_engineering/venv/lib/python3.10/site-packages/airflow/example_dags/example_complex.py for tasks to queue
[2024-06-14T16:39:05.676-0300] {logging_mixin.py:188} INFO - [2024-06-14T16:39:05.675-0300] {dagbag.py:545} INFO - Filling up the DagBag from /home/maira/projeto_indicium_engineering/venv/lib/python3.10/site-packages/airflow/example_dags/example_complex.py
[2024-06-14T16:39:05.685-0300] {processor.py:840} INFO - DAG(s) 'example_complex' retrieved from /home/maira/projeto_indicium_engineering/venv/lib/python3.10/site-packages/airflow/example_dags/example_complex.py
[2024-06-14T16:39:05.703-0300] {logging_mixin.py:188} INFO - [2024-06-14T16:39:05.703-0300] {dag.py:3096} INFO - Sync 1 DAGs
[2024-06-14T16:39:05.711-0300] {logging_mixin.py:188} INFO - [2024-06-14T16:39:05.711-0300] {dag.py:3954} INFO - Setting next_dagrun for example_complex to None, run_after=None
[2024-06-14T16:39:05.735-0300] {processor.py:183} INFO - Processing /home/maira/projeto_indicium_engineering/venv/lib/python3.10/site-packages/airflow/example_dags/example_complex.py took 0.067 seconds
[2024-06-14T16:40:07.269-0300] {processor.py:161} INFO - Started process (PID=89161) to work on /home/maira/projeto_indicium_engineering/venv/lib/python3.10/site-packages/airflow/example_dags/example_complex.py
[2024-06-14T16:40:07.272-0300] {processor.py:830} INFO - Processing file /home/maira/projeto_indicium_engineering/venv/lib/python3.10/site-packages/airflow/example_dags/example_complex.py for tasks to queue
[2024-06-14T16:40:07.273-0300] {logging_mixin.py:188} INFO - [2024-06-14T16:40:07.273-0300] {dagbag.py:545} INFO - Filling up the DagBag from /home/maira/projeto_indicium_engineering/venv/lib/python3.10/site-packages/airflow/example_dags/example_complex.py
[2024-06-14T16:40:07.280-0300] {processor.py:840} INFO - DAG(s) 'example_complex' retrieved from /home/maira/projeto_indicium_engineering/venv/lib/python3.10/site-packages/airflow/example_dags/example_complex.py
[2024-06-14T16:40:07.299-0300] {logging_mixin.py:188} INFO - [2024-06-14T16:40:07.299-0300] {dag.py:3096} INFO - Sync 1 DAGs
[2024-06-14T16:40:07.307-0300] {logging_mixin.py:188} INFO - [2024-06-14T16:40:07.307-0300] {dag.py:3954} INFO - Setting next_dagrun for example_complex to None, run_after=None
[2024-06-14T16:40:07.328-0300] {processor.py:183} INFO - Processing /home/maira/projeto_indicium_engineering/venv/lib/python3.10/site-packages/airflow/example_dags/example_complex.py took 0.064 seconds
[2024-06-14T16:41:01.488-0300] {processor.py:161} INFO - Started process (PID=89430) to work on /home/maira/projeto_indicium_engineering/venv/lib/python3.10/site-packages/airflow/example_dags/example_complex.py
[2024-06-14T16:41:01.490-0300] {processor.py:830} INFO - Processing file /home/maira/projeto_indicium_engineering/venv/lib/python3.10/site-packages/airflow/example_dags/example_complex.py for tasks to queue
[2024-06-14T16:41:01.491-0300] {logging_mixin.py:188} INFO - [2024-06-14T16:41:01.491-0300] {dagbag.py:545} INFO - Filling up the DagBag from /home/maira/projeto_indicium_engineering/venv/lib/python3.10/site-packages/airflow/example_dags/example_complex.py
[2024-06-14T16:41:01.499-0300] {processor.py:840} INFO - DAG(s) 'example_complex' retrieved from /home/maira/projeto_indicium_engineering/venv/lib/python3.10/site-packages/airflow/example_dags/example_complex.py
[2024-06-14T16:41:01.518-0300] {logging_mixin.py:188} INFO - [2024-06-14T16:41:01.518-0300] {dag.py:3096} INFO - Sync 1 DAGs
[2024-06-14T16:41:01.526-0300] {logging_mixin.py:188} INFO - [2024-06-14T16:41:01.526-0300] {dag.py:3954} INFO - Setting next_dagrun for example_complex to None, run_after=None
[2024-06-14T16:41:01.549-0300] {processor.py:183} INFO - Processing /home/maira/projeto_indicium_engineering/venv/lib/python3.10/site-packages/airflow/example_dags/example_complex.py took 0.066 seconds
[2024-06-14T16:42:01.014-0300] {processor.py:161} INFO - Started process (PID=89725) to work on /home/maira/projeto_indicium_engineering/venv/lib/python3.10/site-packages/airflow/example_dags/example_complex.py
[2024-06-14T16:42:01.016-0300] {processor.py:830} INFO - Processing file /home/maira/projeto_indicium_engineering/venv/lib/python3.10/site-packages/airflow/example_dags/example_complex.py for tasks to queue
[2024-06-14T16:42:01.017-0300] {logging_mixin.py:188} INFO - [2024-06-14T16:42:01.017-0300] {dagbag.py:545} INFO - Filling up the DagBag from /home/maira/projeto_indicium_engineering/venv/lib/python3.10/site-packages/airflow/example_dags/example_complex.py
[2024-06-14T16:42:01.027-0300] {processor.py:840} INFO - DAG(s) 'example_complex' retrieved from /home/maira/projeto_indicium_engineering/venv/lib/python3.10/site-packages/airflow/example_dags/example_complex.py
[2024-06-14T16:42:01.046-0300] {logging_mixin.py:188} INFO - [2024-06-14T16:42:01.046-0300] {dag.py:3096} INFO - Sync 1 DAGs
[2024-06-14T16:42:01.055-0300] {logging_mixin.py:188} INFO - [2024-06-14T16:42:01.055-0300] {dag.py:3954} INFO - Setting next_dagrun for example_complex to None, run_after=None
[2024-06-14T16:42:01.077-0300] {processor.py:183} INFO - Processing /home/maira/projeto_indicium_engineering/venv/lib/python3.10/site-packages/airflow/example_dags/example_complex.py took 0.068 seconds
[2024-06-14T16:42:59.532-0300] {processor.py:161} INFO - Started process (PID=90016) to work on /home/maira/projeto_indicium_engineering/venv/lib/python3.10/site-packages/airflow/example_dags/example_complex.py
[2024-06-14T16:42:59.536-0300] {processor.py:830} INFO - Processing file /home/maira/projeto_indicium_engineering/venv/lib/python3.10/site-packages/airflow/example_dags/example_complex.py for tasks to queue
[2024-06-14T16:42:59.538-0300] {logging_mixin.py:188} INFO - [2024-06-14T16:42:59.538-0300] {dagbag.py:545} INFO - Filling up the DagBag from /home/maira/projeto_indicium_engineering/venv/lib/python3.10/site-packages/airflow/example_dags/example_complex.py
[2024-06-14T16:42:59.545-0300] {processor.py:840} INFO - DAG(s) 'example_complex' retrieved from /home/maira/projeto_indicium_engineering/venv/lib/python3.10/site-packages/airflow/example_dags/example_complex.py
[2024-06-14T16:42:59.564-0300] {logging_mixin.py:188} INFO - [2024-06-14T16:42:59.564-0300] {dag.py:3096} INFO - Sync 1 DAGs
[2024-06-14T16:42:59.573-0300] {logging_mixin.py:188} INFO - [2024-06-14T16:42:59.572-0300] {dag.py:3954} INFO - Setting next_dagrun for example_complex to None, run_after=None
[2024-06-14T16:42:59.595-0300] {processor.py:183} INFO - Processing /home/maira/projeto_indicium_engineering/venv/lib/python3.10/site-packages/airflow/example_dags/example_complex.py took 0.067 seconds
[2024-06-14T16:44:00.074-0300] {processor.py:161} INFO - Started process (PID=90315) to work on /home/maira/projeto_indicium_engineering/venv/lib/python3.10/site-packages/airflow/example_dags/example_complex.py
[2024-06-14T16:44:00.075-0300] {processor.py:830} INFO - Processing file /home/maira/projeto_indicium_engineering/venv/lib/python3.10/site-packages/airflow/example_dags/example_complex.py for tasks to queue
[2024-06-14T16:44:00.077-0300] {logging_mixin.py:188} INFO - [2024-06-14T16:44:00.077-0300] {dagbag.py:545} INFO - Filling up the DagBag from /home/maira/projeto_indicium_engineering/venv/lib/python3.10/site-packages/airflow/example_dags/example_complex.py
[2024-06-14T16:44:00.088-0300] {processor.py:840} INFO - DAG(s) 'example_complex' retrieved from /home/maira/projeto_indicium_engineering/venv/lib/python3.10/site-packages/airflow/example_dags/example_complex.py
[2024-06-14T16:44:00.106-0300] {logging_mixin.py:188} INFO - [2024-06-14T16:44:00.106-0300] {dag.py:3096} INFO - Sync 1 DAGs
[2024-06-14T16:44:00.114-0300] {logging_mixin.py:188} INFO - [2024-06-14T16:44:00.114-0300] {dag.py:3954} INFO - Setting next_dagrun for example_complex to None, run_after=None
[2024-06-14T16:44:00.142-0300] {processor.py:183} INFO - Processing /home/maira/projeto_indicium_engineering/venv/lib/python3.10/site-packages/airflow/example_dags/example_complex.py took 0.073 seconds
[2024-06-14T16:44:59.695-0300] {processor.py:161} INFO - Started process (PID=90611) to work on /home/maira/projeto_indicium_engineering/venv/lib/python3.10/site-packages/airflow/example_dags/example_complex.py
[2024-06-14T16:44:59.697-0300] {processor.py:830} INFO - Processing file /home/maira/projeto_indicium_engineering/venv/lib/python3.10/site-packages/airflow/example_dags/example_complex.py for tasks to queue
[2024-06-14T16:44:59.699-0300] {logging_mixin.py:188} INFO - [2024-06-14T16:44:59.699-0300] {dagbag.py:545} INFO - Filling up the DagBag from /home/maira/projeto_indicium_engineering/venv/lib/python3.10/site-packages/airflow/example_dags/example_complex.py
[2024-06-14T16:44:59.706-0300] {processor.py:840} INFO - DAG(s) 'example_complex' retrieved from /home/maira/projeto_indicium_engineering/venv/lib/python3.10/site-packages/airflow/example_dags/example_complex.py
[2024-06-14T16:44:59.725-0300] {logging_mixin.py:188} INFO - [2024-06-14T16:44:59.725-0300] {dag.py:3096} INFO - Sync 1 DAGs
[2024-06-14T16:44:59.733-0300] {logging_mixin.py:188} INFO - [2024-06-14T16:44:59.733-0300] {dag.py:3954} INFO - Setting next_dagrun for example_complex to None, run_after=None
[2024-06-14T16:44:59.754-0300] {processor.py:183} INFO - Processing /home/maira/projeto_indicium_engineering/venv/lib/python3.10/site-packages/airflow/example_dags/example_complex.py took 0.064 seconds
[2024-06-14T16:45:59.378-0300] {processor.py:161} INFO - Started process (PID=90909) to work on /home/maira/projeto_indicium_engineering/venv/lib/python3.10/site-packages/airflow/example_dags/example_complex.py
[2024-06-14T16:45:59.379-0300] {processor.py:830} INFO - Processing file /home/maira/projeto_indicium_engineering/venv/lib/python3.10/site-packages/airflow/example_dags/example_complex.py for tasks to queue
[2024-06-14T16:45:59.380-0300] {logging_mixin.py:188} INFO - [2024-06-14T16:45:59.380-0300] {dagbag.py:545} INFO - Filling up the DagBag from /home/maira/projeto_indicium_engineering/venv/lib/python3.10/site-packages/airflow/example_dags/example_complex.py
[2024-06-14T16:45:59.388-0300] {processor.py:840} INFO - DAG(s) 'example_complex' retrieved from /home/maira/projeto_indicium_engineering/venv/lib/python3.10/site-packages/airflow/example_dags/example_complex.py
[2024-06-14T16:45:59.407-0300] {logging_mixin.py:188} INFO - [2024-06-14T16:45:59.406-0300] {dag.py:3096} INFO - Sync 1 DAGs
[2024-06-14T16:45:59.415-0300] {logging_mixin.py:188} INFO - [2024-06-14T16:45:59.414-0300] {dag.py:3954} INFO - Setting next_dagrun for example_complex to None, run_after=None
[2024-06-14T16:45:59.438-0300] {processor.py:183} INFO - Processing /home/maira/projeto_indicium_engineering/venv/lib/python3.10/site-packages/airflow/example_dags/example_complex.py took 0.065 seconds
[2024-06-14T16:47:00.166-0300] {processor.py:161} INFO - Started process (PID=91210) to work on /home/maira/projeto_indicium_engineering/venv/lib/python3.10/site-packages/airflow/example_dags/example_complex.py
[2024-06-14T16:47:00.168-0300] {processor.py:830} INFO - Processing file /home/maira/projeto_indicium_engineering/venv/lib/python3.10/site-packages/airflow/example_dags/example_complex.py for tasks to queue
[2024-06-14T16:47:00.169-0300] {logging_mixin.py:188} INFO - [2024-06-14T16:47:00.169-0300] {dagbag.py:545} INFO - Filling up the DagBag from /home/maira/projeto_indicium_engineering/venv/lib/python3.10/site-packages/airflow/example_dags/example_complex.py
[2024-06-14T16:47:00.176-0300] {processor.py:840} INFO - DAG(s) 'example_complex' retrieved from /home/maira/projeto_indicium_engineering/venv/lib/python3.10/site-packages/airflow/example_dags/example_complex.py
[2024-06-14T16:47:00.195-0300] {logging_mixin.py:188} INFO - [2024-06-14T16:47:00.195-0300] {dag.py:3096} INFO - Sync 1 DAGs
[2024-06-14T16:47:00.203-0300] {logging_mixin.py:188} INFO - [2024-06-14T16:47:00.203-0300] {dag.py:3954} INFO - Setting next_dagrun for example_complex to None, run_after=None
[2024-06-14T16:47:00.227-0300] {processor.py:183} INFO - Processing /home/maira/projeto_indicium_engineering/venv/lib/python3.10/site-packages/airflow/example_dags/example_complex.py took 0.065 seconds
[2024-06-14T16:47:57.588-0300] {processor.py:161} INFO - Started process (PID=91495) to work on /home/maira/projeto_indicium_engineering/venv/lib/python3.10/site-packages/airflow/example_dags/example_complex.py
[2024-06-14T16:47:57.594-0300] {processor.py:830} INFO - Processing file /home/maira/projeto_indicium_engineering/venv/lib/python3.10/site-packages/airflow/example_dags/example_complex.py for tasks to queue
[2024-06-14T16:47:57.596-0300] {logging_mixin.py:188} INFO - [2024-06-14T16:47:57.595-0300] {dagbag.py:545} INFO - Filling up the DagBag from /home/maira/projeto_indicium_engineering/venv/lib/python3.10/site-packages/airflow/example_dags/example_complex.py
[2024-06-14T16:47:57.603-0300] {processor.py:840} INFO - DAG(s) 'example_complex' retrieved from /home/maira/projeto_indicium_engineering/venv/lib/python3.10/site-packages/airflow/example_dags/example_complex.py
[2024-06-14T16:47:57.623-0300] {logging_mixin.py:188} INFO - [2024-06-14T16:47:57.622-0300] {dag.py:3096} INFO - Sync 1 DAGs
[2024-06-14T16:47:57.631-0300] {logging_mixin.py:188} INFO - [2024-06-14T16:47:57.631-0300] {dag.py:3954} INFO - Setting next_dagrun for example_complex to None, run_after=None
[2024-06-14T16:47:57.656-0300] {processor.py:183} INFO - Processing /home/maira/projeto_indicium_engineering/venv/lib/python3.10/site-packages/airflow/example_dags/example_complex.py took 0.073 seconds
[2024-06-14T16:48:55.306-0300] {processor.py:161} INFO - Started process (PID=91783) to work on /home/maira/projeto_indicium_engineering/venv/lib/python3.10/site-packages/airflow/example_dags/example_complex.py
[2024-06-14T16:48:55.308-0300] {processor.py:830} INFO - Processing file /home/maira/projeto_indicium_engineering/venv/lib/python3.10/site-packages/airflow/example_dags/example_complex.py for tasks to queue
[2024-06-14T16:48:55.310-0300] {logging_mixin.py:188} INFO - [2024-06-14T16:48:55.309-0300] {dagbag.py:545} INFO - Filling up the DagBag from /home/maira/projeto_indicium_engineering/venv/lib/python3.10/site-packages/airflow/example_dags/example_complex.py
[2024-06-14T16:48:55.321-0300] {processor.py:840} INFO - DAG(s) 'example_complex' retrieved from /home/maira/projeto_indicium_engineering/venv/lib/python3.10/site-packages/airflow/example_dags/example_complex.py
[2024-06-14T16:48:55.340-0300] {logging_mixin.py:188} INFO - [2024-06-14T16:48:55.340-0300] {dag.py:3096} INFO - Sync 1 DAGs
[2024-06-14T16:48:55.348-0300] {logging_mixin.py:188} INFO - [2024-06-14T16:48:55.348-0300] {dag.py:3954} INFO - Setting next_dagrun for example_complex to None, run_after=None
[2024-06-14T16:48:55.369-0300] {processor.py:183} INFO - Processing /home/maira/projeto_indicium_engineering/venv/lib/python3.10/site-packages/airflow/example_dags/example_complex.py took 0.070 seconds
[2024-06-14T16:49:54.576-0300] {processor.py:161} INFO - Started process (PID=92075) to work on /home/maira/projeto_indicium_engineering/venv/lib/python3.10/site-packages/airflow/example_dags/example_complex.py
[2024-06-14T16:49:54.578-0300] {processor.py:830} INFO - Processing file /home/maira/projeto_indicium_engineering/venv/lib/python3.10/site-packages/airflow/example_dags/example_complex.py for tasks to queue
[2024-06-14T16:49:54.579-0300] {logging_mixin.py:188} INFO - [2024-06-14T16:49:54.579-0300] {dagbag.py:545} INFO - Filling up the DagBag from /home/maira/projeto_indicium_engineering/venv/lib/python3.10/site-packages/airflow/example_dags/example_complex.py
[2024-06-14T16:49:54.588-0300] {processor.py:840} INFO - DAG(s) 'example_complex' retrieved from /home/maira/projeto_indicium_engineering/venv/lib/python3.10/site-packages/airflow/example_dags/example_complex.py
[2024-06-14T16:49:54.607-0300] {logging_mixin.py:188} INFO - [2024-06-14T16:49:54.607-0300] {dag.py:3096} INFO - Sync 1 DAGs
[2024-06-14T16:49:54.615-0300] {logging_mixin.py:188} INFO - [2024-06-14T16:49:54.615-0300] {dag.py:3954} INFO - Setting next_dagrun for example_complex to None, run_after=None
[2024-06-14T16:49:54.640-0300] {processor.py:183} INFO - Processing /home/maira/projeto_indicium_engineering/venv/lib/python3.10/site-packages/airflow/example_dags/example_complex.py took 0.068 seconds
[2024-06-14T16:50:59.447-0300] {processor.py:161} INFO - Started process (PID=92394) to work on /home/maira/projeto_indicium_engineering/venv/lib/python3.10/site-packages/airflow/example_dags/example_complex.py
[2024-06-14T16:50:59.449-0300] {processor.py:830} INFO - Processing file /home/maira/projeto_indicium_engineering/venv/lib/python3.10/site-packages/airflow/example_dags/example_complex.py for tasks to queue
[2024-06-14T16:50:59.451-0300] {logging_mixin.py:188} INFO - [2024-06-14T16:50:59.450-0300] {dagbag.py:545} INFO - Filling up the DagBag from /home/maira/projeto_indicium_engineering/venv/lib/python3.10/site-packages/airflow/example_dags/example_complex.py
[2024-06-14T16:50:59.465-0300] {processor.py:840} INFO - DAG(s) 'example_complex' retrieved from /home/maira/projeto_indicium_engineering/venv/lib/python3.10/site-packages/airflow/example_dags/example_complex.py
[2024-06-14T16:50:59.505-0300] {logging_mixin.py:188} INFO - [2024-06-14T16:50:59.505-0300] {dag.py:3096} INFO - Sync 1 DAGs
[2024-06-14T16:50:59.520-0300] {logging_mixin.py:188} INFO - [2024-06-14T16:50:59.519-0300] {dag.py:3954} INFO - Setting next_dagrun for example_complex to None, run_after=None
[2024-06-14T16:50:59.548-0300] {processor.py:183} INFO - Processing /home/maira/projeto_indicium_engineering/venv/lib/python3.10/site-packages/airflow/example_dags/example_complex.py took 0.108 seconds
[2024-06-14T16:52:03.880-0300] {processor.py:161} INFO - Started process (PID=92712) to work on /home/maira/projeto_indicium_engineering/venv/lib/python3.10/site-packages/airflow/example_dags/example_complex.py
[2024-06-14T16:52:03.882-0300] {processor.py:830} INFO - Processing file /home/maira/projeto_indicium_engineering/venv/lib/python3.10/site-packages/airflow/example_dags/example_complex.py for tasks to queue
[2024-06-14T16:52:03.884-0300] {logging_mixin.py:188} INFO - [2024-06-14T16:52:03.883-0300] {dagbag.py:545} INFO - Filling up the DagBag from /home/maira/projeto_indicium_engineering/venv/lib/python3.10/site-packages/airflow/example_dags/example_complex.py
[2024-06-14T16:52:03.893-0300] {processor.py:840} INFO - DAG(s) 'example_complex' retrieved from /home/maira/projeto_indicium_engineering/venv/lib/python3.10/site-packages/airflow/example_dags/example_complex.py
[2024-06-14T16:52:03.917-0300] {logging_mixin.py:188} INFO - [2024-06-14T16:52:03.917-0300] {dag.py:3096} INFO - Sync 1 DAGs
[2024-06-14T16:52:03.928-0300] {logging_mixin.py:188} INFO - [2024-06-14T16:52:03.928-0300] {dag.py:3954} INFO - Setting next_dagrun for example_complex to None, run_after=None
[2024-06-14T16:52:03.957-0300] {processor.py:183} INFO - Processing /home/maira/projeto_indicium_engineering/venv/lib/python3.10/site-packages/airflow/example_dags/example_complex.py took 0.082 seconds
[2024-06-14T16:53:04.585-0300] {processor.py:161} INFO - Started process (PID=93013) to work on /home/maira/projeto_indicium_engineering/venv/lib/python3.10/site-packages/airflow/example_dags/example_complex.py
[2024-06-14T16:53:04.588-0300] {processor.py:830} INFO - Processing file /home/maira/projeto_indicium_engineering/venv/lib/python3.10/site-packages/airflow/example_dags/example_complex.py for tasks to queue
[2024-06-14T16:53:04.589-0300] {logging_mixin.py:188} INFO - [2024-06-14T16:53:04.589-0300] {dagbag.py:545} INFO - Filling up the DagBag from /home/maira/projeto_indicium_engineering/venv/lib/python3.10/site-packages/airflow/example_dags/example_complex.py
[2024-06-14T16:53:04.598-0300] {processor.py:840} INFO - DAG(s) 'example_complex' retrieved from /home/maira/projeto_indicium_engineering/venv/lib/python3.10/site-packages/airflow/example_dags/example_complex.py
[2024-06-14T16:53:04.618-0300] {logging_mixin.py:188} INFO - [2024-06-14T16:53:04.618-0300] {dag.py:3096} INFO - Sync 1 DAGs
[2024-06-14T16:53:04.626-0300] {logging_mixin.py:188} INFO - [2024-06-14T16:53:04.626-0300] {dag.py:3954} INFO - Setting next_dagrun for example_complex to None, run_after=None
[2024-06-14T16:53:04.648-0300] {processor.py:183} INFO - Processing /home/maira/projeto_indicium_engineering/venv/lib/python3.10/site-packages/airflow/example_dags/example_complex.py took 0.068 seconds
[2024-06-14T16:54:06.358-0300] {processor.py:161} INFO - Started process (PID=93318) to work on /home/maira/projeto_indicium_engineering/venv/lib/python3.10/site-packages/airflow/example_dags/example_complex.py
[2024-06-14T16:54:06.360-0300] {processor.py:830} INFO - Processing file /home/maira/projeto_indicium_engineering/venv/lib/python3.10/site-packages/airflow/example_dags/example_complex.py for tasks to queue
[2024-06-14T16:54:06.362-0300] {logging_mixin.py:188} INFO - [2024-06-14T16:54:06.361-0300] {dagbag.py:545} INFO - Filling up the DagBag from /home/maira/projeto_indicium_engineering/venv/lib/python3.10/site-packages/airflow/example_dags/example_complex.py
[2024-06-14T16:54:06.370-0300] {processor.py:840} INFO - DAG(s) 'example_complex' retrieved from /home/maira/projeto_indicium_engineering/venv/lib/python3.10/site-packages/airflow/example_dags/example_complex.py
[2024-06-14T16:54:06.391-0300] {logging_mixin.py:188} INFO - [2024-06-14T16:54:06.391-0300] {dag.py:3096} INFO - Sync 1 DAGs
[2024-06-14T16:54:06.399-0300] {logging_mixin.py:188} INFO - [2024-06-14T16:54:06.399-0300] {dag.py:3954} INFO - Setting next_dagrun for example_complex to None, run_after=None
[2024-06-14T16:54:06.422-0300] {processor.py:183} INFO - Processing /home/maira/projeto_indicium_engineering/venv/lib/python3.10/site-packages/airflow/example_dags/example_complex.py took 0.069 seconds
[2024-06-14T16:55:12.351-0300] {processor.py:161} INFO - Started process (PID=93646) to work on /home/maira/projeto_indicium_engineering/venv/lib/python3.10/site-packages/airflow/example_dags/example_complex.py
[2024-06-14T16:55:12.352-0300] {processor.py:830} INFO - Processing file /home/maira/projeto_indicium_engineering/venv/lib/python3.10/site-packages/airflow/example_dags/example_complex.py for tasks to queue
[2024-06-14T16:55:12.354-0300] {logging_mixin.py:188} INFO - [2024-06-14T16:55:12.354-0300] {dagbag.py:545} INFO - Filling up the DagBag from /home/maira/projeto_indicium_engineering/venv/lib/python3.10/site-packages/airflow/example_dags/example_complex.py
[2024-06-14T16:55:12.363-0300] {processor.py:840} INFO - DAG(s) 'example_complex' retrieved from /home/maira/projeto_indicium_engineering/venv/lib/python3.10/site-packages/airflow/example_dags/example_complex.py
[2024-06-14T16:55:12.382-0300] {logging_mixin.py:188} INFO - [2024-06-14T16:55:12.382-0300] {dag.py:3096} INFO - Sync 1 DAGs
[2024-06-14T16:55:12.391-0300] {logging_mixin.py:188} INFO - [2024-06-14T16:55:12.391-0300] {dag.py:3954} INFO - Setting next_dagrun for example_complex to None, run_after=None
[2024-06-14T16:55:12.414-0300] {processor.py:183} INFO - Processing /home/maira/projeto_indicium_engineering/venv/lib/python3.10/site-packages/airflow/example_dags/example_complex.py took 0.068 seconds
[2024-06-14T17:20:51.408-0300] {processor.py:161} INFO - Started process (PID=93934) to work on /home/maira/projeto_indicium_engineering/venv/lib/python3.10/site-packages/airflow/example_dags/example_complex.py
[2024-06-14T17:20:51.410-0300] {processor.py:830} INFO - Processing file /home/maira/projeto_indicium_engineering/venv/lib/python3.10/site-packages/airflow/example_dags/example_complex.py for tasks to queue
[2024-06-14T17:20:51.411-0300] {logging_mixin.py:188} INFO - [2024-06-14T17:20:51.411-0300] {dagbag.py:545} INFO - Filling up the DagBag from /home/maira/projeto_indicium_engineering/venv/lib/python3.10/site-packages/airflow/example_dags/example_complex.py
[2024-06-14T17:20:51.420-0300] {processor.py:840} INFO - DAG(s) 'example_complex' retrieved from /home/maira/projeto_indicium_engineering/venv/lib/python3.10/site-packages/airflow/example_dags/example_complex.py
[2024-06-14T17:20:51.440-0300] {logging_mixin.py:188} INFO - [2024-06-14T17:20:51.440-0300] {dag.py:3096} INFO - Sync 1 DAGs
[2024-06-14T17:20:51.448-0300] {logging_mixin.py:188} INFO - [2024-06-14T17:20:51.448-0300] {dag.py:3954} INFO - Setting next_dagrun for example_complex to None, run_after=None
[2024-06-14T17:20:51.470-0300] {processor.py:183} INFO - Processing /home/maira/projeto_indicium_engineering/venv/lib/python3.10/site-packages/airflow/example_dags/example_complex.py took 0.067 seconds
[2024-06-14T17:21:49.699-0300] {processor.py:161} INFO - Started process (PID=94225) to work on /home/maira/projeto_indicium_engineering/venv/lib/python3.10/site-packages/airflow/example_dags/example_complex.py
[2024-06-14T17:21:49.702-0300] {processor.py:830} INFO - Processing file /home/maira/projeto_indicium_engineering/venv/lib/python3.10/site-packages/airflow/example_dags/example_complex.py for tasks to queue
[2024-06-14T17:21:49.704-0300] {logging_mixin.py:188} INFO - [2024-06-14T17:21:49.704-0300] {dagbag.py:545} INFO - Filling up the DagBag from /home/maira/projeto_indicium_engineering/venv/lib/python3.10/site-packages/airflow/example_dags/example_complex.py
[2024-06-14T17:21:49.713-0300] {processor.py:840} INFO - DAG(s) 'example_complex' retrieved from /home/maira/projeto_indicium_engineering/venv/lib/python3.10/site-packages/airflow/example_dags/example_complex.py
[2024-06-14T17:21:49.733-0300] {logging_mixin.py:188} INFO - [2024-06-14T17:21:49.733-0300] {dag.py:3096} INFO - Sync 1 DAGs
[2024-06-14T17:21:49.742-0300] {logging_mixin.py:188} INFO - [2024-06-14T17:21:49.741-0300] {dag.py:3954} INFO - Setting next_dagrun for example_complex to None, run_after=None
[2024-06-14T17:21:49.768-0300] {processor.py:183} INFO - Processing /home/maira/projeto_indicium_engineering/venv/lib/python3.10/site-packages/airflow/example_dags/example_complex.py took 0.074 seconds
[2024-06-14T17:22:52.475-0300] {processor.py:161} INFO - Started process (PID=94534) to work on /home/maira/projeto_indicium_engineering/venv/lib/python3.10/site-packages/airflow/example_dags/example_complex.py
[2024-06-14T17:22:52.477-0300] {processor.py:830} INFO - Processing file /home/maira/projeto_indicium_engineering/venv/lib/python3.10/site-packages/airflow/example_dags/example_complex.py for tasks to queue
[2024-06-14T17:22:52.479-0300] {logging_mixin.py:188} INFO - [2024-06-14T17:22:52.479-0300] {dagbag.py:545} INFO - Filling up the DagBag from /home/maira/projeto_indicium_engineering/venv/lib/python3.10/site-packages/airflow/example_dags/example_complex.py
[2024-06-14T17:22:52.486-0300] {processor.py:840} INFO - DAG(s) 'example_complex' retrieved from /home/maira/projeto_indicium_engineering/venv/lib/python3.10/site-packages/airflow/example_dags/example_complex.py
[2024-06-14T17:22:52.505-0300] {logging_mixin.py:188} INFO - [2024-06-14T17:22:52.505-0300] {dag.py:3096} INFO - Sync 1 DAGs
[2024-06-14T17:22:52.513-0300] {logging_mixin.py:188} INFO - [2024-06-14T17:22:52.513-0300] {dag.py:3954} INFO - Setting next_dagrun for example_complex to None, run_after=None
[2024-06-14T17:22:52.536-0300] {processor.py:183} INFO - Processing /home/maira/projeto_indicium_engineering/venv/lib/python3.10/site-packages/airflow/example_dags/example_complex.py took 0.066 seconds
[2024-06-14T17:23:53.065-0300] {processor.py:161} INFO - Started process (PID=94835) to work on /home/maira/projeto_indicium_engineering/venv/lib/python3.10/site-packages/airflow/example_dags/example_complex.py
[2024-06-14T17:23:53.067-0300] {processor.py:830} INFO - Processing file /home/maira/projeto_indicium_engineering/venv/lib/python3.10/site-packages/airflow/example_dags/example_complex.py for tasks to queue
[2024-06-14T17:23:53.068-0300] {logging_mixin.py:188} INFO - [2024-06-14T17:23:53.068-0300] {dagbag.py:545} INFO - Filling up the DagBag from /home/maira/projeto_indicium_engineering/venv/lib/python3.10/site-packages/airflow/example_dags/example_complex.py
[2024-06-14T17:23:53.078-0300] {processor.py:840} INFO - DAG(s) 'example_complex' retrieved from /home/maira/projeto_indicium_engineering/venv/lib/python3.10/site-packages/airflow/example_dags/example_complex.py
[2024-06-14T17:23:53.096-0300] {logging_mixin.py:188} INFO - [2024-06-14T17:23:53.096-0300] {dag.py:3096} INFO - Sync 1 DAGs
[2024-06-14T17:23:53.104-0300] {logging_mixin.py:188} INFO - [2024-06-14T17:23:53.104-0300] {dag.py:3954} INFO - Setting next_dagrun for example_complex to None, run_after=None
[2024-06-14T17:23:53.127-0300] {processor.py:183} INFO - Processing /home/maira/projeto_indicium_engineering/venv/lib/python3.10/site-packages/airflow/example_dags/example_complex.py took 0.067 seconds
[2024-06-14T17:25:00.457-0300] {processor.py:161} INFO - Started process (PID=95162) to work on /home/maira/projeto_indicium_engineering/venv/lib/python3.10/site-packages/airflow/example_dags/example_complex.py
[2024-06-14T17:25:00.462-0300] {processor.py:830} INFO - Processing file /home/maira/projeto_indicium_engineering/venv/lib/python3.10/site-packages/airflow/example_dags/example_complex.py for tasks to queue
[2024-06-14T17:25:00.463-0300] {logging_mixin.py:188} INFO - [2024-06-14T17:25:00.463-0300] {dagbag.py:545} INFO - Filling up the DagBag from /home/maira/projeto_indicium_engineering/venv/lib/python3.10/site-packages/airflow/example_dags/example_complex.py
[2024-06-14T17:25:00.471-0300] {processor.py:840} INFO - DAG(s) 'example_complex' retrieved from /home/maira/projeto_indicium_engineering/venv/lib/python3.10/site-packages/airflow/example_dags/example_complex.py
[2024-06-14T17:25:00.489-0300] {logging_mixin.py:188} INFO - [2024-06-14T17:25:00.489-0300] {dag.py:3096} INFO - Sync 1 DAGs
[2024-06-14T17:25:00.497-0300] {logging_mixin.py:188} INFO - [2024-06-14T17:25:00.497-0300] {dag.py:3954} INFO - Setting next_dagrun for example_complex to None, run_after=None
[2024-06-14T17:25:00.635-0300] {processor.py:183} INFO - Processing /home/maira/projeto_indicium_engineering/venv/lib/python3.10/site-packages/airflow/example_dags/example_complex.py took 0.183 seconds
[2024-06-14T17:26:06.470-0300] {processor.py:161} INFO - Started process (PID=95492) to work on /home/maira/projeto_indicium_engineering/venv/lib/python3.10/site-packages/airflow/example_dags/example_complex.py
[2024-06-14T17:26:06.471-0300] {processor.py:830} INFO - Processing file /home/maira/projeto_indicium_engineering/venv/lib/python3.10/site-packages/airflow/example_dags/example_complex.py for tasks to queue
[2024-06-14T17:26:06.473-0300] {logging_mixin.py:188} INFO - [2024-06-14T17:26:06.472-0300] {dagbag.py:545} INFO - Filling up the DagBag from /home/maira/projeto_indicium_engineering/venv/lib/python3.10/site-packages/airflow/example_dags/example_complex.py
[2024-06-14T17:26:06.480-0300] {processor.py:840} INFO - DAG(s) 'example_complex' retrieved from /home/maira/projeto_indicium_engineering/venv/lib/python3.10/site-packages/airflow/example_dags/example_complex.py
[2024-06-14T17:26:06.501-0300] {logging_mixin.py:188} INFO - [2024-06-14T17:26:06.500-0300] {dag.py:3096} INFO - Sync 1 DAGs
[2024-06-14T17:26:06.509-0300] {logging_mixin.py:188} INFO - [2024-06-14T17:26:06.509-0300] {dag.py:3954} INFO - Setting next_dagrun for example_complex to None, run_after=None
[2024-06-14T17:26:06.535-0300] {processor.py:183} INFO - Processing /home/maira/projeto_indicium_engineering/venv/lib/python3.10/site-packages/airflow/example_dags/example_complex.py took 0.070 seconds
[2024-06-14T17:27:02.017-0300] {processor.py:161} INFO - Started process (PID=95767) to work on /home/maira/projeto_indicium_engineering/venv/lib/python3.10/site-packages/airflow/example_dags/example_complex.py
[2024-06-14T17:27:02.022-0300] {processor.py:830} INFO - Processing file /home/maira/projeto_indicium_engineering/venv/lib/python3.10/site-packages/airflow/example_dags/example_complex.py for tasks to queue
[2024-06-14T17:27:02.023-0300] {logging_mixin.py:188} INFO - [2024-06-14T17:27:02.023-0300] {dagbag.py:545} INFO - Filling up the DagBag from /home/maira/projeto_indicium_engineering/venv/lib/python3.10/site-packages/airflow/example_dags/example_complex.py
[2024-06-14T17:27:02.033-0300] {processor.py:840} INFO - DAG(s) 'example_complex' retrieved from /home/maira/projeto_indicium_engineering/venv/lib/python3.10/site-packages/airflow/example_dags/example_complex.py
[2024-06-14T17:27:02.055-0300] {logging_mixin.py:188} INFO - [2024-06-14T17:27:02.054-0300] {dag.py:3096} INFO - Sync 1 DAGs
[2024-06-14T17:27:02.063-0300] {logging_mixin.py:188} INFO - [2024-06-14T17:27:02.063-0300] {dag.py:3954} INFO - Setting next_dagrun for example_complex to None, run_after=None
[2024-06-14T17:27:02.092-0300] {processor.py:183} INFO - Processing /home/maira/projeto_indicium_engineering/venv/lib/python3.10/site-packages/airflow/example_dags/example_complex.py took 0.079 seconds
[2024-06-14T17:28:02.615-0300] {processor.py:161} INFO - Started process (PID=96067) to work on /home/maira/projeto_indicium_engineering/venv/lib/python3.10/site-packages/airflow/example_dags/example_complex.py
[2024-06-14T17:28:02.617-0300] {processor.py:830} INFO - Processing file /home/maira/projeto_indicium_engineering/venv/lib/python3.10/site-packages/airflow/example_dags/example_complex.py for tasks to queue
[2024-06-14T17:28:02.618-0300] {logging_mixin.py:188} INFO - [2024-06-14T17:28:02.618-0300] {dagbag.py:545} INFO - Filling up the DagBag from /home/maira/projeto_indicium_engineering/venv/lib/python3.10/site-packages/airflow/example_dags/example_complex.py
[2024-06-14T17:28:02.628-0300] {processor.py:840} INFO - DAG(s) 'example_complex' retrieved from /home/maira/projeto_indicium_engineering/venv/lib/python3.10/site-packages/airflow/example_dags/example_complex.py
[2024-06-14T17:28:02.646-0300] {logging_mixin.py:188} INFO - [2024-06-14T17:28:02.646-0300] {dag.py:3096} INFO - Sync 1 DAGs
[2024-06-14T17:28:02.654-0300] {logging_mixin.py:188} INFO - [2024-06-14T17:28:02.654-0300] {dag.py:3954} INFO - Setting next_dagrun for example_complex to None, run_after=None
[2024-06-14T17:28:02.676-0300] {processor.py:183} INFO - Processing /home/maira/projeto_indicium_engineering/venv/lib/python3.10/site-packages/airflow/example_dags/example_complex.py took 0.065 seconds
[2024-06-14T17:29:00.708-0300] {processor.py:161} INFO - Started process (PID=96355) to work on /home/maira/projeto_indicium_engineering/venv/lib/python3.10/site-packages/airflow/example_dags/example_complex.py
[2024-06-14T17:29:00.710-0300] {processor.py:830} INFO - Processing file /home/maira/projeto_indicium_engineering/venv/lib/python3.10/site-packages/airflow/example_dags/example_complex.py for tasks to queue
[2024-06-14T17:29:00.712-0300] {logging_mixin.py:188} INFO - [2024-06-14T17:29:00.711-0300] {dagbag.py:545} INFO - Filling up the DagBag from /home/maira/projeto_indicium_engineering/venv/lib/python3.10/site-packages/airflow/example_dags/example_complex.py
[2024-06-14T17:29:00.721-0300] {processor.py:840} INFO - DAG(s) 'example_complex' retrieved from /home/maira/projeto_indicium_engineering/venv/lib/python3.10/site-packages/airflow/example_dags/example_complex.py
[2024-06-14T17:29:00.740-0300] {logging_mixin.py:188} INFO - [2024-06-14T17:29:00.740-0300] {dag.py:3096} INFO - Sync 1 DAGs
[2024-06-14T17:29:00.748-0300] {logging_mixin.py:188} INFO - [2024-06-14T17:29:00.748-0300] {dag.py:3954} INFO - Setting next_dagrun for example_complex to None, run_after=None
[2024-06-14T17:29:00.773-0300] {processor.py:183} INFO - Processing /home/maira/projeto_indicium_engineering/venv/lib/python3.10/site-packages/airflow/example_dags/example_complex.py took 0.070 seconds
[2024-06-14T17:29:57.371-0300] {processor.py:161} INFO - Started process (PID=96636) to work on /home/maira/projeto_indicium_engineering/venv/lib/python3.10/site-packages/airflow/example_dags/example_complex.py
[2024-06-14T17:29:57.372-0300] {processor.py:830} INFO - Processing file /home/maira/projeto_indicium_engineering/venv/lib/python3.10/site-packages/airflow/example_dags/example_complex.py for tasks to queue
[2024-06-14T17:29:57.374-0300] {logging_mixin.py:188} INFO - [2024-06-14T17:29:57.374-0300] {dagbag.py:545} INFO - Filling up the DagBag from /home/maira/projeto_indicium_engineering/venv/lib/python3.10/site-packages/airflow/example_dags/example_complex.py
[2024-06-14T17:29:57.381-0300] {processor.py:840} INFO - DAG(s) 'example_complex' retrieved from /home/maira/projeto_indicium_engineering/venv/lib/python3.10/site-packages/airflow/example_dags/example_complex.py
[2024-06-14T17:29:57.400-0300] {logging_mixin.py:188} INFO - [2024-06-14T17:29:57.400-0300] {dag.py:3096} INFO - Sync 1 DAGs
[2024-06-14T17:29:57.409-0300] {logging_mixin.py:188} INFO - [2024-06-14T17:29:57.408-0300] {dag.py:3954} INFO - Setting next_dagrun for example_complex to None, run_after=None
[2024-06-14T17:29:57.433-0300] {processor.py:183} INFO - Processing /home/maira/projeto_indicium_engineering/venv/lib/python3.10/site-packages/airflow/example_dags/example_complex.py took 0.067 seconds
[2024-06-14T17:30:58.038-0300] {processor.py:161} INFO - Started process (PID=96938) to work on /home/maira/projeto_indicium_engineering/venv/lib/python3.10/site-packages/airflow/example_dags/example_complex.py
[2024-06-14T17:30:58.039-0300] {processor.py:830} INFO - Processing file /home/maira/projeto_indicium_engineering/venv/lib/python3.10/site-packages/airflow/example_dags/example_complex.py for tasks to queue
[2024-06-14T17:30:58.041-0300] {logging_mixin.py:188} INFO - [2024-06-14T17:30:58.040-0300] {dagbag.py:545} INFO - Filling up the DagBag from /home/maira/projeto_indicium_engineering/venv/lib/python3.10/site-packages/airflow/example_dags/example_complex.py
[2024-06-14T17:30:58.051-0300] {processor.py:840} INFO - DAG(s) 'example_complex' retrieved from /home/maira/projeto_indicium_engineering/venv/lib/python3.10/site-packages/airflow/example_dags/example_complex.py
[2024-06-14T17:30:58.072-0300] {logging_mixin.py:188} INFO - [2024-06-14T17:30:58.072-0300] {dag.py:3096} INFO - Sync 1 DAGs
[2024-06-14T17:30:58.081-0300] {logging_mixin.py:188} INFO - [2024-06-14T17:30:58.081-0300] {dag.py:3954} INFO - Setting next_dagrun for example_complex to None, run_after=None
[2024-06-14T17:30:58.105-0300] {processor.py:183} INFO - Processing /home/maira/projeto_indicium_engineering/venv/lib/python3.10/site-packages/airflow/example_dags/example_complex.py took 0.072 seconds
[2024-06-14T17:32:04.863-0300] {processor.py:161} INFO - Started process (PID=97268) to work on /home/maira/projeto_indicium_engineering/venv/lib/python3.10/site-packages/airflow/example_dags/example_complex.py
[2024-06-14T17:32:04.867-0300] {processor.py:830} INFO - Processing file /home/maira/projeto_indicium_engineering/venv/lib/python3.10/site-packages/airflow/example_dags/example_complex.py for tasks to queue
[2024-06-14T17:32:04.869-0300] {logging_mixin.py:188} INFO - [2024-06-14T17:32:04.868-0300] {dagbag.py:545} INFO - Filling up the DagBag from /home/maira/projeto_indicium_engineering/venv/lib/python3.10/site-packages/airflow/example_dags/example_complex.py
[2024-06-14T17:32:04.876-0300] {processor.py:840} INFO - DAG(s) 'example_complex' retrieved from /home/maira/projeto_indicium_engineering/venv/lib/python3.10/site-packages/airflow/example_dags/example_complex.py
[2024-06-14T17:32:04.896-0300] {logging_mixin.py:188} INFO - [2024-06-14T17:32:04.895-0300] {dag.py:3096} INFO - Sync 1 DAGs
[2024-06-14T17:32:04.904-0300] {logging_mixin.py:188} INFO - [2024-06-14T17:32:04.903-0300] {dag.py:3954} INFO - Setting next_dagrun for example_complex to None, run_after=None
[2024-06-14T17:32:04.929-0300] {processor.py:183} INFO - Processing /home/maira/projeto_indicium_engineering/venv/lib/python3.10/site-packages/airflow/example_dags/example_complex.py took 0.071 seconds
[2024-06-14T17:33:08.917-0300] {processor.py:161} INFO - Started process (PID=97583) to work on /home/maira/projeto_indicium_engineering/venv/lib/python3.10/site-packages/airflow/example_dags/example_complex.py
[2024-06-14T17:33:08.918-0300] {processor.py:830} INFO - Processing file /home/maira/projeto_indicium_engineering/venv/lib/python3.10/site-packages/airflow/example_dags/example_complex.py for tasks to queue
[2024-06-14T17:33:08.919-0300] {logging_mixin.py:188} INFO - [2024-06-14T17:33:08.919-0300] {dagbag.py:545} INFO - Filling up the DagBag from /home/maira/projeto_indicium_engineering/venv/lib/python3.10/site-packages/airflow/example_dags/example_complex.py
[2024-06-14T17:33:08.929-0300] {processor.py:840} INFO - DAG(s) 'example_complex' retrieved from /home/maira/projeto_indicium_engineering/venv/lib/python3.10/site-packages/airflow/example_dags/example_complex.py
[2024-06-14T17:33:08.948-0300] {logging_mixin.py:188} INFO - [2024-06-14T17:33:08.948-0300] {dag.py:3096} INFO - Sync 1 DAGs
[2024-06-14T17:33:08.957-0300] {logging_mixin.py:188} INFO - [2024-06-14T17:33:08.956-0300] {dag.py:3954} INFO - Setting next_dagrun for example_complex to None, run_after=None
[2024-06-14T17:33:08.980-0300] {processor.py:183} INFO - Processing /home/maira/projeto_indicium_engineering/venv/lib/python3.10/site-packages/airflow/example_dags/example_complex.py took 0.069 seconds
[2024-06-14T17:34:06.643-0300] {processor.py:161} INFO - Started process (PID=97871) to work on /home/maira/projeto_indicium_engineering/venv/lib/python3.10/site-packages/airflow/example_dags/example_complex.py
[2024-06-14T17:34:06.645-0300] {processor.py:830} INFO - Processing file /home/maira/projeto_indicium_engineering/venv/lib/python3.10/site-packages/airflow/example_dags/example_complex.py for tasks to queue
[2024-06-14T17:34:06.647-0300] {logging_mixin.py:188} INFO - [2024-06-14T17:34:06.646-0300] {dagbag.py:545} INFO - Filling up the DagBag from /home/maira/projeto_indicium_engineering/venv/lib/python3.10/site-packages/airflow/example_dags/example_complex.py
[2024-06-14T17:34:06.657-0300] {processor.py:840} INFO - DAG(s) 'example_complex' retrieved from /home/maira/projeto_indicium_engineering/venv/lib/python3.10/site-packages/airflow/example_dags/example_complex.py
[2024-06-14T17:34:06.677-0300] {logging_mixin.py:188} INFO - [2024-06-14T17:34:06.677-0300] {dag.py:3096} INFO - Sync 1 DAGs
[2024-06-14T17:34:06.687-0300] {logging_mixin.py:188} INFO - [2024-06-14T17:34:06.687-0300] {dag.py:3954} INFO - Setting next_dagrun for example_complex to None, run_after=None
[2024-06-14T17:34:06.712-0300] {processor.py:183} INFO - Processing /home/maira/projeto_indicium_engineering/venv/lib/python3.10/site-packages/airflow/example_dags/example_complex.py took 0.074 seconds
[2024-06-14T17:35:04.848-0300] {processor.py:161} INFO - Started process (PID=98162) to work on /home/maira/projeto_indicium_engineering/venv/lib/python3.10/site-packages/airflow/example_dags/example_complex.py
[2024-06-14T17:35:04.850-0300] {processor.py:830} INFO - Processing file /home/maira/projeto_indicium_engineering/venv/lib/python3.10/site-packages/airflow/example_dags/example_complex.py for tasks to queue
[2024-06-14T17:35:04.852-0300] {logging_mixin.py:188} INFO - [2024-06-14T17:35:04.852-0300] {dagbag.py:545} INFO - Filling up the DagBag from /home/maira/projeto_indicium_engineering/venv/lib/python3.10/site-packages/airflow/example_dags/example_complex.py
[2024-06-14T17:35:04.860-0300] {processor.py:840} INFO - DAG(s) 'example_complex' retrieved from /home/maira/projeto_indicium_engineering/venv/lib/python3.10/site-packages/airflow/example_dags/example_complex.py
[2024-06-14T17:35:04.878-0300] {logging_mixin.py:188} INFO - [2024-06-14T17:35:04.878-0300] {dag.py:3096} INFO - Sync 1 DAGs
[2024-06-14T17:35:04.887-0300] {logging_mixin.py:188} INFO - [2024-06-14T17:35:04.887-0300] {dag.py:3954} INFO - Setting next_dagrun for example_complex to None, run_after=None
[2024-06-14T17:35:04.909-0300] {processor.py:183} INFO - Processing /home/maira/projeto_indicium_engineering/venv/lib/python3.10/site-packages/airflow/example_dags/example_complex.py took 0.066 seconds
[2024-06-14T17:36:06.679-0300] {processor.py:161} INFO - Started process (PID=98467) to work on /home/maira/projeto_indicium_engineering/venv/lib/python3.10/site-packages/airflow/example_dags/example_complex.py
[2024-06-14T17:36:06.682-0300] {processor.py:830} INFO - Processing file /home/maira/projeto_indicium_engineering/venv/lib/python3.10/site-packages/airflow/example_dags/example_complex.py for tasks to queue
[2024-06-14T17:36:06.683-0300] {logging_mixin.py:188} INFO - [2024-06-14T17:36:06.683-0300] {dagbag.py:545} INFO - Filling up the DagBag from /home/maira/projeto_indicium_engineering/venv/lib/python3.10/site-packages/airflow/example_dags/example_complex.py
[2024-06-14T17:36:06.692-0300] {processor.py:840} INFO - DAG(s) 'example_complex' retrieved from /home/maira/projeto_indicium_engineering/venv/lib/python3.10/site-packages/airflow/example_dags/example_complex.py
[2024-06-14T17:36:06.710-0300] {logging_mixin.py:188} INFO - [2024-06-14T17:36:06.710-0300] {dag.py:3096} INFO - Sync 1 DAGs
[2024-06-14T17:36:06.718-0300] {logging_mixin.py:188} INFO - [2024-06-14T17:36:06.718-0300] {dag.py:3954} INFO - Setting next_dagrun for example_complex to None, run_after=None
[2024-06-14T17:36:06.743-0300] {processor.py:183} INFO - Processing /home/maira/projeto_indicium_engineering/venv/lib/python3.10/site-packages/airflow/example_dags/example_complex.py took 0.068 seconds
[2024-06-14T17:37:09.059-0300] {processor.py:161} INFO - Started process (PID=98775) to work on /home/maira/projeto_indicium_engineering/venv/lib/python3.10/site-packages/airflow/example_dags/example_complex.py
[2024-06-14T17:37:09.063-0300] {processor.py:830} INFO - Processing file /home/maira/projeto_indicium_engineering/venv/lib/python3.10/site-packages/airflow/example_dags/example_complex.py for tasks to queue
[2024-06-14T17:37:09.065-0300] {logging_mixin.py:188} INFO - [2024-06-14T17:37:09.065-0300] {dagbag.py:545} INFO - Filling up the DagBag from /home/maira/projeto_indicium_engineering/venv/lib/python3.10/site-packages/airflow/example_dags/example_complex.py
[2024-06-14T17:37:09.073-0300] {processor.py:840} INFO - DAG(s) 'example_complex' retrieved from /home/maira/projeto_indicium_engineering/venv/lib/python3.10/site-packages/airflow/example_dags/example_complex.py
[2024-06-14T17:37:09.092-0300] {logging_mixin.py:188} INFO - [2024-06-14T17:37:09.092-0300] {dag.py:3096} INFO - Sync 1 DAGs
[2024-06-14T17:37:09.101-0300] {logging_mixin.py:188} INFO - [2024-06-14T17:37:09.101-0300] {dag.py:3954} INFO - Setting next_dagrun for example_complex to None, run_after=None
[2024-06-14T17:37:09.124-0300] {processor.py:183} INFO - Processing /home/maira/projeto_indicium_engineering/venv/lib/python3.10/site-packages/airflow/example_dags/example_complex.py took 0.069 seconds
[2024-06-14T17:38:07.259-0300] {processor.py:161} INFO - Started process (PID=99064) to work on /home/maira/projeto_indicium_engineering/venv/lib/python3.10/site-packages/airflow/example_dags/example_complex.py
[2024-06-14T17:38:07.261-0300] {processor.py:830} INFO - Processing file /home/maira/projeto_indicium_engineering/venv/lib/python3.10/site-packages/airflow/example_dags/example_complex.py for tasks to queue
[2024-06-14T17:38:07.262-0300] {logging_mixin.py:188} INFO - [2024-06-14T17:38:07.262-0300] {dagbag.py:545} INFO - Filling up the DagBag from /home/maira/projeto_indicium_engineering/venv/lib/python3.10/site-packages/airflow/example_dags/example_complex.py
[2024-06-14T17:38:07.271-0300] {processor.py:840} INFO - DAG(s) 'example_complex' retrieved from /home/maira/projeto_indicium_engineering/venv/lib/python3.10/site-packages/airflow/example_dags/example_complex.py
[2024-06-14T17:38:07.290-0300] {logging_mixin.py:188} INFO - [2024-06-14T17:38:07.289-0300] {dag.py:3096} INFO - Sync 1 DAGs
[2024-06-14T17:38:07.298-0300] {logging_mixin.py:188} INFO - [2024-06-14T17:38:07.297-0300] {dag.py:3954} INFO - Setting next_dagrun for example_complex to None, run_after=None
[2024-06-14T17:38:07.321-0300] {processor.py:183} INFO - Processing /home/maira/projeto_indicium_engineering/venv/lib/python3.10/site-packages/airflow/example_dags/example_complex.py took 0.067 seconds
[2024-06-14T17:39:04.391-0300] {processor.py:161} INFO - Started process (PID=99350) to work on /home/maira/projeto_indicium_engineering/venv/lib/python3.10/site-packages/airflow/example_dags/example_complex.py
[2024-06-14T17:39:04.392-0300] {processor.py:830} INFO - Processing file /home/maira/projeto_indicium_engineering/venv/lib/python3.10/site-packages/airflow/example_dags/example_complex.py for tasks to queue
[2024-06-14T17:39:04.395-0300] {logging_mixin.py:188} INFO - [2024-06-14T17:39:04.394-0300] {dagbag.py:545} INFO - Filling up the DagBag from /home/maira/projeto_indicium_engineering/venv/lib/python3.10/site-packages/airflow/example_dags/example_complex.py
[2024-06-14T17:39:04.404-0300] {processor.py:840} INFO - DAG(s) 'example_complex' retrieved from /home/maira/projeto_indicium_engineering/venv/lib/python3.10/site-packages/airflow/example_dags/example_complex.py
[2024-06-14T17:39:04.423-0300] {logging_mixin.py:188} INFO - [2024-06-14T17:39:04.422-0300] {dag.py:3096} INFO - Sync 1 DAGs
[2024-06-14T17:39:04.431-0300] {logging_mixin.py:188} INFO - [2024-06-14T17:39:04.430-0300] {dag.py:3954} INFO - Setting next_dagrun for example_complex to None, run_after=None
[2024-06-14T17:39:04.455-0300] {processor.py:183} INFO - Processing /home/maira/projeto_indicium_engineering/venv/lib/python3.10/site-packages/airflow/example_dags/example_complex.py took 0.070 seconds
[2024-06-14T17:40:04.484-0300] {processor.py:161} INFO - Started process (PID=99647) to work on /home/maira/projeto_indicium_engineering/venv/lib/python3.10/site-packages/airflow/example_dags/example_complex.py
[2024-06-14T17:40:04.487-0300] {processor.py:830} INFO - Processing file /home/maira/projeto_indicium_engineering/venv/lib/python3.10/site-packages/airflow/example_dags/example_complex.py for tasks to queue
[2024-06-14T17:40:04.488-0300] {logging_mixin.py:188} INFO - [2024-06-14T17:40:04.488-0300] {dagbag.py:545} INFO - Filling up the DagBag from /home/maira/projeto_indicium_engineering/venv/lib/python3.10/site-packages/airflow/example_dags/example_complex.py
[2024-06-14T17:40:04.496-0300] {processor.py:840} INFO - DAG(s) 'example_complex' retrieved from /home/maira/projeto_indicium_engineering/venv/lib/python3.10/site-packages/airflow/example_dags/example_complex.py
[2024-06-14T17:40:04.514-0300] {logging_mixin.py:188} INFO - [2024-06-14T17:40:04.514-0300] {dag.py:3096} INFO - Sync 1 DAGs
[2024-06-14T17:40:04.522-0300] {logging_mixin.py:188} INFO - [2024-06-14T17:40:04.522-0300] {dag.py:3954} INFO - Setting next_dagrun for example_complex to None, run_after=None
[2024-06-14T17:40:04.545-0300] {processor.py:183} INFO - Processing /home/maira/projeto_indicium_engineering/venv/lib/python3.10/site-packages/airflow/example_dags/example_complex.py took 0.066 seconds
[2024-06-14T17:41:05.488-0300] {processor.py:161} INFO - Started process (PID=99947) to work on /home/maira/projeto_indicium_engineering/venv/lib/python3.10/site-packages/airflow/example_dags/example_complex.py
[2024-06-14T17:41:05.490-0300] {processor.py:830} INFO - Processing file /home/maira/projeto_indicium_engineering/venv/lib/python3.10/site-packages/airflow/example_dags/example_complex.py for tasks to queue
[2024-06-14T17:41:05.491-0300] {logging_mixin.py:188} INFO - [2024-06-14T17:41:05.491-0300] {dagbag.py:545} INFO - Filling up the DagBag from /home/maira/projeto_indicium_engineering/venv/lib/python3.10/site-packages/airflow/example_dags/example_complex.py
[2024-06-14T17:41:05.500-0300] {processor.py:840} INFO - DAG(s) 'example_complex' retrieved from /home/maira/projeto_indicium_engineering/venv/lib/python3.10/site-packages/airflow/example_dags/example_complex.py
[2024-06-14T17:41:05.522-0300] {logging_mixin.py:188} INFO - [2024-06-14T17:41:05.521-0300] {dag.py:3096} INFO - Sync 1 DAGs
[2024-06-14T17:41:05.531-0300] {logging_mixin.py:188} INFO - [2024-06-14T17:41:05.531-0300] {dag.py:3954} INFO - Setting next_dagrun for example_complex to None, run_after=None
[2024-06-14T17:41:05.556-0300] {processor.py:183} INFO - Processing /home/maira/projeto_indicium_engineering/venv/lib/python3.10/site-packages/airflow/example_dags/example_complex.py took 0.072 seconds
[2024-06-14T17:42:08.562-0300] {processor.py:161} INFO - Started process (PID=100259) to work on /home/maira/projeto_indicium_engineering/venv/lib/python3.10/site-packages/airflow/example_dags/example_complex.py
[2024-06-14T17:42:08.563-0300] {processor.py:830} INFO - Processing file /home/maira/projeto_indicium_engineering/venv/lib/python3.10/site-packages/airflow/example_dags/example_complex.py for tasks to queue
[2024-06-14T17:42:08.565-0300] {logging_mixin.py:188} INFO - [2024-06-14T17:42:08.565-0300] {dagbag.py:545} INFO - Filling up the DagBag from /home/maira/projeto_indicium_engineering/venv/lib/python3.10/site-packages/airflow/example_dags/example_complex.py
[2024-06-14T17:42:08.575-0300] {processor.py:840} INFO - DAG(s) 'example_complex' retrieved from /home/maira/projeto_indicium_engineering/venv/lib/python3.10/site-packages/airflow/example_dags/example_complex.py
[2024-06-14T17:42:08.594-0300] {logging_mixin.py:188} INFO - [2024-06-14T17:42:08.594-0300] {dag.py:3096} INFO - Sync 1 DAGs
[2024-06-14T17:42:08.603-0300] {logging_mixin.py:188} INFO - [2024-06-14T17:42:08.603-0300] {dag.py:3954} INFO - Setting next_dagrun for example_complex to None, run_after=None
[2024-06-14T17:42:08.626-0300] {processor.py:183} INFO - Processing /home/maira/projeto_indicium_engineering/venv/lib/python3.10/site-packages/airflow/example_dags/example_complex.py took 0.068 seconds
[2024-06-14T17:43:07.180-0300] {processor.py:161} INFO - Started process (PID=100551) to work on /home/maira/projeto_indicium_engineering/venv/lib/python3.10/site-packages/airflow/example_dags/example_complex.py
[2024-06-14T17:43:07.181-0300] {processor.py:830} INFO - Processing file /home/maira/projeto_indicium_engineering/venv/lib/python3.10/site-packages/airflow/example_dags/example_complex.py for tasks to queue
[2024-06-14T17:43:07.183-0300] {logging_mixin.py:188} INFO - [2024-06-14T17:43:07.182-0300] {dagbag.py:545} INFO - Filling up the DagBag from /home/maira/projeto_indicium_engineering/venv/lib/python3.10/site-packages/airflow/example_dags/example_complex.py
[2024-06-14T17:43:07.195-0300] {processor.py:840} INFO - DAG(s) 'example_complex' retrieved from /home/maira/projeto_indicium_engineering/venv/lib/python3.10/site-packages/airflow/example_dags/example_complex.py
[2024-06-14T17:43:07.228-0300] {logging_mixin.py:188} INFO - [2024-06-14T17:43:07.228-0300] {dag.py:3096} INFO - Sync 1 DAGs
[2024-06-14T17:43:07.242-0300] {logging_mixin.py:188} INFO - [2024-06-14T17:43:07.242-0300] {dag.py:3954} INFO - Setting next_dagrun for example_complex to None, run_after=None
[2024-06-14T17:43:07.268-0300] {processor.py:183} INFO - Processing /home/maira/projeto_indicium_engineering/venv/lib/python3.10/site-packages/airflow/example_dags/example_complex.py took 0.095 seconds
[2024-06-14T17:44:03.205-0300] {processor.py:161} INFO - Started process (PID=100831) to work on /home/maira/projeto_indicium_engineering/venv/lib/python3.10/site-packages/airflow/example_dags/example_complex.py
[2024-06-14T17:44:03.206-0300] {processor.py:830} INFO - Processing file /home/maira/projeto_indicium_engineering/venv/lib/python3.10/site-packages/airflow/example_dags/example_complex.py for tasks to queue
[2024-06-14T17:44:03.208-0300] {logging_mixin.py:188} INFO - [2024-06-14T17:44:03.208-0300] {dagbag.py:545} INFO - Filling up the DagBag from /home/maira/projeto_indicium_engineering/venv/lib/python3.10/site-packages/airflow/example_dags/example_complex.py
[2024-06-14T17:44:03.217-0300] {processor.py:840} INFO - DAG(s) 'example_complex' retrieved from /home/maira/projeto_indicium_engineering/venv/lib/python3.10/site-packages/airflow/example_dags/example_complex.py
[2024-06-14T17:44:03.236-0300] {logging_mixin.py:188} INFO - [2024-06-14T17:44:03.236-0300] {dag.py:3096} INFO - Sync 1 DAGs
[2024-06-14T17:44:03.245-0300] {logging_mixin.py:188} INFO - [2024-06-14T17:44:03.245-0300] {dag.py:3954} INFO - Setting next_dagrun for example_complex to None, run_after=None
[2024-06-14T17:44:03.268-0300] {processor.py:183} INFO - Processing /home/maira/projeto_indicium_engineering/venv/lib/python3.10/site-packages/airflow/example_dags/example_complex.py took 0.068 seconds
[2024-06-14T17:45:00.525-0300] {processor.py:161} INFO - Started process (PID=101115) to work on /home/maira/projeto_indicium_engineering/venv/lib/python3.10/site-packages/airflow/example_dags/example_complex.py
[2024-06-14T17:45:00.530-0300] {processor.py:830} INFO - Processing file /home/maira/projeto_indicium_engineering/venv/lib/python3.10/site-packages/airflow/example_dags/example_complex.py for tasks to queue
[2024-06-14T17:45:00.532-0300] {logging_mixin.py:188} INFO - [2024-06-14T17:45:00.532-0300] {dagbag.py:545} INFO - Filling up the DagBag from /home/maira/projeto_indicium_engineering/venv/lib/python3.10/site-packages/airflow/example_dags/example_complex.py
[2024-06-14T17:45:00.540-0300] {processor.py:840} INFO - DAG(s) 'example_complex' retrieved from /home/maira/projeto_indicium_engineering/venv/lib/python3.10/site-packages/airflow/example_dags/example_complex.py
[2024-06-14T17:45:00.559-0300] {logging_mixin.py:188} INFO - [2024-06-14T17:45:00.558-0300] {dag.py:3096} INFO - Sync 1 DAGs
[2024-06-14T17:45:00.567-0300] {logging_mixin.py:188} INFO - [2024-06-14T17:45:00.567-0300] {dag.py:3954} INFO - Setting next_dagrun for example_complex to None, run_after=None
[2024-06-14T17:45:00.590-0300] {processor.py:183} INFO - Processing /home/maira/projeto_indicium_engineering/venv/lib/python3.10/site-packages/airflow/example_dags/example_complex.py took 0.070 seconds
[2024-06-14T17:46:01.705-0300] {processor.py:161} INFO - Started process (PID=101421) to work on /home/maira/projeto_indicium_engineering/venv/lib/python3.10/site-packages/airflow/example_dags/example_complex.py
[2024-06-14T17:46:01.706-0300] {processor.py:830} INFO - Processing file /home/maira/projeto_indicium_engineering/venv/lib/python3.10/site-packages/airflow/example_dags/example_complex.py for tasks to queue
[2024-06-14T17:46:01.708-0300] {logging_mixin.py:188} INFO - [2024-06-14T17:46:01.708-0300] {dagbag.py:545} INFO - Filling up the DagBag from /home/maira/projeto_indicium_engineering/venv/lib/python3.10/site-packages/airflow/example_dags/example_complex.py
[2024-06-14T17:46:01.716-0300] {processor.py:840} INFO - DAG(s) 'example_complex' retrieved from /home/maira/projeto_indicium_engineering/venv/lib/python3.10/site-packages/airflow/example_dags/example_complex.py
[2024-06-14T17:46:01.735-0300] {logging_mixin.py:188} INFO - [2024-06-14T17:46:01.735-0300] {dag.py:3096} INFO - Sync 1 DAGs
[2024-06-14T17:46:01.743-0300] {logging_mixin.py:188} INFO - [2024-06-14T17:46:01.743-0300] {dag.py:3954} INFO - Setting next_dagrun for example_complex to None, run_after=None
[2024-06-14T17:46:01.768-0300] {processor.py:183} INFO - Processing /home/maira/projeto_indicium_engineering/venv/lib/python3.10/site-packages/airflow/example_dags/example_complex.py took 0.068 seconds
[2024-06-14T17:47:04.001-0300] {processor.py:161} INFO - Started process (PID=101730) to work on /home/maira/projeto_indicium_engineering/venv/lib/python3.10/site-packages/airflow/example_dags/example_complex.py
[2024-06-14T17:47:04.002-0300] {processor.py:830} INFO - Processing file /home/maira/projeto_indicium_engineering/venv/lib/python3.10/site-packages/airflow/example_dags/example_complex.py for tasks to queue
[2024-06-14T17:47:04.004-0300] {logging_mixin.py:188} INFO - [2024-06-14T17:47:04.003-0300] {dagbag.py:545} INFO - Filling up the DagBag from /home/maira/projeto_indicium_engineering/venv/lib/python3.10/site-packages/airflow/example_dags/example_complex.py
[2024-06-14T17:47:04.013-0300] {processor.py:840} INFO - DAG(s) 'example_complex' retrieved from /home/maira/projeto_indicium_engineering/venv/lib/python3.10/site-packages/airflow/example_dags/example_complex.py
[2024-06-14T17:47:04.032-0300] {logging_mixin.py:188} INFO - [2024-06-14T17:47:04.032-0300] {dag.py:3096} INFO - Sync 1 DAGs
[2024-06-14T17:47:04.040-0300] {logging_mixin.py:188} INFO - [2024-06-14T17:47:04.040-0300] {dag.py:3954} INFO - Setting next_dagrun for example_complex to None, run_after=None
[2024-06-14T17:47:04.062-0300] {processor.py:183} INFO - Processing /home/maira/projeto_indicium_engineering/venv/lib/python3.10/site-packages/airflow/example_dags/example_complex.py took 0.065 seconds
[2024-06-14T17:48:00.786-0300] {processor.py:161} INFO - Started process (PID=102011) to work on /home/maira/projeto_indicium_engineering/venv/lib/python3.10/site-packages/airflow/example_dags/example_complex.py
[2024-06-14T17:48:00.787-0300] {processor.py:830} INFO - Processing file /home/maira/projeto_indicium_engineering/venv/lib/python3.10/site-packages/airflow/example_dags/example_complex.py for tasks to queue
[2024-06-14T17:48:00.789-0300] {logging_mixin.py:188} INFO - [2024-06-14T17:48:00.789-0300] {dagbag.py:545} INFO - Filling up the DagBag from /home/maira/projeto_indicium_engineering/venv/lib/python3.10/site-packages/airflow/example_dags/example_complex.py
[2024-06-14T17:48:00.797-0300] {processor.py:840} INFO - DAG(s) 'example_complex' retrieved from /home/maira/projeto_indicium_engineering/venv/lib/python3.10/site-packages/airflow/example_dags/example_complex.py
[2024-06-14T17:48:00.816-0300] {logging_mixin.py:188} INFO - [2024-06-14T17:48:00.815-0300] {dag.py:3096} INFO - Sync 1 DAGs
[2024-06-14T17:48:00.824-0300] {logging_mixin.py:188} INFO - [2024-06-14T17:48:00.823-0300] {dag.py:3954} INFO - Setting next_dagrun for example_complex to None, run_after=None
[2024-06-14T17:48:00.848-0300] {processor.py:183} INFO - Processing /home/maira/projeto_indicium_engineering/venv/lib/python3.10/site-packages/airflow/example_dags/example_complex.py took 0.067 seconds
[2024-06-14T17:49:06.219-0300] {processor.py:161} INFO - Started process (PID=102334) to work on /home/maira/projeto_indicium_engineering/venv/lib/python3.10/site-packages/airflow/example_dags/example_complex.py
[2024-06-14T17:49:06.221-0300] {processor.py:830} INFO - Processing file /home/maira/projeto_indicium_engineering/venv/lib/python3.10/site-packages/airflow/example_dags/example_complex.py for tasks to queue
[2024-06-14T17:49:06.223-0300] {logging_mixin.py:188} INFO - [2024-06-14T17:49:06.222-0300] {dagbag.py:545} INFO - Filling up the DagBag from /home/maira/projeto_indicium_engineering/venv/lib/python3.10/site-packages/airflow/example_dags/example_complex.py
[2024-06-14T17:49:06.232-0300] {processor.py:840} INFO - DAG(s) 'example_complex' retrieved from /home/maira/projeto_indicium_engineering/venv/lib/python3.10/site-packages/airflow/example_dags/example_complex.py
[2024-06-14T17:49:06.251-0300] {logging_mixin.py:188} INFO - [2024-06-14T17:49:06.251-0300] {dag.py:3096} INFO - Sync 1 DAGs
[2024-06-14T17:49:06.260-0300] {logging_mixin.py:188} INFO - [2024-06-14T17:49:06.259-0300] {dag.py:3954} INFO - Setting next_dagrun for example_complex to None, run_after=None
[2024-06-14T17:49:06.306-0300] {processor.py:183} INFO - Processing /home/maira/projeto_indicium_engineering/venv/lib/python3.10/site-packages/airflow/example_dags/example_complex.py took 0.092 seconds
[2024-06-14T17:50:08.892-0300] {processor.py:161} INFO - Started process (PID=102644) to work on /home/maira/projeto_indicium_engineering/venv/lib/python3.10/site-packages/airflow/example_dags/example_complex.py
[2024-06-14T17:50:08.894-0300] {processor.py:830} INFO - Processing file /home/maira/projeto_indicium_engineering/venv/lib/python3.10/site-packages/airflow/example_dags/example_complex.py for tasks to queue
[2024-06-14T17:50:08.896-0300] {logging_mixin.py:188} INFO - [2024-06-14T17:50:08.895-0300] {dagbag.py:545} INFO - Filling up the DagBag from /home/maira/projeto_indicium_engineering/venv/lib/python3.10/site-packages/airflow/example_dags/example_complex.py
[2024-06-14T17:50:08.903-0300] {processor.py:840} INFO - DAG(s) 'example_complex' retrieved from /home/maira/projeto_indicium_engineering/venv/lib/python3.10/site-packages/airflow/example_dags/example_complex.py
[2024-06-14T17:50:08.922-0300] {logging_mixin.py:188} INFO - [2024-06-14T17:50:08.921-0300] {dag.py:3096} INFO - Sync 1 DAGs
[2024-06-14T17:50:08.929-0300] {logging_mixin.py:188} INFO - [2024-06-14T17:50:08.929-0300] {dag.py:3954} INFO - Setting next_dagrun for example_complex to None, run_after=None
[2024-06-14T17:50:08.953-0300] {processor.py:183} INFO - Processing /home/maira/projeto_indicium_engineering/venv/lib/python3.10/site-packages/airflow/example_dags/example_complex.py took 0.066 seconds
[2024-06-14T17:51:08.591-0300] {processor.py:161} INFO - Started process (PID=102940) to work on /home/maira/projeto_indicium_engineering/venv/lib/python3.10/site-packages/airflow/example_dags/example_complex.py
[2024-06-14T17:51:08.593-0300] {processor.py:830} INFO - Processing file /home/maira/projeto_indicium_engineering/venv/lib/python3.10/site-packages/airflow/example_dags/example_complex.py for tasks to queue
[2024-06-14T17:51:08.594-0300] {logging_mixin.py:188} INFO - [2024-06-14T17:51:08.594-0300] {dagbag.py:545} INFO - Filling up the DagBag from /home/maira/projeto_indicium_engineering/venv/lib/python3.10/site-packages/airflow/example_dags/example_complex.py
[2024-06-14T17:51:08.602-0300] {processor.py:840} INFO - DAG(s) 'example_complex' retrieved from /home/maira/projeto_indicium_engineering/venv/lib/python3.10/site-packages/airflow/example_dags/example_complex.py
[2024-06-14T17:51:08.621-0300] {logging_mixin.py:188} INFO - [2024-06-14T17:51:08.620-0300] {dag.py:3096} INFO - Sync 1 DAGs
[2024-06-14T17:51:08.629-0300] {logging_mixin.py:188} INFO - [2024-06-14T17:51:08.628-0300] {dag.py:3954} INFO - Setting next_dagrun for example_complex to None, run_after=None
[2024-06-14T17:51:08.650-0300] {processor.py:183} INFO - Processing /home/maira/projeto_indicium_engineering/venv/lib/python3.10/site-packages/airflow/example_dags/example_complex.py took 0.063 seconds
[2024-06-14T20:52:21.193-0300] {processor.py:161} INFO - Started process (PID=103659) to work on /home/maira/projeto_indicium_engineering/venv/lib/python3.10/site-packages/airflow/example_dags/example_complex.py
[2024-06-14T20:52:21.195-0300] {processor.py:830} INFO - Processing file /home/maira/projeto_indicium_engineering/venv/lib/python3.10/site-packages/airflow/example_dags/example_complex.py for tasks to queue
[2024-06-14T20:52:21.196-0300] {logging_mixin.py:188} INFO - [2024-06-14T20:52:21.196-0300] {dagbag.py:545} INFO - Filling up the DagBag from /home/maira/projeto_indicium_engineering/venv/lib/python3.10/site-packages/airflow/example_dags/example_complex.py
[2024-06-14T20:52:21.204-0300] {processor.py:840} INFO - DAG(s) 'example_complex' retrieved from /home/maira/projeto_indicium_engineering/venv/lib/python3.10/site-packages/airflow/example_dags/example_complex.py
[2024-06-14T20:52:21.224-0300] {logging_mixin.py:188} INFO - [2024-06-14T20:52:21.224-0300] {dag.py:3096} INFO - Sync 1 DAGs
[2024-06-14T20:52:21.233-0300] {logging_mixin.py:188} INFO - [2024-06-14T20:52:21.232-0300] {dag.py:3954} INFO - Setting next_dagrun for example_complex to None, run_after=None
[2024-06-14T20:52:21.254-0300] {processor.py:183} INFO - Processing /home/maira/projeto_indicium_engineering/venv/lib/python3.10/site-packages/airflow/example_dags/example_complex.py took 0.065 seconds
[2024-06-14T20:53:18.223-0300] {processor.py:161} INFO - Started process (PID=103935) to work on /home/maira/projeto_indicium_engineering/venv/lib/python3.10/site-packages/airflow/example_dags/example_complex.py
[2024-06-14T20:53:18.226-0300] {processor.py:830} INFO - Processing file /home/maira/projeto_indicium_engineering/venv/lib/python3.10/site-packages/airflow/example_dags/example_complex.py for tasks to queue
[2024-06-14T20:53:18.227-0300] {logging_mixin.py:188} INFO - [2024-06-14T20:53:18.227-0300] {dagbag.py:545} INFO - Filling up the DagBag from /home/maira/projeto_indicium_engineering/venv/lib/python3.10/site-packages/airflow/example_dags/example_complex.py
[2024-06-14T20:53:18.234-0300] {processor.py:840} INFO - DAG(s) 'example_complex' retrieved from /home/maira/projeto_indicium_engineering/venv/lib/python3.10/site-packages/airflow/example_dags/example_complex.py
[2024-06-14T20:53:18.253-0300] {logging_mixin.py:188} INFO - [2024-06-14T20:53:18.253-0300] {dag.py:3096} INFO - Sync 1 DAGs
[2024-06-14T20:53:18.261-0300] {logging_mixin.py:188} INFO - [2024-06-14T20:53:18.260-0300] {dag.py:3954} INFO - Setting next_dagrun for example_complex to None, run_after=None
[2024-06-14T20:53:18.285-0300] {processor.py:183} INFO - Processing /home/maira/projeto_indicium_engineering/venv/lib/python3.10/site-packages/airflow/example_dags/example_complex.py took 0.066 seconds
