[2024-06-14T16:31:15.014-0300] {processor.py:161} INFO - Started process (PID=86532) to work on /home/maira/projeto_indicium_engineering/venv/lib/python3.10/site-packages/airflow/example_dags/example_branch_day_of_week_operator.py
[2024-06-14T16:31:15.015-0300] {processor.py:830} INFO - Processing file /home/maira/projeto_indicium_engineering/venv/lib/python3.10/site-packages/airflow/example_dags/example_branch_day_of_week_operator.py for tasks to queue
[2024-06-14T16:31:15.016-0300] {logging_mixin.py:188} INFO - [2024-06-14T16:31:15.016-0300] {dagbag.py:545} INFO - Filling up the DagBag from /home/maira/projeto_indicium_engineering/venv/lib/python3.10/site-packages/airflow/example_dags/example_branch_day_of_week_operator.py
[2024-06-14T16:31:15.022-0300] {processor.py:840} INFO - DAG(s) 'example_weekday_branch_operator' retrieved from /home/maira/projeto_indicium_engineering/venv/lib/python3.10/site-packages/airflow/example_dags/example_branch_day_of_week_operator.py
[2024-06-14T16:31:15.100-0300] {logging_mixin.py:188} INFO - [2024-06-14T16:31:15.099-0300] {override.py:1829} INFO - Created Permission View: can edit on DAG:example_weekday_branch_operator
[2024-06-14T16:31:15.187-0300] {logging_mixin.py:188} INFO - [2024-06-14T16:31:15.186-0300] {override.py:1829} INFO - Created Permission View: can delete on DAG:example_weekday_branch_operator
[2024-06-14T16:31:15.198-0300] {logging_mixin.py:188} INFO - [2024-06-14T16:31:15.198-0300] {override.py:1829} INFO - Created Permission View: can read on DAG:example_weekday_branch_operator
[2024-06-14T16:31:15.198-0300] {logging_mixin.py:188} INFO - [2024-06-14T16:31:15.198-0300] {dag.py:3096} INFO - Sync 1 DAGs
[2024-06-14T16:31:15.205-0300] {logging_mixin.py:188} INFO - [2024-06-14T16:31:15.205-0300] {dag.py:3118} INFO - Creating ORM DAG for example_weekday_branch_operator
[2024-06-14T16:31:15.213-0300] {logging_mixin.py:188} INFO - [2024-06-14T16:31:15.212-0300] {dag.py:3954} INFO - Setting next_dagrun for example_weekday_branch_operator to 2024-06-13 00:00:00+00:00, run_after=2024-06-14 00:00:00+00:00
[2024-06-14T16:31:15.235-0300] {processor.py:183} INFO - Processing /home/maira/projeto_indicium_engineering/venv/lib/python3.10/site-packages/airflow/example_dags/example_branch_day_of_week_operator.py took 0.225 seconds
[2024-06-14T16:32:09.588-0300] {processor.py:161} INFO - Started process (PID=86798) to work on /home/maira/projeto_indicium_engineering/venv/lib/python3.10/site-packages/airflow/example_dags/example_branch_day_of_week_operator.py
[2024-06-14T16:32:09.593-0300] {processor.py:830} INFO - Processing file /home/maira/projeto_indicium_engineering/venv/lib/python3.10/site-packages/airflow/example_dags/example_branch_day_of_week_operator.py for tasks to queue
[2024-06-14T16:32:09.595-0300] {logging_mixin.py:188} INFO - [2024-06-14T16:32:09.594-0300] {dagbag.py:545} INFO - Filling up the DagBag from /home/maira/projeto_indicium_engineering/venv/lib/python3.10/site-packages/airflow/example_dags/example_branch_day_of_week_operator.py
[2024-06-14T16:32:09.600-0300] {processor.py:840} INFO - DAG(s) 'example_weekday_branch_operator' retrieved from /home/maira/projeto_indicium_engineering/venv/lib/python3.10/site-packages/airflow/example_dags/example_branch_day_of_week_operator.py
[2024-06-14T16:32:09.612-0300] {logging_mixin.py:188} INFO - [2024-06-14T16:32:09.611-0300] {dag.py:3096} INFO - Sync 1 DAGs
[2024-06-14T16:32:09.698-0300] {logging_mixin.py:188} INFO - [2024-06-14T16:32:09.698-0300] {dag.py:3954} INFO - Setting next_dagrun for example_weekday_branch_operator to 2024-06-13 00:00:00+00:00, run_after=2024-06-14 00:00:00+00:00
[2024-06-14T16:32:09.720-0300] {processor.py:183} INFO - Processing /home/maira/projeto_indicium_engineering/venv/lib/python3.10/site-packages/airflow/example_dags/example_branch_day_of_week_operator.py took 0.137 seconds
[2024-06-14T16:33:16.464-0300] {processor.py:161} INFO - Started process (PID=87125) to work on /home/maira/projeto_indicium_engineering/venv/lib/python3.10/site-packages/airflow/example_dags/example_branch_day_of_week_operator.py
[2024-06-14T16:33:16.466-0300] {processor.py:830} INFO - Processing file /home/maira/projeto_indicium_engineering/venv/lib/python3.10/site-packages/airflow/example_dags/example_branch_day_of_week_operator.py for tasks to queue
[2024-06-14T16:33:16.468-0300] {logging_mixin.py:188} INFO - [2024-06-14T16:33:16.468-0300] {dagbag.py:545} INFO - Filling up the DagBag from /home/maira/projeto_indicium_engineering/venv/lib/python3.10/site-packages/airflow/example_dags/example_branch_day_of_week_operator.py
[2024-06-14T16:33:16.475-0300] {processor.py:840} INFO - DAG(s) 'example_weekday_branch_operator' retrieved from /home/maira/projeto_indicium_engineering/venv/lib/python3.10/site-packages/airflow/example_dags/example_branch_day_of_week_operator.py
[2024-06-14T16:33:16.487-0300] {logging_mixin.py:188} INFO - [2024-06-14T16:33:16.487-0300] {dag.py:3096} INFO - Sync 1 DAGs
[2024-06-14T16:33:16.501-0300] {logging_mixin.py:188} INFO - [2024-06-14T16:33:16.501-0300] {dag.py:3954} INFO - Setting next_dagrun for example_weekday_branch_operator to 2024-06-13 00:00:00+00:00, run_after=2024-06-14 00:00:00+00:00
[2024-06-14T16:33:16.528-0300] {processor.py:183} INFO - Processing /home/maira/projeto_indicium_engineering/venv/lib/python3.10/site-packages/airflow/example_dags/example_branch_day_of_week_operator.py took 0.069 seconds
[2024-06-14T16:34:22.788-0300] {processor.py:161} INFO - Started process (PID=87452) to work on /home/maira/projeto_indicium_engineering/venv/lib/python3.10/site-packages/airflow/example_dags/example_branch_day_of_week_operator.py
[2024-06-14T16:34:22.790-0300] {processor.py:830} INFO - Processing file /home/maira/projeto_indicium_engineering/venv/lib/python3.10/site-packages/airflow/example_dags/example_branch_day_of_week_operator.py for tasks to queue
[2024-06-14T16:34:22.792-0300] {logging_mixin.py:188} INFO - [2024-06-14T16:34:22.792-0300] {dagbag.py:545} INFO - Filling up the DagBag from /home/maira/projeto_indicium_engineering/venv/lib/python3.10/site-packages/airflow/example_dags/example_branch_day_of_week_operator.py
[2024-06-14T16:34:22.798-0300] {processor.py:840} INFO - DAG(s) 'example_weekday_branch_operator' retrieved from /home/maira/projeto_indicium_engineering/venv/lib/python3.10/site-packages/airflow/example_dags/example_branch_day_of_week_operator.py
[2024-06-14T16:34:22.809-0300] {logging_mixin.py:188} INFO - [2024-06-14T16:34:22.809-0300] {dag.py:3096} INFO - Sync 1 DAGs
[2024-06-14T16:34:22.823-0300] {logging_mixin.py:188} INFO - [2024-06-14T16:34:22.823-0300] {dag.py:3954} INFO - Setting next_dagrun for example_weekday_branch_operator to 2024-06-13 00:00:00+00:00, run_after=2024-06-14 00:00:00+00:00
[2024-06-14T16:34:22.844-0300] {processor.py:183} INFO - Processing /home/maira/projeto_indicium_engineering/venv/lib/python3.10/site-packages/airflow/example_dags/example_branch_day_of_week_operator.py took 0.061 seconds
[2024-06-14T16:35:19.911-0300] {processor.py:161} INFO - Started process (PID=87740) to work on /home/maira/projeto_indicium_engineering/venv/lib/python3.10/site-packages/airflow/example_dags/example_branch_day_of_week_operator.py
[2024-06-14T16:35:19.913-0300] {processor.py:830} INFO - Processing file /home/maira/projeto_indicium_engineering/venv/lib/python3.10/site-packages/airflow/example_dags/example_branch_day_of_week_operator.py for tasks to queue
[2024-06-14T16:35:19.915-0300] {logging_mixin.py:188} INFO - [2024-06-14T16:35:19.915-0300] {dagbag.py:545} INFO - Filling up the DagBag from /home/maira/projeto_indicium_engineering/venv/lib/python3.10/site-packages/airflow/example_dags/example_branch_day_of_week_operator.py
[2024-06-14T16:35:19.921-0300] {processor.py:840} INFO - DAG(s) 'example_weekday_branch_operator' retrieved from /home/maira/projeto_indicium_engineering/venv/lib/python3.10/site-packages/airflow/example_dags/example_branch_day_of_week_operator.py
[2024-06-14T16:35:19.932-0300] {logging_mixin.py:188} INFO - [2024-06-14T16:35:19.932-0300] {dag.py:3096} INFO - Sync 1 DAGs
[2024-06-14T16:35:19.947-0300] {logging_mixin.py:188} INFO - [2024-06-14T16:35:19.946-0300] {dag.py:3954} INFO - Setting next_dagrun for example_weekday_branch_operator to 2024-06-13 00:00:00+00:00, run_after=2024-06-14 00:00:00+00:00
[2024-06-14T16:35:19.969-0300] {processor.py:183} INFO - Processing /home/maira/projeto_indicium_engineering/venv/lib/python3.10/site-packages/airflow/example_dags/example_branch_day_of_week_operator.py took 0.062 seconds
[2024-06-14T16:36:17.665-0300] {processor.py:161} INFO - Started process (PID=88025) to work on /home/maira/projeto_indicium_engineering/venv/lib/python3.10/site-packages/airflow/example_dags/example_branch_day_of_week_operator.py
[2024-06-14T16:36:17.668-0300] {processor.py:830} INFO - Processing file /home/maira/projeto_indicium_engineering/venv/lib/python3.10/site-packages/airflow/example_dags/example_branch_day_of_week_operator.py for tasks to queue
[2024-06-14T16:36:17.671-0300] {logging_mixin.py:188} INFO - [2024-06-14T16:36:17.670-0300] {dagbag.py:545} INFO - Filling up the DagBag from /home/maira/projeto_indicium_engineering/venv/lib/python3.10/site-packages/airflow/example_dags/example_branch_day_of_week_operator.py
[2024-06-14T16:36:17.690-0300] {processor.py:840} INFO - DAG(s) 'example_weekday_branch_operator' retrieved from /home/maira/projeto_indicium_engineering/venv/lib/python3.10/site-packages/airflow/example_dags/example_branch_day_of_week_operator.py
[2024-06-14T16:36:17.708-0300] {logging_mixin.py:188} INFO - [2024-06-14T16:36:17.708-0300] {dag.py:3096} INFO - Sync 1 DAGs
[2024-06-14T16:36:17.726-0300] {logging_mixin.py:188} INFO - [2024-06-14T16:36:17.726-0300] {dag.py:3954} INFO - Setting next_dagrun for example_weekday_branch_operator to 2024-06-13 00:00:00+00:00, run_after=2024-06-14 00:00:00+00:00
[2024-06-14T16:36:17.750-0300] {processor.py:183} INFO - Processing /home/maira/projeto_indicium_engineering/venv/lib/python3.10/site-packages/airflow/example_dags/example_branch_day_of_week_operator.py took 0.096 seconds
[2024-06-14T16:37:14.541-0300] {processor.py:161} INFO - Started process (PID=88309) to work on /home/maira/projeto_indicium_engineering/venv/lib/python3.10/site-packages/airflow/example_dags/example_branch_day_of_week_operator.py
[2024-06-14T16:37:14.546-0300] {processor.py:830} INFO - Processing file /home/maira/projeto_indicium_engineering/venv/lib/python3.10/site-packages/airflow/example_dags/example_branch_day_of_week_operator.py for tasks to queue
[2024-06-14T16:37:14.548-0300] {logging_mixin.py:188} INFO - [2024-06-14T16:37:14.548-0300] {dagbag.py:545} INFO - Filling up the DagBag from /home/maira/projeto_indicium_engineering/venv/lib/python3.10/site-packages/airflow/example_dags/example_branch_day_of_week_operator.py
[2024-06-14T16:37:14.554-0300] {processor.py:840} INFO - DAG(s) 'example_weekday_branch_operator' retrieved from /home/maira/projeto_indicium_engineering/venv/lib/python3.10/site-packages/airflow/example_dags/example_branch_day_of_week_operator.py
[2024-06-14T16:37:14.565-0300] {logging_mixin.py:188} INFO - [2024-06-14T16:37:14.565-0300] {dag.py:3096} INFO - Sync 1 DAGs
[2024-06-14T16:37:14.579-0300] {logging_mixin.py:188} INFO - [2024-06-14T16:37:14.579-0300] {dag.py:3954} INFO - Setting next_dagrun for example_weekday_branch_operator to 2024-06-13 00:00:00+00:00, run_after=2024-06-14 00:00:00+00:00
[2024-06-14T16:37:14.603-0300] {processor.py:183} INFO - Processing /home/maira/projeto_indicium_engineering/venv/lib/python3.10/site-packages/airflow/example_dags/example_branch_day_of_week_operator.py took 0.066 seconds
[2024-06-14T16:38:22.238-0300] {processor.py:161} INFO - Started process (PID=88642) to work on /home/maira/projeto_indicium_engineering/venv/lib/python3.10/site-packages/airflow/example_dags/example_branch_day_of_week_operator.py
[2024-06-14T16:38:22.240-0300] {processor.py:830} INFO - Processing file /home/maira/projeto_indicium_engineering/venv/lib/python3.10/site-packages/airflow/example_dags/example_branch_day_of_week_operator.py for tasks to queue
[2024-06-14T16:38:22.241-0300] {logging_mixin.py:188} INFO - [2024-06-14T16:38:22.241-0300] {dagbag.py:545} INFO - Filling up the DagBag from /home/maira/projeto_indicium_engineering/venv/lib/python3.10/site-packages/airflow/example_dags/example_branch_day_of_week_operator.py
[2024-06-14T16:38:22.247-0300] {processor.py:840} INFO - DAG(s) 'example_weekday_branch_operator' retrieved from /home/maira/projeto_indicium_engineering/venv/lib/python3.10/site-packages/airflow/example_dags/example_branch_day_of_week_operator.py
[2024-06-14T16:38:22.259-0300] {logging_mixin.py:188} INFO - [2024-06-14T16:38:22.259-0300] {dag.py:3096} INFO - Sync 1 DAGs
[2024-06-14T16:38:22.273-0300] {logging_mixin.py:188} INFO - [2024-06-14T16:38:22.273-0300] {dag.py:3954} INFO - Setting next_dagrun for example_weekday_branch_operator to 2024-06-13 00:00:00+00:00, run_after=2024-06-14 00:00:00+00:00
[2024-06-14T16:38:22.295-0300] {processor.py:183} INFO - Processing /home/maira/projeto_indicium_engineering/venv/lib/python3.10/site-packages/airflow/example_dags/example_branch_day_of_week_operator.py took 0.062 seconds
[2024-06-14T16:39:25.163-0300] {processor.py:161} INFO - Started process (PID=88952) to work on /home/maira/projeto_indicium_engineering/venv/lib/python3.10/site-packages/airflow/example_dags/example_branch_day_of_week_operator.py
[2024-06-14T16:39:25.166-0300] {processor.py:830} INFO - Processing file /home/maira/projeto_indicium_engineering/venv/lib/python3.10/site-packages/airflow/example_dags/example_branch_day_of_week_operator.py for tasks to queue
[2024-06-14T16:39:25.168-0300] {logging_mixin.py:188} INFO - [2024-06-14T16:39:25.167-0300] {dagbag.py:545} INFO - Filling up the DagBag from /home/maira/projeto_indicium_engineering/venv/lib/python3.10/site-packages/airflow/example_dags/example_branch_day_of_week_operator.py
[2024-06-14T16:39:25.175-0300] {processor.py:840} INFO - DAG(s) 'example_weekday_branch_operator' retrieved from /home/maira/projeto_indicium_engineering/venv/lib/python3.10/site-packages/airflow/example_dags/example_branch_day_of_week_operator.py
[2024-06-14T16:39:25.187-0300] {logging_mixin.py:188} INFO - [2024-06-14T16:39:25.186-0300] {dag.py:3096} INFO - Sync 1 DAGs
[2024-06-14T16:39:25.200-0300] {logging_mixin.py:188} INFO - [2024-06-14T16:39:25.200-0300] {dag.py:3954} INFO - Setting next_dagrun for example_weekday_branch_operator to 2024-06-13 00:00:00+00:00, run_after=2024-06-14 00:00:00+00:00
[2024-06-14T16:39:25.224-0300] {processor.py:183} INFO - Processing /home/maira/projeto_indicium_engineering/venv/lib/python3.10/site-packages/airflow/example_dags/example_branch_day_of_week_operator.py took 0.065 seconds
[2024-06-14T16:40:23.526-0300] {processor.py:161} INFO - Started process (PID=89243) to work on /home/maira/projeto_indicium_engineering/venv/lib/python3.10/site-packages/airflow/example_dags/example_branch_day_of_week_operator.py
[2024-06-14T16:40:23.528-0300] {processor.py:830} INFO - Processing file /home/maira/projeto_indicium_engineering/venv/lib/python3.10/site-packages/airflow/example_dags/example_branch_day_of_week_operator.py for tasks to queue
[2024-06-14T16:40:23.529-0300] {logging_mixin.py:188} INFO - [2024-06-14T16:40:23.529-0300] {dagbag.py:545} INFO - Filling up the DagBag from /home/maira/projeto_indicium_engineering/venv/lib/python3.10/site-packages/airflow/example_dags/example_branch_day_of_week_operator.py
[2024-06-14T16:40:23.535-0300] {processor.py:840} INFO - DAG(s) 'example_weekday_branch_operator' retrieved from /home/maira/projeto_indicium_engineering/venv/lib/python3.10/site-packages/airflow/example_dags/example_branch_day_of_week_operator.py
[2024-06-14T16:40:23.547-0300] {logging_mixin.py:188} INFO - [2024-06-14T16:40:23.547-0300] {dag.py:3096} INFO - Sync 1 DAGs
[2024-06-14T16:40:23.561-0300] {logging_mixin.py:188} INFO - [2024-06-14T16:40:23.561-0300] {dag.py:3954} INFO - Setting next_dagrun for example_weekday_branch_operator to 2024-06-13 00:00:00+00:00, run_after=2024-06-14 00:00:00+00:00
[2024-06-14T16:40:23.583-0300] {processor.py:183} INFO - Processing /home/maira/projeto_indicium_engineering/venv/lib/python3.10/site-packages/airflow/example_dags/example_branch_day_of_week_operator.py took 0.062 seconds
[2024-06-14T16:41:19.498-0300] {processor.py:161} INFO - Started process (PID=89519) to work on /home/maira/projeto_indicium_engineering/venv/lib/python3.10/site-packages/airflow/example_dags/example_branch_day_of_week_operator.py
[2024-06-14T16:41:19.499-0300] {processor.py:830} INFO - Processing file /home/maira/projeto_indicium_engineering/venv/lib/python3.10/site-packages/airflow/example_dags/example_branch_day_of_week_operator.py for tasks to queue
[2024-06-14T16:41:19.501-0300] {logging_mixin.py:188} INFO - [2024-06-14T16:41:19.500-0300] {dagbag.py:545} INFO - Filling up the DagBag from /home/maira/projeto_indicium_engineering/venv/lib/python3.10/site-packages/airflow/example_dags/example_branch_day_of_week_operator.py
[2024-06-14T16:41:19.508-0300] {processor.py:840} INFO - DAG(s) 'example_weekday_branch_operator' retrieved from /home/maira/projeto_indicium_engineering/venv/lib/python3.10/site-packages/airflow/example_dags/example_branch_day_of_week_operator.py
[2024-06-14T16:41:19.521-0300] {logging_mixin.py:188} INFO - [2024-06-14T16:41:19.521-0300] {dag.py:3096} INFO - Sync 1 DAGs
[2024-06-14T16:41:19.536-0300] {logging_mixin.py:188} INFO - [2024-06-14T16:41:19.536-0300] {dag.py:3954} INFO - Setting next_dagrun for example_weekday_branch_operator to 2024-06-13 00:00:00+00:00, run_after=2024-06-14 00:00:00+00:00
[2024-06-14T16:41:19.559-0300] {processor.py:183} INFO - Processing /home/maira/projeto_indicium_engineering/venv/lib/python3.10/site-packages/airflow/example_dags/example_branch_day_of_week_operator.py took 0.066 seconds
[2024-06-14T16:42:21.296-0300] {processor.py:161} INFO - Started process (PID=89825) to work on /home/maira/projeto_indicium_engineering/venv/lib/python3.10/site-packages/airflow/example_dags/example_branch_day_of_week_operator.py
[2024-06-14T16:42:21.298-0300] {processor.py:830} INFO - Processing file /home/maira/projeto_indicium_engineering/venv/lib/python3.10/site-packages/airflow/example_dags/example_branch_day_of_week_operator.py for tasks to queue
[2024-06-14T16:42:21.300-0300] {logging_mixin.py:188} INFO - [2024-06-14T16:42:21.300-0300] {dagbag.py:545} INFO - Filling up the DagBag from /home/maira/projeto_indicium_engineering/venv/lib/python3.10/site-packages/airflow/example_dags/example_branch_day_of_week_operator.py
[2024-06-14T16:42:21.307-0300] {processor.py:840} INFO - DAG(s) 'example_weekday_branch_operator' retrieved from /home/maira/projeto_indicium_engineering/venv/lib/python3.10/site-packages/airflow/example_dags/example_branch_day_of_week_operator.py
[2024-06-14T16:42:21.323-0300] {logging_mixin.py:188} INFO - [2024-06-14T16:42:21.322-0300] {dag.py:3096} INFO - Sync 1 DAGs
[2024-06-14T16:42:21.339-0300] {logging_mixin.py:188} INFO - [2024-06-14T16:42:21.339-0300] {dag.py:3954} INFO - Setting next_dagrun for example_weekday_branch_operator to 2024-06-13 00:00:00+00:00, run_after=2024-06-14 00:00:00+00:00
[2024-06-14T16:42:21.362-0300] {processor.py:183} INFO - Processing /home/maira/projeto_indicium_engineering/venv/lib/python3.10/site-packages/airflow/example_dags/example_branch_day_of_week_operator.py took 0.073 seconds
[2024-06-14T16:43:17.865-0300] {processor.py:161} INFO - Started process (PID=90106) to work on /home/maira/projeto_indicium_engineering/venv/lib/python3.10/site-packages/airflow/example_dags/example_branch_day_of_week_operator.py
[2024-06-14T16:43:17.867-0300] {processor.py:830} INFO - Processing file /home/maira/projeto_indicium_engineering/venv/lib/python3.10/site-packages/airflow/example_dags/example_branch_day_of_week_operator.py for tasks to queue
[2024-06-14T16:43:17.868-0300] {logging_mixin.py:188} INFO - [2024-06-14T16:43:17.868-0300] {dagbag.py:545} INFO - Filling up the DagBag from /home/maira/projeto_indicium_engineering/venv/lib/python3.10/site-packages/airflow/example_dags/example_branch_day_of_week_operator.py
[2024-06-14T16:43:17.874-0300] {processor.py:840} INFO - DAG(s) 'example_weekday_branch_operator' retrieved from /home/maira/projeto_indicium_engineering/venv/lib/python3.10/site-packages/airflow/example_dags/example_branch_day_of_week_operator.py
[2024-06-14T16:43:17.888-0300] {logging_mixin.py:188} INFO - [2024-06-14T16:43:17.887-0300] {dag.py:3096} INFO - Sync 1 DAGs
[2024-06-14T16:43:17.904-0300] {logging_mixin.py:188} INFO - [2024-06-14T16:43:17.904-0300] {dag.py:3954} INFO - Setting next_dagrun for example_weekday_branch_operator to 2024-06-13 00:00:00+00:00, run_after=2024-06-14 00:00:00+00:00
[2024-06-14T16:43:17.926-0300] {processor.py:183} INFO - Processing /home/maira/projeto_indicium_engineering/venv/lib/python3.10/site-packages/airflow/example_dags/example_branch_day_of_week_operator.py took 0.066 seconds
[2024-06-14T16:44:19.552-0300] {processor.py:161} INFO - Started process (PID=90412) to work on /home/maira/projeto_indicium_engineering/venv/lib/python3.10/site-packages/airflow/example_dags/example_branch_day_of_week_operator.py
[2024-06-14T16:44:19.554-0300] {processor.py:830} INFO - Processing file /home/maira/projeto_indicium_engineering/venv/lib/python3.10/site-packages/airflow/example_dags/example_branch_day_of_week_operator.py for tasks to queue
[2024-06-14T16:44:19.555-0300] {logging_mixin.py:188} INFO - [2024-06-14T16:44:19.555-0300] {dagbag.py:545} INFO - Filling up the DagBag from /home/maira/projeto_indicium_engineering/venv/lib/python3.10/site-packages/airflow/example_dags/example_branch_day_of_week_operator.py
[2024-06-14T16:44:19.562-0300] {processor.py:840} INFO - DAG(s) 'example_weekday_branch_operator' retrieved from /home/maira/projeto_indicium_engineering/venv/lib/python3.10/site-packages/airflow/example_dags/example_branch_day_of_week_operator.py
[2024-06-14T16:44:19.574-0300] {logging_mixin.py:188} INFO - [2024-06-14T16:44:19.574-0300] {dag.py:3096} INFO - Sync 1 DAGs
[2024-06-14T16:44:19.588-0300] {logging_mixin.py:188} INFO - [2024-06-14T16:44:19.588-0300] {dag.py:3954} INFO - Setting next_dagrun for example_weekday_branch_operator to 2024-06-13 00:00:00+00:00, run_after=2024-06-14 00:00:00+00:00
[2024-06-14T16:44:19.611-0300] {processor.py:183} INFO - Processing /home/maira/projeto_indicium_engineering/venv/lib/python3.10/site-packages/airflow/example_dags/example_branch_day_of_week_operator.py took 0.064 seconds
[2024-06-14T16:45:18.824-0300] {processor.py:161} INFO - Started process (PID=90708) to work on /home/maira/projeto_indicium_engineering/venv/lib/python3.10/site-packages/airflow/example_dags/example_branch_day_of_week_operator.py
[2024-06-14T16:45:18.826-0300] {processor.py:830} INFO - Processing file /home/maira/projeto_indicium_engineering/venv/lib/python3.10/site-packages/airflow/example_dags/example_branch_day_of_week_operator.py for tasks to queue
[2024-06-14T16:45:18.827-0300] {logging_mixin.py:188} INFO - [2024-06-14T16:45:18.827-0300] {dagbag.py:545} INFO - Filling up the DagBag from /home/maira/projeto_indicium_engineering/venv/lib/python3.10/site-packages/airflow/example_dags/example_branch_day_of_week_operator.py
[2024-06-14T16:45:18.833-0300] {processor.py:840} INFO - DAG(s) 'example_weekday_branch_operator' retrieved from /home/maira/projeto_indicium_engineering/venv/lib/python3.10/site-packages/airflow/example_dags/example_branch_day_of_week_operator.py
[2024-06-14T16:45:18.845-0300] {logging_mixin.py:188} INFO - [2024-06-14T16:45:18.845-0300] {dag.py:3096} INFO - Sync 1 DAGs
[2024-06-14T16:45:18.860-0300] {logging_mixin.py:188} INFO - [2024-06-14T16:45:18.860-0300] {dag.py:3954} INFO - Setting next_dagrun for example_weekday_branch_operator to 2024-06-13 00:00:00+00:00, run_after=2024-06-14 00:00:00+00:00
[2024-06-14T16:45:18.884-0300] {processor.py:183} INFO - Processing /home/maira/projeto_indicium_engineering/venv/lib/python3.10/site-packages/airflow/example_dags/example_branch_day_of_week_operator.py took 0.065 seconds
[2024-06-14T16:46:20.526-0300] {processor.py:161} INFO - Started process (PID=91012) to work on /home/maira/projeto_indicium_engineering/venv/lib/python3.10/site-packages/airflow/example_dags/example_branch_day_of_week_operator.py
[2024-06-14T16:46:20.529-0300] {processor.py:830} INFO - Processing file /home/maira/projeto_indicium_engineering/venv/lib/python3.10/site-packages/airflow/example_dags/example_branch_day_of_week_operator.py for tasks to queue
[2024-06-14T16:46:20.531-0300] {logging_mixin.py:188} INFO - [2024-06-14T16:46:20.530-0300] {dagbag.py:545} INFO - Filling up the DagBag from /home/maira/projeto_indicium_engineering/venv/lib/python3.10/site-packages/airflow/example_dags/example_branch_day_of_week_operator.py
[2024-06-14T16:46:20.536-0300] {processor.py:840} INFO - DAG(s) 'example_weekday_branch_operator' retrieved from /home/maira/projeto_indicium_engineering/venv/lib/python3.10/site-packages/airflow/example_dags/example_branch_day_of_week_operator.py
[2024-06-14T16:46:20.548-0300] {logging_mixin.py:188} INFO - [2024-06-14T16:46:20.548-0300] {dag.py:3096} INFO - Sync 1 DAGs
[2024-06-14T16:46:20.561-0300] {logging_mixin.py:188} INFO - [2024-06-14T16:46:20.561-0300] {dag.py:3954} INFO - Setting next_dagrun for example_weekday_branch_operator to 2024-06-13 00:00:00+00:00, run_after=2024-06-14 00:00:00+00:00
[2024-06-14T16:46:20.586-0300] {processor.py:183} INFO - Processing /home/maira/projeto_indicium_engineering/venv/lib/python3.10/site-packages/airflow/example_dags/example_branch_day_of_week_operator.py took 0.065 seconds
[2024-06-14T16:47:18.492-0300] {processor.py:161} INFO - Started process (PID=91301) to work on /home/maira/projeto_indicium_engineering/venv/lib/python3.10/site-packages/airflow/example_dags/example_branch_day_of_week_operator.py
[2024-06-14T16:47:18.494-0300] {processor.py:830} INFO - Processing file /home/maira/projeto_indicium_engineering/venv/lib/python3.10/site-packages/airflow/example_dags/example_branch_day_of_week_operator.py for tasks to queue
[2024-06-14T16:47:18.496-0300] {logging_mixin.py:188} INFO - [2024-06-14T16:47:18.496-0300] {dagbag.py:545} INFO - Filling up the DagBag from /home/maira/projeto_indicium_engineering/venv/lib/python3.10/site-packages/airflow/example_dags/example_branch_day_of_week_operator.py
[2024-06-14T16:47:18.503-0300] {processor.py:840} INFO - DAG(s) 'example_weekday_branch_operator' retrieved from /home/maira/projeto_indicium_engineering/venv/lib/python3.10/site-packages/airflow/example_dags/example_branch_day_of_week_operator.py
[2024-06-14T16:47:18.515-0300] {logging_mixin.py:188} INFO - [2024-06-14T16:47:18.515-0300] {dag.py:3096} INFO - Sync 1 DAGs
[2024-06-14T16:47:18.530-0300] {logging_mixin.py:188} INFO - [2024-06-14T16:47:18.529-0300] {dag.py:3954} INFO - Setting next_dagrun for example_weekday_branch_operator to 2024-06-13 00:00:00+00:00, run_after=2024-06-14 00:00:00+00:00
[2024-06-14T16:47:18.554-0300] {processor.py:183} INFO - Processing /home/maira/projeto_indicium_engineering/venv/lib/python3.10/site-packages/airflow/example_dags/example_branch_day_of_week_operator.py took 0.067 seconds
[2024-06-14T16:48:18.934-0300] {processor.py:161} INFO - Started process (PID=91599) to work on /home/maira/projeto_indicium_engineering/venv/lib/python3.10/site-packages/airflow/example_dags/example_branch_day_of_week_operator.py
[2024-06-14T16:48:18.936-0300] {processor.py:830} INFO - Processing file /home/maira/projeto_indicium_engineering/venv/lib/python3.10/site-packages/airflow/example_dags/example_branch_day_of_week_operator.py for tasks to queue
[2024-06-14T16:48:18.938-0300] {logging_mixin.py:188} INFO - [2024-06-14T16:48:18.937-0300] {dagbag.py:545} INFO - Filling up the DagBag from /home/maira/projeto_indicium_engineering/venv/lib/python3.10/site-packages/airflow/example_dags/example_branch_day_of_week_operator.py
[2024-06-14T16:48:18.944-0300] {processor.py:840} INFO - DAG(s) 'example_weekday_branch_operator' retrieved from /home/maira/projeto_indicium_engineering/venv/lib/python3.10/site-packages/airflow/example_dags/example_branch_day_of_week_operator.py
[2024-06-14T16:48:18.957-0300] {logging_mixin.py:188} INFO - [2024-06-14T16:48:18.957-0300] {dag.py:3096} INFO - Sync 1 DAGs
[2024-06-14T16:48:18.971-0300] {logging_mixin.py:188} INFO - [2024-06-14T16:48:18.971-0300] {dag.py:3954} INFO - Setting next_dagrun for example_weekday_branch_operator to 2024-06-13 00:00:00+00:00, run_after=2024-06-14 00:00:00+00:00
[2024-06-14T16:48:18.995-0300] {processor.py:183} INFO - Processing /home/maira/projeto_indicium_engineering/venv/lib/python3.10/site-packages/airflow/example_dags/example_branch_day_of_week_operator.py took 0.066 seconds
[2024-06-14T16:49:15.329-0300] {processor.py:161} INFO - Started process (PID=91879) to work on /home/maira/projeto_indicium_engineering/venv/lib/python3.10/site-packages/airflow/example_dags/example_branch_day_of_week_operator.py
[2024-06-14T16:49:15.331-0300] {processor.py:830} INFO - Processing file /home/maira/projeto_indicium_engineering/venv/lib/python3.10/site-packages/airflow/example_dags/example_branch_day_of_week_operator.py for tasks to queue
[2024-06-14T16:49:15.332-0300] {logging_mixin.py:188} INFO - [2024-06-14T16:49:15.332-0300] {dagbag.py:545} INFO - Filling up the DagBag from /home/maira/projeto_indicium_engineering/venv/lib/python3.10/site-packages/airflow/example_dags/example_branch_day_of_week_operator.py
[2024-06-14T16:49:15.339-0300] {processor.py:840} INFO - DAG(s) 'example_weekday_branch_operator' retrieved from /home/maira/projeto_indicium_engineering/venv/lib/python3.10/site-packages/airflow/example_dags/example_branch_day_of_week_operator.py
[2024-06-14T16:49:15.352-0300] {logging_mixin.py:188} INFO - [2024-06-14T16:49:15.351-0300] {dag.py:3096} INFO - Sync 1 DAGs
[2024-06-14T16:49:15.365-0300] {logging_mixin.py:188} INFO - [2024-06-14T16:49:15.365-0300] {dag.py:3954} INFO - Setting next_dagrun for example_weekday_branch_operator to 2024-06-13 00:00:00+00:00, run_after=2024-06-14 00:00:00+00:00
[2024-06-14T16:49:15.389-0300] {processor.py:183} INFO - Processing /home/maira/projeto_indicium_engineering/venv/lib/python3.10/site-packages/airflow/example_dags/example_branch_day_of_week_operator.py took 0.065 seconds
[2024-06-14T16:50:13.911-0300] {processor.py:161} INFO - Started process (PID=92170) to work on /home/maira/projeto_indicium_engineering/venv/lib/python3.10/site-packages/airflow/example_dags/example_branch_day_of_week_operator.py
[2024-06-14T16:50:13.913-0300] {processor.py:830} INFO - Processing file /home/maira/projeto_indicium_engineering/venv/lib/python3.10/site-packages/airflow/example_dags/example_branch_day_of_week_operator.py for tasks to queue
[2024-06-14T16:50:13.915-0300] {logging_mixin.py:188} INFO - [2024-06-14T16:50:13.914-0300] {dagbag.py:545} INFO - Filling up the DagBag from /home/maira/projeto_indicium_engineering/venv/lib/python3.10/site-packages/airflow/example_dags/example_branch_day_of_week_operator.py
[2024-06-14T16:50:13.923-0300] {processor.py:840} INFO - DAG(s) 'example_weekday_branch_operator' retrieved from /home/maira/projeto_indicium_engineering/venv/lib/python3.10/site-packages/airflow/example_dags/example_branch_day_of_week_operator.py
[2024-06-14T16:50:13.935-0300] {logging_mixin.py:188} INFO - [2024-06-14T16:50:13.935-0300] {dag.py:3096} INFO - Sync 1 DAGs
[2024-06-14T16:50:13.950-0300] {logging_mixin.py:188} INFO - [2024-06-14T16:50:13.949-0300] {dag.py:3954} INFO - Setting next_dagrun for example_weekday_branch_operator to 2024-06-13 00:00:00+00:00, run_after=2024-06-14 00:00:00+00:00
[2024-06-14T16:50:13.973-0300] {processor.py:183} INFO - Processing /home/maira/projeto_indicium_engineering/venv/lib/python3.10/site-packages/airflow/example_dags/example_branch_day_of_week_operator.py took 0.067 seconds
[2024-06-14T16:51:22.243-0300] {processor.py:161} INFO - Started process (PID=92507) to work on /home/maira/projeto_indicium_engineering/venv/lib/python3.10/site-packages/airflow/example_dags/example_branch_day_of_week_operator.py
[2024-06-14T16:51:22.245-0300] {processor.py:830} INFO - Processing file /home/maira/projeto_indicium_engineering/venv/lib/python3.10/site-packages/airflow/example_dags/example_branch_day_of_week_operator.py for tasks to queue
[2024-06-14T16:51:22.247-0300] {logging_mixin.py:188} INFO - [2024-06-14T16:51:22.246-0300] {dagbag.py:545} INFO - Filling up the DagBag from /home/maira/projeto_indicium_engineering/venv/lib/python3.10/site-packages/airflow/example_dags/example_branch_day_of_week_operator.py
[2024-06-14T16:51:22.255-0300] {processor.py:840} INFO - DAG(s) 'example_weekday_branch_operator' retrieved from /home/maira/projeto_indicium_engineering/venv/lib/python3.10/site-packages/airflow/example_dags/example_branch_day_of_week_operator.py
[2024-06-14T16:51:22.270-0300] {logging_mixin.py:188} INFO - [2024-06-14T16:51:22.270-0300] {dag.py:3096} INFO - Sync 1 DAGs
[2024-06-14T16:51:22.290-0300] {logging_mixin.py:188} INFO - [2024-06-14T16:51:22.290-0300] {dag.py:3954} INFO - Setting next_dagrun for example_weekday_branch_operator to 2024-06-13 00:00:00+00:00, run_after=2024-06-14 00:00:00+00:00
[2024-06-14T16:51:22.315-0300] {processor.py:183} INFO - Processing /home/maira/projeto_indicium_engineering/venv/lib/python3.10/site-packages/airflow/example_dags/example_branch_day_of_week_operator.py took 0.076 seconds
[2024-06-14T16:52:23.348-0300] {processor.py:161} INFO - Started process (PID=92809) to work on /home/maira/projeto_indicium_engineering/venv/lib/python3.10/site-packages/airflow/example_dags/example_branch_day_of_week_operator.py
[2024-06-14T16:52:23.350-0300] {processor.py:830} INFO - Processing file /home/maira/projeto_indicium_engineering/venv/lib/python3.10/site-packages/airflow/example_dags/example_branch_day_of_week_operator.py for tasks to queue
[2024-06-14T16:52:23.352-0300] {logging_mixin.py:188} INFO - [2024-06-14T16:52:23.351-0300] {dagbag.py:545} INFO - Filling up the DagBag from /home/maira/projeto_indicium_engineering/venv/lib/python3.10/site-packages/airflow/example_dags/example_branch_day_of_week_operator.py
[2024-06-14T16:52:23.359-0300] {processor.py:840} INFO - DAG(s) 'example_weekday_branch_operator' retrieved from /home/maira/projeto_indicium_engineering/venv/lib/python3.10/site-packages/airflow/example_dags/example_branch_day_of_week_operator.py
[2024-06-14T16:52:23.372-0300] {logging_mixin.py:188} INFO - [2024-06-14T16:52:23.371-0300] {dag.py:3096} INFO - Sync 1 DAGs
[2024-06-14T16:52:23.387-0300] {logging_mixin.py:188} INFO - [2024-06-14T16:52:23.387-0300] {dag.py:3954} INFO - Setting next_dagrun for example_weekday_branch_operator to 2024-06-13 00:00:00+00:00, run_after=2024-06-14 00:00:00+00:00
[2024-06-14T16:52:23.411-0300] {processor.py:183} INFO - Processing /home/maira/projeto_indicium_engineering/venv/lib/python3.10/site-packages/airflow/example_dags/example_branch_day_of_week_operator.py took 0.068 seconds
[2024-06-14T16:53:24.045-0300] {processor.py:161} INFO - Started process (PID=93110) to work on /home/maira/projeto_indicium_engineering/venv/lib/python3.10/site-packages/airflow/example_dags/example_branch_day_of_week_operator.py
[2024-06-14T16:53:24.047-0300] {processor.py:830} INFO - Processing file /home/maira/projeto_indicium_engineering/venv/lib/python3.10/site-packages/airflow/example_dags/example_branch_day_of_week_operator.py for tasks to queue
[2024-06-14T16:53:24.049-0300] {logging_mixin.py:188} INFO - [2024-06-14T16:53:24.049-0300] {dagbag.py:545} INFO - Filling up the DagBag from /home/maira/projeto_indicium_engineering/venv/lib/python3.10/site-packages/airflow/example_dags/example_branch_day_of_week_operator.py
[2024-06-14T16:53:24.058-0300] {processor.py:840} INFO - DAG(s) 'example_weekday_branch_operator' retrieved from /home/maira/projeto_indicium_engineering/venv/lib/python3.10/site-packages/airflow/example_dags/example_branch_day_of_week_operator.py
[2024-06-14T16:53:24.077-0300] {logging_mixin.py:188} INFO - [2024-06-14T16:53:24.077-0300] {dag.py:3096} INFO - Sync 1 DAGs
[2024-06-14T16:53:24.099-0300] {logging_mixin.py:188} INFO - [2024-06-14T16:53:24.099-0300] {dag.py:3954} INFO - Setting next_dagrun for example_weekday_branch_operator to 2024-06-13 00:00:00+00:00, run_after=2024-06-14 00:00:00+00:00
[2024-06-14T16:53:24.128-0300] {processor.py:183} INFO - Processing /home/maira/projeto_indicium_engineering/venv/lib/python3.10/site-packages/airflow/example_dags/example_branch_day_of_week_operator.py took 0.089 seconds
[2024-06-14T16:54:25.997-0300] {processor.py:161} INFO - Started process (PID=93416) to work on /home/maira/projeto_indicium_engineering/venv/lib/python3.10/site-packages/airflow/example_dags/example_branch_day_of_week_operator.py
[2024-06-14T16:54:25.998-0300] {processor.py:830} INFO - Processing file /home/maira/projeto_indicium_engineering/venv/lib/python3.10/site-packages/airflow/example_dags/example_branch_day_of_week_operator.py for tasks to queue
[2024-06-14T16:54:25.999-0300] {logging_mixin.py:188} INFO - [2024-06-14T16:54:25.999-0300] {dagbag.py:545} INFO - Filling up the DagBag from /home/maira/projeto_indicium_engineering/venv/lib/python3.10/site-packages/airflow/example_dags/example_branch_day_of_week_operator.py
[2024-06-14T16:54:26.005-0300] {processor.py:840} INFO - DAG(s) 'example_weekday_branch_operator' retrieved from /home/maira/projeto_indicium_engineering/venv/lib/python3.10/site-packages/airflow/example_dags/example_branch_day_of_week_operator.py
[2024-06-14T16:54:26.018-0300] {logging_mixin.py:188} INFO - [2024-06-14T16:54:26.018-0300] {dag.py:3096} INFO - Sync 1 DAGs
[2024-06-14T16:54:26.032-0300] {logging_mixin.py:188} INFO - [2024-06-14T16:54:26.032-0300] {dag.py:3954} INFO - Setting next_dagrun for example_weekday_branch_operator to 2024-06-13 00:00:00+00:00, run_after=2024-06-14 00:00:00+00:00
[2024-06-14T16:54:26.054-0300] {processor.py:183} INFO - Processing /home/maira/projeto_indicium_engineering/venv/lib/python3.10/site-packages/airflow/example_dags/example_branch_day_of_week_operator.py took 0.062 seconds
[2024-06-14T17:20:18.844-0300] {processor.py:161} INFO - Started process (PID=93773) to work on /home/maira/projeto_indicium_engineering/venv/lib/python3.10/site-packages/airflow/example_dags/example_branch_day_of_week_operator.py
[2024-06-14T17:20:18.846-0300] {processor.py:830} INFO - Processing file /home/maira/projeto_indicium_engineering/venv/lib/python3.10/site-packages/airflow/example_dags/example_branch_day_of_week_operator.py for tasks to queue
[2024-06-14T17:20:18.847-0300] {logging_mixin.py:188} INFO - [2024-06-14T17:20:18.847-0300] {dagbag.py:545} INFO - Filling up the DagBag from /home/maira/projeto_indicium_engineering/venv/lib/python3.10/site-packages/airflow/example_dags/example_branch_day_of_week_operator.py
[2024-06-14T17:20:18.853-0300] {processor.py:840} INFO - DAG(s) 'example_weekday_branch_operator' retrieved from /home/maira/projeto_indicium_engineering/venv/lib/python3.10/site-packages/airflow/example_dags/example_branch_day_of_week_operator.py
[2024-06-14T17:20:18.865-0300] {logging_mixin.py:188} INFO - [2024-06-14T17:20:18.865-0300] {dag.py:3096} INFO - Sync 1 DAGs
[2024-06-14T17:20:18.880-0300] {logging_mixin.py:188} INFO - [2024-06-14T17:20:18.879-0300] {dag.py:3954} INFO - Setting next_dagrun for example_weekday_branch_operator to 2024-06-13 00:00:00+00:00, run_after=2024-06-14 00:00:00+00:00
[2024-06-14T17:20:18.905-0300] {processor.py:183} INFO - Processing /home/maira/projeto_indicium_engineering/venv/lib/python3.10/site-packages/airflow/example_dags/example_branch_day_of_week_operator.py took 0.066 seconds
[2024-06-14T17:21:10.564-0300] {processor.py:161} INFO - Started process (PID=94031) to work on /home/maira/projeto_indicium_engineering/venv/lib/python3.10/site-packages/airflow/example_dags/example_branch_day_of_week_operator.py
[2024-06-14T17:21:10.565-0300] {processor.py:830} INFO - Processing file /home/maira/projeto_indicium_engineering/venv/lib/python3.10/site-packages/airflow/example_dags/example_branch_day_of_week_operator.py for tasks to queue
[2024-06-14T17:21:10.567-0300] {logging_mixin.py:188} INFO - [2024-06-14T17:21:10.566-0300] {dagbag.py:545} INFO - Filling up the DagBag from /home/maira/projeto_indicium_engineering/venv/lib/python3.10/site-packages/airflow/example_dags/example_branch_day_of_week_operator.py
[2024-06-14T17:21:10.573-0300] {processor.py:840} INFO - DAG(s) 'example_weekday_branch_operator' retrieved from /home/maira/projeto_indicium_engineering/venv/lib/python3.10/site-packages/airflow/example_dags/example_branch_day_of_week_operator.py
[2024-06-14T17:21:10.585-0300] {logging_mixin.py:188} INFO - [2024-06-14T17:21:10.585-0300] {dag.py:3096} INFO - Sync 1 DAGs
[2024-06-14T17:21:10.600-0300] {logging_mixin.py:188} INFO - [2024-06-14T17:21:10.600-0300] {dag.py:3954} INFO - Setting next_dagrun for example_weekday_branch_operator to 2024-06-13 00:00:00+00:00, run_after=2024-06-14 00:00:00+00:00
[2024-06-14T17:21:10.625-0300] {processor.py:183} INFO - Processing /home/maira/projeto_indicium_engineering/venv/lib/python3.10/site-packages/airflow/example_dags/example_branch_day_of_week_operator.py took 0.065 seconds
[2024-06-14T17:22:11.161-0300] {processor.py:161} INFO - Started process (PID=94330) to work on /home/maira/projeto_indicium_engineering/venv/lib/python3.10/site-packages/airflow/example_dags/example_branch_day_of_week_operator.py
[2024-06-14T17:22:11.163-0300] {processor.py:830} INFO - Processing file /home/maira/projeto_indicium_engineering/venv/lib/python3.10/site-packages/airflow/example_dags/example_branch_day_of_week_operator.py for tasks to queue
[2024-06-14T17:22:11.164-0300] {logging_mixin.py:188} INFO - [2024-06-14T17:22:11.164-0300] {dagbag.py:545} INFO - Filling up the DagBag from /home/maira/projeto_indicium_engineering/venv/lib/python3.10/site-packages/airflow/example_dags/example_branch_day_of_week_operator.py
[2024-06-14T17:22:11.172-0300] {processor.py:840} INFO - DAG(s) 'example_weekday_branch_operator' retrieved from /home/maira/projeto_indicium_engineering/venv/lib/python3.10/site-packages/airflow/example_dags/example_branch_day_of_week_operator.py
[2024-06-14T17:22:11.185-0300] {logging_mixin.py:188} INFO - [2024-06-14T17:22:11.184-0300] {dag.py:3096} INFO - Sync 1 DAGs
[2024-06-14T17:22:11.199-0300] {logging_mixin.py:188} INFO - [2024-06-14T17:22:11.199-0300] {dag.py:3954} INFO - Setting next_dagrun for example_weekday_branch_operator to 2024-06-13 00:00:00+00:00, run_after=2024-06-14 00:00:00+00:00
[2024-06-14T17:22:11.222-0300] {processor.py:183} INFO - Processing /home/maira/projeto_indicium_engineering/venv/lib/python3.10/site-packages/airflow/example_dags/example_branch_day_of_week_operator.py took 0.066 seconds
[2024-06-14T17:23:11.989-0300] {processor.py:161} INFO - Started process (PID=94632) to work on /home/maira/projeto_indicium_engineering/venv/lib/python3.10/site-packages/airflow/example_dags/example_branch_day_of_week_operator.py
[2024-06-14T17:23:11.990-0300] {processor.py:830} INFO - Processing file /home/maira/projeto_indicium_engineering/venv/lib/python3.10/site-packages/airflow/example_dags/example_branch_day_of_week_operator.py for tasks to queue
[2024-06-14T17:23:11.992-0300] {logging_mixin.py:188} INFO - [2024-06-14T17:23:11.991-0300] {dagbag.py:545} INFO - Filling up the DagBag from /home/maira/projeto_indicium_engineering/venv/lib/python3.10/site-packages/airflow/example_dags/example_branch_day_of_week_operator.py
[2024-06-14T17:23:11.999-0300] {processor.py:840} INFO - DAG(s) 'example_weekday_branch_operator' retrieved from /home/maira/projeto_indicium_engineering/venv/lib/python3.10/site-packages/airflow/example_dags/example_branch_day_of_week_operator.py
[2024-06-14T17:23:12.011-0300] {logging_mixin.py:188} INFO - [2024-06-14T17:23:12.011-0300] {dag.py:3096} INFO - Sync 1 DAGs
[2024-06-14T17:23:12.027-0300] {logging_mixin.py:188} INFO - [2024-06-14T17:23:12.027-0300] {dag.py:3954} INFO - Setting next_dagrun for example_weekday_branch_operator to 2024-06-13 00:00:00+00:00, run_after=2024-06-14 00:00:00+00:00
[2024-06-14T17:23:12.048-0300] {processor.py:183} INFO - Processing /home/maira/projeto_indicium_engineering/venv/lib/python3.10/site-packages/airflow/example_dags/example_branch_day_of_week_operator.py took 0.065 seconds
[2024-06-14T17:24:13.670-0300] {processor.py:161} INFO - Started process (PID=94937) to work on /home/maira/projeto_indicium_engineering/venv/lib/python3.10/site-packages/airflow/example_dags/example_branch_day_of_week_operator.py
[2024-06-14T17:24:13.672-0300] {processor.py:830} INFO - Processing file /home/maira/projeto_indicium_engineering/venv/lib/python3.10/site-packages/airflow/example_dags/example_branch_day_of_week_operator.py for tasks to queue
[2024-06-14T17:24:13.674-0300] {logging_mixin.py:188} INFO - [2024-06-14T17:24:13.673-0300] {dagbag.py:545} INFO - Filling up the DagBag from /home/maira/projeto_indicium_engineering/venv/lib/python3.10/site-packages/airflow/example_dags/example_branch_day_of_week_operator.py
[2024-06-14T17:24:13.680-0300] {processor.py:840} INFO - DAG(s) 'example_weekday_branch_operator' retrieved from /home/maira/projeto_indicium_engineering/venv/lib/python3.10/site-packages/airflow/example_dags/example_branch_day_of_week_operator.py
[2024-06-14T17:24:13.692-0300] {logging_mixin.py:188} INFO - [2024-06-14T17:24:13.692-0300] {dag.py:3096} INFO - Sync 1 DAGs
[2024-06-14T17:24:13.707-0300] {logging_mixin.py:188} INFO - [2024-06-14T17:24:13.707-0300] {dag.py:3954} INFO - Setting next_dagrun for example_weekday_branch_operator to 2024-06-13 00:00:00+00:00, run_after=2024-06-14 00:00:00+00:00
[2024-06-14T17:24:13.729-0300] {processor.py:183} INFO - Processing /home/maira/projeto_indicium_engineering/venv/lib/python3.10/site-packages/airflow/example_dags/example_branch_day_of_week_operator.py took 0.063 seconds
[2024-06-14T17:25:25.245-0300] {processor.py:161} INFO - Started process (PID=95288) to work on /home/maira/projeto_indicium_engineering/venv/lib/python3.10/site-packages/airflow/example_dags/example_branch_day_of_week_operator.py
[2024-06-14T17:25:25.247-0300] {processor.py:830} INFO - Processing file /home/maira/projeto_indicium_engineering/venv/lib/python3.10/site-packages/airflow/example_dags/example_branch_day_of_week_operator.py for tasks to queue
[2024-06-14T17:25:25.248-0300] {logging_mixin.py:188} INFO - [2024-06-14T17:25:25.248-0300] {dagbag.py:545} INFO - Filling up the DagBag from /home/maira/projeto_indicium_engineering/venv/lib/python3.10/site-packages/airflow/example_dags/example_branch_day_of_week_operator.py
[2024-06-14T17:25:25.256-0300] {processor.py:840} INFO - DAG(s) 'example_weekday_branch_operator' retrieved from /home/maira/projeto_indicium_engineering/venv/lib/python3.10/site-packages/airflow/example_dags/example_branch_day_of_week_operator.py
[2024-06-14T17:25:25.272-0300] {logging_mixin.py:188} INFO - [2024-06-14T17:25:25.272-0300] {dag.py:3096} INFO - Sync 1 DAGs
[2024-06-14T17:25:25.293-0300] {logging_mixin.py:188} INFO - [2024-06-14T17:25:25.293-0300] {dag.py:3954} INFO - Setting next_dagrun for example_weekday_branch_operator to 2024-06-13 00:00:00+00:00, run_after=2024-06-14 00:00:00+00:00
[2024-06-14T17:25:25.321-0300] {processor.py:183} INFO - Processing /home/maira/projeto_indicium_engineering/venv/lib/python3.10/site-packages/airflow/example_dags/example_branch_day_of_week_operator.py took 0.080 seconds
[2024-06-14T17:26:23.262-0300] {processor.py:161} INFO - Started process (PID=95576) to work on /home/maira/projeto_indicium_engineering/venv/lib/python3.10/site-packages/airflow/example_dags/example_branch_day_of_week_operator.py
[2024-06-14T17:26:23.268-0300] {processor.py:830} INFO - Processing file /home/maira/projeto_indicium_engineering/venv/lib/python3.10/site-packages/airflow/example_dags/example_branch_day_of_week_operator.py for tasks to queue
[2024-06-14T17:26:23.270-0300] {logging_mixin.py:188} INFO - [2024-06-14T17:26:23.269-0300] {dagbag.py:545} INFO - Filling up the DagBag from /home/maira/projeto_indicium_engineering/venv/lib/python3.10/site-packages/airflow/example_dags/example_branch_day_of_week_operator.py
[2024-06-14T17:26:23.275-0300] {processor.py:840} INFO - DAG(s) 'example_weekday_branch_operator' retrieved from /home/maira/projeto_indicium_engineering/venv/lib/python3.10/site-packages/airflow/example_dags/example_branch_day_of_week_operator.py
[2024-06-14T17:26:23.287-0300] {logging_mixin.py:188} INFO - [2024-06-14T17:26:23.287-0300] {dag.py:3096} INFO - Sync 1 DAGs
[2024-06-14T17:26:23.302-0300] {logging_mixin.py:188} INFO - [2024-06-14T17:26:23.301-0300] {dag.py:3954} INFO - Setting next_dagrun for example_weekday_branch_operator to 2024-06-13 00:00:00+00:00, run_after=2024-06-14 00:00:00+00:00
[2024-06-14T17:26:23.324-0300] {processor.py:183} INFO - Processing /home/maira/projeto_indicium_engineering/venv/lib/python3.10/site-packages/airflow/example_dags/example_branch_day_of_week_operator.py took 0.066 seconds
[2024-06-14T17:27:22.608-0300] {processor.py:161} INFO - Started process (PID=95869) to work on /home/maira/projeto_indicium_engineering/venv/lib/python3.10/site-packages/airflow/example_dags/example_branch_day_of_week_operator.py
[2024-06-14T17:27:22.610-0300] {processor.py:830} INFO - Processing file /home/maira/projeto_indicium_engineering/venv/lib/python3.10/site-packages/airflow/example_dags/example_branch_day_of_week_operator.py for tasks to queue
[2024-06-14T17:27:22.611-0300] {logging_mixin.py:188} INFO - [2024-06-14T17:27:22.611-0300] {dagbag.py:545} INFO - Filling up the DagBag from /home/maira/projeto_indicium_engineering/venv/lib/python3.10/site-packages/airflow/example_dags/example_branch_day_of_week_operator.py
[2024-06-14T17:27:22.617-0300] {processor.py:840} INFO - DAG(s) 'example_weekday_branch_operator' retrieved from /home/maira/projeto_indicium_engineering/venv/lib/python3.10/site-packages/airflow/example_dags/example_branch_day_of_week_operator.py
[2024-06-14T17:27:22.629-0300] {logging_mixin.py:188} INFO - [2024-06-14T17:27:22.629-0300] {dag.py:3096} INFO - Sync 1 DAGs
[2024-06-14T17:27:22.643-0300] {logging_mixin.py:188} INFO - [2024-06-14T17:27:22.643-0300] {dag.py:3954} INFO - Setting next_dagrun for example_weekday_branch_operator to 2024-06-13 00:00:00+00:00, run_after=2024-06-14 00:00:00+00:00
[2024-06-14T17:27:22.665-0300] {processor.py:183} INFO - Processing /home/maira/projeto_indicium_engineering/venv/lib/python3.10/site-packages/airflow/example_dags/example_branch_day_of_week_operator.py took 0.062 seconds
[2024-06-14T17:28:22.900-0300] {processor.py:161} INFO - Started process (PID=96167) to work on /home/maira/projeto_indicium_engineering/venv/lib/python3.10/site-packages/airflow/example_dags/example_branch_day_of_week_operator.py
[2024-06-14T17:28:22.902-0300] {processor.py:830} INFO - Processing file /home/maira/projeto_indicium_engineering/venv/lib/python3.10/site-packages/airflow/example_dags/example_branch_day_of_week_operator.py for tasks to queue
[2024-06-14T17:28:22.904-0300] {logging_mixin.py:188} INFO - [2024-06-14T17:28:22.903-0300] {dagbag.py:545} INFO - Filling up the DagBag from /home/maira/projeto_indicium_engineering/venv/lib/python3.10/site-packages/airflow/example_dags/example_branch_day_of_week_operator.py
[2024-06-14T17:28:22.911-0300] {processor.py:840} INFO - DAG(s) 'example_weekday_branch_operator' retrieved from /home/maira/projeto_indicium_engineering/venv/lib/python3.10/site-packages/airflow/example_dags/example_branch_day_of_week_operator.py
[2024-06-14T17:28:22.923-0300] {logging_mixin.py:188} INFO - [2024-06-14T17:28:22.923-0300] {dag.py:3096} INFO - Sync 1 DAGs
[2024-06-14T17:28:22.938-0300] {logging_mixin.py:188} INFO - [2024-06-14T17:28:22.938-0300] {dag.py:3954} INFO - Setting next_dagrun for example_weekday_branch_operator to 2024-06-13 00:00:00+00:00, run_after=2024-06-14 00:00:00+00:00
[2024-06-14T17:28:22.961-0300] {processor.py:183} INFO - Processing /home/maira/projeto_indicium_engineering/venv/lib/python3.10/site-packages/airflow/example_dags/example_branch_day_of_week_operator.py took 0.066 seconds
[2024-06-14T17:29:16.746-0300] {processor.py:161} INFO - Started process (PID=96437) to work on /home/maira/projeto_indicium_engineering/venv/lib/python3.10/site-packages/airflow/example_dags/example_branch_day_of_week_operator.py
[2024-06-14T17:29:16.749-0300] {processor.py:830} INFO - Processing file /home/maira/projeto_indicium_engineering/venv/lib/python3.10/site-packages/airflow/example_dags/example_branch_day_of_week_operator.py for tasks to queue
[2024-06-14T17:29:16.750-0300] {logging_mixin.py:188} INFO - [2024-06-14T17:29:16.750-0300] {dagbag.py:545} INFO - Filling up the DagBag from /home/maira/projeto_indicium_engineering/venv/lib/python3.10/site-packages/airflow/example_dags/example_branch_day_of_week_operator.py
[2024-06-14T17:29:16.757-0300] {processor.py:840} INFO - DAG(s) 'example_weekday_branch_operator' retrieved from /home/maira/projeto_indicium_engineering/venv/lib/python3.10/site-packages/airflow/example_dags/example_branch_day_of_week_operator.py
[2024-06-14T17:29:16.769-0300] {logging_mixin.py:188} INFO - [2024-06-14T17:29:16.769-0300] {dag.py:3096} INFO - Sync 1 DAGs
[2024-06-14T17:29:16.784-0300] {logging_mixin.py:188} INFO - [2024-06-14T17:29:16.783-0300] {dag.py:3954} INFO - Setting next_dagrun for example_weekday_branch_operator to 2024-06-13 00:00:00+00:00, run_after=2024-06-14 00:00:00+00:00
[2024-06-14T17:29:16.808-0300] {processor.py:183} INFO - Processing /home/maira/projeto_indicium_engineering/venv/lib/python3.10/site-packages/airflow/example_dags/example_branch_day_of_week_operator.py took 0.066 seconds
[2024-06-14T17:30:17.850-0300] {processor.py:161} INFO - Started process (PID=96739) to work on /home/maira/projeto_indicium_engineering/venv/lib/python3.10/site-packages/airflow/example_dags/example_branch_day_of_week_operator.py
[2024-06-14T17:30:17.855-0300] {processor.py:830} INFO - Processing file /home/maira/projeto_indicium_engineering/venv/lib/python3.10/site-packages/airflow/example_dags/example_branch_day_of_week_operator.py for tasks to queue
[2024-06-14T17:30:17.857-0300] {logging_mixin.py:188} INFO - [2024-06-14T17:30:17.857-0300] {dagbag.py:545} INFO - Filling up the DagBag from /home/maira/projeto_indicium_engineering/venv/lib/python3.10/site-packages/airflow/example_dags/example_branch_day_of_week_operator.py
[2024-06-14T17:30:17.863-0300] {processor.py:840} INFO - DAG(s) 'example_weekday_branch_operator' retrieved from /home/maira/projeto_indicium_engineering/venv/lib/python3.10/site-packages/airflow/example_dags/example_branch_day_of_week_operator.py
[2024-06-14T17:30:17.875-0300] {logging_mixin.py:188} INFO - [2024-06-14T17:30:17.875-0300] {dag.py:3096} INFO - Sync 1 DAGs
[2024-06-14T17:30:17.890-0300] {logging_mixin.py:188} INFO - [2024-06-14T17:30:17.890-0300] {dag.py:3954} INFO - Setting next_dagrun for example_weekday_branch_operator to 2024-06-13 00:00:00+00:00, run_after=2024-06-14 00:00:00+00:00
[2024-06-14T17:30:17.913-0300] {processor.py:183} INFO - Processing /home/maira/projeto_indicium_engineering/venv/lib/python3.10/site-packages/airflow/example_dags/example_branch_day_of_week_operator.py took 0.068 seconds
[2024-06-14T17:31:17.726-0300] {processor.py:161} INFO - Started process (PID=97036) to work on /home/maira/projeto_indicium_engineering/venv/lib/python3.10/site-packages/airflow/example_dags/example_branch_day_of_week_operator.py
[2024-06-14T17:31:17.729-0300] {processor.py:830} INFO - Processing file /home/maira/projeto_indicium_engineering/venv/lib/python3.10/site-packages/airflow/example_dags/example_branch_day_of_week_operator.py for tasks to queue
[2024-06-14T17:31:17.733-0300] {logging_mixin.py:188} INFO - [2024-06-14T17:31:17.732-0300] {dagbag.py:545} INFO - Filling up the DagBag from /home/maira/projeto_indicium_engineering/venv/lib/python3.10/site-packages/airflow/example_dags/example_branch_day_of_week_operator.py
[2024-06-14T17:31:17.745-0300] {processor.py:840} INFO - DAG(s) 'example_weekday_branch_operator' retrieved from /home/maira/projeto_indicium_engineering/venv/lib/python3.10/site-packages/airflow/example_dags/example_branch_day_of_week_operator.py
[2024-06-14T17:31:17.770-0300] {logging_mixin.py:188} INFO - [2024-06-14T17:31:17.769-0300] {dag.py:3096} INFO - Sync 1 DAGs
[2024-06-14T17:31:17.804-0300] {logging_mixin.py:188} INFO - [2024-06-14T17:31:17.804-0300] {dag.py:3954} INFO - Setting next_dagrun for example_weekday_branch_operator to 2024-06-13 00:00:00+00:00, run_after=2024-06-14 00:00:00+00:00
[2024-06-14T17:31:17.910-0300] {processor.py:183} INFO - Processing /home/maira/projeto_indicium_engineering/venv/lib/python3.10/site-packages/airflow/example_dags/example_branch_day_of_week_operator.py took 0.194 seconds
[2024-06-14T17:32:25.625-0300] {processor.py:161} INFO - Started process (PID=97369) to work on /home/maira/projeto_indicium_engineering/venv/lib/python3.10/site-packages/airflow/example_dags/example_branch_day_of_week_operator.py
[2024-06-14T17:32:25.626-0300] {processor.py:830} INFO - Processing file /home/maira/projeto_indicium_engineering/venv/lib/python3.10/site-packages/airflow/example_dags/example_branch_day_of_week_operator.py for tasks to queue
[2024-06-14T17:32:25.628-0300] {logging_mixin.py:188} INFO - [2024-06-14T17:32:25.627-0300] {dagbag.py:545} INFO - Filling up the DagBag from /home/maira/projeto_indicium_engineering/venv/lib/python3.10/site-packages/airflow/example_dags/example_branch_day_of_week_operator.py
[2024-06-14T17:32:25.635-0300] {processor.py:840} INFO - DAG(s) 'example_weekday_branch_operator' retrieved from /home/maira/projeto_indicium_engineering/venv/lib/python3.10/site-packages/airflow/example_dags/example_branch_day_of_week_operator.py
[2024-06-14T17:32:25.648-0300] {logging_mixin.py:188} INFO - [2024-06-14T17:32:25.648-0300] {dag.py:3096} INFO - Sync 1 DAGs
[2024-06-14T17:32:25.664-0300] {logging_mixin.py:188} INFO - [2024-06-14T17:32:25.664-0300] {dag.py:3954} INFO - Setting next_dagrun for example_weekday_branch_operator to 2024-06-13 00:00:00+00:00, run_after=2024-06-14 00:00:00+00:00
[2024-06-14T17:32:25.812-0300] {processor.py:183} INFO - Processing /home/maira/projeto_indicium_engineering/venv/lib/python3.10/site-packages/airflow/example_dags/example_branch_day_of_week_operator.py took 0.194 seconds
[2024-06-14T17:33:29.525-0300] {processor.py:161} INFO - Started process (PID=97684) to work on /home/maira/projeto_indicium_engineering/venv/lib/python3.10/site-packages/airflow/example_dags/example_branch_day_of_week_operator.py
[2024-06-14T17:33:29.527-0300] {processor.py:830} INFO - Processing file /home/maira/projeto_indicium_engineering/venv/lib/python3.10/site-packages/airflow/example_dags/example_branch_day_of_week_operator.py for tasks to queue
[2024-06-14T17:33:29.529-0300] {logging_mixin.py:188} INFO - [2024-06-14T17:33:29.529-0300] {dagbag.py:545} INFO - Filling up the DagBag from /home/maira/projeto_indicium_engineering/venv/lib/python3.10/site-packages/airflow/example_dags/example_branch_day_of_week_operator.py
[2024-06-14T17:33:29.534-0300] {processor.py:840} INFO - DAG(s) 'example_weekday_branch_operator' retrieved from /home/maira/projeto_indicium_engineering/venv/lib/python3.10/site-packages/airflow/example_dags/example_branch_day_of_week_operator.py
[2024-06-14T17:33:29.547-0300] {logging_mixin.py:188} INFO - [2024-06-14T17:33:29.547-0300] {dag.py:3096} INFO - Sync 1 DAGs
[2024-06-14T17:33:29.560-0300] {logging_mixin.py:188} INFO - [2024-06-14T17:33:29.560-0300] {dag.py:3954} INFO - Setting next_dagrun for example_weekday_branch_operator to 2024-06-13 00:00:00+00:00, run_after=2024-06-14 00:00:00+00:00
[2024-06-14T17:33:29.584-0300] {processor.py:183} INFO - Processing /home/maira/projeto_indicium_engineering/venv/lib/python3.10/site-packages/airflow/example_dags/example_branch_day_of_week_operator.py took 0.064 seconds
[2024-06-14T17:34:25.514-0300] {processor.py:161} INFO - Started process (PID=97963) to work on /home/maira/projeto_indicium_engineering/venv/lib/python3.10/site-packages/airflow/example_dags/example_branch_day_of_week_operator.py
[2024-06-14T17:34:25.516-0300] {processor.py:830} INFO - Processing file /home/maira/projeto_indicium_engineering/venv/lib/python3.10/site-packages/airflow/example_dags/example_branch_day_of_week_operator.py for tasks to queue
[2024-06-14T17:34:25.517-0300] {logging_mixin.py:188} INFO - [2024-06-14T17:34:25.517-0300] {dagbag.py:545} INFO - Filling up the DagBag from /home/maira/projeto_indicium_engineering/venv/lib/python3.10/site-packages/airflow/example_dags/example_branch_day_of_week_operator.py
[2024-06-14T17:34:25.524-0300] {processor.py:840} INFO - DAG(s) 'example_weekday_branch_operator' retrieved from /home/maira/projeto_indicium_engineering/venv/lib/python3.10/site-packages/airflow/example_dags/example_branch_day_of_week_operator.py
[2024-06-14T17:34:25.537-0300] {logging_mixin.py:188} INFO - [2024-06-14T17:34:25.536-0300] {dag.py:3096} INFO - Sync 1 DAGs
[2024-06-14T17:34:25.551-0300] {logging_mixin.py:188} INFO - [2024-06-14T17:34:25.551-0300] {dag.py:3954} INFO - Setting next_dagrun for example_weekday_branch_operator to 2024-06-13 00:00:00+00:00, run_after=2024-06-14 00:00:00+00:00
[2024-06-14T17:34:25.573-0300] {processor.py:183} INFO - Processing /home/maira/projeto_indicium_engineering/venv/lib/python3.10/site-packages/airflow/example_dags/example_branch_day_of_week_operator.py took 0.063 seconds
[2024-06-14T17:35:23.149-0300] {processor.py:161} INFO - Started process (PID=98252) to work on /home/maira/projeto_indicium_engineering/venv/lib/python3.10/site-packages/airflow/example_dags/example_branch_day_of_week_operator.py
[2024-06-14T17:35:23.151-0300] {processor.py:830} INFO - Processing file /home/maira/projeto_indicium_engineering/venv/lib/python3.10/site-packages/airflow/example_dags/example_branch_day_of_week_operator.py for tasks to queue
[2024-06-14T17:35:23.153-0300] {logging_mixin.py:188} INFO - [2024-06-14T17:35:23.152-0300] {dagbag.py:545} INFO - Filling up the DagBag from /home/maira/projeto_indicium_engineering/venv/lib/python3.10/site-packages/airflow/example_dags/example_branch_day_of_week_operator.py
[2024-06-14T17:35:23.158-0300] {processor.py:840} INFO - DAG(s) 'example_weekday_branch_operator' retrieved from /home/maira/projeto_indicium_engineering/venv/lib/python3.10/site-packages/airflow/example_dags/example_branch_day_of_week_operator.py
[2024-06-14T17:35:23.171-0300] {logging_mixin.py:188} INFO - [2024-06-14T17:35:23.171-0300] {dag.py:3096} INFO - Sync 1 DAGs
[2024-06-14T17:35:23.188-0300] {logging_mixin.py:188} INFO - [2024-06-14T17:35:23.188-0300] {dag.py:3954} INFO - Setting next_dagrun for example_weekday_branch_operator to 2024-06-13 00:00:00+00:00, run_after=2024-06-14 00:00:00+00:00
[2024-06-14T17:35:23.210-0300] {processor.py:183} INFO - Processing /home/maira/projeto_indicium_engineering/venv/lib/python3.10/site-packages/airflow/example_dags/example_branch_day_of_week_operator.py took 0.065 seconds
[2024-06-14T17:36:26.141-0300] {processor.py:161} INFO - Started process (PID=98563) to work on /home/maira/projeto_indicium_engineering/venv/lib/python3.10/site-packages/airflow/example_dags/example_branch_day_of_week_operator.py
[2024-06-14T17:36:26.143-0300] {processor.py:830} INFO - Processing file /home/maira/projeto_indicium_engineering/venv/lib/python3.10/site-packages/airflow/example_dags/example_branch_day_of_week_operator.py for tasks to queue
[2024-06-14T17:36:26.145-0300] {logging_mixin.py:188} INFO - [2024-06-14T17:36:26.144-0300] {dagbag.py:545} INFO - Filling up the DagBag from /home/maira/projeto_indicium_engineering/venv/lib/python3.10/site-packages/airflow/example_dags/example_branch_day_of_week_operator.py
[2024-06-14T17:36:26.151-0300] {processor.py:840} INFO - DAG(s) 'example_weekday_branch_operator' retrieved from /home/maira/projeto_indicium_engineering/venv/lib/python3.10/site-packages/airflow/example_dags/example_branch_day_of_week_operator.py
[2024-06-14T17:36:26.164-0300] {logging_mixin.py:188} INFO - [2024-06-14T17:36:26.163-0300] {dag.py:3096} INFO - Sync 1 DAGs
[2024-06-14T17:36:26.178-0300] {logging_mixin.py:188} INFO - [2024-06-14T17:36:26.178-0300] {dag.py:3954} INFO - Setting next_dagrun for example_weekday_branch_operator to 2024-06-13 00:00:00+00:00, run_after=2024-06-14 00:00:00+00:00
[2024-06-14T17:36:26.205-0300] {processor.py:183} INFO - Processing /home/maira/projeto_indicium_engineering/venv/lib/python3.10/site-packages/airflow/example_dags/example_branch_day_of_week_operator.py took 0.069 seconds
[2024-06-14T17:37:28.197-0300] {processor.py:161} INFO - Started process (PID=98870) to work on /home/maira/projeto_indicium_engineering/venv/lib/python3.10/site-packages/airflow/example_dags/example_branch_day_of_week_operator.py
[2024-06-14T17:37:28.199-0300] {processor.py:830} INFO - Processing file /home/maira/projeto_indicium_engineering/venv/lib/python3.10/site-packages/airflow/example_dags/example_branch_day_of_week_operator.py for tasks to queue
[2024-06-14T17:37:28.200-0300] {logging_mixin.py:188} INFO - [2024-06-14T17:37:28.200-0300] {dagbag.py:545} INFO - Filling up the DagBag from /home/maira/projeto_indicium_engineering/venv/lib/python3.10/site-packages/airflow/example_dags/example_branch_day_of_week_operator.py
[2024-06-14T17:37:28.206-0300] {processor.py:840} INFO - DAG(s) 'example_weekday_branch_operator' retrieved from /home/maira/projeto_indicium_engineering/venv/lib/python3.10/site-packages/airflow/example_dags/example_branch_day_of_week_operator.py
[2024-06-14T17:37:28.220-0300] {logging_mixin.py:188} INFO - [2024-06-14T17:37:28.220-0300] {dag.py:3096} INFO - Sync 1 DAGs
[2024-06-14T17:37:28.235-0300] {logging_mixin.py:188} INFO - [2024-06-14T17:37:28.235-0300] {dag.py:3954} INFO - Setting next_dagrun for example_weekday_branch_operator to 2024-06-13 00:00:00+00:00, run_after=2024-06-14 00:00:00+00:00
[2024-06-14T17:37:28.262-0300] {processor.py:183} INFO - Processing /home/maira/projeto_indicium_engineering/venv/lib/python3.10/site-packages/airflow/example_dags/example_branch_day_of_week_operator.py took 0.069 seconds
[2024-06-14T17:38:26.620-0300] {processor.py:161} INFO - Started process (PID=99160) to work on /home/maira/projeto_indicium_engineering/venv/lib/python3.10/site-packages/airflow/example_dags/example_branch_day_of_week_operator.py
[2024-06-14T17:38:26.621-0300] {processor.py:830} INFO - Processing file /home/maira/projeto_indicium_engineering/venv/lib/python3.10/site-packages/airflow/example_dags/example_branch_day_of_week_operator.py for tasks to queue
[2024-06-14T17:38:26.623-0300] {logging_mixin.py:188} INFO - [2024-06-14T17:38:26.622-0300] {dagbag.py:545} INFO - Filling up the DagBag from /home/maira/projeto_indicium_engineering/venv/lib/python3.10/site-packages/airflow/example_dags/example_branch_day_of_week_operator.py
[2024-06-14T17:38:26.632-0300] {processor.py:840} INFO - DAG(s) 'example_weekday_branch_operator' retrieved from /home/maira/projeto_indicium_engineering/venv/lib/python3.10/site-packages/airflow/example_dags/example_branch_day_of_week_operator.py
[2024-06-14T17:38:26.644-0300] {logging_mixin.py:188} INFO - [2024-06-14T17:38:26.644-0300] {dag.py:3096} INFO - Sync 1 DAGs
[2024-06-14T17:38:26.659-0300] {logging_mixin.py:188} INFO - [2024-06-14T17:38:26.658-0300] {dag.py:3954} INFO - Setting next_dagrun for example_weekday_branch_operator to 2024-06-13 00:00:00+00:00, run_after=2024-06-14 00:00:00+00:00
[2024-06-14T17:38:26.683-0300] {processor.py:183} INFO - Processing /home/maira/projeto_indicium_engineering/venv/lib/python3.10/site-packages/airflow/example_dags/example_branch_day_of_week_operator.py took 0.068 seconds
[2024-06-14T17:39:24.857-0300] {processor.py:161} INFO - Started process (PID=99449) to work on /home/maira/projeto_indicium_engineering/venv/lib/python3.10/site-packages/airflow/example_dags/example_branch_day_of_week_operator.py
[2024-06-14T17:39:24.861-0300] {processor.py:830} INFO - Processing file /home/maira/projeto_indicium_engineering/venv/lib/python3.10/site-packages/airflow/example_dags/example_branch_day_of_week_operator.py for tasks to queue
[2024-06-14T17:39:24.863-0300] {logging_mixin.py:188} INFO - [2024-06-14T17:39:24.863-0300] {dagbag.py:545} INFO - Filling up the DagBag from /home/maira/projeto_indicium_engineering/venv/lib/python3.10/site-packages/airflow/example_dags/example_branch_day_of_week_operator.py
[2024-06-14T17:39:24.869-0300] {processor.py:840} INFO - DAG(s) 'example_weekday_branch_operator' retrieved from /home/maira/projeto_indicium_engineering/venv/lib/python3.10/site-packages/airflow/example_dags/example_branch_day_of_week_operator.py
[2024-06-14T17:39:24.882-0300] {logging_mixin.py:188} INFO - [2024-06-14T17:39:24.881-0300] {dag.py:3096} INFO - Sync 1 DAGs
[2024-06-14T17:39:24.897-0300] {logging_mixin.py:188} INFO - [2024-06-14T17:39:24.896-0300] {dag.py:3954} INFO - Setting next_dagrun for example_weekday_branch_operator to 2024-06-13 00:00:00+00:00, run_after=2024-06-14 00:00:00+00:00
[2024-06-14T17:39:24.921-0300] {processor.py:183} INFO - Processing /home/maira/projeto_indicium_engineering/venv/lib/python3.10/site-packages/airflow/example_dags/example_branch_day_of_week_operator.py took 0.069 seconds
[2024-06-14T17:40:25.017-0300] {processor.py:161} INFO - Started process (PID=99748) to work on /home/maira/projeto_indicium_engineering/venv/lib/python3.10/site-packages/airflow/example_dags/example_branch_day_of_week_operator.py
[2024-06-14T17:40:25.019-0300] {processor.py:830} INFO - Processing file /home/maira/projeto_indicium_engineering/venv/lib/python3.10/site-packages/airflow/example_dags/example_branch_day_of_week_operator.py for tasks to queue
[2024-06-14T17:40:25.021-0300] {logging_mixin.py:188} INFO - [2024-06-14T17:40:25.021-0300] {dagbag.py:545} INFO - Filling up the DagBag from /home/maira/projeto_indicium_engineering/venv/lib/python3.10/site-packages/airflow/example_dags/example_branch_day_of_week_operator.py
[2024-06-14T17:40:25.026-0300] {processor.py:840} INFO - DAG(s) 'example_weekday_branch_operator' retrieved from /home/maira/projeto_indicium_engineering/venv/lib/python3.10/site-packages/airflow/example_dags/example_branch_day_of_week_operator.py
[2024-06-14T17:40:25.038-0300] {logging_mixin.py:188} INFO - [2024-06-14T17:40:25.038-0300] {dag.py:3096} INFO - Sync 1 DAGs
[2024-06-14T17:40:25.053-0300] {logging_mixin.py:188} INFO - [2024-06-14T17:40:25.053-0300] {dag.py:3954} INFO - Setting next_dagrun for example_weekday_branch_operator to 2024-06-13 00:00:00+00:00, run_after=2024-06-14 00:00:00+00:00
[2024-06-14T17:40:25.075-0300] {processor.py:183} INFO - Processing /home/maira/projeto_indicium_engineering/venv/lib/python3.10/site-packages/airflow/example_dags/example_branch_day_of_week_operator.py took 0.063 seconds
[2024-06-14T17:41:28.577-0300] {processor.py:161} INFO - Started process (PID=100060) to work on /home/maira/projeto_indicium_engineering/venv/lib/python3.10/site-packages/airflow/example_dags/example_branch_day_of_week_operator.py
[2024-06-14T17:41:28.578-0300] {processor.py:830} INFO - Processing file /home/maira/projeto_indicium_engineering/venv/lib/python3.10/site-packages/airflow/example_dags/example_branch_day_of_week_operator.py for tasks to queue
[2024-06-14T17:41:28.580-0300] {logging_mixin.py:188} INFO - [2024-06-14T17:41:28.579-0300] {dagbag.py:545} INFO - Filling up the DagBag from /home/maira/projeto_indicium_engineering/venv/lib/python3.10/site-packages/airflow/example_dags/example_branch_day_of_week_operator.py
[2024-06-14T17:41:28.587-0300] {processor.py:840} INFO - DAG(s) 'example_weekday_branch_operator' retrieved from /home/maira/projeto_indicium_engineering/venv/lib/python3.10/site-packages/airflow/example_dags/example_branch_day_of_week_operator.py
[2024-06-14T17:41:28.600-0300] {logging_mixin.py:188} INFO - [2024-06-14T17:41:28.600-0300] {dag.py:3096} INFO - Sync 1 DAGs
[2024-06-14T17:41:28.616-0300] {logging_mixin.py:188} INFO - [2024-06-14T17:41:28.616-0300] {dag.py:3954} INFO - Setting next_dagrun for example_weekday_branch_operator to 2024-06-13 00:00:00+00:00, run_after=2024-06-14 00:00:00+00:00
[2024-06-14T17:41:28.639-0300] {processor.py:183} INFO - Processing /home/maira/projeto_indicium_engineering/venv/lib/python3.10/site-packages/airflow/example_dags/example_branch_day_of_week_operator.py took 0.067 seconds
[2024-06-14T17:42:28.242-0300] {processor.py:161} INFO - Started process (PID=100357) to work on /home/maira/projeto_indicium_engineering/venv/lib/python3.10/site-packages/airflow/example_dags/example_branch_day_of_week_operator.py
[2024-06-14T17:42:28.244-0300] {processor.py:830} INFO - Processing file /home/maira/projeto_indicium_engineering/venv/lib/python3.10/site-packages/airflow/example_dags/example_branch_day_of_week_operator.py for tasks to queue
[2024-06-14T17:42:28.245-0300] {logging_mixin.py:188} INFO - [2024-06-14T17:42:28.245-0300] {dagbag.py:545} INFO - Filling up the DagBag from /home/maira/projeto_indicium_engineering/venv/lib/python3.10/site-packages/airflow/example_dags/example_branch_day_of_week_operator.py
[2024-06-14T17:42:28.251-0300] {processor.py:840} INFO - DAG(s) 'example_weekday_branch_operator' retrieved from /home/maira/projeto_indicium_engineering/venv/lib/python3.10/site-packages/airflow/example_dags/example_branch_day_of_week_operator.py
[2024-06-14T17:42:28.263-0300] {logging_mixin.py:188} INFO - [2024-06-14T17:42:28.263-0300] {dag.py:3096} INFO - Sync 1 DAGs
[2024-06-14T17:42:28.277-0300] {logging_mixin.py:188} INFO - [2024-06-14T17:42:28.277-0300] {dag.py:3954} INFO - Setting next_dagrun for example_weekday_branch_operator to 2024-06-13 00:00:00+00:00, run_after=2024-06-14 00:00:00+00:00
[2024-06-14T17:42:28.303-0300] {processor.py:183} INFO - Processing /home/maira/projeto_indicium_engineering/venv/lib/python3.10/site-packages/airflow/example_dags/example_branch_day_of_week_operator.py took 0.065 seconds
[2024-06-14T17:43:27.210-0300] {processor.py:161} INFO - Started process (PID=100650) to work on /home/maira/projeto_indicium_engineering/venv/lib/python3.10/site-packages/airflow/example_dags/example_branch_day_of_week_operator.py
[2024-06-14T17:43:27.211-0300] {processor.py:830} INFO - Processing file /home/maira/projeto_indicium_engineering/venv/lib/python3.10/site-packages/airflow/example_dags/example_branch_day_of_week_operator.py for tasks to queue
[2024-06-14T17:43:27.212-0300] {logging_mixin.py:188} INFO - [2024-06-14T17:43:27.212-0300] {dagbag.py:545} INFO - Filling up the DagBag from /home/maira/projeto_indicium_engineering/venv/lib/python3.10/site-packages/airflow/example_dags/example_branch_day_of_week_operator.py
[2024-06-14T17:43:27.219-0300] {processor.py:840} INFO - DAG(s) 'example_weekday_branch_operator' retrieved from /home/maira/projeto_indicium_engineering/venv/lib/python3.10/site-packages/airflow/example_dags/example_branch_day_of_week_operator.py
[2024-06-14T17:43:27.231-0300] {logging_mixin.py:188} INFO - [2024-06-14T17:43:27.231-0300] {dag.py:3096} INFO - Sync 1 DAGs
[2024-06-14T17:43:27.245-0300] {logging_mixin.py:188} INFO - [2024-06-14T17:43:27.245-0300] {dag.py:3954} INFO - Setting next_dagrun for example_weekday_branch_operator to 2024-06-13 00:00:00+00:00, run_after=2024-06-14 00:00:00+00:00
[2024-06-14T17:43:27.269-0300] {processor.py:183} INFO - Processing /home/maira/projeto_indicium_engineering/venv/lib/python3.10/site-packages/airflow/example_dags/example_branch_day_of_week_operator.py took 0.064 seconds
[2024-06-14T17:44:21.506-0300] {processor.py:161} INFO - Started process (PID=100921) to work on /home/maira/projeto_indicium_engineering/venv/lib/python3.10/site-packages/airflow/example_dags/example_branch_day_of_week_operator.py
[2024-06-14T17:44:21.508-0300] {processor.py:830} INFO - Processing file /home/maira/projeto_indicium_engineering/venv/lib/python3.10/site-packages/airflow/example_dags/example_branch_day_of_week_operator.py for tasks to queue
[2024-06-14T17:44:21.510-0300] {logging_mixin.py:188} INFO - [2024-06-14T17:44:21.509-0300] {dagbag.py:545} INFO - Filling up the DagBag from /home/maira/projeto_indicium_engineering/venv/lib/python3.10/site-packages/airflow/example_dags/example_branch_day_of_week_operator.py
[2024-06-14T17:44:21.518-0300] {processor.py:840} INFO - DAG(s) 'example_weekday_branch_operator' retrieved from /home/maira/projeto_indicium_engineering/venv/lib/python3.10/site-packages/airflow/example_dags/example_branch_day_of_week_operator.py
[2024-06-14T17:44:21.535-0300] {logging_mixin.py:188} INFO - [2024-06-14T17:44:21.535-0300] {dag.py:3096} INFO - Sync 1 DAGs
[2024-06-14T17:44:21.550-0300] {logging_mixin.py:188} INFO - [2024-06-14T17:44:21.550-0300] {dag.py:3954} INFO - Setting next_dagrun for example_weekday_branch_operator to 2024-06-13 00:00:00+00:00, run_after=2024-06-14 00:00:00+00:00
[2024-06-14T17:44:21.571-0300] {processor.py:183} INFO - Processing /home/maira/projeto_indicium_engineering/venv/lib/python3.10/site-packages/airflow/example_dags/example_branch_day_of_week_operator.py took 0.071 seconds
[2024-06-14T17:45:21.127-0300] {processor.py:161} INFO - Started process (PID=101220) to work on /home/maira/projeto_indicium_engineering/venv/lib/python3.10/site-packages/airflow/example_dags/example_branch_day_of_week_operator.py
[2024-06-14T17:45:21.131-0300] {processor.py:830} INFO - Processing file /home/maira/projeto_indicium_engineering/venv/lib/python3.10/site-packages/airflow/example_dags/example_branch_day_of_week_operator.py for tasks to queue
[2024-06-14T17:45:21.133-0300] {logging_mixin.py:188} INFO - [2024-06-14T17:45:21.132-0300] {dagbag.py:545} INFO - Filling up the DagBag from /home/maira/projeto_indicium_engineering/venv/lib/python3.10/site-packages/airflow/example_dags/example_branch_day_of_week_operator.py
[2024-06-14T17:45:21.138-0300] {processor.py:840} INFO - DAG(s) 'example_weekday_branch_operator' retrieved from /home/maira/projeto_indicium_engineering/venv/lib/python3.10/site-packages/airflow/example_dags/example_branch_day_of_week_operator.py
[2024-06-14T17:45:21.150-0300] {logging_mixin.py:188} INFO - [2024-06-14T17:45:21.150-0300] {dag.py:3096} INFO - Sync 1 DAGs
[2024-06-14T17:45:21.165-0300] {logging_mixin.py:188} INFO - [2024-06-14T17:45:21.165-0300] {dag.py:3954} INFO - Setting next_dagrun for example_weekday_branch_operator to 2024-06-13 00:00:00+00:00, run_after=2024-06-14 00:00:00+00:00
[2024-06-14T17:45:21.192-0300] {processor.py:183} INFO - Processing /home/maira/projeto_indicium_engineering/venv/lib/python3.10/site-packages/airflow/example_dags/example_branch_day_of_week_operator.py took 0.070 seconds
[2024-06-14T17:46:21.997-0300] {processor.py:161} INFO - Started process (PID=101521) to work on /home/maira/projeto_indicium_engineering/venv/lib/python3.10/site-packages/airflow/example_dags/example_branch_day_of_week_operator.py
[2024-06-14T17:46:21.998-0300] {processor.py:830} INFO - Processing file /home/maira/projeto_indicium_engineering/venv/lib/python3.10/site-packages/airflow/example_dags/example_branch_day_of_week_operator.py for tasks to queue
[2024-06-14T17:46:22.000-0300] {logging_mixin.py:188} INFO - [2024-06-14T17:46:21.999-0300] {dagbag.py:545} INFO - Filling up the DagBag from /home/maira/projeto_indicium_engineering/venv/lib/python3.10/site-packages/airflow/example_dags/example_branch_day_of_week_operator.py
[2024-06-14T17:46:22.007-0300] {processor.py:840} INFO - DAG(s) 'example_weekday_branch_operator' retrieved from /home/maira/projeto_indicium_engineering/venv/lib/python3.10/site-packages/airflow/example_dags/example_branch_day_of_week_operator.py
[2024-06-14T17:46:22.022-0300] {logging_mixin.py:188} INFO - [2024-06-14T17:46:22.022-0300] {dag.py:3096} INFO - Sync 1 DAGs
[2024-06-14T17:46:22.038-0300] {logging_mixin.py:188} INFO - [2024-06-14T17:46:22.038-0300] {dag.py:3954} INFO - Setting next_dagrun for example_weekday_branch_operator to 2024-06-13 00:00:00+00:00, run_after=2024-06-14 00:00:00+00:00
[2024-06-14T17:46:22.064-0300] {processor.py:183} INFO - Processing /home/maira/projeto_indicium_engineering/venv/lib/python3.10/site-packages/airflow/example_dags/example_branch_day_of_week_operator.py took 0.074 seconds
[2024-06-14T17:47:21.760-0300] {processor.py:161} INFO - Started process (PID=101818) to work on /home/maira/projeto_indicium_engineering/venv/lib/python3.10/site-packages/airflow/example_dags/example_branch_day_of_week_operator.py
[2024-06-14T17:47:21.761-0300] {processor.py:830} INFO - Processing file /home/maira/projeto_indicium_engineering/venv/lib/python3.10/site-packages/airflow/example_dags/example_branch_day_of_week_operator.py for tasks to queue
[2024-06-14T17:47:21.762-0300] {logging_mixin.py:188} INFO - [2024-06-14T17:47:21.762-0300] {dagbag.py:545} INFO - Filling up the DagBag from /home/maira/projeto_indicium_engineering/venv/lib/python3.10/site-packages/airflow/example_dags/example_branch_day_of_week_operator.py
[2024-06-14T17:47:21.769-0300] {processor.py:840} INFO - DAG(s) 'example_weekday_branch_operator' retrieved from /home/maira/projeto_indicium_engineering/venv/lib/python3.10/site-packages/airflow/example_dags/example_branch_day_of_week_operator.py
[2024-06-14T17:47:21.781-0300] {logging_mixin.py:188} INFO - [2024-06-14T17:47:21.781-0300] {dag.py:3096} INFO - Sync 1 DAGs
[2024-06-14T17:47:21.796-0300] {logging_mixin.py:188} INFO - [2024-06-14T17:47:21.796-0300] {dag.py:3954} INFO - Setting next_dagrun for example_weekday_branch_operator to 2024-06-13 00:00:00+00:00, run_after=2024-06-14 00:00:00+00:00
[2024-06-14T17:47:21.817-0300] {processor.py:183} INFO - Processing /home/maira/projeto_indicium_engineering/venv/lib/python3.10/site-packages/airflow/example_dags/example_branch_day_of_week_operator.py took 0.062 seconds
[2024-06-14T17:48:22.719-0300] {processor.py:161} INFO - Started process (PID=102119) to work on /home/maira/projeto_indicium_engineering/venv/lib/python3.10/site-packages/airflow/example_dags/example_branch_day_of_week_operator.py
[2024-06-14T17:48:22.721-0300] {processor.py:830} INFO - Processing file /home/maira/projeto_indicium_engineering/venv/lib/python3.10/site-packages/airflow/example_dags/example_branch_day_of_week_operator.py for tasks to queue
[2024-06-14T17:48:22.723-0300] {logging_mixin.py:188} INFO - [2024-06-14T17:48:22.723-0300] {dagbag.py:545} INFO - Filling up the DagBag from /home/maira/projeto_indicium_engineering/venv/lib/python3.10/site-packages/airflow/example_dags/example_branch_day_of_week_operator.py
[2024-06-14T17:48:22.730-0300] {processor.py:840} INFO - DAG(s) 'example_weekday_branch_operator' retrieved from /home/maira/projeto_indicium_engineering/venv/lib/python3.10/site-packages/airflow/example_dags/example_branch_day_of_week_operator.py
[2024-06-14T17:48:22.743-0300] {logging_mixin.py:188} INFO - [2024-06-14T17:48:22.743-0300] {dag.py:3096} INFO - Sync 1 DAGs
[2024-06-14T17:48:22.758-0300] {logging_mixin.py:188} INFO - [2024-06-14T17:48:22.758-0300] {dag.py:3954} INFO - Setting next_dagrun for example_weekday_branch_operator to 2024-06-13 00:00:00+00:00, run_after=2024-06-14 00:00:00+00:00
[2024-06-14T17:48:22.779-0300] {processor.py:183} INFO - Processing /home/maira/projeto_indicium_engineering/venv/lib/python3.10/site-packages/airflow/example_dags/example_branch_day_of_week_operator.py took 0.065 seconds
[2024-06-14T17:49:26.259-0300] {processor.py:161} INFO - Started process (PID=102433) to work on /home/maira/projeto_indicium_engineering/venv/lib/python3.10/site-packages/airflow/example_dags/example_branch_day_of_week_operator.py
[2024-06-14T17:49:26.260-0300] {processor.py:830} INFO - Processing file /home/maira/projeto_indicium_engineering/venv/lib/python3.10/site-packages/airflow/example_dags/example_branch_day_of_week_operator.py for tasks to queue
[2024-06-14T17:49:26.262-0300] {logging_mixin.py:188} INFO - [2024-06-14T17:49:26.262-0300] {dagbag.py:545} INFO - Filling up the DagBag from /home/maira/projeto_indicium_engineering/venv/lib/python3.10/site-packages/airflow/example_dags/example_branch_day_of_week_operator.py
[2024-06-14T17:49:26.269-0300] {processor.py:840} INFO - DAG(s) 'example_weekday_branch_operator' retrieved from /home/maira/projeto_indicium_engineering/venv/lib/python3.10/site-packages/airflow/example_dags/example_branch_day_of_week_operator.py
[2024-06-14T17:49:26.281-0300] {logging_mixin.py:188} INFO - [2024-06-14T17:49:26.281-0300] {dag.py:3096} INFO - Sync 1 DAGs
[2024-06-14T17:49:26.296-0300] {logging_mixin.py:188} INFO - [2024-06-14T17:49:26.295-0300] {dag.py:3954} INFO - Setting next_dagrun for example_weekday_branch_operator to 2024-06-13 00:00:00+00:00, run_after=2024-06-14 00:00:00+00:00
[2024-06-14T17:49:26.317-0300] {processor.py:183} INFO - Processing /home/maira/projeto_indicium_engineering/venv/lib/python3.10/site-packages/airflow/example_dags/example_branch_day_of_week_operator.py took 0.064 seconds
[2024-06-14T17:50:29.070-0300] {processor.py:161} INFO - Started process (PID=102743) to work on /home/maira/projeto_indicium_engineering/venv/lib/python3.10/site-packages/airflow/example_dags/example_branch_day_of_week_operator.py
[2024-06-14T17:50:29.072-0300] {processor.py:830} INFO - Processing file /home/maira/projeto_indicium_engineering/venv/lib/python3.10/site-packages/airflow/example_dags/example_branch_day_of_week_operator.py for tasks to queue
[2024-06-14T17:50:29.074-0300] {logging_mixin.py:188} INFO - [2024-06-14T17:50:29.073-0300] {dagbag.py:545} INFO - Filling up the DagBag from /home/maira/projeto_indicium_engineering/venv/lib/python3.10/site-packages/airflow/example_dags/example_branch_day_of_week_operator.py
[2024-06-14T17:50:29.080-0300] {processor.py:840} INFO - DAG(s) 'example_weekday_branch_operator' retrieved from /home/maira/projeto_indicium_engineering/venv/lib/python3.10/site-packages/airflow/example_dags/example_branch_day_of_week_operator.py
[2024-06-14T17:50:29.092-0300] {logging_mixin.py:188} INFO - [2024-06-14T17:50:29.092-0300] {dag.py:3096} INFO - Sync 1 DAGs
[2024-06-14T17:50:29.106-0300] {logging_mixin.py:188} INFO - [2024-06-14T17:50:29.106-0300] {dag.py:3954} INFO - Setting next_dagrun for example_weekday_branch_operator to 2024-06-13 00:00:00+00:00, run_after=2024-06-14 00:00:00+00:00
[2024-06-14T17:50:29.130-0300] {processor.py:183} INFO - Processing /home/maira/projeto_indicium_engineering/venv/lib/python3.10/site-packages/airflow/example_dags/example_branch_day_of_week_operator.py took 0.065 seconds
[2024-06-14T17:51:27.526-0300] {processor.py:161} INFO - Started process (PID=103033) to work on /home/maira/projeto_indicium_engineering/venv/lib/python3.10/site-packages/airflow/example_dags/example_branch_day_of_week_operator.py
[2024-06-14T17:51:27.528-0300] {processor.py:830} INFO - Processing file /home/maira/projeto_indicium_engineering/venv/lib/python3.10/site-packages/airflow/example_dags/example_branch_day_of_week_operator.py for tasks to queue
[2024-06-14T17:51:27.529-0300] {logging_mixin.py:188} INFO - [2024-06-14T17:51:27.529-0300] {dagbag.py:545} INFO - Filling up the DagBag from /home/maira/projeto_indicium_engineering/venv/lib/python3.10/site-packages/airflow/example_dags/example_branch_day_of_week_operator.py
[2024-06-14T17:51:27.538-0300] {processor.py:840} INFO - DAG(s) 'example_weekday_branch_operator' retrieved from /home/maira/projeto_indicium_engineering/venv/lib/python3.10/site-packages/airflow/example_dags/example_branch_day_of_week_operator.py
[2024-06-14T17:51:27.555-0300] {logging_mixin.py:188} INFO - [2024-06-14T17:51:27.555-0300] {dag.py:3096} INFO - Sync 1 DAGs
[2024-06-14T17:51:27.570-0300] {logging_mixin.py:188} INFO - [2024-06-14T17:51:27.570-0300] {dag.py:3954} INFO - Setting next_dagrun for example_weekday_branch_operator to 2024-06-13 00:00:00+00:00, run_after=2024-06-14 00:00:00+00:00
[2024-06-14T17:51:27.607-0300] {processor.py:183} INFO - Processing /home/maira/projeto_indicium_engineering/venv/lib/python3.10/site-packages/airflow/example_dags/example_branch_day_of_week_operator.py took 0.086 seconds
[2024-06-14T20:52:24.438-0300] {processor.py:161} INFO - Started process (PID=103676) to work on /home/maira/projeto_indicium_engineering/venv/lib/python3.10/site-packages/airflow/example_dags/example_branch_day_of_week_operator.py
[2024-06-14T20:52:24.439-0300] {processor.py:830} INFO - Processing file /home/maira/projeto_indicium_engineering/venv/lib/python3.10/site-packages/airflow/example_dags/example_branch_day_of_week_operator.py for tasks to queue
[2024-06-14T20:52:24.440-0300] {logging_mixin.py:188} INFO - [2024-06-14T20:52:24.440-0300] {dagbag.py:545} INFO - Filling up the DagBag from /home/maira/projeto_indicium_engineering/venv/lib/python3.10/site-packages/airflow/example_dags/example_branch_day_of_week_operator.py
[2024-06-14T20:52:24.447-0300] {processor.py:840} INFO - DAG(s) 'example_weekday_branch_operator' retrieved from /home/maira/projeto_indicium_engineering/venv/lib/python3.10/site-packages/airflow/example_dags/example_branch_day_of_week_operator.py
[2024-06-14T20:52:24.459-0300] {logging_mixin.py:188} INFO - [2024-06-14T20:52:24.459-0300] {dag.py:3096} INFO - Sync 1 DAGs
[2024-06-14T20:52:24.474-0300] {logging_mixin.py:188} INFO - [2024-06-14T20:52:24.473-0300] {dag.py:3954} INFO - Setting next_dagrun for example_weekday_branch_operator to 2024-06-13 00:00:00+00:00, run_after=2024-06-14 00:00:00+00:00
[2024-06-14T20:52:24.494-0300] {processor.py:183} INFO - Processing /home/maira/projeto_indicium_engineering/venv/lib/python3.10/site-packages/airflow/example_dags/example_branch_day_of_week_operator.py took 0.061 seconds
[2024-06-14T20:53:24.220-0300] {processor.py:161} INFO - Started process (PID=103963) to work on /home/maira/projeto_indicium_engineering/venv/lib/python3.10/site-packages/airflow/example_dags/example_branch_day_of_week_operator.py
[2024-06-14T20:53:24.255-0300] {processor.py:830} INFO - Processing file /home/maira/projeto_indicium_engineering/venv/lib/python3.10/site-packages/airflow/example_dags/example_branch_day_of_week_operator.py for tasks to queue
[2024-06-14T20:53:24.257-0300] {logging_mixin.py:188} INFO - [2024-06-14T20:53:24.256-0300] {dagbag.py:545} INFO - Filling up the DagBag from /home/maira/projeto_indicium_engineering/venv/lib/python3.10/site-packages/airflow/example_dags/example_branch_day_of_week_operator.py
[2024-06-14T20:53:24.263-0300] {processor.py:840} INFO - DAG(s) 'example_weekday_branch_operator' retrieved from /home/maira/projeto_indicium_engineering/venv/lib/python3.10/site-packages/airflow/example_dags/example_branch_day_of_week_operator.py
[2024-06-14T20:53:24.277-0300] {logging_mixin.py:188} INFO - [2024-06-14T20:53:24.276-0300] {dag.py:3096} INFO - Sync 1 DAGs
[2024-06-14T20:53:24.291-0300] {logging_mixin.py:188} INFO - [2024-06-14T20:53:24.291-0300] {dag.py:3954} INFO - Setting next_dagrun for example_weekday_branch_operator to 2024-06-13 00:00:00+00:00, run_after=2024-06-14 00:00:00+00:00
[2024-06-14T20:53:24.406-0300] {processor.py:183} INFO - Processing /home/maira/projeto_indicium_engineering/venv/lib/python3.10/site-packages/airflow/example_dags/example_branch_day_of_week_operator.py took 0.191 seconds
