[2024-06-14T16:31:13.673-0300] {processor.py:161} INFO - Started process (PID=86526) to work on /home/maira/projeto_indicium_engineering/venv/lib/python3.10/site-packages/airflow/example_dags/example_branch_operator.py
[2024-06-14T16:31:13.673-0300] {processor.py:830} INFO - Processing file /home/maira/projeto_indicium_engineering/venv/lib/python3.10/site-packages/airflow/example_dags/example_branch_operator.py for tasks to queue
[2024-06-14T16:31:13.675-0300] {logging_mixin.py:188} INFO - [2024-06-14T16:31:13.674-0300] {dagbag.py:545} INFO - Filling up the DagBag from /home/maira/projeto_indicium_engineering/venv/lib/python3.10/site-packages/airflow/example_dags/example_branch_operator.py
[2024-06-14T16:31:13.686-0300] {processor.py:840} INFO - DAG(s) 'example_branch_operator' retrieved from /home/maira/projeto_indicium_engineering/venv/lib/python3.10/site-packages/airflow/example_dags/example_branch_operator.py
[2024-06-14T16:31:13.846-0300] {logging_mixin.py:188} INFO - [2024-06-14T16:31:13.845-0300] {override.py:1829} INFO - Created Permission View: can edit on DAG:example_branch_operator
[2024-06-14T16:31:13.858-0300] {logging_mixin.py:188} INFO - [2024-06-14T16:31:13.858-0300] {override.py:1829} INFO - Created Permission View: can delete on DAG:example_branch_operator
[2024-06-14T16:31:13.870-0300] {logging_mixin.py:188} INFO - [2024-06-14T16:31:13.869-0300] {override.py:1829} INFO - Created Permission View: can read on DAG:example_branch_operator
[2024-06-14T16:31:13.870-0300] {logging_mixin.py:188} INFO - [2024-06-14T16:31:13.870-0300] {dag.py:3096} INFO - Sync 1 DAGs
[2024-06-14T16:31:13.879-0300] {logging_mixin.py:188} INFO - [2024-06-14T16:31:13.879-0300] {dag.py:3118} INFO - Creating ORM DAG for example_branch_operator
[2024-06-14T16:31:13.888-0300] {logging_mixin.py:188} INFO - [2024-06-14T16:31:13.888-0300] {dag.py:3954} INFO - Setting next_dagrun for example_branch_operator to 2024-06-13 00:00:00+00:00, run_after=2024-06-14 00:00:00+00:00
[2024-06-14T16:31:13.911-0300] {processor.py:183} INFO - Processing /home/maira/projeto_indicium_engineering/venv/lib/python3.10/site-packages/airflow/example_dags/example_branch_operator.py took 0.243 seconds
[2024-06-14T16:32:08.480-0300] {processor.py:161} INFO - Started process (PID=86793) to work on /home/maira/projeto_indicium_engineering/venv/lib/python3.10/site-packages/airflow/example_dags/example_branch_operator.py
[2024-06-14T16:32:08.481-0300] {processor.py:830} INFO - Processing file /home/maira/projeto_indicium_engineering/venv/lib/python3.10/site-packages/airflow/example_dags/example_branch_operator.py for tasks to queue
[2024-06-14T16:32:08.482-0300] {logging_mixin.py:188} INFO - [2024-06-14T16:32:08.482-0300] {dagbag.py:545} INFO - Filling up the DagBag from /home/maira/projeto_indicium_engineering/venv/lib/python3.10/site-packages/airflow/example_dags/example_branch_operator.py
[2024-06-14T16:32:08.493-0300] {processor.py:840} INFO - DAG(s) 'example_branch_operator' retrieved from /home/maira/projeto_indicium_engineering/venv/lib/python3.10/site-packages/airflow/example_dags/example_branch_operator.py
[2024-06-14T16:32:08.509-0300] {logging_mixin.py:188} INFO - [2024-06-14T16:32:08.509-0300] {dag.py:3096} INFO - Sync 1 DAGs
[2024-06-14T16:32:08.596-0300] {logging_mixin.py:188} INFO - [2024-06-14T16:32:08.596-0300] {dag.py:3954} INFO - Setting next_dagrun for example_branch_operator to 2024-06-13 00:00:00+00:00, run_after=2024-06-14 00:00:00+00:00
[2024-06-14T16:32:08.617-0300] {processor.py:183} INFO - Processing /home/maira/projeto_indicium_engineering/venv/lib/python3.10/site-packages/airflow/example_dags/example_branch_operator.py took 0.143 seconds
[2024-06-14T16:33:15.551-0300] {processor.py:161} INFO - Started process (PID=87120) to work on /home/maira/projeto_indicium_engineering/venv/lib/python3.10/site-packages/airflow/example_dags/example_branch_operator.py
[2024-06-14T16:33:15.552-0300] {processor.py:830} INFO - Processing file /home/maira/projeto_indicium_engineering/venv/lib/python3.10/site-packages/airflow/example_dags/example_branch_operator.py for tasks to queue
[2024-06-14T16:33:15.553-0300] {logging_mixin.py:188} INFO - [2024-06-14T16:33:15.553-0300] {dagbag.py:545} INFO - Filling up the DagBag from /home/maira/projeto_indicium_engineering/venv/lib/python3.10/site-packages/airflow/example_dags/example_branch_operator.py
[2024-06-14T16:33:15.566-0300] {processor.py:840} INFO - DAG(s) 'example_branch_operator' retrieved from /home/maira/projeto_indicium_engineering/venv/lib/python3.10/site-packages/airflow/example_dags/example_branch_operator.py
[2024-06-14T16:33:15.583-0300] {logging_mixin.py:188} INFO - [2024-06-14T16:33:15.583-0300] {dag.py:3096} INFO - Sync 1 DAGs
[2024-06-14T16:33:15.597-0300] {logging_mixin.py:188} INFO - [2024-06-14T16:33:15.596-0300] {dag.py:3954} INFO - Setting next_dagrun for example_branch_operator to 2024-06-13 00:00:00+00:00, run_after=2024-06-14 00:00:00+00:00
[2024-06-14T16:33:15.713-0300] {processor.py:183} INFO - Processing /home/maira/projeto_indicium_engineering/venv/lib/python3.10/site-packages/airflow/example_dags/example_branch_operator.py took 0.167 seconds
[2024-06-14T16:34:21.651-0300] {processor.py:161} INFO - Started process (PID=87447) to work on /home/maira/projeto_indicium_engineering/venv/lib/python3.10/site-packages/airflow/example_dags/example_branch_operator.py
[2024-06-14T16:34:21.653-0300] {processor.py:830} INFO - Processing file /home/maira/projeto_indicium_engineering/venv/lib/python3.10/site-packages/airflow/example_dags/example_branch_operator.py for tasks to queue
[2024-06-14T16:34:21.655-0300] {logging_mixin.py:188} INFO - [2024-06-14T16:34:21.654-0300] {dagbag.py:545} INFO - Filling up the DagBag from /home/maira/projeto_indicium_engineering/venv/lib/python3.10/site-packages/airflow/example_dags/example_branch_operator.py
[2024-06-14T16:34:21.666-0300] {processor.py:840} INFO - DAG(s) 'example_branch_operator' retrieved from /home/maira/projeto_indicium_engineering/venv/lib/python3.10/site-packages/airflow/example_dags/example_branch_operator.py
[2024-06-14T16:34:21.683-0300] {logging_mixin.py:188} INFO - [2024-06-14T16:34:21.683-0300] {dag.py:3096} INFO - Sync 1 DAGs
[2024-06-14T16:34:21.697-0300] {logging_mixin.py:188} INFO - [2024-06-14T16:34:21.696-0300] {dag.py:3954} INFO - Setting next_dagrun for example_branch_operator to 2024-06-13 00:00:00+00:00, run_after=2024-06-14 00:00:00+00:00
[2024-06-14T16:34:21.721-0300] {processor.py:183} INFO - Processing /home/maira/projeto_indicium_engineering/venv/lib/python3.10/site-packages/airflow/example_dags/example_branch_operator.py took 0.074 seconds
[2024-06-14T16:35:19.480-0300] {processor.py:161} INFO - Started process (PID=87737) to work on /home/maira/projeto_indicium_engineering/venv/lib/python3.10/site-packages/airflow/example_dags/example_branch_operator.py
[2024-06-14T16:35:19.482-0300] {processor.py:830} INFO - Processing file /home/maira/projeto_indicium_engineering/venv/lib/python3.10/site-packages/airflow/example_dags/example_branch_operator.py for tasks to queue
[2024-06-14T16:35:19.483-0300] {logging_mixin.py:188} INFO - [2024-06-14T16:35:19.483-0300] {dagbag.py:545} INFO - Filling up the DagBag from /home/maira/projeto_indicium_engineering/venv/lib/python3.10/site-packages/airflow/example_dags/example_branch_operator.py
[2024-06-14T16:35:19.495-0300] {processor.py:840} INFO - DAG(s) 'example_branch_operator' retrieved from /home/maira/projeto_indicium_engineering/venv/lib/python3.10/site-packages/airflow/example_dags/example_branch_operator.py
[2024-06-14T16:35:19.512-0300] {logging_mixin.py:188} INFO - [2024-06-14T16:35:19.511-0300] {dag.py:3096} INFO - Sync 1 DAGs
[2024-06-14T16:35:19.525-0300] {logging_mixin.py:188} INFO - [2024-06-14T16:35:19.525-0300] {dag.py:3954} INFO - Setting next_dagrun for example_branch_operator to 2024-06-13 00:00:00+00:00, run_after=2024-06-14 00:00:00+00:00
[2024-06-14T16:35:19.545-0300] {processor.py:183} INFO - Processing /home/maira/projeto_indicium_engineering/venv/lib/python3.10/site-packages/airflow/example_dags/example_branch_operator.py took 0.070 seconds
[2024-06-14T16:36:16.495-0300] {processor.py:161} INFO - Started process (PID=88020) to work on /home/maira/projeto_indicium_engineering/venv/lib/python3.10/site-packages/airflow/example_dags/example_branch_operator.py
[2024-06-14T16:36:16.496-0300] {processor.py:830} INFO - Processing file /home/maira/projeto_indicium_engineering/venv/lib/python3.10/site-packages/airflow/example_dags/example_branch_operator.py for tasks to queue
[2024-06-14T16:36:16.498-0300] {logging_mixin.py:188} INFO - [2024-06-14T16:36:16.497-0300] {dagbag.py:545} INFO - Filling up the DagBag from /home/maira/projeto_indicium_engineering/venv/lib/python3.10/site-packages/airflow/example_dags/example_branch_operator.py
[2024-06-14T16:36:16.513-0300] {processor.py:840} INFO - DAG(s) 'example_branch_operator' retrieved from /home/maira/projeto_indicium_engineering/venv/lib/python3.10/site-packages/airflow/example_dags/example_branch_operator.py
[2024-06-14T16:36:16.537-0300] {logging_mixin.py:188} INFO - [2024-06-14T16:36:16.536-0300] {dag.py:3096} INFO - Sync 1 DAGs
[2024-06-14T16:36:16.557-0300] {logging_mixin.py:188} INFO - [2024-06-14T16:36:16.556-0300] {dag.py:3954} INFO - Setting next_dagrun for example_branch_operator to 2024-06-13 00:00:00+00:00, run_after=2024-06-14 00:00:00+00:00
[2024-06-14T16:36:16.582-0300] {processor.py:183} INFO - Processing /home/maira/projeto_indicium_engineering/venv/lib/python3.10/site-packages/airflow/example_dags/example_branch_operator.py took 0.093 seconds
[2024-06-14T16:37:13.404-0300] {processor.py:161} INFO - Started process (PID=88303) to work on /home/maira/projeto_indicium_engineering/venv/lib/python3.10/site-packages/airflow/example_dags/example_branch_operator.py
[2024-06-14T16:37:13.405-0300] {processor.py:830} INFO - Processing file /home/maira/projeto_indicium_engineering/venv/lib/python3.10/site-packages/airflow/example_dags/example_branch_operator.py for tasks to queue
[2024-06-14T16:37:13.406-0300] {logging_mixin.py:188} INFO - [2024-06-14T16:37:13.406-0300] {dagbag.py:545} INFO - Filling up the DagBag from /home/maira/projeto_indicium_engineering/venv/lib/python3.10/site-packages/airflow/example_dags/example_branch_operator.py
[2024-06-14T16:37:13.418-0300] {processor.py:840} INFO - DAG(s) 'example_branch_operator' retrieved from /home/maira/projeto_indicium_engineering/venv/lib/python3.10/site-packages/airflow/example_dags/example_branch_operator.py
[2024-06-14T16:37:13.434-0300] {logging_mixin.py:188} INFO - [2024-06-14T16:37:13.434-0300] {dag.py:3096} INFO - Sync 1 DAGs
[2024-06-14T16:37:13.448-0300] {logging_mixin.py:188} INFO - [2024-06-14T16:37:13.448-0300] {dag.py:3954} INFO - Setting next_dagrun for example_branch_operator to 2024-06-13 00:00:00+00:00, run_after=2024-06-14 00:00:00+00:00
[2024-06-14T16:37:13.468-0300] {processor.py:183} INFO - Processing /home/maira/projeto_indicium_engineering/venv/lib/python3.10/site-packages/airflow/example_dags/example_branch_operator.py took 0.069 seconds
[2024-06-14T16:38:21.161-0300] {processor.py:161} INFO - Started process (PID=88636) to work on /home/maira/projeto_indicium_engineering/venv/lib/python3.10/site-packages/airflow/example_dags/example_branch_operator.py
[2024-06-14T16:38:21.165-0300] {processor.py:830} INFO - Processing file /home/maira/projeto_indicium_engineering/venv/lib/python3.10/site-packages/airflow/example_dags/example_branch_operator.py for tasks to queue
[2024-06-14T16:38:21.167-0300] {logging_mixin.py:188} INFO - [2024-06-14T16:38:21.167-0300] {dagbag.py:545} INFO - Filling up the DagBag from /home/maira/projeto_indicium_engineering/venv/lib/python3.10/site-packages/airflow/example_dags/example_branch_operator.py
[2024-06-14T16:38:21.179-0300] {processor.py:840} INFO - DAG(s) 'example_branch_operator' retrieved from /home/maira/projeto_indicium_engineering/venv/lib/python3.10/site-packages/airflow/example_dags/example_branch_operator.py
[2024-06-14T16:38:21.197-0300] {logging_mixin.py:188} INFO - [2024-06-14T16:38:21.197-0300] {dag.py:3096} INFO - Sync 1 DAGs
[2024-06-14T16:38:21.212-0300] {logging_mixin.py:188} INFO - [2024-06-14T16:38:21.211-0300] {dag.py:3954} INFO - Setting next_dagrun for example_branch_operator to 2024-06-13 00:00:00+00:00, run_after=2024-06-14 00:00:00+00:00
[2024-06-14T16:38:21.234-0300] {processor.py:183} INFO - Processing /home/maira/projeto_indicium_engineering/venv/lib/python3.10/site-packages/airflow/example_dags/example_branch_operator.py took 0.078 seconds
[2024-06-14T16:39:24.002-0300] {processor.py:161} INFO - Started process (PID=88946) to work on /home/maira/projeto_indicium_engineering/venv/lib/python3.10/site-packages/airflow/example_dags/example_branch_operator.py
[2024-06-14T16:39:24.004-0300] {processor.py:830} INFO - Processing file /home/maira/projeto_indicium_engineering/venv/lib/python3.10/site-packages/airflow/example_dags/example_branch_operator.py for tasks to queue
[2024-06-14T16:39:24.006-0300] {logging_mixin.py:188} INFO - [2024-06-14T16:39:24.005-0300] {dagbag.py:545} INFO - Filling up the DagBag from /home/maira/projeto_indicium_engineering/venv/lib/python3.10/site-packages/airflow/example_dags/example_branch_operator.py
[2024-06-14T16:39:24.018-0300] {processor.py:840} INFO - DAG(s) 'example_branch_operator' retrieved from /home/maira/projeto_indicium_engineering/venv/lib/python3.10/site-packages/airflow/example_dags/example_branch_operator.py
[2024-06-14T16:39:24.035-0300] {logging_mixin.py:188} INFO - [2024-06-14T16:39:24.034-0300] {dag.py:3096} INFO - Sync 1 DAGs
[2024-06-14T16:39:24.049-0300] {logging_mixin.py:188} INFO - [2024-06-14T16:39:24.048-0300] {dag.py:3954} INFO - Setting next_dagrun for example_branch_operator to 2024-06-13 00:00:00+00:00, run_after=2024-06-14 00:00:00+00:00
[2024-06-14T16:39:24.071-0300] {processor.py:183} INFO - Processing /home/maira/projeto_indicium_engineering/venv/lib/python3.10/site-packages/airflow/example_dags/example_branch_operator.py took 0.074 seconds
[2024-06-14T16:40:23.270-0300] {processor.py:161} INFO - Started process (PID=89241) to work on /home/maira/projeto_indicium_engineering/venv/lib/python3.10/site-packages/airflow/example_dags/example_branch_operator.py
[2024-06-14T16:40:23.271-0300] {processor.py:830} INFO - Processing file /home/maira/projeto_indicium_engineering/venv/lib/python3.10/site-packages/airflow/example_dags/example_branch_operator.py for tasks to queue
[2024-06-14T16:40:23.273-0300] {logging_mixin.py:188} INFO - [2024-06-14T16:40:23.273-0300] {dagbag.py:545} INFO - Filling up the DagBag from /home/maira/projeto_indicium_engineering/venv/lib/python3.10/site-packages/airflow/example_dags/example_branch_operator.py
[2024-06-14T16:40:23.285-0300] {processor.py:840} INFO - DAG(s) 'example_branch_operator' retrieved from /home/maira/projeto_indicium_engineering/venv/lib/python3.10/site-packages/airflow/example_dags/example_branch_operator.py
[2024-06-14T16:40:23.301-0300] {logging_mixin.py:188} INFO - [2024-06-14T16:40:23.301-0300] {dag.py:3096} INFO - Sync 1 DAGs
[2024-06-14T16:40:23.315-0300] {logging_mixin.py:188} INFO - [2024-06-14T16:40:23.315-0300] {dag.py:3954} INFO - Setting next_dagrun for example_branch_operator to 2024-06-13 00:00:00+00:00, run_after=2024-06-14 00:00:00+00:00
[2024-06-14T16:40:23.335-0300] {processor.py:183} INFO - Processing /home/maira/projeto_indicium_engineering/venv/lib/python3.10/site-packages/airflow/example_dags/example_branch_operator.py took 0.069 seconds
[2024-06-14T16:41:18.360-0300] {processor.py:161} INFO - Started process (PID=89514) to work on /home/maira/projeto_indicium_engineering/venv/lib/python3.10/site-packages/airflow/example_dags/example_branch_operator.py
[2024-06-14T16:41:18.362-0300] {processor.py:830} INFO - Processing file /home/maira/projeto_indicium_engineering/venv/lib/python3.10/site-packages/airflow/example_dags/example_branch_operator.py for tasks to queue
[2024-06-14T16:41:18.364-0300] {logging_mixin.py:188} INFO - [2024-06-14T16:41:18.363-0300] {dagbag.py:545} INFO - Filling up the DagBag from /home/maira/projeto_indicium_engineering/venv/lib/python3.10/site-packages/airflow/example_dags/example_branch_operator.py
[2024-06-14T16:41:18.376-0300] {processor.py:840} INFO - DAG(s) 'example_branch_operator' retrieved from /home/maira/projeto_indicium_engineering/venv/lib/python3.10/site-packages/airflow/example_dags/example_branch_operator.py
[2024-06-14T16:41:18.395-0300] {logging_mixin.py:188} INFO - [2024-06-14T16:41:18.395-0300] {dag.py:3096} INFO - Sync 1 DAGs
[2024-06-14T16:41:18.409-0300] {logging_mixin.py:188} INFO - [2024-06-14T16:41:18.409-0300] {dag.py:3954} INFO - Setting next_dagrun for example_branch_operator to 2024-06-13 00:00:00+00:00, run_after=2024-06-14 00:00:00+00:00
[2024-06-14T16:41:18.430-0300] {processor.py:183} INFO - Processing /home/maira/projeto_indicium_engineering/venv/lib/python3.10/site-packages/airflow/example_dags/example_branch_operator.py took 0.075 seconds
[2024-06-14T16:42:20.152-0300] {processor.py:161} INFO - Started process (PID=89818) to work on /home/maira/projeto_indicium_engineering/venv/lib/python3.10/site-packages/airflow/example_dags/example_branch_operator.py
[2024-06-14T16:42:20.154-0300] {processor.py:830} INFO - Processing file /home/maira/projeto_indicium_engineering/venv/lib/python3.10/site-packages/airflow/example_dags/example_branch_operator.py for tasks to queue
[2024-06-14T16:42:20.156-0300] {logging_mixin.py:188} INFO - [2024-06-14T16:42:20.155-0300] {dagbag.py:545} INFO - Filling up the DagBag from /home/maira/projeto_indicium_engineering/venv/lib/python3.10/site-packages/airflow/example_dags/example_branch_operator.py
[2024-06-14T16:42:20.167-0300] {processor.py:840} INFO - DAG(s) 'example_branch_operator' retrieved from /home/maira/projeto_indicium_engineering/venv/lib/python3.10/site-packages/airflow/example_dags/example_branch_operator.py
[2024-06-14T16:42:20.184-0300] {logging_mixin.py:188} INFO - [2024-06-14T16:42:20.184-0300] {dag.py:3096} INFO - Sync 1 DAGs
[2024-06-14T16:42:20.198-0300] {logging_mixin.py:188} INFO - [2024-06-14T16:42:20.197-0300] {dag.py:3954} INFO - Setting next_dagrun for example_branch_operator to 2024-06-13 00:00:00+00:00, run_after=2024-06-14 00:00:00+00:00
[2024-06-14T16:42:20.219-0300] {processor.py:183} INFO - Processing /home/maira/projeto_indicium_engineering/venv/lib/python3.10/site-packages/airflow/example_dags/example_branch_operator.py took 0.072 seconds
[2024-06-14T16:43:16.724-0300] {processor.py:161} INFO - Started process (PID=90100) to work on /home/maira/projeto_indicium_engineering/venv/lib/python3.10/site-packages/airflow/example_dags/example_branch_operator.py
[2024-06-14T16:43:16.728-0300] {processor.py:830} INFO - Processing file /home/maira/projeto_indicium_engineering/venv/lib/python3.10/site-packages/airflow/example_dags/example_branch_operator.py for tasks to queue
[2024-06-14T16:43:16.730-0300] {logging_mixin.py:188} INFO - [2024-06-14T16:43:16.729-0300] {dagbag.py:545} INFO - Filling up the DagBag from /home/maira/projeto_indicium_engineering/venv/lib/python3.10/site-packages/airflow/example_dags/example_branch_operator.py
[2024-06-14T16:43:16.747-0300] {processor.py:840} INFO - DAG(s) 'example_branch_operator' retrieved from /home/maira/projeto_indicium_engineering/venv/lib/python3.10/site-packages/airflow/example_dags/example_branch_operator.py
[2024-06-14T16:43:16.772-0300] {logging_mixin.py:188} INFO - [2024-06-14T16:43:16.772-0300] {dag.py:3096} INFO - Sync 1 DAGs
[2024-06-14T16:43:16.786-0300] {logging_mixin.py:188} INFO - [2024-06-14T16:43:16.786-0300] {dag.py:3954} INFO - Setting next_dagrun for example_branch_operator to 2024-06-13 00:00:00+00:00, run_after=2024-06-14 00:00:00+00:00
[2024-06-14T16:43:16.808-0300] {processor.py:183} INFO - Processing /home/maira/projeto_indicium_engineering/venv/lib/python3.10/site-packages/airflow/example_dags/example_branch_operator.py took 0.089 seconds
[2024-06-14T16:44:18.411-0300] {processor.py:161} INFO - Started process (PID=90406) to work on /home/maira/projeto_indicium_engineering/venv/lib/python3.10/site-packages/airflow/example_dags/example_branch_operator.py
[2024-06-14T16:44:18.413-0300] {processor.py:830} INFO - Processing file /home/maira/projeto_indicium_engineering/venv/lib/python3.10/site-packages/airflow/example_dags/example_branch_operator.py for tasks to queue
[2024-06-14T16:44:18.415-0300] {logging_mixin.py:188} INFO - [2024-06-14T16:44:18.415-0300] {dagbag.py:545} INFO - Filling up the DagBag from /home/maira/projeto_indicium_engineering/venv/lib/python3.10/site-packages/airflow/example_dags/example_branch_operator.py
[2024-06-14T16:44:18.428-0300] {processor.py:840} INFO - DAG(s) 'example_branch_operator' retrieved from /home/maira/projeto_indicium_engineering/venv/lib/python3.10/site-packages/airflow/example_dags/example_branch_operator.py
[2024-06-14T16:44:18.445-0300] {logging_mixin.py:188} INFO - [2024-06-14T16:44:18.444-0300] {dag.py:3096} INFO - Sync 1 DAGs
[2024-06-14T16:44:18.459-0300] {logging_mixin.py:188} INFO - [2024-06-14T16:44:18.459-0300] {dag.py:3954} INFO - Setting next_dagrun for example_branch_operator to 2024-06-13 00:00:00+00:00, run_after=2024-06-14 00:00:00+00:00
[2024-06-14T16:44:18.483-0300] {processor.py:183} INFO - Processing /home/maira/projeto_indicium_engineering/venv/lib/python3.10/site-packages/airflow/example_dags/example_branch_operator.py took 0.077 seconds
[2024-06-14T16:45:17.687-0300] {processor.py:161} INFO - Started process (PID=90703) to work on /home/maira/projeto_indicium_engineering/venv/lib/python3.10/site-packages/airflow/example_dags/example_branch_operator.py
[2024-06-14T16:45:17.689-0300] {processor.py:830} INFO - Processing file /home/maira/projeto_indicium_engineering/venv/lib/python3.10/site-packages/airflow/example_dags/example_branch_operator.py for tasks to queue
[2024-06-14T16:45:17.690-0300] {logging_mixin.py:188} INFO - [2024-06-14T16:45:17.690-0300] {dagbag.py:545} INFO - Filling up the DagBag from /home/maira/projeto_indicium_engineering/venv/lib/python3.10/site-packages/airflow/example_dags/example_branch_operator.py
[2024-06-14T16:45:17.702-0300] {processor.py:840} INFO - DAG(s) 'example_branch_operator' retrieved from /home/maira/projeto_indicium_engineering/venv/lib/python3.10/site-packages/airflow/example_dags/example_branch_operator.py
[2024-06-14T16:45:17.718-0300] {logging_mixin.py:188} INFO - [2024-06-14T16:45:17.718-0300] {dag.py:3096} INFO - Sync 1 DAGs
[2024-06-14T16:45:17.732-0300] {logging_mixin.py:188} INFO - [2024-06-14T16:45:17.732-0300] {dag.py:3954} INFO - Setting next_dagrun for example_branch_operator to 2024-06-13 00:00:00+00:00, run_after=2024-06-14 00:00:00+00:00
[2024-06-14T16:45:17.753-0300] {processor.py:183} INFO - Processing /home/maira/projeto_indicium_engineering/venv/lib/python3.10/site-packages/airflow/example_dags/example_branch_operator.py took 0.071 seconds
[2024-06-14T16:46:19.389-0300] {processor.py:161} INFO - Started process (PID=91007) to work on /home/maira/projeto_indicium_engineering/venv/lib/python3.10/site-packages/airflow/example_dags/example_branch_operator.py
[2024-06-14T16:46:19.391-0300] {processor.py:830} INFO - Processing file /home/maira/projeto_indicium_engineering/venv/lib/python3.10/site-packages/airflow/example_dags/example_branch_operator.py for tasks to queue
[2024-06-14T16:46:19.392-0300] {logging_mixin.py:188} INFO - [2024-06-14T16:46:19.392-0300] {dagbag.py:545} INFO - Filling up the DagBag from /home/maira/projeto_indicium_engineering/venv/lib/python3.10/site-packages/airflow/example_dags/example_branch_operator.py
[2024-06-14T16:46:19.404-0300] {processor.py:840} INFO - DAG(s) 'example_branch_operator' retrieved from /home/maira/projeto_indicium_engineering/venv/lib/python3.10/site-packages/airflow/example_dags/example_branch_operator.py
[2024-06-14T16:46:19.421-0300] {logging_mixin.py:188} INFO - [2024-06-14T16:46:19.420-0300] {dag.py:3096} INFO - Sync 1 DAGs
[2024-06-14T16:46:19.434-0300] {logging_mixin.py:188} INFO - [2024-06-14T16:46:19.434-0300] {dag.py:3954} INFO - Setting next_dagrun for example_branch_operator to 2024-06-13 00:00:00+00:00, run_after=2024-06-14 00:00:00+00:00
[2024-06-14T16:46:19.456-0300] {processor.py:183} INFO - Processing /home/maira/projeto_indicium_engineering/venv/lib/python3.10/site-packages/airflow/example_dags/example_branch_operator.py took 0.071 seconds
[2024-06-14T16:47:17.343-0300] {processor.py:161} INFO - Started process (PID=91295) to work on /home/maira/projeto_indicium_engineering/venv/lib/python3.10/site-packages/airflow/example_dags/example_branch_operator.py
[2024-06-14T16:47:17.344-0300] {processor.py:830} INFO - Processing file /home/maira/projeto_indicium_engineering/venv/lib/python3.10/site-packages/airflow/example_dags/example_branch_operator.py for tasks to queue
[2024-06-14T16:47:17.346-0300] {logging_mixin.py:188} INFO - [2024-06-14T16:47:17.346-0300] {dagbag.py:545} INFO - Filling up the DagBag from /home/maira/projeto_indicium_engineering/venv/lib/python3.10/site-packages/airflow/example_dags/example_branch_operator.py
[2024-06-14T16:47:17.357-0300] {processor.py:840} INFO - DAG(s) 'example_branch_operator' retrieved from /home/maira/projeto_indicium_engineering/venv/lib/python3.10/site-packages/airflow/example_dags/example_branch_operator.py
[2024-06-14T16:47:17.376-0300] {logging_mixin.py:188} INFO - [2024-06-14T16:47:17.375-0300] {dag.py:3096} INFO - Sync 1 DAGs
[2024-06-14T16:47:17.389-0300] {logging_mixin.py:188} INFO - [2024-06-14T16:47:17.389-0300] {dag.py:3954} INFO - Setting next_dagrun for example_branch_operator to 2024-06-13 00:00:00+00:00, run_after=2024-06-14 00:00:00+00:00
[2024-06-14T16:47:17.414-0300] {processor.py:183} INFO - Processing /home/maira/projeto_indicium_engineering/venv/lib/python3.10/site-packages/airflow/example_dags/example_branch_operator.py took 0.077 seconds
[2024-06-14T16:48:17.792-0300] {processor.py:161} INFO - Started process (PID=91594) to work on /home/maira/projeto_indicium_engineering/venv/lib/python3.10/site-packages/airflow/example_dags/example_branch_operator.py
[2024-06-14T16:48:17.793-0300] {processor.py:830} INFO - Processing file /home/maira/projeto_indicium_engineering/venv/lib/python3.10/site-packages/airflow/example_dags/example_branch_operator.py for tasks to queue
[2024-06-14T16:48:17.795-0300] {logging_mixin.py:188} INFO - [2024-06-14T16:48:17.794-0300] {dagbag.py:545} INFO - Filling up the DagBag from /home/maira/projeto_indicium_engineering/venv/lib/python3.10/site-packages/airflow/example_dags/example_branch_operator.py
[2024-06-14T16:48:17.807-0300] {processor.py:840} INFO - DAG(s) 'example_branch_operator' retrieved from /home/maira/projeto_indicium_engineering/venv/lib/python3.10/site-packages/airflow/example_dags/example_branch_operator.py
[2024-06-14T16:48:17.823-0300] {logging_mixin.py:188} INFO - [2024-06-14T16:48:17.823-0300] {dag.py:3096} INFO - Sync 1 DAGs
[2024-06-14T16:48:17.837-0300] {logging_mixin.py:188} INFO - [2024-06-14T16:48:17.837-0300] {dag.py:3954} INFO - Setting next_dagrun for example_branch_operator to 2024-06-13 00:00:00+00:00, run_after=2024-06-14 00:00:00+00:00
[2024-06-14T16:48:17.858-0300] {processor.py:183} INFO - Processing /home/maira/projeto_indicium_engineering/venv/lib/python3.10/site-packages/airflow/example_dags/example_branch_operator.py took 0.071 seconds
[2024-06-14T16:49:14.189-0300] {processor.py:161} INFO - Started process (PID=91874) to work on /home/maira/projeto_indicium_engineering/venv/lib/python3.10/site-packages/airflow/example_dags/example_branch_operator.py
[2024-06-14T16:49:14.191-0300] {processor.py:830} INFO - Processing file /home/maira/projeto_indicium_engineering/venv/lib/python3.10/site-packages/airflow/example_dags/example_branch_operator.py for tasks to queue
[2024-06-14T16:49:14.192-0300] {logging_mixin.py:188} INFO - [2024-06-14T16:49:14.192-0300] {dagbag.py:545} INFO - Filling up the DagBag from /home/maira/projeto_indicium_engineering/venv/lib/python3.10/site-packages/airflow/example_dags/example_branch_operator.py
[2024-06-14T16:49:14.205-0300] {processor.py:840} INFO - DAG(s) 'example_branch_operator' retrieved from /home/maira/projeto_indicium_engineering/venv/lib/python3.10/site-packages/airflow/example_dags/example_branch_operator.py
[2024-06-14T16:49:14.225-0300] {logging_mixin.py:188} INFO - [2024-06-14T16:49:14.225-0300] {dag.py:3096} INFO - Sync 1 DAGs
[2024-06-14T16:49:14.239-0300] {logging_mixin.py:188} INFO - [2024-06-14T16:49:14.239-0300] {dag.py:3954} INFO - Setting next_dagrun for example_branch_operator to 2024-06-13 00:00:00+00:00, run_after=2024-06-14 00:00:00+00:00
[2024-06-14T16:49:14.263-0300] {processor.py:183} INFO - Processing /home/maira/projeto_indicium_engineering/venv/lib/python3.10/site-packages/airflow/example_dags/example_branch_operator.py took 0.078 seconds
[2024-06-14T16:50:12.762-0300] {processor.py:161} INFO - Started process (PID=92165) to work on /home/maira/projeto_indicium_engineering/venv/lib/python3.10/site-packages/airflow/example_dags/example_branch_operator.py
[2024-06-14T16:50:12.764-0300] {processor.py:830} INFO - Processing file /home/maira/projeto_indicium_engineering/venv/lib/python3.10/site-packages/airflow/example_dags/example_branch_operator.py for tasks to queue
[2024-06-14T16:50:12.765-0300] {logging_mixin.py:188} INFO - [2024-06-14T16:50:12.765-0300] {dagbag.py:545} INFO - Filling up the DagBag from /home/maira/projeto_indicium_engineering/venv/lib/python3.10/site-packages/airflow/example_dags/example_branch_operator.py
[2024-06-14T16:50:12.782-0300] {processor.py:840} INFO - DAG(s) 'example_branch_operator' retrieved from /home/maira/projeto_indicium_engineering/venv/lib/python3.10/site-packages/airflow/example_dags/example_branch_operator.py
[2024-06-14T16:50:12.801-0300] {logging_mixin.py:188} INFO - [2024-06-14T16:50:12.800-0300] {dag.py:3096} INFO - Sync 1 DAGs
[2024-06-14T16:50:12.816-0300] {logging_mixin.py:188} INFO - [2024-06-14T16:50:12.816-0300] {dag.py:3954} INFO - Setting next_dagrun for example_branch_operator to 2024-06-13 00:00:00+00:00, run_after=2024-06-14 00:00:00+00:00
[2024-06-14T16:50:12.841-0300] {processor.py:183} INFO - Processing /home/maira/projeto_indicium_engineering/venv/lib/python3.10/site-packages/airflow/example_dags/example_branch_operator.py took 0.084 seconds
[2024-06-14T16:51:21.104-0300] {processor.py:161} INFO - Started process (PID=92500) to work on /home/maira/projeto_indicium_engineering/venv/lib/python3.10/site-packages/airflow/example_dags/example_branch_operator.py
[2024-06-14T16:51:21.106-0300] {processor.py:830} INFO - Processing file /home/maira/projeto_indicium_engineering/venv/lib/python3.10/site-packages/airflow/example_dags/example_branch_operator.py for tasks to queue
[2024-06-14T16:51:21.107-0300] {logging_mixin.py:188} INFO - [2024-06-14T16:51:21.107-0300] {dagbag.py:545} INFO - Filling up the DagBag from /home/maira/projeto_indicium_engineering/venv/lib/python3.10/site-packages/airflow/example_dags/example_branch_operator.py
[2024-06-14T16:51:21.122-0300] {processor.py:840} INFO - DAG(s) 'example_branch_operator' retrieved from /home/maira/projeto_indicium_engineering/venv/lib/python3.10/site-packages/airflow/example_dags/example_branch_operator.py
[2024-06-14T16:51:21.139-0300] {logging_mixin.py:188} INFO - [2024-06-14T16:51:21.139-0300] {dag.py:3096} INFO - Sync 1 DAGs
[2024-06-14T16:51:21.153-0300] {logging_mixin.py:188} INFO - [2024-06-14T16:51:21.153-0300] {dag.py:3954} INFO - Setting next_dagrun for example_branch_operator to 2024-06-13 00:00:00+00:00, run_after=2024-06-14 00:00:00+00:00
[2024-06-14T16:51:21.174-0300] {processor.py:183} INFO - Processing /home/maira/projeto_indicium_engineering/venv/lib/python3.10/site-packages/airflow/example_dags/example_branch_operator.py took 0.075 seconds
[2024-06-14T16:52:22.192-0300] {processor.py:161} INFO - Started process (PID=92804) to work on /home/maira/projeto_indicium_engineering/venv/lib/python3.10/site-packages/airflow/example_dags/example_branch_operator.py
[2024-06-14T16:52:22.194-0300] {processor.py:830} INFO - Processing file /home/maira/projeto_indicium_engineering/venv/lib/python3.10/site-packages/airflow/example_dags/example_branch_operator.py for tasks to queue
[2024-06-14T16:52:22.196-0300] {logging_mixin.py:188} INFO - [2024-06-14T16:52:22.195-0300] {dagbag.py:545} INFO - Filling up the DagBag from /home/maira/projeto_indicium_engineering/venv/lib/python3.10/site-packages/airflow/example_dags/example_branch_operator.py
[2024-06-14T16:52:22.211-0300] {processor.py:840} INFO - DAG(s) 'example_branch_operator' retrieved from /home/maira/projeto_indicium_engineering/venv/lib/python3.10/site-packages/airflow/example_dags/example_branch_operator.py
[2024-06-14T16:52:22.228-0300] {logging_mixin.py:188} INFO - [2024-06-14T16:52:22.228-0300] {dag.py:3096} INFO - Sync 1 DAGs
[2024-06-14T16:52:22.244-0300] {logging_mixin.py:188} INFO - [2024-06-14T16:52:22.244-0300] {dag.py:3954} INFO - Setting next_dagrun for example_branch_operator to 2024-06-13 00:00:00+00:00, run_after=2024-06-14 00:00:00+00:00
[2024-06-14T16:52:22.271-0300] {processor.py:183} INFO - Processing /home/maira/projeto_indicium_engineering/venv/lib/python3.10/site-packages/airflow/example_dags/example_branch_operator.py took 0.084 seconds
[2024-06-14T16:53:23.158-0300] {processor.py:161} INFO - Started process (PID=93105) to work on /home/maira/projeto_indicium_engineering/venv/lib/python3.10/site-packages/airflow/example_dags/example_branch_operator.py
[2024-06-14T16:53:23.160-0300] {processor.py:830} INFO - Processing file /home/maira/projeto_indicium_engineering/venv/lib/python3.10/site-packages/airflow/example_dags/example_branch_operator.py for tasks to queue
[2024-06-14T16:53:23.162-0300] {logging_mixin.py:188} INFO - [2024-06-14T16:53:23.161-0300] {dagbag.py:545} INFO - Filling up the DagBag from /home/maira/projeto_indicium_engineering/venv/lib/python3.10/site-packages/airflow/example_dags/example_branch_operator.py
[2024-06-14T16:53:23.183-0300] {processor.py:840} INFO - DAG(s) 'example_branch_operator' retrieved from /home/maira/projeto_indicium_engineering/venv/lib/python3.10/site-packages/airflow/example_dags/example_branch_operator.py
[2024-06-14T16:53:23.212-0300] {logging_mixin.py:188} INFO - [2024-06-14T16:53:23.211-0300] {dag.py:3096} INFO - Sync 1 DAGs
[2024-06-14T16:53:23.236-0300] {logging_mixin.py:188} INFO - [2024-06-14T16:53:23.236-0300] {dag.py:3954} INFO - Setting next_dagrun for example_branch_operator to 2024-06-13 00:00:00+00:00, run_after=2024-06-14 00:00:00+00:00
[2024-06-14T16:53:23.269-0300] {processor.py:183} INFO - Processing /home/maira/projeto_indicium_engineering/venv/lib/python3.10/site-packages/airflow/example_dags/example_branch_operator.py took 0.118 seconds
[2024-06-14T16:54:25.750-0300] {processor.py:161} INFO - Started process (PID=93414) to work on /home/maira/projeto_indicium_engineering/venv/lib/python3.10/site-packages/airflow/example_dags/example_branch_operator.py
[2024-06-14T16:54:25.752-0300] {processor.py:830} INFO - Processing file /home/maira/projeto_indicium_engineering/venv/lib/python3.10/site-packages/airflow/example_dags/example_branch_operator.py for tasks to queue
[2024-06-14T16:54:25.753-0300] {logging_mixin.py:188} INFO - [2024-06-14T16:54:25.753-0300] {dagbag.py:545} INFO - Filling up the DagBag from /home/maira/projeto_indicium_engineering/venv/lib/python3.10/site-packages/airflow/example_dags/example_branch_operator.py
[2024-06-14T16:54:25.766-0300] {processor.py:840} INFO - DAG(s) 'example_branch_operator' retrieved from /home/maira/projeto_indicium_engineering/venv/lib/python3.10/site-packages/airflow/example_dags/example_branch_operator.py
[2024-06-14T16:54:25.784-0300] {logging_mixin.py:188} INFO - [2024-06-14T16:54:25.784-0300] {dag.py:3096} INFO - Sync 1 DAGs
[2024-06-14T16:54:25.804-0300] {logging_mixin.py:188} INFO - [2024-06-14T16:54:25.804-0300] {dag.py:3954} INFO - Setting next_dagrun for example_branch_operator to 2024-06-13 00:00:00+00:00, run_after=2024-06-14 00:00:00+00:00
[2024-06-14T16:54:25.835-0300] {processor.py:183} INFO - Processing /home/maira/projeto_indicium_engineering/venv/lib/python3.10/site-packages/airflow/example_dags/example_branch_operator.py took 0.090 seconds
[2024-06-14T17:20:18.044-0300] {processor.py:161} INFO - Started process (PID=93769) to work on /home/maira/projeto_indicium_engineering/venv/lib/python3.10/site-packages/airflow/example_dags/example_branch_operator.py
[2024-06-14T17:20:18.045-0300] {processor.py:830} INFO - Processing file /home/maira/projeto_indicium_engineering/venv/lib/python3.10/site-packages/airflow/example_dags/example_branch_operator.py for tasks to queue
[2024-06-14T17:20:18.046-0300] {logging_mixin.py:188} INFO - [2024-06-14T17:20:18.046-0300] {dagbag.py:545} INFO - Filling up the DagBag from /home/maira/projeto_indicium_engineering/venv/lib/python3.10/site-packages/airflow/example_dags/example_branch_operator.py
[2024-06-14T17:20:18.060-0300] {processor.py:840} INFO - DAG(s) 'example_branch_operator' retrieved from /home/maira/projeto_indicium_engineering/venv/lib/python3.10/site-packages/airflow/example_dags/example_branch_operator.py
[2024-06-14T17:20:18.077-0300] {logging_mixin.py:188} INFO - [2024-06-14T17:20:18.076-0300] {dag.py:3096} INFO - Sync 1 DAGs
[2024-06-14T17:20:18.093-0300] {logging_mixin.py:188} INFO - [2024-06-14T17:20:18.093-0300] {dag.py:3954} INFO - Setting next_dagrun for example_branch_operator to 2024-06-13 00:00:00+00:00, run_after=2024-06-14 00:00:00+00:00
[2024-06-14T17:20:18.135-0300] {processor.py:183} INFO - Processing /home/maira/projeto_indicium_engineering/venv/lib/python3.10/site-packages/airflow/example_dags/example_branch_operator.py took 0.096 seconds
[2024-06-14T17:21:09.427-0300] {processor.py:161} INFO - Started process (PID=94026) to work on /home/maira/projeto_indicium_engineering/venv/lib/python3.10/site-packages/airflow/example_dags/example_branch_operator.py
[2024-06-14T17:21:09.429-0300] {processor.py:830} INFO - Processing file /home/maira/projeto_indicium_engineering/venv/lib/python3.10/site-packages/airflow/example_dags/example_branch_operator.py for tasks to queue
[2024-06-14T17:21:09.431-0300] {logging_mixin.py:188} INFO - [2024-06-14T17:21:09.430-0300] {dagbag.py:545} INFO - Filling up the DagBag from /home/maira/projeto_indicium_engineering/venv/lib/python3.10/site-packages/airflow/example_dags/example_branch_operator.py
[2024-06-14T17:21:09.443-0300] {processor.py:840} INFO - DAG(s) 'example_branch_operator' retrieved from /home/maira/projeto_indicium_engineering/venv/lib/python3.10/site-packages/airflow/example_dags/example_branch_operator.py
[2024-06-14T17:21:09.460-0300] {logging_mixin.py:188} INFO - [2024-06-14T17:21:09.460-0300] {dag.py:3096} INFO - Sync 1 DAGs
[2024-06-14T17:21:09.474-0300] {logging_mixin.py:188} INFO - [2024-06-14T17:21:09.474-0300] {dag.py:3954} INFO - Setting next_dagrun for example_branch_operator to 2024-06-13 00:00:00+00:00, run_after=2024-06-14 00:00:00+00:00
[2024-06-14T17:21:09.498-0300] {processor.py:183} INFO - Processing /home/maira/projeto_indicium_engineering/venv/lib/python3.10/site-packages/airflow/example_dags/example_branch_operator.py took 0.076 seconds
[2024-06-14T17:22:10.023-0300] {processor.py:161} INFO - Started process (PID=94325) to work on /home/maira/projeto_indicium_engineering/venv/lib/python3.10/site-packages/airflow/example_dags/example_branch_operator.py
[2024-06-14T17:22:10.024-0300] {processor.py:830} INFO - Processing file /home/maira/projeto_indicium_engineering/venv/lib/python3.10/site-packages/airflow/example_dags/example_branch_operator.py for tasks to queue
[2024-06-14T17:22:10.025-0300] {logging_mixin.py:188} INFO - [2024-06-14T17:22:10.025-0300] {dagbag.py:545} INFO - Filling up the DagBag from /home/maira/projeto_indicium_engineering/venv/lib/python3.10/site-packages/airflow/example_dags/example_branch_operator.py
[2024-06-14T17:22:10.039-0300] {processor.py:840} INFO - DAG(s) 'example_branch_operator' retrieved from /home/maira/projeto_indicium_engineering/venv/lib/python3.10/site-packages/airflow/example_dags/example_branch_operator.py
[2024-06-14T17:22:10.055-0300] {logging_mixin.py:188} INFO - [2024-06-14T17:22:10.055-0300] {dag.py:3096} INFO - Sync 1 DAGs
[2024-06-14T17:22:10.069-0300] {logging_mixin.py:188} INFO - [2024-06-14T17:22:10.068-0300] {dag.py:3954} INFO - Setting next_dagrun for example_branch_operator to 2024-06-13 00:00:00+00:00, run_after=2024-06-14 00:00:00+00:00
[2024-06-14T17:22:10.091-0300] {processor.py:183} INFO - Processing /home/maira/projeto_indicium_engineering/venv/lib/python3.10/site-packages/airflow/example_dags/example_branch_operator.py took 0.073 seconds
[2024-06-14T17:23:10.839-0300] {processor.py:161} INFO - Started process (PID=94626) to work on /home/maira/projeto_indicium_engineering/venv/lib/python3.10/site-packages/airflow/example_dags/example_branch_operator.py
[2024-06-14T17:23:10.841-0300] {processor.py:830} INFO - Processing file /home/maira/projeto_indicium_engineering/venv/lib/python3.10/site-packages/airflow/example_dags/example_branch_operator.py for tasks to queue
[2024-06-14T17:23:10.842-0300] {logging_mixin.py:188} INFO - [2024-06-14T17:23:10.841-0300] {dagbag.py:545} INFO - Filling up the DagBag from /home/maira/projeto_indicium_engineering/venv/lib/python3.10/site-packages/airflow/example_dags/example_branch_operator.py
[2024-06-14T17:23:10.853-0300] {processor.py:840} INFO - DAG(s) 'example_branch_operator' retrieved from /home/maira/projeto_indicium_engineering/venv/lib/python3.10/site-packages/airflow/example_dags/example_branch_operator.py
[2024-06-14T17:23:10.870-0300] {logging_mixin.py:188} INFO - [2024-06-14T17:23:10.869-0300] {dag.py:3096} INFO - Sync 1 DAGs
[2024-06-14T17:23:10.883-0300] {logging_mixin.py:188} INFO - [2024-06-14T17:23:10.883-0300] {dag.py:3954} INFO - Setting next_dagrun for example_branch_operator to 2024-06-13 00:00:00+00:00, run_after=2024-06-14 00:00:00+00:00
[2024-06-14T17:23:10.906-0300] {processor.py:183} INFO - Processing /home/maira/projeto_indicium_engineering/venv/lib/python3.10/site-packages/airflow/example_dags/example_branch_operator.py took 0.072 seconds
[2024-06-14T17:24:12.519-0300] {processor.py:161} INFO - Started process (PID=94931) to work on /home/maira/projeto_indicium_engineering/venv/lib/python3.10/site-packages/airflow/example_dags/example_branch_operator.py
[2024-06-14T17:24:12.521-0300] {processor.py:830} INFO - Processing file /home/maira/projeto_indicium_engineering/venv/lib/python3.10/site-packages/airflow/example_dags/example_branch_operator.py for tasks to queue
[2024-06-14T17:24:12.522-0300] {logging_mixin.py:188} INFO - [2024-06-14T17:24:12.522-0300] {dagbag.py:545} INFO - Filling up the DagBag from /home/maira/projeto_indicium_engineering/venv/lib/python3.10/site-packages/airflow/example_dags/example_branch_operator.py
[2024-06-14T17:24:12.534-0300] {processor.py:840} INFO - DAG(s) 'example_branch_operator' retrieved from /home/maira/projeto_indicium_engineering/venv/lib/python3.10/site-packages/airflow/example_dags/example_branch_operator.py
[2024-06-14T17:24:12.551-0300] {logging_mixin.py:188} INFO - [2024-06-14T17:24:12.550-0300] {dag.py:3096} INFO - Sync 1 DAGs
[2024-06-14T17:24:12.564-0300] {logging_mixin.py:188} INFO - [2024-06-14T17:24:12.564-0300] {dag.py:3954} INFO - Setting next_dagrun for example_branch_operator to 2024-06-13 00:00:00+00:00, run_after=2024-06-14 00:00:00+00:00
[2024-06-14T17:24:12.585-0300] {processor.py:183} INFO - Processing /home/maira/projeto_indicium_engineering/venv/lib/python3.10/site-packages/airflow/example_dags/example_branch_operator.py took 0.071 seconds
[2024-06-14T17:25:24.984-0300] {processor.py:161} INFO - Started process (PID=95286) to work on /home/maira/projeto_indicium_engineering/venv/lib/python3.10/site-packages/airflow/example_dags/example_branch_operator.py
[2024-06-14T17:25:24.986-0300] {processor.py:830} INFO - Processing file /home/maira/projeto_indicium_engineering/venv/lib/python3.10/site-packages/airflow/example_dags/example_branch_operator.py for tasks to queue
[2024-06-14T17:25:24.988-0300] {logging_mixin.py:188} INFO - [2024-06-14T17:25:24.988-0300] {dagbag.py:545} INFO - Filling up the DagBag from /home/maira/projeto_indicium_engineering/venv/lib/python3.10/site-packages/airflow/example_dags/example_branch_operator.py
[2024-06-14T17:25:25.000-0300] {processor.py:840} INFO - DAG(s) 'example_branch_operator' retrieved from /home/maira/projeto_indicium_engineering/venv/lib/python3.10/site-packages/airflow/example_dags/example_branch_operator.py
[2024-06-14T17:25:25.019-0300] {logging_mixin.py:188} INFO - [2024-06-14T17:25:25.019-0300] {dag.py:3096} INFO - Sync 1 DAGs
[2024-06-14T17:25:25.035-0300] {logging_mixin.py:188} INFO - [2024-06-14T17:25:25.035-0300] {dag.py:3954} INFO - Setting next_dagrun for example_branch_operator to 2024-06-13 00:00:00+00:00, run_after=2024-06-14 00:00:00+00:00
[2024-06-14T17:25:25.059-0300] {processor.py:183} INFO - Processing /home/maira/projeto_indicium_engineering/venv/lib/python3.10/site-packages/airflow/example_dags/example_branch_operator.py took 0.079 seconds
[2024-06-14T17:26:22.122-0300] {processor.py:161} INFO - Started process (PID=95571) to work on /home/maira/projeto_indicium_engineering/venv/lib/python3.10/site-packages/airflow/example_dags/example_branch_operator.py
[2024-06-14T17:26:22.124-0300] {processor.py:830} INFO - Processing file /home/maira/projeto_indicium_engineering/venv/lib/python3.10/site-packages/airflow/example_dags/example_branch_operator.py for tasks to queue
[2024-06-14T17:26:22.126-0300] {logging_mixin.py:188} INFO - [2024-06-14T17:26:22.126-0300] {dagbag.py:545} INFO - Filling up the DagBag from /home/maira/projeto_indicium_engineering/venv/lib/python3.10/site-packages/airflow/example_dags/example_branch_operator.py
[2024-06-14T17:26:22.138-0300] {processor.py:840} INFO - DAG(s) 'example_branch_operator' retrieved from /home/maira/projeto_indicium_engineering/venv/lib/python3.10/site-packages/airflow/example_dags/example_branch_operator.py
[2024-06-14T17:26:22.154-0300] {logging_mixin.py:188} INFO - [2024-06-14T17:26:22.154-0300] {dag.py:3096} INFO - Sync 1 DAGs
[2024-06-14T17:26:22.169-0300] {logging_mixin.py:188} INFO - [2024-06-14T17:26:22.168-0300] {dag.py:3954} INFO - Setting next_dagrun for example_branch_operator to 2024-06-13 00:00:00+00:00, run_after=2024-06-14 00:00:00+00:00
[2024-06-14T17:26:22.194-0300] {processor.py:183} INFO - Processing /home/maira/projeto_indicium_engineering/venv/lib/python3.10/site-packages/airflow/example_dags/example_branch_operator.py took 0.077 seconds
[2024-06-14T17:27:22.185-0300] {processor.py:161} INFO - Started process (PID=95866) to work on /home/maira/projeto_indicium_engineering/venv/lib/python3.10/site-packages/airflow/example_dags/example_branch_operator.py
[2024-06-14T17:27:22.186-0300] {processor.py:830} INFO - Processing file /home/maira/projeto_indicium_engineering/venv/lib/python3.10/site-packages/airflow/example_dags/example_branch_operator.py for tasks to queue
[2024-06-14T17:27:22.187-0300] {logging_mixin.py:188} INFO - [2024-06-14T17:27:22.187-0300] {dagbag.py:545} INFO - Filling up the DagBag from /home/maira/projeto_indicium_engineering/venv/lib/python3.10/site-packages/airflow/example_dags/example_branch_operator.py
[2024-06-14T17:27:22.200-0300] {processor.py:840} INFO - DAG(s) 'example_branch_operator' retrieved from /home/maira/projeto_indicium_engineering/venv/lib/python3.10/site-packages/airflow/example_dags/example_branch_operator.py
[2024-06-14T17:27:22.216-0300] {logging_mixin.py:188} INFO - [2024-06-14T17:27:22.216-0300] {dag.py:3096} INFO - Sync 1 DAGs
[2024-06-14T17:27:22.230-0300] {logging_mixin.py:188} INFO - [2024-06-14T17:27:22.230-0300] {dag.py:3954} INFO - Setting next_dagrun for example_branch_operator to 2024-06-13 00:00:00+00:00, run_after=2024-06-14 00:00:00+00:00
[2024-06-14T17:27:22.252-0300] {processor.py:183} INFO - Processing /home/maira/projeto_indicium_engineering/venv/lib/python3.10/site-packages/airflow/example_dags/example_branch_operator.py took 0.072 seconds
[2024-06-14T17:28:21.763-0300] {processor.py:161} INFO - Started process (PID=96162) to work on /home/maira/projeto_indicium_engineering/venv/lib/python3.10/site-packages/airflow/example_dags/example_branch_operator.py
[2024-06-14T17:28:21.764-0300] {processor.py:830} INFO - Processing file /home/maira/projeto_indicium_engineering/venv/lib/python3.10/site-packages/airflow/example_dags/example_branch_operator.py for tasks to queue
[2024-06-14T17:28:21.766-0300] {logging_mixin.py:188} INFO - [2024-06-14T17:28:21.765-0300] {dagbag.py:545} INFO - Filling up the DagBag from /home/maira/projeto_indicium_engineering/venv/lib/python3.10/site-packages/airflow/example_dags/example_branch_operator.py
[2024-06-14T17:28:21.779-0300] {processor.py:840} INFO - DAG(s) 'example_branch_operator' retrieved from /home/maira/projeto_indicium_engineering/venv/lib/python3.10/site-packages/airflow/example_dags/example_branch_operator.py
[2024-06-14T17:28:21.795-0300] {logging_mixin.py:188} INFO - [2024-06-14T17:28:21.795-0300] {dag.py:3096} INFO - Sync 1 DAGs
[2024-06-14T17:28:21.809-0300] {logging_mixin.py:188} INFO - [2024-06-14T17:28:21.809-0300] {dag.py:3954} INFO - Setting next_dagrun for example_branch_operator to 2024-06-13 00:00:00+00:00, run_after=2024-06-14 00:00:00+00:00
[2024-06-14T17:28:21.829-0300] {processor.py:183} INFO - Processing /home/maira/projeto_indicium_engineering/venv/lib/python3.10/site-packages/airflow/example_dags/example_branch_operator.py took 0.071 seconds
[2024-06-14T17:29:16.172-0300] {processor.py:161} INFO - Started process (PID=96434) to work on /home/maira/projeto_indicium_engineering/venv/lib/python3.10/site-packages/airflow/example_dags/example_branch_operator.py
[2024-06-14T17:29:16.174-0300] {processor.py:830} INFO - Processing file /home/maira/projeto_indicium_engineering/venv/lib/python3.10/site-packages/airflow/example_dags/example_branch_operator.py for tasks to queue
[2024-06-14T17:29:16.175-0300] {logging_mixin.py:188} INFO - [2024-06-14T17:29:16.175-0300] {dagbag.py:545} INFO - Filling up the DagBag from /home/maira/projeto_indicium_engineering/venv/lib/python3.10/site-packages/airflow/example_dags/example_branch_operator.py
[2024-06-14T17:29:16.187-0300] {processor.py:840} INFO - DAG(s) 'example_branch_operator' retrieved from /home/maira/projeto_indicium_engineering/venv/lib/python3.10/site-packages/airflow/example_dags/example_branch_operator.py
[2024-06-14T17:29:16.204-0300] {logging_mixin.py:188} INFO - [2024-06-14T17:29:16.204-0300] {dag.py:3096} INFO - Sync 1 DAGs
[2024-06-14T17:29:16.218-0300] {logging_mixin.py:188} INFO - [2024-06-14T17:29:16.218-0300] {dag.py:3954} INFO - Setting next_dagrun for example_branch_operator to 2024-06-13 00:00:00+00:00, run_after=2024-06-14 00:00:00+00:00
[2024-06-14T17:29:16.239-0300] {processor.py:183} INFO - Processing /home/maira/projeto_indicium_engineering/venv/lib/python3.10/site-packages/airflow/example_dags/example_branch_operator.py took 0.071 seconds
[2024-06-14T17:30:16.715-0300] {processor.py:161} INFO - Started process (PID=96734) to work on /home/maira/projeto_indicium_engineering/venv/lib/python3.10/site-packages/airflow/example_dags/example_branch_operator.py
[2024-06-14T17:30:16.717-0300] {processor.py:830} INFO - Processing file /home/maira/projeto_indicium_engineering/venv/lib/python3.10/site-packages/airflow/example_dags/example_branch_operator.py for tasks to queue
[2024-06-14T17:30:16.719-0300] {logging_mixin.py:188} INFO - [2024-06-14T17:30:16.718-0300] {dagbag.py:545} INFO - Filling up the DagBag from /home/maira/projeto_indicium_engineering/venv/lib/python3.10/site-packages/airflow/example_dags/example_branch_operator.py
[2024-06-14T17:30:16.730-0300] {processor.py:840} INFO - DAG(s) 'example_branch_operator' retrieved from /home/maira/projeto_indicium_engineering/venv/lib/python3.10/site-packages/airflow/example_dags/example_branch_operator.py
[2024-06-14T17:30:16.746-0300] {logging_mixin.py:188} INFO - [2024-06-14T17:30:16.746-0300] {dag.py:3096} INFO - Sync 1 DAGs
[2024-06-14T17:30:16.761-0300] {logging_mixin.py:188} INFO - [2024-06-14T17:30:16.760-0300] {dag.py:3954} INFO - Setting next_dagrun for example_branch_operator to 2024-06-13 00:00:00+00:00, run_after=2024-06-14 00:00:00+00:00
[2024-06-14T17:30:16.783-0300] {processor.py:183} INFO - Processing /home/maira/projeto_indicium_engineering/venv/lib/python3.10/site-packages/airflow/example_dags/example_branch_operator.py took 0.072 seconds
[2024-06-14T17:31:16.472-0300] {processor.py:161} INFO - Started process (PID=97030) to work on /home/maira/projeto_indicium_engineering/venv/lib/python3.10/site-packages/airflow/example_dags/example_branch_operator.py
[2024-06-14T17:31:16.475-0300] {processor.py:830} INFO - Processing file /home/maira/projeto_indicium_engineering/venv/lib/python3.10/site-packages/airflow/example_dags/example_branch_operator.py for tasks to queue
[2024-06-14T17:31:16.476-0300] {logging_mixin.py:188} INFO - [2024-06-14T17:31:16.476-0300] {dagbag.py:545} INFO - Filling up the DagBag from /home/maira/projeto_indicium_engineering/venv/lib/python3.10/site-packages/airflow/example_dags/example_branch_operator.py
[2024-06-14T17:31:16.495-0300] {processor.py:840} INFO - DAG(s) 'example_branch_operator' retrieved from /home/maira/projeto_indicium_engineering/venv/lib/python3.10/site-packages/airflow/example_dags/example_branch_operator.py
[2024-06-14T17:31:16.518-0300] {logging_mixin.py:188} INFO - [2024-06-14T17:31:16.517-0300] {dag.py:3096} INFO - Sync 1 DAGs
[2024-06-14T17:31:16.537-0300] {logging_mixin.py:188} INFO - [2024-06-14T17:31:16.537-0300] {dag.py:3954} INFO - Setting next_dagrun for example_branch_operator to 2024-06-13 00:00:00+00:00, run_after=2024-06-14 00:00:00+00:00
[2024-06-14T17:31:16.577-0300] {processor.py:183} INFO - Processing /home/maira/projeto_indicium_engineering/venv/lib/python3.10/site-packages/airflow/example_dags/example_branch_operator.py took 0.110 seconds
[2024-06-14T17:32:25.265-0300] {processor.py:161} INFO - Started process (PID=97367) to work on /home/maira/projeto_indicium_engineering/venv/lib/python3.10/site-packages/airflow/example_dags/example_branch_operator.py
[2024-06-14T17:32:25.266-0300] {processor.py:830} INFO - Processing file /home/maira/projeto_indicium_engineering/venv/lib/python3.10/site-packages/airflow/example_dags/example_branch_operator.py for tasks to queue
[2024-06-14T17:32:25.268-0300] {logging_mixin.py:188} INFO - [2024-06-14T17:32:25.267-0300] {dagbag.py:545} INFO - Filling up the DagBag from /home/maira/projeto_indicium_engineering/venv/lib/python3.10/site-packages/airflow/example_dags/example_branch_operator.py
[2024-06-14T17:32:25.281-0300] {processor.py:840} INFO - DAG(s) 'example_branch_operator' retrieved from /home/maira/projeto_indicium_engineering/venv/lib/python3.10/site-packages/airflow/example_dags/example_branch_operator.py
[2024-06-14T17:32:25.303-0300] {logging_mixin.py:188} INFO - [2024-06-14T17:32:25.302-0300] {dag.py:3096} INFO - Sync 1 DAGs
[2024-06-14T17:32:25.317-0300] {logging_mixin.py:188} INFO - [2024-06-14T17:32:25.317-0300] {dag.py:3954} INFO - Setting next_dagrun for example_branch_operator to 2024-06-13 00:00:00+00:00, run_after=2024-06-14 00:00:00+00:00
[2024-06-14T17:32:25.338-0300] {processor.py:183} INFO - Processing /home/maira/projeto_indicium_engineering/venv/lib/python3.10/site-packages/airflow/example_dags/example_branch_operator.py took 0.078 seconds
[2024-06-14T17:33:28.589-0300] {processor.py:161} INFO - Started process (PID=97679) to work on /home/maira/projeto_indicium_engineering/venv/lib/python3.10/site-packages/airflow/example_dags/example_branch_operator.py
[2024-06-14T17:33:28.591-0300] {processor.py:830} INFO - Processing file /home/maira/projeto_indicium_engineering/venv/lib/python3.10/site-packages/airflow/example_dags/example_branch_operator.py for tasks to queue
[2024-06-14T17:33:28.592-0300] {logging_mixin.py:188} INFO - [2024-06-14T17:33:28.592-0300] {dagbag.py:545} INFO - Filling up the DagBag from /home/maira/projeto_indicium_engineering/venv/lib/python3.10/site-packages/airflow/example_dags/example_branch_operator.py
[2024-06-14T17:33:28.604-0300] {processor.py:840} INFO - DAG(s) 'example_branch_operator' retrieved from /home/maira/projeto_indicium_engineering/venv/lib/python3.10/site-packages/airflow/example_dags/example_branch_operator.py
[2024-06-14T17:33:28.621-0300] {logging_mixin.py:188} INFO - [2024-06-14T17:33:28.620-0300] {dag.py:3096} INFO - Sync 1 DAGs
[2024-06-14T17:33:28.634-0300] {logging_mixin.py:188} INFO - [2024-06-14T17:33:28.634-0300] {dag.py:3954} INFO - Setting next_dagrun for example_branch_operator to 2024-06-13 00:00:00+00:00, run_after=2024-06-14 00:00:00+00:00
[2024-06-14T17:33:28.657-0300] {processor.py:183} INFO - Processing /home/maira/projeto_indicium_engineering/venv/lib/python3.10/site-packages/airflow/example_dags/example_branch_operator.py took 0.073 seconds
[2024-06-14T17:34:24.378-0300] {processor.py:161} INFO - Started process (PID=97958) to work on /home/maira/projeto_indicium_engineering/venv/lib/python3.10/site-packages/airflow/example_dags/example_branch_operator.py
[2024-06-14T17:34:24.380-0300] {processor.py:830} INFO - Processing file /home/maira/projeto_indicium_engineering/venv/lib/python3.10/site-packages/airflow/example_dags/example_branch_operator.py for tasks to queue
[2024-06-14T17:34:24.382-0300] {logging_mixin.py:188} INFO - [2024-06-14T17:34:24.381-0300] {dagbag.py:545} INFO - Filling up the DagBag from /home/maira/projeto_indicium_engineering/venv/lib/python3.10/site-packages/airflow/example_dags/example_branch_operator.py
[2024-06-14T17:34:24.395-0300] {processor.py:840} INFO - DAG(s) 'example_branch_operator' retrieved from /home/maira/projeto_indicium_engineering/venv/lib/python3.10/site-packages/airflow/example_dags/example_branch_operator.py
[2024-06-14T17:34:24.412-0300] {logging_mixin.py:188} INFO - [2024-06-14T17:34:24.411-0300] {dag.py:3096} INFO - Sync 1 DAGs
[2024-06-14T17:34:24.425-0300] {logging_mixin.py:188} INFO - [2024-06-14T17:34:24.425-0300] {dag.py:3954} INFO - Setting next_dagrun for example_branch_operator to 2024-06-13 00:00:00+00:00, run_after=2024-06-14 00:00:00+00:00
[2024-06-14T17:34:24.446-0300] {processor.py:183} INFO - Processing /home/maira/projeto_indicium_engineering/venv/lib/python3.10/site-packages/airflow/example_dags/example_branch_operator.py took 0.073 seconds
[2024-06-14T17:35:22.561-0300] {processor.py:161} INFO - Started process (PID=98249) to work on /home/maira/projeto_indicium_engineering/venv/lib/python3.10/site-packages/airflow/example_dags/example_branch_operator.py
[2024-06-14T17:35:22.565-0300] {processor.py:830} INFO - Processing file /home/maira/projeto_indicium_engineering/venv/lib/python3.10/site-packages/airflow/example_dags/example_branch_operator.py for tasks to queue
[2024-06-14T17:35:22.567-0300] {logging_mixin.py:188} INFO - [2024-06-14T17:35:22.567-0300] {dagbag.py:545} INFO - Filling up the DagBag from /home/maira/projeto_indicium_engineering/venv/lib/python3.10/site-packages/airflow/example_dags/example_branch_operator.py
[2024-06-14T17:35:22.579-0300] {processor.py:840} INFO - DAG(s) 'example_branch_operator' retrieved from /home/maira/projeto_indicium_engineering/venv/lib/python3.10/site-packages/airflow/example_dags/example_branch_operator.py
[2024-06-14T17:35:22.597-0300] {logging_mixin.py:188} INFO - [2024-06-14T17:35:22.597-0300] {dag.py:3096} INFO - Sync 1 DAGs
[2024-06-14T17:35:22.611-0300] {logging_mixin.py:188} INFO - [2024-06-14T17:35:22.611-0300] {dag.py:3954} INFO - Setting next_dagrun for example_branch_operator to 2024-06-13 00:00:00+00:00, run_after=2024-06-14 00:00:00+00:00
[2024-06-14T17:35:22.633-0300] {processor.py:183} INFO - Processing /home/maira/projeto_indicium_engineering/venv/lib/python3.10/site-packages/airflow/example_dags/example_branch_operator.py took 0.077 seconds
[2024-06-14T17:36:24.994-0300] {processor.py:161} INFO - Started process (PID=98557) to work on /home/maira/projeto_indicium_engineering/venv/lib/python3.10/site-packages/airflow/example_dags/example_branch_operator.py
[2024-06-14T17:36:24.996-0300] {processor.py:830} INFO - Processing file /home/maira/projeto_indicium_engineering/venv/lib/python3.10/site-packages/airflow/example_dags/example_branch_operator.py for tasks to queue
[2024-06-14T17:36:24.998-0300] {logging_mixin.py:188} INFO - [2024-06-14T17:36:24.997-0300] {dagbag.py:545} INFO - Filling up the DagBag from /home/maira/projeto_indicium_engineering/venv/lib/python3.10/site-packages/airflow/example_dags/example_branch_operator.py
[2024-06-14T17:36:25.016-0300] {processor.py:840} INFO - DAG(s) 'example_branch_operator' retrieved from /home/maira/projeto_indicium_engineering/venv/lib/python3.10/site-packages/airflow/example_dags/example_branch_operator.py
[2024-06-14T17:36:25.037-0300] {logging_mixin.py:188} INFO - [2024-06-14T17:36:25.037-0300] {dag.py:3096} INFO - Sync 1 DAGs
[2024-06-14T17:36:25.054-0300] {logging_mixin.py:188} INFO - [2024-06-14T17:36:25.054-0300] {dag.py:3954} INFO - Setting next_dagrun for example_branch_operator to 2024-06-13 00:00:00+00:00, run_after=2024-06-14 00:00:00+00:00
[2024-06-14T17:36:25.077-0300] {processor.py:183} INFO - Processing /home/maira/projeto_indicium_engineering/venv/lib/python3.10/site-packages/airflow/example_dags/example_branch_operator.py took 0.087 seconds
[2024-06-14T17:37:27.786-0300] {processor.py:161} INFO - Started process (PID=98868) to work on /home/maira/projeto_indicium_engineering/venv/lib/python3.10/site-packages/airflow/example_dags/example_branch_operator.py
[2024-06-14T17:37:27.788-0300] {processor.py:830} INFO - Processing file /home/maira/projeto_indicium_engineering/venv/lib/python3.10/site-packages/airflow/example_dags/example_branch_operator.py for tasks to queue
[2024-06-14T17:37:27.789-0300] {logging_mixin.py:188} INFO - [2024-06-14T17:37:27.789-0300] {dagbag.py:545} INFO - Filling up the DagBag from /home/maira/projeto_indicium_engineering/venv/lib/python3.10/site-packages/airflow/example_dags/example_branch_operator.py
[2024-06-14T17:37:27.802-0300] {processor.py:840} INFO - DAG(s) 'example_branch_operator' retrieved from /home/maira/projeto_indicium_engineering/venv/lib/python3.10/site-packages/airflow/example_dags/example_branch_operator.py
[2024-06-14T17:37:27.818-0300] {logging_mixin.py:188} INFO - [2024-06-14T17:37:27.818-0300] {dag.py:3096} INFO - Sync 1 DAGs
[2024-06-14T17:37:27.833-0300] {logging_mixin.py:188} INFO - [2024-06-14T17:37:27.833-0300] {dag.py:3954} INFO - Setting next_dagrun for example_branch_operator to 2024-06-13 00:00:00+00:00, run_after=2024-06-14 00:00:00+00:00
[2024-06-14T17:37:27.855-0300] {processor.py:183} INFO - Processing /home/maira/projeto_indicium_engineering/venv/lib/python3.10/site-packages/airflow/example_dags/example_branch_operator.py took 0.074 seconds
[2024-06-14T17:38:25.480-0300] {processor.py:161} INFO - Started process (PID=99154) to work on /home/maira/projeto_indicium_engineering/venv/lib/python3.10/site-packages/airflow/example_dags/example_branch_operator.py
[2024-06-14T17:38:25.482-0300] {processor.py:830} INFO - Processing file /home/maira/projeto_indicium_engineering/venv/lib/python3.10/site-packages/airflow/example_dags/example_branch_operator.py for tasks to queue
[2024-06-14T17:38:25.483-0300] {logging_mixin.py:188} INFO - [2024-06-14T17:38:25.483-0300] {dagbag.py:545} INFO - Filling up the DagBag from /home/maira/projeto_indicium_engineering/venv/lib/python3.10/site-packages/airflow/example_dags/example_branch_operator.py
[2024-06-14T17:38:25.499-0300] {processor.py:840} INFO - DAG(s) 'example_branch_operator' retrieved from /home/maira/projeto_indicium_engineering/venv/lib/python3.10/site-packages/airflow/example_dags/example_branch_operator.py
[2024-06-14T17:38:25.518-0300] {logging_mixin.py:188} INFO - [2024-06-14T17:38:25.518-0300] {dag.py:3096} INFO - Sync 1 DAGs
[2024-06-14T17:38:25.532-0300] {logging_mixin.py:188} INFO - [2024-06-14T17:38:25.532-0300] {dag.py:3954} INFO - Setting next_dagrun for example_branch_operator to 2024-06-13 00:00:00+00:00, run_after=2024-06-14 00:00:00+00:00
[2024-06-14T17:38:25.555-0300] {processor.py:183} INFO - Processing /home/maira/projeto_indicium_engineering/venv/lib/python3.10/site-packages/airflow/example_dags/example_branch_operator.py took 0.080 seconds
[2024-06-14T17:39:24.267-0300] {processor.py:161} INFO - Started process (PID=99446) to work on /home/maira/projeto_indicium_engineering/venv/lib/python3.10/site-packages/airflow/example_dags/example_branch_operator.py
[2024-06-14T17:39:24.269-0300] {processor.py:830} INFO - Processing file /home/maira/projeto_indicium_engineering/venv/lib/python3.10/site-packages/airflow/example_dags/example_branch_operator.py for tasks to queue
[2024-06-14T17:39:24.270-0300] {logging_mixin.py:188} INFO - [2024-06-14T17:39:24.270-0300] {dagbag.py:545} INFO - Filling up the DagBag from /home/maira/projeto_indicium_engineering/venv/lib/python3.10/site-packages/airflow/example_dags/example_branch_operator.py
[2024-06-14T17:39:24.285-0300] {processor.py:840} INFO - DAG(s) 'example_branch_operator' retrieved from /home/maira/projeto_indicium_engineering/venv/lib/python3.10/site-packages/airflow/example_dags/example_branch_operator.py
[2024-06-14T17:39:24.305-0300] {logging_mixin.py:188} INFO - [2024-06-14T17:39:24.305-0300] {dag.py:3096} INFO - Sync 1 DAGs
[2024-06-14T17:39:24.324-0300] {logging_mixin.py:188} INFO - [2024-06-14T17:39:24.324-0300] {dag.py:3954} INFO - Setting next_dagrun for example_branch_operator to 2024-06-13 00:00:00+00:00, run_after=2024-06-14 00:00:00+00:00
[2024-06-14T17:39:24.351-0300] {processor.py:183} INFO - Processing /home/maira/projeto_indicium_engineering/venv/lib/python3.10/site-packages/airflow/example_dags/example_branch_operator.py took 0.091 seconds
[2024-06-14T17:40:23.880-0300] {processor.py:161} INFO - Started process (PID=99742) to work on /home/maira/projeto_indicium_engineering/venv/lib/python3.10/site-packages/airflow/example_dags/example_branch_operator.py
[2024-06-14T17:40:23.882-0300] {processor.py:830} INFO - Processing file /home/maira/projeto_indicium_engineering/venv/lib/python3.10/site-packages/airflow/example_dags/example_branch_operator.py for tasks to queue
[2024-06-14T17:40:23.884-0300] {logging_mixin.py:188} INFO - [2024-06-14T17:40:23.884-0300] {dagbag.py:545} INFO - Filling up the DagBag from /home/maira/projeto_indicium_engineering/venv/lib/python3.10/site-packages/airflow/example_dags/example_branch_operator.py
[2024-06-14T17:40:23.896-0300] {processor.py:840} INFO - DAG(s) 'example_branch_operator' retrieved from /home/maira/projeto_indicium_engineering/venv/lib/python3.10/site-packages/airflow/example_dags/example_branch_operator.py
[2024-06-14T17:40:23.912-0300] {logging_mixin.py:188} INFO - [2024-06-14T17:40:23.912-0300] {dag.py:3096} INFO - Sync 1 DAGs
[2024-06-14T17:40:23.926-0300] {logging_mixin.py:188} INFO - [2024-06-14T17:40:23.926-0300] {dag.py:3954} INFO - Setting next_dagrun for example_branch_operator to 2024-06-13 00:00:00+00:00, run_after=2024-06-14 00:00:00+00:00
[2024-06-14T17:40:23.950-0300] {processor.py:183} INFO - Processing /home/maira/projeto_indicium_engineering/venv/lib/python3.10/site-packages/airflow/example_dags/example_branch_operator.py took 0.075 seconds
[2024-06-14T17:41:27.440-0300] {processor.py:161} INFO - Started process (PID=100055) to work on /home/maira/projeto_indicium_engineering/venv/lib/python3.10/site-packages/airflow/example_dags/example_branch_operator.py
[2024-06-14T17:41:27.442-0300] {processor.py:830} INFO - Processing file /home/maira/projeto_indicium_engineering/venv/lib/python3.10/site-packages/airflow/example_dags/example_branch_operator.py for tasks to queue
[2024-06-14T17:41:27.443-0300] {logging_mixin.py:188} INFO - [2024-06-14T17:41:27.443-0300] {dagbag.py:545} INFO - Filling up the DagBag from /home/maira/projeto_indicium_engineering/venv/lib/python3.10/site-packages/airflow/example_dags/example_branch_operator.py
[2024-06-14T17:41:27.456-0300] {processor.py:840} INFO - DAG(s) 'example_branch_operator' retrieved from /home/maira/projeto_indicium_engineering/venv/lib/python3.10/site-packages/airflow/example_dags/example_branch_operator.py
[2024-06-14T17:41:27.474-0300] {logging_mixin.py:188} INFO - [2024-06-14T17:41:27.473-0300] {dag.py:3096} INFO - Sync 1 DAGs
[2024-06-14T17:41:27.488-0300] {logging_mixin.py:188} INFO - [2024-06-14T17:41:27.487-0300] {dag.py:3954} INFO - Setting next_dagrun for example_branch_operator to 2024-06-13 00:00:00+00:00, run_after=2024-06-14 00:00:00+00:00
[2024-06-14T17:41:27.509-0300] {processor.py:183} INFO - Processing /home/maira/projeto_indicium_engineering/venv/lib/python3.10/site-packages/airflow/example_dags/example_branch_operator.py took 0.074 seconds
[2024-06-14T17:42:27.098-0300] {processor.py:161} INFO - Started process (PID=100351) to work on /home/maira/projeto_indicium_engineering/venv/lib/python3.10/site-packages/airflow/example_dags/example_branch_operator.py
[2024-06-14T17:42:27.100-0300] {processor.py:830} INFO - Processing file /home/maira/projeto_indicium_engineering/venv/lib/python3.10/site-packages/airflow/example_dags/example_branch_operator.py for tasks to queue
[2024-06-14T17:42:27.101-0300] {logging_mixin.py:188} INFO - [2024-06-14T17:42:27.101-0300] {dagbag.py:545} INFO - Filling up the DagBag from /home/maira/projeto_indicium_engineering/venv/lib/python3.10/site-packages/airflow/example_dags/example_branch_operator.py
[2024-06-14T17:42:27.115-0300] {processor.py:840} INFO - DAG(s) 'example_branch_operator' retrieved from /home/maira/projeto_indicium_engineering/venv/lib/python3.10/site-packages/airflow/example_dags/example_branch_operator.py
[2024-06-14T17:42:27.131-0300] {logging_mixin.py:188} INFO - [2024-06-14T17:42:27.131-0300] {dag.py:3096} INFO - Sync 1 DAGs
[2024-06-14T17:42:27.145-0300] {logging_mixin.py:188} INFO - [2024-06-14T17:42:27.145-0300] {dag.py:3954} INFO - Setting next_dagrun for example_branch_operator to 2024-06-13 00:00:00+00:00, run_after=2024-06-14 00:00:00+00:00
[2024-06-14T17:42:27.169-0300] {processor.py:183} INFO - Processing /home/maira/projeto_indicium_engineering/venv/lib/python3.10/site-packages/airflow/example_dags/example_branch_operator.py took 0.075 seconds
[2024-06-14T17:43:26.071-0300] {processor.py:161} INFO - Started process (PID=100645) to work on /home/maira/projeto_indicium_engineering/venv/lib/python3.10/site-packages/airflow/example_dags/example_branch_operator.py
[2024-06-14T17:43:26.073-0300] {processor.py:830} INFO - Processing file /home/maira/projeto_indicium_engineering/venv/lib/python3.10/site-packages/airflow/example_dags/example_branch_operator.py for tasks to queue
[2024-06-14T17:43:26.075-0300] {logging_mixin.py:188} INFO - [2024-06-14T17:43:26.075-0300] {dagbag.py:545} INFO - Filling up the DagBag from /home/maira/projeto_indicium_engineering/venv/lib/python3.10/site-packages/airflow/example_dags/example_branch_operator.py
[2024-06-14T17:43:26.088-0300] {processor.py:840} INFO - DAG(s) 'example_branch_operator' retrieved from /home/maira/projeto_indicium_engineering/venv/lib/python3.10/site-packages/airflow/example_dags/example_branch_operator.py
[2024-06-14T17:43:26.105-0300] {logging_mixin.py:188} INFO - [2024-06-14T17:43:26.105-0300] {dag.py:3096} INFO - Sync 1 DAGs
[2024-06-14T17:43:26.120-0300] {logging_mixin.py:188} INFO - [2024-06-14T17:43:26.120-0300] {dag.py:3954} INFO - Setting next_dagrun for example_branch_operator to 2024-06-13 00:00:00+00:00, run_after=2024-06-14 00:00:00+00:00
[2024-06-14T17:43:26.141-0300] {processor.py:183} INFO - Processing /home/maira/projeto_indicium_engineering/venv/lib/python3.10/site-packages/airflow/example_dags/example_branch_operator.py took 0.075 seconds
[2024-06-14T17:44:20.367-0300] {processor.py:161} INFO - Started process (PID=100916) to work on /home/maira/projeto_indicium_engineering/venv/lib/python3.10/site-packages/airflow/example_dags/example_branch_operator.py
[2024-06-14T17:44:20.368-0300] {processor.py:830} INFO - Processing file /home/maira/projeto_indicium_engineering/venv/lib/python3.10/site-packages/airflow/example_dags/example_branch_operator.py for tasks to queue
[2024-06-14T17:44:20.369-0300] {logging_mixin.py:188} INFO - [2024-06-14T17:44:20.369-0300] {dagbag.py:545} INFO - Filling up the DagBag from /home/maira/projeto_indicium_engineering/venv/lib/python3.10/site-packages/airflow/example_dags/example_branch_operator.py
[2024-06-14T17:44:20.383-0300] {processor.py:840} INFO - DAG(s) 'example_branch_operator' retrieved from /home/maira/projeto_indicium_engineering/venv/lib/python3.10/site-packages/airflow/example_dags/example_branch_operator.py
[2024-06-14T17:44:20.401-0300] {logging_mixin.py:188} INFO - [2024-06-14T17:44:20.401-0300] {dag.py:3096} INFO - Sync 1 DAGs
[2024-06-14T17:44:20.417-0300] {logging_mixin.py:188} INFO - [2024-06-14T17:44:20.417-0300] {dag.py:3954} INFO - Setting next_dagrun for example_branch_operator to 2024-06-13 00:00:00+00:00, run_after=2024-06-14 00:00:00+00:00
[2024-06-14T17:44:20.439-0300] {processor.py:183} INFO - Processing /home/maira/projeto_indicium_engineering/venv/lib/python3.10/site-packages/airflow/example_dags/example_branch_operator.py took 0.078 seconds
[2024-06-14T17:45:20.281-0300] {processor.py:161} INFO - Started process (PID=101215) to work on /home/maira/projeto_indicium_engineering/venv/lib/python3.10/site-packages/airflow/example_dags/example_branch_operator.py
[2024-06-14T17:45:20.286-0300] {processor.py:830} INFO - Processing file /home/maira/projeto_indicium_engineering/venv/lib/python3.10/site-packages/airflow/example_dags/example_branch_operator.py for tasks to queue
[2024-06-14T17:45:20.288-0300] {logging_mixin.py:188} INFO - [2024-06-14T17:45:20.287-0300] {dagbag.py:545} INFO - Filling up the DagBag from /home/maira/projeto_indicium_engineering/venv/lib/python3.10/site-packages/airflow/example_dags/example_branch_operator.py
[2024-06-14T17:45:20.299-0300] {processor.py:840} INFO - DAG(s) 'example_branch_operator' retrieved from /home/maira/projeto_indicium_engineering/venv/lib/python3.10/site-packages/airflow/example_dags/example_branch_operator.py
[2024-06-14T17:45:20.316-0300] {logging_mixin.py:188} INFO - [2024-06-14T17:45:20.316-0300] {dag.py:3096} INFO - Sync 1 DAGs
[2024-06-14T17:45:20.331-0300] {logging_mixin.py:188} INFO - [2024-06-14T17:45:20.330-0300] {dag.py:3954} INFO - Setting next_dagrun for example_branch_operator to 2024-06-13 00:00:00+00:00, run_after=2024-06-14 00:00:00+00:00
[2024-06-14T17:45:20.356-0300] {processor.py:183} INFO - Processing /home/maira/projeto_indicium_engineering/venv/lib/python3.10/site-packages/airflow/example_dags/example_branch_operator.py took 0.080 seconds
[2024-06-14T17:46:20.854-0300] {processor.py:161} INFO - Started process (PID=101515) to work on /home/maira/projeto_indicium_engineering/venv/lib/python3.10/site-packages/airflow/example_dags/example_branch_operator.py
[2024-06-14T17:46:20.856-0300] {processor.py:830} INFO - Processing file /home/maira/projeto_indicium_engineering/venv/lib/python3.10/site-packages/airflow/example_dags/example_branch_operator.py for tasks to queue
[2024-06-14T17:46:20.858-0300] {logging_mixin.py:188} INFO - [2024-06-14T17:46:20.858-0300] {dagbag.py:545} INFO - Filling up the DagBag from /home/maira/projeto_indicium_engineering/venv/lib/python3.10/site-packages/airflow/example_dags/example_branch_operator.py
[2024-06-14T17:46:20.871-0300] {processor.py:840} INFO - DAG(s) 'example_branch_operator' retrieved from /home/maira/projeto_indicium_engineering/venv/lib/python3.10/site-packages/airflow/example_dags/example_branch_operator.py
[2024-06-14T17:46:20.887-0300] {logging_mixin.py:188} INFO - [2024-06-14T17:46:20.887-0300] {dag.py:3096} INFO - Sync 1 DAGs
[2024-06-14T17:46:20.901-0300] {logging_mixin.py:188} INFO - [2024-06-14T17:46:20.901-0300] {dag.py:3954} INFO - Setting next_dagrun for example_branch_operator to 2024-06-13 00:00:00+00:00, run_after=2024-06-14 00:00:00+00:00
[2024-06-14T17:46:20.923-0300] {processor.py:183} INFO - Processing /home/maira/projeto_indicium_engineering/venv/lib/python3.10/site-packages/airflow/example_dags/example_branch_operator.py took 0.074 seconds
[2024-06-14T17:47:20.620-0300] {processor.py:161} INFO - Started process (PID=101813) to work on /home/maira/projeto_indicium_engineering/venv/lib/python3.10/site-packages/airflow/example_dags/example_branch_operator.py
[2024-06-14T17:47:20.623-0300] {processor.py:830} INFO - Processing file /home/maira/projeto_indicium_engineering/venv/lib/python3.10/site-packages/airflow/example_dags/example_branch_operator.py for tasks to queue
[2024-06-14T17:47:20.625-0300] {logging_mixin.py:188} INFO - [2024-06-14T17:47:20.625-0300] {dagbag.py:545} INFO - Filling up the DagBag from /home/maira/projeto_indicium_engineering/venv/lib/python3.10/site-packages/airflow/example_dags/example_branch_operator.py
[2024-06-14T17:47:20.642-0300] {processor.py:840} INFO - DAG(s) 'example_branch_operator' retrieved from /home/maira/projeto_indicium_engineering/venv/lib/python3.10/site-packages/airflow/example_dags/example_branch_operator.py
[2024-06-14T17:47:20.661-0300] {logging_mixin.py:188} INFO - [2024-06-14T17:47:20.661-0300] {dag.py:3096} INFO - Sync 1 DAGs
[2024-06-14T17:47:20.677-0300] {logging_mixin.py:188} INFO - [2024-06-14T17:47:20.676-0300] {dag.py:3954} INFO - Setting next_dagrun for example_branch_operator to 2024-06-13 00:00:00+00:00, run_after=2024-06-14 00:00:00+00:00
[2024-06-14T17:47:20.702-0300] {processor.py:183} INFO - Processing /home/maira/projeto_indicium_engineering/venv/lib/python3.10/site-packages/airflow/example_dags/example_branch_operator.py took 0.089 seconds
[2024-06-14T17:48:21.470-0300] {processor.py:161} INFO - Started process (PID=102113) to work on /home/maira/projeto_indicium_engineering/venv/lib/python3.10/site-packages/airflow/example_dags/example_branch_operator.py
[2024-06-14T17:48:21.472-0300] {processor.py:830} INFO - Processing file /home/maira/projeto_indicium_engineering/venv/lib/python3.10/site-packages/airflow/example_dags/example_branch_operator.py for tasks to queue
[2024-06-14T17:48:21.473-0300] {logging_mixin.py:188} INFO - [2024-06-14T17:48:21.473-0300] {dagbag.py:545} INFO - Filling up the DagBag from /home/maira/projeto_indicium_engineering/venv/lib/python3.10/site-packages/airflow/example_dags/example_branch_operator.py
[2024-06-14T17:48:21.486-0300] {processor.py:840} INFO - DAG(s) 'example_branch_operator' retrieved from /home/maira/projeto_indicium_engineering/venv/lib/python3.10/site-packages/airflow/example_dags/example_branch_operator.py
[2024-06-14T17:48:21.503-0300] {logging_mixin.py:188} INFO - [2024-06-14T17:48:21.503-0300] {dag.py:3096} INFO - Sync 1 DAGs
[2024-06-14T17:48:21.517-0300] {logging_mixin.py:188} INFO - [2024-06-14T17:48:21.517-0300] {dag.py:3954} INFO - Setting next_dagrun for example_branch_operator to 2024-06-13 00:00:00+00:00, run_after=2024-06-14 00:00:00+00:00
[2024-06-14T17:48:21.631-0300] {processor.py:183} INFO - Processing /home/maira/projeto_indicium_engineering/venv/lib/python3.10/site-packages/airflow/example_dags/example_branch_operator.py took 0.166 seconds
[2024-06-14T17:49:25.121-0300] {processor.py:161} INFO - Started process (PID=102428) to work on /home/maira/projeto_indicium_engineering/venv/lib/python3.10/site-packages/airflow/example_dags/example_branch_operator.py
[2024-06-14T17:49:25.123-0300] {processor.py:830} INFO - Processing file /home/maira/projeto_indicium_engineering/venv/lib/python3.10/site-packages/airflow/example_dags/example_branch_operator.py for tasks to queue
[2024-06-14T17:49:25.125-0300] {logging_mixin.py:188} INFO - [2024-06-14T17:49:25.125-0300] {dagbag.py:545} INFO - Filling up the DagBag from /home/maira/projeto_indicium_engineering/venv/lib/python3.10/site-packages/airflow/example_dags/example_branch_operator.py
[2024-06-14T17:49:25.138-0300] {processor.py:840} INFO - DAG(s) 'example_branch_operator' retrieved from /home/maira/projeto_indicium_engineering/venv/lib/python3.10/site-packages/airflow/example_dags/example_branch_operator.py
[2024-06-14T17:49:25.154-0300] {logging_mixin.py:188} INFO - [2024-06-14T17:49:25.154-0300] {dag.py:3096} INFO - Sync 1 DAGs
[2024-06-14T17:49:25.169-0300] {logging_mixin.py:188} INFO - [2024-06-14T17:49:25.168-0300] {dag.py:3954} INFO - Setting next_dagrun for example_branch_operator to 2024-06-13 00:00:00+00:00, run_after=2024-06-14 00:00:00+00:00
[2024-06-14T17:49:25.191-0300] {processor.py:183} INFO - Processing /home/maira/projeto_indicium_engineering/venv/lib/python3.10/site-packages/airflow/example_dags/example_branch_operator.py took 0.075 seconds
[2024-06-14T17:50:28.096-0300] {processor.py:161} INFO - Started process (PID=102738) to work on /home/maira/projeto_indicium_engineering/venv/lib/python3.10/site-packages/airflow/example_dags/example_branch_operator.py
[2024-06-14T17:50:28.097-0300] {processor.py:830} INFO - Processing file /home/maira/projeto_indicium_engineering/venv/lib/python3.10/site-packages/airflow/example_dags/example_branch_operator.py for tasks to queue
[2024-06-14T17:50:28.099-0300] {logging_mixin.py:188} INFO - [2024-06-14T17:50:28.099-0300] {dagbag.py:545} INFO - Filling up the DagBag from /home/maira/projeto_indicium_engineering/venv/lib/python3.10/site-packages/airflow/example_dags/example_branch_operator.py
[2024-06-14T17:50:28.113-0300] {processor.py:840} INFO - DAG(s) 'example_branch_operator' retrieved from /home/maira/projeto_indicium_engineering/venv/lib/python3.10/site-packages/airflow/example_dags/example_branch_operator.py
[2024-06-14T17:50:28.133-0300] {logging_mixin.py:188} INFO - [2024-06-14T17:50:28.133-0300] {dag.py:3096} INFO - Sync 1 DAGs
[2024-06-14T17:50:28.148-0300] {logging_mixin.py:188} INFO - [2024-06-14T17:50:28.148-0300] {dag.py:3954} INFO - Setting next_dagrun for example_branch_operator to 2024-06-13 00:00:00+00:00, run_after=2024-06-14 00:00:00+00:00
[2024-06-14T17:50:28.172-0300] {processor.py:183} INFO - Processing /home/maira/projeto_indicium_engineering/venv/lib/python3.10/site-packages/airflow/example_dags/example_branch_operator.py took 0.081 seconds
[2024-06-14T17:51:26.935-0300] {processor.py:161} INFO - Started process (PID=103030) to work on /home/maira/projeto_indicium_engineering/venv/lib/python3.10/site-packages/airflow/example_dags/example_branch_operator.py
[2024-06-14T17:51:26.940-0300] {processor.py:830} INFO - Processing file /home/maira/projeto_indicium_engineering/venv/lib/python3.10/site-packages/airflow/example_dags/example_branch_operator.py for tasks to queue
[2024-06-14T17:51:26.942-0300] {logging_mixin.py:188} INFO - [2024-06-14T17:51:26.942-0300] {dagbag.py:545} INFO - Filling up the DagBag from /home/maira/projeto_indicium_engineering/venv/lib/python3.10/site-packages/airflow/example_dags/example_branch_operator.py
[2024-06-14T17:51:26.954-0300] {processor.py:840} INFO - DAG(s) 'example_branch_operator' retrieved from /home/maira/projeto_indicium_engineering/venv/lib/python3.10/site-packages/airflow/example_dags/example_branch_operator.py
[2024-06-14T17:51:26.971-0300] {logging_mixin.py:188} INFO - [2024-06-14T17:51:26.970-0300] {dag.py:3096} INFO - Sync 1 DAGs
[2024-06-14T17:51:26.985-0300] {logging_mixin.py:188} INFO - [2024-06-14T17:51:26.985-0300] {dag.py:3954} INFO - Setting next_dagrun for example_branch_operator to 2024-06-13 00:00:00+00:00, run_after=2024-06-14 00:00:00+00:00
[2024-06-14T17:51:27.006-0300] {processor.py:183} INFO - Processing /home/maira/projeto_indicium_engineering/venv/lib/python3.10/site-packages/airflow/example_dags/example_branch_operator.py took 0.075 seconds
[2024-06-14T20:52:23.298-0300] {processor.py:161} INFO - Started process (PID=103670) to work on /home/maira/projeto_indicium_engineering/venv/lib/python3.10/site-packages/airflow/example_dags/example_branch_operator.py
[2024-06-14T20:52:23.300-0300] {processor.py:830} INFO - Processing file /home/maira/projeto_indicium_engineering/venv/lib/python3.10/site-packages/airflow/example_dags/example_branch_operator.py for tasks to queue
[2024-06-14T20:52:23.301-0300] {logging_mixin.py:188} INFO - [2024-06-14T20:52:23.301-0300] {dagbag.py:545} INFO - Filling up the DagBag from /home/maira/projeto_indicium_engineering/venv/lib/python3.10/site-packages/airflow/example_dags/example_branch_operator.py
[2024-06-14T20:52:23.314-0300] {processor.py:840} INFO - DAG(s) 'example_branch_operator' retrieved from /home/maira/projeto_indicium_engineering/venv/lib/python3.10/site-packages/airflow/example_dags/example_branch_operator.py
[2024-06-14T20:52:23.331-0300] {logging_mixin.py:188} INFO - [2024-06-14T20:52:23.331-0300] {dag.py:3096} INFO - Sync 1 DAGs
[2024-06-14T20:52:23.346-0300] {logging_mixin.py:188} INFO - [2024-06-14T20:52:23.345-0300] {dag.py:3954} INFO - Setting next_dagrun for example_branch_operator to 2024-06-13 00:00:00+00:00, run_after=2024-06-14 00:00:00+00:00
[2024-06-14T20:52:23.367-0300] {processor.py:183} INFO - Processing /home/maira/projeto_indicium_engineering/venv/lib/python3.10/site-packages/airflow/example_dags/example_branch_operator.py took 0.074 seconds
[2024-06-14T20:53:23.465-0300] {processor.py:161} INFO - Started process (PID=103959) to work on /home/maira/projeto_indicium_engineering/venv/lib/python3.10/site-packages/airflow/example_dags/example_branch_operator.py
[2024-06-14T20:53:23.466-0300] {processor.py:830} INFO - Processing file /home/maira/projeto_indicium_engineering/venv/lib/python3.10/site-packages/airflow/example_dags/example_branch_operator.py for tasks to queue
[2024-06-14T20:53:23.467-0300] {logging_mixin.py:188} INFO - [2024-06-14T20:53:23.467-0300] {dagbag.py:545} INFO - Filling up the DagBag from /home/maira/projeto_indicium_engineering/venv/lib/python3.10/site-packages/airflow/example_dags/example_branch_operator.py
[2024-06-14T20:53:23.481-0300] {processor.py:840} INFO - DAG(s) 'example_branch_operator' retrieved from /home/maira/projeto_indicium_engineering/venv/lib/python3.10/site-packages/airflow/example_dags/example_branch_operator.py
[2024-06-14T20:53:23.502-0300] {logging_mixin.py:188} INFO - [2024-06-14T20:53:23.501-0300] {dag.py:3096} INFO - Sync 1 DAGs
[2024-06-14T20:53:23.521-0300] {logging_mixin.py:188} INFO - [2024-06-14T20:53:23.520-0300] {dag.py:3954} INFO - Setting next_dagrun for example_branch_operator to 2024-06-13 00:00:00+00:00, run_after=2024-06-14 00:00:00+00:00
[2024-06-14T20:53:23.541-0300] {processor.py:183} INFO - Processing /home/maira/projeto_indicium_engineering/venv/lib/python3.10/site-packages/airflow/example_dags/example_branch_operator.py took 0.081 seconds
