[2024-06-14T16:31:17.700-0300] {processor.py:161} INFO - Started process (PID=86545) to work on /home/maira/projeto_indicium_engineering/venv/lib/python3.10/site-packages/airflow/example_dags/example_branch_operator_decorator.py
[2024-06-14T16:31:17.701-0300] {processor.py:830} INFO - Processing file /home/maira/projeto_indicium_engineering/venv/lib/python3.10/site-packages/airflow/example_dags/example_branch_operator_decorator.py for tasks to queue
[2024-06-14T16:31:17.702-0300] {logging_mixin.py:188} INFO - [2024-06-14T16:31:17.702-0300] {dagbag.py:545} INFO - Filling up the DagBag from /home/maira/projeto_indicium_engineering/venv/lib/python3.10/site-packages/airflow/example_dags/example_branch_operator_decorator.py
[2024-06-14T16:31:17.716-0300] {processor.py:840} INFO - DAG(s) 'example_branch_python_operator_decorator' retrieved from /home/maira/projeto_indicium_engineering/venv/lib/python3.10/site-packages/airflow/example_dags/example_branch_operator_decorator.py
[2024-06-14T16:31:17.876-0300] {logging_mixin.py:188} INFO - [2024-06-14T16:31:17.876-0300] {override.py:1829} INFO - Created Permission View: can edit on DAG:example_branch_python_operator_decorator
[2024-06-14T16:31:17.889-0300] {logging_mixin.py:188} INFO - [2024-06-14T16:31:17.888-0300] {override.py:1829} INFO - Created Permission View: can delete on DAG:example_branch_python_operator_decorator
[2024-06-14T16:31:17.900-0300] {logging_mixin.py:188} INFO - [2024-06-14T16:31:17.900-0300] {override.py:1829} INFO - Created Permission View: can read on DAG:example_branch_python_operator_decorator
[2024-06-14T16:31:17.901-0300] {logging_mixin.py:188} INFO - [2024-06-14T16:31:17.901-0300] {dag.py:3096} INFO - Sync 1 DAGs
[2024-06-14T16:31:17.908-0300] {logging_mixin.py:188} INFO - [2024-06-14T16:31:17.907-0300] {dag.py:3118} INFO - Creating ORM DAG for example_branch_python_operator_decorator
[2024-06-14T16:31:17.914-0300] {logging_mixin.py:188} INFO - [2024-06-14T16:31:17.914-0300] {dag.py:3954} INFO - Setting next_dagrun for example_branch_python_operator_decorator to 2024-06-13 00:00:00+00:00, run_after=2024-06-14 00:00:00+00:00
[2024-06-14T16:31:17.935-0300] {processor.py:183} INFO - Processing /home/maira/projeto_indicium_engineering/venv/lib/python3.10/site-packages/airflow/example_dags/example_branch_operator_decorator.py took 0.239 seconds
[2024-06-14T16:32:12.064-0300] {processor.py:161} INFO - Started process (PID=86810) to work on /home/maira/projeto_indicium_engineering/venv/lib/python3.10/site-packages/airflow/example_dags/example_branch_operator_decorator.py
[2024-06-14T16:32:12.066-0300] {processor.py:830} INFO - Processing file /home/maira/projeto_indicium_engineering/venv/lib/python3.10/site-packages/airflow/example_dags/example_branch_operator_decorator.py for tasks to queue
[2024-06-14T16:32:12.068-0300] {logging_mixin.py:188} INFO - [2024-06-14T16:32:12.068-0300] {dagbag.py:545} INFO - Filling up the DagBag from /home/maira/projeto_indicium_engineering/venv/lib/python3.10/site-packages/airflow/example_dags/example_branch_operator_decorator.py
[2024-06-14T16:32:12.085-0300] {processor.py:840} INFO - DAG(s) 'example_branch_python_operator_decorator' retrieved from /home/maira/projeto_indicium_engineering/venv/lib/python3.10/site-packages/airflow/example_dags/example_branch_operator_decorator.py
[2024-06-14T16:32:12.193-0300] {logging_mixin.py:188} INFO - [2024-06-14T16:32:12.193-0300] {dag.py:3096} INFO - Sync 1 DAGs
[2024-06-14T16:32:12.206-0300] {logging_mixin.py:188} INFO - [2024-06-14T16:32:12.206-0300] {dag.py:3954} INFO - Setting next_dagrun for example_branch_python_operator_decorator to 2024-06-13 00:00:00+00:00, run_after=2024-06-14 00:00:00+00:00
[2024-06-14T16:32:12.228-0300] {processor.py:183} INFO - Processing /home/maira/projeto_indicium_engineering/venv/lib/python3.10/site-packages/airflow/example_dags/example_branch_operator_decorator.py took 0.168 seconds
[2024-06-14T16:33:18.748-0300] {processor.py:161} INFO - Started process (PID=87136) to work on /home/maira/projeto_indicium_engineering/venv/lib/python3.10/site-packages/airflow/example_dags/example_branch_operator_decorator.py
[2024-06-14T16:33:18.750-0300] {processor.py:830} INFO - Processing file /home/maira/projeto_indicium_engineering/venv/lib/python3.10/site-packages/airflow/example_dags/example_branch_operator_decorator.py for tasks to queue
[2024-06-14T16:33:18.752-0300] {logging_mixin.py:188} INFO - [2024-06-14T16:33:18.751-0300] {dagbag.py:545} INFO - Filling up the DagBag from /home/maira/projeto_indicium_engineering/venv/lib/python3.10/site-packages/airflow/example_dags/example_branch_operator_decorator.py
[2024-06-14T16:33:18.774-0300] {processor.py:840} INFO - DAG(s) 'example_branch_python_operator_decorator' retrieved from /home/maira/projeto_indicium_engineering/venv/lib/python3.10/site-packages/airflow/example_dags/example_branch_operator_decorator.py
[2024-06-14T16:33:18.798-0300] {logging_mixin.py:188} INFO - [2024-06-14T16:33:18.798-0300] {dag.py:3096} INFO - Sync 1 DAGs
[2024-06-14T16:33:18.820-0300] {logging_mixin.py:188} INFO - [2024-06-14T16:33:18.820-0300] {dag.py:3954} INFO - Setting next_dagrun for example_branch_python_operator_decorator to 2024-06-13 00:00:00+00:00, run_after=2024-06-14 00:00:00+00:00
[2024-06-14T16:33:18.846-0300] {processor.py:183} INFO - Processing /home/maira/projeto_indicium_engineering/venv/lib/python3.10/site-packages/airflow/example_dags/example_branch_operator_decorator.py took 0.103 seconds
[2024-06-14T16:34:23.344-0300] {processor.py:161} INFO - Started process (PID=87456) to work on /home/maira/projeto_indicium_engineering/venv/lib/python3.10/site-packages/airflow/example_dags/example_branch_operator_decorator.py
[2024-06-14T16:34:23.346-0300] {processor.py:830} INFO - Processing file /home/maira/projeto_indicium_engineering/venv/lib/python3.10/site-packages/airflow/example_dags/example_branch_operator_decorator.py for tasks to queue
[2024-06-14T16:34:23.348-0300] {logging_mixin.py:188} INFO - [2024-06-14T16:34:23.348-0300] {dagbag.py:545} INFO - Filling up the DagBag from /home/maira/projeto_indicium_engineering/venv/lib/python3.10/site-packages/airflow/example_dags/example_branch_operator_decorator.py
[2024-06-14T16:34:23.362-0300] {processor.py:840} INFO - DAG(s) 'example_branch_python_operator_decorator' retrieved from /home/maira/projeto_indicium_engineering/venv/lib/python3.10/site-packages/airflow/example_dags/example_branch_operator_decorator.py
[2024-06-14T16:34:23.379-0300] {logging_mixin.py:188} INFO - [2024-06-14T16:34:23.378-0300] {dag.py:3096} INFO - Sync 1 DAGs
[2024-06-14T16:34:23.392-0300] {logging_mixin.py:188} INFO - [2024-06-14T16:34:23.392-0300] {dag.py:3954} INFO - Setting next_dagrun for example_branch_python_operator_decorator to 2024-06-13 00:00:00+00:00, run_after=2024-06-14 00:00:00+00:00
[2024-06-14T16:34:23.413-0300] {processor.py:183} INFO - Processing /home/maira/projeto_indicium_engineering/venv/lib/python3.10/site-packages/airflow/example_dags/example_branch_operator_decorator.py took 0.074 seconds
[2024-06-14T16:35:22.199-0300] {processor.py:161} INFO - Started process (PID=87751) to work on /home/maira/projeto_indicium_engineering/venv/lib/python3.10/site-packages/airflow/example_dags/example_branch_operator_decorator.py
[2024-06-14T16:35:22.204-0300] {processor.py:830} INFO - Processing file /home/maira/projeto_indicium_engineering/venv/lib/python3.10/site-packages/airflow/example_dags/example_branch_operator_decorator.py for tasks to queue
[2024-06-14T16:35:22.206-0300] {logging_mixin.py:188} INFO - [2024-06-14T16:35:22.206-0300] {dagbag.py:545} INFO - Filling up the DagBag from /home/maira/projeto_indicium_engineering/venv/lib/python3.10/site-packages/airflow/example_dags/example_branch_operator_decorator.py
[2024-06-14T16:35:22.222-0300] {processor.py:840} INFO - DAG(s) 'example_branch_python_operator_decorator' retrieved from /home/maira/projeto_indicium_engineering/venv/lib/python3.10/site-packages/airflow/example_dags/example_branch_operator_decorator.py
[2024-06-14T16:35:22.239-0300] {logging_mixin.py:188} INFO - [2024-06-14T16:35:22.239-0300] {dag.py:3096} INFO - Sync 1 DAGs
[2024-06-14T16:35:22.253-0300] {logging_mixin.py:188} INFO - [2024-06-14T16:35:22.253-0300] {dag.py:3954} INFO - Setting next_dagrun for example_branch_python_operator_decorator to 2024-06-13 00:00:00+00:00, run_after=2024-06-14 00:00:00+00:00
[2024-06-14T16:35:22.275-0300] {processor.py:183} INFO - Processing /home/maira/projeto_indicium_engineering/venv/lib/python3.10/site-packages/airflow/example_dags/example_branch_operator_decorator.py took 0.081 seconds
[2024-06-14T16:36:19.328-0300] {processor.py:161} INFO - Started process (PID=88034) to work on /home/maira/projeto_indicium_engineering/venv/lib/python3.10/site-packages/airflow/example_dags/example_branch_operator_decorator.py
[2024-06-14T16:36:19.330-0300] {processor.py:830} INFO - Processing file /home/maira/projeto_indicium_engineering/venv/lib/python3.10/site-packages/airflow/example_dags/example_branch_operator_decorator.py for tasks to queue
[2024-06-14T16:36:19.332-0300] {logging_mixin.py:188} INFO - [2024-06-14T16:36:19.331-0300] {dagbag.py:545} INFO - Filling up the DagBag from /home/maira/projeto_indicium_engineering/venv/lib/python3.10/site-packages/airflow/example_dags/example_branch_operator_decorator.py
[2024-06-14T16:36:19.371-0300] {processor.py:840} INFO - DAG(s) 'example_branch_python_operator_decorator' retrieved from /home/maira/projeto_indicium_engineering/venv/lib/python3.10/site-packages/airflow/example_dags/example_branch_operator_decorator.py
[2024-06-14T16:36:19.419-0300] {logging_mixin.py:188} INFO - [2024-06-14T16:36:19.418-0300] {dag.py:3096} INFO - Sync 1 DAGs
[2024-06-14T16:36:19.452-0300] {logging_mixin.py:188} INFO - [2024-06-14T16:36:19.452-0300] {dag.py:3954} INFO - Setting next_dagrun for example_branch_python_operator_decorator to 2024-06-13 00:00:00+00:00, run_after=2024-06-14 00:00:00+00:00
[2024-06-14T16:36:19.489-0300] {processor.py:183} INFO - Processing /home/maira/projeto_indicium_engineering/venv/lib/python3.10/site-packages/airflow/example_dags/example_branch_operator_decorator.py took 0.168 seconds
[2024-06-14T16:37:16.814-0300] {processor.py:161} INFO - Started process (PID=88320) to work on /home/maira/projeto_indicium_engineering/venv/lib/python3.10/site-packages/airflow/example_dags/example_branch_operator_decorator.py
[2024-06-14T16:37:16.816-0300] {processor.py:830} INFO - Processing file /home/maira/projeto_indicium_engineering/venv/lib/python3.10/site-packages/airflow/example_dags/example_branch_operator_decorator.py for tasks to queue
[2024-06-14T16:37:16.818-0300] {logging_mixin.py:188} INFO - [2024-06-14T16:37:16.818-0300] {dagbag.py:545} INFO - Filling up the DagBag from /home/maira/projeto_indicium_engineering/venv/lib/python3.10/site-packages/airflow/example_dags/example_branch_operator_decorator.py
[2024-06-14T16:37:16.832-0300] {processor.py:840} INFO - DAG(s) 'example_branch_python_operator_decorator' retrieved from /home/maira/projeto_indicium_engineering/venv/lib/python3.10/site-packages/airflow/example_dags/example_branch_operator_decorator.py
[2024-06-14T16:37:16.849-0300] {logging_mixin.py:188} INFO - [2024-06-14T16:37:16.849-0300] {dag.py:3096} INFO - Sync 1 DAGs
[2024-06-14T16:37:16.863-0300] {logging_mixin.py:188} INFO - [2024-06-14T16:37:16.863-0300] {dag.py:3954} INFO - Setting next_dagrun for example_branch_python_operator_decorator to 2024-06-13 00:00:00+00:00, run_after=2024-06-14 00:00:00+00:00
[2024-06-14T16:37:16.886-0300] {processor.py:183} INFO - Processing /home/maira/projeto_indicium_engineering/venv/lib/python3.10/site-packages/airflow/example_dags/example_branch_operator_decorator.py took 0.077 seconds
[2024-06-14T16:38:23.922-0300] {processor.py:161} INFO - Started process (PID=88651) to work on /home/maira/projeto_indicium_engineering/venv/lib/python3.10/site-packages/airflow/example_dags/example_branch_operator_decorator.py
[2024-06-14T16:38:23.924-0300] {processor.py:830} INFO - Processing file /home/maira/projeto_indicium_engineering/venv/lib/python3.10/site-packages/airflow/example_dags/example_branch_operator_decorator.py for tasks to queue
[2024-06-14T16:38:23.925-0300] {logging_mixin.py:188} INFO - [2024-06-14T16:38:23.925-0300] {dagbag.py:545} INFO - Filling up the DagBag from /home/maira/projeto_indicium_engineering/venv/lib/python3.10/site-packages/airflow/example_dags/example_branch_operator_decorator.py
[2024-06-14T16:38:23.940-0300] {processor.py:840} INFO - DAG(s) 'example_branch_python_operator_decorator' retrieved from /home/maira/projeto_indicium_engineering/venv/lib/python3.10/site-packages/airflow/example_dags/example_branch_operator_decorator.py
[2024-06-14T16:38:23.958-0300] {logging_mixin.py:188} INFO - [2024-06-14T16:38:23.957-0300] {dag.py:3096} INFO - Sync 1 DAGs
[2024-06-14T16:38:23.971-0300] {logging_mixin.py:188} INFO - [2024-06-14T16:38:23.971-0300] {dag.py:3954} INFO - Setting next_dagrun for example_branch_python_operator_decorator to 2024-06-13 00:00:00+00:00, run_after=2024-06-14 00:00:00+00:00
[2024-06-14T16:38:23.994-0300] {processor.py:183} INFO - Processing /home/maira/projeto_indicium_engineering/venv/lib/python3.10/site-packages/airflow/example_dags/example_branch_operator_decorator.py took 0.078 seconds
[2024-06-14T16:39:27.442-0300] {processor.py:161} INFO - Started process (PID=88963) to work on /home/maira/projeto_indicium_engineering/venv/lib/python3.10/site-packages/airflow/example_dags/example_branch_operator_decorator.py
[2024-06-14T16:39:27.445-0300] {processor.py:830} INFO - Processing file /home/maira/projeto_indicium_engineering/venv/lib/python3.10/site-packages/airflow/example_dags/example_branch_operator_decorator.py for tasks to queue
[2024-06-14T16:39:27.446-0300] {logging_mixin.py:188} INFO - [2024-06-14T16:39:27.446-0300] {dagbag.py:545} INFO - Filling up the DagBag from /home/maira/projeto_indicium_engineering/venv/lib/python3.10/site-packages/airflow/example_dags/example_branch_operator_decorator.py
[2024-06-14T16:39:27.462-0300] {processor.py:840} INFO - DAG(s) 'example_branch_python_operator_decorator' retrieved from /home/maira/projeto_indicium_engineering/venv/lib/python3.10/site-packages/airflow/example_dags/example_branch_operator_decorator.py
[2024-06-14T16:39:27.478-0300] {logging_mixin.py:188} INFO - [2024-06-14T16:39:27.478-0300] {dag.py:3096} INFO - Sync 1 DAGs
[2024-06-14T16:39:27.493-0300] {logging_mixin.py:188} INFO - [2024-06-14T16:39:27.492-0300] {dag.py:3954} INFO - Setting next_dagrun for example_branch_python_operator_decorator to 2024-06-13 00:00:00+00:00, run_after=2024-06-14 00:00:00+00:00
[2024-06-14T16:39:27.516-0300] {processor.py:183} INFO - Processing /home/maira/projeto_indicium_engineering/venv/lib/python3.10/site-packages/airflow/example_dags/example_branch_operator_decorator.py took 0.079 seconds
[2024-06-14T16:40:25.300-0300] {processor.py:161} INFO - Started process (PID=89252) to work on /home/maira/projeto_indicium_engineering/venv/lib/python3.10/site-packages/airflow/example_dags/example_branch_operator_decorator.py
[2024-06-14T16:40:25.305-0300] {processor.py:830} INFO - Processing file /home/maira/projeto_indicium_engineering/venv/lib/python3.10/site-packages/airflow/example_dags/example_branch_operator_decorator.py for tasks to queue
[2024-06-14T16:40:25.307-0300] {logging_mixin.py:188} INFO - [2024-06-14T16:40:25.307-0300] {dagbag.py:545} INFO - Filling up the DagBag from /home/maira/projeto_indicium_engineering/venv/lib/python3.10/site-packages/airflow/example_dags/example_branch_operator_decorator.py
[2024-06-14T16:40:25.321-0300] {processor.py:840} INFO - DAG(s) 'example_branch_python_operator_decorator' retrieved from /home/maira/projeto_indicium_engineering/venv/lib/python3.10/site-packages/airflow/example_dags/example_branch_operator_decorator.py
[2024-06-14T16:40:25.338-0300] {logging_mixin.py:188} INFO - [2024-06-14T16:40:25.337-0300] {dag.py:3096} INFO - Sync 1 DAGs
[2024-06-14T16:40:25.351-0300] {logging_mixin.py:188} INFO - [2024-06-14T16:40:25.351-0300] {dag.py:3954} INFO - Setting next_dagrun for example_branch_python_operator_decorator to 2024-06-13 00:00:00+00:00, run_after=2024-06-14 00:00:00+00:00
[2024-06-14T16:40:25.374-0300] {processor.py:183} INFO - Processing /home/maira/projeto_indicium_engineering/venv/lib/python3.10/site-packages/airflow/example_dags/example_branch_operator_decorator.py took 0.078 seconds
[2024-06-14T16:41:21.777-0300] {processor.py:161} INFO - Started process (PID=89531) to work on /home/maira/projeto_indicium_engineering/venv/lib/python3.10/site-packages/airflow/example_dags/example_branch_operator_decorator.py
[2024-06-14T16:41:21.778-0300] {processor.py:830} INFO - Processing file /home/maira/projeto_indicium_engineering/venv/lib/python3.10/site-packages/airflow/example_dags/example_branch_operator_decorator.py for tasks to queue
[2024-06-14T16:41:21.780-0300] {logging_mixin.py:188} INFO - [2024-06-14T16:41:21.779-0300] {dagbag.py:545} INFO - Filling up the DagBag from /home/maira/projeto_indicium_engineering/venv/lib/python3.10/site-packages/airflow/example_dags/example_branch_operator_decorator.py
[2024-06-14T16:41:21.795-0300] {processor.py:840} INFO - DAG(s) 'example_branch_python_operator_decorator' retrieved from /home/maira/projeto_indicium_engineering/venv/lib/python3.10/site-packages/airflow/example_dags/example_branch_operator_decorator.py
[2024-06-14T16:41:21.812-0300] {logging_mixin.py:188} INFO - [2024-06-14T16:41:21.812-0300] {dag.py:3096} INFO - Sync 1 DAGs
[2024-06-14T16:41:21.827-0300] {logging_mixin.py:188} INFO - [2024-06-14T16:41:21.827-0300] {dag.py:3954} INFO - Setting next_dagrun for example_branch_python_operator_decorator to 2024-06-13 00:00:00+00:00, run_after=2024-06-14 00:00:00+00:00
[2024-06-14T16:41:21.848-0300] {processor.py:183} INFO - Processing /home/maira/projeto_indicium_engineering/venv/lib/python3.10/site-packages/airflow/example_dags/example_branch_operator_decorator.py took 0.076 seconds
[2024-06-14T16:42:23.088-0300] {processor.py:161} INFO - Started process (PID=89834) to work on /home/maira/projeto_indicium_engineering/venv/lib/python3.10/site-packages/airflow/example_dags/example_branch_operator_decorator.py
[2024-06-14T16:42:23.090-0300] {processor.py:830} INFO - Processing file /home/maira/projeto_indicium_engineering/venv/lib/python3.10/site-packages/airflow/example_dags/example_branch_operator_decorator.py for tasks to queue
[2024-06-14T16:42:23.091-0300] {logging_mixin.py:188} INFO - [2024-06-14T16:42:23.091-0300] {dagbag.py:545} INFO - Filling up the DagBag from /home/maira/projeto_indicium_engineering/venv/lib/python3.10/site-packages/airflow/example_dags/example_branch_operator_decorator.py
[2024-06-14T16:42:23.105-0300] {processor.py:840} INFO - DAG(s) 'example_branch_python_operator_decorator' retrieved from /home/maira/projeto_indicium_engineering/venv/lib/python3.10/site-packages/airflow/example_dags/example_branch_operator_decorator.py
[2024-06-14T16:42:23.122-0300] {logging_mixin.py:188} INFO - [2024-06-14T16:42:23.122-0300] {dag.py:3096} INFO - Sync 1 DAGs
[2024-06-14T16:42:23.135-0300] {logging_mixin.py:188} INFO - [2024-06-14T16:42:23.135-0300] {dag.py:3954} INFO - Setting next_dagrun for example_branch_python_operator_decorator to 2024-06-13 00:00:00+00:00, run_after=2024-06-14 00:00:00+00:00
[2024-06-14T16:42:23.157-0300] {processor.py:183} INFO - Processing /home/maira/projeto_indicium_engineering/venv/lib/python3.10/site-packages/airflow/example_dags/example_branch_operator_decorator.py took 0.075 seconds
[2024-06-14T16:43:20.143-0300] {processor.py:161} INFO - Started process (PID=90117) to work on /home/maira/projeto_indicium_engineering/venv/lib/python3.10/site-packages/airflow/example_dags/example_branch_operator_decorator.py
[2024-06-14T16:43:20.148-0300] {processor.py:830} INFO - Processing file /home/maira/projeto_indicium_engineering/venv/lib/python3.10/site-packages/airflow/example_dags/example_branch_operator_decorator.py for tasks to queue
[2024-06-14T16:43:20.149-0300] {logging_mixin.py:188} INFO - [2024-06-14T16:43:20.149-0300] {dagbag.py:545} INFO - Filling up the DagBag from /home/maira/projeto_indicium_engineering/venv/lib/python3.10/site-packages/airflow/example_dags/example_branch_operator_decorator.py
[2024-06-14T16:43:20.163-0300] {processor.py:840} INFO - DAG(s) 'example_branch_python_operator_decorator' retrieved from /home/maira/projeto_indicium_engineering/venv/lib/python3.10/site-packages/airflow/example_dags/example_branch_operator_decorator.py
[2024-06-14T16:43:20.179-0300] {logging_mixin.py:188} INFO - [2024-06-14T16:43:20.179-0300] {dag.py:3096} INFO - Sync 1 DAGs
[2024-06-14T16:43:20.193-0300] {logging_mixin.py:188} INFO - [2024-06-14T16:43:20.193-0300] {dag.py:3954} INFO - Setting next_dagrun for example_branch_python_operator_decorator to 2024-06-13 00:00:00+00:00, run_after=2024-06-14 00:00:00+00:00
[2024-06-14T16:43:20.216-0300] {processor.py:183} INFO - Processing /home/maira/projeto_indicium_engineering/venv/lib/python3.10/site-packages/airflow/example_dags/example_branch_operator_decorator.py took 0.077 seconds
[2024-06-14T16:44:21.834-0300] {processor.py:161} INFO - Started process (PID=90424) to work on /home/maira/projeto_indicium_engineering/venv/lib/python3.10/site-packages/airflow/example_dags/example_branch_operator_decorator.py
[2024-06-14T16:44:21.836-0300] {processor.py:830} INFO - Processing file /home/maira/projeto_indicium_engineering/venv/lib/python3.10/site-packages/airflow/example_dags/example_branch_operator_decorator.py for tasks to queue
[2024-06-14T16:44:21.837-0300] {logging_mixin.py:188} INFO - [2024-06-14T16:44:21.837-0300] {dagbag.py:545} INFO - Filling up the DagBag from /home/maira/projeto_indicium_engineering/venv/lib/python3.10/site-packages/airflow/example_dags/example_branch_operator_decorator.py
[2024-06-14T16:44:21.853-0300] {processor.py:840} INFO - DAG(s) 'example_branch_python_operator_decorator' retrieved from /home/maira/projeto_indicium_engineering/venv/lib/python3.10/site-packages/airflow/example_dags/example_branch_operator_decorator.py
[2024-06-14T16:44:21.870-0300] {logging_mixin.py:188} INFO - [2024-06-14T16:44:21.869-0300] {dag.py:3096} INFO - Sync 1 DAGs
[2024-06-14T16:44:21.883-0300] {logging_mixin.py:188} INFO - [2024-06-14T16:44:21.883-0300] {dag.py:3954} INFO - Setting next_dagrun for example_branch_python_operator_decorator to 2024-06-13 00:00:00+00:00, run_after=2024-06-14 00:00:00+00:00
[2024-06-14T16:44:21.904-0300] {processor.py:183} INFO - Processing /home/maira/projeto_indicium_engineering/venv/lib/python3.10/site-packages/airflow/example_dags/example_branch_operator_decorator.py took 0.074 seconds
[2024-06-14T16:45:20.298-0300] {processor.py:161} INFO - Started process (PID=90716) to work on /home/maira/projeto_indicium_engineering/venv/lib/python3.10/site-packages/airflow/example_dags/example_branch_operator_decorator.py
[2024-06-14T16:45:20.303-0300] {processor.py:830} INFO - Processing file /home/maira/projeto_indicium_engineering/venv/lib/python3.10/site-packages/airflow/example_dags/example_branch_operator_decorator.py for tasks to queue
[2024-06-14T16:45:20.304-0300] {logging_mixin.py:188} INFO - [2024-06-14T16:45:20.304-0300] {dagbag.py:545} INFO - Filling up the DagBag from /home/maira/projeto_indicium_engineering/venv/lib/python3.10/site-packages/airflow/example_dags/example_branch_operator_decorator.py
[2024-06-14T16:45:20.319-0300] {processor.py:840} INFO - DAG(s) 'example_branch_python_operator_decorator' retrieved from /home/maira/projeto_indicium_engineering/venv/lib/python3.10/site-packages/airflow/example_dags/example_branch_operator_decorator.py
[2024-06-14T16:45:20.335-0300] {logging_mixin.py:188} INFO - [2024-06-14T16:45:20.335-0300] {dag.py:3096} INFO - Sync 1 DAGs
[2024-06-14T16:45:20.349-0300] {logging_mixin.py:188} INFO - [2024-06-14T16:45:20.349-0300] {dag.py:3954} INFO - Setting next_dagrun for example_branch_python_operator_decorator to 2024-06-13 00:00:00+00:00, run_after=2024-06-14 00:00:00+00:00
[2024-06-14T16:45:20.369-0300] {processor.py:183} INFO - Processing /home/maira/projeto_indicium_engineering/venv/lib/python3.10/site-packages/airflow/example_dags/example_branch_operator_decorator.py took 0.077 seconds
[2024-06-14T16:46:21.989-0300] {processor.py:161} INFO - Started process (PID=91021) to work on /home/maira/projeto_indicium_engineering/venv/lib/python3.10/site-packages/airflow/example_dags/example_branch_operator_decorator.py
[2024-06-14T16:46:21.991-0300] {processor.py:830} INFO - Processing file /home/maira/projeto_indicium_engineering/venv/lib/python3.10/site-packages/airflow/example_dags/example_branch_operator_decorator.py for tasks to queue
[2024-06-14T16:46:21.993-0300] {logging_mixin.py:188} INFO - [2024-06-14T16:46:21.992-0300] {dagbag.py:545} INFO - Filling up the DagBag from /home/maira/projeto_indicium_engineering/venv/lib/python3.10/site-packages/airflow/example_dags/example_branch_operator_decorator.py
[2024-06-14T16:46:22.007-0300] {processor.py:840} INFO - DAG(s) 'example_branch_python_operator_decorator' retrieved from /home/maira/projeto_indicium_engineering/venv/lib/python3.10/site-packages/airflow/example_dags/example_branch_operator_decorator.py
[2024-06-14T16:46:22.023-0300] {logging_mixin.py:188} INFO - [2024-06-14T16:46:22.023-0300] {dag.py:3096} INFO - Sync 1 DAGs
[2024-06-14T16:46:22.037-0300] {logging_mixin.py:188} INFO - [2024-06-14T16:46:22.037-0300] {dag.py:3954} INFO - Setting next_dagrun for example_branch_python_operator_decorator to 2024-06-13 00:00:00+00:00, run_after=2024-06-14 00:00:00+00:00
[2024-06-14T16:46:22.061-0300] {processor.py:183} INFO - Processing /home/maira/projeto_indicium_engineering/venv/lib/python3.10/site-packages/airflow/example_dags/example_branch_operator_decorator.py took 0.076 seconds
[2024-06-14T16:47:19.949-0300] {processor.py:161} INFO - Started process (PID=91309) to work on /home/maira/projeto_indicium_engineering/venv/lib/python3.10/site-packages/airflow/example_dags/example_branch_operator_decorator.py
[2024-06-14T16:47:19.953-0300] {processor.py:830} INFO - Processing file /home/maira/projeto_indicium_engineering/venv/lib/python3.10/site-packages/airflow/example_dags/example_branch_operator_decorator.py for tasks to queue
[2024-06-14T16:47:19.955-0300] {logging_mixin.py:188} INFO - [2024-06-14T16:47:19.955-0300] {dagbag.py:545} INFO - Filling up the DagBag from /home/maira/projeto_indicium_engineering/venv/lib/python3.10/site-packages/airflow/example_dags/example_branch_operator_decorator.py
[2024-06-14T16:47:19.970-0300] {processor.py:840} INFO - DAG(s) 'example_branch_python_operator_decorator' retrieved from /home/maira/projeto_indicium_engineering/venv/lib/python3.10/site-packages/airflow/example_dags/example_branch_operator_decorator.py
[2024-06-14T16:47:19.989-0300] {logging_mixin.py:188} INFO - [2024-06-14T16:47:19.989-0300] {dag.py:3096} INFO - Sync 1 DAGs
[2024-06-14T16:47:20.005-0300] {logging_mixin.py:188} INFO - [2024-06-14T16:47:20.005-0300] {dag.py:3954} INFO - Setting next_dagrun for example_branch_python_operator_decorator to 2024-06-13 00:00:00+00:00, run_after=2024-06-14 00:00:00+00:00
[2024-06-14T16:47:20.036-0300] {processor.py:183} INFO - Processing /home/maira/projeto_indicium_engineering/venv/lib/python3.10/site-packages/airflow/example_dags/example_branch_operator_decorator.py took 0.091 seconds
[2024-06-14T16:48:19.372-0300] {processor.py:161} INFO - Started process (PID=91603) to work on /home/maira/projeto_indicium_engineering/venv/lib/python3.10/site-packages/airflow/example_dags/example_branch_operator_decorator.py
[2024-06-14T16:48:19.374-0300] {processor.py:830} INFO - Processing file /home/maira/projeto_indicium_engineering/venv/lib/python3.10/site-packages/airflow/example_dags/example_branch_operator_decorator.py for tasks to queue
[2024-06-14T16:48:19.376-0300] {logging_mixin.py:188} INFO - [2024-06-14T16:48:19.376-0300] {dagbag.py:545} INFO - Filling up the DagBag from /home/maira/projeto_indicium_engineering/venv/lib/python3.10/site-packages/airflow/example_dags/example_branch_operator_decorator.py
[2024-06-14T16:48:19.392-0300] {processor.py:840} INFO - DAG(s) 'example_branch_python_operator_decorator' retrieved from /home/maira/projeto_indicium_engineering/venv/lib/python3.10/site-packages/airflow/example_dags/example_branch_operator_decorator.py
[2024-06-14T16:48:19.409-0300] {logging_mixin.py:188} INFO - [2024-06-14T16:48:19.409-0300] {dag.py:3096} INFO - Sync 1 DAGs
[2024-06-14T16:48:19.423-0300] {logging_mixin.py:188} INFO - [2024-06-14T16:48:19.423-0300] {dag.py:3954} INFO - Setting next_dagrun for example_branch_python_operator_decorator to 2024-06-13 00:00:00+00:00, run_after=2024-06-14 00:00:00+00:00
[2024-06-14T16:48:19.445-0300] {processor.py:183} INFO - Processing /home/maira/projeto_indicium_engineering/venv/lib/python3.10/site-packages/airflow/example_dags/example_branch_operator_decorator.py took 0.078 seconds
[2024-06-14T16:49:17.064-0300] {processor.py:161} INFO - Started process (PID=91888) to work on /home/maira/projeto_indicium_engineering/venv/lib/python3.10/site-packages/airflow/example_dags/example_branch_operator_decorator.py
[2024-06-14T16:49:17.066-0300] {processor.py:830} INFO - Processing file /home/maira/projeto_indicium_engineering/venv/lib/python3.10/site-packages/airflow/example_dags/example_branch_operator_decorator.py for tasks to queue
[2024-06-14T16:49:17.068-0300] {logging_mixin.py:188} INFO - [2024-06-14T16:49:17.067-0300] {dagbag.py:545} INFO - Filling up the DagBag from /home/maira/projeto_indicium_engineering/venv/lib/python3.10/site-packages/airflow/example_dags/example_branch_operator_decorator.py
[2024-06-14T16:49:17.082-0300] {processor.py:840} INFO - DAG(s) 'example_branch_python_operator_decorator' retrieved from /home/maira/projeto_indicium_engineering/venv/lib/python3.10/site-packages/airflow/example_dags/example_branch_operator_decorator.py
[2024-06-14T16:49:17.099-0300] {logging_mixin.py:188} INFO - [2024-06-14T16:49:17.099-0300] {dag.py:3096} INFO - Sync 1 DAGs
[2024-06-14T16:49:17.113-0300] {logging_mixin.py:188} INFO - [2024-06-14T16:49:17.112-0300] {dag.py:3954} INFO - Setting next_dagrun for example_branch_python_operator_decorator to 2024-06-13 00:00:00+00:00, run_after=2024-06-14 00:00:00+00:00
[2024-06-14T16:49:17.133-0300] {processor.py:183} INFO - Processing /home/maira/projeto_indicium_engineering/venv/lib/python3.10/site-packages/airflow/example_dags/example_branch_operator_decorator.py took 0.073 seconds
[2024-06-14T16:50:16.189-0300] {processor.py:161} INFO - Started process (PID=92181) to work on /home/maira/projeto_indicium_engineering/venv/lib/python3.10/site-packages/airflow/example_dags/example_branch_operator_decorator.py
[2024-06-14T16:50:16.191-0300] {processor.py:830} INFO - Processing file /home/maira/projeto_indicium_engineering/venv/lib/python3.10/site-packages/airflow/example_dags/example_branch_operator_decorator.py for tasks to queue
[2024-06-14T16:50:16.192-0300] {logging_mixin.py:188} INFO - [2024-06-14T16:50:16.192-0300] {dagbag.py:545} INFO - Filling up the DagBag from /home/maira/projeto_indicium_engineering/venv/lib/python3.10/site-packages/airflow/example_dags/example_branch_operator_decorator.py
[2024-06-14T16:50:16.210-0300] {processor.py:840} INFO - DAG(s) 'example_branch_python_operator_decorator' retrieved from /home/maira/projeto_indicium_engineering/venv/lib/python3.10/site-packages/airflow/example_dags/example_branch_operator_decorator.py
[2024-06-14T16:50:16.229-0300] {logging_mixin.py:188} INFO - [2024-06-14T16:50:16.228-0300] {dag.py:3096} INFO - Sync 1 DAGs
[2024-06-14T16:50:16.245-0300] {logging_mixin.py:188} INFO - [2024-06-14T16:50:16.244-0300] {dag.py:3954} INFO - Setting next_dagrun for example_branch_python_operator_decorator to 2024-06-13 00:00:00+00:00, run_after=2024-06-14 00:00:00+00:00
[2024-06-14T16:50:16.273-0300] {processor.py:183} INFO - Processing /home/maira/projeto_indicium_engineering/venv/lib/python3.10/site-packages/airflow/example_dags/example_branch_operator_decorator.py took 0.089 seconds
[2024-06-14T16:51:24.524-0300] {processor.py:161} INFO - Started process (PID=92518) to work on /home/maira/projeto_indicium_engineering/venv/lib/python3.10/site-packages/airflow/example_dags/example_branch_operator_decorator.py
[2024-06-14T16:51:24.525-0300] {processor.py:830} INFO - Processing file /home/maira/projeto_indicium_engineering/venv/lib/python3.10/site-packages/airflow/example_dags/example_branch_operator_decorator.py for tasks to queue
[2024-06-14T16:51:24.528-0300] {logging_mixin.py:188} INFO - [2024-06-14T16:51:24.527-0300] {dagbag.py:545} INFO - Filling up the DagBag from /home/maira/projeto_indicium_engineering/venv/lib/python3.10/site-packages/airflow/example_dags/example_branch_operator_decorator.py
[2024-06-14T16:51:24.544-0300] {processor.py:840} INFO - DAG(s) 'example_branch_python_operator_decorator' retrieved from /home/maira/projeto_indicium_engineering/venv/lib/python3.10/site-packages/airflow/example_dags/example_branch_operator_decorator.py
[2024-06-14T16:51:24.561-0300] {logging_mixin.py:188} INFO - [2024-06-14T16:51:24.561-0300] {dag.py:3096} INFO - Sync 1 DAGs
[2024-06-14T16:51:24.576-0300] {logging_mixin.py:188} INFO - [2024-06-14T16:51:24.575-0300] {dag.py:3954} INFO - Setting next_dagrun for example_branch_python_operator_decorator to 2024-06-13 00:00:00+00:00, run_after=2024-06-14 00:00:00+00:00
[2024-06-14T16:51:24.598-0300] {processor.py:183} INFO - Processing /home/maira/projeto_indicium_engineering/venv/lib/python3.10/site-packages/airflow/example_dags/example_branch_operator_decorator.py took 0.080 seconds
[2024-06-14T16:52:25.615-0300] {processor.py:161} INFO - Started process (PID=92820) to work on /home/maira/projeto_indicium_engineering/venv/lib/python3.10/site-packages/airflow/example_dags/example_branch_operator_decorator.py
[2024-06-14T16:52:25.616-0300] {processor.py:830} INFO - Processing file /home/maira/projeto_indicium_engineering/venv/lib/python3.10/site-packages/airflow/example_dags/example_branch_operator_decorator.py for tasks to queue
[2024-06-14T16:52:25.618-0300] {logging_mixin.py:188} INFO - [2024-06-14T16:52:25.617-0300] {dagbag.py:545} INFO - Filling up the DagBag from /home/maira/projeto_indicium_engineering/venv/lib/python3.10/site-packages/airflow/example_dags/example_branch_operator_decorator.py
[2024-06-14T16:52:25.641-0300] {processor.py:840} INFO - DAG(s) 'example_branch_python_operator_decorator' retrieved from /home/maira/projeto_indicium_engineering/venv/lib/python3.10/site-packages/airflow/example_dags/example_branch_operator_decorator.py
[2024-06-14T16:52:25.664-0300] {logging_mixin.py:188} INFO - [2024-06-14T16:52:25.664-0300] {dag.py:3096} INFO - Sync 1 DAGs
[2024-06-14T16:52:25.678-0300] {logging_mixin.py:188} INFO - [2024-06-14T16:52:25.678-0300] {dag.py:3954} INFO - Setting next_dagrun for example_branch_python_operator_decorator to 2024-06-13 00:00:00+00:00, run_after=2024-06-14 00:00:00+00:00
[2024-06-14T16:52:25.702-0300] {processor.py:183} INFO - Processing /home/maira/projeto_indicium_engineering/venv/lib/python3.10/site-packages/airflow/example_dags/example_branch_operator_decorator.py took 0.092 seconds
[2024-06-14T16:53:25.759-0300] {processor.py:161} INFO - Started process (PID=93118) to work on /home/maira/projeto_indicium_engineering/venv/lib/python3.10/site-packages/airflow/example_dags/example_branch_operator_decorator.py
[2024-06-14T16:53:25.761-0300] {processor.py:830} INFO - Processing file /home/maira/projeto_indicium_engineering/venv/lib/python3.10/site-packages/airflow/example_dags/example_branch_operator_decorator.py for tasks to queue
[2024-06-14T16:53:25.763-0300] {logging_mixin.py:188} INFO - [2024-06-14T16:53:25.762-0300] {dagbag.py:545} INFO - Filling up the DagBag from /home/maira/projeto_indicium_engineering/venv/lib/python3.10/site-packages/airflow/example_dags/example_branch_operator_decorator.py
[2024-06-14T16:53:25.781-0300] {processor.py:840} INFO - DAG(s) 'example_branch_python_operator_decorator' retrieved from /home/maira/projeto_indicium_engineering/venv/lib/python3.10/site-packages/airflow/example_dags/example_branch_operator_decorator.py
[2024-06-14T16:53:25.800-0300] {logging_mixin.py:188} INFO - [2024-06-14T16:53:25.800-0300] {dag.py:3096} INFO - Sync 1 DAGs
[2024-06-14T16:53:25.829-0300] {logging_mixin.py:188} INFO - [2024-06-14T16:53:25.828-0300] {dag.py:3954} INFO - Setting next_dagrun for example_branch_python_operator_decorator to 2024-06-13 00:00:00+00:00, run_after=2024-06-14 00:00:00+00:00
[2024-06-14T16:53:25.856-0300] {processor.py:183} INFO - Processing /home/maira/projeto_indicium_engineering/venv/lib/python3.10/site-packages/airflow/example_dags/example_branch_operator_decorator.py took 0.104 seconds
[2024-06-14T16:54:28.283-0300] {processor.py:161} INFO - Started process (PID=93427) to work on /home/maira/projeto_indicium_engineering/venv/lib/python3.10/site-packages/airflow/example_dags/example_branch_operator_decorator.py
[2024-06-14T16:54:28.285-0300] {processor.py:830} INFO - Processing file /home/maira/projeto_indicium_engineering/venv/lib/python3.10/site-packages/airflow/example_dags/example_branch_operator_decorator.py for tasks to queue
[2024-06-14T16:54:28.287-0300] {logging_mixin.py:188} INFO - [2024-06-14T16:54:28.287-0300] {dagbag.py:545} INFO - Filling up the DagBag from /home/maira/projeto_indicium_engineering/venv/lib/python3.10/site-packages/airflow/example_dags/example_branch_operator_decorator.py
[2024-06-14T16:54:28.302-0300] {processor.py:840} INFO - DAG(s) 'example_branch_python_operator_decorator' retrieved from /home/maira/projeto_indicium_engineering/venv/lib/python3.10/site-packages/airflow/example_dags/example_branch_operator_decorator.py
[2024-06-14T16:54:28.319-0300] {logging_mixin.py:188} INFO - [2024-06-14T16:54:28.319-0300] {dag.py:3096} INFO - Sync 1 DAGs
[2024-06-14T16:54:28.333-0300] {logging_mixin.py:188} INFO - [2024-06-14T16:54:28.333-0300] {dag.py:3954} INFO - Setting next_dagrun for example_branch_python_operator_decorator to 2024-06-13 00:00:00+00:00, run_after=2024-06-14 00:00:00+00:00
[2024-06-14T16:54:28.356-0300] {processor.py:183} INFO - Processing /home/maira/projeto_indicium_engineering/venv/lib/python3.10/site-packages/airflow/example_dags/example_branch_operator_decorator.py took 0.078 seconds
[2024-06-14T17:20:20.904-0300] {processor.py:161} INFO - Started process (PID=93783) to work on /home/maira/projeto_indicium_engineering/venv/lib/python3.10/site-packages/airflow/example_dags/example_branch_operator_decorator.py
[2024-06-14T17:20:20.905-0300] {processor.py:830} INFO - Processing file /home/maira/projeto_indicium_engineering/venv/lib/python3.10/site-packages/airflow/example_dags/example_branch_operator_decorator.py for tasks to queue
[2024-06-14T17:20:20.907-0300] {logging_mixin.py:188} INFO - [2024-06-14T17:20:20.906-0300] {dagbag.py:545} INFO - Filling up the DagBag from /home/maira/projeto_indicium_engineering/venv/lib/python3.10/site-packages/airflow/example_dags/example_branch_operator_decorator.py
[2024-06-14T17:20:20.923-0300] {processor.py:840} INFO - DAG(s) 'example_branch_python_operator_decorator' retrieved from /home/maira/projeto_indicium_engineering/venv/lib/python3.10/site-packages/airflow/example_dags/example_branch_operator_decorator.py
[2024-06-14T17:20:20.941-0300] {logging_mixin.py:188} INFO - [2024-06-14T17:20:20.941-0300] {dag.py:3096} INFO - Sync 1 DAGs
[2024-06-14T17:20:20.957-0300] {logging_mixin.py:188} INFO - [2024-06-14T17:20:20.957-0300] {dag.py:3954} INFO - Setting next_dagrun for example_branch_python_operator_decorator to 2024-06-13 00:00:00+00:00, run_after=2024-06-14 00:00:00+00:00
[2024-06-14T17:20:20.980-0300] {processor.py:183} INFO - Processing /home/maira/projeto_indicium_engineering/venv/lib/python3.10/site-packages/airflow/example_dags/example_branch_operator_decorator.py took 0.080 seconds
[2024-06-14T17:21:12.293-0300] {processor.py:161} INFO - Started process (PID=94040) to work on /home/maira/projeto_indicium_engineering/venv/lib/python3.10/site-packages/airflow/example_dags/example_branch_operator_decorator.py
[2024-06-14T17:21:12.294-0300] {processor.py:830} INFO - Processing file /home/maira/projeto_indicium_engineering/venv/lib/python3.10/site-packages/airflow/example_dags/example_branch_operator_decorator.py for tasks to queue
[2024-06-14T17:21:12.296-0300] {logging_mixin.py:188} INFO - [2024-06-14T17:21:12.296-0300] {dagbag.py:545} INFO - Filling up the DagBag from /home/maira/projeto_indicium_engineering/venv/lib/python3.10/site-packages/airflow/example_dags/example_branch_operator_decorator.py
[2024-06-14T17:21:12.312-0300] {processor.py:840} INFO - DAG(s) 'example_branch_python_operator_decorator' retrieved from /home/maira/projeto_indicium_engineering/venv/lib/python3.10/site-packages/airflow/example_dags/example_branch_operator_decorator.py
[2024-06-14T17:21:12.329-0300] {logging_mixin.py:188} INFO - [2024-06-14T17:21:12.328-0300] {dag.py:3096} INFO - Sync 1 DAGs
[2024-06-14T17:21:12.344-0300] {logging_mixin.py:188} INFO - [2024-06-14T17:21:12.344-0300] {dag.py:3954} INFO - Setting next_dagrun for example_branch_python_operator_decorator to 2024-06-13 00:00:00+00:00, run_after=2024-06-14 00:00:00+00:00
[2024-06-14T17:21:12.367-0300] {processor.py:183} INFO - Processing /home/maira/projeto_indicium_engineering/venv/lib/python3.10/site-packages/airflow/example_dags/example_branch_operator_decorator.py took 0.078 seconds
[2024-06-14T17:22:13.436-0300] {processor.py:161} INFO - Started process (PID=94341) to work on /home/maira/projeto_indicium_engineering/venv/lib/python3.10/site-packages/airflow/example_dags/example_branch_operator_decorator.py
[2024-06-14T17:22:13.437-0300] {processor.py:830} INFO - Processing file /home/maira/projeto_indicium_engineering/venv/lib/python3.10/site-packages/airflow/example_dags/example_branch_operator_decorator.py for tasks to queue
[2024-06-14T17:22:13.439-0300] {logging_mixin.py:188} INFO - [2024-06-14T17:22:13.439-0300] {dagbag.py:545} INFO - Filling up the DagBag from /home/maira/projeto_indicium_engineering/venv/lib/python3.10/site-packages/airflow/example_dags/example_branch_operator_decorator.py
[2024-06-14T17:22:13.455-0300] {processor.py:840} INFO - DAG(s) 'example_branch_python_operator_decorator' retrieved from /home/maira/projeto_indicium_engineering/venv/lib/python3.10/site-packages/airflow/example_dags/example_branch_operator_decorator.py
[2024-06-14T17:22:13.471-0300] {logging_mixin.py:188} INFO - [2024-06-14T17:22:13.471-0300] {dag.py:3096} INFO - Sync 1 DAGs
[2024-06-14T17:22:13.486-0300] {logging_mixin.py:188} INFO - [2024-06-14T17:22:13.486-0300] {dag.py:3954} INFO - Setting next_dagrun for example_branch_python_operator_decorator to 2024-06-13 00:00:00+00:00, run_after=2024-06-14 00:00:00+00:00
[2024-06-14T17:22:13.507-0300] {processor.py:183} INFO - Processing /home/maira/projeto_indicium_engineering/venv/lib/python3.10/site-packages/airflow/example_dags/example_branch_operator_decorator.py took 0.076 seconds
[2024-06-14T17:23:14.270-0300] {processor.py:161} INFO - Started process (PID=94643) to work on /home/maira/projeto_indicium_engineering/venv/lib/python3.10/site-packages/airflow/example_dags/example_branch_operator_decorator.py
[2024-06-14T17:23:14.272-0300] {processor.py:830} INFO - Processing file /home/maira/projeto_indicium_engineering/venv/lib/python3.10/site-packages/airflow/example_dags/example_branch_operator_decorator.py for tasks to queue
[2024-06-14T17:23:14.274-0300] {logging_mixin.py:188} INFO - [2024-06-14T17:23:14.274-0300] {dagbag.py:545} INFO - Filling up the DagBag from /home/maira/projeto_indicium_engineering/venv/lib/python3.10/site-packages/airflow/example_dags/example_branch_operator_decorator.py
[2024-06-14T17:23:14.294-0300] {processor.py:840} INFO - DAG(s) 'example_branch_python_operator_decorator' retrieved from /home/maira/projeto_indicium_engineering/venv/lib/python3.10/site-packages/airflow/example_dags/example_branch_operator_decorator.py
[2024-06-14T17:23:14.318-0300] {logging_mixin.py:188} INFO - [2024-06-14T17:23:14.318-0300] {dag.py:3096} INFO - Sync 1 DAGs
[2024-06-14T17:23:14.338-0300] {logging_mixin.py:188} INFO - [2024-06-14T17:23:14.338-0300] {dag.py:3954} INFO - Setting next_dagrun for example_branch_python_operator_decorator to 2024-06-13 00:00:00+00:00, run_after=2024-06-14 00:00:00+00:00
[2024-06-14T17:23:14.365-0300] {processor.py:183} INFO - Processing /home/maira/projeto_indicium_engineering/venv/lib/python3.10/site-packages/airflow/example_dags/example_branch_operator_decorator.py took 0.101 seconds
[2024-06-14T17:24:15.944-0300] {processor.py:161} INFO - Started process (PID=94947) to work on /home/maira/projeto_indicium_engineering/venv/lib/python3.10/site-packages/airflow/example_dags/example_branch_operator_decorator.py
[2024-06-14T17:24:15.945-0300] {processor.py:830} INFO - Processing file /home/maira/projeto_indicium_engineering/venv/lib/python3.10/site-packages/airflow/example_dags/example_branch_operator_decorator.py for tasks to queue
[2024-06-14T17:24:15.947-0300] {logging_mixin.py:188} INFO - [2024-06-14T17:24:15.946-0300] {dagbag.py:545} INFO - Filling up the DagBag from /home/maira/projeto_indicium_engineering/venv/lib/python3.10/site-packages/airflow/example_dags/example_branch_operator_decorator.py
[2024-06-14T17:24:15.962-0300] {processor.py:840} INFO - DAG(s) 'example_branch_python_operator_decorator' retrieved from /home/maira/projeto_indicium_engineering/venv/lib/python3.10/site-packages/airflow/example_dags/example_branch_operator_decorator.py
[2024-06-14T17:24:15.980-0300] {logging_mixin.py:188} INFO - [2024-06-14T17:24:15.980-0300] {dag.py:3096} INFO - Sync 1 DAGs
[2024-06-14T17:24:15.996-0300] {logging_mixin.py:188} INFO - [2024-06-14T17:24:15.996-0300] {dag.py:3954} INFO - Setting next_dagrun for example_branch_python_operator_decorator to 2024-06-13 00:00:00+00:00, run_after=2024-06-14 00:00:00+00:00
[2024-06-14T17:24:16.016-0300] {processor.py:183} INFO - Processing /home/maira/projeto_indicium_engineering/venv/lib/python3.10/site-packages/airflow/example_dags/example_branch_operator_decorator.py took 0.077 seconds
[2024-06-14T17:25:27.536-0300] {processor.py:161} INFO - Started process (PID=95298) to work on /home/maira/projeto_indicium_engineering/venv/lib/python3.10/site-packages/airflow/example_dags/example_branch_operator_decorator.py
[2024-06-14T17:25:27.537-0300] {processor.py:830} INFO - Processing file /home/maira/projeto_indicium_engineering/venv/lib/python3.10/site-packages/airflow/example_dags/example_branch_operator_decorator.py for tasks to queue
[2024-06-14T17:25:27.538-0300] {logging_mixin.py:188} INFO - [2024-06-14T17:25:27.538-0300] {dagbag.py:545} INFO - Filling up the DagBag from /home/maira/projeto_indicium_engineering/venv/lib/python3.10/site-packages/airflow/example_dags/example_branch_operator_decorator.py
[2024-06-14T17:25:27.553-0300] {processor.py:840} INFO - DAG(s) 'example_branch_python_operator_decorator' retrieved from /home/maira/projeto_indicium_engineering/venv/lib/python3.10/site-packages/airflow/example_dags/example_branch_operator_decorator.py
[2024-06-14T17:25:27.570-0300] {logging_mixin.py:188} INFO - [2024-06-14T17:25:27.570-0300] {dag.py:3096} INFO - Sync 1 DAGs
[2024-06-14T17:25:27.583-0300] {logging_mixin.py:188} INFO - [2024-06-14T17:25:27.583-0300] {dag.py:3954} INFO - Setting next_dagrun for example_branch_python_operator_decorator to 2024-06-13 00:00:00+00:00, run_after=2024-06-14 00:00:00+00:00
[2024-06-14T17:25:27.604-0300] {processor.py:183} INFO - Processing /home/maira/projeto_indicium_engineering/venv/lib/python3.10/site-packages/airflow/example_dags/example_branch_operator_decorator.py took 0.073 seconds
[2024-06-14T17:26:25.532-0300] {processor.py:161} INFO - Started process (PID=95587) to work on /home/maira/projeto_indicium_engineering/venv/lib/python3.10/site-packages/airflow/example_dags/example_branch_operator_decorator.py
[2024-06-14T17:26:25.534-0300] {processor.py:830} INFO - Processing file /home/maira/projeto_indicium_engineering/venv/lib/python3.10/site-packages/airflow/example_dags/example_branch_operator_decorator.py for tasks to queue
[2024-06-14T17:26:25.535-0300] {logging_mixin.py:188} INFO - [2024-06-14T17:26:25.535-0300] {dagbag.py:545} INFO - Filling up the DagBag from /home/maira/projeto_indicium_engineering/venv/lib/python3.10/site-packages/airflow/example_dags/example_branch_operator_decorator.py
[2024-06-14T17:26:25.549-0300] {processor.py:840} INFO - DAG(s) 'example_branch_python_operator_decorator' retrieved from /home/maira/projeto_indicium_engineering/venv/lib/python3.10/site-packages/airflow/example_dags/example_branch_operator_decorator.py
[2024-06-14T17:26:25.566-0300] {logging_mixin.py:188} INFO - [2024-06-14T17:26:25.566-0300] {dag.py:3096} INFO - Sync 1 DAGs
[2024-06-14T17:26:25.579-0300] {logging_mixin.py:188} INFO - [2024-06-14T17:26:25.579-0300] {dag.py:3954} INFO - Setting next_dagrun for example_branch_python_operator_decorator to 2024-06-13 00:00:00+00:00, run_after=2024-06-14 00:00:00+00:00
[2024-06-14T17:26:25.601-0300] {processor.py:183} INFO - Processing /home/maira/projeto_indicium_engineering/venv/lib/python3.10/site-packages/airflow/example_dags/example_branch_operator_decorator.py took 0.073 seconds
[2024-06-14T17:27:24.639-0300] {processor.py:161} INFO - Started process (PID=95879) to work on /home/maira/projeto_indicium_engineering/venv/lib/python3.10/site-packages/airflow/example_dags/example_branch_operator_decorator.py
[2024-06-14T17:27:24.641-0300] {processor.py:830} INFO - Processing file /home/maira/projeto_indicium_engineering/venv/lib/python3.10/site-packages/airflow/example_dags/example_branch_operator_decorator.py for tasks to queue
[2024-06-14T17:27:24.642-0300] {logging_mixin.py:188} INFO - [2024-06-14T17:27:24.642-0300] {dagbag.py:545} INFO - Filling up the DagBag from /home/maira/projeto_indicium_engineering/venv/lib/python3.10/site-packages/airflow/example_dags/example_branch_operator_decorator.py
[2024-06-14T17:27:24.659-0300] {processor.py:840} INFO - DAG(s) 'example_branch_python_operator_decorator' retrieved from /home/maira/projeto_indicium_engineering/venv/lib/python3.10/site-packages/airflow/example_dags/example_branch_operator_decorator.py
[2024-06-14T17:27:24.675-0300] {logging_mixin.py:188} INFO - [2024-06-14T17:27:24.675-0300] {dag.py:3096} INFO - Sync 1 DAGs
[2024-06-14T17:27:24.689-0300] {logging_mixin.py:188} INFO - [2024-06-14T17:27:24.689-0300] {dag.py:3954} INFO - Setting next_dagrun for example_branch_python_operator_decorator to 2024-06-13 00:00:00+00:00, run_after=2024-06-14 00:00:00+00:00
[2024-06-14T17:27:24.711-0300] {processor.py:183} INFO - Processing /home/maira/projeto_indicium_engineering/venv/lib/python3.10/site-packages/airflow/example_dags/example_branch_operator_decorator.py took 0.077 seconds
[2024-06-14T17:28:24.330-0300] {processor.py:161} INFO - Started process (PID=96175) to work on /home/maira/projeto_indicium_engineering/venv/lib/python3.10/site-packages/airflow/example_dags/example_branch_operator_decorator.py
[2024-06-14T17:28:24.332-0300] {processor.py:830} INFO - Processing file /home/maira/projeto_indicium_engineering/venv/lib/python3.10/site-packages/airflow/example_dags/example_branch_operator_decorator.py for tasks to queue
[2024-06-14T17:28:24.334-0300] {logging_mixin.py:188} INFO - [2024-06-14T17:28:24.334-0300] {dagbag.py:545} INFO - Filling up the DagBag from /home/maira/projeto_indicium_engineering/venv/lib/python3.10/site-packages/airflow/example_dags/example_branch_operator_decorator.py
[2024-06-14T17:28:24.351-0300] {processor.py:840} INFO - DAG(s) 'example_branch_python_operator_decorator' retrieved from /home/maira/projeto_indicium_engineering/venv/lib/python3.10/site-packages/airflow/example_dags/example_branch_operator_decorator.py
[2024-06-14T17:28:24.368-0300] {logging_mixin.py:188} INFO - [2024-06-14T17:28:24.367-0300] {dag.py:3096} INFO - Sync 1 DAGs
[2024-06-14T17:28:24.381-0300] {logging_mixin.py:188} INFO - [2024-06-14T17:28:24.381-0300] {dag.py:3954} INFO - Setting next_dagrun for example_branch_python_operator_decorator to 2024-06-13 00:00:00+00:00, run_after=2024-06-14 00:00:00+00:00
[2024-06-14T17:28:24.401-0300] {processor.py:183} INFO - Processing /home/maira/projeto_indicium_engineering/venv/lib/python3.10/site-packages/airflow/example_dags/example_branch_operator_decorator.py took 0.076 seconds
[2024-06-14T17:29:19.044-0300] {processor.py:161} INFO - Started process (PID=96448) to work on /home/maira/projeto_indicium_engineering/venv/lib/python3.10/site-packages/airflow/example_dags/example_branch_operator_decorator.py
[2024-06-14T17:29:19.045-0300] {processor.py:830} INFO - Processing file /home/maira/projeto_indicium_engineering/venv/lib/python3.10/site-packages/airflow/example_dags/example_branch_operator_decorator.py for tasks to queue
[2024-06-14T17:29:19.047-0300] {logging_mixin.py:188} INFO - [2024-06-14T17:29:19.047-0300] {dagbag.py:545} INFO - Filling up the DagBag from /home/maira/projeto_indicium_engineering/venv/lib/python3.10/site-packages/airflow/example_dags/example_branch_operator_decorator.py
[2024-06-14T17:29:19.062-0300] {processor.py:840} INFO - DAG(s) 'example_branch_python_operator_decorator' retrieved from /home/maira/projeto_indicium_engineering/venv/lib/python3.10/site-packages/airflow/example_dags/example_branch_operator_decorator.py
[2024-06-14T17:29:19.079-0300] {logging_mixin.py:188} INFO - [2024-06-14T17:29:19.079-0300] {dag.py:3096} INFO - Sync 1 DAGs
[2024-06-14T17:29:19.093-0300] {logging_mixin.py:188} INFO - [2024-06-14T17:29:19.092-0300] {dag.py:3954} INFO - Setting next_dagrun for example_branch_python_operator_decorator to 2024-06-13 00:00:00+00:00, run_after=2024-06-14 00:00:00+00:00
[2024-06-14T17:29:19.116-0300] {processor.py:183} INFO - Processing /home/maira/projeto_indicium_engineering/venv/lib/python3.10/site-packages/airflow/example_dags/example_branch_operator_decorator.py took 0.077 seconds
[2024-06-14T17:30:19.592-0300] {processor.py:161} INFO - Started process (PID=96748) to work on /home/maira/projeto_indicium_engineering/venv/lib/python3.10/site-packages/airflow/example_dags/example_branch_operator_decorator.py
[2024-06-14T17:30:19.597-0300] {processor.py:830} INFO - Processing file /home/maira/projeto_indicium_engineering/venv/lib/python3.10/site-packages/airflow/example_dags/example_branch_operator_decorator.py for tasks to queue
[2024-06-14T17:30:19.599-0300] {logging_mixin.py:188} INFO - [2024-06-14T17:30:19.599-0300] {dagbag.py:545} INFO - Filling up the DagBag from /home/maira/projeto_indicium_engineering/venv/lib/python3.10/site-packages/airflow/example_dags/example_branch_operator_decorator.py
[2024-06-14T17:30:19.613-0300] {processor.py:840} INFO - DAG(s) 'example_branch_python_operator_decorator' retrieved from /home/maira/projeto_indicium_engineering/venv/lib/python3.10/site-packages/airflow/example_dags/example_branch_operator_decorator.py
[2024-06-14T17:30:19.630-0300] {logging_mixin.py:188} INFO - [2024-06-14T17:30:19.630-0300] {dag.py:3096} INFO - Sync 1 DAGs
[2024-06-14T17:30:19.643-0300] {logging_mixin.py:188} INFO - [2024-06-14T17:30:19.643-0300] {dag.py:3954} INFO - Setting next_dagrun for example_branch_python_operator_decorator to 2024-06-13 00:00:00+00:00, run_after=2024-06-14 00:00:00+00:00
[2024-06-14T17:30:19.665-0300] {processor.py:183} INFO - Processing /home/maira/projeto_indicium_engineering/venv/lib/python3.10/site-packages/airflow/example_dags/example_branch_operator_decorator.py took 0.078 seconds
[2024-06-14T17:31:20.472-0300] {processor.py:161} INFO - Started process (PID=97049) to work on /home/maira/projeto_indicium_engineering/venv/lib/python3.10/site-packages/airflow/example_dags/example_branch_operator_decorator.py
[2024-06-14T17:31:20.474-0300] {processor.py:830} INFO - Processing file /home/maira/projeto_indicium_engineering/venv/lib/python3.10/site-packages/airflow/example_dags/example_branch_operator_decorator.py for tasks to queue
[2024-06-14T17:31:20.476-0300] {logging_mixin.py:188} INFO - [2024-06-14T17:31:20.476-0300] {dagbag.py:545} INFO - Filling up the DagBag from /home/maira/projeto_indicium_engineering/venv/lib/python3.10/site-packages/airflow/example_dags/example_branch_operator_decorator.py
[2024-06-14T17:31:20.499-0300] {processor.py:840} INFO - DAG(s) 'example_branch_python_operator_decorator' retrieved from /home/maira/projeto_indicium_engineering/venv/lib/python3.10/site-packages/airflow/example_dags/example_branch_operator_decorator.py
[2024-06-14T17:31:20.525-0300] {logging_mixin.py:188} INFO - [2024-06-14T17:31:20.525-0300] {dag.py:3096} INFO - Sync 1 DAGs
[2024-06-14T17:31:20.550-0300] {logging_mixin.py:188} INFO - [2024-06-14T17:31:20.549-0300] {dag.py:3954} INFO - Setting next_dagrun for example_branch_python_operator_decorator to 2024-06-13 00:00:00+00:00, run_after=2024-06-14 00:00:00+00:00
[2024-06-14T17:31:20.582-0300] {processor.py:183} INFO - Processing /home/maira/projeto_indicium_engineering/venv/lib/python3.10/site-packages/airflow/example_dags/example_branch_operator_decorator.py took 0.115 seconds
[2024-06-14T17:32:27.694-0300] {processor.py:161} INFO - Started process (PID=97379) to work on /home/maira/projeto_indicium_engineering/venv/lib/python3.10/site-packages/airflow/example_dags/example_branch_operator_decorator.py
[2024-06-14T17:32:27.695-0300] {processor.py:830} INFO - Processing file /home/maira/projeto_indicium_engineering/venv/lib/python3.10/site-packages/airflow/example_dags/example_branch_operator_decorator.py for tasks to queue
[2024-06-14T17:32:27.697-0300] {logging_mixin.py:188} INFO - [2024-06-14T17:32:27.696-0300] {dagbag.py:545} INFO - Filling up the DagBag from /home/maira/projeto_indicium_engineering/venv/lib/python3.10/site-packages/airflow/example_dags/example_branch_operator_decorator.py
[2024-06-14T17:32:27.712-0300] {processor.py:840} INFO - DAG(s) 'example_branch_python_operator_decorator' retrieved from /home/maira/projeto_indicium_engineering/venv/lib/python3.10/site-packages/airflow/example_dags/example_branch_operator_decorator.py
[2024-06-14T17:32:27.729-0300] {logging_mixin.py:188} INFO - [2024-06-14T17:32:27.729-0300] {dag.py:3096} INFO - Sync 1 DAGs
[2024-06-14T17:32:27.743-0300] {logging_mixin.py:188} INFO - [2024-06-14T17:32:27.743-0300] {dag.py:3954} INFO - Setting next_dagrun for example_branch_python_operator_decorator to 2024-06-13 00:00:00+00:00, run_after=2024-06-14 00:00:00+00:00
[2024-06-14T17:32:27.766-0300] {processor.py:183} INFO - Processing /home/maira/projeto_indicium_engineering/venv/lib/python3.10/site-packages/airflow/example_dags/example_branch_operator_decorator.py took 0.077 seconds
[2024-06-14T17:33:31.813-0300] {processor.py:161} INFO - Started process (PID=97695) to work on /home/maira/projeto_indicium_engineering/venv/lib/python3.10/site-packages/airflow/example_dags/example_branch_operator_decorator.py
[2024-06-14T17:33:31.816-0300] {processor.py:830} INFO - Processing file /home/maira/projeto_indicium_engineering/venv/lib/python3.10/site-packages/airflow/example_dags/example_branch_operator_decorator.py for tasks to queue
[2024-06-14T17:33:31.818-0300] {logging_mixin.py:188} INFO - [2024-06-14T17:33:31.817-0300] {dagbag.py:545} INFO - Filling up the DagBag from /home/maira/projeto_indicium_engineering/venv/lib/python3.10/site-packages/airflow/example_dags/example_branch_operator_decorator.py
[2024-06-14T17:33:31.832-0300] {processor.py:840} INFO - DAG(s) 'example_branch_python_operator_decorator' retrieved from /home/maira/projeto_indicium_engineering/venv/lib/python3.10/site-packages/airflow/example_dags/example_branch_operator_decorator.py
[2024-06-14T17:33:31.848-0300] {logging_mixin.py:188} INFO - [2024-06-14T17:33:31.848-0300] {dag.py:3096} INFO - Sync 1 DAGs
[2024-06-14T17:33:31.862-0300] {logging_mixin.py:188} INFO - [2024-06-14T17:33:31.862-0300] {dag.py:3954} INFO - Setting next_dagrun for example_branch_python_operator_decorator to 2024-06-13 00:00:00+00:00, run_after=2024-06-14 00:00:00+00:00
[2024-06-14T17:33:31.885-0300] {processor.py:183} INFO - Processing /home/maira/projeto_indicium_engineering/venv/lib/python3.10/site-packages/airflow/example_dags/example_branch_operator_decorator.py took 0.076 seconds
[2024-06-14T17:34:26.884-0300] {processor.py:161} INFO - Started process (PID=97970) to work on /home/maira/projeto_indicium_engineering/venv/lib/python3.10/site-packages/airflow/example_dags/example_branch_operator_decorator.py
[2024-06-14T17:34:26.886-0300] {processor.py:830} INFO - Processing file /home/maira/projeto_indicium_engineering/venv/lib/python3.10/site-packages/airflow/example_dags/example_branch_operator_decorator.py for tasks to queue
[2024-06-14T17:34:26.888-0300] {logging_mixin.py:188} INFO - [2024-06-14T17:34:26.887-0300] {dagbag.py:545} INFO - Filling up the DagBag from /home/maira/projeto_indicium_engineering/venv/lib/python3.10/site-packages/airflow/example_dags/example_branch_operator_decorator.py
[2024-06-14T17:34:26.914-0300] {processor.py:840} INFO - DAG(s) 'example_branch_python_operator_decorator' retrieved from /home/maira/projeto_indicium_engineering/venv/lib/python3.10/site-packages/airflow/example_dags/example_branch_operator_decorator.py
[2024-06-14T17:34:26.943-0300] {logging_mixin.py:188} INFO - [2024-06-14T17:34:26.943-0300] {dag.py:3096} INFO - Sync 1 DAGs
[2024-06-14T17:34:26.967-0300] {logging_mixin.py:188} INFO - [2024-06-14T17:34:26.967-0300] {dag.py:3954} INFO - Setting next_dagrun for example_branch_python_operator_decorator to 2024-06-13 00:00:00+00:00, run_after=2024-06-14 00:00:00+00:00
[2024-06-14T17:34:26.997-0300] {processor.py:183} INFO - Processing /home/maira/projeto_indicium_engineering/venv/lib/python3.10/site-packages/airflow/example_dags/example_branch_operator_decorator.py took 0.120 seconds
[2024-06-14T17:35:25.434-0300] {processor.py:161} INFO - Started process (PID=98263) to work on /home/maira/projeto_indicium_engineering/venv/lib/python3.10/site-packages/airflow/example_dags/example_branch_operator_decorator.py
[2024-06-14T17:35:25.439-0300] {processor.py:830} INFO - Processing file /home/maira/projeto_indicium_engineering/venv/lib/python3.10/site-packages/airflow/example_dags/example_branch_operator_decorator.py for tasks to queue
[2024-06-14T17:35:25.441-0300] {logging_mixin.py:188} INFO - [2024-06-14T17:35:25.440-0300] {dagbag.py:545} INFO - Filling up the DagBag from /home/maira/projeto_indicium_engineering/venv/lib/python3.10/site-packages/airflow/example_dags/example_branch_operator_decorator.py
[2024-06-14T17:35:25.455-0300] {processor.py:840} INFO - DAG(s) 'example_branch_python_operator_decorator' retrieved from /home/maira/projeto_indicium_engineering/venv/lib/python3.10/site-packages/airflow/example_dags/example_branch_operator_decorator.py
[2024-06-14T17:35:25.471-0300] {logging_mixin.py:188} INFO - [2024-06-14T17:35:25.471-0300] {dag.py:3096} INFO - Sync 1 DAGs
[2024-06-14T17:35:25.486-0300] {logging_mixin.py:188} INFO - [2024-06-14T17:35:25.485-0300] {dag.py:3954} INFO - Setting next_dagrun for example_branch_python_operator_decorator to 2024-06-13 00:00:00+00:00, run_after=2024-06-14 00:00:00+00:00
[2024-06-14T17:35:25.506-0300] {processor.py:183} INFO - Processing /home/maira/projeto_indicium_engineering/venv/lib/python3.10/site-packages/airflow/example_dags/example_branch_operator_decorator.py took 0.077 seconds
[2024-06-14T17:36:28.115-0300] {processor.py:161} INFO - Started process (PID=98572) to work on /home/maira/projeto_indicium_engineering/venv/lib/python3.10/site-packages/airflow/example_dags/example_branch_operator_decorator.py
[2024-06-14T17:36:28.116-0300] {processor.py:830} INFO - Processing file /home/maira/projeto_indicium_engineering/venv/lib/python3.10/site-packages/airflow/example_dags/example_branch_operator_decorator.py for tasks to queue
[2024-06-14T17:36:28.119-0300] {logging_mixin.py:188} INFO - [2024-06-14T17:36:28.119-0300] {dagbag.py:545} INFO - Filling up the DagBag from /home/maira/projeto_indicium_engineering/venv/lib/python3.10/site-packages/airflow/example_dags/example_branch_operator_decorator.py
[2024-06-14T17:36:28.151-0300] {processor.py:840} INFO - DAG(s) 'example_branch_python_operator_decorator' retrieved from /home/maira/projeto_indicium_engineering/venv/lib/python3.10/site-packages/airflow/example_dags/example_branch_operator_decorator.py
[2024-06-14T17:36:28.184-0300] {logging_mixin.py:188} INFO - [2024-06-14T17:36:28.184-0300] {dag.py:3096} INFO - Sync 1 DAGs
[2024-06-14T17:36:28.209-0300] {logging_mixin.py:188} INFO - [2024-06-14T17:36:28.209-0300] {dag.py:3954} INFO - Setting next_dagrun for example_branch_python_operator_decorator to 2024-06-13 00:00:00+00:00, run_after=2024-06-14 00:00:00+00:00
[2024-06-14T17:36:28.241-0300] {processor.py:183} INFO - Processing /home/maira/projeto_indicium_engineering/venv/lib/python3.10/site-packages/airflow/example_dags/example_branch_operator_decorator.py took 0.134 seconds
[2024-06-14T17:37:29.912-0300] {processor.py:161} INFO - Started process (PID=98879) to work on /home/maira/projeto_indicium_engineering/venv/lib/python3.10/site-packages/airflow/example_dags/example_branch_operator_decorator.py
[2024-06-14T17:37:29.914-0300] {processor.py:830} INFO - Processing file /home/maira/projeto_indicium_engineering/venv/lib/python3.10/site-packages/airflow/example_dags/example_branch_operator_decorator.py for tasks to queue
[2024-06-14T17:37:29.916-0300] {logging_mixin.py:188} INFO - [2024-06-14T17:37:29.916-0300] {dagbag.py:545} INFO - Filling up the DagBag from /home/maira/projeto_indicium_engineering/venv/lib/python3.10/site-packages/airflow/example_dags/example_branch_operator_decorator.py
[2024-06-14T17:37:29.932-0300] {processor.py:840} INFO - DAG(s) 'example_branch_python_operator_decorator' retrieved from /home/maira/projeto_indicium_engineering/venv/lib/python3.10/site-packages/airflow/example_dags/example_branch_operator_decorator.py
[2024-06-14T17:37:29.949-0300] {logging_mixin.py:188} INFO - [2024-06-14T17:37:29.948-0300] {dag.py:3096} INFO - Sync 1 DAGs
[2024-06-14T17:37:29.962-0300] {logging_mixin.py:188} INFO - [2024-06-14T17:37:29.962-0300] {dag.py:3954} INFO - Setting next_dagrun for example_branch_python_operator_decorator to 2024-06-13 00:00:00+00:00, run_after=2024-06-14 00:00:00+00:00
[2024-06-14T17:37:29.988-0300] {processor.py:183} INFO - Processing /home/maira/projeto_indicium_engineering/venv/lib/python3.10/site-packages/airflow/example_dags/example_branch_operator_decorator.py took 0.080 seconds
[2024-06-14T17:38:28.342-0300] {processor.py:161} INFO - Started process (PID=99168) to work on /home/maira/projeto_indicium_engineering/venv/lib/python3.10/site-packages/airflow/example_dags/example_branch_operator_decorator.py
[2024-06-14T17:38:28.344-0300] {processor.py:830} INFO - Processing file /home/maira/projeto_indicium_engineering/venv/lib/python3.10/site-packages/airflow/example_dags/example_branch_operator_decorator.py for tasks to queue
[2024-06-14T17:38:28.345-0300] {logging_mixin.py:188} INFO - [2024-06-14T17:38:28.345-0300] {dagbag.py:545} INFO - Filling up the DagBag from /home/maira/projeto_indicium_engineering/venv/lib/python3.10/site-packages/airflow/example_dags/example_branch_operator_decorator.py
[2024-06-14T17:38:28.365-0300] {processor.py:840} INFO - DAG(s) 'example_branch_python_operator_decorator' retrieved from /home/maira/projeto_indicium_engineering/venv/lib/python3.10/site-packages/airflow/example_dags/example_branch_operator_decorator.py
[2024-06-14T17:38:28.387-0300] {logging_mixin.py:188} INFO - [2024-06-14T17:38:28.387-0300] {dag.py:3096} INFO - Sync 1 DAGs
[2024-06-14T17:38:28.406-0300] {logging_mixin.py:188} INFO - [2024-06-14T17:38:28.405-0300] {dag.py:3954} INFO - Setting next_dagrun for example_branch_python_operator_decorator to 2024-06-13 00:00:00+00:00, run_after=2024-06-14 00:00:00+00:00
[2024-06-14T17:38:28.428-0300] {processor.py:183} INFO - Processing /home/maira/projeto_indicium_engineering/venv/lib/python3.10/site-packages/airflow/example_dags/example_branch_operator_decorator.py took 0.090 seconds
[2024-06-14T17:39:27.143-0300] {processor.py:161} INFO - Started process (PID=99460) to work on /home/maira/projeto_indicium_engineering/venv/lib/python3.10/site-packages/airflow/example_dags/example_branch_operator_decorator.py
[2024-06-14T17:39:27.146-0300] {processor.py:830} INFO - Processing file /home/maira/projeto_indicium_engineering/venv/lib/python3.10/site-packages/airflow/example_dags/example_branch_operator_decorator.py for tasks to queue
[2024-06-14T17:39:27.148-0300] {logging_mixin.py:188} INFO - [2024-06-14T17:39:27.148-0300] {dagbag.py:545} INFO - Filling up the DagBag from /home/maira/projeto_indicium_engineering/venv/lib/python3.10/site-packages/airflow/example_dags/example_branch_operator_decorator.py
[2024-06-14T17:39:27.162-0300] {processor.py:840} INFO - DAG(s) 'example_branch_python_operator_decorator' retrieved from /home/maira/projeto_indicium_engineering/venv/lib/python3.10/site-packages/airflow/example_dags/example_branch_operator_decorator.py
[2024-06-14T17:39:27.179-0300] {logging_mixin.py:188} INFO - [2024-06-14T17:39:27.178-0300] {dag.py:3096} INFO - Sync 1 DAGs
[2024-06-14T17:39:27.192-0300] {logging_mixin.py:188} INFO - [2024-06-14T17:39:27.192-0300] {dag.py:3954} INFO - Setting next_dagrun for example_branch_python_operator_decorator to 2024-06-13 00:00:00+00:00, run_after=2024-06-14 00:00:00+00:00
[2024-06-14T17:39:27.215-0300] {processor.py:183} INFO - Processing /home/maira/projeto_indicium_engineering/venv/lib/python3.10/site-packages/airflow/example_dags/example_branch_operator_decorator.py took 0.077 seconds
[2024-06-14T17:40:26.743-0300] {processor.py:161} INFO - Started process (PID=99757) to work on /home/maira/projeto_indicium_engineering/venv/lib/python3.10/site-packages/airflow/example_dags/example_branch_operator_decorator.py
[2024-06-14T17:40:26.745-0300] {processor.py:830} INFO - Processing file /home/maira/projeto_indicium_engineering/venv/lib/python3.10/site-packages/airflow/example_dags/example_branch_operator_decorator.py for tasks to queue
[2024-06-14T17:40:26.747-0300] {logging_mixin.py:188} INFO - [2024-06-14T17:40:26.747-0300] {dagbag.py:545} INFO - Filling up the DagBag from /home/maira/projeto_indicium_engineering/venv/lib/python3.10/site-packages/airflow/example_dags/example_branch_operator_decorator.py
[2024-06-14T17:40:26.761-0300] {processor.py:840} INFO - DAG(s) 'example_branch_python_operator_decorator' retrieved from /home/maira/projeto_indicium_engineering/venv/lib/python3.10/site-packages/airflow/example_dags/example_branch_operator_decorator.py
[2024-06-14T17:40:26.778-0300] {logging_mixin.py:188} INFO - [2024-06-14T17:40:26.777-0300] {dag.py:3096} INFO - Sync 1 DAGs
[2024-06-14T17:40:26.791-0300] {logging_mixin.py:188} INFO - [2024-06-14T17:40:26.791-0300] {dag.py:3954} INFO - Setting next_dagrun for example_branch_python_operator_decorator to 2024-06-13 00:00:00+00:00, run_after=2024-06-14 00:00:00+00:00
[2024-06-14T17:40:26.811-0300] {processor.py:183} INFO - Processing /home/maira/projeto_indicium_engineering/venv/lib/python3.10/site-packages/airflow/example_dags/example_branch_operator_decorator.py took 0.072 seconds
[2024-06-14T17:41:30.312-0300] {processor.py:161} INFO - Started process (PID=100069) to work on /home/maira/projeto_indicium_engineering/venv/lib/python3.10/site-packages/airflow/example_dags/example_branch_operator_decorator.py
[2024-06-14T17:41:30.313-0300] {processor.py:830} INFO - Processing file /home/maira/projeto_indicium_engineering/venv/lib/python3.10/site-packages/airflow/example_dags/example_branch_operator_decorator.py for tasks to queue
[2024-06-14T17:41:30.314-0300] {logging_mixin.py:188} INFO - [2024-06-14T17:41:30.314-0300] {dagbag.py:545} INFO - Filling up the DagBag from /home/maira/projeto_indicium_engineering/venv/lib/python3.10/site-packages/airflow/example_dags/example_branch_operator_decorator.py
[2024-06-14T17:41:30.331-0300] {processor.py:840} INFO - DAG(s) 'example_branch_python_operator_decorator' retrieved from /home/maira/projeto_indicium_engineering/venv/lib/python3.10/site-packages/airflow/example_dags/example_branch_operator_decorator.py
[2024-06-14T17:41:30.349-0300] {logging_mixin.py:188} INFO - [2024-06-14T17:41:30.349-0300] {dag.py:3096} INFO - Sync 1 DAGs
[2024-06-14T17:41:30.365-0300] {logging_mixin.py:188} INFO - [2024-06-14T17:41:30.364-0300] {dag.py:3954} INFO - Setting next_dagrun for example_branch_python_operator_decorator to 2024-06-13 00:00:00+00:00, run_after=2024-06-14 00:00:00+00:00
[2024-06-14T17:41:30.388-0300] {processor.py:183} INFO - Processing /home/maira/projeto_indicium_engineering/venv/lib/python3.10/site-packages/airflow/example_dags/example_branch_operator_decorator.py took 0.081 seconds
[2024-06-14T17:42:30.527-0300] {processor.py:161} INFO - Started process (PID=100367) to work on /home/maira/projeto_indicium_engineering/venv/lib/python3.10/site-packages/airflow/example_dags/example_branch_operator_decorator.py
[2024-06-14T17:42:30.528-0300] {processor.py:830} INFO - Processing file /home/maira/projeto_indicium_engineering/venv/lib/python3.10/site-packages/airflow/example_dags/example_branch_operator_decorator.py for tasks to queue
[2024-06-14T17:42:30.530-0300] {logging_mixin.py:188} INFO - [2024-06-14T17:42:30.529-0300] {dagbag.py:545} INFO - Filling up the DagBag from /home/maira/projeto_indicium_engineering/venv/lib/python3.10/site-packages/airflow/example_dags/example_branch_operator_decorator.py
[2024-06-14T17:42:30.545-0300] {processor.py:840} INFO - DAG(s) 'example_branch_python_operator_decorator' retrieved from /home/maira/projeto_indicium_engineering/venv/lib/python3.10/site-packages/airflow/example_dags/example_branch_operator_decorator.py
[2024-06-14T17:42:30.562-0300] {logging_mixin.py:188} INFO - [2024-06-14T17:42:30.562-0300] {dag.py:3096} INFO - Sync 1 DAGs
[2024-06-14T17:42:30.581-0300] {logging_mixin.py:188} INFO - [2024-06-14T17:42:30.581-0300] {dag.py:3954} INFO - Setting next_dagrun for example_branch_python_operator_decorator to 2024-06-13 00:00:00+00:00, run_after=2024-06-14 00:00:00+00:00
[2024-06-14T17:42:30.607-0300] {processor.py:183} INFO - Processing /home/maira/projeto_indicium_engineering/venv/lib/python3.10/site-packages/airflow/example_dags/example_branch_operator_decorator.py took 0.085 seconds
[2024-06-14T17:43:28.947-0300] {processor.py:161} INFO - Started process (PID=100659) to work on /home/maira/projeto_indicium_engineering/venv/lib/python3.10/site-packages/airflow/example_dags/example_branch_operator_decorator.py
[2024-06-14T17:43:28.949-0300] {processor.py:830} INFO - Processing file /home/maira/projeto_indicium_engineering/venv/lib/python3.10/site-packages/airflow/example_dags/example_branch_operator_decorator.py for tasks to queue
[2024-06-14T17:43:28.950-0300] {logging_mixin.py:188} INFO - [2024-06-14T17:43:28.950-0300] {dagbag.py:545} INFO - Filling up the DagBag from /home/maira/projeto_indicium_engineering/venv/lib/python3.10/site-packages/airflow/example_dags/example_branch_operator_decorator.py
[2024-06-14T17:43:28.965-0300] {processor.py:840} INFO - DAG(s) 'example_branch_python_operator_decorator' retrieved from /home/maira/projeto_indicium_engineering/venv/lib/python3.10/site-packages/airflow/example_dags/example_branch_operator_decorator.py
[2024-06-14T17:43:28.982-0300] {logging_mixin.py:188} INFO - [2024-06-14T17:43:28.982-0300] {dag.py:3096} INFO - Sync 1 DAGs
[2024-06-14T17:43:28.996-0300] {logging_mixin.py:188} INFO - [2024-06-14T17:43:28.996-0300] {dag.py:3954} INFO - Setting next_dagrun for example_branch_python_operator_decorator to 2024-06-13 00:00:00+00:00, run_after=2024-06-14 00:00:00+00:00
[2024-06-14T17:43:29.016-0300] {processor.py:183} INFO - Processing /home/maira/projeto_indicium_engineering/venv/lib/python3.10/site-packages/airflow/example_dags/example_branch_operator_decorator.py took 0.073 seconds
[2024-06-14T17:44:23.487-0300] {processor.py:161} INFO - Started process (PID=100931) to work on /home/maira/projeto_indicium_engineering/venv/lib/python3.10/site-packages/airflow/example_dags/example_branch_operator_decorator.py
[2024-06-14T17:44:23.489-0300] {processor.py:830} INFO - Processing file /home/maira/projeto_indicium_engineering/venv/lib/python3.10/site-packages/airflow/example_dags/example_branch_operator_decorator.py for tasks to queue
[2024-06-14T17:44:23.491-0300] {logging_mixin.py:188} INFO - [2024-06-14T17:44:23.490-0300] {dagbag.py:545} INFO - Filling up the DagBag from /home/maira/projeto_indicium_engineering/venv/lib/python3.10/site-packages/airflow/example_dags/example_branch_operator_decorator.py
[2024-06-14T17:44:23.507-0300] {processor.py:840} INFO - DAG(s) 'example_branch_python_operator_decorator' retrieved from /home/maira/projeto_indicium_engineering/venv/lib/python3.10/site-packages/airflow/example_dags/example_branch_operator_decorator.py
[2024-06-14T17:44:23.523-0300] {logging_mixin.py:188} INFO - [2024-06-14T17:44:23.523-0300] {dag.py:3096} INFO - Sync 1 DAGs
[2024-06-14T17:44:23.537-0300] {logging_mixin.py:188} INFO - [2024-06-14T17:44:23.537-0300] {dag.py:3954} INFO - Setting next_dagrun for example_branch_python_operator_decorator to 2024-06-13 00:00:00+00:00, run_after=2024-06-14 00:00:00+00:00
[2024-06-14T17:44:23.560-0300] {processor.py:183} INFO - Processing /home/maira/projeto_indicium_engineering/venv/lib/python3.10/site-packages/airflow/example_dags/example_branch_operator_decorator.py took 0.078 seconds
[2024-06-14T17:45:23.417-0300] {processor.py:161} INFO - Started process (PID=101231) to work on /home/maira/projeto_indicium_engineering/venv/lib/python3.10/site-packages/airflow/example_dags/example_branch_operator_decorator.py
[2024-06-14T17:45:23.422-0300] {processor.py:830} INFO - Processing file /home/maira/projeto_indicium_engineering/venv/lib/python3.10/site-packages/airflow/example_dags/example_branch_operator_decorator.py for tasks to queue
[2024-06-14T17:45:23.424-0300] {logging_mixin.py:188} INFO - [2024-06-14T17:45:23.424-0300] {dagbag.py:545} INFO - Filling up the DagBag from /home/maira/projeto_indicium_engineering/venv/lib/python3.10/site-packages/airflow/example_dags/example_branch_operator_decorator.py
[2024-06-14T17:45:23.440-0300] {processor.py:840} INFO - DAG(s) 'example_branch_python_operator_decorator' retrieved from /home/maira/projeto_indicium_engineering/venv/lib/python3.10/site-packages/airflow/example_dags/example_branch_operator_decorator.py
[2024-06-14T17:45:23.458-0300] {logging_mixin.py:188} INFO - [2024-06-14T17:45:23.457-0300] {dag.py:3096} INFO - Sync 1 DAGs
[2024-06-14T17:45:23.473-0300] {logging_mixin.py:188} INFO - [2024-06-14T17:45:23.473-0300] {dag.py:3954} INFO - Setting next_dagrun for example_branch_python_operator_decorator to 2024-06-13 00:00:00+00:00, run_after=2024-06-14 00:00:00+00:00
[2024-06-14T17:45:23.496-0300] {processor.py:183} INFO - Processing /home/maira/projeto_indicium_engineering/venv/lib/python3.10/site-packages/airflow/example_dags/example_branch_operator_decorator.py took 0.084 seconds
[2024-06-14T17:46:24.052-0300] {processor.py:161} INFO - Started process (PID=101531) to work on /home/maira/projeto_indicium_engineering/venv/lib/python3.10/site-packages/airflow/example_dags/example_branch_operator_decorator.py
[2024-06-14T17:46:24.054-0300] {processor.py:830} INFO - Processing file /home/maira/projeto_indicium_engineering/venv/lib/python3.10/site-packages/airflow/example_dags/example_branch_operator_decorator.py for tasks to queue
[2024-06-14T17:46:24.056-0300] {logging_mixin.py:188} INFO - [2024-06-14T17:46:24.055-0300] {dagbag.py:545} INFO - Filling up the DagBag from /home/maira/projeto_indicium_engineering/venv/lib/python3.10/site-packages/airflow/example_dags/example_branch_operator_decorator.py
[2024-06-14T17:46:24.076-0300] {processor.py:840} INFO - DAG(s) 'example_branch_python_operator_decorator' retrieved from /home/maira/projeto_indicium_engineering/venv/lib/python3.10/site-packages/airflow/example_dags/example_branch_operator_decorator.py
[2024-06-14T17:46:24.093-0300] {logging_mixin.py:188} INFO - [2024-06-14T17:46:24.093-0300] {dag.py:3096} INFO - Sync 1 DAGs
[2024-06-14T17:46:24.108-0300] {logging_mixin.py:188} INFO - [2024-06-14T17:46:24.108-0300] {dag.py:3954} INFO - Setting next_dagrun for example_branch_python_operator_decorator to 2024-06-13 00:00:00+00:00, run_after=2024-06-14 00:00:00+00:00
[2024-06-14T17:46:24.130-0300] {processor.py:183} INFO - Processing /home/maira/projeto_indicium_engineering/venv/lib/python3.10/site-packages/airflow/example_dags/example_branch_operator_decorator.py took 0.084 seconds
[2024-06-14T17:47:24.039-0300] {processor.py:161} INFO - Started process (PID=101829) to work on /home/maira/projeto_indicium_engineering/venv/lib/python3.10/site-packages/airflow/example_dags/example_branch_operator_decorator.py
[2024-06-14T17:47:24.040-0300] {processor.py:830} INFO - Processing file /home/maira/projeto_indicium_engineering/venv/lib/python3.10/site-packages/airflow/example_dags/example_branch_operator_decorator.py for tasks to queue
[2024-06-14T17:47:24.042-0300] {logging_mixin.py:188} INFO - [2024-06-14T17:47:24.041-0300] {dagbag.py:545} INFO - Filling up the DagBag from /home/maira/projeto_indicium_engineering/venv/lib/python3.10/site-packages/airflow/example_dags/example_branch_operator_decorator.py
[2024-06-14T17:47:24.057-0300] {processor.py:840} INFO - DAG(s) 'example_branch_python_operator_decorator' retrieved from /home/maira/projeto_indicium_engineering/venv/lib/python3.10/site-packages/airflow/example_dags/example_branch_operator_decorator.py
[2024-06-14T17:47:24.074-0300] {logging_mixin.py:188} INFO - [2024-06-14T17:47:24.074-0300] {dag.py:3096} INFO - Sync 1 DAGs
[2024-06-14T17:47:24.089-0300] {logging_mixin.py:188} INFO - [2024-06-14T17:47:24.089-0300] {dag.py:3954} INFO - Setting next_dagrun for example_branch_python_operator_decorator to 2024-06-13 00:00:00+00:00, run_after=2024-06-14 00:00:00+00:00
[2024-06-14T17:47:24.111-0300] {processor.py:183} INFO - Processing /home/maira/projeto_indicium_engineering/venv/lib/python3.10/site-packages/airflow/example_dags/example_branch_operator_decorator.py took 0.077 seconds
[2024-06-14T17:48:25.102-0300] {processor.py:161} INFO - Started process (PID=102130) to work on /home/maira/projeto_indicium_engineering/venv/lib/python3.10/site-packages/airflow/example_dags/example_branch_operator_decorator.py
[2024-06-14T17:48:25.105-0300] {processor.py:830} INFO - Processing file /home/maira/projeto_indicium_engineering/venv/lib/python3.10/site-packages/airflow/example_dags/example_branch_operator_decorator.py for tasks to queue
[2024-06-14T17:48:25.106-0300] {logging_mixin.py:188} INFO - [2024-06-14T17:48:25.106-0300] {dagbag.py:545} INFO - Filling up the DagBag from /home/maira/projeto_indicium_engineering/venv/lib/python3.10/site-packages/airflow/example_dags/example_branch_operator_decorator.py
[2024-06-14T17:48:25.122-0300] {processor.py:840} INFO - DAG(s) 'example_branch_python_operator_decorator' retrieved from /home/maira/projeto_indicium_engineering/venv/lib/python3.10/site-packages/airflow/example_dags/example_branch_operator_decorator.py
[2024-06-14T17:48:25.139-0300] {logging_mixin.py:188} INFO - [2024-06-14T17:48:25.138-0300] {dag.py:3096} INFO - Sync 1 DAGs
[2024-06-14T17:48:25.152-0300] {logging_mixin.py:188} INFO - [2024-06-14T17:48:25.152-0300] {dag.py:3954} INFO - Setting next_dagrun for example_branch_python_operator_decorator to 2024-06-13 00:00:00+00:00, run_after=2024-06-14 00:00:00+00:00
[2024-06-14T17:48:25.173-0300] {processor.py:183} INFO - Processing /home/maira/projeto_indicium_engineering/venv/lib/python3.10/site-packages/airflow/example_dags/example_branch_operator_decorator.py took 0.076 seconds
[2024-06-14T17:49:28.316-0300] {processor.py:161} INFO - Started process (PID=102443) to work on /home/maira/projeto_indicium_engineering/venv/lib/python3.10/site-packages/airflow/example_dags/example_branch_operator_decorator.py
[2024-06-14T17:49:28.318-0300] {processor.py:830} INFO - Processing file /home/maira/projeto_indicium_engineering/venv/lib/python3.10/site-packages/airflow/example_dags/example_branch_operator_decorator.py for tasks to queue
[2024-06-14T17:49:28.319-0300] {logging_mixin.py:188} INFO - [2024-06-14T17:49:28.319-0300] {dagbag.py:545} INFO - Filling up the DagBag from /home/maira/projeto_indicium_engineering/venv/lib/python3.10/site-packages/airflow/example_dags/example_branch_operator_decorator.py
[2024-06-14T17:49:28.335-0300] {processor.py:840} INFO - DAG(s) 'example_branch_python_operator_decorator' retrieved from /home/maira/projeto_indicium_engineering/venv/lib/python3.10/site-packages/airflow/example_dags/example_branch_operator_decorator.py
[2024-06-14T17:49:28.353-0300] {logging_mixin.py:188} INFO - [2024-06-14T17:49:28.352-0300] {dag.py:3096} INFO - Sync 1 DAGs
[2024-06-14T17:49:28.368-0300] {logging_mixin.py:188} INFO - [2024-06-14T17:49:28.367-0300] {dag.py:3954} INFO - Setting next_dagrun for example_branch_python_operator_decorator to 2024-06-13 00:00:00+00:00, run_after=2024-06-14 00:00:00+00:00
[2024-06-14T17:49:28.392-0300] {processor.py:183} INFO - Processing /home/maira/projeto_indicium_engineering/venv/lib/python3.10/site-packages/airflow/example_dags/example_branch_operator_decorator.py took 0.080 seconds
[2024-06-14T17:50:30.952-0300] {processor.py:161} INFO - Started process (PID=102752) to work on /home/maira/projeto_indicium_engineering/venv/lib/python3.10/site-packages/airflow/example_dags/example_branch_operator_decorator.py
[2024-06-14T17:50:30.954-0300] {processor.py:830} INFO - Processing file /home/maira/projeto_indicium_engineering/venv/lib/python3.10/site-packages/airflow/example_dags/example_branch_operator_decorator.py for tasks to queue
[2024-06-14T17:50:30.955-0300] {logging_mixin.py:188} INFO - [2024-06-14T17:50:30.955-0300] {dagbag.py:545} INFO - Filling up the DagBag from /home/maira/projeto_indicium_engineering/venv/lib/python3.10/site-packages/airflow/example_dags/example_branch_operator_decorator.py
[2024-06-14T17:50:30.971-0300] {processor.py:840} INFO - DAG(s) 'example_branch_python_operator_decorator' retrieved from /home/maira/projeto_indicium_engineering/venv/lib/python3.10/site-packages/airflow/example_dags/example_branch_operator_decorator.py
[2024-06-14T17:50:30.988-0300] {logging_mixin.py:188} INFO - [2024-06-14T17:50:30.988-0300] {dag.py:3096} INFO - Sync 1 DAGs
[2024-06-14T17:50:31.002-0300] {logging_mixin.py:188} INFO - [2024-06-14T17:50:31.001-0300] {dag.py:3954} INFO - Setting next_dagrun for example_branch_python_operator_decorator to 2024-06-13 00:00:00+00:00, run_after=2024-06-14 00:00:00+00:00
[2024-06-14T17:50:31.022-0300] {processor.py:183} INFO - Processing /home/maira/projeto_indicium_engineering/venv/lib/python3.10/site-packages/airflow/example_dags/example_branch_operator_decorator.py took 0.074 seconds
[2024-06-14T20:51:31.726-0300] {processor.py:161} INFO - Started process (PID=103074) to work on /home/maira/projeto_indicium_engineering/venv/lib/python3.10/site-packages/airflow/example_dags/example_branch_operator_decorator.py
[2024-06-14T20:51:31.732-0300] {processor.py:830} INFO - Processing file /home/maira/projeto_indicium_engineering/venv/lib/python3.10/site-packages/airflow/example_dags/example_branch_operator_decorator.py for tasks to queue
[2024-06-14T20:51:31.773-0300] {logging_mixin.py:188} INFO - [2024-06-14T20:51:31.770-0300] {dagbag.py:545} INFO - Filling up the DagBag from /home/maira/projeto_indicium_engineering/venv/lib/python3.10/site-packages/airflow/example_dags/example_branch_operator_decorator.py
[2024-06-14T20:51:31.929-0300] {processor.py:840} INFO - DAG(s) 'example_branch_python_operator_decorator' retrieved from /home/maira/projeto_indicium_engineering/venv/lib/python3.10/site-packages/airflow/example_dags/example_branch_operator_decorator.py
[2024-06-14T20:51:32.008-0300] {logging_mixin.py:188} INFO - [2024-06-14T20:51:32.008-0300] {dag.py:3096} INFO - Sync 1 DAGs
[2024-06-14T20:51:32.066-0300] {logging_mixin.py:188} INFO - [2024-06-14T20:51:32.065-0300] {dag.py:3954} INFO - Setting next_dagrun for example_branch_python_operator_decorator to 2024-06-13 00:00:00+00:00, run_after=2024-06-14 00:00:00+00:00
[2024-06-14T20:51:32.255-0300] {processor.py:183} INFO - Processing /home/maira/projeto_indicium_engineering/venv/lib/python3.10/site-packages/airflow/example_dags/example_branch_operator_decorator.py took 0.574 seconds
[2024-06-14T20:52:53.576-0300] {processor.py:161} INFO - Started process (PID=103816) to work on /home/maira/projeto_indicium_engineering/venv/lib/python3.10/site-packages/airflow/example_dags/example_branch_operator_decorator.py
[2024-06-14T20:52:53.579-0300] {processor.py:830} INFO - Processing file /home/maira/projeto_indicium_engineering/venv/lib/python3.10/site-packages/airflow/example_dags/example_branch_operator_decorator.py for tasks to queue
[2024-06-14T20:52:53.583-0300] {logging_mixin.py:188} INFO - [2024-06-14T20:52:53.583-0300] {dagbag.py:545} INFO - Filling up the DagBag from /home/maira/projeto_indicium_engineering/venv/lib/python3.10/site-packages/airflow/example_dags/example_branch_operator_decorator.py
[2024-06-14T20:52:53.612-0300] {processor.py:840} INFO - DAG(s) 'example_branch_python_operator_decorator' retrieved from /home/maira/projeto_indicium_engineering/venv/lib/python3.10/site-packages/airflow/example_dags/example_branch_operator_decorator.py
[2024-06-14T20:52:53.635-0300] {logging_mixin.py:188} INFO - [2024-06-14T20:52:53.635-0300] {dag.py:3096} INFO - Sync 1 DAGs
[2024-06-14T20:52:53.654-0300] {logging_mixin.py:188} INFO - [2024-06-14T20:52:53.653-0300] {dag.py:3954} INFO - Setting next_dagrun for example_branch_python_operator_decorator to 2024-06-13 00:00:00+00:00, run_after=2024-06-14 00:00:00+00:00
[2024-06-14T20:52:53.682-0300] {processor.py:183} INFO - Processing /home/maira/projeto_indicium_engineering/venv/lib/python3.10/site-packages/airflow/example_dags/example_branch_operator_decorator.py took 0.111 seconds
[2024-06-14T20:53:47.473-0300] {processor.py:161} INFO - Started process (PID=104079) to work on /home/maira/projeto_indicium_engineering/venv/lib/python3.10/site-packages/airflow/example_dags/example_branch_operator_decorator.py
[2024-06-14T20:53:47.478-0300] {processor.py:830} INFO - Processing file /home/maira/projeto_indicium_engineering/venv/lib/python3.10/site-packages/airflow/example_dags/example_branch_operator_decorator.py for tasks to queue
[2024-06-14T20:53:47.480-0300] {logging_mixin.py:188} INFO - [2024-06-14T20:53:47.479-0300] {dagbag.py:545} INFO - Filling up the DagBag from /home/maira/projeto_indicium_engineering/venv/lib/python3.10/site-packages/airflow/example_dags/example_branch_operator_decorator.py
[2024-06-14T20:53:47.494-0300] {processor.py:840} INFO - DAG(s) 'example_branch_python_operator_decorator' retrieved from /home/maira/projeto_indicium_engineering/venv/lib/python3.10/site-packages/airflow/example_dags/example_branch_operator_decorator.py
[2024-06-14T20:53:47.510-0300] {logging_mixin.py:188} INFO - [2024-06-14T20:53:47.510-0300] {dag.py:3096} INFO - Sync 1 DAGs
[2024-06-14T20:53:47.523-0300] {logging_mixin.py:188} INFO - [2024-06-14T20:53:47.523-0300] {dag.py:3954} INFO - Setting next_dagrun for example_branch_python_operator_decorator to 2024-06-13 00:00:00+00:00, run_after=2024-06-14 00:00:00+00:00
[2024-06-14T20:53:47.545-0300] {processor.py:183} INFO - Processing /home/maira/projeto_indicium_engineering/venv/lib/python3.10/site-packages/airflow/example_dags/example_branch_operator_decorator.py took 0.076 seconds
