[2024-06-14T16:31:20.370-0300] {processor.py:161} INFO - Started process (PID=86557) to work on /home/maira/projeto_indicium_engineering/venv/lib/python3.10/site-packages/airflow/example_dags/example_dag_decorator.py
[2024-06-14T16:31:20.371-0300] {processor.py:830} INFO - Processing file /home/maira/projeto_indicium_engineering/venv/lib/python3.10/site-packages/airflow/example_dags/example_dag_decorator.py for tasks to queue
[2024-06-14T16:31:20.372-0300] {logging_mixin.py:188} INFO - [2024-06-14T16:31:20.372-0300] {dagbag.py:545} INFO - Filling up the DagBag from /home/maira/projeto_indicium_engineering/venv/lib/python3.10/site-packages/airflow/example_dags/example_dag_decorator.py
[2024-06-14T16:31:20.585-0300] {processor.py:840} INFO - DAG(s) 'example_dag_decorator' retrieved from /home/maira/projeto_indicium_engineering/venv/lib/python3.10/site-packages/airflow/example_dags/example_dag_decorator.py
[2024-06-14T16:31:20.656-0300] {logging_mixin.py:188} INFO - [2024-06-14T16:31:20.656-0300] {override.py:1829} INFO - Created Permission View: can edit on DAG:example_dag_decorator
[2024-06-14T16:31:20.670-0300] {logging_mixin.py:188} INFO - [2024-06-14T16:31:20.669-0300] {override.py:1829} INFO - Created Permission View: can delete on DAG:example_dag_decorator
[2024-06-14T16:31:20.681-0300] {logging_mixin.py:188} INFO - [2024-06-14T16:31:20.680-0300] {override.py:1829} INFO - Created Permission View: can read on DAG:example_dag_decorator
[2024-06-14T16:31:20.681-0300] {logging_mixin.py:188} INFO - [2024-06-14T16:31:20.681-0300] {dag.py:3096} INFO - Sync 1 DAGs
[2024-06-14T16:31:20.689-0300] {logging_mixin.py:188} INFO - [2024-06-14T16:31:20.689-0300] {dag.py:3118} INFO - Creating ORM DAG for example_dag_decorator
[2024-06-14T16:31:20.690-0300] {logging_mixin.py:188} INFO - [2024-06-14T16:31:20.690-0300] {dag.py:3954} INFO - Setting next_dagrun for example_dag_decorator to None, run_after=None
[2024-06-14T16:31:20.711-0300] {processor.py:183} INFO - Processing /home/maira/projeto_indicium_engineering/venv/lib/python3.10/site-packages/airflow/example_dags/example_dag_decorator.py took 0.346 seconds
[2024-06-14T16:32:36.128-0300] {processor.py:161} INFO - Started process (PID=86928) to work on /home/maira/projeto_indicium_engineering/venv/lib/python3.10/site-packages/airflow/example_dags/example_dag_decorator.py
[2024-06-14T16:32:36.133-0300] {processor.py:830} INFO - Processing file /home/maira/projeto_indicium_engineering/venv/lib/python3.10/site-packages/airflow/example_dags/example_dag_decorator.py for tasks to queue
[2024-06-14T16:32:36.135-0300] {logging_mixin.py:188} INFO - [2024-06-14T16:32:36.135-0300] {dagbag.py:545} INFO - Filling up the DagBag from /home/maira/projeto_indicium_engineering/venv/lib/python3.10/site-packages/airflow/example_dags/example_dag_decorator.py
[2024-06-14T16:32:36.188-0300] {processor.py:840} INFO - DAG(s) 'example_dag_decorator' retrieved from /home/maira/projeto_indicium_engineering/venv/lib/python3.10/site-packages/airflow/example_dags/example_dag_decorator.py
[2024-06-14T16:32:36.254-0300] {logging_mixin.py:188} INFO - [2024-06-14T16:32:36.253-0300] {dag.py:3096} INFO - Sync 1 DAGs
[2024-06-14T16:32:36.261-0300] {logging_mixin.py:188} INFO - [2024-06-14T16:32:36.260-0300] {dag.py:3954} INFO - Setting next_dagrun for example_dag_decorator to None, run_after=None
[2024-06-14T16:32:36.283-0300] {processor.py:183} INFO - Processing /home/maira/projeto_indicium_engineering/venv/lib/python3.10/site-packages/airflow/example_dags/example_dag_decorator.py took 0.160 seconds
[2024-06-14T16:33:43.377-0300] {processor.py:161} INFO - Started process (PID=87258) to work on /home/maira/projeto_indicium_engineering/venv/lib/python3.10/site-packages/airflow/example_dags/example_dag_decorator.py
[2024-06-14T16:33:43.378-0300] {processor.py:830} INFO - Processing file /home/maira/projeto_indicium_engineering/venv/lib/python3.10/site-packages/airflow/example_dags/example_dag_decorator.py for tasks to queue
[2024-06-14T16:33:43.379-0300] {logging_mixin.py:188} INFO - [2024-06-14T16:33:43.379-0300] {dagbag.py:545} INFO - Filling up the DagBag from /home/maira/projeto_indicium_engineering/venv/lib/python3.10/site-packages/airflow/example_dags/example_dag_decorator.py
[2024-06-14T16:33:43.521-0300] {processor.py:840} INFO - DAG(s) 'example_dag_decorator' retrieved from /home/maira/projeto_indicium_engineering/venv/lib/python3.10/site-packages/airflow/example_dags/example_dag_decorator.py
[2024-06-14T16:33:43.658-0300] {logging_mixin.py:188} INFO - [2024-06-14T16:33:43.657-0300] {dag.py:3096} INFO - Sync 1 DAGs
[2024-06-14T16:33:43.665-0300] {logging_mixin.py:188} INFO - [2024-06-14T16:33:43.664-0300] {dag.py:3954} INFO - Setting next_dagrun for example_dag_decorator to None, run_after=None
[2024-06-14T16:33:43.686-0300] {processor.py:183} INFO - Processing /home/maira/projeto_indicium_engineering/venv/lib/python3.10/site-packages/airflow/example_dags/example_dag_decorator.py took 0.313 seconds
[2024-06-14T16:34:43.947-0300] {processor.py:161} INFO - Started process (PID=87558) to work on /home/maira/projeto_indicium_engineering/venv/lib/python3.10/site-packages/airflow/example_dags/example_dag_decorator.py
[2024-06-14T16:34:43.948-0300] {processor.py:830} INFO - Processing file /home/maira/projeto_indicium_engineering/venv/lib/python3.10/site-packages/airflow/example_dags/example_dag_decorator.py for tasks to queue
[2024-06-14T16:34:43.950-0300] {logging_mixin.py:188} INFO - [2024-06-14T16:34:43.950-0300] {dagbag.py:545} INFO - Filling up the DagBag from /home/maira/projeto_indicium_engineering/venv/lib/python3.10/site-packages/airflow/example_dags/example_dag_decorator.py
[2024-06-14T16:34:44.010-0300] {processor.py:840} INFO - DAG(s) 'example_dag_decorator' retrieved from /home/maira/projeto_indicium_engineering/venv/lib/python3.10/site-packages/airflow/example_dags/example_dag_decorator.py
[2024-06-14T16:34:44.072-0300] {logging_mixin.py:188} INFO - [2024-06-14T16:34:44.072-0300] {dag.py:3096} INFO - Sync 1 DAGs
[2024-06-14T16:34:44.079-0300] {logging_mixin.py:188} INFO - [2024-06-14T16:34:44.079-0300] {dag.py:3954} INFO - Setting next_dagrun for example_dag_decorator to None, run_after=None
[2024-06-14T16:34:44.102-0300] {processor.py:183} INFO - Processing /home/maira/projeto_indicium_engineering/venv/lib/python3.10/site-packages/airflow/example_dags/example_dag_decorator.py took 0.160 seconds
[2024-06-14T16:35:39.767-0300] {processor.py:161} INFO - Started process (PID=87839) to work on /home/maira/projeto_indicium_engineering/venv/lib/python3.10/site-packages/airflow/example_dags/example_dag_decorator.py
[2024-06-14T16:35:39.773-0300] {processor.py:830} INFO - Processing file /home/maira/projeto_indicium_engineering/venv/lib/python3.10/site-packages/airflow/example_dags/example_dag_decorator.py for tasks to queue
[2024-06-14T16:35:39.774-0300] {logging_mixin.py:188} INFO - [2024-06-14T16:35:39.774-0300] {dagbag.py:545} INFO - Filling up the DagBag from /home/maira/projeto_indicium_engineering/venv/lib/python3.10/site-packages/airflow/example_dags/example_dag_decorator.py
[2024-06-14T16:35:39.826-0300] {processor.py:840} INFO - DAG(s) 'example_dag_decorator' retrieved from /home/maira/projeto_indicium_engineering/venv/lib/python3.10/site-packages/airflow/example_dags/example_dag_decorator.py
[2024-06-14T16:35:39.886-0300] {logging_mixin.py:188} INFO - [2024-06-14T16:35:39.886-0300] {dag.py:3096} INFO - Sync 1 DAGs
[2024-06-14T16:35:39.893-0300] {logging_mixin.py:188} INFO - [2024-06-14T16:35:39.893-0300] {dag.py:3954} INFO - Setting next_dagrun for example_dag_decorator to None, run_after=None
[2024-06-14T16:35:39.914-0300] {processor.py:183} INFO - Processing /home/maira/projeto_indicium_engineering/venv/lib/python3.10/site-packages/airflow/example_dags/example_dag_decorator.py took 0.151 seconds
[2024-06-14T16:36:39.604-0300] {processor.py:161} INFO - Started process (PID=88136) to work on /home/maira/projeto_indicium_engineering/venv/lib/python3.10/site-packages/airflow/example_dags/example_dag_decorator.py
[2024-06-14T16:36:39.605-0300] {processor.py:830} INFO - Processing file /home/maira/projeto_indicium_engineering/venv/lib/python3.10/site-packages/airflow/example_dags/example_dag_decorator.py for tasks to queue
[2024-06-14T16:36:39.607-0300] {logging_mixin.py:188} INFO - [2024-06-14T16:36:39.606-0300] {dagbag.py:545} INFO - Filling up the DagBag from /home/maira/projeto_indicium_engineering/venv/lib/python3.10/site-packages/airflow/example_dags/example_dag_decorator.py
[2024-06-14T16:36:39.747-0300] {processor.py:840} INFO - DAG(s) 'example_dag_decorator' retrieved from /home/maira/projeto_indicium_engineering/venv/lib/python3.10/site-packages/airflow/example_dags/example_dag_decorator.py
[2024-06-14T16:36:39.761-0300] {logging_mixin.py:188} INFO - [2024-06-14T16:36:39.761-0300] {dag.py:3096} INFO - Sync 1 DAGs
[2024-06-14T16:36:39.769-0300] {logging_mixin.py:188} INFO - [2024-06-14T16:36:39.768-0300] {dag.py:3954} INFO - Setting next_dagrun for example_dag_decorator to None, run_after=None
[2024-06-14T16:36:39.792-0300] {processor.py:183} INFO - Processing /home/maira/projeto_indicium_engineering/venv/lib/python3.10/site-packages/airflow/example_dags/example_dag_decorator.py took 0.194 seconds
[2024-06-14T16:37:39.350-0300] {processor.py:161} INFO - Started process (PID=88429) to work on /home/maira/projeto_indicium_engineering/venv/lib/python3.10/site-packages/airflow/example_dags/example_dag_decorator.py
[2024-06-14T16:37:39.364-0300] {processor.py:830} INFO - Processing file /home/maira/projeto_indicium_engineering/venv/lib/python3.10/site-packages/airflow/example_dags/example_dag_decorator.py for tasks to queue
[2024-06-14T16:37:39.365-0300] {logging_mixin.py:188} INFO - [2024-06-14T16:37:39.365-0300] {dagbag.py:545} INFO - Filling up the DagBag from /home/maira/projeto_indicium_engineering/venv/lib/python3.10/site-packages/airflow/example_dags/example_dag_decorator.py
[2024-06-14T16:37:39.418-0300] {processor.py:840} INFO - DAG(s) 'example_dag_decorator' retrieved from /home/maira/projeto_indicium_engineering/venv/lib/python3.10/site-packages/airflow/example_dags/example_dag_decorator.py
[2024-06-14T16:37:39.434-0300] {logging_mixin.py:188} INFO - [2024-06-14T16:37:39.434-0300] {dag.py:3096} INFO - Sync 1 DAGs
[2024-06-14T16:37:39.443-0300] {logging_mixin.py:188} INFO - [2024-06-14T16:37:39.442-0300] {dag.py:3954} INFO - Setting next_dagrun for example_dag_decorator to None, run_after=None
[2024-06-14T16:37:39.463-0300] {processor.py:183} INFO - Processing /home/maira/projeto_indicium_engineering/venv/lib/python3.10/site-packages/airflow/example_dags/example_dag_decorator.py took 0.117 seconds
[2024-06-14T16:38:46.480-0300] {processor.py:161} INFO - Started process (PID=88761) to work on /home/maira/projeto_indicium_engineering/venv/lib/python3.10/site-packages/airflow/example_dags/example_dag_decorator.py
[2024-06-14T16:38:46.482-0300] {processor.py:830} INFO - Processing file /home/maira/projeto_indicium_engineering/venv/lib/python3.10/site-packages/airflow/example_dags/example_dag_decorator.py for tasks to queue
[2024-06-14T16:38:46.483-0300] {logging_mixin.py:188} INFO - [2024-06-14T16:38:46.483-0300] {dagbag.py:545} INFO - Filling up the DagBag from /home/maira/projeto_indicium_engineering/venv/lib/python3.10/site-packages/airflow/example_dags/example_dag_decorator.py
[2024-06-14T16:38:46.621-0300] {processor.py:840} INFO - DAG(s) 'example_dag_decorator' retrieved from /home/maira/projeto_indicium_engineering/venv/lib/python3.10/site-packages/airflow/example_dags/example_dag_decorator.py
[2024-06-14T16:38:46.774-0300] {logging_mixin.py:188} INFO - [2024-06-14T16:38:46.774-0300] {dag.py:3096} INFO - Sync 1 DAGs
[2024-06-14T16:38:46.785-0300] {logging_mixin.py:188} INFO - [2024-06-14T16:38:46.785-0300] {dag.py:3954} INFO - Setting next_dagrun for example_dag_decorator to None, run_after=None
[2024-06-14T16:38:46.816-0300] {processor.py:183} INFO - Processing /home/maira/projeto_indicium_engineering/venv/lib/python3.10/site-packages/airflow/example_dags/example_dag_decorator.py took 0.341 seconds
[2024-06-14T16:39:49.326-0300] {processor.py:161} INFO - Started process (PID=89071) to work on /home/maira/projeto_indicium_engineering/venv/lib/python3.10/site-packages/airflow/example_dags/example_dag_decorator.py
[2024-06-14T16:39:49.328-0300] {processor.py:830} INFO - Processing file /home/maira/projeto_indicium_engineering/venv/lib/python3.10/site-packages/airflow/example_dags/example_dag_decorator.py for tasks to queue
[2024-06-14T16:39:49.329-0300] {logging_mixin.py:188} INFO - [2024-06-14T16:39:49.329-0300] {dagbag.py:545} INFO - Filling up the DagBag from /home/maira/projeto_indicium_engineering/venv/lib/python3.10/site-packages/airflow/example_dags/example_dag_decorator.py
[2024-06-14T16:39:49.380-0300] {processor.py:840} INFO - DAG(s) 'example_dag_decorator' retrieved from /home/maira/projeto_indicium_engineering/venv/lib/python3.10/site-packages/airflow/example_dags/example_dag_decorator.py
[2024-06-14T16:39:49.460-0300] {logging_mixin.py:188} INFO - [2024-06-14T16:39:49.460-0300] {dag.py:3096} INFO - Sync 1 DAGs
[2024-06-14T16:39:49.498-0300] {logging_mixin.py:188} INFO - [2024-06-14T16:39:49.498-0300] {dag.py:3954} INFO - Setting next_dagrun for example_dag_decorator to None, run_after=None
[2024-06-14T16:39:49.561-0300] {processor.py:183} INFO - Processing /home/maira/projeto_indicium_engineering/venv/lib/python3.10/site-packages/airflow/example_dags/example_dag_decorator.py took 0.240 seconds
[2024-06-14T16:40:43.972-0300] {processor.py:161} INFO - Started process (PID=89343) to work on /home/maira/projeto_indicium_engineering/venv/lib/python3.10/site-packages/airflow/example_dags/example_dag_decorator.py
[2024-06-14T16:40:43.974-0300] {processor.py:830} INFO - Processing file /home/maira/projeto_indicium_engineering/venv/lib/python3.10/site-packages/airflow/example_dags/example_dag_decorator.py for tasks to queue
[2024-06-14T16:40:43.975-0300] {logging_mixin.py:188} INFO - [2024-06-14T16:40:43.975-0300] {dagbag.py:545} INFO - Filling up the DagBag from /home/maira/projeto_indicium_engineering/venv/lib/python3.10/site-packages/airflow/example_dags/example_dag_decorator.py
[2024-06-14T16:40:44.030-0300] {processor.py:840} INFO - DAG(s) 'example_dag_decorator' retrieved from /home/maira/projeto_indicium_engineering/venv/lib/python3.10/site-packages/airflow/example_dags/example_dag_decorator.py
[2024-06-14T16:40:44.047-0300] {logging_mixin.py:188} INFO - [2024-06-14T16:40:44.047-0300] {dag.py:3096} INFO - Sync 1 DAGs
[2024-06-14T16:40:44.056-0300] {logging_mixin.py:188} INFO - [2024-06-14T16:40:44.056-0300] {dag.py:3954} INFO - Setting next_dagrun for example_dag_decorator to None, run_after=None
[2024-06-14T16:40:44.080-0300] {processor.py:183} INFO - Processing /home/maira/projeto_indicium_engineering/venv/lib/python3.10/site-packages/airflow/example_dags/example_dag_decorator.py took 0.113 seconds
[2024-06-14T16:41:42.353-0300] {processor.py:161} INFO - Started process (PID=89632) to work on /home/maira/projeto_indicium_engineering/venv/lib/python3.10/site-packages/airflow/example_dags/example_dag_decorator.py
[2024-06-14T16:41:42.354-0300] {processor.py:830} INFO - Processing file /home/maira/projeto_indicium_engineering/venv/lib/python3.10/site-packages/airflow/example_dags/example_dag_decorator.py for tasks to queue
[2024-06-14T16:41:42.356-0300] {logging_mixin.py:188} INFO - [2024-06-14T16:41:42.355-0300] {dagbag.py:545} INFO - Filling up the DagBag from /home/maira/projeto_indicium_engineering/venv/lib/python3.10/site-packages/airflow/example_dags/example_dag_decorator.py
[2024-06-14T16:41:42.507-0300] {processor.py:840} INFO - DAG(s) 'example_dag_decorator' retrieved from /home/maira/projeto_indicium_engineering/venv/lib/python3.10/site-packages/airflow/example_dags/example_dag_decorator.py
[2024-06-14T16:41:42.522-0300] {logging_mixin.py:188} INFO - [2024-06-14T16:41:42.522-0300] {dag.py:3096} INFO - Sync 1 DAGs
[2024-06-14T16:41:42.530-0300] {logging_mixin.py:188} INFO - [2024-06-14T16:41:42.530-0300] {dag.py:3954} INFO - Setting next_dagrun for example_dag_decorator to None, run_after=None
[2024-06-14T16:41:42.553-0300] {processor.py:183} INFO - Processing /home/maira/projeto_indicium_engineering/venv/lib/python3.10/site-packages/airflow/example_dags/example_dag_decorator.py took 0.205 seconds
[2024-06-14T16:42:42.945-0300] {processor.py:161} INFO - Started process (PID=89932) to work on /home/maira/projeto_indicium_engineering/venv/lib/python3.10/site-packages/airflow/example_dags/example_dag_decorator.py
[2024-06-14T16:42:42.950-0300] {processor.py:830} INFO - Processing file /home/maira/projeto_indicium_engineering/venv/lib/python3.10/site-packages/airflow/example_dags/example_dag_decorator.py for tasks to queue
[2024-06-14T16:42:42.951-0300] {logging_mixin.py:188} INFO - [2024-06-14T16:42:42.951-0300] {dagbag.py:545} INFO - Filling up the DagBag from /home/maira/projeto_indicium_engineering/venv/lib/python3.10/site-packages/airflow/example_dags/example_dag_decorator.py
[2024-06-14T16:42:43.002-0300] {processor.py:840} INFO - DAG(s) 'example_dag_decorator' retrieved from /home/maira/projeto_indicium_engineering/venv/lib/python3.10/site-packages/airflow/example_dags/example_dag_decorator.py
[2024-06-14T16:42:43.017-0300] {logging_mixin.py:188} INFO - [2024-06-14T16:42:43.017-0300] {dag.py:3096} INFO - Sync 1 DAGs
[2024-06-14T16:42:43.025-0300] {logging_mixin.py:188} INFO - [2024-06-14T16:42:43.025-0300] {dag.py:3954} INFO - Setting next_dagrun for example_dag_decorator to None, run_after=None
[2024-06-14T16:42:43.048-0300] {processor.py:183} INFO - Processing /home/maira/projeto_indicium_engineering/venv/lib/python3.10/site-packages/airflow/example_dags/example_dag_decorator.py took 0.108 seconds
[2024-06-14T16:43:40.855-0300] {processor.py:161} INFO - Started process (PID=90220) to work on /home/maira/projeto_indicium_engineering/venv/lib/python3.10/site-packages/airflow/example_dags/example_dag_decorator.py
[2024-06-14T16:43:40.858-0300] {processor.py:830} INFO - Processing file /home/maira/projeto_indicium_engineering/venv/lib/python3.10/site-packages/airflow/example_dags/example_dag_decorator.py for tasks to queue
[2024-06-14T16:43:40.859-0300] {logging_mixin.py:188} INFO - [2024-06-14T16:43:40.859-0300] {dagbag.py:545} INFO - Filling up the DagBag from /home/maira/projeto_indicium_engineering/venv/lib/python3.10/site-packages/airflow/example_dags/example_dag_decorator.py
[2024-06-14T16:43:41.014-0300] {processor.py:840} INFO - DAG(s) 'example_dag_decorator' retrieved from /home/maira/projeto_indicium_engineering/venv/lib/python3.10/site-packages/airflow/example_dags/example_dag_decorator.py
[2024-06-14T16:43:41.163-0300] {logging_mixin.py:188} INFO - [2024-06-14T16:43:41.163-0300] {dag.py:3096} INFO - Sync 1 DAGs
[2024-06-14T16:43:41.170-0300] {logging_mixin.py:188} INFO - [2024-06-14T16:43:41.169-0300] {dag.py:3954} INFO - Setting next_dagrun for example_dag_decorator to None, run_after=None
[2024-06-14T16:43:41.194-0300] {processor.py:183} INFO - Processing /home/maira/projeto_indicium_engineering/venv/lib/python3.10/site-packages/airflow/example_dags/example_dag_decorator.py took 0.343 seconds
[2024-06-14T16:44:42.620-0300] {processor.py:161} INFO - Started process (PID=90525) to work on /home/maira/projeto_indicium_engineering/venv/lib/python3.10/site-packages/airflow/example_dags/example_dag_decorator.py
[2024-06-14T16:44:42.625-0300] {processor.py:830} INFO - Processing file /home/maira/projeto_indicium_engineering/venv/lib/python3.10/site-packages/airflow/example_dags/example_dag_decorator.py for tasks to queue
[2024-06-14T16:44:42.626-0300] {logging_mixin.py:188} INFO - [2024-06-14T16:44:42.626-0300] {dagbag.py:545} INFO - Filling up the DagBag from /home/maira/projeto_indicium_engineering/venv/lib/python3.10/site-packages/airflow/example_dags/example_dag_decorator.py
[2024-06-14T16:44:42.677-0300] {processor.py:840} INFO - DAG(s) 'example_dag_decorator' retrieved from /home/maira/projeto_indicium_engineering/venv/lib/python3.10/site-packages/airflow/example_dags/example_dag_decorator.py
[2024-06-14T16:44:42.739-0300] {logging_mixin.py:188} INFO - [2024-06-14T16:44:42.739-0300] {dag.py:3096} INFO - Sync 1 DAGs
[2024-06-14T16:44:42.745-0300] {logging_mixin.py:188} INFO - [2024-06-14T16:44:42.745-0300] {dag.py:3954} INFO - Setting next_dagrun for example_dag_decorator to None, run_after=None
[2024-06-14T16:44:42.767-0300] {processor.py:183} INFO - Processing /home/maira/projeto_indicium_engineering/venv/lib/python3.10/site-packages/airflow/example_dags/example_dag_decorator.py took 0.152 seconds
[2024-06-14T16:45:40.906-0300] {processor.py:161} INFO - Started process (PID=90818) to work on /home/maira/projeto_indicium_engineering/venv/lib/python3.10/site-packages/airflow/example_dags/example_dag_decorator.py
[2024-06-14T16:45:40.908-0300] {processor.py:830} INFO - Processing file /home/maira/projeto_indicium_engineering/venv/lib/python3.10/site-packages/airflow/example_dags/example_dag_decorator.py for tasks to queue
[2024-06-14T16:45:40.909-0300] {logging_mixin.py:188} INFO - [2024-06-14T16:45:40.909-0300] {dagbag.py:545} INFO - Filling up the DagBag from /home/maira/projeto_indicium_engineering/venv/lib/python3.10/site-packages/airflow/example_dags/example_dag_decorator.py
[2024-06-14T16:45:40.961-0300] {processor.py:840} INFO - DAG(s) 'example_dag_decorator' retrieved from /home/maira/projeto_indicium_engineering/venv/lib/python3.10/site-packages/airflow/example_dags/example_dag_decorator.py
[2024-06-14T16:45:41.023-0300] {logging_mixin.py:188} INFO - [2024-06-14T16:45:41.022-0300] {dag.py:3096} INFO - Sync 1 DAGs
[2024-06-14T16:45:41.029-0300] {logging_mixin.py:188} INFO - [2024-06-14T16:45:41.029-0300] {dag.py:3954} INFO - Setting next_dagrun for example_dag_decorator to None, run_after=None
[2024-06-14T16:45:41.078-0300] {processor.py:183} INFO - Processing /home/maira/projeto_indicium_engineering/venv/lib/python3.10/site-packages/airflow/example_dags/example_dag_decorator.py took 0.177 seconds
[2024-06-14T16:46:42.591-0300] {processor.py:161} INFO - Started process (PID=91123) to work on /home/maira/projeto_indicium_engineering/venv/lib/python3.10/site-packages/airflow/example_dags/example_dag_decorator.py
[2024-06-14T16:46:42.593-0300] {processor.py:830} INFO - Processing file /home/maira/projeto_indicium_engineering/venv/lib/python3.10/site-packages/airflow/example_dags/example_dag_decorator.py for tasks to queue
[2024-06-14T16:46:42.595-0300] {logging_mixin.py:188} INFO - [2024-06-14T16:46:42.594-0300] {dagbag.py:545} INFO - Filling up the DagBag from /home/maira/projeto_indicium_engineering/venv/lib/python3.10/site-packages/airflow/example_dags/example_dag_decorator.py
[2024-06-14T16:46:42.687-0300] {processor.py:840} INFO - DAG(s) 'example_dag_decorator' retrieved from /home/maira/projeto_indicium_engineering/venv/lib/python3.10/site-packages/airflow/example_dags/example_dag_decorator.py
[2024-06-14T16:46:42.756-0300] {logging_mixin.py:188} INFO - [2024-06-14T16:46:42.756-0300] {dag.py:3096} INFO - Sync 1 DAGs
[2024-06-14T16:46:42.763-0300] {logging_mixin.py:188} INFO - [2024-06-14T16:46:42.763-0300] {dag.py:3954} INFO - Setting next_dagrun for example_dag_decorator to None, run_after=None
[2024-06-14T16:46:42.785-0300] {processor.py:183} INFO - Processing /home/maira/projeto_indicium_engineering/venv/lib/python3.10/site-packages/airflow/example_dags/example_dag_decorator.py took 0.201 seconds
[2024-06-14T16:47:40.227-0300] {processor.py:161} INFO - Started process (PID=91410) to work on /home/maira/projeto_indicium_engineering/venv/lib/python3.10/site-packages/airflow/example_dags/example_dag_decorator.py
[2024-06-14T16:47:40.228-0300] {processor.py:830} INFO - Processing file /home/maira/projeto_indicium_engineering/venv/lib/python3.10/site-packages/airflow/example_dags/example_dag_decorator.py for tasks to queue
[2024-06-14T16:47:40.230-0300] {logging_mixin.py:188} INFO - [2024-06-14T16:47:40.229-0300] {dagbag.py:545} INFO - Filling up the DagBag from /home/maira/projeto_indicium_engineering/venv/lib/python3.10/site-packages/airflow/example_dags/example_dag_decorator.py
[2024-06-14T16:47:40.281-0300] {processor.py:840} INFO - DAG(s) 'example_dag_decorator' retrieved from /home/maira/projeto_indicium_engineering/venv/lib/python3.10/site-packages/airflow/example_dags/example_dag_decorator.py
[2024-06-14T16:47:40.344-0300] {logging_mixin.py:188} INFO - [2024-06-14T16:47:40.343-0300] {dag.py:3096} INFO - Sync 1 DAGs
[2024-06-14T16:47:40.350-0300] {logging_mixin.py:188} INFO - [2024-06-14T16:47:40.350-0300] {dag.py:3954} INFO - Setting next_dagrun for example_dag_decorator to None, run_after=None
[2024-06-14T16:47:40.393-0300] {processor.py:183} INFO - Processing /home/maira/projeto_indicium_engineering/venv/lib/python3.10/site-packages/airflow/example_dags/example_dag_decorator.py took 0.171 seconds
[2024-06-14T16:48:39.648-0300] {processor.py:161} INFO - Started process (PID=91705) to work on /home/maira/projeto_indicium_engineering/venv/lib/python3.10/site-packages/airflow/example_dags/example_dag_decorator.py
[2024-06-14T16:48:39.651-0300] {processor.py:830} INFO - Processing file /home/maira/projeto_indicium_engineering/venv/lib/python3.10/site-packages/airflow/example_dags/example_dag_decorator.py for tasks to queue
[2024-06-14T16:48:39.652-0300] {logging_mixin.py:188} INFO - [2024-06-14T16:48:39.652-0300] {dagbag.py:545} INFO - Filling up the DagBag from /home/maira/projeto_indicium_engineering/venv/lib/python3.10/site-packages/airflow/example_dags/example_dag_decorator.py
[2024-06-14T16:48:39.801-0300] {processor.py:840} INFO - DAG(s) 'example_dag_decorator' retrieved from /home/maira/projeto_indicium_engineering/venv/lib/python3.10/site-packages/airflow/example_dags/example_dag_decorator.py
[2024-06-14T16:48:39.816-0300] {logging_mixin.py:188} INFO - [2024-06-14T16:48:39.816-0300] {dag.py:3096} INFO - Sync 1 DAGs
[2024-06-14T16:48:39.824-0300] {logging_mixin.py:188} INFO - [2024-06-14T16:48:39.823-0300] {dag.py:3954} INFO - Setting next_dagrun for example_dag_decorator to None, run_after=None
[2024-06-14T16:48:39.847-0300] {processor.py:183} INFO - Processing /home/maira/projeto_indicium_engineering/venv/lib/python3.10/site-packages/airflow/example_dags/example_dag_decorator.py took 0.204 seconds
[2024-06-14T16:49:36.529-0300] {processor.py:161} INFO - Started process (PID=91987) to work on /home/maira/projeto_indicium_engineering/venv/lib/python3.10/site-packages/airflow/example_dags/example_dag_decorator.py
[2024-06-14T16:49:36.531-0300] {processor.py:830} INFO - Processing file /home/maira/projeto_indicium_engineering/venv/lib/python3.10/site-packages/airflow/example_dags/example_dag_decorator.py for tasks to queue
[2024-06-14T16:49:36.533-0300] {logging_mixin.py:188} INFO - [2024-06-14T16:49:36.532-0300] {dagbag.py:545} INFO - Filling up the DagBag from /home/maira/projeto_indicium_engineering/venv/lib/python3.10/site-packages/airflow/example_dags/example_dag_decorator.py
[2024-06-14T16:49:36.688-0300] {processor.py:840} INFO - DAG(s) 'example_dag_decorator' retrieved from /home/maira/projeto_indicium_engineering/venv/lib/python3.10/site-packages/airflow/example_dags/example_dag_decorator.py
[2024-06-14T16:49:36.830-0300] {logging_mixin.py:188} INFO - [2024-06-14T16:49:36.830-0300] {dag.py:3096} INFO - Sync 1 DAGs
[2024-06-14T16:49:36.837-0300] {logging_mixin.py:188} INFO - [2024-06-14T16:49:36.836-0300] {dag.py:3954} INFO - Setting next_dagrun for example_dag_decorator to None, run_after=None
[2024-06-14T16:49:36.858-0300] {processor.py:183} INFO - Processing /home/maira/projeto_indicium_engineering/venv/lib/python3.10/site-packages/airflow/example_dags/example_dag_decorator.py took 0.334 seconds
[2024-06-14T16:50:38.012-0300] {processor.py:161} INFO - Started process (PID=92290) to work on /home/maira/projeto_indicium_engineering/venv/lib/python3.10/site-packages/airflow/example_dags/example_dag_decorator.py
[2024-06-14T16:50:38.081-0300] {processor.py:830} INFO - Processing file /home/maira/projeto_indicium_engineering/venv/lib/python3.10/site-packages/airflow/example_dags/example_dag_decorator.py for tasks to queue
[2024-06-14T16:50:38.083-0300] {logging_mixin.py:188} INFO - [2024-06-14T16:50:38.083-0300] {dagbag.py:545} INFO - Filling up the DagBag from /home/maira/projeto_indicium_engineering/venv/lib/python3.10/site-packages/airflow/example_dags/example_dag_decorator.py
[2024-06-14T16:50:38.729-0300] {processor.py:840} INFO - DAG(s) 'example_dag_decorator' retrieved from /home/maira/projeto_indicium_engineering/venv/lib/python3.10/site-packages/airflow/example_dags/example_dag_decorator.py
[2024-06-14T16:50:38.946-0300] {logging_mixin.py:188} INFO - [2024-06-14T16:50:38.945-0300] {dag.py:3096} INFO - Sync 1 DAGs
[2024-06-14T16:50:38.954-0300] {logging_mixin.py:188} INFO - [2024-06-14T16:50:38.953-0300] {dag.py:3954} INFO - Setting next_dagrun for example_dag_decorator to None, run_after=None
[2024-06-14T16:50:38.989-0300] {processor.py:183} INFO - Processing /home/maira/projeto_indicium_engineering/venv/lib/python3.10/site-packages/airflow/example_dags/example_dag_decorator.py took 0.981 seconds
[2024-06-14T16:51:45.553-0300] {processor.py:161} INFO - Started process (PID=92621) to work on /home/maira/projeto_indicium_engineering/venv/lib/python3.10/site-packages/airflow/example_dags/example_dag_decorator.py
[2024-06-14T16:51:45.555-0300] {processor.py:830} INFO - Processing file /home/maira/projeto_indicium_engineering/venv/lib/python3.10/site-packages/airflow/example_dags/example_dag_decorator.py for tasks to queue
[2024-06-14T16:51:45.556-0300] {logging_mixin.py:188} INFO - [2024-06-14T16:51:45.556-0300] {dagbag.py:545} INFO - Filling up the DagBag from /home/maira/projeto_indicium_engineering/venv/lib/python3.10/site-packages/airflow/example_dags/example_dag_decorator.py
[2024-06-14T16:51:45.726-0300] {processor.py:840} INFO - DAG(s) 'example_dag_decorator' retrieved from /home/maira/projeto_indicium_engineering/venv/lib/python3.10/site-packages/airflow/example_dags/example_dag_decorator.py
[2024-06-14T16:51:45.888-0300] {logging_mixin.py:188} INFO - [2024-06-14T16:51:45.888-0300] {dag.py:3096} INFO - Sync 1 DAGs
[2024-06-14T16:51:45.895-0300] {logging_mixin.py:188} INFO - [2024-06-14T16:51:45.895-0300] {dag.py:3954} INFO - Setting next_dagrun for example_dag_decorator to None, run_after=None
[2024-06-14T16:51:45.932-0300] {processor.py:183} INFO - Processing /home/maira/projeto_indicium_engineering/venv/lib/python3.10/site-packages/airflow/example_dags/example_dag_decorator.py took 0.383 seconds
[2024-06-14T16:52:46.142-0300] {processor.py:161} INFO - Started process (PID=92921) to work on /home/maira/projeto_indicium_engineering/venv/lib/python3.10/site-packages/airflow/example_dags/example_dag_decorator.py
[2024-06-14T16:52:46.144-0300] {processor.py:830} INFO - Processing file /home/maira/projeto_indicium_engineering/venv/lib/python3.10/site-packages/airflow/example_dags/example_dag_decorator.py for tasks to queue
[2024-06-14T16:52:46.145-0300] {logging_mixin.py:188} INFO - [2024-06-14T16:52:46.145-0300] {dagbag.py:545} INFO - Filling up the DagBag from /home/maira/projeto_indicium_engineering/venv/lib/python3.10/site-packages/airflow/example_dags/example_dag_decorator.py
[2024-06-14T16:52:46.287-0300] {processor.py:840} INFO - DAG(s) 'example_dag_decorator' retrieved from /home/maira/projeto_indicium_engineering/venv/lib/python3.10/site-packages/airflow/example_dags/example_dag_decorator.py
[2024-06-14T16:52:46.419-0300] {logging_mixin.py:188} INFO - [2024-06-14T16:52:46.419-0300] {dag.py:3096} INFO - Sync 1 DAGs
[2024-06-14T16:52:46.426-0300] {logging_mixin.py:188} INFO - [2024-06-14T16:52:46.426-0300] {dag.py:3954} INFO - Setting next_dagrun for example_dag_decorator to None, run_after=None
[2024-06-14T16:52:46.447-0300] {processor.py:183} INFO - Processing /home/maira/projeto_indicium_engineering/venv/lib/python3.10/site-packages/airflow/example_dags/example_dag_decorator.py took 0.310 seconds
[2024-06-14T16:53:48.032-0300] {processor.py:161} INFO - Started process (PID=93227) to work on /home/maira/projeto_indicium_engineering/venv/lib/python3.10/site-packages/airflow/example_dags/example_dag_decorator.py
[2024-06-14T16:53:48.034-0300] {processor.py:830} INFO - Processing file /home/maira/projeto_indicium_engineering/venv/lib/python3.10/site-packages/airflow/example_dags/example_dag_decorator.py for tasks to queue
[2024-06-14T16:53:48.035-0300] {logging_mixin.py:188} INFO - [2024-06-14T16:53:48.034-0300] {dagbag.py:545} INFO - Filling up the DagBag from /home/maira/projeto_indicium_engineering/venv/lib/python3.10/site-packages/airflow/example_dags/example_dag_decorator.py
[2024-06-14T16:53:48.172-0300] {processor.py:840} INFO - DAG(s) 'example_dag_decorator' retrieved from /home/maira/projeto_indicium_engineering/venv/lib/python3.10/site-packages/airflow/example_dags/example_dag_decorator.py
[2024-06-14T16:53:48.308-0300] {logging_mixin.py:188} INFO - [2024-06-14T16:53:48.308-0300] {dag.py:3096} INFO - Sync 1 DAGs
[2024-06-14T16:53:48.314-0300] {logging_mixin.py:188} INFO - [2024-06-14T16:53:48.314-0300] {dag.py:3954} INFO - Setting next_dagrun for example_dag_decorator to None, run_after=None
[2024-06-14T16:53:48.345-0300] {processor.py:183} INFO - Processing /home/maira/projeto_indicium_engineering/venv/lib/python3.10/site-packages/airflow/example_dags/example_dag_decorator.py took 0.317 seconds
[2024-06-14T16:54:51.442-0300] {processor.py:161} INFO - Started process (PID=93540) to work on /home/maira/projeto_indicium_engineering/venv/lib/python3.10/site-packages/airflow/example_dags/example_dag_decorator.py
[2024-06-14T16:54:51.443-0300] {processor.py:830} INFO - Processing file /home/maira/projeto_indicium_engineering/venv/lib/python3.10/site-packages/airflow/example_dags/example_dag_decorator.py for tasks to queue
[2024-06-14T16:54:51.445-0300] {logging_mixin.py:188} INFO - [2024-06-14T16:54:51.445-0300] {dagbag.py:545} INFO - Filling up the DagBag from /home/maira/projeto_indicium_engineering/venv/lib/python3.10/site-packages/airflow/example_dags/example_dag_decorator.py
[2024-06-14T16:54:51.600-0300] {processor.py:840} INFO - DAG(s) 'example_dag_decorator' retrieved from /home/maira/projeto_indicium_engineering/venv/lib/python3.10/site-packages/airflow/example_dags/example_dag_decorator.py
[2024-06-14T16:54:51.751-0300] {logging_mixin.py:188} INFO - [2024-06-14T16:54:51.750-0300] {dag.py:3096} INFO - Sync 1 DAGs
[2024-06-14T16:54:51.757-0300] {logging_mixin.py:188} INFO - [2024-06-14T16:54:51.757-0300] {dag.py:3954} INFO - Setting next_dagrun for example_dag_decorator to None, run_after=None
[2024-06-14T16:54:51.784-0300] {processor.py:183} INFO - Processing /home/maira/projeto_indicium_engineering/venv/lib/python3.10/site-packages/airflow/example_dags/example_dag_decorator.py took 0.347 seconds
[2024-06-14T17:20:53.990-0300] {processor.py:161} INFO - Started process (PID=93948) to work on /home/maira/projeto_indicium_engineering/venv/lib/python3.10/site-packages/airflow/example_dags/example_dag_decorator.py
[2024-06-14T17:20:53.992-0300] {processor.py:830} INFO - Processing file /home/maira/projeto_indicium_engineering/venv/lib/python3.10/site-packages/airflow/example_dags/example_dag_decorator.py for tasks to queue
[2024-06-14T17:20:53.993-0300] {logging_mixin.py:188} INFO - [2024-06-14T17:20:53.993-0300] {dagbag.py:545} INFO - Filling up the DagBag from /home/maira/projeto_indicium_engineering/venv/lib/python3.10/site-packages/airflow/example_dags/example_dag_decorator.py
[2024-06-14T17:20:54.165-0300] {processor.py:840} INFO - DAG(s) 'example_dag_decorator' retrieved from /home/maira/projeto_indicium_engineering/venv/lib/python3.10/site-packages/airflow/example_dags/example_dag_decorator.py
[2024-06-14T17:20:54.380-0300] {logging_mixin.py:188} INFO - [2024-06-14T17:20:54.379-0300] {dag.py:3096} INFO - Sync 1 DAGs
[2024-06-14T17:20:54.397-0300] {logging_mixin.py:188} INFO - [2024-06-14T17:20:54.397-0300] {dag.py:3954} INFO - Setting next_dagrun for example_dag_decorator to None, run_after=None
[2024-06-14T17:20:54.432-0300] {processor.py:183} INFO - Processing /home/maira/projeto_indicium_engineering/venv/lib/python3.10/site-packages/airflow/example_dags/example_dag_decorator.py took 0.446 seconds
[2024-06-14T17:21:53.112-0300] {processor.py:161} INFO - Started process (PID=94241) to work on /home/maira/projeto_indicium_engineering/venv/lib/python3.10/site-packages/airflow/example_dags/example_dag_decorator.py
[2024-06-14T17:21:53.114-0300] {processor.py:830} INFO - Processing file /home/maira/projeto_indicium_engineering/venv/lib/python3.10/site-packages/airflow/example_dags/example_dag_decorator.py for tasks to queue
[2024-06-14T17:21:53.115-0300] {logging_mixin.py:188} INFO - [2024-06-14T17:21:53.115-0300] {dagbag.py:545} INFO - Filling up the DagBag from /home/maira/projeto_indicium_engineering/venv/lib/python3.10/site-packages/airflow/example_dags/example_dag_decorator.py
[2024-06-14T17:21:53.273-0300] {processor.py:840} INFO - DAG(s) 'example_dag_decorator' retrieved from /home/maira/projeto_indicium_engineering/venv/lib/python3.10/site-packages/airflow/example_dags/example_dag_decorator.py
[2024-06-14T17:21:53.439-0300] {logging_mixin.py:188} INFO - [2024-06-14T17:21:53.438-0300] {dag.py:3096} INFO - Sync 1 DAGs
[2024-06-14T17:21:53.448-0300] {logging_mixin.py:188} INFO - [2024-06-14T17:21:53.448-0300] {dag.py:3954} INFO - Setting next_dagrun for example_dag_decorator to None, run_after=None
[2024-06-14T17:21:53.487-0300] {processor.py:183} INFO - Processing /home/maira/projeto_indicium_engineering/venv/lib/python3.10/site-packages/airflow/example_dags/example_dag_decorator.py took 0.380 seconds
[2024-06-14T17:22:55.338-0300] {processor.py:161} INFO - Started process (PID=94548) to work on /home/maira/projeto_indicium_engineering/venv/lib/python3.10/site-packages/airflow/example_dags/example_dag_decorator.py
[2024-06-14T17:22:55.342-0300] {processor.py:830} INFO - Processing file /home/maira/projeto_indicium_engineering/venv/lib/python3.10/site-packages/airflow/example_dags/example_dag_decorator.py for tasks to queue
[2024-06-14T17:22:55.344-0300] {logging_mixin.py:188} INFO - [2024-06-14T17:22:55.344-0300] {dagbag.py:545} INFO - Filling up the DagBag from /home/maira/projeto_indicium_engineering/venv/lib/python3.10/site-packages/airflow/example_dags/example_dag_decorator.py
[2024-06-14T17:22:55.398-0300] {processor.py:840} INFO - DAG(s) 'example_dag_decorator' retrieved from /home/maira/projeto_indicium_engineering/venv/lib/python3.10/site-packages/airflow/example_dags/example_dag_decorator.py
[2024-06-14T17:22:55.459-0300] {logging_mixin.py:188} INFO - [2024-06-14T17:22:55.459-0300] {dag.py:3096} INFO - Sync 1 DAGs
[2024-06-14T17:22:55.465-0300] {logging_mixin.py:188} INFO - [2024-06-14T17:22:55.465-0300] {dag.py:3954} INFO - Setting next_dagrun for example_dag_decorator to None, run_after=None
[2024-06-14T17:22:55.488-0300] {processor.py:183} INFO - Processing /home/maira/projeto_indicium_engineering/venv/lib/python3.10/site-packages/airflow/example_dags/example_dag_decorator.py took 0.155 seconds
[2024-06-14T17:23:56.484-0300] {processor.py:161} INFO - Started process (PID=94851) to work on /home/maira/projeto_indicium_engineering/venv/lib/python3.10/site-packages/airflow/example_dags/example_dag_decorator.py
[2024-06-14T17:23:56.485-0300] {processor.py:830} INFO - Processing file /home/maira/projeto_indicium_engineering/venv/lib/python3.10/site-packages/airflow/example_dags/example_dag_decorator.py for tasks to queue
[2024-06-14T17:23:56.487-0300] {logging_mixin.py:188} INFO - [2024-06-14T17:23:56.487-0300] {dagbag.py:545} INFO - Filling up the DagBag from /home/maira/projeto_indicium_engineering/venv/lib/python3.10/site-packages/airflow/example_dags/example_dag_decorator.py
[2024-06-14T17:23:56.634-0300] {processor.py:840} INFO - DAG(s) 'example_dag_decorator' retrieved from /home/maira/projeto_indicium_engineering/venv/lib/python3.10/site-packages/airflow/example_dags/example_dag_decorator.py
[2024-06-14T17:23:56.769-0300] {logging_mixin.py:188} INFO - [2024-06-14T17:23:56.768-0300] {dag.py:3096} INFO - Sync 1 DAGs
[2024-06-14T17:23:56.790-0300] {logging_mixin.py:188} INFO - [2024-06-14T17:23:56.790-0300] {dag.py:3954} INFO - Setting next_dagrun for example_dag_decorator to None, run_after=None
[2024-06-14T17:23:56.834-0300] {processor.py:183} INFO - Processing /home/maira/projeto_indicium_engineering/venv/lib/python3.10/site-packages/airflow/example_dags/example_dag_decorator.py took 0.355 seconds
[2024-06-14T17:25:04.018-0300] {processor.py:161} INFO - Started process (PID=95183) to work on /home/maira/projeto_indicium_engineering/venv/lib/python3.10/site-packages/airflow/example_dags/example_dag_decorator.py
[2024-06-14T17:25:04.019-0300] {processor.py:830} INFO - Processing file /home/maira/projeto_indicium_engineering/venv/lib/python3.10/site-packages/airflow/example_dags/example_dag_decorator.py for tasks to queue
[2024-06-14T17:25:04.021-0300] {logging_mixin.py:188} INFO - [2024-06-14T17:25:04.021-0300] {dagbag.py:545} INFO - Filling up the DagBag from /home/maira/projeto_indicium_engineering/venv/lib/python3.10/site-packages/airflow/example_dags/example_dag_decorator.py
[2024-06-14T17:25:04.080-0300] {processor.py:840} INFO - DAG(s) 'example_dag_decorator' retrieved from /home/maira/projeto_indicium_engineering/venv/lib/python3.10/site-packages/airflow/example_dags/example_dag_decorator.py
[2024-06-14T17:25:04.255-0300] {logging_mixin.py:188} INFO - [2024-06-14T17:25:04.254-0300] {dag.py:3096} INFO - Sync 1 DAGs
[2024-06-14T17:25:04.296-0300] {logging_mixin.py:188} INFO - [2024-06-14T17:25:04.295-0300] {dag.py:3954} INFO - Setting next_dagrun for example_dag_decorator to None, run_after=None
[2024-06-14T17:25:04.471-0300] {processor.py:183} INFO - Processing /home/maira/projeto_indicium_engineering/venv/lib/python3.10/site-packages/airflow/example_dags/example_dag_decorator.py took 0.458 seconds
[2024-06-14T17:26:08.457-0300] {processor.py:161} INFO - Started process (PID=95503) to work on /home/maira/projeto_indicium_engineering/venv/lib/python3.10/site-packages/airflow/example_dags/example_dag_decorator.py
[2024-06-14T17:26:08.459-0300] {processor.py:830} INFO - Processing file /home/maira/projeto_indicium_engineering/venv/lib/python3.10/site-packages/airflow/example_dags/example_dag_decorator.py for tasks to queue
[2024-06-14T17:26:08.461-0300] {logging_mixin.py:188} INFO - [2024-06-14T17:26:08.461-0300] {dagbag.py:545} INFO - Filling up the DagBag from /home/maira/projeto_indicium_engineering/venv/lib/python3.10/site-packages/airflow/example_dags/example_dag_decorator.py
[2024-06-14T17:26:08.512-0300] {processor.py:840} INFO - DAG(s) 'example_dag_decorator' retrieved from /home/maira/projeto_indicium_engineering/venv/lib/python3.10/site-packages/airflow/example_dags/example_dag_decorator.py
[2024-06-14T17:26:08.574-0300] {logging_mixin.py:188} INFO - [2024-06-14T17:26:08.574-0300] {dag.py:3096} INFO - Sync 1 DAGs
[2024-06-14T17:26:08.580-0300] {logging_mixin.py:188} INFO - [2024-06-14T17:26:08.580-0300] {dag.py:3954} INFO - Setting next_dagrun for example_dag_decorator to None, run_after=None
[2024-06-14T17:26:08.605-0300] {processor.py:183} INFO - Processing /home/maira/projeto_indicium_engineering/venv/lib/python3.10/site-packages/airflow/example_dags/example_dag_decorator.py took 0.152 seconds
[2024-06-14T17:27:05.315-0300] {processor.py:161} INFO - Started process (PID=95784) to work on /home/maira/projeto_indicium_engineering/venv/lib/python3.10/site-packages/airflow/example_dags/example_dag_decorator.py
[2024-06-14T17:27:05.317-0300] {processor.py:830} INFO - Processing file /home/maira/projeto_indicium_engineering/venv/lib/python3.10/site-packages/airflow/example_dags/example_dag_decorator.py for tasks to queue
[2024-06-14T17:27:05.318-0300] {logging_mixin.py:188} INFO - [2024-06-14T17:27:05.318-0300] {dagbag.py:545} INFO - Filling up the DagBag from /home/maira/projeto_indicium_engineering/venv/lib/python3.10/site-packages/airflow/example_dags/example_dag_decorator.py
[2024-06-14T17:27:05.471-0300] {processor.py:840} INFO - DAG(s) 'example_dag_decorator' retrieved from /home/maira/projeto_indicium_engineering/venv/lib/python3.10/site-packages/airflow/example_dags/example_dag_decorator.py
[2024-06-14T17:27:05.623-0300] {logging_mixin.py:188} INFO - [2024-06-14T17:27:05.623-0300] {dag.py:3096} INFO - Sync 1 DAGs
[2024-06-14T17:27:05.630-0300] {logging_mixin.py:188} INFO - [2024-06-14T17:27:05.629-0300] {dag.py:3954} INFO - Setting next_dagrun for example_dag_decorator to None, run_after=None
[2024-06-14T17:27:05.655-0300] {processor.py:183} INFO - Processing /home/maira/projeto_indicium_engineering/venv/lib/python3.10/site-packages/airflow/example_dags/example_dag_decorator.py took 0.344 seconds
[2024-06-14T17:28:05.812-0300] {processor.py:161} INFO - Started process (PID=96083) to work on /home/maira/projeto_indicium_engineering/venv/lib/python3.10/site-packages/airflow/example_dags/example_dag_decorator.py
[2024-06-14T17:28:05.813-0300] {processor.py:830} INFO - Processing file /home/maira/projeto_indicium_engineering/venv/lib/python3.10/site-packages/airflow/example_dags/example_dag_decorator.py for tasks to queue
[2024-06-14T17:28:05.815-0300] {logging_mixin.py:188} INFO - [2024-06-14T17:28:05.814-0300] {dagbag.py:545} INFO - Filling up the DagBag from /home/maira/projeto_indicium_engineering/venv/lib/python3.10/site-packages/airflow/example_dags/example_dag_decorator.py
[2024-06-14T17:28:05.956-0300] {processor.py:840} INFO - DAG(s) 'example_dag_decorator' retrieved from /home/maira/projeto_indicium_engineering/venv/lib/python3.10/site-packages/airflow/example_dags/example_dag_decorator.py
[2024-06-14T17:28:06.099-0300] {logging_mixin.py:188} INFO - [2024-06-14T17:28:06.099-0300] {dag.py:3096} INFO - Sync 1 DAGs
[2024-06-14T17:28:06.105-0300] {logging_mixin.py:188} INFO - [2024-06-14T17:28:06.105-0300] {dag.py:3954} INFO - Setting next_dagrun for example_dag_decorator to None, run_after=None
[2024-06-14T17:28:06.128-0300] {processor.py:183} INFO - Processing /home/maira/projeto_indicium_engineering/venv/lib/python3.10/site-packages/airflow/example_dags/example_dag_decorator.py took 0.320 seconds
[2024-06-14T17:29:02.439-0300] {processor.py:161} INFO - Started process (PID=96366) to work on /home/maira/projeto_indicium_engineering/venv/lib/python3.10/site-packages/airflow/example_dags/example_dag_decorator.py
[2024-06-14T17:29:02.441-0300] {processor.py:830} INFO - Processing file /home/maira/projeto_indicium_engineering/venv/lib/python3.10/site-packages/airflow/example_dags/example_dag_decorator.py for tasks to queue
[2024-06-14T17:29:02.443-0300] {logging_mixin.py:188} INFO - [2024-06-14T17:29:02.443-0300] {dagbag.py:545} INFO - Filling up the DagBag from /home/maira/projeto_indicium_engineering/venv/lib/python3.10/site-packages/airflow/example_dags/example_dag_decorator.py
[2024-06-14T17:29:02.591-0300] {processor.py:840} INFO - DAG(s) 'example_dag_decorator' retrieved from /home/maira/projeto_indicium_engineering/venv/lib/python3.10/site-packages/airflow/example_dags/example_dag_decorator.py
[2024-06-14T17:29:02.605-0300] {logging_mixin.py:188} INFO - [2024-06-14T17:29:02.605-0300] {dag.py:3096} INFO - Sync 1 DAGs
[2024-06-14T17:29:02.614-0300] {logging_mixin.py:188} INFO - [2024-06-14T17:29:02.614-0300] {dag.py:3954} INFO - Setting next_dagrun for example_dag_decorator to None, run_after=None
[2024-06-14T17:29:02.640-0300] {processor.py:183} INFO - Processing /home/maira/projeto_indicium_engineering/venv/lib/python3.10/site-packages/airflow/example_dags/example_dag_decorator.py took 0.205 seconds
[2024-06-14T17:30:00.250-0300] {processor.py:161} INFO - Started process (PID=96650) to work on /home/maira/projeto_indicium_engineering/venv/lib/python3.10/site-packages/airflow/example_dags/example_dag_decorator.py
[2024-06-14T17:30:00.251-0300] {processor.py:830} INFO - Processing file /home/maira/projeto_indicium_engineering/venv/lib/python3.10/site-packages/airflow/example_dags/example_dag_decorator.py for tasks to queue
[2024-06-14T17:30:00.253-0300] {logging_mixin.py:188} INFO - [2024-06-14T17:30:00.253-0300] {dagbag.py:545} INFO - Filling up the DagBag from /home/maira/projeto_indicium_engineering/venv/lib/python3.10/site-packages/airflow/example_dags/example_dag_decorator.py
[2024-06-14T17:30:00.354-0300] {processor.py:840} INFO - DAG(s) 'example_dag_decorator' retrieved from /home/maira/projeto_indicium_engineering/venv/lib/python3.10/site-packages/airflow/example_dags/example_dag_decorator.py
[2024-06-14T17:30:00.369-0300] {logging_mixin.py:188} INFO - [2024-06-14T17:30:00.368-0300] {dag.py:3096} INFO - Sync 1 DAGs
[2024-06-14T17:30:00.380-0300] {logging_mixin.py:188} INFO - [2024-06-14T17:30:00.379-0300] {dag.py:3954} INFO - Setting next_dagrun for example_dag_decorator to None, run_after=None
[2024-06-14T17:30:00.403-0300] {processor.py:183} INFO - Processing /home/maira/projeto_indicium_engineering/venv/lib/python3.10/site-packages/airflow/example_dags/example_dag_decorator.py took 0.160 seconds
[2024-06-14T17:31:00.795-0300] {processor.py:161} INFO - Started process (PID=96952) to work on /home/maira/projeto_indicium_engineering/venv/lib/python3.10/site-packages/airflow/example_dags/example_dag_decorator.py
[2024-06-14T17:31:00.799-0300] {processor.py:830} INFO - Processing file /home/maira/projeto_indicium_engineering/venv/lib/python3.10/site-packages/airflow/example_dags/example_dag_decorator.py for tasks to queue
[2024-06-14T17:31:00.801-0300] {logging_mixin.py:188} INFO - [2024-06-14T17:31:00.800-0300] {dagbag.py:545} INFO - Filling up the DagBag from /home/maira/projeto_indicium_engineering/venv/lib/python3.10/site-packages/airflow/example_dags/example_dag_decorator.py
[2024-06-14T17:31:00.860-0300] {processor.py:840} INFO - DAG(s) 'example_dag_decorator' retrieved from /home/maira/projeto_indicium_engineering/venv/lib/python3.10/site-packages/airflow/example_dags/example_dag_decorator.py
[2024-06-14T17:31:00.875-0300] {logging_mixin.py:188} INFO - [2024-06-14T17:31:00.874-0300] {dag.py:3096} INFO - Sync 1 DAGs
[2024-06-14T17:31:00.885-0300] {logging_mixin.py:188} INFO - [2024-06-14T17:31:00.885-0300] {dag.py:3954} INFO - Setting next_dagrun for example_dag_decorator to None, run_after=None
[2024-06-14T17:31:00.907-0300] {processor.py:183} INFO - Processing /home/maira/projeto_indicium_engineering/venv/lib/python3.10/site-packages/airflow/example_dags/example_dag_decorator.py took 0.117 seconds
[2024-06-14T17:32:08.114-0300] {processor.py:161} INFO - Started process (PID=97283) to work on /home/maira/projeto_indicium_engineering/venv/lib/python3.10/site-packages/airflow/example_dags/example_dag_decorator.py
[2024-06-14T17:32:08.119-0300] {processor.py:830} INFO - Processing file /home/maira/projeto_indicium_engineering/venv/lib/python3.10/site-packages/airflow/example_dags/example_dag_decorator.py for tasks to queue
[2024-06-14T17:32:08.120-0300] {logging_mixin.py:188} INFO - [2024-06-14T17:32:08.120-0300] {dagbag.py:545} INFO - Filling up the DagBag from /home/maira/projeto_indicium_engineering/venv/lib/python3.10/site-packages/airflow/example_dags/example_dag_decorator.py
[2024-06-14T17:32:08.273-0300] {processor.py:840} INFO - DAG(s) 'example_dag_decorator' retrieved from /home/maira/projeto_indicium_engineering/venv/lib/python3.10/site-packages/airflow/example_dags/example_dag_decorator.py
[2024-06-14T17:32:08.306-0300] {logging_mixin.py:188} INFO - [2024-06-14T17:32:08.306-0300] {dag.py:3096} INFO - Sync 1 DAGs
[2024-06-14T17:32:08.334-0300] {logging_mixin.py:188} INFO - [2024-06-14T17:32:08.333-0300] {dag.py:3954} INFO - Setting next_dagrun for example_dag_decorator to None, run_after=None
[2024-06-14T17:32:08.365-0300] {processor.py:183} INFO - Processing /home/maira/projeto_indicium_engineering/venv/lib/python3.10/site-packages/airflow/example_dags/example_dag_decorator.py took 0.256 seconds
[2024-06-14T17:33:12.310-0300] {processor.py:161} INFO - Started process (PID=97599) to work on /home/maira/projeto_indicium_engineering/venv/lib/python3.10/site-packages/airflow/example_dags/example_dag_decorator.py
[2024-06-14T17:33:12.312-0300] {processor.py:830} INFO - Processing file /home/maira/projeto_indicium_engineering/venv/lib/python3.10/site-packages/airflow/example_dags/example_dag_decorator.py for tasks to queue
[2024-06-14T17:33:12.314-0300] {logging_mixin.py:188} INFO - [2024-06-14T17:33:12.314-0300] {dagbag.py:545} INFO - Filling up the DagBag from /home/maira/projeto_indicium_engineering/venv/lib/python3.10/site-packages/airflow/example_dags/example_dag_decorator.py
[2024-06-14T17:33:12.468-0300] {processor.py:840} INFO - DAG(s) 'example_dag_decorator' retrieved from /home/maira/projeto_indicium_engineering/venv/lib/python3.10/site-packages/airflow/example_dags/example_dag_decorator.py
[2024-06-14T17:33:12.483-0300] {logging_mixin.py:188} INFO - [2024-06-14T17:33:12.482-0300] {dag.py:3096} INFO - Sync 1 DAGs
[2024-06-14T17:33:12.490-0300] {logging_mixin.py:188} INFO - [2024-06-14T17:33:12.490-0300] {dag.py:3954} INFO - Setting next_dagrun for example_dag_decorator to None, run_after=None
[2024-06-14T17:33:12.515-0300] {processor.py:183} INFO - Processing /home/maira/projeto_indicium_engineering/venv/lib/python3.10/site-packages/airflow/example_dags/example_dag_decorator.py took 0.210 seconds
[2024-06-14T17:34:09.742-0300] {processor.py:161} INFO - Started process (PID=97886) to work on /home/maira/projeto_indicium_engineering/venv/lib/python3.10/site-packages/airflow/example_dags/example_dag_decorator.py
[2024-06-14T17:34:09.744-0300] {processor.py:830} INFO - Processing file /home/maira/projeto_indicium_engineering/venv/lib/python3.10/site-packages/airflow/example_dags/example_dag_decorator.py for tasks to queue
[2024-06-14T17:34:09.745-0300] {logging_mixin.py:188} INFO - [2024-06-14T17:34:09.745-0300] {dagbag.py:545} INFO - Filling up the DagBag from /home/maira/projeto_indicium_engineering/venv/lib/python3.10/site-packages/airflow/example_dags/example_dag_decorator.py
[2024-06-14T17:34:09.885-0300] {processor.py:840} INFO - DAG(s) 'example_dag_decorator' retrieved from /home/maira/projeto_indicium_engineering/venv/lib/python3.10/site-packages/airflow/example_dags/example_dag_decorator.py
[2024-06-14T17:34:09.900-0300] {logging_mixin.py:188} INFO - [2024-06-14T17:34:09.899-0300] {dag.py:3096} INFO - Sync 1 DAGs
[2024-06-14T17:34:09.907-0300] {logging_mixin.py:188} INFO - [2024-06-14T17:34:09.907-0300] {dag.py:3954} INFO - Setting next_dagrun for example_dag_decorator to None, run_after=None
[2024-06-14T17:34:09.929-0300] {processor.py:183} INFO - Processing /home/maira/projeto_indicium_engineering/venv/lib/python3.10/site-packages/airflow/example_dags/example_dag_decorator.py took 0.192 seconds
[2024-06-14T17:35:07.393-0300] {processor.py:161} INFO - Started process (PID=98175) to work on /home/maira/projeto_indicium_engineering/venv/lib/python3.10/site-packages/airflow/example_dags/example_dag_decorator.py
[2024-06-14T17:35:07.398-0300] {processor.py:830} INFO - Processing file /home/maira/projeto_indicium_engineering/venv/lib/python3.10/site-packages/airflow/example_dags/example_dag_decorator.py for tasks to queue
[2024-06-14T17:35:07.400-0300] {logging_mixin.py:188} INFO - [2024-06-14T17:35:07.399-0300] {dagbag.py:545} INFO - Filling up the DagBag from /home/maira/projeto_indicium_engineering/venv/lib/python3.10/site-packages/airflow/example_dags/example_dag_decorator.py
[2024-06-14T17:35:07.542-0300] {processor.py:840} INFO - DAG(s) 'example_dag_decorator' retrieved from /home/maira/projeto_indicium_engineering/venv/lib/python3.10/site-packages/airflow/example_dags/example_dag_decorator.py
[2024-06-14T17:35:07.738-0300] {logging_mixin.py:188} INFO - [2024-06-14T17:35:07.738-0300] {dag.py:3096} INFO - Sync 1 DAGs
[2024-06-14T17:35:07.745-0300] {logging_mixin.py:188} INFO - [2024-06-14T17:35:07.745-0300] {dag.py:3954} INFO - Setting next_dagrun for example_dag_decorator to None, run_after=None
[2024-06-14T17:35:07.785-0300] {processor.py:183} INFO - Processing /home/maira/projeto_indicium_engineering/venv/lib/python3.10/site-packages/airflow/example_dags/example_dag_decorator.py took 0.397 seconds
[2024-06-14T17:36:08.889-0300] {processor.py:161} INFO - Started process (PID=98478) to work on /home/maira/projeto_indicium_engineering/venv/lib/python3.10/site-packages/airflow/example_dags/example_dag_decorator.py
[2024-06-14T17:36:08.892-0300] {processor.py:830} INFO - Processing file /home/maira/projeto_indicium_engineering/venv/lib/python3.10/site-packages/airflow/example_dags/example_dag_decorator.py for tasks to queue
[2024-06-14T17:36:08.893-0300] {logging_mixin.py:188} INFO - [2024-06-14T17:36:08.893-0300] {dagbag.py:545} INFO - Filling up the DagBag from /home/maira/projeto_indicium_engineering/venv/lib/python3.10/site-packages/airflow/example_dags/example_dag_decorator.py
[2024-06-14T17:36:09.049-0300] {processor.py:840} INFO - DAG(s) 'example_dag_decorator' retrieved from /home/maira/projeto_indicium_engineering/venv/lib/python3.10/site-packages/airflow/example_dags/example_dag_decorator.py
[2024-06-14T17:36:09.064-0300] {logging_mixin.py:188} INFO - [2024-06-14T17:36:09.064-0300] {dag.py:3096} INFO - Sync 1 DAGs
[2024-06-14T17:36:09.072-0300] {logging_mixin.py:188} INFO - [2024-06-14T17:36:09.072-0300] {dag.py:3954} INFO - Setting next_dagrun for example_dag_decorator to None, run_after=None
[2024-06-14T17:36:09.094-0300] {processor.py:183} INFO - Processing /home/maira/projeto_indicium_engineering/venv/lib/python3.10/site-packages/airflow/example_dags/example_dag_decorator.py took 0.209 seconds
[2024-06-14T17:37:11.212-0300] {processor.py:161} INFO - Started process (PID=98786) to work on /home/maira/projeto_indicium_engineering/venv/lib/python3.10/site-packages/airflow/example_dags/example_dag_decorator.py
[2024-06-14T17:37:11.214-0300] {processor.py:830} INFO - Processing file /home/maira/projeto_indicium_engineering/venv/lib/python3.10/site-packages/airflow/example_dags/example_dag_decorator.py for tasks to queue
[2024-06-14T17:37:11.216-0300] {logging_mixin.py:188} INFO - [2024-06-14T17:37:11.216-0300] {dagbag.py:545} INFO - Filling up the DagBag from /home/maira/projeto_indicium_engineering/venv/lib/python3.10/site-packages/airflow/example_dags/example_dag_decorator.py
[2024-06-14T17:37:11.267-0300] {processor.py:840} INFO - DAG(s) 'example_dag_decorator' retrieved from /home/maira/projeto_indicium_engineering/venv/lib/python3.10/site-packages/airflow/example_dags/example_dag_decorator.py
[2024-06-14T17:37:11.281-0300] {logging_mixin.py:188} INFO - [2024-06-14T17:37:11.281-0300] {dag.py:3096} INFO - Sync 1 DAGs
[2024-06-14T17:37:11.289-0300] {logging_mixin.py:188} INFO - [2024-06-14T17:37:11.289-0300] {dag.py:3954} INFO - Setting next_dagrun for example_dag_decorator to None, run_after=None
[2024-06-14T17:37:11.311-0300] {processor.py:183} INFO - Processing /home/maira/projeto_indicium_engineering/venv/lib/python3.10/site-packages/airflow/example_dags/example_dag_decorator.py took 0.103 seconds
[2024-06-14T17:38:09.370-0300] {processor.py:161} INFO - Started process (PID=99076) to work on /home/maira/projeto_indicium_engineering/venv/lib/python3.10/site-packages/airflow/example_dags/example_dag_decorator.py
[2024-06-14T17:38:09.371-0300] {processor.py:830} INFO - Processing file /home/maira/projeto_indicium_engineering/venv/lib/python3.10/site-packages/airflow/example_dags/example_dag_decorator.py for tasks to queue
[2024-06-14T17:38:09.373-0300] {logging_mixin.py:188} INFO - [2024-06-14T17:38:09.372-0300] {dagbag.py:545} INFO - Filling up the DagBag from /home/maira/projeto_indicium_engineering/venv/lib/python3.10/site-packages/airflow/example_dags/example_dag_decorator.py
[2024-06-14T17:38:09.509-0300] {processor.py:840} INFO - DAG(s) 'example_dag_decorator' retrieved from /home/maira/projeto_indicium_engineering/venv/lib/python3.10/site-packages/airflow/example_dags/example_dag_decorator.py
[2024-06-14T17:38:09.524-0300] {logging_mixin.py:188} INFO - [2024-06-14T17:38:09.523-0300] {dag.py:3096} INFO - Sync 1 DAGs
[2024-06-14T17:38:09.531-0300] {logging_mixin.py:188} INFO - [2024-06-14T17:38:09.531-0300] {dag.py:3954} INFO - Setting next_dagrun for example_dag_decorator to None, run_after=None
[2024-06-14T17:38:09.552-0300] {processor.py:183} INFO - Processing /home/maira/projeto_indicium_engineering/venv/lib/python3.10/site-packages/airflow/example_dags/example_dag_decorator.py took 0.187 seconds
[2024-06-14T17:39:07.737-0300] {processor.py:161} INFO - Started process (PID=99366) to work on /home/maira/projeto_indicium_engineering/venv/lib/python3.10/site-packages/airflow/example_dags/example_dag_decorator.py
[2024-06-14T17:39:07.739-0300] {processor.py:830} INFO - Processing file /home/maira/projeto_indicium_engineering/venv/lib/python3.10/site-packages/airflow/example_dags/example_dag_decorator.py for tasks to queue
[2024-06-14T17:39:07.741-0300] {logging_mixin.py:188} INFO - [2024-06-14T17:39:07.740-0300] {dagbag.py:545} INFO - Filling up the DagBag from /home/maira/projeto_indicium_engineering/venv/lib/python3.10/site-packages/airflow/example_dags/example_dag_decorator.py
[2024-06-14T17:39:07.891-0300] {processor.py:840} INFO - DAG(s) 'example_dag_decorator' retrieved from /home/maira/projeto_indicium_engineering/venv/lib/python3.10/site-packages/airflow/example_dags/example_dag_decorator.py
[2024-06-14T17:39:07.905-0300] {logging_mixin.py:188} INFO - [2024-06-14T17:39:07.905-0300] {dag.py:3096} INFO - Sync 1 DAGs
[2024-06-14T17:39:07.913-0300] {logging_mixin.py:188} INFO - [2024-06-14T17:39:07.913-0300] {dag.py:3954} INFO - Setting next_dagrun for example_dag_decorator to None, run_after=None
[2024-06-14T17:39:07.935-0300] {processor.py:183} INFO - Processing /home/maira/projeto_indicium_engineering/venv/lib/python3.10/site-packages/airflow/example_dags/example_dag_decorator.py took 0.203 seconds
[2024-06-14T17:40:07.312-0300] {processor.py:161} INFO - Started process (PID=99661) to work on /home/maira/projeto_indicium_engineering/venv/lib/python3.10/site-packages/airflow/example_dags/example_dag_decorator.py
[2024-06-14T17:40:07.314-0300] {processor.py:830} INFO - Processing file /home/maira/projeto_indicium_engineering/venv/lib/python3.10/site-packages/airflow/example_dags/example_dag_decorator.py for tasks to queue
[2024-06-14T17:40:07.316-0300] {logging_mixin.py:188} INFO - [2024-06-14T17:40:07.315-0300] {dagbag.py:545} INFO - Filling up the DagBag from /home/maira/projeto_indicium_engineering/venv/lib/python3.10/site-packages/airflow/example_dags/example_dag_decorator.py
[2024-06-14T17:40:07.368-0300] {processor.py:840} INFO - DAG(s) 'example_dag_decorator' retrieved from /home/maira/projeto_indicium_engineering/venv/lib/python3.10/site-packages/airflow/example_dags/example_dag_decorator.py
[2024-06-14T17:40:07.582-0300] {logging_mixin.py:188} INFO - [2024-06-14T17:40:07.582-0300] {dag.py:3096} INFO - Sync 1 DAGs
[2024-06-14T17:40:07.605-0300] {logging_mixin.py:188} INFO - [2024-06-14T17:40:07.604-0300] {dag.py:3954} INFO - Setting next_dagrun for example_dag_decorator to None, run_after=None
[2024-06-14T17:40:07.646-0300] {processor.py:183} INFO - Processing /home/maira/projeto_indicium_engineering/venv/lib/python3.10/site-packages/airflow/example_dags/example_dag_decorator.py took 0.339 seconds
[2024-06-14T17:41:08.350-0300] {processor.py:161} INFO - Started process (PID=99961) to work on /home/maira/projeto_indicium_engineering/venv/lib/python3.10/site-packages/airflow/example_dags/example_dag_decorator.py
[2024-06-14T17:41:08.351-0300] {processor.py:830} INFO - Processing file /home/maira/projeto_indicium_engineering/venv/lib/python3.10/site-packages/airflow/example_dags/example_dag_decorator.py for tasks to queue
[2024-06-14T17:41:08.353-0300] {logging_mixin.py:188} INFO - [2024-06-14T17:41:08.353-0300] {dagbag.py:545} INFO - Filling up the DagBag from /home/maira/projeto_indicium_engineering/venv/lib/python3.10/site-packages/airflow/example_dags/example_dag_decorator.py
[2024-06-14T17:41:08.503-0300] {processor.py:840} INFO - DAG(s) 'example_dag_decorator' retrieved from /home/maira/projeto_indicium_engineering/venv/lib/python3.10/site-packages/airflow/example_dags/example_dag_decorator.py
[2024-06-14T17:41:08.521-0300] {logging_mixin.py:188} INFO - [2024-06-14T17:41:08.521-0300] {dag.py:3096} INFO - Sync 1 DAGs
[2024-06-14T17:41:08.533-0300] {logging_mixin.py:188} INFO - [2024-06-14T17:41:08.533-0300] {dag.py:3954} INFO - Setting next_dagrun for example_dag_decorator to None, run_after=None
[2024-06-14T17:41:08.559-0300] {processor.py:183} INFO - Processing /home/maira/projeto_indicium_engineering/venv/lib/python3.10/site-packages/airflow/example_dags/example_dag_decorator.py took 0.214 seconds
[2024-06-14T17:42:10.281-0300] {processor.py:161} INFO - Started process (PID=100269) to work on /home/maira/projeto_indicium_engineering/venv/lib/python3.10/site-packages/airflow/example_dags/example_dag_decorator.py
[2024-06-14T17:42:10.283-0300] {processor.py:830} INFO - Processing file /home/maira/projeto_indicium_engineering/venv/lib/python3.10/site-packages/airflow/example_dags/example_dag_decorator.py for tasks to queue
[2024-06-14T17:42:10.284-0300] {logging_mixin.py:188} INFO - [2024-06-14T17:42:10.284-0300] {dagbag.py:545} INFO - Filling up the DagBag from /home/maira/projeto_indicium_engineering/venv/lib/python3.10/site-packages/airflow/example_dags/example_dag_decorator.py
[2024-06-14T17:42:10.433-0300] {processor.py:840} INFO - DAG(s) 'example_dag_decorator' retrieved from /home/maira/projeto_indicium_engineering/venv/lib/python3.10/site-packages/airflow/example_dags/example_dag_decorator.py
[2024-06-14T17:42:10.446-0300] {logging_mixin.py:188} INFO - [2024-06-14T17:42:10.446-0300] {dag.py:3096} INFO - Sync 1 DAGs
[2024-06-14T17:42:10.454-0300] {logging_mixin.py:188} INFO - [2024-06-14T17:42:10.454-0300] {dag.py:3954} INFO - Setting next_dagrun for example_dag_decorator to None, run_after=None
[2024-06-14T17:42:10.477-0300] {processor.py:183} INFO - Processing /home/maira/projeto_indicium_engineering/venv/lib/python3.10/site-packages/airflow/example_dags/example_dag_decorator.py took 0.201 seconds
[2024-06-14T17:43:09.984-0300] {processor.py:161} INFO - Started process (PID=100565) to work on /home/maira/projeto_indicium_engineering/venv/lib/python3.10/site-packages/airflow/example_dags/example_dag_decorator.py
[2024-06-14T17:43:09.985-0300] {processor.py:830} INFO - Processing file /home/maira/projeto_indicium_engineering/venv/lib/python3.10/site-packages/airflow/example_dags/example_dag_decorator.py for tasks to queue
[2024-06-14T17:43:09.987-0300] {logging_mixin.py:188} INFO - [2024-06-14T17:43:09.987-0300] {dagbag.py:545} INFO - Filling up the DagBag from /home/maira/projeto_indicium_engineering/venv/lib/python3.10/site-packages/airflow/example_dags/example_dag_decorator.py
[2024-06-14T17:43:10.123-0300] {processor.py:840} INFO - DAG(s) 'example_dag_decorator' retrieved from /home/maira/projeto_indicium_engineering/venv/lib/python3.10/site-packages/airflow/example_dags/example_dag_decorator.py
[2024-06-14T17:43:10.136-0300] {logging_mixin.py:188} INFO - [2024-06-14T17:43:10.136-0300] {dag.py:3096} INFO - Sync 1 DAGs
[2024-06-14T17:43:10.144-0300] {logging_mixin.py:188} INFO - [2024-06-14T17:43:10.144-0300] {dag.py:3954} INFO - Setting next_dagrun for example_dag_decorator to None, run_after=None
[2024-06-14T17:43:10.167-0300] {processor.py:183} INFO - Processing /home/maira/projeto_indicium_engineering/venv/lib/python3.10/site-packages/airflow/example_dags/example_dag_decorator.py took 0.189 seconds
[2024-06-14T17:44:06.046-0300] {processor.py:161} INFO - Started process (PID=100845) to work on /home/maira/projeto_indicium_engineering/venv/lib/python3.10/site-packages/airflow/example_dags/example_dag_decorator.py
[2024-06-14T17:44:06.047-0300] {processor.py:830} INFO - Processing file /home/maira/projeto_indicium_engineering/venv/lib/python3.10/site-packages/airflow/example_dags/example_dag_decorator.py for tasks to queue
[2024-06-14T17:44:06.049-0300] {logging_mixin.py:188} INFO - [2024-06-14T17:44:06.048-0300] {dagbag.py:545} INFO - Filling up the DagBag from /home/maira/projeto_indicium_engineering/venv/lib/python3.10/site-packages/airflow/example_dags/example_dag_decorator.py
[2024-06-14T17:44:06.192-0300] {processor.py:840} INFO - DAG(s) 'example_dag_decorator' retrieved from /home/maira/projeto_indicium_engineering/venv/lib/python3.10/site-packages/airflow/example_dags/example_dag_decorator.py
[2024-06-14T17:44:06.205-0300] {logging_mixin.py:188} INFO - [2024-06-14T17:44:06.205-0300] {dag.py:3096} INFO - Sync 1 DAGs
[2024-06-14T17:44:06.213-0300] {logging_mixin.py:188} INFO - [2024-06-14T17:44:06.213-0300] {dag.py:3954} INFO - Setting next_dagrun for example_dag_decorator to None, run_after=None
[2024-06-14T17:44:06.235-0300] {processor.py:183} INFO - Processing /home/maira/projeto_indicium_engineering/venv/lib/python3.10/site-packages/airflow/example_dags/example_dag_decorator.py took 0.194 seconds
[2024-06-14T17:45:03.992-0300] {processor.py:161} INFO - Started process (PID=101136) to work on /home/maira/projeto_indicium_engineering/venv/lib/python3.10/site-packages/airflow/example_dags/example_dag_decorator.py
[2024-06-14T17:45:03.997-0300] {processor.py:830} INFO - Processing file /home/maira/projeto_indicium_engineering/venv/lib/python3.10/site-packages/airflow/example_dags/example_dag_decorator.py for tasks to queue
[2024-06-14T17:45:03.998-0300] {logging_mixin.py:188} INFO - [2024-06-14T17:45:03.998-0300] {dagbag.py:545} INFO - Filling up the DagBag from /home/maira/projeto_indicium_engineering/venv/lib/python3.10/site-packages/airflow/example_dags/example_dag_decorator.py
[2024-06-14T17:45:04.054-0300] {processor.py:840} INFO - DAG(s) 'example_dag_decorator' retrieved from /home/maira/projeto_indicium_engineering/venv/lib/python3.10/site-packages/airflow/example_dags/example_dag_decorator.py
[2024-06-14T17:45:04.768-0300] {logging_mixin.py:188} INFO - [2024-06-14T17:45:04.768-0300] {dag.py:3096} INFO - Sync 1 DAGs
[2024-06-14T17:45:04.780-0300] {logging_mixin.py:188} INFO - [2024-06-14T17:45:04.779-0300] {dag.py:3954} INFO - Setting next_dagrun for example_dag_decorator to None, run_after=None
[2024-06-14T17:45:04.800-0300] {processor.py:183} INFO - Processing /home/maira/projeto_indicium_engineering/venv/lib/python3.10/site-packages/airflow/example_dags/example_dag_decorator.py took 0.813 seconds
[2024-06-14T17:46:04.572-0300] {processor.py:161} INFO - Started process (PID=101436) to work on /home/maira/projeto_indicium_engineering/venv/lib/python3.10/site-packages/airflow/example_dags/example_dag_decorator.py
[2024-06-14T17:46:04.574-0300] {processor.py:830} INFO - Processing file /home/maira/projeto_indicium_engineering/venv/lib/python3.10/site-packages/airflow/example_dags/example_dag_decorator.py for tasks to queue
[2024-06-14T17:46:04.575-0300] {logging_mixin.py:188} INFO - [2024-06-14T17:46:04.575-0300] {dagbag.py:545} INFO - Filling up the DagBag from /home/maira/projeto_indicium_engineering/venv/lib/python3.10/site-packages/airflow/example_dags/example_dag_decorator.py
[2024-06-14T17:46:04.731-0300] {processor.py:840} INFO - DAG(s) 'example_dag_decorator' retrieved from /home/maira/projeto_indicium_engineering/venv/lib/python3.10/site-packages/airflow/example_dags/example_dag_decorator.py
[2024-06-14T17:46:04.955-0300] {logging_mixin.py:188} INFO - [2024-06-14T17:46:04.955-0300] {dag.py:3096} INFO - Sync 1 DAGs
[2024-06-14T17:46:04.962-0300] {logging_mixin.py:188} INFO - [2024-06-14T17:46:04.962-0300] {dag.py:3954} INFO - Setting next_dagrun for example_dag_decorator to None, run_after=None
[2024-06-14T17:46:04.983-0300] {processor.py:183} INFO - Processing /home/maira/projeto_indicium_engineering/venv/lib/python3.10/site-packages/airflow/example_dags/example_dag_decorator.py took 0.417 seconds
[2024-06-14T17:47:06.963-0300] {processor.py:161} INFO - Started process (PID=101745) to work on /home/maira/projeto_indicium_engineering/venv/lib/python3.10/site-packages/airflow/example_dags/example_dag_decorator.py
[2024-06-14T17:47:06.966-0300] {processor.py:830} INFO - Processing file /home/maira/projeto_indicium_engineering/venv/lib/python3.10/site-packages/airflow/example_dags/example_dag_decorator.py for tasks to queue
[2024-06-14T17:47:06.967-0300] {logging_mixin.py:188} INFO - [2024-06-14T17:47:06.967-0300] {dagbag.py:545} INFO - Filling up the DagBag from /home/maira/projeto_indicium_engineering/venv/lib/python3.10/site-packages/airflow/example_dags/example_dag_decorator.py
[2024-06-14T17:47:07.123-0300] {processor.py:840} INFO - DAG(s) 'example_dag_decorator' retrieved from /home/maira/projeto_indicium_engineering/venv/lib/python3.10/site-packages/airflow/example_dags/example_dag_decorator.py
[2024-06-14T17:47:07.138-0300] {logging_mixin.py:188} INFO - [2024-06-14T17:47:07.138-0300] {dag.py:3096} INFO - Sync 1 DAGs
[2024-06-14T17:47:07.145-0300] {logging_mixin.py:188} INFO - [2024-06-14T17:47:07.145-0300] {dag.py:3954} INFO - Setting next_dagrun for example_dag_decorator to None, run_after=None
[2024-06-14T17:47:07.169-0300] {processor.py:183} INFO - Processing /home/maira/projeto_indicium_engineering/venv/lib/python3.10/site-packages/airflow/example_dags/example_dag_decorator.py took 0.210 seconds
[2024-06-14T17:48:04.215-0300] {processor.py:161} INFO - Started process (PID=102029) to work on /home/maira/projeto_indicium_engineering/venv/lib/python3.10/site-packages/airflow/example_dags/example_dag_decorator.py
[2024-06-14T17:48:04.217-0300] {processor.py:830} INFO - Processing file /home/maira/projeto_indicium_engineering/venv/lib/python3.10/site-packages/airflow/example_dags/example_dag_decorator.py for tasks to queue
[2024-06-14T17:48:04.219-0300] {logging_mixin.py:188} INFO - [2024-06-14T17:48:04.218-0300] {dagbag.py:545} INFO - Filling up the DagBag from /home/maira/projeto_indicium_engineering/venv/lib/python3.10/site-packages/airflow/example_dags/example_dag_decorator.py
[2024-06-14T17:48:04.363-0300] {processor.py:840} INFO - DAG(s) 'example_dag_decorator' retrieved from /home/maira/projeto_indicium_engineering/venv/lib/python3.10/site-packages/airflow/example_dags/example_dag_decorator.py
[2024-06-14T17:48:04.467-0300] {logging_mixin.py:188} INFO - [2024-06-14T17:48:04.466-0300] {dag.py:3096} INFO - Sync 1 DAGs
[2024-06-14T17:48:04.474-0300] {logging_mixin.py:188} INFO - [2024-06-14T17:48:04.474-0300] {dag.py:3954} INFO - Setting next_dagrun for example_dag_decorator to None, run_after=None
[2024-06-14T17:48:04.538-0300] {processor.py:183} INFO - Processing /home/maira/projeto_indicium_engineering/venv/lib/python3.10/site-packages/airflow/example_dags/example_dag_decorator.py took 0.329 seconds
[2024-06-14T17:49:08.204-0300] {processor.py:161} INFO - Started process (PID=102345) to work on /home/maira/projeto_indicium_engineering/venv/lib/python3.10/site-packages/airflow/example_dags/example_dag_decorator.py
[2024-06-14T17:49:08.206-0300] {processor.py:830} INFO - Processing file /home/maira/projeto_indicium_engineering/venv/lib/python3.10/site-packages/airflow/example_dags/example_dag_decorator.py for tasks to queue
[2024-06-14T17:49:08.208-0300] {logging_mixin.py:188} INFO - [2024-06-14T17:49:08.208-0300] {dagbag.py:545} INFO - Filling up the DagBag from /home/maira/projeto_indicium_engineering/venv/lib/python3.10/site-packages/airflow/example_dags/example_dag_decorator.py
[2024-06-14T17:49:08.362-0300] {processor.py:840} INFO - DAG(s) 'example_dag_decorator' retrieved from /home/maira/projeto_indicium_engineering/venv/lib/python3.10/site-packages/airflow/example_dags/example_dag_decorator.py
[2024-06-14T17:49:08.376-0300] {logging_mixin.py:188} INFO - [2024-06-14T17:49:08.376-0300] {dag.py:3096} INFO - Sync 1 DAGs
[2024-06-14T17:49:08.458-0300] {logging_mixin.py:188} INFO - [2024-06-14T17:49:08.458-0300] {dag.py:3954} INFO - Setting next_dagrun for example_dag_decorator to None, run_after=None
[2024-06-14T17:49:08.502-0300] {processor.py:183} INFO - Processing /home/maira/projeto_indicium_engineering/venv/lib/python3.10/site-packages/airflow/example_dags/example_dag_decorator.py took 0.302 seconds
[2024-06-14T17:50:10.810-0300] {processor.py:161} INFO - Started process (PID=102654) to work on /home/maira/projeto_indicium_engineering/venv/lib/python3.10/site-packages/airflow/example_dags/example_dag_decorator.py
[2024-06-14T17:50:10.814-0300] {processor.py:830} INFO - Processing file /home/maira/projeto_indicium_engineering/venv/lib/python3.10/site-packages/airflow/example_dags/example_dag_decorator.py for tasks to queue
[2024-06-14T17:50:10.816-0300] {logging_mixin.py:188} INFO - [2024-06-14T17:50:10.816-0300] {dagbag.py:545} INFO - Filling up the DagBag from /home/maira/projeto_indicium_engineering/venv/lib/python3.10/site-packages/airflow/example_dags/example_dag_decorator.py
[2024-06-14T17:50:10.869-0300] {processor.py:840} INFO - DAG(s) 'example_dag_decorator' retrieved from /home/maira/projeto_indicium_engineering/venv/lib/python3.10/site-packages/airflow/example_dags/example_dag_decorator.py
[2024-06-14T17:50:10.884-0300] {logging_mixin.py:188} INFO - [2024-06-14T17:50:10.883-0300] {dag.py:3096} INFO - Sync 1 DAGs
[2024-06-14T17:50:10.965-0300] {logging_mixin.py:188} INFO - [2024-06-14T17:50:10.965-0300] {dag.py:3954} INFO - Setting next_dagrun for example_dag_decorator to None, run_after=None
[2024-06-14T17:50:10.984-0300] {processor.py:183} INFO - Processing /home/maira/projeto_indicium_engineering/venv/lib/python3.10/site-packages/airflow/example_dags/example_dag_decorator.py took 0.180 seconds
[2024-06-14T17:51:11.050-0300] {processor.py:161} INFO - Started process (PID=102952) to work on /home/maira/projeto_indicium_engineering/venv/lib/python3.10/site-packages/airflow/example_dags/example_dag_decorator.py
[2024-06-14T17:51:11.052-0300] {processor.py:830} INFO - Processing file /home/maira/projeto_indicium_engineering/venv/lib/python3.10/site-packages/airflow/example_dags/example_dag_decorator.py for tasks to queue
[2024-06-14T17:51:11.054-0300] {logging_mixin.py:188} INFO - [2024-06-14T17:51:11.053-0300] {dagbag.py:545} INFO - Filling up the DagBag from /home/maira/projeto_indicium_engineering/venv/lib/python3.10/site-packages/airflow/example_dags/example_dag_decorator.py
[2024-06-14T17:51:11.212-0300] {processor.py:840} INFO - DAG(s) 'example_dag_decorator' retrieved from /home/maira/projeto_indicium_engineering/venv/lib/python3.10/site-packages/airflow/example_dags/example_dag_decorator.py
[2024-06-14T17:51:11.226-0300] {logging_mixin.py:188} INFO - [2024-06-14T17:51:11.226-0300] {dag.py:3096} INFO - Sync 1 DAGs
[2024-06-14T17:51:11.310-0300] {logging_mixin.py:188} INFO - [2024-06-14T17:51:11.310-0300] {dag.py:3954} INFO - Setting next_dagrun for example_dag_decorator to None, run_after=None
[2024-06-14T17:51:11.330-0300] {processor.py:183} INFO - Processing /home/maira/projeto_indicium_engineering/venv/lib/python3.10/site-packages/airflow/example_dags/example_dag_decorator.py took 0.285 seconds
[2024-06-14T20:52:25.566-0300] {processor.py:161} INFO - Started process (PID=103681) to work on /home/maira/projeto_indicium_engineering/venv/lib/python3.10/site-packages/airflow/example_dags/example_dag_decorator.py
[2024-06-14T20:52:25.568-0300] {processor.py:830} INFO - Processing file /home/maira/projeto_indicium_engineering/venv/lib/python3.10/site-packages/airflow/example_dags/example_dag_decorator.py for tasks to queue
[2024-06-14T20:52:25.570-0300] {logging_mixin.py:188} INFO - [2024-06-14T20:52:25.569-0300] {dagbag.py:545} INFO - Filling up the DagBag from /home/maira/projeto_indicium_engineering/venv/lib/python3.10/site-packages/airflow/example_dags/example_dag_decorator.py
[2024-06-14T20:52:25.896-0300] {processor.py:840} INFO - DAG(s) 'example_dag_decorator' retrieved from /home/maira/projeto_indicium_engineering/venv/lib/python3.10/site-packages/airflow/example_dags/example_dag_decorator.py
[2024-06-14T20:52:26.718-0300] {logging_mixin.py:188} INFO - [2024-06-14T20:52:26.718-0300] {dag.py:3096} INFO - Sync 1 DAGs
[2024-06-14T20:52:26.724-0300] {logging_mixin.py:188} INFO - [2024-06-14T20:52:26.724-0300] {dag.py:3954} INFO - Setting next_dagrun for example_dag_decorator to None, run_after=None
[2024-06-14T20:52:26.750-0300] {processor.py:183} INFO - Processing /home/maira/projeto_indicium_engineering/venv/lib/python3.10/site-packages/airflow/example_dags/example_dag_decorator.py took 1.189 seconds
[2024-06-14T20:53:49.313-0300] {processor.py:161} INFO - Started process (PID=104088) to work on /home/maira/projeto_indicium_engineering/venv/lib/python3.10/site-packages/airflow/example_dags/example_dag_decorator.py
[2024-06-14T20:53:49.314-0300] {processor.py:830} INFO - Processing file /home/maira/projeto_indicium_engineering/venv/lib/python3.10/site-packages/airflow/example_dags/example_dag_decorator.py for tasks to queue
[2024-06-14T20:53:49.315-0300] {logging_mixin.py:188} INFO - [2024-06-14T20:53:49.315-0300] {dagbag.py:545} INFO - Filling up the DagBag from /home/maira/projeto_indicium_engineering/venv/lib/python3.10/site-packages/airflow/example_dags/example_dag_decorator.py
[2024-06-14T20:53:49.439-0300] {processor.py:840} INFO - DAG(s) 'example_dag_decorator' retrieved from /home/maira/projeto_indicium_engineering/venv/lib/python3.10/site-packages/airflow/example_dags/example_dag_decorator.py
[2024-06-14T20:53:49.495-0300] {logging_mixin.py:188} INFO - [2024-06-14T20:53:49.495-0300] {dag.py:3096} INFO - Sync 1 DAGs
[2024-06-14T20:53:49.502-0300] {logging_mixin.py:188} INFO - [2024-06-14T20:53:49.502-0300] {dag.py:3954} INFO - Setting next_dagrun for example_dag_decorator to None, run_after=None
[2024-06-14T20:53:49.521-0300] {processor.py:183} INFO - Processing /home/maira/projeto_indicium_engineering/venv/lib/python3.10/site-packages/airflow/example_dags/example_dag_decorator.py took 0.213 seconds
