[2024-06-14T16:31:06.060-0300] {processor.py:161} INFO - Started process (PID=86491) to work on /home/maira/projeto_indicium_engineering/venv/lib/python3.10/site-packages/airflow/example_dags/example_bash_decorator.py
[2024-06-14T16:31:06.061-0300] {processor.py:830} INFO - Processing file /home/maira/projeto_indicium_engineering/venv/lib/python3.10/site-packages/airflow/example_dags/example_bash_decorator.py for tasks to queue
[2024-06-14T16:31:06.062-0300] {logging_mixin.py:188} INFO - [2024-06-14T16:31:06.062-0300] {dagbag.py:545} INFO - Filling up the DagBag from /home/maira/projeto_indicium_engineering/venv/lib/python3.10/site-packages/airflow/example_dags/example_bash_decorator.py
[2024-06-14T16:31:06.072-0300] {processor.py:840} INFO - DAG(s) 'example_bash_decorator' retrieved from /home/maira/projeto_indicium_engineering/venv/lib/python3.10/site-packages/airflow/example_dags/example_bash_decorator.py
[2024-06-14T16:31:06.155-0300] {logging_mixin.py:188} INFO - [2024-06-14T16:31:06.154-0300] {override.py:1829} INFO - Created Permission View: can edit on DAG:example_bash_decorator
[2024-06-14T16:31:06.177-0300] {logging_mixin.py:188} INFO - [2024-06-14T16:31:06.176-0300] {override.py:1829} INFO - Created Permission View: can delete on DAG:example_bash_decorator
[2024-06-14T16:31:06.190-0300] {logging_mixin.py:188} INFO - [2024-06-14T16:31:06.189-0300] {override.py:1829} INFO - Created Permission View: can read on DAG:example_bash_decorator
[2024-06-14T16:31:06.190-0300] {logging_mixin.py:188} INFO - [2024-06-14T16:31:06.190-0300] {dag.py:3096} INFO - Sync 1 DAGs
[2024-06-14T16:31:06.307-0300] {logging_mixin.py:188} INFO - [2024-06-14T16:31:06.307-0300] {dag.py:3118} INFO - Creating ORM DAG for example_bash_decorator
[2024-06-14T16:31:06.308-0300] {logging_mixin.py:188} INFO - [2024-06-14T16:31:06.308-0300] {dag.py:3954} INFO - Setting next_dagrun for example_bash_decorator to None, run_after=None
[2024-06-14T16:31:06.328-0300] {processor.py:183} INFO - Processing /home/maira/projeto_indicium_engineering/venv/lib/python3.10/site-packages/airflow/example_dags/example_bash_decorator.py took 0.273 seconds
[2024-06-14T16:32:01.973-0300] {processor.py:161} INFO - Started process (PID=86761) to work on /home/maira/projeto_indicium_engineering/venv/lib/python3.10/site-packages/airflow/example_dags/example_bash_decorator.py
[2024-06-14T16:32:01.975-0300] {processor.py:830} INFO - Processing file /home/maira/projeto_indicium_engineering/venv/lib/python3.10/site-packages/airflow/example_dags/example_bash_decorator.py for tasks to queue
[2024-06-14T16:32:01.977-0300] {logging_mixin.py:188} INFO - [2024-06-14T16:32:01.976-0300] {dagbag.py:545} INFO - Filling up the DagBag from /home/maira/projeto_indicium_engineering/venv/lib/python3.10/site-packages/airflow/example_dags/example_bash_decorator.py
[2024-06-14T16:32:01.986-0300] {processor.py:840} INFO - DAG(s) 'example_bash_decorator' retrieved from /home/maira/projeto_indicium_engineering/venv/lib/python3.10/site-packages/airflow/example_dags/example_bash_decorator.py
[2024-06-14T16:32:01.999-0300] {logging_mixin.py:188} INFO - [2024-06-14T16:32:01.999-0300] {dag.py:3096} INFO - Sync 1 DAGs
[2024-06-14T16:32:02.007-0300] {logging_mixin.py:188} INFO - [2024-06-14T16:32:02.007-0300] {dag.py:3954} INFO - Setting next_dagrun for example_bash_decorator to None, run_after=None
[2024-06-14T16:32:02.103-0300] {processor.py:183} INFO - Processing /home/maira/projeto_indicium_engineering/venv/lib/python3.10/site-packages/airflow/example_dags/example_bash_decorator.py took 0.134 seconds
[2024-06-14T16:32:53.357-0300] {processor.py:161} INFO - Started process (PID=87014) to work on /home/maira/projeto_indicium_engineering/venv/lib/python3.10/site-packages/airflow/example_dags/example_bash_decorator.py
[2024-06-14T16:32:53.360-0300] {processor.py:830} INFO - Processing file /home/maira/projeto_indicium_engineering/venv/lib/python3.10/site-packages/airflow/example_dags/example_bash_decorator.py for tasks to queue
[2024-06-14T16:32:53.362-0300] {logging_mixin.py:188} INFO - [2024-06-14T16:32:53.361-0300] {dagbag.py:545} INFO - Filling up the DagBag from /home/maira/projeto_indicium_engineering/venv/lib/python3.10/site-packages/airflow/example_dags/example_bash_decorator.py
[2024-06-14T16:32:53.371-0300] {processor.py:840} INFO - DAG(s) 'example_bash_decorator' retrieved from /home/maira/projeto_indicium_engineering/venv/lib/python3.10/site-packages/airflow/example_dags/example_bash_decorator.py
[2024-06-14T16:32:53.384-0300] {logging_mixin.py:188} INFO - [2024-06-14T16:32:53.383-0300] {dag.py:3096} INFO - Sync 1 DAGs
[2024-06-14T16:32:53.392-0300] {logging_mixin.py:188} INFO - [2024-06-14T16:32:53.391-0300] {dag.py:3954} INFO - Setting next_dagrun for example_bash_decorator to None, run_after=None
[2024-06-14T16:32:53.415-0300] {processor.py:183} INFO - Processing /home/maira/projeto_indicium_engineering/venv/lib/python3.10/site-packages/airflow/example_dags/example_bash_decorator.py took 0.063 seconds
[2024-06-14T16:33:58.843-0300] {processor.py:161} INFO - Started process (PID=87335) to work on /home/maira/projeto_indicium_engineering/venv/lib/python3.10/site-packages/airflow/example_dags/example_bash_decorator.py
[2024-06-14T16:33:58.846-0300] {processor.py:830} INFO - Processing file /home/maira/projeto_indicium_engineering/venv/lib/python3.10/site-packages/airflow/example_dags/example_bash_decorator.py for tasks to queue
[2024-06-14T16:33:58.847-0300] {logging_mixin.py:188} INFO - [2024-06-14T16:33:58.847-0300] {dagbag.py:545} INFO - Filling up the DagBag from /home/maira/projeto_indicium_engineering/venv/lib/python3.10/site-packages/airflow/example_dags/example_bash_decorator.py
[2024-06-14T16:33:58.859-0300] {processor.py:840} INFO - DAG(s) 'example_bash_decorator' retrieved from /home/maira/projeto_indicium_engineering/venv/lib/python3.10/site-packages/airflow/example_dags/example_bash_decorator.py
[2024-06-14T16:33:58.873-0300] {logging_mixin.py:188} INFO - [2024-06-14T16:33:58.873-0300] {dag.py:3096} INFO - Sync 1 DAGs
[2024-06-14T16:33:58.881-0300] {logging_mixin.py:188} INFO - [2024-06-14T16:33:58.881-0300] {dag.py:3954} INFO - Setting next_dagrun for example_bash_decorator to None, run_after=None
[2024-06-14T16:33:58.903-0300] {processor.py:183} INFO - Processing /home/maira/projeto_indicium_engineering/venv/lib/python3.10/site-packages/airflow/example_dags/example_bash_decorator.py took 0.064 seconds
[2024-06-14T16:34:58.484-0300] {processor.py:161} INFO - Started process (PID=87630) to work on /home/maira/projeto_indicium_engineering/venv/lib/python3.10/site-packages/airflow/example_dags/example_bash_decorator.py
[2024-06-14T16:34:58.489-0300] {processor.py:830} INFO - Processing file /home/maira/projeto_indicium_engineering/venv/lib/python3.10/site-packages/airflow/example_dags/example_bash_decorator.py for tasks to queue
[2024-06-14T16:34:58.491-0300] {logging_mixin.py:188} INFO - [2024-06-14T16:34:58.490-0300] {dagbag.py:545} INFO - Filling up the DagBag from /home/maira/projeto_indicium_engineering/venv/lib/python3.10/site-packages/airflow/example_dags/example_bash_decorator.py
[2024-06-14T16:34:58.501-0300] {processor.py:840} INFO - DAG(s) 'example_bash_decorator' retrieved from /home/maira/projeto_indicium_engineering/venv/lib/python3.10/site-packages/airflow/example_dags/example_bash_decorator.py
[2024-06-14T16:34:58.515-0300] {logging_mixin.py:188} INFO - [2024-06-14T16:34:58.515-0300] {dag.py:3096} INFO - Sync 1 DAGs
[2024-06-14T16:34:58.525-0300] {logging_mixin.py:188} INFO - [2024-06-14T16:34:58.524-0300] {dag.py:3954} INFO - Setting next_dagrun for example_bash_decorator to None, run_after=None
[2024-06-14T16:34:58.544-0300] {processor.py:183} INFO - Processing /home/maira/projeto_indicium_engineering/venv/lib/python3.10/site-packages/airflow/example_dags/example_bash_decorator.py took 0.065 seconds
[2024-06-14T16:35:54.236-0300] {processor.py:161} INFO - Started process (PID=87910) to work on /home/maira/projeto_indicium_engineering/venv/lib/python3.10/site-packages/airflow/example_dags/example_bash_decorator.py
[2024-06-14T16:35:54.238-0300] {processor.py:830} INFO - Processing file /home/maira/projeto_indicium_engineering/venv/lib/python3.10/site-packages/airflow/example_dags/example_bash_decorator.py for tasks to queue
[2024-06-14T16:35:54.240-0300] {logging_mixin.py:188} INFO - [2024-06-14T16:35:54.239-0300] {dagbag.py:545} INFO - Filling up the DagBag from /home/maira/projeto_indicium_engineering/venv/lib/python3.10/site-packages/airflow/example_dags/example_bash_decorator.py
[2024-06-14T16:35:54.250-0300] {processor.py:840} INFO - DAG(s) 'example_bash_decorator' retrieved from /home/maira/projeto_indicium_engineering/venv/lib/python3.10/site-packages/airflow/example_dags/example_bash_decorator.py
[2024-06-14T16:35:54.264-0300] {logging_mixin.py:188} INFO - [2024-06-14T16:35:54.263-0300] {dag.py:3096} INFO - Sync 1 DAGs
[2024-06-14T16:35:54.272-0300] {logging_mixin.py:188} INFO - [2024-06-14T16:35:54.272-0300] {dag.py:3954} INFO - Setting next_dagrun for example_bash_decorator to None, run_after=None
[2024-06-14T16:35:54.294-0300] {processor.py:183} INFO - Processing /home/maira/projeto_indicium_engineering/venv/lib/python3.10/site-packages/airflow/example_dags/example_bash_decorator.py took 0.063 seconds
[2024-06-14T16:36:53.737-0300] {processor.py:161} INFO - Started process (PID=88206) to work on /home/maira/projeto_indicium_engineering/venv/lib/python3.10/site-packages/airflow/example_dags/example_bash_decorator.py
[2024-06-14T16:36:53.738-0300] {processor.py:830} INFO - Processing file /home/maira/projeto_indicium_engineering/venv/lib/python3.10/site-packages/airflow/example_dags/example_bash_decorator.py for tasks to queue
[2024-06-14T16:36:53.740-0300] {logging_mixin.py:188} INFO - [2024-06-14T16:36:53.740-0300] {dagbag.py:545} INFO - Filling up the DagBag from /home/maira/projeto_indicium_engineering/venv/lib/python3.10/site-packages/airflow/example_dags/example_bash_decorator.py
[2024-06-14T16:36:53.752-0300] {processor.py:840} INFO - DAG(s) 'example_bash_decorator' retrieved from /home/maira/projeto_indicium_engineering/venv/lib/python3.10/site-packages/airflow/example_dags/example_bash_decorator.py
[2024-06-14T16:36:53.765-0300] {logging_mixin.py:188} INFO - [2024-06-14T16:36:53.765-0300] {dag.py:3096} INFO - Sync 1 DAGs
[2024-06-14T16:36:53.773-0300] {logging_mixin.py:188} INFO - [2024-06-14T16:36:53.772-0300] {dag.py:3954} INFO - Setting next_dagrun for example_bash_decorator to None, run_after=None
[2024-06-14T16:36:53.794-0300] {processor.py:183} INFO - Processing /home/maira/projeto_indicium_engineering/venv/lib/python3.10/site-packages/airflow/example_dags/example_bash_decorator.py took 0.063 seconds
[2024-06-14T16:37:56.501-0300] {processor.py:161} INFO - Started process (PID=88515) to work on /home/maira/projeto_indicium_engineering/venv/lib/python3.10/site-packages/airflow/example_dags/example_bash_decorator.py
[2024-06-14T16:37:56.503-0300] {processor.py:830} INFO - Processing file /home/maira/projeto_indicium_engineering/venv/lib/python3.10/site-packages/airflow/example_dags/example_bash_decorator.py for tasks to queue
[2024-06-14T16:37:56.505-0300] {logging_mixin.py:188} INFO - [2024-06-14T16:37:56.505-0300] {dagbag.py:545} INFO - Filling up the DagBag from /home/maira/projeto_indicium_engineering/venv/lib/python3.10/site-packages/airflow/example_dags/example_bash_decorator.py
[2024-06-14T16:37:56.514-0300] {processor.py:840} INFO - DAG(s) 'example_bash_decorator' retrieved from /home/maira/projeto_indicium_engineering/venv/lib/python3.10/site-packages/airflow/example_dags/example_bash_decorator.py
[2024-06-14T16:37:56.528-0300] {logging_mixin.py:188} INFO - [2024-06-14T16:37:56.527-0300] {dag.py:3096} INFO - Sync 1 DAGs
[2024-06-14T16:37:56.535-0300] {logging_mixin.py:188} INFO - [2024-06-14T16:37:56.535-0300] {dag.py:3954} INFO - Setting next_dagrun for example_bash_decorator to None, run_after=None
[2024-06-14T16:37:56.558-0300] {processor.py:183} INFO - Processing /home/maira/projeto_indicium_engineering/venv/lib/python3.10/site-packages/airflow/example_dags/example_bash_decorator.py took 0.061 seconds
[2024-06-14T16:39:02.768-0300] {processor.py:161} INFO - Started process (PID=88842) to work on /home/maira/projeto_indicium_engineering/venv/lib/python3.10/site-packages/airflow/example_dags/example_bash_decorator.py
[2024-06-14T16:39:02.771-0300] {processor.py:830} INFO - Processing file /home/maira/projeto_indicium_engineering/venv/lib/python3.10/site-packages/airflow/example_dags/example_bash_decorator.py for tasks to queue
[2024-06-14T16:39:02.772-0300] {logging_mixin.py:188} INFO - [2024-06-14T16:39:02.772-0300] {dagbag.py:545} INFO - Filling up the DagBag from /home/maira/projeto_indicium_engineering/venv/lib/python3.10/site-packages/airflow/example_dags/example_bash_decorator.py
[2024-06-14T16:39:02.783-0300] {processor.py:840} INFO - DAG(s) 'example_bash_decorator' retrieved from /home/maira/projeto_indicium_engineering/venv/lib/python3.10/site-packages/airflow/example_dags/example_bash_decorator.py
[2024-06-14T16:39:02.797-0300] {logging_mixin.py:188} INFO - [2024-06-14T16:39:02.796-0300] {dag.py:3096} INFO - Sync 1 DAGs
[2024-06-14T16:39:02.804-0300] {logging_mixin.py:188} INFO - [2024-06-14T16:39:02.804-0300] {dag.py:3954} INFO - Setting next_dagrun for example_bash_decorator to None, run_after=None
[2024-06-14T16:39:02.828-0300] {processor.py:183} INFO - Processing /home/maira/projeto_indicium_engineering/venv/lib/python3.10/site-packages/airflow/example_dags/example_bash_decorator.py took 0.065 seconds
[2024-06-14T16:40:04.603-0300] {processor.py:161} INFO - Started process (PID=89147) to work on /home/maira/projeto_indicium_engineering/venv/lib/python3.10/site-packages/airflow/example_dags/example_bash_decorator.py
[2024-06-14T16:40:04.607-0300] {processor.py:830} INFO - Processing file /home/maira/projeto_indicium_engineering/venv/lib/python3.10/site-packages/airflow/example_dags/example_bash_decorator.py for tasks to queue
[2024-06-14T16:40:04.609-0300] {logging_mixin.py:188} INFO - [2024-06-14T16:40:04.608-0300] {dagbag.py:545} INFO - Filling up the DagBag from /home/maira/projeto_indicium_engineering/venv/lib/python3.10/site-packages/airflow/example_dags/example_bash_decorator.py
[2024-06-14T16:40:04.618-0300] {processor.py:840} INFO - DAG(s) 'example_bash_decorator' retrieved from /home/maira/projeto_indicium_engineering/venv/lib/python3.10/site-packages/airflow/example_dags/example_bash_decorator.py
[2024-06-14T16:40:04.631-0300] {logging_mixin.py:188} INFO - [2024-06-14T16:40:04.631-0300] {dag.py:3096} INFO - Sync 1 DAGs
[2024-06-14T16:40:04.639-0300] {logging_mixin.py:188} INFO - [2024-06-14T16:40:04.639-0300] {dag.py:3954} INFO - Setting next_dagrun for example_bash_decorator to None, run_after=None
[2024-06-14T16:40:04.661-0300] {processor.py:183} INFO - Processing /home/maira/projeto_indicium_engineering/venv/lib/python3.10/site-packages/airflow/example_dags/example_bash_decorator.py took 0.063 seconds
[2024-06-14T16:40:58.876-0300] {processor.py:161} INFO - Started process (PID=89417) to work on /home/maira/projeto_indicium_engineering/venv/lib/python3.10/site-packages/airflow/example_dags/example_bash_decorator.py
[2024-06-14T16:40:58.881-0300] {processor.py:830} INFO - Processing file /home/maira/projeto_indicium_engineering/venv/lib/python3.10/site-packages/airflow/example_dags/example_bash_decorator.py for tasks to queue
[2024-06-14T16:40:58.882-0300] {logging_mixin.py:188} INFO - [2024-06-14T16:40:58.882-0300] {dagbag.py:545} INFO - Filling up the DagBag from /home/maira/projeto_indicium_engineering/venv/lib/python3.10/site-packages/airflow/example_dags/example_bash_decorator.py
[2024-06-14T16:40:58.892-0300] {processor.py:840} INFO - DAG(s) 'example_bash_decorator' retrieved from /home/maira/projeto_indicium_engineering/venv/lib/python3.10/site-packages/airflow/example_dags/example_bash_decorator.py
[2024-06-14T16:40:58.905-0300] {logging_mixin.py:188} INFO - [2024-06-14T16:40:58.905-0300] {dag.py:3096} INFO - Sync 1 DAGs
[2024-06-14T16:40:58.913-0300] {logging_mixin.py:188} INFO - [2024-06-14T16:40:58.913-0300] {dag.py:3954} INFO - Setting next_dagrun for example_bash_decorator to None, run_after=None
[2024-06-14T16:40:58.935-0300] {processor.py:183} INFO - Processing /home/maira/projeto_indicium_engineering/venv/lib/python3.10/site-packages/airflow/example_dags/example_bash_decorator.py took 0.063 seconds
[2024-06-14T16:41:58.397-0300] {processor.py:161} INFO - Started process (PID=89712) to work on /home/maira/projeto_indicium_engineering/venv/lib/python3.10/site-packages/airflow/example_dags/example_bash_decorator.py
[2024-06-14T16:41:58.398-0300] {processor.py:830} INFO - Processing file /home/maira/projeto_indicium_engineering/venv/lib/python3.10/site-packages/airflow/example_dags/example_bash_decorator.py for tasks to queue
[2024-06-14T16:41:58.399-0300] {logging_mixin.py:188} INFO - [2024-06-14T16:41:58.399-0300] {dagbag.py:545} INFO - Filling up the DagBag from /home/maira/projeto_indicium_engineering/venv/lib/python3.10/site-packages/airflow/example_dags/example_bash_decorator.py
[2024-06-14T16:41:58.411-0300] {processor.py:840} INFO - DAG(s) 'example_bash_decorator' retrieved from /home/maira/projeto_indicium_engineering/venv/lib/python3.10/site-packages/airflow/example_dags/example_bash_decorator.py
[2024-06-14T16:41:58.424-0300] {logging_mixin.py:188} INFO - [2024-06-14T16:41:58.424-0300] {dag.py:3096} INFO - Sync 1 DAGs
[2024-06-14T16:41:58.432-0300] {logging_mixin.py:188} INFO - [2024-06-14T16:41:58.432-0300] {dag.py:3954} INFO - Setting next_dagrun for example_bash_decorator to None, run_after=None
[2024-06-14T16:41:58.456-0300] {processor.py:183} INFO - Processing /home/maira/projeto_indicium_engineering/venv/lib/python3.10/site-packages/airflow/example_dags/example_bash_decorator.py took 0.064 seconds
[2024-06-14T16:42:56.124-0300] {processor.py:161} INFO - Started process (PID=89999) to work on /home/maira/projeto_indicium_engineering/venv/lib/python3.10/site-packages/airflow/example_dags/example_bash_decorator.py
[2024-06-14T16:42:56.126-0300] {processor.py:830} INFO - Processing file /home/maira/projeto_indicium_engineering/venv/lib/python3.10/site-packages/airflow/example_dags/example_bash_decorator.py for tasks to queue
[2024-06-14T16:42:56.128-0300] {logging_mixin.py:188} INFO - [2024-06-14T16:42:56.128-0300] {dagbag.py:545} INFO - Filling up the DagBag from /home/maira/projeto_indicium_engineering/venv/lib/python3.10/site-packages/airflow/example_dags/example_bash_decorator.py
[2024-06-14T16:42:56.138-0300] {processor.py:840} INFO - DAG(s) 'example_bash_decorator' retrieved from /home/maira/projeto_indicium_engineering/venv/lib/python3.10/site-packages/airflow/example_dags/example_bash_decorator.py
[2024-06-14T16:42:56.151-0300] {logging_mixin.py:188} INFO - [2024-06-14T16:42:56.151-0300] {dag.py:3096} INFO - Sync 1 DAGs
[2024-06-14T16:42:56.159-0300] {logging_mixin.py:188} INFO - [2024-06-14T16:42:56.159-0300] {dag.py:3954} INFO - Setting next_dagrun for example_bash_decorator to None, run_after=None
[2024-06-14T16:42:56.183-0300] {processor.py:183} INFO - Processing /home/maira/projeto_indicium_engineering/venv/lib/python3.10/site-packages/airflow/example_dags/example_bash_decorator.py took 0.064 seconds
[2024-06-14T16:43:56.645-0300] {processor.py:161} INFO - Started process (PID=90299) to work on /home/maira/projeto_indicium_engineering/venv/lib/python3.10/site-packages/airflow/example_dags/example_bash_decorator.py
[2024-06-14T16:43:56.646-0300] {processor.py:830} INFO - Processing file /home/maira/projeto_indicium_engineering/venv/lib/python3.10/site-packages/airflow/example_dags/example_bash_decorator.py for tasks to queue
[2024-06-14T16:43:56.647-0300] {logging_mixin.py:188} INFO - [2024-06-14T16:43:56.647-0300] {dagbag.py:545} INFO - Filling up the DagBag from /home/maira/projeto_indicium_engineering/venv/lib/python3.10/site-packages/airflow/example_dags/example_bash_decorator.py
[2024-06-14T16:43:56.658-0300] {processor.py:840} INFO - DAG(s) 'example_bash_decorator' retrieved from /home/maira/projeto_indicium_engineering/venv/lib/python3.10/site-packages/airflow/example_dags/example_bash_decorator.py
[2024-06-14T16:43:56.672-0300] {logging_mixin.py:188} INFO - [2024-06-14T16:43:56.672-0300] {dag.py:3096} INFO - Sync 1 DAGs
[2024-06-14T16:43:56.680-0300] {logging_mixin.py:188} INFO - [2024-06-14T16:43:56.679-0300] {dag.py:3954} INFO - Setting next_dagrun for example_bash_decorator to None, run_after=None
[2024-06-14T16:43:56.703-0300] {processor.py:183} INFO - Processing /home/maira/projeto_indicium_engineering/venv/lib/python3.10/site-packages/airflow/example_dags/example_bash_decorator.py took 0.063 seconds
[2024-06-14T16:44:56.271-0300] {processor.py:161} INFO - Started process (PID=90595) to work on /home/maira/projeto_indicium_engineering/venv/lib/python3.10/site-packages/airflow/example_dags/example_bash_decorator.py
[2024-06-14T16:44:56.273-0300] {processor.py:830} INFO - Processing file /home/maira/projeto_indicium_engineering/venv/lib/python3.10/site-packages/airflow/example_dags/example_bash_decorator.py for tasks to queue
[2024-06-14T16:44:56.275-0300] {logging_mixin.py:188} INFO - [2024-06-14T16:44:56.274-0300] {dagbag.py:545} INFO - Filling up the DagBag from /home/maira/projeto_indicium_engineering/venv/lib/python3.10/site-packages/airflow/example_dags/example_bash_decorator.py
[2024-06-14T16:44:56.284-0300] {processor.py:840} INFO - DAG(s) 'example_bash_decorator' retrieved from /home/maira/projeto_indicium_engineering/venv/lib/python3.10/site-packages/airflow/example_dags/example_bash_decorator.py
[2024-06-14T16:44:56.298-0300] {logging_mixin.py:188} INFO - [2024-06-14T16:44:56.297-0300] {dag.py:3096} INFO - Sync 1 DAGs
[2024-06-14T16:44:56.306-0300] {logging_mixin.py:188} INFO - [2024-06-14T16:44:56.306-0300] {dag.py:3954} INFO - Setting next_dagrun for example_bash_decorator to None, run_after=None
[2024-06-14T16:44:56.328-0300] {processor.py:183} INFO - Processing /home/maira/projeto_indicium_engineering/venv/lib/python3.10/site-packages/airflow/example_dags/example_bash_decorator.py took 0.062 seconds
[2024-06-14T16:45:55.968-0300] {processor.py:161} INFO - Started process (PID=90893) to work on /home/maira/projeto_indicium_engineering/venv/lib/python3.10/site-packages/airflow/example_dags/example_bash_decorator.py
[2024-06-14T16:45:55.970-0300] {processor.py:830} INFO - Processing file /home/maira/projeto_indicium_engineering/venv/lib/python3.10/site-packages/airflow/example_dags/example_bash_decorator.py for tasks to queue
[2024-06-14T16:45:55.971-0300] {logging_mixin.py:188} INFO - [2024-06-14T16:45:55.971-0300] {dagbag.py:545} INFO - Filling up the DagBag from /home/maira/projeto_indicium_engineering/venv/lib/python3.10/site-packages/airflow/example_dags/example_bash_decorator.py
[2024-06-14T16:45:55.981-0300] {processor.py:840} INFO - DAG(s) 'example_bash_decorator' retrieved from /home/maira/projeto_indicium_engineering/venv/lib/python3.10/site-packages/airflow/example_dags/example_bash_decorator.py
[2024-06-14T16:45:55.994-0300] {logging_mixin.py:188} INFO - [2024-06-14T16:45:55.994-0300] {dag.py:3096} INFO - Sync 1 DAGs
[2024-06-14T16:45:56.002-0300] {logging_mixin.py:188} INFO - [2024-06-14T16:45:56.002-0300] {dag.py:3954} INFO - Setting next_dagrun for example_bash_decorator to None, run_after=None
[2024-06-14T16:45:56.023-0300] {processor.py:183} INFO - Processing /home/maira/projeto_indicium_engineering/venv/lib/python3.10/site-packages/airflow/example_dags/example_bash_decorator.py took 0.060 seconds
[2024-06-14T16:46:56.741-0300] {processor.py:161} INFO - Started process (PID=91193) to work on /home/maira/projeto_indicium_engineering/venv/lib/python3.10/site-packages/airflow/example_dags/example_bash_decorator.py
[2024-06-14T16:46:56.746-0300] {processor.py:830} INFO - Processing file /home/maira/projeto_indicium_engineering/venv/lib/python3.10/site-packages/airflow/example_dags/example_bash_decorator.py for tasks to queue
[2024-06-14T16:46:56.748-0300] {logging_mixin.py:188} INFO - [2024-06-14T16:46:56.748-0300] {dagbag.py:545} INFO - Filling up the DagBag from /home/maira/projeto_indicium_engineering/venv/lib/python3.10/site-packages/airflow/example_dags/example_bash_decorator.py
[2024-06-14T16:46:56.758-0300] {processor.py:840} INFO - DAG(s) 'example_bash_decorator' retrieved from /home/maira/projeto_indicium_engineering/venv/lib/python3.10/site-packages/airflow/example_dags/example_bash_decorator.py
[2024-06-14T16:46:56.771-0300] {logging_mixin.py:188} INFO - [2024-06-14T16:46:56.771-0300] {dag.py:3096} INFO - Sync 1 DAGs
[2024-06-14T16:46:56.779-0300] {logging_mixin.py:188} INFO - [2024-06-14T16:46:56.779-0300] {dag.py:3954} INFO - Setting next_dagrun for example_bash_decorator to None, run_after=None
[2024-06-14T16:46:56.801-0300] {processor.py:183} INFO - Processing /home/maira/projeto_indicium_engineering/venv/lib/python3.10/site-packages/airflow/example_dags/example_bash_decorator.py took 0.065 seconds
[2024-06-14T16:47:54.542-0300] {processor.py:161} INFO - Started process (PID=91480) to work on /home/maira/projeto_indicium_engineering/venv/lib/python3.10/site-packages/airflow/example_dags/example_bash_decorator.py
[2024-06-14T16:47:54.543-0300] {processor.py:830} INFO - Processing file /home/maira/projeto_indicium_engineering/venv/lib/python3.10/site-packages/airflow/example_dags/example_bash_decorator.py for tasks to queue
[2024-06-14T16:47:54.545-0300] {logging_mixin.py:188} INFO - [2024-06-14T16:47:54.544-0300] {dagbag.py:545} INFO - Filling up the DagBag from /home/maira/projeto_indicium_engineering/venv/lib/python3.10/site-packages/airflow/example_dags/example_bash_decorator.py
[2024-06-14T16:47:54.555-0300] {processor.py:840} INFO - DAG(s) 'example_bash_decorator' retrieved from /home/maira/projeto_indicium_engineering/venv/lib/python3.10/site-packages/airflow/example_dags/example_bash_decorator.py
[2024-06-14T16:47:54.569-0300] {logging_mixin.py:188} INFO - [2024-06-14T16:47:54.569-0300] {dag.py:3096} INFO - Sync 1 DAGs
[2024-06-14T16:47:54.578-0300] {logging_mixin.py:188} INFO - [2024-06-14T16:47:54.578-0300] {dag.py:3954} INFO - Setting next_dagrun for example_bash_decorator to None, run_after=None
[2024-06-14T16:47:54.599-0300] {processor.py:183} INFO - Processing /home/maira/projeto_indicium_engineering/venv/lib/python3.10/site-packages/airflow/example_dags/example_bash_decorator.py took 0.062 seconds
[2024-06-14T16:48:52.451-0300] {processor.py:161} INFO - Started process (PID=91769) to work on /home/maira/projeto_indicium_engineering/venv/lib/python3.10/site-packages/airflow/example_dags/example_bash_decorator.py
[2024-06-14T16:48:52.453-0300] {processor.py:830} INFO - Processing file /home/maira/projeto_indicium_engineering/venv/lib/python3.10/site-packages/airflow/example_dags/example_bash_decorator.py for tasks to queue
[2024-06-14T16:48:52.454-0300] {logging_mixin.py:188} INFO - [2024-06-14T16:48:52.454-0300] {dagbag.py:545} INFO - Filling up the DagBag from /home/maira/projeto_indicium_engineering/venv/lib/python3.10/site-packages/airflow/example_dags/example_bash_decorator.py
[2024-06-14T16:48:52.465-0300] {processor.py:840} INFO - DAG(s) 'example_bash_decorator' retrieved from /home/maira/projeto_indicium_engineering/venv/lib/python3.10/site-packages/airflow/example_dags/example_bash_decorator.py
[2024-06-14T16:48:52.478-0300] {logging_mixin.py:188} INFO - [2024-06-14T16:48:52.478-0300] {dag.py:3096} INFO - Sync 1 DAGs
[2024-06-14T16:48:52.487-0300] {logging_mixin.py:188} INFO - [2024-06-14T16:48:52.486-0300] {dag.py:3954} INFO - Setting next_dagrun for example_bash_decorator to None, run_after=None
[2024-06-14T16:48:52.511-0300] {processor.py:183} INFO - Processing /home/maira/projeto_indicium_engineering/venv/lib/python3.10/site-packages/airflow/example_dags/example_bash_decorator.py took 0.064 seconds
[2024-06-14T16:49:51.338-0300] {processor.py:161} INFO - Started process (PID=92059) to work on /home/maira/projeto_indicium_engineering/venv/lib/python3.10/site-packages/airflow/example_dags/example_bash_decorator.py
[2024-06-14T16:49:51.340-0300] {processor.py:830} INFO - Processing file /home/maira/projeto_indicium_engineering/venv/lib/python3.10/site-packages/airflow/example_dags/example_bash_decorator.py for tasks to queue
[2024-06-14T16:49:51.341-0300] {logging_mixin.py:188} INFO - [2024-06-14T16:49:51.341-0300] {dagbag.py:545} INFO - Filling up the DagBag from /home/maira/projeto_indicium_engineering/venv/lib/python3.10/site-packages/airflow/example_dags/example_bash_decorator.py
[2024-06-14T16:49:51.356-0300] {processor.py:840} INFO - DAG(s) 'example_bash_decorator' retrieved from /home/maira/projeto_indicium_engineering/venv/lib/python3.10/site-packages/airflow/example_dags/example_bash_decorator.py
[2024-06-14T16:49:51.372-0300] {logging_mixin.py:188} INFO - [2024-06-14T16:49:51.371-0300] {dag.py:3096} INFO - Sync 1 DAGs
[2024-06-14T16:49:51.383-0300] {logging_mixin.py:188} INFO - [2024-06-14T16:49:51.382-0300] {dag.py:3954} INFO - Setting next_dagrun for example_bash_decorator to None, run_after=None
[2024-06-14T16:49:51.408-0300] {processor.py:183} INFO - Processing /home/maira/projeto_indicium_engineering/venv/lib/python3.10/site-packages/airflow/example_dags/example_bash_decorator.py took 0.076 seconds
[2024-06-14T16:50:56.580-0300] {processor.py:161} INFO - Started process (PID=92380) to work on /home/maira/projeto_indicium_engineering/venv/lib/python3.10/site-packages/airflow/example_dags/example_bash_decorator.py
[2024-06-14T16:50:56.585-0300] {processor.py:830} INFO - Processing file /home/maira/projeto_indicium_engineering/venv/lib/python3.10/site-packages/airflow/example_dags/example_bash_decorator.py for tasks to queue
[2024-06-14T16:50:56.587-0300] {logging_mixin.py:188} INFO - [2024-06-14T16:50:56.587-0300] {dagbag.py:545} INFO - Filling up the DagBag from /home/maira/projeto_indicium_engineering/venv/lib/python3.10/site-packages/airflow/example_dags/example_bash_decorator.py
[2024-06-14T16:50:56.597-0300] {processor.py:840} INFO - DAG(s) 'example_bash_decorator' retrieved from /home/maira/projeto_indicium_engineering/venv/lib/python3.10/site-packages/airflow/example_dags/example_bash_decorator.py
[2024-06-14T16:50:56.610-0300] {logging_mixin.py:188} INFO - [2024-06-14T16:50:56.610-0300] {dag.py:3096} INFO - Sync 1 DAGs
[2024-06-14T16:50:56.618-0300] {logging_mixin.py:188} INFO - [2024-06-14T16:50:56.618-0300] {dag.py:3954} INFO - Setting next_dagrun for example_bash_decorator to None, run_after=None
[2024-06-14T16:50:56.643-0300] {processor.py:183} INFO - Processing /home/maira/projeto_indicium_engineering/venv/lib/python3.10/site-packages/airflow/example_dags/example_bash_decorator.py took 0.069 seconds
[2024-06-14T16:52:00.833-0300] {processor.py:161} INFO - Started process (PID=92697) to work on /home/maira/projeto_indicium_engineering/venv/lib/python3.10/site-packages/airflow/example_dags/example_bash_decorator.py
[2024-06-14T16:52:00.835-0300] {processor.py:830} INFO - Processing file /home/maira/projeto_indicium_engineering/venv/lib/python3.10/site-packages/airflow/example_dags/example_bash_decorator.py for tasks to queue
[2024-06-14T16:52:00.836-0300] {logging_mixin.py:188} INFO - [2024-06-14T16:52:00.836-0300] {dagbag.py:545} INFO - Filling up the DagBag from /home/maira/projeto_indicium_engineering/venv/lib/python3.10/site-packages/airflow/example_dags/example_bash_decorator.py
[2024-06-14T16:52:00.848-0300] {processor.py:840} INFO - DAG(s) 'example_bash_decorator' retrieved from /home/maira/projeto_indicium_engineering/venv/lib/python3.10/site-packages/airflow/example_dags/example_bash_decorator.py
[2024-06-14T16:52:00.861-0300] {logging_mixin.py:188} INFO - [2024-06-14T16:52:00.861-0300] {dag.py:3096} INFO - Sync 1 DAGs
[2024-06-14T16:52:00.869-0300] {logging_mixin.py:188} INFO - [2024-06-14T16:52:00.869-0300] {dag.py:3954} INFO - Setting next_dagrun for example_bash_decorator to None, run_after=None
[2024-06-14T16:52:00.892-0300] {processor.py:183} INFO - Processing /home/maira/projeto_indicium_engineering/venv/lib/python3.10/site-packages/airflow/example_dags/example_bash_decorator.py took 0.064 seconds
[2024-06-14T16:53:01.591-0300] {processor.py:161} INFO - Started process (PID=92998) to work on /home/maira/projeto_indicium_engineering/venv/lib/python3.10/site-packages/airflow/example_dags/example_bash_decorator.py
[2024-06-14T16:53:01.593-0300] {processor.py:830} INFO - Processing file /home/maira/projeto_indicium_engineering/venv/lib/python3.10/site-packages/airflow/example_dags/example_bash_decorator.py for tasks to queue
[2024-06-14T16:53:01.594-0300] {logging_mixin.py:188} INFO - [2024-06-14T16:53:01.593-0300] {dagbag.py:545} INFO - Filling up the DagBag from /home/maira/projeto_indicium_engineering/venv/lib/python3.10/site-packages/airflow/example_dags/example_bash_decorator.py
[2024-06-14T16:53:01.605-0300] {processor.py:840} INFO - DAG(s) 'example_bash_decorator' retrieved from /home/maira/projeto_indicium_engineering/venv/lib/python3.10/site-packages/airflow/example_dags/example_bash_decorator.py
[2024-06-14T16:53:01.618-0300] {logging_mixin.py:188} INFO - [2024-06-14T16:53:01.618-0300] {dag.py:3096} INFO - Sync 1 DAGs
[2024-06-14T16:53:01.626-0300] {logging_mixin.py:188} INFO - [2024-06-14T16:53:01.626-0300] {dag.py:3954} INFO - Setting next_dagrun for example_bash_decorator to None, run_after=None
[2024-06-14T16:53:01.650-0300] {processor.py:183} INFO - Processing /home/maira/projeto_indicium_engineering/venv/lib/python3.10/site-packages/airflow/example_dags/example_bash_decorator.py took 0.064 seconds
[2024-06-14T16:54:03.491-0300] {processor.py:161} INFO - Started process (PID=93304) to work on /home/maira/projeto_indicium_engineering/venv/lib/python3.10/site-packages/airflow/example_dags/example_bash_decorator.py
[2024-06-14T16:54:03.492-0300] {processor.py:830} INFO - Processing file /home/maira/projeto_indicium_engineering/venv/lib/python3.10/site-packages/airflow/example_dags/example_bash_decorator.py for tasks to queue
[2024-06-14T16:54:03.494-0300] {logging_mixin.py:188} INFO - [2024-06-14T16:54:03.494-0300] {dagbag.py:545} INFO - Filling up the DagBag from /home/maira/projeto_indicium_engineering/venv/lib/python3.10/site-packages/airflow/example_dags/example_bash_decorator.py
[2024-06-14T16:54:03.509-0300] {processor.py:840} INFO - DAG(s) 'example_bash_decorator' retrieved from /home/maira/projeto_indicium_engineering/venv/lib/python3.10/site-packages/airflow/example_dags/example_bash_decorator.py
[2024-06-14T16:54:03.529-0300] {logging_mixin.py:188} INFO - [2024-06-14T16:54:03.529-0300] {dag.py:3096} INFO - Sync 1 DAGs
[2024-06-14T16:54:03.540-0300] {logging_mixin.py:188} INFO - [2024-06-14T16:54:03.540-0300] {dag.py:3954} INFO - Setting next_dagrun for example_bash_decorator to None, run_after=None
[2024-06-14T16:54:03.569-0300] {processor.py:183} INFO - Processing /home/maira/projeto_indicium_engineering/venv/lib/python3.10/site-packages/airflow/example_dags/example_bash_decorator.py took 0.083 seconds
[2024-06-14T16:55:09.170-0300] {processor.py:161} INFO - Started process (PID=93631) to work on /home/maira/projeto_indicium_engineering/venv/lib/python3.10/site-packages/airflow/example_dags/example_bash_decorator.py
[2024-06-14T16:55:09.171-0300] {processor.py:830} INFO - Processing file /home/maira/projeto_indicium_engineering/venv/lib/python3.10/site-packages/airflow/example_dags/example_bash_decorator.py for tasks to queue
[2024-06-14T16:55:09.173-0300] {logging_mixin.py:188} INFO - [2024-06-14T16:55:09.172-0300] {dagbag.py:545} INFO - Filling up the DagBag from /home/maira/projeto_indicium_engineering/venv/lib/python3.10/site-packages/airflow/example_dags/example_bash_decorator.py
[2024-06-14T16:55:09.186-0300] {processor.py:840} INFO - DAG(s) 'example_bash_decorator' retrieved from /home/maira/projeto_indicium_engineering/venv/lib/python3.10/site-packages/airflow/example_dags/example_bash_decorator.py
[2024-06-14T16:55:09.203-0300] {logging_mixin.py:188} INFO - [2024-06-14T16:55:09.203-0300] {dag.py:3096} INFO - Sync 1 DAGs
[2024-06-14T16:55:09.214-0300] {logging_mixin.py:188} INFO - [2024-06-14T16:55:09.214-0300] {dag.py:3954} INFO - Setting next_dagrun for example_bash_decorator to None, run_after=None
[2024-06-14T16:55:09.238-0300] {processor.py:183} INFO - Processing /home/maira/projeto_indicium_engineering/venv/lib/python3.10/site-packages/airflow/example_dags/example_bash_decorator.py took 0.074 seconds
[2024-06-14T17:20:48.839-0300] {processor.py:161} INFO - Started process (PID=93921) to work on /home/maira/projeto_indicium_engineering/venv/lib/python3.10/site-packages/airflow/example_dags/example_bash_decorator.py
[2024-06-14T17:20:48.840-0300] {processor.py:830} INFO - Processing file /home/maira/projeto_indicium_engineering/venv/lib/python3.10/site-packages/airflow/example_dags/example_bash_decorator.py for tasks to queue
[2024-06-14T17:20:48.842-0300] {logging_mixin.py:188} INFO - [2024-06-14T17:20:48.841-0300] {dagbag.py:545} INFO - Filling up the DagBag from /home/maira/projeto_indicium_engineering/venv/lib/python3.10/site-packages/airflow/example_dags/example_bash_decorator.py
[2024-06-14T17:20:48.855-0300] {processor.py:840} INFO - DAG(s) 'example_bash_decorator' retrieved from /home/maira/projeto_indicium_engineering/venv/lib/python3.10/site-packages/airflow/example_dags/example_bash_decorator.py
[2024-06-14T17:20:48.873-0300] {logging_mixin.py:188} INFO - [2024-06-14T17:20:48.873-0300] {dag.py:3096} INFO - Sync 1 DAGs
[2024-06-14T17:20:48.884-0300] {logging_mixin.py:188} INFO - [2024-06-14T17:20:48.884-0300] {dag.py:3954} INFO - Setting next_dagrun for example_bash_decorator to None, run_after=None
[2024-06-14T17:20:48.909-0300] {processor.py:183} INFO - Processing /home/maira/projeto_indicium_engineering/venv/lib/python3.10/site-packages/airflow/example_dags/example_bash_decorator.py took 0.076 seconds
[2024-06-14T17:21:47.369-0300] {processor.py:161} INFO - Started process (PID=94213) to work on /home/maira/projeto_indicium_engineering/venv/lib/python3.10/site-packages/airflow/example_dags/example_bash_decorator.py
[2024-06-14T17:21:47.371-0300] {processor.py:830} INFO - Processing file /home/maira/projeto_indicium_engineering/venv/lib/python3.10/site-packages/airflow/example_dags/example_bash_decorator.py for tasks to queue
[2024-06-14T17:21:47.372-0300] {logging_mixin.py:188} INFO - [2024-06-14T17:21:47.372-0300] {dagbag.py:545} INFO - Filling up the DagBag from /home/maira/projeto_indicium_engineering/venv/lib/python3.10/site-packages/airflow/example_dags/example_bash_decorator.py
[2024-06-14T17:21:47.385-0300] {processor.py:840} INFO - DAG(s) 'example_bash_decorator' retrieved from /home/maira/projeto_indicium_engineering/venv/lib/python3.10/site-packages/airflow/example_dags/example_bash_decorator.py
[2024-06-14T17:21:47.400-0300] {logging_mixin.py:188} INFO - [2024-06-14T17:21:47.400-0300] {dag.py:3096} INFO - Sync 1 DAGs
[2024-06-14T17:21:47.408-0300] {logging_mixin.py:188} INFO - [2024-06-14T17:21:47.408-0300] {dag.py:3954} INFO - Setting next_dagrun for example_bash_decorator to None, run_after=None
[2024-06-14T17:21:47.430-0300] {processor.py:183} INFO - Processing /home/maira/projeto_indicium_engineering/venv/lib/python3.10/site-packages/airflow/example_dags/example_bash_decorator.py took 0.066 seconds
[2024-06-14T17:22:49.268-0300] {processor.py:161} INFO - Started process (PID=94519) to work on /home/maira/projeto_indicium_engineering/venv/lib/python3.10/site-packages/airflow/example_dags/example_bash_decorator.py
[2024-06-14T17:22:49.272-0300] {processor.py:830} INFO - Processing file /home/maira/projeto_indicium_engineering/venv/lib/python3.10/site-packages/airflow/example_dags/example_bash_decorator.py for tasks to queue
[2024-06-14T17:22:49.274-0300] {logging_mixin.py:188} INFO - [2024-06-14T17:22:49.274-0300] {dagbag.py:545} INFO - Filling up the DagBag from /home/maira/projeto_indicium_engineering/venv/lib/python3.10/site-packages/airflow/example_dags/example_bash_decorator.py
[2024-06-14T17:22:49.284-0300] {processor.py:840} INFO - DAG(s) 'example_bash_decorator' retrieved from /home/maira/projeto_indicium_engineering/venv/lib/python3.10/site-packages/airflow/example_dags/example_bash_decorator.py
[2024-06-14T17:22:49.297-0300] {logging_mixin.py:188} INFO - [2024-06-14T17:22:49.297-0300] {dag.py:3096} INFO - Sync 1 DAGs
[2024-06-14T17:22:49.305-0300] {logging_mixin.py:188} INFO - [2024-06-14T17:22:49.305-0300] {dag.py:3954} INFO - Setting next_dagrun for example_bash_decorator to None, run_after=None
[2024-06-14T17:22:49.325-0300] {processor.py:183} INFO - Processing /home/maira/projeto_indicium_engineering/venv/lib/python3.10/site-packages/airflow/example_dags/example_bash_decorator.py took 0.062 seconds
[2024-06-14T17:23:50.189-0300] {processor.py:161} INFO - Started process (PID=94820) to work on /home/maira/projeto_indicium_engineering/venv/lib/python3.10/site-packages/airflow/example_dags/example_bash_decorator.py
[2024-06-14T17:23:50.191-0300] {processor.py:830} INFO - Processing file /home/maira/projeto_indicium_engineering/venv/lib/python3.10/site-packages/airflow/example_dags/example_bash_decorator.py for tasks to queue
[2024-06-14T17:23:50.192-0300] {logging_mixin.py:188} INFO - [2024-06-14T17:23:50.192-0300] {dagbag.py:545} INFO - Filling up the DagBag from /home/maira/projeto_indicium_engineering/venv/lib/python3.10/site-packages/airflow/example_dags/example_bash_decorator.py
[2024-06-14T17:23:50.203-0300] {processor.py:840} INFO - DAG(s) 'example_bash_decorator' retrieved from /home/maira/projeto_indicium_engineering/venv/lib/python3.10/site-packages/airflow/example_dags/example_bash_decorator.py
[2024-06-14T17:23:50.217-0300] {logging_mixin.py:188} INFO - [2024-06-14T17:23:50.217-0300] {dag.py:3096} INFO - Sync 1 DAGs
[2024-06-14T17:23:50.225-0300] {logging_mixin.py:188} INFO - [2024-06-14T17:23:50.224-0300] {dag.py:3954} INFO - Setting next_dagrun for example_bash_decorator to None, run_after=None
[2024-06-14T17:23:50.248-0300] {processor.py:183} INFO - Processing /home/maira/projeto_indicium_engineering/venv/lib/python3.10/site-packages/airflow/example_dags/example_bash_decorator.py took 0.064 seconds
[2024-06-14T17:24:57.580-0300] {processor.py:161} INFO - Started process (PID=95148) to work on /home/maira/projeto_indicium_engineering/venv/lib/python3.10/site-packages/airflow/example_dags/example_bash_decorator.py
[2024-06-14T17:24:57.582-0300] {processor.py:830} INFO - Processing file /home/maira/projeto_indicium_engineering/venv/lib/python3.10/site-packages/airflow/example_dags/example_bash_decorator.py for tasks to queue
[2024-06-14T17:24:57.583-0300] {logging_mixin.py:188} INFO - [2024-06-14T17:24:57.583-0300] {dagbag.py:545} INFO - Filling up the DagBag from /home/maira/projeto_indicium_engineering/venv/lib/python3.10/site-packages/airflow/example_dags/example_bash_decorator.py
[2024-06-14T17:24:57.593-0300] {processor.py:840} INFO - DAG(s) 'example_bash_decorator' retrieved from /home/maira/projeto_indicium_engineering/venv/lib/python3.10/site-packages/airflow/example_dags/example_bash_decorator.py
[2024-06-14T17:24:57.606-0300] {logging_mixin.py:188} INFO - [2024-06-14T17:24:57.605-0300] {dag.py:3096} INFO - Sync 1 DAGs
[2024-06-14T17:24:57.613-0300] {logging_mixin.py:188} INFO - [2024-06-14T17:24:57.613-0300] {dag.py:3954} INFO - Setting next_dagrun for example_bash_decorator to None, run_after=None
[2024-06-14T17:24:57.635-0300] {processor.py:183} INFO - Processing /home/maira/projeto_indicium_engineering/venv/lib/python3.10/site-packages/airflow/example_dags/example_bash_decorator.py took 0.060 seconds
[2024-06-14T17:25:48.575-0300] {processor.py:161} INFO - Started process (PID=95402) to work on /home/maira/projeto_indicium_engineering/venv/lib/python3.10/site-packages/airflow/example_dags/example_bash_decorator.py
[2024-06-14T17:25:48.577-0300] {processor.py:830} INFO - Processing file /home/maira/projeto_indicium_engineering/venv/lib/python3.10/site-packages/airflow/example_dags/example_bash_decorator.py for tasks to queue
[2024-06-14T17:25:48.579-0300] {logging_mixin.py:188} INFO - [2024-06-14T17:25:48.579-0300] {dagbag.py:545} INFO - Filling up the DagBag from /home/maira/projeto_indicium_engineering/venv/lib/python3.10/site-packages/airflow/example_dags/example_bash_decorator.py
[2024-06-14T17:25:48.589-0300] {processor.py:840} INFO - DAG(s) 'example_bash_decorator' retrieved from /home/maira/projeto_indicium_engineering/venv/lib/python3.10/site-packages/airflow/example_dags/example_bash_decorator.py
[2024-06-14T17:25:48.602-0300] {logging_mixin.py:188} INFO - [2024-06-14T17:25:48.601-0300] {dag.py:3096} INFO - Sync 1 DAGs
[2024-06-14T17:25:48.609-0300] {logging_mixin.py:188} INFO - [2024-06-14T17:25:48.609-0300] {dag.py:3954} INFO - Setting next_dagrun for example_bash_decorator to None, run_after=None
[2024-06-14T17:25:48.633-0300] {processor.py:183} INFO - Processing /home/maira/projeto_indicium_engineering/venv/lib/python3.10/site-packages/airflow/example_dags/example_bash_decorator.py took 0.062 seconds
[2024-06-14T17:26:42.416-0300] {processor.py:161} INFO - Started process (PID=95671) to work on /home/maira/projeto_indicium_engineering/venv/lib/python3.10/site-packages/airflow/example_dags/example_bash_decorator.py
[2024-06-14T17:26:42.421-0300] {processor.py:830} INFO - Processing file /home/maira/projeto_indicium_engineering/venv/lib/python3.10/site-packages/airflow/example_dags/example_bash_decorator.py for tasks to queue
[2024-06-14T17:26:42.422-0300] {logging_mixin.py:188} INFO - [2024-06-14T17:26:42.422-0300] {dagbag.py:545} INFO - Filling up the DagBag from /home/maira/projeto_indicium_engineering/venv/lib/python3.10/site-packages/airflow/example_dags/example_bash_decorator.py
[2024-06-14T17:26:42.432-0300] {processor.py:840} INFO - DAG(s) 'example_bash_decorator' retrieved from /home/maira/projeto_indicium_engineering/venv/lib/python3.10/site-packages/airflow/example_dags/example_bash_decorator.py
[2024-06-14T17:26:42.445-0300] {logging_mixin.py:188} INFO - [2024-06-14T17:26:42.445-0300] {dag.py:3096} INFO - Sync 1 DAGs
[2024-06-14T17:26:42.454-0300] {logging_mixin.py:188} INFO - [2024-06-14T17:26:42.454-0300] {dag.py:3954} INFO - Setting next_dagrun for example_bash_decorator to None, run_after=None
[2024-06-14T17:26:42.475-0300] {processor.py:183} INFO - Processing /home/maira/projeto_indicium_engineering/venv/lib/python3.10/site-packages/airflow/example_dags/example_bash_decorator.py took 0.065 seconds
[2024-06-14T17:27:44.049-0300] {processor.py:161} INFO - Started process (PID=95975) to work on /home/maira/projeto_indicium_engineering/venv/lib/python3.10/site-packages/airflow/example_dags/example_bash_decorator.py
[2024-06-14T17:27:44.050-0300] {processor.py:830} INFO - Processing file /home/maira/projeto_indicium_engineering/venv/lib/python3.10/site-packages/airflow/example_dags/example_bash_decorator.py for tasks to queue
[2024-06-14T17:27:44.052-0300] {logging_mixin.py:188} INFO - [2024-06-14T17:27:44.051-0300] {dagbag.py:545} INFO - Filling up the DagBag from /home/maira/projeto_indicium_engineering/venv/lib/python3.10/site-packages/airflow/example_dags/example_bash_decorator.py
[2024-06-14T17:27:44.067-0300] {processor.py:840} INFO - DAG(s) 'example_bash_decorator' retrieved from /home/maira/projeto_indicium_engineering/venv/lib/python3.10/site-packages/airflow/example_dags/example_bash_decorator.py
[2024-06-14T17:27:44.081-0300] {logging_mixin.py:188} INFO - [2024-06-14T17:27:44.081-0300] {dag.py:3096} INFO - Sync 1 DAGs
[2024-06-14T17:27:44.089-0300] {logging_mixin.py:188} INFO - [2024-06-14T17:27:44.089-0300] {dag.py:3954} INFO - Setting next_dagrun for example_bash_decorator to None, run_after=None
[2024-06-14T17:27:44.114-0300] {processor.py:183} INFO - Processing /home/maira/projeto_indicium_engineering/venv/lib/python3.10/site-packages/airflow/example_dags/example_bash_decorator.py took 0.072 seconds
[2024-06-14T17:28:41.977-0300] {processor.py:161} INFO - Started process (PID=96263) to work on /home/maira/projeto_indicium_engineering/venv/lib/python3.10/site-packages/airflow/example_dags/example_bash_decorator.py
[2024-06-14T17:28:41.980-0300] {processor.py:830} INFO - Processing file /home/maira/projeto_indicium_engineering/venv/lib/python3.10/site-packages/airflow/example_dags/example_bash_decorator.py for tasks to queue
[2024-06-14T17:28:41.981-0300] {logging_mixin.py:188} INFO - [2024-06-14T17:28:41.981-0300] {dagbag.py:545} INFO - Filling up the DagBag from /home/maira/projeto_indicium_engineering/venv/lib/python3.10/site-packages/airflow/example_dags/example_bash_decorator.py
[2024-06-14T17:28:41.991-0300] {processor.py:840} INFO - DAG(s) 'example_bash_decorator' retrieved from /home/maira/projeto_indicium_engineering/venv/lib/python3.10/site-packages/airflow/example_dags/example_bash_decorator.py
[2024-06-14T17:28:42.004-0300] {logging_mixin.py:188} INFO - [2024-06-14T17:28:42.004-0300] {dag.py:3096} INFO - Sync 1 DAGs
[2024-06-14T17:28:42.012-0300] {logging_mixin.py:188} INFO - [2024-06-14T17:28:42.012-0300] {dag.py:3954} INFO - Setting next_dagrun for example_bash_decorator to None, run_after=None
[2024-06-14T17:28:42.033-0300] {processor.py:183} INFO - Processing /home/maira/projeto_indicium_engineering/venv/lib/python3.10/site-packages/airflow/example_dags/example_bash_decorator.py took 0.061 seconds
[2024-06-14T17:29:37.351-0300] {processor.py:161} INFO - Started process (PID=96538) to work on /home/maira/projeto_indicium_engineering/venv/lib/python3.10/site-packages/airflow/example_dags/example_bash_decorator.py
[2024-06-14T17:29:37.352-0300] {processor.py:830} INFO - Processing file /home/maira/projeto_indicium_engineering/venv/lib/python3.10/site-packages/airflow/example_dags/example_bash_decorator.py for tasks to queue
[2024-06-14T17:29:37.354-0300] {logging_mixin.py:188} INFO - [2024-06-14T17:29:37.354-0300] {dagbag.py:545} INFO - Filling up the DagBag from /home/maira/projeto_indicium_engineering/venv/lib/python3.10/site-packages/airflow/example_dags/example_bash_decorator.py
[2024-06-14T17:29:37.365-0300] {processor.py:840} INFO - DAG(s) 'example_bash_decorator' retrieved from /home/maira/projeto_indicium_engineering/venv/lib/python3.10/site-packages/airflow/example_dags/example_bash_decorator.py
[2024-06-14T17:29:37.378-0300] {logging_mixin.py:188} INFO - [2024-06-14T17:29:37.378-0300] {dag.py:3096} INFO - Sync 1 DAGs
[2024-06-14T17:29:37.386-0300] {logging_mixin.py:188} INFO - [2024-06-14T17:29:37.386-0300] {dag.py:3954} INFO - Setting next_dagrun for example_bash_decorator to None, run_after=None
[2024-06-14T17:29:37.408-0300] {processor.py:183} INFO - Processing /home/maira/projeto_indicium_engineering/venv/lib/python3.10/site-packages/airflow/example_dags/example_bash_decorator.py took 0.062 seconds
[2024-06-14T17:30:39.036-0300] {processor.py:161} INFO - Started process (PID=96845) to work on /home/maira/projeto_indicium_engineering/venv/lib/python3.10/site-packages/airflow/example_dags/example_bash_decorator.py
[2024-06-14T17:30:39.038-0300] {processor.py:830} INFO - Processing file /home/maira/projeto_indicium_engineering/venv/lib/python3.10/site-packages/airflow/example_dags/example_bash_decorator.py for tasks to queue
[2024-06-14T17:30:39.040-0300] {logging_mixin.py:188} INFO - [2024-06-14T17:30:39.039-0300] {dagbag.py:545} INFO - Filling up the DagBag from /home/maira/projeto_indicium_engineering/venv/lib/python3.10/site-packages/airflow/example_dags/example_bash_decorator.py
[2024-06-14T17:30:39.050-0300] {processor.py:840} INFO - DAG(s) 'example_bash_decorator' retrieved from /home/maira/projeto_indicium_engineering/venv/lib/python3.10/site-packages/airflow/example_dags/example_bash_decorator.py
[2024-06-14T17:30:39.064-0300] {logging_mixin.py:188} INFO - [2024-06-14T17:30:39.064-0300] {dag.py:3096} INFO - Sync 1 DAGs
[2024-06-14T17:30:39.072-0300] {logging_mixin.py:188} INFO - [2024-06-14T17:30:39.071-0300] {dag.py:3954} INFO - Setting next_dagrun for example_bash_decorator to None, run_after=None
[2024-06-14T17:30:39.095-0300] {processor.py:183} INFO - Processing /home/maira/projeto_indicium_engineering/venv/lib/python3.10/site-packages/airflow/example_dags/example_bash_decorator.py took 0.065 seconds
[2024-06-14T17:31:43.347-0300] {processor.py:161} INFO - Started process (PID=97161) to work on /home/maira/projeto_indicium_engineering/venv/lib/python3.10/site-packages/airflow/example_dags/example_bash_decorator.py
[2024-06-14T17:31:43.419-0300] {processor.py:830} INFO - Processing file /home/maira/projeto_indicium_engineering/venv/lib/python3.10/site-packages/airflow/example_dags/example_bash_decorator.py for tasks to queue
[2024-06-14T17:31:43.420-0300] {logging_mixin.py:188} INFO - [2024-06-14T17:31:43.420-0300] {dagbag.py:545} INFO - Filling up the DagBag from /home/maira/projeto_indicium_engineering/venv/lib/python3.10/site-packages/airflow/example_dags/example_bash_decorator.py
[2024-06-14T17:31:43.432-0300] {processor.py:840} INFO - DAG(s) 'example_bash_decorator' retrieved from /home/maira/projeto_indicium_engineering/venv/lib/python3.10/site-packages/airflow/example_dags/example_bash_decorator.py
[2024-06-14T17:31:43.446-0300] {logging_mixin.py:188} INFO - [2024-06-14T17:31:43.446-0300] {dag.py:3096} INFO - Sync 1 DAGs
[2024-06-14T17:31:43.454-0300] {logging_mixin.py:188} INFO - [2024-06-14T17:31:43.453-0300] {dag.py:3954} INFO - Setting next_dagrun for example_bash_decorator to None, run_after=None
[2024-06-14T17:31:43.475-0300] {processor.py:183} INFO - Processing /home/maira/projeto_indicium_engineering/venv/lib/python3.10/site-packages/airflow/example_dags/example_bash_decorator.py took 0.132 seconds
[2024-06-14T17:32:49.461-0300] {processor.py:161} INFO - Started process (PID=97485) to work on /home/maira/projeto_indicium_engineering/venv/lib/python3.10/site-packages/airflow/example_dags/example_bash_decorator.py
[2024-06-14T17:32:49.464-0300] {processor.py:830} INFO - Processing file /home/maira/projeto_indicium_engineering/venv/lib/python3.10/site-packages/airflow/example_dags/example_bash_decorator.py for tasks to queue
[2024-06-14T17:32:49.466-0300] {logging_mixin.py:188} INFO - [2024-06-14T17:32:49.465-0300] {dagbag.py:545} INFO - Filling up the DagBag from /home/maira/projeto_indicium_engineering/venv/lib/python3.10/site-packages/airflow/example_dags/example_bash_decorator.py
[2024-06-14T17:32:49.476-0300] {processor.py:840} INFO - DAG(s) 'example_bash_decorator' retrieved from /home/maira/projeto_indicium_engineering/venv/lib/python3.10/site-packages/airflow/example_dags/example_bash_decorator.py
[2024-06-14T17:32:49.490-0300] {logging_mixin.py:188} INFO - [2024-06-14T17:32:49.489-0300] {dag.py:3096} INFO - Sync 1 DAGs
[2024-06-14T17:32:49.498-0300] {logging_mixin.py:188} INFO - [2024-06-14T17:32:49.497-0300] {dag.py:3954} INFO - Setting next_dagrun for example_bash_decorator to None, run_after=None
[2024-06-14T17:32:49.520-0300] {processor.py:183} INFO - Processing /home/maira/projeto_indicium_engineering/venv/lib/python3.10/site-packages/airflow/example_dags/example_bash_decorator.py took 0.064 seconds
[2024-06-14T17:33:50.038-0300] {processor.py:161} INFO - Started process (PID=97787) to work on /home/maira/projeto_indicium_engineering/venv/lib/python3.10/site-packages/airflow/example_dags/example_bash_decorator.py
[2024-06-14T17:33:50.040-0300] {processor.py:830} INFO - Processing file /home/maira/projeto_indicium_engineering/venv/lib/python3.10/site-packages/airflow/example_dags/example_bash_decorator.py for tasks to queue
[2024-06-14T17:33:50.041-0300] {logging_mixin.py:188} INFO - [2024-06-14T17:33:50.041-0300] {dagbag.py:545} INFO - Filling up the DagBag from /home/maira/projeto_indicium_engineering/venv/lib/python3.10/site-packages/airflow/example_dags/example_bash_decorator.py
[2024-06-14T17:33:50.053-0300] {processor.py:840} INFO - DAG(s) 'example_bash_decorator' retrieved from /home/maira/projeto_indicium_engineering/venv/lib/python3.10/site-packages/airflow/example_dags/example_bash_decorator.py
[2024-06-14T17:33:50.069-0300] {logging_mixin.py:188} INFO - [2024-06-14T17:33:50.069-0300] {dag.py:3096} INFO - Sync 1 DAGs
[2024-06-14T17:33:50.077-0300] {logging_mixin.py:188} INFO - [2024-06-14T17:33:50.077-0300] {dag.py:3954} INFO - Setting next_dagrun for example_bash_decorator to None, run_after=None
[2024-06-14T17:33:50.102-0300] {processor.py:183} INFO - Processing /home/maira/projeto_indicium_engineering/venv/lib/python3.10/site-packages/airflow/example_dags/example_bash_decorator.py took 0.070 seconds
[2024-06-14T17:34:45.793-0300] {processor.py:161} INFO - Started process (PID=98064) to work on /home/maira/projeto_indicium_engineering/venv/lib/python3.10/site-packages/airflow/example_dags/example_bash_decorator.py
[2024-06-14T17:34:45.795-0300] {processor.py:830} INFO - Processing file /home/maira/projeto_indicium_engineering/venv/lib/python3.10/site-packages/airflow/example_dags/example_bash_decorator.py for tasks to queue
[2024-06-14T17:34:45.797-0300] {logging_mixin.py:188} INFO - [2024-06-14T17:34:45.796-0300] {dagbag.py:545} INFO - Filling up the DagBag from /home/maira/projeto_indicium_engineering/venv/lib/python3.10/site-packages/airflow/example_dags/example_bash_decorator.py
[2024-06-14T17:34:45.811-0300] {processor.py:840} INFO - DAG(s) 'example_bash_decorator' retrieved from /home/maira/projeto_indicium_engineering/venv/lib/python3.10/site-packages/airflow/example_dags/example_bash_decorator.py
[2024-06-14T17:34:45.827-0300] {logging_mixin.py:188} INFO - [2024-06-14T17:34:45.827-0300] {dag.py:3096} INFO - Sync 1 DAGs
[2024-06-14T17:34:45.835-0300] {logging_mixin.py:188} INFO - [2024-06-14T17:34:45.835-0300] {dag.py:3954} INFO - Setting next_dagrun for example_bash_decorator to None, run_after=None
[2024-06-14T17:34:45.863-0300] {processor.py:183} INFO - Processing /home/maira/projeto_indicium_engineering/venv/lib/python3.10/site-packages/airflow/example_dags/example_bash_decorator.py took 0.075 seconds
[2024-06-14T17:35:46.054-0300] {processor.py:161} INFO - Started process (PID=98365) to work on /home/maira/projeto_indicium_engineering/venv/lib/python3.10/site-packages/airflow/example_dags/example_bash_decorator.py
[2024-06-14T17:35:46.056-0300] {processor.py:830} INFO - Processing file /home/maira/projeto_indicium_engineering/venv/lib/python3.10/site-packages/airflow/example_dags/example_bash_decorator.py for tasks to queue
[2024-06-14T17:35:46.058-0300] {logging_mixin.py:188} INFO - [2024-06-14T17:35:46.057-0300] {dagbag.py:545} INFO - Filling up the DagBag from /home/maira/projeto_indicium_engineering/venv/lib/python3.10/site-packages/airflow/example_dags/example_bash_decorator.py
[2024-06-14T17:35:46.069-0300] {processor.py:840} INFO - DAG(s) 'example_bash_decorator' retrieved from /home/maira/projeto_indicium_engineering/venv/lib/python3.10/site-packages/airflow/example_dags/example_bash_decorator.py
[2024-06-14T17:35:46.084-0300] {logging_mixin.py:188} INFO - [2024-06-14T17:35:46.083-0300] {dag.py:3096} INFO - Sync 1 DAGs
[2024-06-14T17:35:46.092-0300] {logging_mixin.py:188} INFO - [2024-06-14T17:35:46.092-0300] {dag.py:3954} INFO - Setting next_dagrun for example_bash_decorator to None, run_after=None
[2024-06-14T17:35:46.117-0300] {processor.py:183} INFO - Processing /home/maira/projeto_indicium_engineering/venv/lib/python3.10/site-packages/airflow/example_dags/example_bash_decorator.py took 0.068 seconds
[2024-06-14T17:36:48.781-0300] {processor.py:161} INFO - Started process (PID=98674) to work on /home/maira/projeto_indicium_engineering/venv/lib/python3.10/site-packages/airflow/example_dags/example_bash_decorator.py
[2024-06-14T17:36:48.782-0300] {processor.py:830} INFO - Processing file /home/maira/projeto_indicium_engineering/venv/lib/python3.10/site-packages/airflow/example_dags/example_bash_decorator.py for tasks to queue
[2024-06-14T17:36:48.784-0300] {logging_mixin.py:188} INFO - [2024-06-14T17:36:48.783-0300] {dagbag.py:545} INFO - Filling up the DagBag from /home/maira/projeto_indicium_engineering/venv/lib/python3.10/site-packages/airflow/example_dags/example_bash_decorator.py
[2024-06-14T17:36:48.796-0300] {processor.py:840} INFO - DAG(s) 'example_bash_decorator' retrieved from /home/maira/projeto_indicium_engineering/venv/lib/python3.10/site-packages/airflow/example_dags/example_bash_decorator.py
[2024-06-14T17:36:48.813-0300] {logging_mixin.py:188} INFO - [2024-06-14T17:36:48.813-0300] {dag.py:3096} INFO - Sync 1 DAGs
[2024-06-14T17:36:48.822-0300] {logging_mixin.py:188} INFO - [2024-06-14T17:36:48.822-0300] {dag.py:3954} INFO - Setting next_dagrun for example_bash_decorator to None, run_after=None
[2024-06-14T17:36:48.844-0300] {processor.py:183} INFO - Processing /home/maira/projeto_indicium_engineering/venv/lib/python3.10/site-packages/airflow/example_dags/example_bash_decorator.py took 0.068 seconds
[2024-06-14T17:37:47.245-0300] {processor.py:161} INFO - Started process (PID=98965) to work on /home/maira/projeto_indicium_engineering/venv/lib/python3.10/site-packages/airflow/example_dags/example_bash_decorator.py
[2024-06-14T17:37:47.247-0300] {processor.py:830} INFO - Processing file /home/maira/projeto_indicium_engineering/venv/lib/python3.10/site-packages/airflow/example_dags/example_bash_decorator.py for tasks to queue
[2024-06-14T17:37:47.248-0300] {logging_mixin.py:188} INFO - [2024-06-14T17:37:47.248-0300] {dagbag.py:545} INFO - Filling up the DagBag from /home/maira/projeto_indicium_engineering/venv/lib/python3.10/site-packages/airflow/example_dags/example_bash_decorator.py
[2024-06-14T17:37:47.260-0300] {processor.py:840} INFO - DAG(s) 'example_bash_decorator' retrieved from /home/maira/projeto_indicium_engineering/venv/lib/python3.10/site-packages/airflow/example_dags/example_bash_decorator.py
[2024-06-14T17:37:47.274-0300] {logging_mixin.py:188} INFO - [2024-06-14T17:37:47.273-0300] {dag.py:3096} INFO - Sync 1 DAGs
[2024-06-14T17:37:47.282-0300] {logging_mixin.py:188} INFO - [2024-06-14T17:37:47.282-0300] {dag.py:3954} INFO - Setting next_dagrun for example_bash_decorator to None, run_after=None
[2024-06-14T17:37:47.306-0300] {processor.py:183} INFO - Processing /home/maira/projeto_indicium_engineering/venv/lib/python3.10/site-packages/airflow/example_dags/example_bash_decorator.py took 0.066 seconds
[2024-06-14T17:38:46.765-0300] {processor.py:161} INFO - Started process (PID=99260) to work on /home/maira/projeto_indicium_engineering/venv/lib/python3.10/site-packages/airflow/example_dags/example_bash_decorator.py
[2024-06-14T17:38:46.768-0300] {processor.py:830} INFO - Processing file /home/maira/projeto_indicium_engineering/venv/lib/python3.10/site-packages/airflow/example_dags/example_bash_decorator.py for tasks to queue
[2024-06-14T17:38:46.770-0300] {logging_mixin.py:188} INFO - [2024-06-14T17:38:46.769-0300] {dagbag.py:545} INFO - Filling up the DagBag from /home/maira/projeto_indicium_engineering/venv/lib/python3.10/site-packages/airflow/example_dags/example_bash_decorator.py
[2024-06-14T17:38:46.780-0300] {processor.py:840} INFO - DAG(s) 'example_bash_decorator' retrieved from /home/maira/projeto_indicium_engineering/venv/lib/python3.10/site-packages/airflow/example_dags/example_bash_decorator.py
[2024-06-14T17:38:46.794-0300] {logging_mixin.py:188} INFO - [2024-06-14T17:38:46.793-0300] {dag.py:3096} INFO - Sync 1 DAGs
[2024-06-14T17:38:46.801-0300] {logging_mixin.py:188} INFO - [2024-06-14T17:38:46.801-0300] {dag.py:3954} INFO - Setting next_dagrun for example_bash_decorator to None, run_after=None
[2024-06-14T17:38:46.824-0300] {processor.py:183} INFO - Processing /home/maira/projeto_indicium_engineering/venv/lib/python3.10/site-packages/airflow/example_dags/example_bash_decorator.py took 0.064 seconds
[2024-06-14T17:39:45.465-0300] {processor.py:161} INFO - Started process (PID=99553) to work on /home/maira/projeto_indicium_engineering/venv/lib/python3.10/site-packages/airflow/example_dags/example_bash_decorator.py
[2024-06-14T17:39:45.466-0300] {processor.py:830} INFO - Processing file /home/maira/projeto_indicium_engineering/venv/lib/python3.10/site-packages/airflow/example_dags/example_bash_decorator.py for tasks to queue
[2024-06-14T17:39:45.468-0300] {logging_mixin.py:188} INFO - [2024-06-14T17:39:45.468-0300] {dagbag.py:545} INFO - Filling up the DagBag from /home/maira/projeto_indicium_engineering/venv/lib/python3.10/site-packages/airflow/example_dags/example_bash_decorator.py
[2024-06-14T17:39:45.478-0300] {processor.py:840} INFO - DAG(s) 'example_bash_decorator' retrieved from /home/maira/projeto_indicium_engineering/venv/lib/python3.10/site-packages/airflow/example_dags/example_bash_decorator.py
[2024-06-14T17:39:45.492-0300] {logging_mixin.py:188} INFO - [2024-06-14T17:39:45.492-0300] {dag.py:3096} INFO - Sync 1 DAGs
[2024-06-14T17:39:45.500-0300] {logging_mixin.py:188} INFO - [2024-06-14T17:39:45.500-0300] {dag.py:3954} INFO - Setting next_dagrun for example_bash_decorator to None, run_after=None
[2024-06-14T17:39:45.522-0300] {processor.py:183} INFO - Processing /home/maira/projeto_indicium_engineering/venv/lib/python3.10/site-packages/airflow/example_dags/example_bash_decorator.py took 0.062 seconds
[2024-06-14T17:40:44.492-0300] {processor.py:161} INFO - Started process (PID=99846) to work on /home/maira/projeto_indicium_engineering/venv/lib/python3.10/site-packages/airflow/example_dags/example_bash_decorator.py
[2024-06-14T17:40:44.493-0300] {processor.py:830} INFO - Processing file /home/maira/projeto_indicium_engineering/venv/lib/python3.10/site-packages/airflow/example_dags/example_bash_decorator.py for tasks to queue
[2024-06-14T17:40:44.495-0300] {logging_mixin.py:188} INFO - [2024-06-14T17:40:44.494-0300] {dagbag.py:545} INFO - Filling up the DagBag from /home/maira/projeto_indicium_engineering/venv/lib/python3.10/site-packages/airflow/example_dags/example_bash_decorator.py
[2024-06-14T17:40:44.511-0300] {processor.py:840} INFO - DAG(s) 'example_bash_decorator' retrieved from /home/maira/projeto_indicium_engineering/venv/lib/python3.10/site-packages/airflow/example_dags/example_bash_decorator.py
[2024-06-14T17:40:44.529-0300] {logging_mixin.py:188} INFO - [2024-06-14T17:40:44.529-0300] {dag.py:3096} INFO - Sync 1 DAGs
[2024-06-14T17:40:44.540-0300] {logging_mixin.py:188} INFO - [2024-06-14T17:40:44.540-0300] {dag.py:3954} INFO - Setting next_dagrun for example_bash_decorator to None, run_after=None
[2024-06-14T17:40:44.567-0300] {processor.py:183} INFO - Processing /home/maira/projeto_indicium_engineering/venv/lib/python3.10/site-packages/airflow/example_dags/example_bash_decorator.py took 0.081 seconds
[2024-06-14T17:41:49.393-0300] {processor.py:161} INFO - Started process (PID=100164) to work on /home/maira/projeto_indicium_engineering/venv/lib/python3.10/site-packages/airflow/example_dags/example_bash_decorator.py
[2024-06-14T17:41:49.394-0300] {processor.py:830} INFO - Processing file /home/maira/projeto_indicium_engineering/venv/lib/python3.10/site-packages/airflow/example_dags/example_bash_decorator.py for tasks to queue
[2024-06-14T17:41:49.395-0300] {logging_mixin.py:188} INFO - [2024-06-14T17:41:49.395-0300] {dagbag.py:545} INFO - Filling up the DagBag from /home/maira/projeto_indicium_engineering/venv/lib/python3.10/site-packages/airflow/example_dags/example_bash_decorator.py
[2024-06-14T17:41:49.409-0300] {processor.py:840} INFO - DAG(s) 'example_bash_decorator' retrieved from /home/maira/projeto_indicium_engineering/venv/lib/python3.10/site-packages/airflow/example_dags/example_bash_decorator.py
[2024-06-14T17:41:49.422-0300] {logging_mixin.py:188} INFO - [2024-06-14T17:41:49.422-0300] {dag.py:3096} INFO - Sync 1 DAGs
[2024-06-14T17:41:49.430-0300] {logging_mixin.py:188} INFO - [2024-06-14T17:41:49.430-0300] {dag.py:3954} INFO - Setting next_dagrun for example_bash_decorator to None, run_after=None
[2024-06-14T17:41:49.452-0300] {processor.py:183} INFO - Processing /home/maira/projeto_indicium_engineering/venv/lib/python3.10/site-packages/airflow/example_dags/example_bash_decorator.py took 0.064 seconds
[2024-06-14T17:42:48.852-0300] {processor.py:161} INFO - Started process (PID=100459) to work on /home/maira/projeto_indicium_engineering/venv/lib/python3.10/site-packages/airflow/example_dags/example_bash_decorator.py
[2024-06-14T17:42:48.853-0300] {processor.py:830} INFO - Processing file /home/maira/projeto_indicium_engineering/venv/lib/python3.10/site-packages/airflow/example_dags/example_bash_decorator.py for tasks to queue
[2024-06-14T17:42:48.856-0300] {logging_mixin.py:188} INFO - [2024-06-14T17:42:48.855-0300] {dagbag.py:545} INFO - Filling up the DagBag from /home/maira/projeto_indicium_engineering/venv/lib/python3.10/site-packages/airflow/example_dags/example_bash_decorator.py
[2024-06-14T17:42:48.867-0300] {processor.py:840} INFO - DAG(s) 'example_bash_decorator' retrieved from /home/maira/projeto_indicium_engineering/venv/lib/python3.10/site-packages/airflow/example_dags/example_bash_decorator.py
[2024-06-14T17:42:48.882-0300] {logging_mixin.py:188} INFO - [2024-06-14T17:42:48.882-0300] {dag.py:3096} INFO - Sync 1 DAGs
[2024-06-14T17:42:48.890-0300] {logging_mixin.py:188} INFO - [2024-06-14T17:42:48.890-0300] {dag.py:3954} INFO - Setting next_dagrun for example_bash_decorator to None, run_after=None
[2024-06-14T17:42:48.917-0300] {processor.py:183} INFO - Processing /home/maira/projeto_indicium_engineering/venv/lib/python3.10/site-packages/airflow/example_dags/example_bash_decorator.py took 0.070 seconds
[2024-06-14T17:43:45.556-0300] {processor.py:161} INFO - Started process (PID=100743) to work on /home/maira/projeto_indicium_engineering/venv/lib/python3.10/site-packages/airflow/example_dags/example_bash_decorator.py
[2024-06-14T17:43:45.557-0300] {processor.py:830} INFO - Processing file /home/maira/projeto_indicium_engineering/venv/lib/python3.10/site-packages/airflow/example_dags/example_bash_decorator.py for tasks to queue
[2024-06-14T17:43:45.558-0300] {logging_mixin.py:188} INFO - [2024-06-14T17:43:45.558-0300] {dagbag.py:545} INFO - Filling up the DagBag from /home/maira/projeto_indicium_engineering/venv/lib/python3.10/site-packages/airflow/example_dags/example_bash_decorator.py
[2024-06-14T17:43:45.571-0300] {processor.py:840} INFO - DAG(s) 'example_bash_decorator' retrieved from /home/maira/projeto_indicium_engineering/venv/lib/python3.10/site-packages/airflow/example_dags/example_bash_decorator.py
[2024-06-14T17:43:45.588-0300] {logging_mixin.py:188} INFO - [2024-06-14T17:43:45.587-0300] {dag.py:3096} INFO - Sync 1 DAGs
[2024-06-14T17:43:45.596-0300] {logging_mixin.py:188} INFO - [2024-06-14T17:43:45.596-0300] {dag.py:3954} INFO - Setting next_dagrun for example_bash_decorator to None, run_after=None
[2024-06-14T17:43:45.623-0300] {processor.py:183} INFO - Processing /home/maira/projeto_indicium_engineering/venv/lib/python3.10/site-packages/airflow/example_dags/example_bash_decorator.py took 0.072 seconds
[2024-06-14T17:44:43.346-0300] {processor.py:161} INFO - Started process (PID=101029) to work on /home/maira/projeto_indicium_engineering/venv/lib/python3.10/site-packages/airflow/example_dags/example_bash_decorator.py
[2024-06-14T17:44:43.348-0300] {processor.py:830} INFO - Processing file /home/maira/projeto_indicium_engineering/venv/lib/python3.10/site-packages/airflow/example_dags/example_bash_decorator.py for tasks to queue
[2024-06-14T17:44:43.349-0300] {logging_mixin.py:188} INFO - [2024-06-14T17:44:43.349-0300] {dagbag.py:545} INFO - Filling up the DagBag from /home/maira/projeto_indicium_engineering/venv/lib/python3.10/site-packages/airflow/example_dags/example_bash_decorator.py
[2024-06-14T17:44:43.359-0300] {processor.py:840} INFO - DAG(s) 'example_bash_decorator' retrieved from /home/maira/projeto_indicium_engineering/venv/lib/python3.10/site-packages/airflow/example_dags/example_bash_decorator.py
[2024-06-14T17:44:43.372-0300] {logging_mixin.py:188} INFO - [2024-06-14T17:44:43.372-0300] {dag.py:3096} INFO - Sync 1 DAGs
[2024-06-14T17:44:43.381-0300] {logging_mixin.py:188} INFO - [2024-06-14T17:44:43.380-0300] {dag.py:3954} INFO - Setting next_dagrun for example_bash_decorator to None, run_after=None
[2024-06-14T17:44:43.407-0300] {processor.py:183} INFO - Processing /home/maira/projeto_indicium_engineering/venv/lib/python3.10/site-packages/airflow/example_dags/example_bash_decorator.py took 0.066 seconds
[2024-06-14T17:45:42.817-0300] {processor.py:161} INFO - Started process (PID=101327) to work on /home/maira/projeto_indicium_engineering/venv/lib/python3.10/site-packages/airflow/example_dags/example_bash_decorator.py
[2024-06-14T17:45:42.821-0300] {processor.py:830} INFO - Processing file /home/maira/projeto_indicium_engineering/venv/lib/python3.10/site-packages/airflow/example_dags/example_bash_decorator.py for tasks to queue
[2024-06-14T17:45:42.822-0300] {logging_mixin.py:188} INFO - [2024-06-14T17:45:42.822-0300] {dagbag.py:545} INFO - Filling up the DagBag from /home/maira/projeto_indicium_engineering/venv/lib/python3.10/site-packages/airflow/example_dags/example_bash_decorator.py
[2024-06-14T17:45:42.833-0300] {processor.py:840} INFO - DAG(s) 'example_bash_decorator' retrieved from /home/maira/projeto_indicium_engineering/venv/lib/python3.10/site-packages/airflow/example_dags/example_bash_decorator.py
[2024-06-14T17:45:42.847-0300] {logging_mixin.py:188} INFO - [2024-06-14T17:45:42.847-0300] {dag.py:3096} INFO - Sync 1 DAGs
[2024-06-14T17:45:42.856-0300] {logging_mixin.py:188} INFO - [2024-06-14T17:45:42.856-0300] {dag.py:3954} INFO - Setting next_dagrun for example_bash_decorator to None, run_after=None
[2024-06-14T17:45:42.881-0300] {processor.py:183} INFO - Processing /home/maira/projeto_indicium_engineering/venv/lib/python3.10/site-packages/airflow/example_dags/example_bash_decorator.py took 0.070 seconds
[2024-06-14T17:46:45.734-0300] {processor.py:161} INFO - Started process (PID=101637) to work on /home/maira/projeto_indicium_engineering/venv/lib/python3.10/site-packages/airflow/example_dags/example_bash_decorator.py
[2024-06-14T17:46:45.736-0300] {processor.py:830} INFO - Processing file /home/maira/projeto_indicium_engineering/venv/lib/python3.10/site-packages/airflow/example_dags/example_bash_decorator.py for tasks to queue
[2024-06-14T17:46:45.737-0300] {logging_mixin.py:188} INFO - [2024-06-14T17:46:45.737-0300] {dagbag.py:545} INFO - Filling up the DagBag from /home/maira/projeto_indicium_engineering/venv/lib/python3.10/site-packages/airflow/example_dags/example_bash_decorator.py
[2024-06-14T17:46:45.751-0300] {processor.py:840} INFO - DAG(s) 'example_bash_decorator' retrieved from /home/maira/projeto_indicium_engineering/venv/lib/python3.10/site-packages/airflow/example_dags/example_bash_decorator.py
[2024-06-14T17:46:45.768-0300] {logging_mixin.py:188} INFO - [2024-06-14T17:46:45.768-0300] {dag.py:3096} INFO - Sync 1 DAGs
[2024-06-14T17:46:45.777-0300] {logging_mixin.py:188} INFO - [2024-06-14T17:46:45.776-0300] {dag.py:3954} INFO - Setting next_dagrun for example_bash_decorator to None, run_after=None
[2024-06-14T17:46:45.802-0300] {processor.py:183} INFO - Processing /home/maira/projeto_indicium_engineering/venv/lib/python3.10/site-packages/airflow/example_dags/example_bash_decorator.py took 0.073 seconds
[2024-06-14T17:47:42.442-0300] {processor.py:161} INFO - Started process (PID=101920) to work on /home/maira/projeto_indicium_engineering/venv/lib/python3.10/site-packages/airflow/example_dags/example_bash_decorator.py
[2024-06-14T17:47:42.447-0300] {processor.py:830} INFO - Processing file /home/maira/projeto_indicium_engineering/venv/lib/python3.10/site-packages/airflow/example_dags/example_bash_decorator.py for tasks to queue
[2024-06-14T17:47:42.448-0300] {logging_mixin.py:188} INFO - [2024-06-14T17:47:42.448-0300] {dagbag.py:545} INFO - Filling up the DagBag from /home/maira/projeto_indicium_engineering/venv/lib/python3.10/site-packages/airflow/example_dags/example_bash_decorator.py
[2024-06-14T17:47:42.460-0300] {processor.py:840} INFO - DAG(s) 'example_bash_decorator' retrieved from /home/maira/projeto_indicium_engineering/venv/lib/python3.10/site-packages/airflow/example_dags/example_bash_decorator.py
[2024-06-14T17:47:42.474-0300] {logging_mixin.py:188} INFO - [2024-06-14T17:47:42.473-0300] {dag.py:3096} INFO - Sync 1 DAGs
[2024-06-14T17:47:42.482-0300] {logging_mixin.py:188} INFO - [2024-06-14T17:47:42.482-0300] {dag.py:3954} INFO - Setting next_dagrun for example_bash_decorator to None, run_after=None
[2024-06-14T17:47:42.502-0300] {processor.py:183} INFO - Processing /home/maira/projeto_indicium_engineering/venv/lib/python3.10/site-packages/airflow/example_dags/example_bash_decorator.py took 0.065 seconds
[2024-06-14T17:48:45.783-0300] {processor.py:161} INFO - Started process (PID=102232) to work on /home/maira/projeto_indicium_engineering/venv/lib/python3.10/site-packages/airflow/example_dags/example_bash_decorator.py
[2024-06-14T17:48:45.784-0300] {processor.py:830} INFO - Processing file /home/maira/projeto_indicium_engineering/venv/lib/python3.10/site-packages/airflow/example_dags/example_bash_decorator.py for tasks to queue
[2024-06-14T17:48:45.787-0300] {logging_mixin.py:188} INFO - [2024-06-14T17:48:45.786-0300] {dagbag.py:545} INFO - Filling up the DagBag from /home/maira/projeto_indicium_engineering/venv/lib/python3.10/site-packages/airflow/example_dags/example_bash_decorator.py
[2024-06-14T17:48:45.798-0300] {processor.py:840} INFO - DAG(s) 'example_bash_decorator' retrieved from /home/maira/projeto_indicium_engineering/venv/lib/python3.10/site-packages/airflow/example_dags/example_bash_decorator.py
[2024-06-14T17:48:45.813-0300] {logging_mixin.py:188} INFO - [2024-06-14T17:48:45.813-0300] {dag.py:3096} INFO - Sync 1 DAGs
[2024-06-14T17:48:45.822-0300] {logging_mixin.py:188} INFO - [2024-06-14T17:48:45.821-0300] {dag.py:3954} INFO - Setting next_dagrun for example_bash_decorator to None, run_after=None
[2024-06-14T17:48:45.885-0300] {processor.py:183} INFO - Processing /home/maira/projeto_indicium_engineering/venv/lib/python3.10/site-packages/airflow/example_dags/example_bash_decorator.py took 0.107 seconds
[2024-06-14T17:49:48.613-0300] {processor.py:161} INFO - Started process (PID=102543) to work on /home/maira/projeto_indicium_engineering/venv/lib/python3.10/site-packages/airflow/example_dags/example_bash_decorator.py
[2024-06-14T17:49:48.616-0300] {processor.py:830} INFO - Processing file /home/maira/projeto_indicium_engineering/venv/lib/python3.10/site-packages/airflow/example_dags/example_bash_decorator.py for tasks to queue
[2024-06-14T17:49:48.617-0300] {logging_mixin.py:188} INFO - [2024-06-14T17:49:48.617-0300] {dagbag.py:545} INFO - Filling up the DagBag from /home/maira/projeto_indicium_engineering/venv/lib/python3.10/site-packages/airflow/example_dags/example_bash_decorator.py
[2024-06-14T17:49:48.627-0300] {processor.py:840} INFO - DAG(s) 'example_bash_decorator' retrieved from /home/maira/projeto_indicium_engineering/venv/lib/python3.10/site-packages/airflow/example_dags/example_bash_decorator.py
[2024-06-14T17:49:48.640-0300] {logging_mixin.py:188} INFO - [2024-06-14T17:49:48.640-0300] {dag.py:3096} INFO - Sync 1 DAGs
[2024-06-14T17:49:48.649-0300] {logging_mixin.py:188} INFO - [2024-06-14T17:49:48.649-0300] {dag.py:3954} INFO - Setting next_dagrun for example_bash_decorator to None, run_after=None
[2024-06-14T17:49:48.672-0300] {processor.py:183} INFO - Processing /home/maira/projeto_indicium_engineering/venv/lib/python3.10/site-packages/airflow/example_dags/example_bash_decorator.py took 0.064 seconds
[2024-06-14T17:50:50.504-0300] {processor.py:161} INFO - Started process (PID=102849) to work on /home/maira/projeto_indicium_engineering/venv/lib/python3.10/site-packages/airflow/example_dags/example_bash_decorator.py
[2024-06-14T17:50:50.505-0300] {processor.py:830} INFO - Processing file /home/maira/projeto_indicium_engineering/venv/lib/python3.10/site-packages/airflow/example_dags/example_bash_decorator.py for tasks to queue
[2024-06-14T17:50:50.507-0300] {logging_mixin.py:188} INFO - [2024-06-14T17:50:50.507-0300] {dagbag.py:545} INFO - Filling up the DagBag from /home/maira/projeto_indicium_engineering/venv/lib/python3.10/site-packages/airflow/example_dags/example_bash_decorator.py
[2024-06-14T17:50:50.519-0300] {processor.py:840} INFO - DAG(s) 'example_bash_decorator' retrieved from /home/maira/projeto_indicium_engineering/venv/lib/python3.10/site-packages/airflow/example_dags/example_bash_decorator.py
[2024-06-14T17:50:50.532-0300] {logging_mixin.py:188} INFO - [2024-06-14T17:50:50.532-0300] {dag.py:3096} INFO - Sync 1 DAGs
[2024-06-14T17:50:50.540-0300] {logging_mixin.py:188} INFO - [2024-06-14T17:50:50.540-0300] {dag.py:3954} INFO - Setting next_dagrun for example_bash_decorator to None, run_after=None
[2024-06-14T17:50:50.561-0300] {processor.py:183} INFO - Processing /home/maira/projeto_indicium_engineering/venv/lib/python3.10/site-packages/airflow/example_dags/example_bash_decorator.py took 0.062 seconds
[2024-06-14T20:52:17.832-0300] {processor.py:161} INFO - Started process (PID=103643) to work on /home/maira/projeto_indicium_engineering/venv/lib/python3.10/site-packages/airflow/example_dags/example_bash_decorator.py
[2024-06-14T20:52:17.833-0300] {processor.py:830} INFO - Processing file /home/maira/projeto_indicium_engineering/venv/lib/python3.10/site-packages/airflow/example_dags/example_bash_decorator.py for tasks to queue
[2024-06-14T20:52:17.834-0300] {logging_mixin.py:188} INFO - [2024-06-14T20:52:17.834-0300] {dagbag.py:545} INFO - Filling up the DagBag from /home/maira/projeto_indicium_engineering/venv/lib/python3.10/site-packages/airflow/example_dags/example_bash_decorator.py
[2024-06-14T20:52:17.845-0300] {processor.py:840} INFO - DAG(s) 'example_bash_decorator' retrieved from /home/maira/projeto_indicium_engineering/venv/lib/python3.10/site-packages/airflow/example_dags/example_bash_decorator.py
[2024-06-14T20:52:17.860-0300] {logging_mixin.py:188} INFO - [2024-06-14T20:52:17.860-0300] {dag.py:3096} INFO - Sync 1 DAGs
[2024-06-14T20:52:17.870-0300] {logging_mixin.py:188} INFO - [2024-06-14T20:52:17.870-0300] {dag.py:3954} INFO - Setting next_dagrun for example_bash_decorator to None, run_after=None
[2024-06-14T20:52:17.891-0300] {processor.py:183} INFO - Processing /home/maira/projeto_indicium_engineering/venv/lib/python3.10/site-packages/airflow/example_dags/example_bash_decorator.py took 0.063 seconds
[2024-06-14T20:53:15.064-0300] {processor.py:161} INFO - Started process (PID=103920) to work on /home/maira/projeto_indicium_engineering/venv/lib/python3.10/site-packages/airflow/example_dags/example_bash_decorator.py
[2024-06-14T20:53:15.066-0300] {processor.py:830} INFO - Processing file /home/maira/projeto_indicium_engineering/venv/lib/python3.10/site-packages/airflow/example_dags/example_bash_decorator.py for tasks to queue
[2024-06-14T20:53:15.067-0300] {logging_mixin.py:188} INFO - [2024-06-14T20:53:15.067-0300] {dagbag.py:545} INFO - Filling up the DagBag from /home/maira/projeto_indicium_engineering/venv/lib/python3.10/site-packages/airflow/example_dags/example_bash_decorator.py
[2024-06-14T20:53:15.078-0300] {processor.py:840} INFO - DAG(s) 'example_bash_decorator' retrieved from /home/maira/projeto_indicium_engineering/venv/lib/python3.10/site-packages/airflow/example_dags/example_bash_decorator.py
[2024-06-14T20:53:15.092-0300] {logging_mixin.py:188} INFO - [2024-06-14T20:53:15.092-0300] {dag.py:3096} INFO - Sync 1 DAGs
[2024-06-14T20:53:15.100-0300] {logging_mixin.py:188} INFO - [2024-06-14T20:53:15.100-0300] {dag.py:3954} INFO - Setting next_dagrun for example_bash_decorator to None, run_after=None
[2024-06-14T20:53:15.123-0300] {processor.py:183} INFO - Processing /home/maira/projeto_indicium_engineering/venv/lib/python3.10/site-packages/airflow/example_dags/example_bash_decorator.py took 0.063 seconds
