[2024-06-14T16:31:11.343-0300] {processor.py:161} INFO - Started process (PID=86515) to work on /home/maira/projeto_indicium_engineering/venv/lib/python3.10/site-packages/airflow/example_dags/example_branch_labels.py
[2024-06-14T16:31:11.344-0300] {processor.py:830} INFO - Processing file /home/maira/projeto_indicium_engineering/venv/lib/python3.10/site-packages/airflow/example_dags/example_branch_labels.py for tasks to queue
[2024-06-14T16:31:11.345-0300] {logging_mixin.py:188} INFO - [2024-06-14T16:31:11.345-0300] {dagbag.py:545} INFO - Filling up the DagBag from /home/maira/projeto_indicium_engineering/venv/lib/python3.10/site-packages/airflow/example_dags/example_branch_labels.py
[2024-06-14T16:31:11.351-0300] {processor.py:840} INFO - DAG(s) 'example_branch_labels' retrieved from /home/maira/projeto_indicium_engineering/venv/lib/python3.10/site-packages/airflow/example_dags/example_branch_labels.py
[2024-06-14T16:31:11.430-0300] {logging_mixin.py:188} INFO - [2024-06-14T16:31:11.429-0300] {override.py:1829} INFO - Created Permission View: can edit on DAG:example_branch_labels
[2024-06-14T16:31:11.444-0300] {logging_mixin.py:188} INFO - [2024-06-14T16:31:11.444-0300] {override.py:1829} INFO - Created Permission View: can delete on DAG:example_branch_labels
[2024-06-14T16:31:11.455-0300] {logging_mixin.py:188} INFO - [2024-06-14T16:31:11.454-0300] {override.py:1829} INFO - Created Permission View: can read on DAG:example_branch_labels
[2024-06-14T16:31:11.455-0300] {logging_mixin.py:188} INFO - [2024-06-14T16:31:11.455-0300] {dag.py:3096} INFO - Sync 1 DAGs
[2024-06-14T16:31:11.535-0300] {logging_mixin.py:188} INFO - [2024-06-14T16:31:11.534-0300] {dag.py:3118} INFO - Creating ORM DAG for example_branch_labels
[2024-06-14T16:31:11.541-0300] {logging_mixin.py:188} INFO - [2024-06-14T16:31:11.541-0300] {dag.py:3954} INFO - Setting next_dagrun for example_branch_labels to 2024-06-13 00:00:00+00:00, run_after=2024-06-14 00:00:00+00:00
[2024-06-14T16:31:11.564-0300] {processor.py:183} INFO - Processing /home/maira/projeto_indicium_engineering/venv/lib/python3.10/site-packages/airflow/example_dags/example_branch_labels.py took 0.225 seconds
[2024-06-14T16:32:06.837-0300] {processor.py:161} INFO - Started process (PID=86784) to work on /home/maira/projeto_indicium_engineering/venv/lib/python3.10/site-packages/airflow/example_dags/example_branch_labels.py
[2024-06-14T16:32:06.842-0300] {processor.py:830} INFO - Processing file /home/maira/projeto_indicium_engineering/venv/lib/python3.10/site-packages/airflow/example_dags/example_branch_labels.py for tasks to queue
[2024-06-14T16:32:06.844-0300] {logging_mixin.py:188} INFO - [2024-06-14T16:32:06.843-0300] {dagbag.py:545} INFO - Filling up the DagBag from /home/maira/projeto_indicium_engineering/venv/lib/python3.10/site-packages/airflow/example_dags/example_branch_labels.py
[2024-06-14T16:32:06.849-0300] {processor.py:840} INFO - DAG(s) 'example_branch_labels' retrieved from /home/maira/projeto_indicium_engineering/venv/lib/python3.10/site-packages/airflow/example_dags/example_branch_labels.py
[2024-06-14T16:32:06.861-0300] {logging_mixin.py:188} INFO - [2024-06-14T16:32:06.860-0300] {dag.py:3096} INFO - Sync 1 DAGs
[2024-06-14T16:32:06.874-0300] {logging_mixin.py:188} INFO - [2024-06-14T16:32:06.874-0300] {dag.py:3954} INFO - Setting next_dagrun for example_branch_labels to 2024-06-13 00:00:00+00:00, run_after=2024-06-14 00:00:00+00:00
[2024-06-14T16:32:06.969-0300] {processor.py:183} INFO - Processing /home/maira/projeto_indicium_engineering/venv/lib/python3.10/site-packages/airflow/example_dags/example_branch_labels.py took 0.137 seconds
[2024-06-14T16:32:56.409-0300] {processor.py:161} INFO - Started process (PID=87030) to work on /home/maira/projeto_indicium_engineering/venv/lib/python3.10/site-packages/airflow/example_dags/example_branch_labels.py
[2024-06-14T16:32:56.411-0300] {processor.py:830} INFO - Processing file /home/maira/projeto_indicium_engineering/venv/lib/python3.10/site-packages/airflow/example_dags/example_branch_labels.py for tasks to queue
[2024-06-14T16:32:56.412-0300] {logging_mixin.py:188} INFO - [2024-06-14T16:32:56.412-0300] {dagbag.py:545} INFO - Filling up the DagBag from /home/maira/projeto_indicium_engineering/venv/lib/python3.10/site-packages/airflow/example_dags/example_branch_labels.py
[2024-06-14T16:32:56.417-0300] {processor.py:840} INFO - DAG(s) 'example_branch_labels' retrieved from /home/maira/projeto_indicium_engineering/venv/lib/python3.10/site-packages/airflow/example_dags/example_branch_labels.py
[2024-06-14T16:32:56.429-0300] {logging_mixin.py:188} INFO - [2024-06-14T16:32:56.429-0300] {dag.py:3096} INFO - Sync 1 DAGs
[2024-06-14T16:32:56.443-0300] {logging_mixin.py:188} INFO - [2024-06-14T16:32:56.443-0300] {dag.py:3954} INFO - Setting next_dagrun for example_branch_labels to 2024-06-13 00:00:00+00:00, run_after=2024-06-14 00:00:00+00:00
[2024-06-14T16:32:56.468-0300] {processor.py:183} INFO - Processing /home/maira/projeto_indicium_engineering/venv/lib/python3.10/site-packages/airflow/example_dags/example_branch_labels.py took 0.064 seconds
[2024-06-14T16:34:02.825-0300] {processor.py:161} INFO - Started process (PID=87354) to work on /home/maira/projeto_indicium_engineering/venv/lib/python3.10/site-packages/airflow/example_dags/example_branch_labels.py
[2024-06-14T16:34:02.826-0300] {processor.py:830} INFO - Processing file /home/maira/projeto_indicium_engineering/venv/lib/python3.10/site-packages/airflow/example_dags/example_branch_labels.py for tasks to queue
[2024-06-14T16:34:02.828-0300] {logging_mixin.py:188} INFO - [2024-06-14T16:34:02.828-0300] {dagbag.py:545} INFO - Filling up the DagBag from /home/maira/projeto_indicium_engineering/venv/lib/python3.10/site-packages/airflow/example_dags/example_branch_labels.py
[2024-06-14T16:34:02.835-0300] {processor.py:840} INFO - DAG(s) 'example_branch_labels' retrieved from /home/maira/projeto_indicium_engineering/venv/lib/python3.10/site-packages/airflow/example_dags/example_branch_labels.py
[2024-06-14T16:34:02.849-0300] {logging_mixin.py:188} INFO - [2024-06-14T16:34:02.848-0300] {dag.py:3096} INFO - Sync 1 DAGs
[2024-06-14T16:34:02.864-0300] {logging_mixin.py:188} INFO - [2024-06-14T16:34:02.864-0300] {dag.py:3954} INFO - Setting next_dagrun for example_branch_labels to 2024-06-13 00:00:00+00:00, run_after=2024-06-14 00:00:00+00:00
[2024-06-14T16:34:02.887-0300] {processor.py:183} INFO - Processing /home/maira/projeto_indicium_engineering/venv/lib/python3.10/site-packages/airflow/example_dags/example_branch_labels.py took 0.067 seconds
[2024-06-14T16:35:02.790-0300] {processor.py:161} INFO - Started process (PID=87654) to work on /home/maira/projeto_indicium_engineering/venv/lib/python3.10/site-packages/airflow/example_dags/example_branch_labels.py
[2024-06-14T16:35:02.791-0300] {processor.py:830} INFO - Processing file /home/maira/projeto_indicium_engineering/venv/lib/python3.10/site-packages/airflow/example_dags/example_branch_labels.py for tasks to queue
[2024-06-14T16:35:02.793-0300] {logging_mixin.py:188} INFO - [2024-06-14T16:35:02.793-0300] {dagbag.py:545} INFO - Filling up the DagBag from /home/maira/projeto_indicium_engineering/venv/lib/python3.10/site-packages/airflow/example_dags/example_branch_labels.py
[2024-06-14T16:35:02.799-0300] {processor.py:840} INFO - DAG(s) 'example_branch_labels' retrieved from /home/maira/projeto_indicium_engineering/venv/lib/python3.10/site-packages/airflow/example_dags/example_branch_labels.py
[2024-06-14T16:35:02.811-0300] {logging_mixin.py:188} INFO - [2024-06-14T16:35:02.811-0300] {dag.py:3096} INFO - Sync 1 DAGs
[2024-06-14T16:35:02.826-0300] {logging_mixin.py:188} INFO - [2024-06-14T16:35:02.826-0300] {dag.py:3954} INFO - Setting next_dagrun for example_branch_labels to 2024-06-13 00:00:00+00:00, run_after=2024-06-14 00:00:00+00:00
[2024-06-14T16:35:02.847-0300] {processor.py:183} INFO - Processing /home/maira/projeto_indicium_engineering/venv/lib/python3.10/site-packages/airflow/example_dags/example_branch_labels.py took 0.063 seconds
[2024-06-14T16:35:57.771-0300] {processor.py:161} INFO - Started process (PID=87928) to work on /home/maira/projeto_indicium_engineering/venv/lib/python3.10/site-packages/airflow/example_dags/example_branch_labels.py
[2024-06-14T16:35:57.773-0300] {processor.py:830} INFO - Processing file /home/maira/projeto_indicium_engineering/venv/lib/python3.10/site-packages/airflow/example_dags/example_branch_labels.py for tasks to queue
[2024-06-14T16:35:57.774-0300] {logging_mixin.py:188} INFO - [2024-06-14T16:35:57.774-0300] {dagbag.py:545} INFO - Filling up the DagBag from /home/maira/projeto_indicium_engineering/venv/lib/python3.10/site-packages/airflow/example_dags/example_branch_labels.py
[2024-06-14T16:35:57.780-0300] {processor.py:840} INFO - DAG(s) 'example_branch_labels' retrieved from /home/maira/projeto_indicium_engineering/venv/lib/python3.10/site-packages/airflow/example_dags/example_branch_labels.py
[2024-06-14T16:35:57.792-0300] {logging_mixin.py:188} INFO - [2024-06-14T16:35:57.792-0300] {dag.py:3096} INFO - Sync 1 DAGs
[2024-06-14T16:35:57.806-0300] {logging_mixin.py:188} INFO - [2024-06-14T16:35:57.806-0300] {dag.py:3954} INFO - Setting next_dagrun for example_branch_labels to 2024-06-13 00:00:00+00:00, run_after=2024-06-14 00:00:00+00:00
[2024-06-14T16:35:57.828-0300] {processor.py:183} INFO - Processing /home/maira/projeto_indicium_engineering/venv/lib/python3.10/site-packages/airflow/example_dags/example_branch_labels.py took 0.063 seconds
[2024-06-14T16:36:57.734-0300] {processor.py:161} INFO - Started process (PID=88225) to work on /home/maira/projeto_indicium_engineering/venv/lib/python3.10/site-packages/airflow/example_dags/example_branch_labels.py
[2024-06-14T16:36:57.736-0300] {processor.py:830} INFO - Processing file /home/maira/projeto_indicium_engineering/venv/lib/python3.10/site-packages/airflow/example_dags/example_branch_labels.py for tasks to queue
[2024-06-14T16:36:57.738-0300] {logging_mixin.py:188} INFO - [2024-06-14T16:36:57.737-0300] {dagbag.py:545} INFO - Filling up the DagBag from /home/maira/projeto_indicium_engineering/venv/lib/python3.10/site-packages/airflow/example_dags/example_branch_labels.py
[2024-06-14T16:36:57.745-0300] {processor.py:840} INFO - DAG(s) 'example_branch_labels' retrieved from /home/maira/projeto_indicium_engineering/venv/lib/python3.10/site-packages/airflow/example_dags/example_branch_labels.py
[2024-06-14T16:36:57.758-0300] {logging_mixin.py:188} INFO - [2024-06-14T16:36:57.757-0300] {dag.py:3096} INFO - Sync 1 DAGs
[2024-06-14T16:36:57.771-0300] {logging_mixin.py:188} INFO - [2024-06-14T16:36:57.771-0300] {dag.py:3954} INFO - Setting next_dagrun for example_branch_labels to 2024-06-13 00:00:00+00:00, run_after=2024-06-14 00:00:00+00:00
[2024-06-14T16:36:57.791-0300] {processor.py:183} INFO - Processing /home/maira/projeto_indicium_engineering/venv/lib/python3.10/site-packages/airflow/example_dags/example_branch_labels.py took 0.063 seconds
[2024-06-14T16:38:00.883-0300] {processor.py:161} INFO - Started process (PID=88536) to work on /home/maira/projeto_indicium_engineering/venv/lib/python3.10/site-packages/airflow/example_dags/example_branch_labels.py
[2024-06-14T16:38:00.887-0300] {processor.py:830} INFO - Processing file /home/maira/projeto_indicium_engineering/venv/lib/python3.10/site-packages/airflow/example_dags/example_branch_labels.py for tasks to queue
[2024-06-14T16:38:00.888-0300] {logging_mixin.py:188} INFO - [2024-06-14T16:38:00.888-0300] {dagbag.py:545} INFO - Filling up the DagBag from /home/maira/projeto_indicium_engineering/venv/lib/python3.10/site-packages/airflow/example_dags/example_branch_labels.py
[2024-06-14T16:38:00.894-0300] {processor.py:840} INFO - DAG(s) 'example_branch_labels' retrieved from /home/maira/projeto_indicium_engineering/venv/lib/python3.10/site-packages/airflow/example_dags/example_branch_labels.py
[2024-06-14T16:38:00.907-0300] {logging_mixin.py:188} INFO - [2024-06-14T16:38:00.906-0300] {dag.py:3096} INFO - Sync 1 DAGs
[2024-06-14T16:38:00.921-0300] {logging_mixin.py:188} INFO - [2024-06-14T16:38:00.921-0300] {dag.py:3954} INFO - Setting next_dagrun for example_branch_labels to 2024-06-13 00:00:00+00:00, run_after=2024-06-14 00:00:00+00:00
[2024-06-14T16:38:00.942-0300] {processor.py:183} INFO - Processing /home/maira/projeto_indicium_engineering/venv/lib/python3.10/site-packages/airflow/example_dags/example_branch_labels.py took 0.064 seconds
[2024-06-14T16:39:06.813-0300] {processor.py:161} INFO - Started process (PID=88862) to work on /home/maira/projeto_indicium_engineering/venv/lib/python3.10/site-packages/airflow/example_dags/example_branch_labels.py
[2024-06-14T16:39:06.815-0300] {processor.py:830} INFO - Processing file /home/maira/projeto_indicium_engineering/venv/lib/python3.10/site-packages/airflow/example_dags/example_branch_labels.py for tasks to queue
[2024-06-14T16:39:06.817-0300] {logging_mixin.py:188} INFO - [2024-06-14T16:39:06.817-0300] {dagbag.py:545} INFO - Filling up the DagBag from /home/maira/projeto_indicium_engineering/venv/lib/python3.10/site-packages/airflow/example_dags/example_branch_labels.py
[2024-06-14T16:39:06.824-0300] {processor.py:840} INFO - DAG(s) 'example_branch_labels' retrieved from /home/maira/projeto_indicium_engineering/venv/lib/python3.10/site-packages/airflow/example_dags/example_branch_labels.py
[2024-06-14T16:39:06.836-0300] {logging_mixin.py:188} INFO - [2024-06-14T16:39:06.836-0300] {dag.py:3096} INFO - Sync 1 DAGs
[2024-06-14T16:39:06.850-0300] {logging_mixin.py:188} INFO - [2024-06-14T16:39:06.850-0300] {dag.py:3954} INFO - Setting next_dagrun for example_branch_labels to 2024-06-13 00:00:00+00:00, run_after=2024-06-14 00:00:00+00:00
[2024-06-14T16:39:06.873-0300] {processor.py:183} INFO - Processing /home/maira/projeto_indicium_engineering/venv/lib/python3.10/site-packages/airflow/example_dags/example_branch_labels.py took 0.065 seconds
[2024-06-14T16:40:08.404-0300] {processor.py:161} INFO - Started process (PID=89166) to work on /home/maira/projeto_indicium_engineering/venv/lib/python3.10/site-packages/airflow/example_dags/example_branch_labels.py
[2024-06-14T16:40:08.405-0300] {processor.py:830} INFO - Processing file /home/maira/projeto_indicium_engineering/venv/lib/python3.10/site-packages/airflow/example_dags/example_branch_labels.py for tasks to queue
[2024-06-14T16:40:08.407-0300] {logging_mixin.py:188} INFO - [2024-06-14T16:40:08.407-0300] {dagbag.py:545} INFO - Filling up the DagBag from /home/maira/projeto_indicium_engineering/venv/lib/python3.10/site-packages/airflow/example_dags/example_branch_labels.py
[2024-06-14T16:40:08.412-0300] {processor.py:840} INFO - DAG(s) 'example_branch_labels' retrieved from /home/maira/projeto_indicium_engineering/venv/lib/python3.10/site-packages/airflow/example_dags/example_branch_labels.py
[2024-06-14T16:40:08.425-0300] {logging_mixin.py:188} INFO - [2024-06-14T16:40:08.425-0300] {dag.py:3096} INFO - Sync 1 DAGs
[2024-06-14T16:40:08.439-0300] {logging_mixin.py:188} INFO - [2024-06-14T16:40:08.439-0300] {dag.py:3954} INFO - Setting next_dagrun for example_branch_labels to 2024-06-13 00:00:00+00:00, run_after=2024-06-14 00:00:00+00:00
[2024-06-14T16:40:08.460-0300] {processor.py:183} INFO - Processing /home/maira/projeto_indicium_engineering/venv/lib/python3.10/site-packages/airflow/example_dags/example_branch_labels.py took 0.061 seconds
[2024-06-14T16:41:01.741-0300] {processor.py:161} INFO - Started process (PID=89432) to work on /home/maira/projeto_indicium_engineering/venv/lib/python3.10/site-packages/airflow/example_dags/example_branch_labels.py
[2024-06-14T16:41:01.743-0300] {processor.py:830} INFO - Processing file /home/maira/projeto_indicium_engineering/venv/lib/python3.10/site-packages/airflow/example_dags/example_branch_labels.py for tasks to queue
[2024-06-14T16:41:01.744-0300] {logging_mixin.py:188} INFO - [2024-06-14T16:41:01.744-0300] {dagbag.py:545} INFO - Filling up the DagBag from /home/maira/projeto_indicium_engineering/venv/lib/python3.10/site-packages/airflow/example_dags/example_branch_labels.py
[2024-06-14T16:41:01.750-0300] {processor.py:840} INFO - DAG(s) 'example_branch_labels' retrieved from /home/maira/projeto_indicium_engineering/venv/lib/python3.10/site-packages/airflow/example_dags/example_branch_labels.py
[2024-06-14T16:41:01.761-0300] {logging_mixin.py:188} INFO - [2024-06-14T16:41:01.761-0300] {dag.py:3096} INFO - Sync 1 DAGs
[2024-06-14T16:41:01.776-0300] {logging_mixin.py:188} INFO - [2024-06-14T16:41:01.775-0300] {dag.py:3954} INFO - Setting next_dagrun for example_branch_labels to 2024-06-13 00:00:00+00:00, run_after=2024-06-14 00:00:00+00:00
[2024-06-14T16:41:01.800-0300] {processor.py:183} INFO - Processing /home/maira/projeto_indicium_engineering/venv/lib/python3.10/site-packages/airflow/example_dags/example_branch_labels.py took 0.066 seconds
[2024-06-14T16:42:02.169-0300] {processor.py:161} INFO - Started process (PID=89730) to work on /home/maira/projeto_indicium_engineering/venv/lib/python3.10/site-packages/airflow/example_dags/example_branch_labels.py
[2024-06-14T16:42:02.171-0300] {processor.py:830} INFO - Processing file /home/maira/projeto_indicium_engineering/venv/lib/python3.10/site-packages/airflow/example_dags/example_branch_labels.py for tasks to queue
[2024-06-14T16:42:02.173-0300] {logging_mixin.py:188} INFO - [2024-06-14T16:42:02.172-0300] {dagbag.py:545} INFO - Filling up the DagBag from /home/maira/projeto_indicium_engineering/venv/lib/python3.10/site-packages/airflow/example_dags/example_branch_labels.py
[2024-06-14T16:42:02.180-0300] {processor.py:840} INFO - DAG(s) 'example_branch_labels' retrieved from /home/maira/projeto_indicium_engineering/venv/lib/python3.10/site-packages/airflow/example_dags/example_branch_labels.py
[2024-06-14T16:42:02.193-0300] {logging_mixin.py:188} INFO - [2024-06-14T16:42:02.192-0300] {dag.py:3096} INFO - Sync 1 DAGs
[2024-06-14T16:42:02.207-0300] {logging_mixin.py:188} INFO - [2024-06-14T16:42:02.207-0300] {dag.py:3954} INFO - Setting next_dagrun for example_branch_labels to 2024-06-13 00:00:00+00:00, run_after=2024-06-14 00:00:00+00:00
[2024-06-14T16:42:02.230-0300] {processor.py:183} INFO - Processing /home/maira/projeto_indicium_engineering/venv/lib/python3.10/site-packages/airflow/example_dags/example_branch_labels.py took 0.066 seconds
[2024-06-14T16:43:00.122-0300] {processor.py:161} INFO - Started process (PID=90019) to work on /home/maira/projeto_indicium_engineering/venv/lib/python3.10/site-packages/airflow/example_dags/example_branch_labels.py
[2024-06-14T16:43:00.126-0300] {processor.py:830} INFO - Processing file /home/maira/projeto_indicium_engineering/venv/lib/python3.10/site-packages/airflow/example_dags/example_branch_labels.py for tasks to queue
[2024-06-14T16:43:00.127-0300] {logging_mixin.py:188} INFO - [2024-06-14T16:43:00.127-0300] {dagbag.py:545} INFO - Filling up the DagBag from /home/maira/projeto_indicium_engineering/venv/lib/python3.10/site-packages/airflow/example_dags/example_branch_labels.py
[2024-06-14T16:43:00.134-0300] {processor.py:840} INFO - DAG(s) 'example_branch_labels' retrieved from /home/maira/projeto_indicium_engineering/venv/lib/python3.10/site-packages/airflow/example_dags/example_branch_labels.py
[2024-06-14T16:43:00.146-0300] {logging_mixin.py:188} INFO - [2024-06-14T16:43:00.145-0300] {dag.py:3096} INFO - Sync 1 DAGs
[2024-06-14T16:43:00.160-0300] {logging_mixin.py:188} INFO - [2024-06-14T16:43:00.160-0300] {dag.py:3954} INFO - Setting next_dagrun for example_branch_labels to 2024-06-13 00:00:00+00:00, run_after=2024-06-14 00:00:00+00:00
[2024-06-14T16:43:00.183-0300] {processor.py:183} INFO - Processing /home/maira/projeto_indicium_engineering/venv/lib/python3.10/site-packages/airflow/example_dags/example_branch_labels.py took 0.066 seconds
[2024-06-14T16:44:01.210-0300] {processor.py:161} INFO - Started process (PID=90320) to work on /home/maira/projeto_indicium_engineering/venv/lib/python3.10/site-packages/airflow/example_dags/example_branch_labels.py
[2024-06-14T16:44:01.212-0300] {processor.py:830} INFO - Processing file /home/maira/projeto_indicium_engineering/venv/lib/python3.10/site-packages/airflow/example_dags/example_branch_labels.py for tasks to queue
[2024-06-14T16:44:01.214-0300] {logging_mixin.py:188} INFO - [2024-06-14T16:44:01.213-0300] {dagbag.py:545} INFO - Filling up the DagBag from /home/maira/projeto_indicium_engineering/venv/lib/python3.10/site-packages/airflow/example_dags/example_branch_labels.py
[2024-06-14T16:44:01.220-0300] {processor.py:840} INFO - DAG(s) 'example_branch_labels' retrieved from /home/maira/projeto_indicium_engineering/venv/lib/python3.10/site-packages/airflow/example_dags/example_branch_labels.py
[2024-06-14T16:44:01.234-0300] {logging_mixin.py:188} INFO - [2024-06-14T16:44:01.234-0300] {dag.py:3096} INFO - Sync 1 DAGs
[2024-06-14T16:44:01.250-0300] {logging_mixin.py:188} INFO - [2024-06-14T16:44:01.250-0300] {dag.py:3954} INFO - Setting next_dagrun for example_branch_labels to 2024-06-13 00:00:00+00:00, run_after=2024-06-14 00:00:00+00:00
[2024-06-14T16:44:01.271-0300] {processor.py:183} INFO - Processing /home/maira/projeto_indicium_engineering/venv/lib/python3.10/site-packages/airflow/example_dags/example_branch_labels.py took 0.066 seconds
[2024-06-14T16:45:00.830-0300] {processor.py:161} INFO - Started process (PID=90616) to work on /home/maira/projeto_indicium_engineering/venv/lib/python3.10/site-packages/airflow/example_dags/example_branch_labels.py
[2024-06-14T16:45:00.835-0300] {processor.py:830} INFO - Processing file /home/maira/projeto_indicium_engineering/venv/lib/python3.10/site-packages/airflow/example_dags/example_branch_labels.py for tasks to queue
[2024-06-14T16:45:00.837-0300] {logging_mixin.py:188} INFO - [2024-06-14T16:45:00.837-0300] {dagbag.py:545} INFO - Filling up the DagBag from /home/maira/projeto_indicium_engineering/venv/lib/python3.10/site-packages/airflow/example_dags/example_branch_labels.py
[2024-06-14T16:45:00.843-0300] {processor.py:840} INFO - DAG(s) 'example_branch_labels' retrieved from /home/maira/projeto_indicium_engineering/venv/lib/python3.10/site-packages/airflow/example_dags/example_branch_labels.py
[2024-06-14T16:45:00.854-0300] {logging_mixin.py:188} INFO - [2024-06-14T16:45:00.854-0300] {dag.py:3096} INFO - Sync 1 DAGs
[2024-06-14T16:45:00.869-0300] {logging_mixin.py:188} INFO - [2024-06-14T16:45:00.869-0300] {dag.py:3954} INFO - Setting next_dagrun for example_branch_labels to 2024-06-13 00:00:00+00:00, run_after=2024-06-14 00:00:00+00:00
[2024-06-14T16:45:00.890-0300] {processor.py:183} INFO - Processing /home/maira/projeto_indicium_engineering/venv/lib/python3.10/site-packages/airflow/example_dags/example_branch_labels.py took 0.064 seconds
[2024-06-14T16:46:00.353-0300] {processor.py:161} INFO - Started process (PID=90914) to work on /home/maira/projeto_indicium_engineering/venv/lib/python3.10/site-packages/airflow/example_dags/example_branch_labels.py
[2024-06-14T16:46:00.355-0300] {processor.py:830} INFO - Processing file /home/maira/projeto_indicium_engineering/venv/lib/python3.10/site-packages/airflow/example_dags/example_branch_labels.py for tasks to queue
[2024-06-14T16:46:00.357-0300] {logging_mixin.py:188} INFO - [2024-06-14T16:46:00.357-0300] {dagbag.py:545} INFO - Filling up the DagBag from /home/maira/projeto_indicium_engineering/venv/lib/python3.10/site-packages/airflow/example_dags/example_branch_labels.py
[2024-06-14T16:46:00.363-0300] {processor.py:840} INFO - DAG(s) 'example_branch_labels' retrieved from /home/maira/projeto_indicium_engineering/venv/lib/python3.10/site-packages/airflow/example_dags/example_branch_labels.py
[2024-06-14T16:46:00.375-0300] {logging_mixin.py:188} INFO - [2024-06-14T16:46:00.374-0300] {dag.py:3096} INFO - Sync 1 DAGs
[2024-06-14T16:46:00.389-0300] {logging_mixin.py:188} INFO - [2024-06-14T16:46:00.389-0300] {dag.py:3954} INFO - Setting next_dagrun for example_branch_labels to 2024-06-13 00:00:00+00:00, run_after=2024-06-14 00:00:00+00:00
[2024-06-14T16:46:00.409-0300] {processor.py:183} INFO - Processing /home/maira/projeto_indicium_engineering/venv/lib/python3.10/site-packages/airflow/example_dags/example_branch_labels.py took 0.061 seconds
[2024-06-14T16:47:01.300-0300] {processor.py:161} INFO - Started process (PID=91215) to work on /home/maira/projeto_indicium_engineering/venv/lib/python3.10/site-packages/airflow/example_dags/example_branch_labels.py
[2024-06-14T16:47:01.302-0300] {processor.py:830} INFO - Processing file /home/maira/projeto_indicium_engineering/venv/lib/python3.10/site-packages/airflow/example_dags/example_branch_labels.py for tasks to queue
[2024-06-14T16:47:01.303-0300] {logging_mixin.py:188} INFO - [2024-06-14T16:47:01.303-0300] {dagbag.py:545} INFO - Filling up the DagBag from /home/maira/projeto_indicium_engineering/venv/lib/python3.10/site-packages/airflow/example_dags/example_branch_labels.py
[2024-06-14T16:47:01.310-0300] {processor.py:840} INFO - DAG(s) 'example_branch_labels' retrieved from /home/maira/projeto_indicium_engineering/venv/lib/python3.10/site-packages/airflow/example_dags/example_branch_labels.py
[2024-06-14T16:47:01.323-0300] {logging_mixin.py:188} INFO - [2024-06-14T16:47:01.323-0300] {dag.py:3096} INFO - Sync 1 DAGs
[2024-06-14T16:47:01.341-0300] {logging_mixin.py:188} INFO - [2024-06-14T16:47:01.340-0300] {dag.py:3954} INFO - Setting next_dagrun for example_branch_labels to 2024-06-13 00:00:00+00:00, run_after=2024-06-14 00:00:00+00:00
[2024-06-14T16:47:01.363-0300] {processor.py:183} INFO - Processing /home/maira/projeto_indicium_engineering/venv/lib/python3.10/site-packages/airflow/example_dags/example_branch_labels.py took 0.068 seconds
[2024-06-14T16:47:58.542-0300] {processor.py:161} INFO - Started process (PID=91500) to work on /home/maira/projeto_indicium_engineering/venv/lib/python3.10/site-packages/airflow/example_dags/example_branch_labels.py
[2024-06-14T16:47:58.547-0300] {processor.py:830} INFO - Processing file /home/maira/projeto_indicium_engineering/venv/lib/python3.10/site-packages/airflow/example_dags/example_branch_labels.py for tasks to queue
[2024-06-14T16:47:58.549-0300] {logging_mixin.py:188} INFO - [2024-06-14T16:47:58.549-0300] {dagbag.py:545} INFO - Filling up the DagBag from /home/maira/projeto_indicium_engineering/venv/lib/python3.10/site-packages/airflow/example_dags/example_branch_labels.py
[2024-06-14T16:47:58.555-0300] {processor.py:840} INFO - DAG(s) 'example_branch_labels' retrieved from /home/maira/projeto_indicium_engineering/venv/lib/python3.10/site-packages/airflow/example_dags/example_branch_labels.py
[2024-06-14T16:47:58.567-0300] {logging_mixin.py:188} INFO - [2024-06-14T16:47:58.567-0300] {dag.py:3096} INFO - Sync 1 DAGs
[2024-06-14T16:47:58.582-0300] {logging_mixin.py:188} INFO - [2024-06-14T16:47:58.582-0300] {dag.py:3954} INFO - Setting next_dagrun for example_branch_labels to 2024-06-13 00:00:00+00:00, run_after=2024-06-14 00:00:00+00:00
[2024-06-14T16:47:58.606-0300] {processor.py:183} INFO - Processing /home/maira/projeto_indicium_engineering/venv/lib/python3.10/site-packages/airflow/example_dags/example_branch_labels.py took 0.068 seconds
[2024-06-14T16:48:56.453-0300] {processor.py:161} INFO - Started process (PID=91788) to work on /home/maira/projeto_indicium_engineering/venv/lib/python3.10/site-packages/airflow/example_dags/example_branch_labels.py
[2024-06-14T16:48:56.455-0300] {processor.py:830} INFO - Processing file /home/maira/projeto_indicium_engineering/venv/lib/python3.10/site-packages/airflow/example_dags/example_branch_labels.py for tasks to queue
[2024-06-14T16:48:56.457-0300] {logging_mixin.py:188} INFO - [2024-06-14T16:48:56.457-0300] {dagbag.py:545} INFO - Filling up the DagBag from /home/maira/projeto_indicium_engineering/venv/lib/python3.10/site-packages/airflow/example_dags/example_branch_labels.py
[2024-06-14T16:48:56.464-0300] {processor.py:840} INFO - DAG(s) 'example_branch_labels' retrieved from /home/maira/projeto_indicium_engineering/venv/lib/python3.10/site-packages/airflow/example_dags/example_branch_labels.py
[2024-06-14T16:48:56.476-0300] {logging_mixin.py:188} INFO - [2024-06-14T16:48:56.476-0300] {dag.py:3096} INFO - Sync 1 DAGs
[2024-06-14T16:48:56.491-0300] {logging_mixin.py:188} INFO - [2024-06-14T16:48:56.490-0300] {dag.py:3954} INFO - Setting next_dagrun for example_branch_labels to 2024-06-13 00:00:00+00:00, run_after=2024-06-14 00:00:00+00:00
[2024-06-14T16:48:56.515-0300] {processor.py:183} INFO - Processing /home/maira/projeto_indicium_engineering/venv/lib/python3.10/site-packages/airflow/example_dags/example_branch_labels.py took 0.066 seconds
[2024-06-14T16:49:55.716-0300] {processor.py:161} INFO - Started process (PID=92081) to work on /home/maira/projeto_indicium_engineering/venv/lib/python3.10/site-packages/airflow/example_dags/example_branch_labels.py
[2024-06-14T16:49:55.717-0300] {processor.py:830} INFO - Processing file /home/maira/projeto_indicium_engineering/venv/lib/python3.10/site-packages/airflow/example_dags/example_branch_labels.py for tasks to queue
[2024-06-14T16:49:55.719-0300] {logging_mixin.py:188} INFO - [2024-06-14T16:49:55.719-0300] {dagbag.py:545} INFO - Filling up the DagBag from /home/maira/projeto_indicium_engineering/venv/lib/python3.10/site-packages/airflow/example_dags/example_branch_labels.py
[2024-06-14T16:49:55.727-0300] {processor.py:840} INFO - DAG(s) 'example_branch_labels' retrieved from /home/maira/projeto_indicium_engineering/venv/lib/python3.10/site-packages/airflow/example_dags/example_branch_labels.py
[2024-06-14T16:49:55.741-0300] {logging_mixin.py:188} INFO - [2024-06-14T16:49:55.740-0300] {dag.py:3096} INFO - Sync 1 DAGs
[2024-06-14T16:49:55.757-0300] {logging_mixin.py:188} INFO - [2024-06-14T16:49:55.757-0300] {dag.py:3954} INFO - Setting next_dagrun for example_branch_labels to 2024-06-13 00:00:00+00:00, run_after=2024-06-14 00:00:00+00:00
[2024-06-14T16:49:55.783-0300] {processor.py:183} INFO - Processing /home/maira/projeto_indicium_engineering/venv/lib/python3.10/site-packages/airflow/example_dags/example_branch_labels.py took 0.073 seconds
[2024-06-14T16:51:00.144-0300] {processor.py:161} INFO - Started process (PID=92398) to work on /home/maira/projeto_indicium_engineering/venv/lib/python3.10/site-packages/airflow/example_dags/example_branch_labels.py
[2024-06-14T16:51:00.146-0300] {processor.py:830} INFO - Processing file /home/maira/projeto_indicium_engineering/venv/lib/python3.10/site-packages/airflow/example_dags/example_branch_labels.py for tasks to queue
[2024-06-14T16:51:00.148-0300] {logging_mixin.py:188} INFO - [2024-06-14T16:51:00.148-0300] {dagbag.py:545} INFO - Filling up the DagBag from /home/maira/projeto_indicium_engineering/venv/lib/python3.10/site-packages/airflow/example_dags/example_branch_labels.py
[2024-06-14T16:51:00.155-0300] {processor.py:840} INFO - DAG(s) 'example_branch_labels' retrieved from /home/maira/projeto_indicium_engineering/venv/lib/python3.10/site-packages/airflow/example_dags/example_branch_labels.py
[2024-06-14T16:51:00.174-0300] {logging_mixin.py:188} INFO - [2024-06-14T16:51:00.173-0300] {dag.py:3096} INFO - Sync 1 DAGs
[2024-06-14T16:51:00.190-0300] {logging_mixin.py:188} INFO - [2024-06-14T16:51:00.190-0300] {dag.py:3954} INFO - Setting next_dagrun for example_branch_labels to 2024-06-13 00:00:00+00:00, run_after=2024-06-14 00:00:00+00:00
[2024-06-14T16:51:00.214-0300] {processor.py:183} INFO - Processing /home/maira/projeto_indicium_engineering/venv/lib/python3.10/site-packages/airflow/example_dags/example_branch_labels.py took 0.078 seconds
[2024-06-14T16:52:05.022-0300] {processor.py:161} INFO - Started process (PID=92717) to work on /home/maira/projeto_indicium_engineering/venv/lib/python3.10/site-packages/airflow/example_dags/example_branch_labels.py
[2024-06-14T16:52:05.023-0300] {processor.py:830} INFO - Processing file /home/maira/projeto_indicium_engineering/venv/lib/python3.10/site-packages/airflow/example_dags/example_branch_labels.py for tasks to queue
[2024-06-14T16:52:05.025-0300] {logging_mixin.py:188} INFO - [2024-06-14T16:52:05.024-0300] {dagbag.py:545} INFO - Filling up the DagBag from /home/maira/projeto_indicium_engineering/venv/lib/python3.10/site-packages/airflow/example_dags/example_branch_labels.py
[2024-06-14T16:52:05.034-0300] {processor.py:840} INFO - DAG(s) 'example_branch_labels' retrieved from /home/maira/projeto_indicium_engineering/venv/lib/python3.10/site-packages/airflow/example_dags/example_branch_labels.py
[2024-06-14T16:52:05.051-0300] {logging_mixin.py:188} INFO - [2024-06-14T16:52:05.050-0300] {dag.py:3096} INFO - Sync 1 DAGs
[2024-06-14T16:52:05.071-0300] {logging_mixin.py:188} INFO - [2024-06-14T16:52:05.071-0300] {dag.py:3954} INFO - Setting next_dagrun for example_branch_labels to 2024-06-13 00:00:00+00:00, run_after=2024-06-14 00:00:00+00:00
[2024-06-14T16:52:05.097-0300] {processor.py:183} INFO - Processing /home/maira/projeto_indicium_engineering/venv/lib/python3.10/site-packages/airflow/example_dags/example_branch_labels.py took 0.079 seconds
[2024-06-14T16:53:05.728-0300] {processor.py:161} INFO - Started process (PID=93018) to work on /home/maira/projeto_indicium_engineering/venv/lib/python3.10/site-packages/airflow/example_dags/example_branch_labels.py
[2024-06-14T16:53:05.729-0300] {processor.py:830} INFO - Processing file /home/maira/projeto_indicium_engineering/venv/lib/python3.10/site-packages/airflow/example_dags/example_branch_labels.py for tasks to queue
[2024-06-14T16:53:05.730-0300] {logging_mixin.py:188} INFO - [2024-06-14T16:53:05.730-0300] {dagbag.py:545} INFO - Filling up the DagBag from /home/maira/projeto_indicium_engineering/venv/lib/python3.10/site-packages/airflow/example_dags/example_branch_labels.py
[2024-06-14T16:53:05.737-0300] {processor.py:840} INFO - DAG(s) 'example_branch_labels' retrieved from /home/maira/projeto_indicium_engineering/venv/lib/python3.10/site-packages/airflow/example_dags/example_branch_labels.py
[2024-06-14T16:53:05.749-0300] {logging_mixin.py:188} INFO - [2024-06-14T16:53:05.749-0300] {dag.py:3096} INFO - Sync 1 DAGs
[2024-06-14T16:53:05.764-0300] {logging_mixin.py:188} INFO - [2024-06-14T16:53:05.764-0300] {dag.py:3954} INFO - Setting next_dagrun for example_branch_labels to 2024-06-13 00:00:00+00:00, run_after=2024-06-14 00:00:00+00:00
[2024-06-14T16:53:05.785-0300] {processor.py:183} INFO - Processing /home/maira/projeto_indicium_engineering/venv/lib/python3.10/site-packages/airflow/example_dags/example_branch_labels.py took 0.062 seconds
[2024-06-14T16:54:07.443-0300] {processor.py:161} INFO - Started process (PID=93323) to work on /home/maira/projeto_indicium_engineering/venv/lib/python3.10/site-packages/airflow/example_dags/example_branch_labels.py
[2024-06-14T16:54:07.445-0300] {processor.py:830} INFO - Processing file /home/maira/projeto_indicium_engineering/venv/lib/python3.10/site-packages/airflow/example_dags/example_branch_labels.py for tasks to queue
[2024-06-14T16:54:07.446-0300] {logging_mixin.py:188} INFO - [2024-06-14T16:54:07.446-0300] {dagbag.py:545} INFO - Filling up the DagBag from /home/maira/projeto_indicium_engineering/venv/lib/python3.10/site-packages/airflow/example_dags/example_branch_labels.py
[2024-06-14T16:54:07.453-0300] {processor.py:840} INFO - DAG(s) 'example_branch_labels' retrieved from /home/maira/projeto_indicium_engineering/venv/lib/python3.10/site-packages/airflow/example_dags/example_branch_labels.py
[2024-06-14T16:54:07.465-0300] {logging_mixin.py:188} INFO - [2024-06-14T16:54:07.465-0300] {dag.py:3096} INFO - Sync 1 DAGs
[2024-06-14T16:54:07.480-0300] {logging_mixin.py:188} INFO - [2024-06-14T16:54:07.480-0300] {dag.py:3954} INFO - Setting next_dagrun for example_branch_labels to 2024-06-13 00:00:00+00:00, run_after=2024-06-14 00:00:00+00:00
[2024-06-14T16:54:07.501-0300] {processor.py:183} INFO - Processing /home/maira/projeto_indicium_engineering/venv/lib/python3.10/site-packages/airflow/example_dags/example_branch_labels.py took 0.063 seconds
[2024-06-14T16:55:13.165-0300] {processor.py:161} INFO - Started process (PID=93650) to work on /home/maira/projeto_indicium_engineering/venv/lib/python3.10/site-packages/airflow/example_dags/example_branch_labels.py
[2024-06-14T16:55:13.167-0300] {processor.py:830} INFO - Processing file /home/maira/projeto_indicium_engineering/venv/lib/python3.10/site-packages/airflow/example_dags/example_branch_labels.py for tasks to queue
[2024-06-14T16:55:13.168-0300] {logging_mixin.py:188} INFO - [2024-06-14T16:55:13.168-0300] {dagbag.py:545} INFO - Filling up the DagBag from /home/maira/projeto_indicium_engineering/venv/lib/python3.10/site-packages/airflow/example_dags/example_branch_labels.py
[2024-06-14T16:55:13.176-0300] {processor.py:840} INFO - DAG(s) 'example_branch_labels' retrieved from /home/maira/projeto_indicium_engineering/venv/lib/python3.10/site-packages/airflow/example_dags/example_branch_labels.py
[2024-06-14T16:55:13.190-0300] {logging_mixin.py:188} INFO - [2024-06-14T16:55:13.190-0300] {dag.py:3096} INFO - Sync 1 DAGs
[2024-06-14T16:55:13.209-0300] {logging_mixin.py:188} INFO - [2024-06-14T16:55:13.209-0300] {dag.py:3954} INFO - Setting next_dagrun for example_branch_labels to 2024-06-13 00:00:00+00:00, run_after=2024-06-14 00:00:00+00:00
[2024-06-14T16:55:13.236-0300] {processor.py:183} INFO - Processing /home/maira/projeto_indicium_engineering/venv/lib/python3.10/site-packages/airflow/example_dags/example_branch_labels.py took 0.078 seconds
[2024-06-14T17:20:51.701-0300] {processor.py:161} INFO - Started process (PID=93937) to work on /home/maira/projeto_indicium_engineering/venv/lib/python3.10/site-packages/airflow/example_dags/example_branch_labels.py
[2024-06-14T17:20:51.703-0300] {processor.py:830} INFO - Processing file /home/maira/projeto_indicium_engineering/venv/lib/python3.10/site-packages/airflow/example_dags/example_branch_labels.py for tasks to queue
[2024-06-14T17:20:51.704-0300] {logging_mixin.py:188} INFO - [2024-06-14T17:20:51.704-0300] {dagbag.py:545} INFO - Filling up the DagBag from /home/maira/projeto_indicium_engineering/venv/lib/python3.10/site-packages/airflow/example_dags/example_branch_labels.py
[2024-06-14T17:20:51.712-0300] {processor.py:840} INFO - DAG(s) 'example_branch_labels' retrieved from /home/maira/projeto_indicium_engineering/venv/lib/python3.10/site-packages/airflow/example_dags/example_branch_labels.py
[2024-06-14T17:20:51.726-0300] {logging_mixin.py:188} INFO - [2024-06-14T17:20:51.726-0300] {dag.py:3096} INFO - Sync 1 DAGs
[2024-06-14T17:20:51.740-0300] {logging_mixin.py:188} INFO - [2024-06-14T17:20:51.740-0300] {dag.py:3954} INFO - Setting next_dagrun for example_branch_labels to 2024-06-13 00:00:00+00:00, run_after=2024-06-14 00:00:00+00:00
[2024-06-14T17:20:51.760-0300] {processor.py:183} INFO - Processing /home/maira/projeto_indicium_engineering/venv/lib/python3.10/site-packages/airflow/example_dags/example_branch_labels.py took 0.064 seconds
[2024-06-14T17:21:50.834-0300] {processor.py:161} INFO - Started process (PID=94231) to work on /home/maira/projeto_indicium_engineering/venv/lib/python3.10/site-packages/airflow/example_dags/example_branch_labels.py
[2024-06-14T17:21:50.836-0300] {processor.py:830} INFO - Processing file /home/maira/projeto_indicium_engineering/venv/lib/python3.10/site-packages/airflow/example_dags/example_branch_labels.py for tasks to queue
[2024-06-14T17:21:50.837-0300] {logging_mixin.py:188} INFO - [2024-06-14T17:21:50.837-0300] {dagbag.py:545} INFO - Filling up the DagBag from /home/maira/projeto_indicium_engineering/venv/lib/python3.10/site-packages/airflow/example_dags/example_branch_labels.py
[2024-06-14T17:21:50.844-0300] {processor.py:840} INFO - DAG(s) 'example_branch_labels' retrieved from /home/maira/projeto_indicium_engineering/venv/lib/python3.10/site-packages/airflow/example_dags/example_branch_labels.py
[2024-06-14T17:21:50.856-0300] {logging_mixin.py:188} INFO - [2024-06-14T17:21:50.855-0300] {dag.py:3096} INFO - Sync 1 DAGs
[2024-06-14T17:21:50.869-0300] {logging_mixin.py:188} INFO - [2024-06-14T17:21:50.869-0300] {dag.py:3954} INFO - Setting next_dagrun for example_branch_labels to 2024-06-13 00:00:00+00:00, run_after=2024-06-14 00:00:00+00:00
[2024-06-14T17:21:50.892-0300] {processor.py:183} INFO - Processing /home/maira/projeto_indicium_engineering/venv/lib/python3.10/site-packages/airflow/example_dags/example_branch_labels.py took 0.063 seconds
[2024-06-14T17:22:53.611-0300] {processor.py:161} INFO - Started process (PID=94539) to work on /home/maira/projeto_indicium_engineering/venv/lib/python3.10/site-packages/airflow/example_dags/example_branch_labels.py
[2024-06-14T17:22:53.616-0300] {processor.py:830} INFO - Processing file /home/maira/projeto_indicium_engineering/venv/lib/python3.10/site-packages/airflow/example_dags/example_branch_labels.py for tasks to queue
[2024-06-14T17:22:53.618-0300] {logging_mixin.py:188} INFO - [2024-06-14T17:22:53.617-0300] {dagbag.py:545} INFO - Filling up the DagBag from /home/maira/projeto_indicium_engineering/venv/lib/python3.10/site-packages/airflow/example_dags/example_branch_labels.py
[2024-06-14T17:22:53.623-0300] {processor.py:840} INFO - DAG(s) 'example_branch_labels' retrieved from /home/maira/projeto_indicium_engineering/venv/lib/python3.10/site-packages/airflow/example_dags/example_branch_labels.py
[2024-06-14T17:22:53.636-0300] {logging_mixin.py:188} INFO - [2024-06-14T17:22:53.636-0300] {dag.py:3096} INFO - Sync 1 DAGs
[2024-06-14T17:22:53.651-0300] {logging_mixin.py:188} INFO - [2024-06-14T17:22:53.651-0300] {dag.py:3954} INFO - Setting next_dagrun for example_branch_labels to 2024-06-13 00:00:00+00:00, run_after=2024-06-14 00:00:00+00:00
[2024-06-14T17:22:53.673-0300] {processor.py:183} INFO - Processing /home/maira/projeto_indicium_engineering/venv/lib/python3.10/site-packages/airflow/example_dags/example_branch_labels.py took 0.066 seconds
[2024-06-14T17:23:54.205-0300] {processor.py:161} INFO - Started process (PID=94840) to work on /home/maira/projeto_indicium_engineering/venv/lib/python3.10/site-packages/airflow/example_dags/example_branch_labels.py
[2024-06-14T17:23:54.206-0300] {processor.py:830} INFO - Processing file /home/maira/projeto_indicium_engineering/venv/lib/python3.10/site-packages/airflow/example_dags/example_branch_labels.py for tasks to queue
[2024-06-14T17:23:54.208-0300] {logging_mixin.py:188} INFO - [2024-06-14T17:23:54.208-0300] {dagbag.py:545} INFO - Filling up the DagBag from /home/maira/projeto_indicium_engineering/venv/lib/python3.10/site-packages/airflow/example_dags/example_branch_labels.py
[2024-06-14T17:23:54.215-0300] {processor.py:840} INFO - DAG(s) 'example_branch_labels' retrieved from /home/maira/projeto_indicium_engineering/venv/lib/python3.10/site-packages/airflow/example_dags/example_branch_labels.py
[2024-06-14T17:23:54.227-0300] {logging_mixin.py:188} INFO - [2024-06-14T17:23:54.227-0300] {dag.py:3096} INFO - Sync 1 DAGs
[2024-06-14T17:23:54.241-0300] {logging_mixin.py:188} INFO - [2024-06-14T17:23:54.241-0300] {dag.py:3954} INFO - Setting next_dagrun for example_branch_labels to 2024-06-13 00:00:00+00:00, run_after=2024-06-14 00:00:00+00:00
[2024-06-14T17:23:54.263-0300] {processor.py:183} INFO - Processing /home/maira/projeto_indicium_engineering/venv/lib/python3.10/site-packages/airflow/example_dags/example_branch_labels.py took 0.063 seconds
[2024-06-14T17:25:01.747-0300] {processor.py:161} INFO - Started process (PID=95171) to work on /home/maira/projeto_indicium_engineering/venv/lib/python3.10/site-packages/airflow/example_dags/example_branch_labels.py
[2024-06-14T17:25:01.749-0300] {processor.py:830} INFO - Processing file /home/maira/projeto_indicium_engineering/venv/lib/python3.10/site-packages/airflow/example_dags/example_branch_labels.py for tasks to queue
[2024-06-14T17:25:01.751-0300] {logging_mixin.py:188} INFO - [2024-06-14T17:25:01.751-0300] {dagbag.py:545} INFO - Filling up the DagBag from /home/maira/projeto_indicium_engineering/venv/lib/python3.10/site-packages/airflow/example_dags/example_branch_labels.py
[2024-06-14T17:25:01.761-0300] {processor.py:840} INFO - DAG(s) 'example_branch_labels' retrieved from /home/maira/projeto_indicium_engineering/venv/lib/python3.10/site-packages/airflow/example_dags/example_branch_labels.py
[2024-06-14T17:25:01.777-0300] {logging_mixin.py:188} INFO - [2024-06-14T17:25:01.777-0300] {dag.py:3096} INFO - Sync 1 DAGs
[2024-06-14T17:25:01.796-0300] {logging_mixin.py:188} INFO - [2024-06-14T17:25:01.796-0300] {dag.py:3954} INFO - Setting next_dagrun for example_branch_labels to 2024-06-13 00:00:00+00:00, run_after=2024-06-14 00:00:00+00:00
[2024-06-14T17:25:01.816-0300] {processor.py:183} INFO - Processing /home/maira/projeto_indicium_engineering/venv/lib/python3.10/site-packages/airflow/example_dags/example_branch_labels.py took 0.076 seconds
[2024-06-14T17:26:06.980-0300] {processor.py:161} INFO - Started process (PID=95495) to work on /home/maira/projeto_indicium_engineering/venv/lib/python3.10/site-packages/airflow/example_dags/example_branch_labels.py
[2024-06-14T17:26:06.981-0300] {processor.py:830} INFO - Processing file /home/maira/projeto_indicium_engineering/venv/lib/python3.10/site-packages/airflow/example_dags/example_branch_labels.py for tasks to queue
[2024-06-14T17:26:06.983-0300] {logging_mixin.py:188} INFO - [2024-06-14T17:26:06.983-0300] {dagbag.py:545} INFO - Filling up the DagBag from /home/maira/projeto_indicium_engineering/venv/lib/python3.10/site-packages/airflow/example_dags/example_branch_labels.py
[2024-06-14T17:26:06.989-0300] {processor.py:840} INFO - DAG(s) 'example_branch_labels' retrieved from /home/maira/projeto_indicium_engineering/venv/lib/python3.10/site-packages/airflow/example_dags/example_branch_labels.py
[2024-06-14T17:26:07.001-0300] {logging_mixin.py:188} INFO - [2024-06-14T17:26:07.001-0300] {dag.py:3096} INFO - Sync 1 DAGs
[2024-06-14T17:26:07.015-0300] {logging_mixin.py:188} INFO - [2024-06-14T17:26:07.015-0300] {dag.py:3954} INFO - Setting next_dagrun for example_branch_labels to 2024-06-13 00:00:00+00:00, run_after=2024-06-14 00:00:00+00:00
[2024-06-14T17:26:07.038-0300] {processor.py:183} INFO - Processing /home/maira/projeto_indicium_engineering/venv/lib/python3.10/site-packages/airflow/example_dags/example_branch_labels.py took 0.063 seconds
[2024-06-14T17:27:03.026-0300] {processor.py:161} INFO - Started process (PID=95773) to work on /home/maira/projeto_indicium_engineering/venv/lib/python3.10/site-packages/airflow/example_dags/example_branch_labels.py
[2024-06-14T17:27:03.028-0300] {processor.py:830} INFO - Processing file /home/maira/projeto_indicium_engineering/venv/lib/python3.10/site-packages/airflow/example_dags/example_branch_labels.py for tasks to queue
[2024-06-14T17:27:03.029-0300] {logging_mixin.py:188} INFO - [2024-06-14T17:27:03.029-0300] {dagbag.py:545} INFO - Filling up the DagBag from /home/maira/projeto_indicium_engineering/venv/lib/python3.10/site-packages/airflow/example_dags/example_branch_labels.py
[2024-06-14T17:27:03.037-0300] {processor.py:840} INFO - DAG(s) 'example_branch_labels' retrieved from /home/maira/projeto_indicium_engineering/venv/lib/python3.10/site-packages/airflow/example_dags/example_branch_labels.py
[2024-06-14T17:27:03.050-0300] {logging_mixin.py:188} INFO - [2024-06-14T17:27:03.049-0300] {dag.py:3096} INFO - Sync 1 DAGs
[2024-06-14T17:27:03.064-0300] {logging_mixin.py:188} INFO - [2024-06-14T17:27:03.064-0300] {dag.py:3954} INFO - Setting next_dagrun for example_branch_labels to 2024-06-13 00:00:00+00:00, run_after=2024-06-14 00:00:00+00:00
[2024-06-14T17:27:03.090-0300] {processor.py:183} INFO - Processing /home/maira/projeto_indicium_engineering/venv/lib/python3.10/site-packages/airflow/example_dags/example_branch_labels.py took 0.069 seconds
[2024-06-14T17:28:03.750-0300] {processor.py:161} INFO - Started process (PID=96073) to work on /home/maira/projeto_indicium_engineering/venv/lib/python3.10/site-packages/airflow/example_dags/example_branch_labels.py
[2024-06-14T17:28:03.751-0300] {processor.py:830} INFO - Processing file /home/maira/projeto_indicium_engineering/venv/lib/python3.10/site-packages/airflow/example_dags/example_branch_labels.py for tasks to queue
[2024-06-14T17:28:03.753-0300] {logging_mixin.py:188} INFO - [2024-06-14T17:28:03.753-0300] {dagbag.py:545} INFO - Filling up the DagBag from /home/maira/projeto_indicium_engineering/venv/lib/python3.10/site-packages/airflow/example_dags/example_branch_labels.py
[2024-06-14T17:28:03.760-0300] {processor.py:840} INFO - DAG(s) 'example_branch_labels' retrieved from /home/maira/projeto_indicium_engineering/venv/lib/python3.10/site-packages/airflow/example_dags/example_branch_labels.py
[2024-06-14T17:28:03.772-0300] {logging_mixin.py:188} INFO - [2024-06-14T17:28:03.771-0300] {dag.py:3096} INFO - Sync 1 DAGs
[2024-06-14T17:28:03.785-0300] {logging_mixin.py:188} INFO - [2024-06-14T17:28:03.785-0300] {dag.py:3954} INFO - Setting next_dagrun for example_branch_labels to 2024-06-13 00:00:00+00:00, run_after=2024-06-14 00:00:00+00:00
[2024-06-14T17:28:03.808-0300] {processor.py:183} INFO - Processing /home/maira/projeto_indicium_engineering/venv/lib/python3.10/site-packages/airflow/example_dags/example_branch_labels.py took 0.063 seconds
[2024-06-14T17:29:01.130-0300] {processor.py:161} INFO - Started process (PID=96358) to work on /home/maira/projeto_indicium_engineering/venv/lib/python3.10/site-packages/airflow/example_dags/example_branch_labels.py
[2024-06-14T17:29:01.133-0300] {processor.py:830} INFO - Processing file /home/maira/projeto_indicium_engineering/venv/lib/python3.10/site-packages/airflow/example_dags/example_branch_labels.py for tasks to queue
[2024-06-14T17:29:01.134-0300] {logging_mixin.py:188} INFO - [2024-06-14T17:29:01.134-0300] {dagbag.py:545} INFO - Filling up the DagBag from /home/maira/projeto_indicium_engineering/venv/lib/python3.10/site-packages/airflow/example_dags/example_branch_labels.py
[2024-06-14T17:29:01.141-0300] {processor.py:840} INFO - DAG(s) 'example_branch_labels' retrieved from /home/maira/projeto_indicium_engineering/venv/lib/python3.10/site-packages/airflow/example_dags/example_branch_labels.py
[2024-06-14T17:29:01.153-0300] {logging_mixin.py:188} INFO - [2024-06-14T17:29:01.153-0300] {dag.py:3096} INFO - Sync 1 DAGs
[2024-06-14T17:29:01.167-0300] {logging_mixin.py:188} INFO - [2024-06-14T17:29:01.167-0300] {dag.py:3954} INFO - Setting next_dagrun for example_branch_labels to 2024-06-13 00:00:00+00:00, run_after=2024-06-14 00:00:00+00:00
[2024-06-14T17:29:01.190-0300] {processor.py:183} INFO - Processing /home/maira/projeto_indicium_engineering/venv/lib/python3.10/site-packages/airflow/example_dags/example_branch_labels.py took 0.065 seconds
[2024-06-14T17:29:57.954-0300] {processor.py:161} INFO - Started process (PID=96639) to work on /home/maira/projeto_indicium_engineering/venv/lib/python3.10/site-packages/airflow/example_dags/example_branch_labels.py
[2024-06-14T17:29:57.956-0300] {processor.py:830} INFO - Processing file /home/maira/projeto_indicium_engineering/venv/lib/python3.10/site-packages/airflow/example_dags/example_branch_labels.py for tasks to queue
[2024-06-14T17:29:57.957-0300] {logging_mixin.py:188} INFO - [2024-06-14T17:29:57.957-0300] {dagbag.py:545} INFO - Filling up the DagBag from /home/maira/projeto_indicium_engineering/venv/lib/python3.10/site-packages/airflow/example_dags/example_branch_labels.py
[2024-06-14T17:29:57.963-0300] {processor.py:840} INFO - DAG(s) 'example_branch_labels' retrieved from /home/maira/projeto_indicium_engineering/venv/lib/python3.10/site-packages/airflow/example_dags/example_branch_labels.py
[2024-06-14T17:29:57.975-0300] {logging_mixin.py:188} INFO - [2024-06-14T17:29:57.975-0300] {dag.py:3096} INFO - Sync 1 DAGs
[2024-06-14T17:29:57.989-0300] {logging_mixin.py:188} INFO - [2024-06-14T17:29:57.989-0300] {dag.py:3954} INFO - Setting next_dagrun for example_branch_labels to 2024-06-13 00:00:00+00:00, run_after=2024-06-14 00:00:00+00:00
[2024-06-14T17:29:58.012-0300] {processor.py:183} INFO - Processing /home/maira/projeto_indicium_engineering/venv/lib/python3.10/site-packages/airflow/example_dags/example_branch_labels.py took 0.062 seconds
[2024-06-14T17:30:59.174-0300] {processor.py:161} INFO - Started process (PID=96944) to work on /home/maira/projeto_indicium_engineering/venv/lib/python3.10/site-packages/airflow/example_dags/example_branch_labels.py
[2024-06-14T17:30:59.176-0300] {processor.py:830} INFO - Processing file /home/maira/projeto_indicium_engineering/venv/lib/python3.10/site-packages/airflow/example_dags/example_branch_labels.py for tasks to queue
[2024-06-14T17:30:59.177-0300] {logging_mixin.py:188} INFO - [2024-06-14T17:30:59.177-0300] {dagbag.py:545} INFO - Filling up the DagBag from /home/maira/projeto_indicium_engineering/venv/lib/python3.10/site-packages/airflow/example_dags/example_branch_labels.py
[2024-06-14T17:30:59.185-0300] {processor.py:840} INFO - DAG(s) 'example_branch_labels' retrieved from /home/maira/projeto_indicium_engineering/venv/lib/python3.10/site-packages/airflow/example_dags/example_branch_labels.py
[2024-06-14T17:30:59.197-0300] {logging_mixin.py:188} INFO - [2024-06-14T17:30:59.197-0300] {dag.py:3096} INFO - Sync 1 DAGs
[2024-06-14T17:30:59.214-0300] {logging_mixin.py:188} INFO - [2024-06-14T17:30:59.214-0300] {dag.py:3954} INFO - Setting next_dagrun for example_branch_labels to 2024-06-13 00:00:00+00:00, run_after=2024-06-14 00:00:00+00:00
[2024-06-14T17:30:59.240-0300] {processor.py:183} INFO - Processing /home/maira/projeto_indicium_engineering/venv/lib/python3.10/site-packages/airflow/example_dags/example_branch_labels.py took 0.073 seconds
[2024-06-14T17:32:05.998-0300] {processor.py:161} INFO - Started process (PID=97273) to work on /home/maira/projeto_indicium_engineering/venv/lib/python3.10/site-packages/airflow/example_dags/example_branch_labels.py
[2024-06-14T17:32:06.003-0300] {processor.py:830} INFO - Processing file /home/maira/projeto_indicium_engineering/venv/lib/python3.10/site-packages/airflow/example_dags/example_branch_labels.py for tasks to queue
[2024-06-14T17:32:06.005-0300] {logging_mixin.py:188} INFO - [2024-06-14T17:32:06.005-0300] {dagbag.py:545} INFO - Filling up the DagBag from /home/maira/projeto_indicium_engineering/venv/lib/python3.10/site-packages/airflow/example_dags/example_branch_labels.py
[2024-06-14T17:32:06.011-0300] {processor.py:840} INFO - DAG(s) 'example_branch_labels' retrieved from /home/maira/projeto_indicium_engineering/venv/lib/python3.10/site-packages/airflow/example_dags/example_branch_labels.py
[2024-06-14T17:32:06.023-0300] {logging_mixin.py:188} INFO - [2024-06-14T17:32:06.023-0300] {dag.py:3096} INFO - Sync 1 DAGs
[2024-06-14T17:32:06.037-0300] {logging_mixin.py:188} INFO - [2024-06-14T17:32:06.037-0300] {dag.py:3954} INFO - Setting next_dagrun for example_branch_labels to 2024-06-13 00:00:00+00:00, run_after=2024-06-14 00:00:00+00:00
[2024-06-14T17:32:06.060-0300] {processor.py:183} INFO - Processing /home/maira/projeto_indicium_engineering/venv/lib/python3.10/site-packages/airflow/example_dags/example_branch_labels.py took 0.068 seconds
[2024-06-14T17:33:10.069-0300] {processor.py:161} INFO - Started process (PID=97588) to work on /home/maira/projeto_indicium_engineering/venv/lib/python3.10/site-packages/airflow/example_dags/example_branch_labels.py
[2024-06-14T17:33:10.072-0300] {processor.py:830} INFO - Processing file /home/maira/projeto_indicium_engineering/venv/lib/python3.10/site-packages/airflow/example_dags/example_branch_labels.py for tasks to queue
[2024-06-14T17:33:10.073-0300] {logging_mixin.py:188} INFO - [2024-06-14T17:33:10.073-0300] {dagbag.py:545} INFO - Filling up the DagBag from /home/maira/projeto_indicium_engineering/venv/lib/python3.10/site-packages/airflow/example_dags/example_branch_labels.py
[2024-06-14T17:33:10.080-0300] {processor.py:840} INFO - DAG(s) 'example_branch_labels' retrieved from /home/maira/projeto_indicium_engineering/venv/lib/python3.10/site-packages/airflow/example_dags/example_branch_labels.py
[2024-06-14T17:33:10.092-0300] {logging_mixin.py:188} INFO - [2024-06-14T17:33:10.092-0300] {dag.py:3096} INFO - Sync 1 DAGs
[2024-06-14T17:33:10.106-0300] {logging_mixin.py:188} INFO - [2024-06-14T17:33:10.106-0300] {dag.py:3954} INFO - Setting next_dagrun for example_branch_labels to 2024-06-13 00:00:00+00:00, run_after=2024-06-14 00:00:00+00:00
[2024-06-14T17:33:10.130-0300] {processor.py:183} INFO - Processing /home/maira/projeto_indicium_engineering/venv/lib/python3.10/site-packages/airflow/example_dags/example_branch_labels.py took 0.065 seconds
[2024-06-14T17:34:07.782-0300] {processor.py:161} INFO - Started process (PID=97876) to work on /home/maira/projeto_indicium_engineering/venv/lib/python3.10/site-packages/airflow/example_dags/example_branch_labels.py
[2024-06-14T17:34:07.783-0300] {processor.py:830} INFO - Processing file /home/maira/projeto_indicium_engineering/venv/lib/python3.10/site-packages/airflow/example_dags/example_branch_labels.py for tasks to queue
[2024-06-14T17:34:07.785-0300] {logging_mixin.py:188} INFO - [2024-06-14T17:34:07.785-0300] {dagbag.py:545} INFO - Filling up the DagBag from /home/maira/projeto_indicium_engineering/venv/lib/python3.10/site-packages/airflow/example_dags/example_branch_labels.py
[2024-06-14T17:34:07.792-0300] {processor.py:840} INFO - DAG(s) 'example_branch_labels' retrieved from /home/maira/projeto_indicium_engineering/venv/lib/python3.10/site-packages/airflow/example_dags/example_branch_labels.py
[2024-06-14T17:34:07.804-0300] {logging_mixin.py:188} INFO - [2024-06-14T17:34:07.804-0300] {dag.py:3096} INFO - Sync 1 DAGs
[2024-06-14T17:34:07.819-0300] {logging_mixin.py:188} INFO - [2024-06-14T17:34:07.819-0300] {dag.py:3954} INFO - Setting next_dagrun for example_branch_labels to 2024-06-13 00:00:00+00:00, run_after=2024-06-14 00:00:00+00:00
[2024-06-14T17:34:07.842-0300] {processor.py:183} INFO - Processing /home/maira/projeto_indicium_engineering/venv/lib/python3.10/site-packages/airflow/example_dags/example_branch_labels.py took 0.065 seconds
[2024-06-14T17:35:06.017-0300] {processor.py:161} INFO - Started process (PID=98168) to work on /home/maira/projeto_indicium_engineering/venv/lib/python3.10/site-packages/airflow/example_dags/example_branch_labels.py
[2024-06-14T17:35:06.019-0300] {processor.py:830} INFO - Processing file /home/maira/projeto_indicium_engineering/venv/lib/python3.10/site-packages/airflow/example_dags/example_branch_labels.py for tasks to queue
[2024-06-14T17:35:06.021-0300] {logging_mixin.py:188} INFO - [2024-06-14T17:35:06.020-0300] {dagbag.py:545} INFO - Filling up the DagBag from /home/maira/projeto_indicium_engineering/venv/lib/python3.10/site-packages/airflow/example_dags/example_branch_labels.py
[2024-06-14T17:35:06.026-0300] {processor.py:840} INFO - DAG(s) 'example_branch_labels' retrieved from /home/maira/projeto_indicium_engineering/venv/lib/python3.10/site-packages/airflow/example_dags/example_branch_labels.py
[2024-06-14T17:35:06.039-0300] {logging_mixin.py:188} INFO - [2024-06-14T17:35:06.038-0300] {dag.py:3096} INFO - Sync 1 DAGs
[2024-06-14T17:35:06.053-0300] {logging_mixin.py:188} INFO - [2024-06-14T17:35:06.053-0300] {dag.py:3954} INFO - Setting next_dagrun for example_branch_labels to 2024-06-13 00:00:00+00:00, run_after=2024-06-14 00:00:00+00:00
[2024-06-14T17:35:06.076-0300] {processor.py:183} INFO - Processing /home/maira/projeto_indicium_engineering/venv/lib/python3.10/site-packages/airflow/example_dags/example_branch_labels.py took 0.065 seconds
[2024-06-14T17:36:06.951-0300] {processor.py:161} INFO - Started process (PID=98469) to work on /home/maira/projeto_indicium_engineering/venv/lib/python3.10/site-packages/airflow/example_dags/example_branch_labels.py
[2024-06-14T17:36:06.953-0300] {processor.py:830} INFO - Processing file /home/maira/projeto_indicium_engineering/venv/lib/python3.10/site-packages/airflow/example_dags/example_branch_labels.py for tasks to queue
[2024-06-14T17:36:06.955-0300] {logging_mixin.py:188} INFO - [2024-06-14T17:36:06.955-0300] {dagbag.py:545} INFO - Filling up the DagBag from /home/maira/projeto_indicium_engineering/venv/lib/python3.10/site-packages/airflow/example_dags/example_branch_labels.py
[2024-06-14T17:36:06.963-0300] {processor.py:840} INFO - DAG(s) 'example_branch_labels' retrieved from /home/maira/projeto_indicium_engineering/venv/lib/python3.10/site-packages/airflow/example_dags/example_branch_labels.py
[2024-06-14T17:36:06.975-0300] {logging_mixin.py:188} INFO - [2024-06-14T17:36:06.975-0300] {dag.py:3096} INFO - Sync 1 DAGs
[2024-06-14T17:36:06.989-0300] {logging_mixin.py:188} INFO - [2024-06-14T17:36:06.988-0300] {dag.py:3954} INFO - Setting next_dagrun for example_branch_labels to 2024-06-13 00:00:00+00:00, run_after=2024-06-14 00:00:00+00:00
[2024-06-14T17:36:07.013-0300] {processor.py:183} INFO - Processing /home/maira/projeto_indicium_engineering/venv/lib/python3.10/site-packages/airflow/example_dags/example_branch_labels.py took 0.067 seconds
[2024-06-14T17:37:09.227-0300] {processor.py:161} INFO - Started process (PID=98776) to work on /home/maira/projeto_indicium_engineering/venv/lib/python3.10/site-packages/airflow/example_dags/example_branch_labels.py
[2024-06-14T17:37:09.230-0300] {processor.py:830} INFO - Processing file /home/maira/projeto_indicium_engineering/venv/lib/python3.10/site-packages/airflow/example_dags/example_branch_labels.py for tasks to queue
[2024-06-14T17:37:09.231-0300] {logging_mixin.py:188} INFO - [2024-06-14T17:37:09.231-0300] {dagbag.py:545} INFO - Filling up the DagBag from /home/maira/projeto_indicium_engineering/venv/lib/python3.10/site-packages/airflow/example_dags/example_branch_labels.py
[2024-06-14T17:37:09.237-0300] {processor.py:840} INFO - DAG(s) 'example_branch_labels' retrieved from /home/maira/projeto_indicium_engineering/venv/lib/python3.10/site-packages/airflow/example_dags/example_branch_labels.py
[2024-06-14T17:37:09.249-0300] {logging_mixin.py:188} INFO - [2024-06-14T17:37:09.249-0300] {dag.py:3096} INFO - Sync 1 DAGs
[2024-06-14T17:37:09.264-0300] {logging_mixin.py:188} INFO - [2024-06-14T17:37:09.263-0300] {dag.py:3954} INFO - Setting next_dagrun for example_branch_labels to 2024-06-13 00:00:00+00:00, run_after=2024-06-14 00:00:00+00:00
[2024-06-14T17:37:09.291-0300] {processor.py:183} INFO - Processing /home/maira/projeto_indicium_engineering/venv/lib/python3.10/site-packages/airflow/example_dags/example_branch_labels.py took 0.069 seconds
[2024-06-14T17:38:07.847-0300] {processor.py:161} INFO - Started process (PID=99068) to work on /home/maira/projeto_indicium_engineering/venv/lib/python3.10/site-packages/airflow/example_dags/example_branch_labels.py
[2024-06-14T17:38:07.848-0300] {processor.py:830} INFO - Processing file /home/maira/projeto_indicium_engineering/venv/lib/python3.10/site-packages/airflow/example_dags/example_branch_labels.py for tasks to queue
[2024-06-14T17:38:07.849-0300] {logging_mixin.py:188} INFO - [2024-06-14T17:38:07.849-0300] {dagbag.py:545} INFO - Filling up the DagBag from /home/maira/projeto_indicium_engineering/venv/lib/python3.10/site-packages/airflow/example_dags/example_branch_labels.py
[2024-06-14T17:38:07.856-0300] {processor.py:840} INFO - DAG(s) 'example_branch_labels' retrieved from /home/maira/projeto_indicium_engineering/venv/lib/python3.10/site-packages/airflow/example_dags/example_branch_labels.py
[2024-06-14T17:38:07.869-0300] {logging_mixin.py:188} INFO - [2024-06-14T17:38:07.869-0300] {dag.py:3096} INFO - Sync 1 DAGs
[2024-06-14T17:38:07.883-0300] {logging_mixin.py:188} INFO - [2024-06-14T17:38:07.882-0300] {dag.py:3954} INFO - Setting next_dagrun for example_branch_labels to 2024-06-13 00:00:00+00:00, run_after=2024-06-14 00:00:00+00:00
[2024-06-14T17:38:07.908-0300] {processor.py:183} INFO - Processing /home/maira/projeto_indicium_engineering/venv/lib/python3.10/site-packages/airflow/example_dags/example_branch_labels.py took 0.066 seconds
[2024-06-14T17:39:05.542-0300] {processor.py:161} INFO - Started process (PID=99355) to work on /home/maira/projeto_indicium_engineering/venv/lib/python3.10/site-packages/airflow/example_dags/example_branch_labels.py
[2024-06-14T17:39:05.544-0300] {processor.py:830} INFO - Processing file /home/maira/projeto_indicium_engineering/venv/lib/python3.10/site-packages/airflow/example_dags/example_branch_labels.py for tasks to queue
[2024-06-14T17:39:05.546-0300] {logging_mixin.py:188} INFO - [2024-06-14T17:39:05.546-0300] {dagbag.py:545} INFO - Filling up the DagBag from /home/maira/projeto_indicium_engineering/venv/lib/python3.10/site-packages/airflow/example_dags/example_branch_labels.py
[2024-06-14T17:39:05.553-0300] {processor.py:840} INFO - DAG(s) 'example_branch_labels' retrieved from /home/maira/projeto_indicium_engineering/venv/lib/python3.10/site-packages/airflow/example_dags/example_branch_labels.py
[2024-06-14T17:39:05.565-0300] {logging_mixin.py:188} INFO - [2024-06-14T17:39:05.565-0300] {dag.py:3096} INFO - Sync 1 DAGs
[2024-06-14T17:39:05.580-0300] {logging_mixin.py:188} INFO - [2024-06-14T17:39:05.580-0300] {dag.py:3954} INFO - Setting next_dagrun for example_branch_labels to 2024-06-13 00:00:00+00:00, run_after=2024-06-14 00:00:00+00:00
[2024-06-14T17:39:05.605-0300] {processor.py:183} INFO - Processing /home/maira/projeto_indicium_engineering/venv/lib/python3.10/site-packages/airflow/example_dags/example_branch_labels.py took 0.067 seconds
[2024-06-14T17:40:05.017-0300] {processor.py:161} INFO - Started process (PID=99650) to work on /home/maira/projeto_indicium_engineering/venv/lib/python3.10/site-packages/airflow/example_dags/example_branch_labels.py
[2024-06-14T17:40:05.021-0300] {processor.py:830} INFO - Processing file /home/maira/projeto_indicium_engineering/venv/lib/python3.10/site-packages/airflow/example_dags/example_branch_labels.py for tasks to queue
[2024-06-14T17:40:05.024-0300] {logging_mixin.py:188} INFO - [2024-06-14T17:40:05.023-0300] {dagbag.py:545} INFO - Filling up the DagBag from /home/maira/projeto_indicium_engineering/venv/lib/python3.10/site-packages/airflow/example_dags/example_branch_labels.py
[2024-06-14T17:40:05.029-0300] {processor.py:840} INFO - DAG(s) 'example_branch_labels' retrieved from /home/maira/projeto_indicium_engineering/venv/lib/python3.10/site-packages/airflow/example_dags/example_branch_labels.py
[2024-06-14T17:40:05.041-0300] {logging_mixin.py:188} INFO - [2024-06-14T17:40:05.041-0300] {dag.py:3096} INFO - Sync 1 DAGs
[2024-06-14T17:40:05.056-0300] {logging_mixin.py:188} INFO - [2024-06-14T17:40:05.055-0300] {dag.py:3954} INFO - Setting next_dagrun for example_branch_labels to 2024-06-13 00:00:00+00:00, run_after=2024-06-14 00:00:00+00:00
[2024-06-14T17:40:05.078-0300] {processor.py:183} INFO - Processing /home/maira/projeto_indicium_engineering/venv/lib/python3.10/site-packages/airflow/example_dags/example_branch_labels.py took 0.066 seconds
[2024-06-14T17:41:06.630-0300] {processor.py:161} INFO - Started process (PID=99953) to work on /home/maira/projeto_indicium_engineering/venv/lib/python3.10/site-packages/airflow/example_dags/example_branch_labels.py
[2024-06-14T17:41:06.632-0300] {processor.py:830} INFO - Processing file /home/maira/projeto_indicium_engineering/venv/lib/python3.10/site-packages/airflow/example_dags/example_branch_labels.py for tasks to queue
[2024-06-14T17:41:06.634-0300] {logging_mixin.py:188} INFO - [2024-06-14T17:41:06.634-0300] {dagbag.py:545} INFO - Filling up the DagBag from /home/maira/projeto_indicium_engineering/venv/lib/python3.10/site-packages/airflow/example_dags/example_branch_labels.py
[2024-06-14T17:41:06.641-0300] {processor.py:840} INFO - DAG(s) 'example_branch_labels' retrieved from /home/maira/projeto_indicium_engineering/venv/lib/python3.10/site-packages/airflow/example_dags/example_branch_labels.py
[2024-06-14T17:41:06.653-0300] {logging_mixin.py:188} INFO - [2024-06-14T17:41:06.653-0300] {dag.py:3096} INFO - Sync 1 DAGs
[2024-06-14T17:41:06.667-0300] {logging_mixin.py:188} INFO - [2024-06-14T17:41:06.667-0300] {dag.py:3954} INFO - Setting next_dagrun for example_branch_labels to 2024-06-13 00:00:00+00:00, run_after=2024-06-14 00:00:00+00:00
[2024-06-14T17:41:06.689-0300] {processor.py:183} INFO - Processing /home/maira/projeto_indicium_engineering/venv/lib/python3.10/site-packages/airflow/example_dags/example_branch_labels.py took 0.064 seconds
[2024-06-14T17:42:09.702-0300] {processor.py:161} INFO - Started process (PID=100264) to work on /home/maira/projeto_indicium_engineering/venv/lib/python3.10/site-packages/airflow/example_dags/example_branch_labels.py
[2024-06-14T17:42:09.704-0300] {processor.py:830} INFO - Processing file /home/maira/projeto_indicium_engineering/venv/lib/python3.10/site-packages/airflow/example_dags/example_branch_labels.py for tasks to queue
[2024-06-14T17:42:09.705-0300] {logging_mixin.py:188} INFO - [2024-06-14T17:42:09.705-0300] {dagbag.py:545} INFO - Filling up the DagBag from /home/maira/projeto_indicium_engineering/venv/lib/python3.10/site-packages/airflow/example_dags/example_branch_labels.py
[2024-06-14T17:42:09.712-0300] {processor.py:840} INFO - DAG(s) 'example_branch_labels' retrieved from /home/maira/projeto_indicium_engineering/venv/lib/python3.10/site-packages/airflow/example_dags/example_branch_labels.py
[2024-06-14T17:42:09.724-0300] {logging_mixin.py:188} INFO - [2024-06-14T17:42:09.724-0300] {dag.py:3096} INFO - Sync 1 DAGs
[2024-06-14T17:42:09.739-0300] {logging_mixin.py:188} INFO - [2024-06-14T17:42:09.739-0300] {dag.py:3954} INFO - Setting next_dagrun for example_branch_labels to 2024-06-13 00:00:00+00:00, run_after=2024-06-14 00:00:00+00:00
[2024-06-14T17:42:09.764-0300] {processor.py:183} INFO - Processing /home/maira/projeto_indicium_engineering/venv/lib/python3.10/site-packages/airflow/example_dags/example_branch_labels.py took 0.067 seconds
[2024-06-14T17:43:08.333-0300] {processor.py:161} INFO - Started process (PID=100557) to work on /home/maira/projeto_indicium_engineering/venv/lib/python3.10/site-packages/airflow/example_dags/example_branch_labels.py
[2024-06-14T17:43:08.335-0300] {processor.py:830} INFO - Processing file /home/maira/projeto_indicium_engineering/venv/lib/python3.10/site-packages/airflow/example_dags/example_branch_labels.py for tasks to queue
[2024-06-14T17:43:08.336-0300] {logging_mixin.py:188} INFO - [2024-06-14T17:43:08.336-0300] {dagbag.py:545} INFO - Filling up the DagBag from /home/maira/projeto_indicium_engineering/venv/lib/python3.10/site-packages/airflow/example_dags/example_branch_labels.py
[2024-06-14T17:43:08.343-0300] {processor.py:840} INFO - DAG(s) 'example_branch_labels' retrieved from /home/maira/projeto_indicium_engineering/venv/lib/python3.10/site-packages/airflow/example_dags/example_branch_labels.py
[2024-06-14T17:43:08.356-0300] {logging_mixin.py:188} INFO - [2024-06-14T17:43:08.356-0300] {dag.py:3096} INFO - Sync 1 DAGs
[2024-06-14T17:43:08.371-0300] {logging_mixin.py:188} INFO - [2024-06-14T17:43:08.371-0300] {dag.py:3954} INFO - Setting next_dagrun for example_branch_labels to 2024-06-13 00:00:00+00:00, run_after=2024-06-14 00:00:00+00:00
[2024-06-14T17:43:08.394-0300] {processor.py:183} INFO - Processing /home/maira/projeto_indicium_engineering/venv/lib/python3.10/site-packages/airflow/example_dags/example_branch_labels.py took 0.065 seconds
[2024-06-14T17:44:03.748-0300] {processor.py:161} INFO - Started process (PID=100834) to work on /home/maira/projeto_indicium_engineering/venv/lib/python3.10/site-packages/airflow/example_dags/example_branch_labels.py
[2024-06-14T17:44:03.749-0300] {processor.py:830} INFO - Processing file /home/maira/projeto_indicium_engineering/venv/lib/python3.10/site-packages/airflow/example_dags/example_branch_labels.py for tasks to queue
[2024-06-14T17:44:03.750-0300] {logging_mixin.py:188} INFO - [2024-06-14T17:44:03.750-0300] {dagbag.py:545} INFO - Filling up the DagBag from /home/maira/projeto_indicium_engineering/venv/lib/python3.10/site-packages/airflow/example_dags/example_branch_labels.py
[2024-06-14T17:44:03.759-0300] {processor.py:840} INFO - DAG(s) 'example_branch_labels' retrieved from /home/maira/projeto_indicium_engineering/venv/lib/python3.10/site-packages/airflow/example_dags/example_branch_labels.py
[2024-06-14T17:44:03.774-0300] {logging_mixin.py:188} INFO - [2024-06-14T17:44:03.774-0300] {dag.py:3096} INFO - Sync 1 DAGs
[2024-06-14T17:44:03.796-0300] {logging_mixin.py:188} INFO - [2024-06-14T17:44:03.796-0300] {dag.py:3954} INFO - Setting next_dagrun for example_branch_labels to 2024-06-13 00:00:00+00:00, run_after=2024-06-14 00:00:00+00:00
[2024-06-14T17:44:03.821-0300] {processor.py:183} INFO - Processing /home/maira/projeto_indicium_engineering/venv/lib/python3.10/site-packages/airflow/example_dags/example_branch_labels.py took 0.077 seconds
[2024-06-14T17:45:01.672-0300] {processor.py:161} INFO - Started process (PID=101121) to work on /home/maira/projeto_indicium_engineering/venv/lib/python3.10/site-packages/airflow/example_dags/example_branch_labels.py
[2024-06-14T17:45:01.674-0300] {processor.py:830} INFO - Processing file /home/maira/projeto_indicium_engineering/venv/lib/python3.10/site-packages/airflow/example_dags/example_branch_labels.py for tasks to queue
[2024-06-14T17:45:01.675-0300] {logging_mixin.py:188} INFO - [2024-06-14T17:45:01.675-0300] {dagbag.py:545} INFO - Filling up the DagBag from /home/maira/projeto_indicium_engineering/venv/lib/python3.10/site-packages/airflow/example_dags/example_branch_labels.py
[2024-06-14T17:45:01.681-0300] {processor.py:840} INFO - DAG(s) 'example_branch_labels' retrieved from /home/maira/projeto_indicium_engineering/venv/lib/python3.10/site-packages/airflow/example_dags/example_branch_labels.py
[2024-06-14T17:45:01.693-0300] {logging_mixin.py:188} INFO - [2024-06-14T17:45:01.693-0300] {dag.py:3096} INFO - Sync 1 DAGs
[2024-06-14T17:45:01.708-0300] {logging_mixin.py:188} INFO - [2024-06-14T17:45:01.708-0300] {dag.py:3954} INFO - Setting next_dagrun for example_branch_labels to 2024-06-13 00:00:00+00:00, run_after=2024-06-14 00:00:00+00:00
[2024-06-14T17:45:01.732-0300] {processor.py:183} INFO - Processing /home/maira/projeto_indicium_engineering/venv/lib/python3.10/site-packages/airflow/example_dags/example_branch_labels.py took 0.065 seconds
[2024-06-14T17:46:02.286-0300] {processor.py:161} INFO - Started process (PID=101424) to work on /home/maira/projeto_indicium_engineering/venv/lib/python3.10/site-packages/airflow/example_dags/example_branch_labels.py
[2024-06-14T17:46:02.288-0300] {processor.py:830} INFO - Processing file /home/maira/projeto_indicium_engineering/venv/lib/python3.10/site-packages/airflow/example_dags/example_branch_labels.py for tasks to queue
[2024-06-14T17:46:02.289-0300] {logging_mixin.py:188} INFO - [2024-06-14T17:46:02.289-0300] {dagbag.py:545} INFO - Filling up the DagBag from /home/maira/projeto_indicium_engineering/venv/lib/python3.10/site-packages/airflow/example_dags/example_branch_labels.py
[2024-06-14T17:46:02.296-0300] {processor.py:840} INFO - DAG(s) 'example_branch_labels' retrieved from /home/maira/projeto_indicium_engineering/venv/lib/python3.10/site-packages/airflow/example_dags/example_branch_labels.py
[2024-06-14T17:46:02.308-0300] {logging_mixin.py:188} INFO - [2024-06-14T17:46:02.308-0300] {dag.py:3096} INFO - Sync 1 DAGs
[2024-06-14T17:46:02.323-0300] {logging_mixin.py:188} INFO - [2024-06-14T17:46:02.323-0300] {dag.py:3954} INFO - Setting next_dagrun for example_branch_labels to 2024-06-13 00:00:00+00:00, run_after=2024-06-14 00:00:00+00:00
[2024-06-14T17:46:02.347-0300] {processor.py:183} INFO - Processing /home/maira/projeto_indicium_engineering/venv/lib/python3.10/site-packages/airflow/example_dags/example_branch_labels.py took 0.065 seconds
[2024-06-14T17:47:05.161-0300] {processor.py:161} INFO - Started process (PID=101736) to work on /home/maira/projeto_indicium_engineering/venv/lib/python3.10/site-packages/airflow/example_dags/example_branch_labels.py
[2024-06-14T17:47:05.163-0300] {processor.py:830} INFO - Processing file /home/maira/projeto_indicium_engineering/venv/lib/python3.10/site-packages/airflow/example_dags/example_branch_labels.py for tasks to queue
[2024-06-14T17:47:05.165-0300] {logging_mixin.py:188} INFO - [2024-06-14T17:47:05.164-0300] {dagbag.py:545} INFO - Filling up the DagBag from /home/maira/projeto_indicium_engineering/venv/lib/python3.10/site-packages/airflow/example_dags/example_branch_labels.py
[2024-06-14T17:47:05.171-0300] {processor.py:840} INFO - DAG(s) 'example_branch_labels' retrieved from /home/maira/projeto_indicium_engineering/venv/lib/python3.10/site-packages/airflow/example_dags/example_branch_labels.py
[2024-06-14T17:47:05.183-0300] {logging_mixin.py:188} INFO - [2024-06-14T17:47:05.183-0300] {dag.py:3096} INFO - Sync 1 DAGs
[2024-06-14T17:47:05.198-0300] {logging_mixin.py:188} INFO - [2024-06-14T17:47:05.197-0300] {dag.py:3954} INFO - Setting next_dagrun for example_branch_labels to 2024-06-13 00:00:00+00:00, run_after=2024-06-14 00:00:00+00:00
[2024-06-14T17:47:05.220-0300] {processor.py:183} INFO - Processing /home/maira/projeto_indicium_engineering/venv/lib/python3.10/site-packages/airflow/example_dags/example_branch_labels.py took 0.064 seconds
[2024-06-14T17:48:01.933-0300] {processor.py:161} INFO - Started process (PID=102017) to work on /home/maira/projeto_indicium_engineering/venv/lib/python3.10/site-packages/airflow/example_dags/example_branch_labels.py
[2024-06-14T17:48:01.935-0300] {processor.py:830} INFO - Processing file /home/maira/projeto_indicium_engineering/venv/lib/python3.10/site-packages/airflow/example_dags/example_branch_labels.py for tasks to queue
[2024-06-14T17:48:01.936-0300] {logging_mixin.py:188} INFO - [2024-06-14T17:48:01.936-0300] {dagbag.py:545} INFO - Filling up the DagBag from /home/maira/projeto_indicium_engineering/venv/lib/python3.10/site-packages/airflow/example_dags/example_branch_labels.py
[2024-06-14T17:48:01.944-0300] {processor.py:840} INFO - DAG(s) 'example_branch_labels' retrieved from /home/maira/projeto_indicium_engineering/venv/lib/python3.10/site-packages/airflow/example_dags/example_branch_labels.py
[2024-06-14T17:48:01.959-0300] {logging_mixin.py:188} INFO - [2024-06-14T17:48:01.959-0300] {dag.py:3096} INFO - Sync 1 DAGs
[2024-06-14T17:48:01.978-0300] {logging_mixin.py:188} INFO - [2024-06-14T17:48:01.978-0300] {dag.py:3954} INFO - Setting next_dagrun for example_branch_labels to 2024-06-13 00:00:00+00:00, run_after=2024-06-14 00:00:00+00:00
[2024-06-14T17:48:02.005-0300] {processor.py:183} INFO - Processing /home/maira/projeto_indicium_engineering/venv/lib/python3.10/site-packages/airflow/example_dags/example_branch_labels.py took 0.076 seconds
[2024-06-14T17:49:07.309-0300] {processor.py:161} INFO - Started process (PID=102339) to work on /home/maira/projeto_indicium_engineering/venv/lib/python3.10/site-packages/airflow/example_dags/example_branch_labels.py
[2024-06-14T17:49:07.310-0300] {processor.py:830} INFO - Processing file /home/maira/projeto_indicium_engineering/venv/lib/python3.10/site-packages/airflow/example_dags/example_branch_labels.py for tasks to queue
[2024-06-14T17:49:07.312-0300] {logging_mixin.py:188} INFO - [2024-06-14T17:49:07.312-0300] {dagbag.py:545} INFO - Filling up the DagBag from /home/maira/projeto_indicium_engineering/venv/lib/python3.10/site-packages/airflow/example_dags/example_branch_labels.py
[2024-06-14T17:49:07.319-0300] {processor.py:840} INFO - DAG(s) 'example_branch_labels' retrieved from /home/maira/projeto_indicium_engineering/venv/lib/python3.10/site-packages/airflow/example_dags/example_branch_labels.py
[2024-06-14T17:49:07.331-0300] {logging_mixin.py:188} INFO - [2024-06-14T17:49:07.331-0300] {dag.py:3096} INFO - Sync 1 DAGs
[2024-06-14T17:49:07.345-0300] {logging_mixin.py:188} INFO - [2024-06-14T17:49:07.345-0300] {dag.py:3954} INFO - Setting next_dagrun for example_branch_labels to 2024-06-13 00:00:00+00:00, run_after=2024-06-14 00:00:00+00:00
[2024-06-14T17:49:07.370-0300] {processor.py:183} INFO - Processing /home/maira/projeto_indicium_engineering/venv/lib/python3.10/site-packages/airflow/example_dags/example_branch_labels.py took 0.066 seconds
[2024-06-14T17:50:10.031-0300] {processor.py:161} INFO - Started process (PID=102649) to work on /home/maira/projeto_indicium_engineering/venv/lib/python3.10/site-packages/airflow/example_dags/example_branch_labels.py
[2024-06-14T17:50:10.033-0300] {processor.py:830} INFO - Processing file /home/maira/projeto_indicium_engineering/venv/lib/python3.10/site-packages/airflow/example_dags/example_branch_labels.py for tasks to queue
[2024-06-14T17:50:10.034-0300] {logging_mixin.py:188} INFO - [2024-06-14T17:50:10.034-0300] {dagbag.py:545} INFO - Filling up the DagBag from /home/maira/projeto_indicium_engineering/venv/lib/python3.10/site-packages/airflow/example_dags/example_branch_labels.py
[2024-06-14T17:50:10.040-0300] {processor.py:840} INFO - DAG(s) 'example_branch_labels' retrieved from /home/maira/projeto_indicium_engineering/venv/lib/python3.10/site-packages/airflow/example_dags/example_branch_labels.py
[2024-06-14T17:50:10.053-0300] {logging_mixin.py:188} INFO - [2024-06-14T17:50:10.052-0300] {dag.py:3096} INFO - Sync 1 DAGs
[2024-06-14T17:50:10.067-0300] {logging_mixin.py:188} INFO - [2024-06-14T17:50:10.067-0300] {dag.py:3954} INFO - Setting next_dagrun for example_branch_labels to 2024-06-13 00:00:00+00:00, run_after=2024-06-14 00:00:00+00:00
[2024-06-14T17:50:10.088-0300] {processor.py:183} INFO - Processing /home/maira/projeto_indicium_engineering/venv/lib/python3.10/site-packages/airflow/example_dags/example_branch_labels.py took 0.061 seconds
[2024-06-14T17:51:09.638-0300] {processor.py:161} INFO - Started process (PID=102945) to work on /home/maira/projeto_indicium_engineering/venv/lib/python3.10/site-packages/airflow/example_dags/example_branch_labels.py
[2024-06-14T17:51:09.640-0300] {processor.py:830} INFO - Processing file /home/maira/projeto_indicium_engineering/venv/lib/python3.10/site-packages/airflow/example_dags/example_branch_labels.py for tasks to queue
[2024-06-14T17:51:09.641-0300] {logging_mixin.py:188} INFO - [2024-06-14T17:51:09.641-0300] {dagbag.py:545} INFO - Filling up the DagBag from /home/maira/projeto_indicium_engineering/venv/lib/python3.10/site-packages/airflow/example_dags/example_branch_labels.py
[2024-06-14T17:51:09.648-0300] {processor.py:840} INFO - DAG(s) 'example_branch_labels' retrieved from /home/maira/projeto_indicium_engineering/venv/lib/python3.10/site-packages/airflow/example_dags/example_branch_labels.py
[2024-06-14T17:51:09.660-0300] {logging_mixin.py:188} INFO - [2024-06-14T17:51:09.660-0300] {dag.py:3096} INFO - Sync 1 DAGs
[2024-06-14T17:51:09.675-0300] {logging_mixin.py:188} INFO - [2024-06-14T17:51:09.675-0300] {dag.py:3954} INFO - Setting next_dagrun for example_branch_labels to 2024-06-13 00:00:00+00:00, run_after=2024-06-14 00:00:00+00:00
[2024-06-14T17:51:09.696-0300] {processor.py:183} INFO - Processing /home/maira/projeto_indicium_engineering/venv/lib/python3.10/site-packages/airflow/example_dags/example_branch_labels.py took 0.063 seconds
[2024-06-14T20:52:21.833-0300] {processor.py:161} INFO - Started process (PID=103663) to work on /home/maira/projeto_indicium_engineering/venv/lib/python3.10/site-packages/airflow/example_dags/example_branch_labels.py
[2024-06-14T20:52:21.835-0300] {processor.py:830} INFO - Processing file /home/maira/projeto_indicium_engineering/venv/lib/python3.10/site-packages/airflow/example_dags/example_branch_labels.py for tasks to queue
[2024-06-14T20:52:21.837-0300] {logging_mixin.py:188} INFO - [2024-06-14T20:52:21.836-0300] {dagbag.py:545} INFO - Filling up the DagBag from /home/maira/projeto_indicium_engineering/venv/lib/python3.10/site-packages/airflow/example_dags/example_branch_labels.py
[2024-06-14T20:52:21.843-0300] {processor.py:840} INFO - DAG(s) 'example_branch_labels' retrieved from /home/maira/projeto_indicium_engineering/venv/lib/python3.10/site-packages/airflow/example_dags/example_branch_labels.py
[2024-06-14T20:52:21.855-0300] {logging_mixin.py:188} INFO - [2024-06-14T20:52:21.855-0300] {dag.py:3096} INFO - Sync 1 DAGs
[2024-06-14T20:52:21.870-0300] {logging_mixin.py:188} INFO - [2024-06-14T20:52:21.870-0300] {dag.py:3954} INFO - Setting next_dagrun for example_branch_labels to 2024-06-13 00:00:00+00:00, run_after=2024-06-14 00:00:00+00:00
[2024-06-14T20:52:21.905-0300] {processor.py:183} INFO - Processing /home/maira/projeto_indicium_engineering/venv/lib/python3.10/site-packages/airflow/example_dags/example_branch_labels.py took 0.077 seconds
[2024-06-14T20:53:19.360-0300] {processor.py:161} INFO - Started process (PID=103941) to work on /home/maira/projeto_indicium_engineering/venv/lib/python3.10/site-packages/airflow/example_dags/example_branch_labels.py
[2024-06-14T20:53:19.361-0300] {processor.py:830} INFO - Processing file /home/maira/projeto_indicium_engineering/venv/lib/python3.10/site-packages/airflow/example_dags/example_branch_labels.py for tasks to queue
[2024-06-14T20:53:19.363-0300] {logging_mixin.py:188} INFO - [2024-06-14T20:53:19.362-0300] {dagbag.py:545} INFO - Filling up the DagBag from /home/maira/projeto_indicium_engineering/venv/lib/python3.10/site-packages/airflow/example_dags/example_branch_labels.py
[2024-06-14T20:53:19.369-0300] {processor.py:840} INFO - DAG(s) 'example_branch_labels' retrieved from /home/maira/projeto_indicium_engineering/venv/lib/python3.10/site-packages/airflow/example_dags/example_branch_labels.py
[2024-06-14T20:53:19.381-0300] {logging_mixin.py:188} INFO - [2024-06-14T20:53:19.380-0300] {dag.py:3096} INFO - Sync 1 DAGs
[2024-06-14T20:53:19.396-0300] {logging_mixin.py:188} INFO - [2024-06-14T20:53:19.396-0300] {dag.py:3954} INFO - Setting next_dagrun for example_branch_labels to 2024-06-13 00:00:00+00:00, run_after=2024-06-14 00:00:00+00:00
[2024-06-14T20:53:19.423-0300] {processor.py:183} INFO - Processing /home/maira/projeto_indicium_engineering/venv/lib/python3.10/site-packages/airflow/example_dags/example_branch_labels.py took 0.067 seconds
