[2024-06-14T16:31:07.406-0300] {processor.py:161} INFO - Started process (PID=86497) to work on /home/maira/projeto_indicium_engineering/venv/lib/python3.10/site-packages/airflow/example_dags/example_display_name.py
[2024-06-14T16:31:07.407-0300] {processor.py:830} INFO - Processing file /home/maira/projeto_indicium_engineering/venv/lib/python3.10/site-packages/airflow/example_dags/example_display_name.py for tasks to queue
[2024-06-14T16:31:07.409-0300] {logging_mixin.py:188} INFO - [2024-06-14T16:31:07.409-0300] {dagbag.py:545} INFO - Filling up the DagBag from /home/maira/projeto_indicium_engineering/venv/lib/python3.10/site-packages/airflow/example_dags/example_display_name.py
[2024-06-14T16:31:07.416-0300] {processor.py:840} INFO - DAG(s) 'example_display_name' retrieved from /home/maira/projeto_indicium_engineering/venv/lib/python3.10/site-packages/airflow/example_dags/example_display_name.py
[2024-06-14T16:31:07.532-0300] {logging_mixin.py:188} INFO - [2024-06-14T16:31:07.531-0300] {override.py:1829} INFO - Created Permission View: can edit on DAG:example_display_name
[2024-06-14T16:31:07.547-0300] {logging_mixin.py:188} INFO - [2024-06-14T16:31:07.546-0300] {override.py:1829} INFO - Created Permission View: can delete on DAG:example_display_name
[2024-06-14T16:31:07.557-0300] {logging_mixin.py:188} INFO - [2024-06-14T16:31:07.557-0300] {override.py:1829} INFO - Created Permission View: can read on DAG:example_display_name
[2024-06-14T16:31:07.558-0300] {logging_mixin.py:188} INFO - [2024-06-14T16:31:07.557-0300] {dag.py:3096} INFO - Sync 1 DAGs
[2024-06-14T16:31:07.650-0300] {logging_mixin.py:188} INFO - [2024-06-14T16:31:07.650-0300] {dag.py:3118} INFO - Creating ORM DAG for example_display_name
[2024-06-14T16:31:07.651-0300] {logging_mixin.py:188} INFO - [2024-06-14T16:31:07.651-0300] {dag.py:3954} INFO - Setting next_dagrun for example_display_name to None, run_after=None
[2024-06-14T16:31:07.675-0300] {processor.py:183} INFO - Processing /home/maira/projeto_indicium_engineering/venv/lib/python3.10/site-packages/airflow/example_dags/example_display_name.py took 0.276 seconds
[2024-06-14T16:32:03.225-0300] {processor.py:161} INFO - Started process (PID=86767) to work on /home/maira/projeto_indicium_engineering/venv/lib/python3.10/site-packages/airflow/example_dags/example_display_name.py
[2024-06-14T16:32:03.229-0300] {processor.py:830} INFO - Processing file /home/maira/projeto_indicium_engineering/venv/lib/python3.10/site-packages/airflow/example_dags/example_display_name.py for tasks to queue
[2024-06-14T16:32:03.231-0300] {logging_mixin.py:188} INFO - [2024-06-14T16:32:03.231-0300] {dagbag.py:545} INFO - Filling up the DagBag from /home/maira/projeto_indicium_engineering/venv/lib/python3.10/site-packages/airflow/example_dags/example_display_name.py
[2024-06-14T16:32:03.235-0300] {processor.py:840} INFO - DAG(s) 'example_display_name' retrieved from /home/maira/projeto_indicium_engineering/venv/lib/python3.10/site-packages/airflow/example_dags/example_display_name.py
[2024-06-14T16:32:03.246-0300] {logging_mixin.py:188} INFO - [2024-06-14T16:32:03.245-0300] {dag.py:3096} INFO - Sync 1 DAGs
[2024-06-14T16:32:03.253-0300] {logging_mixin.py:188} INFO - [2024-06-14T16:32:03.253-0300] {dag.py:3954} INFO - Setting next_dagrun for example_display_name to None, run_after=None
[2024-06-14T16:32:03.275-0300] {processor.py:183} INFO - Processing /home/maira/projeto_indicium_engineering/venv/lib/python3.10/site-packages/airflow/example_dags/example_display_name.py took 0.055 seconds
[2024-06-14T16:32:53.951-0300] {processor.py:161} INFO - Started process (PID=87018) to work on /home/maira/projeto_indicium_engineering/venv/lib/python3.10/site-packages/airflow/example_dags/example_display_name.py
[2024-06-14T16:32:53.953-0300] {processor.py:830} INFO - Processing file /home/maira/projeto_indicium_engineering/venv/lib/python3.10/site-packages/airflow/example_dags/example_display_name.py for tasks to queue
[2024-06-14T16:32:53.955-0300] {logging_mixin.py:188} INFO - [2024-06-14T16:32:53.955-0300] {dagbag.py:545} INFO - Filling up the DagBag from /home/maira/projeto_indicium_engineering/venv/lib/python3.10/site-packages/airflow/example_dags/example_display_name.py
[2024-06-14T16:32:53.959-0300] {processor.py:840} INFO - DAG(s) 'example_display_name' retrieved from /home/maira/projeto_indicium_engineering/venv/lib/python3.10/site-packages/airflow/example_dags/example_display_name.py
[2024-06-14T16:32:53.970-0300] {logging_mixin.py:188} INFO - [2024-06-14T16:32:53.970-0300] {dag.py:3096} INFO - Sync 1 DAGs
[2024-06-14T16:32:53.977-0300] {logging_mixin.py:188} INFO - [2024-06-14T16:32:53.977-0300] {dag.py:3954} INFO - Setting next_dagrun for example_display_name to None, run_after=None
[2024-06-14T16:32:54.000-0300] {processor.py:183} INFO - Processing /home/maira/projeto_indicium_engineering/venv/lib/python3.10/site-packages/airflow/example_dags/example_display_name.py took 0.054 seconds
[2024-06-14T16:33:59.962-0300] {processor.py:161} INFO - Started process (PID=87340) to work on /home/maira/projeto_indicium_engineering/venv/lib/python3.10/site-packages/airflow/example_dags/example_display_name.py
[2024-06-14T16:33:59.964-0300] {processor.py:830} INFO - Processing file /home/maira/projeto_indicium_engineering/venv/lib/python3.10/site-packages/airflow/example_dags/example_display_name.py for tasks to queue
[2024-06-14T16:33:59.965-0300] {logging_mixin.py:188} INFO - [2024-06-14T16:33:59.965-0300] {dagbag.py:545} INFO - Filling up the DagBag from /home/maira/projeto_indicium_engineering/venv/lib/python3.10/site-packages/airflow/example_dags/example_display_name.py
[2024-06-14T16:33:59.971-0300] {processor.py:840} INFO - DAG(s) 'example_display_name' retrieved from /home/maira/projeto_indicium_engineering/venv/lib/python3.10/site-packages/airflow/example_dags/example_display_name.py
[2024-06-14T16:33:59.982-0300] {logging_mixin.py:188} INFO - [2024-06-14T16:33:59.982-0300] {dag.py:3096} INFO - Sync 1 DAGs
[2024-06-14T16:33:59.990-0300] {logging_mixin.py:188} INFO - [2024-06-14T16:33:59.990-0300] {dag.py:3954} INFO - Setting next_dagrun for example_display_name to None, run_after=None
[2024-06-14T16:34:00.014-0300] {processor.py:183} INFO - Processing /home/maira/projeto_indicium_engineering/venv/lib/python3.10/site-packages/airflow/example_dags/example_display_name.py took 0.056 seconds
[2024-06-14T16:34:59.359-0300] {processor.py:161} INFO - Started process (PID=87635) to work on /home/maira/projeto_indicium_engineering/venv/lib/python3.10/site-packages/airflow/example_dags/example_display_name.py
[2024-06-14T16:34:59.363-0300] {processor.py:830} INFO - Processing file /home/maira/projeto_indicium_engineering/venv/lib/python3.10/site-packages/airflow/example_dags/example_display_name.py for tasks to queue
[2024-06-14T16:34:59.365-0300] {logging_mixin.py:188} INFO - [2024-06-14T16:34:59.364-0300] {dagbag.py:545} INFO - Filling up the DagBag from /home/maira/projeto_indicium_engineering/venv/lib/python3.10/site-packages/airflow/example_dags/example_display_name.py
[2024-06-14T16:34:59.371-0300] {processor.py:840} INFO - DAG(s) 'example_display_name' retrieved from /home/maira/projeto_indicium_engineering/venv/lib/python3.10/site-packages/airflow/example_dags/example_display_name.py
[2024-06-14T16:34:59.385-0300] {logging_mixin.py:188} INFO - [2024-06-14T16:34:59.385-0300] {dag.py:3096} INFO - Sync 1 DAGs
[2024-06-14T16:34:59.398-0300] {logging_mixin.py:188} INFO - [2024-06-14T16:34:59.397-0300] {dag.py:3954} INFO - Setting next_dagrun for example_display_name to None, run_after=None
[2024-06-14T16:34:59.422-0300] {processor.py:183} INFO - Processing /home/maira/projeto_indicium_engineering/venv/lib/python3.10/site-packages/airflow/example_dags/example_display_name.py took 0.068 seconds
[2024-06-14T16:35:55.373-0300] {processor.py:161} INFO - Started process (PID=87916) to work on /home/maira/projeto_indicium_engineering/venv/lib/python3.10/site-packages/airflow/example_dags/example_display_name.py
[2024-06-14T16:35:55.374-0300] {processor.py:830} INFO - Processing file /home/maira/projeto_indicium_engineering/venv/lib/python3.10/site-packages/airflow/example_dags/example_display_name.py for tasks to queue
[2024-06-14T16:35:55.376-0300] {logging_mixin.py:188} INFO - [2024-06-14T16:35:55.376-0300] {dagbag.py:545} INFO - Filling up the DagBag from /home/maira/projeto_indicium_engineering/venv/lib/python3.10/site-packages/airflow/example_dags/example_display_name.py
[2024-06-14T16:35:55.381-0300] {processor.py:840} INFO - DAG(s) 'example_display_name' retrieved from /home/maira/projeto_indicium_engineering/venv/lib/python3.10/site-packages/airflow/example_dags/example_display_name.py
[2024-06-14T16:35:55.392-0300] {logging_mixin.py:188} INFO - [2024-06-14T16:35:55.392-0300] {dag.py:3096} INFO - Sync 1 DAGs
[2024-06-14T16:35:55.401-0300] {logging_mixin.py:188} INFO - [2024-06-14T16:35:55.400-0300] {dag.py:3954} INFO - Setting next_dagrun for example_display_name to None, run_after=None
[2024-06-14T16:35:55.421-0300] {processor.py:183} INFO - Processing /home/maira/projeto_indicium_engineering/venv/lib/python3.10/site-packages/airflow/example_dags/example_display_name.py took 0.054 seconds
[2024-06-14T16:36:54.873-0300] {processor.py:161} INFO - Started process (PID=88211) to work on /home/maira/projeto_indicium_engineering/venv/lib/python3.10/site-packages/airflow/example_dags/example_display_name.py
[2024-06-14T16:36:54.874-0300] {processor.py:830} INFO - Processing file /home/maira/projeto_indicium_engineering/venv/lib/python3.10/site-packages/airflow/example_dags/example_display_name.py for tasks to queue
[2024-06-14T16:36:54.875-0300] {logging_mixin.py:188} INFO - [2024-06-14T16:36:54.875-0300] {dagbag.py:545} INFO - Filling up the DagBag from /home/maira/projeto_indicium_engineering/venv/lib/python3.10/site-packages/airflow/example_dags/example_display_name.py
[2024-06-14T16:36:54.881-0300] {processor.py:840} INFO - DAG(s) 'example_display_name' retrieved from /home/maira/projeto_indicium_engineering/venv/lib/python3.10/site-packages/airflow/example_dags/example_display_name.py
[2024-06-14T16:36:54.892-0300] {logging_mixin.py:188} INFO - [2024-06-14T16:36:54.891-0300] {dag.py:3096} INFO - Sync 1 DAGs
[2024-06-14T16:36:54.900-0300] {logging_mixin.py:188} INFO - [2024-06-14T16:36:54.900-0300] {dag.py:3954} INFO - Setting next_dagrun for example_display_name to None, run_after=None
[2024-06-14T16:36:54.924-0300] {processor.py:183} INFO - Processing /home/maira/projeto_indicium_engineering/venv/lib/python3.10/site-packages/airflow/example_dags/example_display_name.py took 0.056 seconds
[2024-06-14T16:37:57.638-0300] {processor.py:161} INFO - Started process (PID=88521) to work on /home/maira/projeto_indicium_engineering/venv/lib/python3.10/site-packages/airflow/example_dags/example_display_name.py
[2024-06-14T16:37:57.640-0300] {processor.py:830} INFO - Processing file /home/maira/projeto_indicium_engineering/venv/lib/python3.10/site-packages/airflow/example_dags/example_display_name.py for tasks to queue
[2024-06-14T16:37:57.641-0300] {logging_mixin.py:188} INFO - [2024-06-14T16:37:57.641-0300] {dagbag.py:545} INFO - Filling up the DagBag from /home/maira/projeto_indicium_engineering/venv/lib/python3.10/site-packages/airflow/example_dags/example_display_name.py
[2024-06-14T16:37:57.646-0300] {processor.py:840} INFO - DAG(s) 'example_display_name' retrieved from /home/maira/projeto_indicium_engineering/venv/lib/python3.10/site-packages/airflow/example_dags/example_display_name.py
[2024-06-14T16:37:57.656-0300] {logging_mixin.py:188} INFO - [2024-06-14T16:37:57.656-0300] {dag.py:3096} INFO - Sync 1 DAGs
[2024-06-14T16:37:57.665-0300] {logging_mixin.py:188} INFO - [2024-06-14T16:37:57.664-0300] {dag.py:3954} INFO - Setting next_dagrun for example_display_name to None, run_after=None
[2024-06-14T16:37:57.688-0300] {processor.py:183} INFO - Processing /home/maira/projeto_indicium_engineering/venv/lib/python3.10/site-packages/airflow/example_dags/example_display_name.py took 0.055 seconds
[2024-06-14T16:39:03.379-0300] {processor.py:161} INFO - Started process (PID=88845) to work on /home/maira/projeto_indicium_engineering/venv/lib/python3.10/site-packages/airflow/example_dags/example_display_name.py
[2024-06-14T16:39:03.381-0300] {processor.py:830} INFO - Processing file /home/maira/projeto_indicium_engineering/venv/lib/python3.10/site-packages/airflow/example_dags/example_display_name.py for tasks to queue
[2024-06-14T16:39:03.382-0300] {logging_mixin.py:188} INFO - [2024-06-14T16:39:03.382-0300] {dagbag.py:545} INFO - Filling up the DagBag from /home/maira/projeto_indicium_engineering/venv/lib/python3.10/site-packages/airflow/example_dags/example_display_name.py
[2024-06-14T16:39:03.388-0300] {processor.py:840} INFO - DAG(s) 'example_display_name' retrieved from /home/maira/projeto_indicium_engineering/venv/lib/python3.10/site-packages/airflow/example_dags/example_display_name.py
[2024-06-14T16:39:03.399-0300] {logging_mixin.py:188} INFO - [2024-06-14T16:39:03.398-0300] {dag.py:3096} INFO - Sync 1 DAGs
[2024-06-14T16:39:03.407-0300] {logging_mixin.py:188} INFO - [2024-06-14T16:39:03.407-0300] {dag.py:3954} INFO - Setting next_dagrun for example_display_name to None, run_after=None
[2024-06-14T16:39:03.431-0300] {processor.py:183} INFO - Processing /home/maira/projeto_indicium_engineering/venv/lib/python3.10/site-packages/airflow/example_dags/example_display_name.py took 0.056 seconds
[2024-06-14T16:40:04.985-0300] {processor.py:161} INFO - Started process (PID=89150) to work on /home/maira/projeto_indicium_engineering/venv/lib/python3.10/site-packages/airflow/example_dags/example_display_name.py
[2024-06-14T16:40:04.987-0300] {processor.py:830} INFO - Processing file /home/maira/projeto_indicium_engineering/venv/lib/python3.10/site-packages/airflow/example_dags/example_display_name.py for tasks to queue
[2024-06-14T16:40:04.989-0300] {logging_mixin.py:188} INFO - [2024-06-14T16:40:04.989-0300] {dagbag.py:545} INFO - Filling up the DagBag from /home/maira/projeto_indicium_engineering/venv/lib/python3.10/site-packages/airflow/example_dags/example_display_name.py
[2024-06-14T16:40:04.993-0300] {processor.py:840} INFO - DAG(s) 'example_display_name' retrieved from /home/maira/projeto_indicium_engineering/venv/lib/python3.10/site-packages/airflow/example_dags/example_display_name.py
[2024-06-14T16:40:05.004-0300] {logging_mixin.py:188} INFO - [2024-06-14T16:40:05.004-0300] {dag.py:3096} INFO - Sync 1 DAGs
[2024-06-14T16:40:05.012-0300] {logging_mixin.py:188} INFO - [2024-06-14T16:40:05.011-0300] {dag.py:3954} INFO - Setting next_dagrun for example_display_name to None, run_after=None
[2024-06-14T16:40:05.037-0300] {processor.py:183} INFO - Processing /home/maira/projeto_indicium_engineering/venv/lib/python3.10/site-packages/airflow/example_dags/example_display_name.py took 0.057 seconds
[2024-06-14T16:41:00.010-0300] {processor.py:161} INFO - Started process (PID=89423) to work on /home/maira/projeto_indicium_engineering/venv/lib/python3.10/site-packages/airflow/example_dags/example_display_name.py
[2024-06-14T16:41:00.012-0300] {processor.py:830} INFO - Processing file /home/maira/projeto_indicium_engineering/venv/lib/python3.10/site-packages/airflow/example_dags/example_display_name.py for tasks to queue
[2024-06-14T16:41:00.013-0300] {logging_mixin.py:188} INFO - [2024-06-14T16:41:00.013-0300] {dagbag.py:545} INFO - Filling up the DagBag from /home/maira/projeto_indicium_engineering/venv/lib/python3.10/site-packages/airflow/example_dags/example_display_name.py
[2024-06-14T16:41:00.018-0300] {processor.py:840} INFO - DAG(s) 'example_display_name' retrieved from /home/maira/projeto_indicium_engineering/venv/lib/python3.10/site-packages/airflow/example_dags/example_display_name.py
[2024-06-14T16:41:00.029-0300] {logging_mixin.py:188} INFO - [2024-06-14T16:41:00.029-0300] {dag.py:3096} INFO - Sync 1 DAGs
[2024-06-14T16:41:00.037-0300] {logging_mixin.py:188} INFO - [2024-06-14T16:41:00.037-0300] {dag.py:3954} INFO - Setting next_dagrun for example_display_name to None, run_after=None
[2024-06-14T16:41:00.060-0300] {processor.py:183} INFO - Processing /home/maira/projeto_indicium_engineering/venv/lib/python3.10/site-packages/airflow/example_dags/example_display_name.py took 0.055 seconds
[2024-06-14T16:41:59.551-0300] {processor.py:161} INFO - Started process (PID=89717) to work on /home/maira/projeto_indicium_engineering/venv/lib/python3.10/site-packages/airflow/example_dags/example_display_name.py
[2024-06-14T16:41:59.553-0300] {processor.py:830} INFO - Processing file /home/maira/projeto_indicium_engineering/venv/lib/python3.10/site-packages/airflow/example_dags/example_display_name.py for tasks to queue
[2024-06-14T16:41:59.555-0300] {logging_mixin.py:188} INFO - [2024-06-14T16:41:59.555-0300] {dagbag.py:545} INFO - Filling up the DagBag from /home/maira/projeto_indicium_engineering/venv/lib/python3.10/site-packages/airflow/example_dags/example_display_name.py
[2024-06-14T16:41:59.561-0300] {processor.py:840} INFO - DAG(s) 'example_display_name' retrieved from /home/maira/projeto_indicium_engineering/venv/lib/python3.10/site-packages/airflow/example_dags/example_display_name.py
[2024-06-14T16:41:59.573-0300] {logging_mixin.py:188} INFO - [2024-06-14T16:41:59.572-0300] {dag.py:3096} INFO - Sync 1 DAGs
[2024-06-14T16:41:59.581-0300] {logging_mixin.py:188} INFO - [2024-06-14T16:41:59.581-0300] {dag.py:3954} INFO - Setting next_dagrun for example_display_name to None, run_after=None
[2024-06-14T16:41:59.603-0300] {processor.py:183} INFO - Processing /home/maira/projeto_indicium_engineering/venv/lib/python3.10/site-packages/airflow/example_dags/example_display_name.py took 0.057 seconds
[2024-06-14T16:42:57.261-0300] {processor.py:161} INFO - Started process (PID=90005) to work on /home/maira/projeto_indicium_engineering/venv/lib/python3.10/site-packages/airflow/example_dags/example_display_name.py
[2024-06-14T16:42:57.266-0300] {processor.py:830} INFO - Processing file /home/maira/projeto_indicium_engineering/venv/lib/python3.10/site-packages/airflow/example_dags/example_display_name.py for tasks to queue
[2024-06-14T16:42:57.268-0300] {logging_mixin.py:188} INFO - [2024-06-14T16:42:57.267-0300] {dagbag.py:545} INFO - Filling up the DagBag from /home/maira/projeto_indicium_engineering/venv/lib/python3.10/site-packages/airflow/example_dags/example_display_name.py
[2024-06-14T16:42:57.272-0300] {processor.py:840} INFO - DAG(s) 'example_display_name' retrieved from /home/maira/projeto_indicium_engineering/venv/lib/python3.10/site-packages/airflow/example_dags/example_display_name.py
[2024-06-14T16:42:57.283-0300] {logging_mixin.py:188} INFO - [2024-06-14T16:42:57.282-0300] {dag.py:3096} INFO - Sync 1 DAGs
[2024-06-14T16:42:57.291-0300] {logging_mixin.py:188} INFO - [2024-06-14T16:42:57.291-0300] {dag.py:3954} INFO - Setting next_dagrun for example_display_name to None, run_after=None
[2024-06-14T16:42:57.316-0300] {processor.py:183} INFO - Processing /home/maira/projeto_indicium_engineering/venv/lib/python3.10/site-packages/airflow/example_dags/example_display_name.py took 0.060 seconds
[2024-06-14T16:43:57.799-0300] {processor.py:161} INFO - Started process (PID=90304) to work on /home/maira/projeto_indicium_engineering/venv/lib/python3.10/site-packages/airflow/example_dags/example_display_name.py
[2024-06-14T16:43:57.800-0300] {processor.py:830} INFO - Processing file /home/maira/projeto_indicium_engineering/venv/lib/python3.10/site-packages/airflow/example_dags/example_display_name.py for tasks to queue
[2024-06-14T16:43:57.801-0300] {logging_mixin.py:188} INFO - [2024-06-14T16:43:57.801-0300] {dagbag.py:545} INFO - Filling up the DagBag from /home/maira/projeto_indicium_engineering/venv/lib/python3.10/site-packages/airflow/example_dags/example_display_name.py
[2024-06-14T16:43:57.807-0300] {processor.py:840} INFO - DAG(s) 'example_display_name' retrieved from /home/maira/projeto_indicium_engineering/venv/lib/python3.10/site-packages/airflow/example_dags/example_display_name.py
[2024-06-14T16:43:57.818-0300] {logging_mixin.py:188} INFO - [2024-06-14T16:43:57.818-0300] {dag.py:3096} INFO - Sync 1 DAGs
[2024-06-14T16:43:57.827-0300] {logging_mixin.py:188} INFO - [2024-06-14T16:43:57.826-0300] {dag.py:3954} INFO - Setting next_dagrun for example_display_name to None, run_after=None
[2024-06-14T16:43:57.850-0300] {processor.py:183} INFO - Processing /home/maira/projeto_indicium_engineering/venv/lib/python3.10/site-packages/airflow/example_dags/example_display_name.py took 0.056 seconds
[2024-06-14T16:44:57.408-0300] {processor.py:161} INFO - Started process (PID=90600) to work on /home/maira/projeto_indicium_engineering/venv/lib/python3.10/site-packages/airflow/example_dags/example_display_name.py
[2024-06-14T16:44:57.413-0300] {processor.py:830} INFO - Processing file /home/maira/projeto_indicium_engineering/venv/lib/python3.10/site-packages/airflow/example_dags/example_display_name.py for tasks to queue
[2024-06-14T16:44:57.415-0300] {logging_mixin.py:188} INFO - [2024-06-14T16:44:57.415-0300] {dagbag.py:545} INFO - Filling up the DagBag from /home/maira/projeto_indicium_engineering/venv/lib/python3.10/site-packages/airflow/example_dags/example_display_name.py
[2024-06-14T16:44:57.419-0300] {processor.py:840} INFO - DAG(s) 'example_display_name' retrieved from /home/maira/projeto_indicium_engineering/venv/lib/python3.10/site-packages/airflow/example_dags/example_display_name.py
[2024-06-14T16:44:57.430-0300] {logging_mixin.py:188} INFO - [2024-06-14T16:44:57.430-0300] {dag.py:3096} INFO - Sync 1 DAGs
[2024-06-14T16:44:57.438-0300] {logging_mixin.py:188} INFO - [2024-06-14T16:44:57.438-0300] {dag.py:3954} INFO - Setting next_dagrun for example_display_name to None, run_after=None
[2024-06-14T16:44:57.461-0300] {processor.py:183} INFO - Processing /home/maira/projeto_indicium_engineering/venv/lib/python3.10/site-packages/airflow/example_dags/example_display_name.py took 0.058 seconds
[2024-06-14T16:45:57.105-0300] {processor.py:161} INFO - Started process (PID=90898) to work on /home/maira/projeto_indicium_engineering/venv/lib/python3.10/site-packages/airflow/example_dags/example_display_name.py
[2024-06-14T16:45:57.107-0300] {processor.py:830} INFO - Processing file /home/maira/projeto_indicium_engineering/venv/lib/python3.10/site-packages/airflow/example_dags/example_display_name.py for tasks to queue
[2024-06-14T16:45:57.108-0300] {logging_mixin.py:188} INFO - [2024-06-14T16:45:57.108-0300] {dagbag.py:545} INFO - Filling up the DagBag from /home/maira/projeto_indicium_engineering/venv/lib/python3.10/site-packages/airflow/example_dags/example_display_name.py
[2024-06-14T16:45:57.112-0300] {processor.py:840} INFO - DAG(s) 'example_display_name' retrieved from /home/maira/projeto_indicium_engineering/venv/lib/python3.10/site-packages/airflow/example_dags/example_display_name.py
[2024-06-14T16:45:57.125-0300] {logging_mixin.py:188} INFO - [2024-06-14T16:45:57.125-0300] {dag.py:3096} INFO - Sync 1 DAGs
[2024-06-14T16:45:57.134-0300] {logging_mixin.py:188} INFO - [2024-06-14T16:45:57.134-0300] {dag.py:3954} INFO - Setting next_dagrun for example_display_name to None, run_after=None
[2024-06-14T16:45:57.158-0300] {processor.py:183} INFO - Processing /home/maira/projeto_indicium_engineering/venv/lib/python3.10/site-packages/airflow/example_dags/example_display_name.py took 0.057 seconds
[2024-06-14T16:46:57.893-0300] {processor.py:161} INFO - Started process (PID=91199) to work on /home/maira/projeto_indicium_engineering/venv/lib/python3.10/site-packages/airflow/example_dags/example_display_name.py
[2024-06-14T16:46:57.898-0300] {processor.py:830} INFO - Processing file /home/maira/projeto_indicium_engineering/venv/lib/python3.10/site-packages/airflow/example_dags/example_display_name.py for tasks to queue
[2024-06-14T16:46:57.899-0300] {logging_mixin.py:188} INFO - [2024-06-14T16:46:57.899-0300] {dagbag.py:545} INFO - Filling up the DagBag from /home/maira/projeto_indicium_engineering/venv/lib/python3.10/site-packages/airflow/example_dags/example_display_name.py
[2024-06-14T16:46:57.903-0300] {processor.py:840} INFO - DAG(s) 'example_display_name' retrieved from /home/maira/projeto_indicium_engineering/venv/lib/python3.10/site-packages/airflow/example_dags/example_display_name.py
[2024-06-14T16:46:57.914-0300] {logging_mixin.py:188} INFO - [2024-06-14T16:46:57.914-0300] {dag.py:3096} INFO - Sync 1 DAGs
[2024-06-14T16:46:57.922-0300] {logging_mixin.py:188} INFO - [2024-06-14T16:46:57.922-0300] {dag.py:3954} INFO - Setting next_dagrun for example_display_name to None, run_after=None
[2024-06-14T16:46:57.947-0300] {processor.py:183} INFO - Processing /home/maira/projeto_indicium_engineering/venv/lib/python3.10/site-packages/airflow/example_dags/example_display_name.py took 0.058 seconds
[2024-06-14T16:47:55.680-0300] {processor.py:161} INFO - Started process (PID=91486) to work on /home/maira/projeto_indicium_engineering/venv/lib/python3.10/site-packages/airflow/example_dags/example_display_name.py
[2024-06-14T16:47:55.683-0300] {processor.py:830} INFO - Processing file /home/maira/projeto_indicium_engineering/venv/lib/python3.10/site-packages/airflow/example_dags/example_display_name.py for tasks to queue
[2024-06-14T16:47:55.684-0300] {logging_mixin.py:188} INFO - [2024-06-14T16:47:55.684-0300] {dagbag.py:545} INFO - Filling up the DagBag from /home/maira/projeto_indicium_engineering/venv/lib/python3.10/site-packages/airflow/example_dags/example_display_name.py
[2024-06-14T16:47:55.688-0300] {processor.py:840} INFO - DAG(s) 'example_display_name' retrieved from /home/maira/projeto_indicium_engineering/venv/lib/python3.10/site-packages/airflow/example_dags/example_display_name.py
[2024-06-14T16:47:55.699-0300] {logging_mixin.py:188} INFO - [2024-06-14T16:47:55.699-0300] {dag.py:3096} INFO - Sync 1 DAGs
[2024-06-14T16:47:55.707-0300] {logging_mixin.py:188} INFO - [2024-06-14T16:47:55.707-0300] {dag.py:3954} INFO - Setting next_dagrun for example_display_name to None, run_after=None
[2024-06-14T16:47:55.731-0300] {processor.py:183} INFO - Processing /home/maira/projeto_indicium_engineering/venv/lib/python3.10/site-packages/airflow/example_dags/example_display_name.py took 0.056 seconds
[2024-06-14T16:48:53.588-0300] {processor.py:161} INFO - Started process (PID=91774) to work on /home/maira/projeto_indicium_engineering/venv/lib/python3.10/site-packages/airflow/example_dags/example_display_name.py
[2024-06-14T16:48:53.590-0300] {processor.py:830} INFO - Processing file /home/maira/projeto_indicium_engineering/venv/lib/python3.10/site-packages/airflow/example_dags/example_display_name.py for tasks to queue
[2024-06-14T16:48:53.591-0300] {logging_mixin.py:188} INFO - [2024-06-14T16:48:53.591-0300] {dagbag.py:545} INFO - Filling up the DagBag from /home/maira/projeto_indicium_engineering/venv/lib/python3.10/site-packages/airflow/example_dags/example_display_name.py
[2024-06-14T16:48:53.598-0300] {processor.py:840} INFO - DAG(s) 'example_display_name' retrieved from /home/maira/projeto_indicium_engineering/venv/lib/python3.10/site-packages/airflow/example_dags/example_display_name.py
[2024-06-14T16:48:53.609-0300] {logging_mixin.py:188} INFO - [2024-06-14T16:48:53.609-0300] {dag.py:3096} INFO - Sync 1 DAGs
[2024-06-14T16:48:53.617-0300] {logging_mixin.py:188} INFO - [2024-06-14T16:48:53.616-0300] {dag.py:3954} INFO - Setting next_dagrun for example_display_name to None, run_after=None
[2024-06-14T16:48:53.641-0300] {processor.py:183} INFO - Processing /home/maira/projeto_indicium_engineering/venv/lib/python3.10/site-packages/airflow/example_dags/example_display_name.py took 0.059 seconds
[2024-06-14T16:49:52.284-0300] {processor.py:161} INFO - Started process (PID=92064) to work on /home/maira/projeto_indicium_engineering/venv/lib/python3.10/site-packages/airflow/example_dags/example_display_name.py
[2024-06-14T16:49:52.286-0300] {processor.py:830} INFO - Processing file /home/maira/projeto_indicium_engineering/venv/lib/python3.10/site-packages/airflow/example_dags/example_display_name.py for tasks to queue
[2024-06-14T16:49:52.287-0300] {logging_mixin.py:188} INFO - [2024-06-14T16:49:52.287-0300] {dagbag.py:545} INFO - Filling up the DagBag from /home/maira/projeto_indicium_engineering/venv/lib/python3.10/site-packages/airflow/example_dags/example_display_name.py
[2024-06-14T16:49:52.292-0300] {processor.py:840} INFO - DAG(s) 'example_display_name' retrieved from /home/maira/projeto_indicium_engineering/venv/lib/python3.10/site-packages/airflow/example_dags/example_display_name.py
[2024-06-14T16:49:52.303-0300] {logging_mixin.py:188} INFO - [2024-06-14T16:49:52.303-0300] {dag.py:3096} INFO - Sync 1 DAGs
[2024-06-14T16:49:52.311-0300] {logging_mixin.py:188} INFO - [2024-06-14T16:49:52.311-0300] {dag.py:3954} INFO - Setting next_dagrun for example_display_name to None, run_after=None
[2024-06-14T16:49:52.336-0300] {processor.py:183} INFO - Processing /home/maira/projeto_indicium_engineering/venv/lib/python3.10/site-packages/airflow/example_dags/example_display_name.py took 0.056 seconds
[2024-06-14T16:50:57.717-0300] {processor.py:161} INFO - Started process (PID=92385) to work on /home/maira/projeto_indicium_engineering/venv/lib/python3.10/site-packages/airflow/example_dags/example_display_name.py
[2024-06-14T16:50:57.719-0300] {processor.py:830} INFO - Processing file /home/maira/projeto_indicium_engineering/venv/lib/python3.10/site-packages/airflow/example_dags/example_display_name.py for tasks to queue
[2024-06-14T16:50:57.720-0300] {logging_mixin.py:188} INFO - [2024-06-14T16:50:57.720-0300] {dagbag.py:545} INFO - Filling up the DagBag from /home/maira/projeto_indicium_engineering/venv/lib/python3.10/site-packages/airflow/example_dags/example_display_name.py
[2024-06-14T16:50:57.725-0300] {processor.py:840} INFO - DAG(s) 'example_display_name' retrieved from /home/maira/projeto_indicium_engineering/venv/lib/python3.10/site-packages/airflow/example_dags/example_display_name.py
[2024-06-14T16:50:57.735-0300] {logging_mixin.py:188} INFO - [2024-06-14T16:50:57.735-0300] {dag.py:3096} INFO - Sync 1 DAGs
[2024-06-14T16:50:57.744-0300] {logging_mixin.py:188} INFO - [2024-06-14T16:50:57.744-0300] {dag.py:3954} INFO - Setting next_dagrun for example_display_name to None, run_after=None
[2024-06-14T16:50:57.767-0300] {processor.py:183} INFO - Processing /home/maira/projeto_indicium_engineering/venv/lib/python3.10/site-packages/airflow/example_dags/example_display_name.py took 0.055 seconds
[2024-06-14T16:52:01.578-0300] {processor.py:161} INFO - Started process (PID=92701) to work on /home/maira/projeto_indicium_engineering/venv/lib/python3.10/site-packages/airflow/example_dags/example_display_name.py
[2024-06-14T16:52:01.579-0300] {processor.py:830} INFO - Processing file /home/maira/projeto_indicium_engineering/venv/lib/python3.10/site-packages/airflow/example_dags/example_display_name.py for tasks to queue
[2024-06-14T16:52:01.580-0300] {logging_mixin.py:188} INFO - [2024-06-14T16:52:01.580-0300] {dagbag.py:545} INFO - Filling up the DagBag from /home/maira/projeto_indicium_engineering/venv/lib/python3.10/site-packages/airflow/example_dags/example_display_name.py
[2024-06-14T16:52:01.586-0300] {processor.py:840} INFO - DAG(s) 'example_display_name' retrieved from /home/maira/projeto_indicium_engineering/venv/lib/python3.10/site-packages/airflow/example_dags/example_display_name.py
[2024-06-14T16:52:01.597-0300] {logging_mixin.py:188} INFO - [2024-06-14T16:52:01.597-0300] {dag.py:3096} INFO - Sync 1 DAGs
[2024-06-14T16:52:01.605-0300] {logging_mixin.py:188} INFO - [2024-06-14T16:52:01.605-0300] {dag.py:3954} INFO - Setting next_dagrun for example_display_name to None, run_after=None
[2024-06-14T16:52:01.628-0300] {processor.py:183} INFO - Processing /home/maira/projeto_indicium_engineering/venv/lib/python3.10/site-packages/airflow/example_dags/example_display_name.py took 0.055 seconds
[2024-06-14T16:53:02.730-0300] {processor.py:161} INFO - Started process (PID=93004) to work on /home/maira/projeto_indicium_engineering/venv/lib/python3.10/site-packages/airflow/example_dags/example_display_name.py
[2024-06-14T16:53:02.732-0300] {processor.py:830} INFO - Processing file /home/maira/projeto_indicium_engineering/venv/lib/python3.10/site-packages/airflow/example_dags/example_display_name.py for tasks to queue
[2024-06-14T16:53:02.733-0300] {logging_mixin.py:188} INFO - [2024-06-14T16:53:02.733-0300] {dagbag.py:545} INFO - Filling up the DagBag from /home/maira/projeto_indicium_engineering/venv/lib/python3.10/site-packages/airflow/example_dags/example_display_name.py
[2024-06-14T16:53:02.740-0300] {processor.py:840} INFO - DAG(s) 'example_display_name' retrieved from /home/maira/projeto_indicium_engineering/venv/lib/python3.10/site-packages/airflow/example_dags/example_display_name.py
[2024-06-14T16:53:02.755-0300] {logging_mixin.py:188} INFO - [2024-06-14T16:53:02.755-0300] {dag.py:3096} INFO - Sync 1 DAGs
[2024-06-14T16:53:02.767-0300] {logging_mixin.py:188} INFO - [2024-06-14T16:53:02.766-0300] {dag.py:3954} INFO - Setting next_dagrun for example_display_name to None, run_after=None
[2024-06-14T16:53:02.794-0300] {processor.py:183} INFO - Processing /home/maira/projeto_indicium_engineering/venv/lib/python3.10/site-packages/airflow/example_dags/example_display_name.py took 0.069 seconds
[2024-06-14T16:54:04.630-0300] {processor.py:161} INFO - Started process (PID=93309) to work on /home/maira/projeto_indicium_engineering/venv/lib/python3.10/site-packages/airflow/example_dags/example_display_name.py
[2024-06-14T16:54:04.632-0300] {processor.py:830} INFO - Processing file /home/maira/projeto_indicium_engineering/venv/lib/python3.10/site-packages/airflow/example_dags/example_display_name.py for tasks to queue
[2024-06-14T16:54:04.633-0300] {logging_mixin.py:188} INFO - [2024-06-14T16:54:04.633-0300] {dagbag.py:545} INFO - Filling up the DagBag from /home/maira/projeto_indicium_engineering/venv/lib/python3.10/site-packages/airflow/example_dags/example_display_name.py
[2024-06-14T16:54:04.639-0300] {processor.py:840} INFO - DAG(s) 'example_display_name' retrieved from /home/maira/projeto_indicium_engineering/venv/lib/python3.10/site-packages/airflow/example_dags/example_display_name.py
[2024-06-14T16:54:04.650-0300] {logging_mixin.py:188} INFO - [2024-06-14T16:54:04.650-0300] {dag.py:3096} INFO - Sync 1 DAGs
[2024-06-14T16:54:04.658-0300] {logging_mixin.py:188} INFO - [2024-06-14T16:54:04.658-0300] {dag.py:3954} INFO - Setting next_dagrun for example_display_name to None, run_after=None
[2024-06-14T16:54:04.682-0300] {processor.py:183} INFO - Processing /home/maira/projeto_indicium_engineering/venv/lib/python3.10/site-packages/airflow/example_dags/example_display_name.py took 0.057 seconds
[2024-06-14T16:55:10.309-0300] {processor.py:161} INFO - Started process (PID=93636) to work on /home/maira/projeto_indicium_engineering/venv/lib/python3.10/site-packages/airflow/example_dags/example_display_name.py
[2024-06-14T16:55:10.310-0300] {processor.py:830} INFO - Processing file /home/maira/projeto_indicium_engineering/venv/lib/python3.10/site-packages/airflow/example_dags/example_display_name.py for tasks to queue
[2024-06-14T16:55:10.312-0300] {logging_mixin.py:188} INFO - [2024-06-14T16:55:10.311-0300] {dagbag.py:545} INFO - Filling up the DagBag from /home/maira/projeto_indicium_engineering/venv/lib/python3.10/site-packages/airflow/example_dags/example_display_name.py
[2024-06-14T16:55:10.318-0300] {processor.py:840} INFO - DAG(s) 'example_display_name' retrieved from /home/maira/projeto_indicium_engineering/venv/lib/python3.10/site-packages/airflow/example_dags/example_display_name.py
[2024-06-14T16:55:10.329-0300] {logging_mixin.py:188} INFO - [2024-06-14T16:55:10.329-0300] {dag.py:3096} INFO - Sync 1 DAGs
[2024-06-14T16:55:10.338-0300] {logging_mixin.py:188} INFO - [2024-06-14T16:55:10.337-0300] {dag.py:3954} INFO - Setting next_dagrun for example_display_name to None, run_after=None
[2024-06-14T16:55:10.363-0300] {processor.py:183} INFO - Processing /home/maira/projeto_indicium_engineering/venv/lib/python3.10/site-packages/airflow/example_dags/example_display_name.py took 0.059 seconds
[2024-06-14T17:20:49.128-0300] {processor.py:161} INFO - Started process (PID=93923) to work on /home/maira/projeto_indicium_engineering/venv/lib/python3.10/site-packages/airflow/example_dags/example_display_name.py
[2024-06-14T17:20:49.129-0300] {processor.py:830} INFO - Processing file /home/maira/projeto_indicium_engineering/venv/lib/python3.10/site-packages/airflow/example_dags/example_display_name.py for tasks to queue
[2024-06-14T17:20:49.130-0300] {logging_mixin.py:188} INFO - [2024-06-14T17:20:49.130-0300] {dagbag.py:545} INFO - Filling up the DagBag from /home/maira/projeto_indicium_engineering/venv/lib/python3.10/site-packages/airflow/example_dags/example_display_name.py
[2024-06-14T17:20:49.136-0300] {processor.py:840} INFO - DAG(s) 'example_display_name' retrieved from /home/maira/projeto_indicium_engineering/venv/lib/python3.10/site-packages/airflow/example_dags/example_display_name.py
[2024-06-14T17:20:49.146-0300] {logging_mixin.py:188} INFO - [2024-06-14T17:20:49.146-0300] {dag.py:3096} INFO - Sync 1 DAGs
[2024-06-14T17:20:49.155-0300] {logging_mixin.py:188} INFO - [2024-06-14T17:20:49.154-0300] {dag.py:3954} INFO - Setting next_dagrun for example_display_name to None, run_after=None
[2024-06-14T17:20:49.178-0300] {processor.py:183} INFO - Processing /home/maira/projeto_indicium_engineering/venv/lib/python3.10/site-packages/airflow/example_dags/example_display_name.py took 0.055 seconds
[2024-06-14T17:21:48.355-0300] {processor.py:161} INFO - Started process (PID=94218) to work on /home/maira/projeto_indicium_engineering/venv/lib/python3.10/site-packages/airflow/example_dags/example_display_name.py
[2024-06-14T17:21:48.356-0300] {processor.py:830} INFO - Processing file /home/maira/projeto_indicium_engineering/venv/lib/python3.10/site-packages/airflow/example_dags/example_display_name.py for tasks to queue
[2024-06-14T17:21:48.357-0300] {logging_mixin.py:188} INFO - [2024-06-14T17:21:48.357-0300] {dagbag.py:545} INFO - Filling up the DagBag from /home/maira/projeto_indicium_engineering/venv/lib/python3.10/site-packages/airflow/example_dags/example_display_name.py
[2024-06-14T17:21:48.362-0300] {processor.py:840} INFO - DAG(s) 'example_display_name' retrieved from /home/maira/projeto_indicium_engineering/venv/lib/python3.10/site-packages/airflow/example_dags/example_display_name.py
[2024-06-14T17:21:48.374-0300] {logging_mixin.py:188} INFO - [2024-06-14T17:21:48.373-0300] {dag.py:3096} INFO - Sync 1 DAGs
[2024-06-14T17:21:48.382-0300] {logging_mixin.py:188} INFO - [2024-06-14T17:21:48.382-0300] {dag.py:3954} INFO - Setting next_dagrun for example_display_name to None, run_after=None
[2024-06-14T17:21:48.406-0300] {processor.py:183} INFO - Processing /home/maira/projeto_indicium_engineering/venv/lib/python3.10/site-packages/airflow/example_dags/example_display_name.py took 0.056 seconds
[2024-06-14T17:22:50.179-0300] {processor.py:161} INFO - Started process (PID=94523) to work on /home/maira/projeto_indicium_engineering/venv/lib/python3.10/site-packages/airflow/example_dags/example_display_name.py
[2024-06-14T17:22:50.183-0300] {processor.py:830} INFO - Processing file /home/maira/projeto_indicium_engineering/venv/lib/python3.10/site-packages/airflow/example_dags/example_display_name.py for tasks to queue
[2024-06-14T17:22:50.185-0300] {logging_mixin.py:188} INFO - [2024-06-14T17:22:50.184-0300] {dagbag.py:545} INFO - Filling up the DagBag from /home/maira/projeto_indicium_engineering/venv/lib/python3.10/site-packages/airflow/example_dags/example_display_name.py
[2024-06-14T17:22:50.189-0300] {processor.py:840} INFO - DAG(s) 'example_display_name' retrieved from /home/maira/projeto_indicium_engineering/venv/lib/python3.10/site-packages/airflow/example_dags/example_display_name.py
[2024-06-14T17:22:50.200-0300] {logging_mixin.py:188} INFO - [2024-06-14T17:22:50.200-0300] {dag.py:3096} INFO - Sync 1 DAGs
[2024-06-14T17:22:50.208-0300] {logging_mixin.py:188} INFO - [2024-06-14T17:22:50.208-0300] {dag.py:3954} INFO - Setting next_dagrun for example_display_name to None, run_after=None
[2024-06-14T17:22:50.228-0300] {processor.py:183} INFO - Processing /home/maira/projeto_indicium_engineering/venv/lib/python3.10/site-packages/airflow/example_dags/example_display_name.py took 0.054 seconds
[2024-06-14T17:23:50.770-0300] {processor.py:161} INFO - Started process (PID=94824) to work on /home/maira/projeto_indicium_engineering/venv/lib/python3.10/site-packages/airflow/example_dags/example_display_name.py
[2024-06-14T17:23:50.772-0300] {processor.py:830} INFO - Processing file /home/maira/projeto_indicium_engineering/venv/lib/python3.10/site-packages/airflow/example_dags/example_display_name.py for tasks to queue
[2024-06-14T17:23:50.774-0300] {logging_mixin.py:188} INFO - [2024-06-14T17:23:50.773-0300] {dagbag.py:545} INFO - Filling up the DagBag from /home/maira/projeto_indicium_engineering/venv/lib/python3.10/site-packages/airflow/example_dags/example_display_name.py
[2024-06-14T17:23:50.780-0300] {processor.py:840} INFO - DAG(s) 'example_display_name' retrieved from /home/maira/projeto_indicium_engineering/venv/lib/python3.10/site-packages/airflow/example_dags/example_display_name.py
[2024-06-14T17:23:50.791-0300] {logging_mixin.py:188} INFO - [2024-06-14T17:23:50.791-0300] {dag.py:3096} INFO - Sync 1 DAGs
[2024-06-14T17:23:50.799-0300] {logging_mixin.py:188} INFO - [2024-06-14T17:23:50.799-0300] {dag.py:3954} INFO - Setting next_dagrun for example_display_name to None, run_after=None
[2024-06-14T17:23:50.826-0300] {processor.py:183} INFO - Processing /home/maira/projeto_indicium_engineering/venv/lib/python3.10/site-packages/airflow/example_dags/example_display_name.py took 0.060 seconds
[2024-06-14T17:24:58.721-0300] {processor.py:161} INFO - Started process (PID=95154) to work on /home/maira/projeto_indicium_engineering/venv/lib/python3.10/site-packages/airflow/example_dags/example_display_name.py
[2024-06-14T17:24:58.722-0300] {processor.py:830} INFO - Processing file /home/maira/projeto_indicium_engineering/venv/lib/python3.10/site-packages/airflow/example_dags/example_display_name.py for tasks to queue
[2024-06-14T17:24:58.724-0300] {logging_mixin.py:188} INFO - [2024-06-14T17:24:58.723-0300] {dagbag.py:545} INFO - Filling up the DagBag from /home/maira/projeto_indicium_engineering/venv/lib/python3.10/site-packages/airflow/example_dags/example_display_name.py
[2024-06-14T17:24:58.728-0300] {processor.py:840} INFO - DAG(s) 'example_display_name' retrieved from /home/maira/projeto_indicium_engineering/venv/lib/python3.10/site-packages/airflow/example_dags/example_display_name.py
[2024-06-14T17:24:58.739-0300] {logging_mixin.py:188} INFO - [2024-06-14T17:24:58.738-0300] {dag.py:3096} INFO - Sync 1 DAGs
[2024-06-14T17:24:58.747-0300] {logging_mixin.py:188} INFO - [2024-06-14T17:24:58.746-0300] {dag.py:3954} INFO - Setting next_dagrun for example_display_name to None, run_after=None
[2024-06-14T17:24:58.769-0300] {processor.py:183} INFO - Processing /home/maira/projeto_indicium_engineering/venv/lib/python3.10/site-packages/airflow/example_dags/example_display_name.py took 0.054 seconds
[2024-06-14T17:25:49.713-0300] {processor.py:161} INFO - Started process (PID=95408) to work on /home/maira/projeto_indicium_engineering/venv/lib/python3.10/site-packages/airflow/example_dags/example_display_name.py
[2024-06-14T17:25:49.716-0300] {processor.py:830} INFO - Processing file /home/maira/projeto_indicium_engineering/venv/lib/python3.10/site-packages/airflow/example_dags/example_display_name.py for tasks to queue
[2024-06-14T17:25:49.717-0300] {logging_mixin.py:188} INFO - [2024-06-14T17:25:49.717-0300] {dagbag.py:545} INFO - Filling up the DagBag from /home/maira/projeto_indicium_engineering/venv/lib/python3.10/site-packages/airflow/example_dags/example_display_name.py
[2024-06-14T17:25:49.721-0300] {processor.py:840} INFO - DAG(s) 'example_display_name' retrieved from /home/maira/projeto_indicium_engineering/venv/lib/python3.10/site-packages/airflow/example_dags/example_display_name.py
[2024-06-14T17:25:49.732-0300] {logging_mixin.py:188} INFO - [2024-06-14T17:25:49.732-0300] {dag.py:3096} INFO - Sync 1 DAGs
[2024-06-14T17:25:49.740-0300] {logging_mixin.py:188} INFO - [2024-06-14T17:25:49.739-0300] {dag.py:3954} INFO - Setting next_dagrun for example_display_name to None, run_after=None
[2024-06-14T17:25:49.763-0300] {processor.py:183} INFO - Processing /home/maira/projeto_indicium_engineering/venv/lib/python3.10/site-packages/airflow/example_dags/example_display_name.py took 0.054 seconds
[2024-06-14T17:26:43.583-0300] {processor.py:161} INFO - Started process (PID=95676) to work on /home/maira/projeto_indicium_engineering/venv/lib/python3.10/site-packages/airflow/example_dags/example_display_name.py
[2024-06-14T17:26:43.585-0300] {processor.py:830} INFO - Processing file /home/maira/projeto_indicium_engineering/venv/lib/python3.10/site-packages/airflow/example_dags/example_display_name.py for tasks to queue
[2024-06-14T17:26:43.587-0300] {logging_mixin.py:188} INFO - [2024-06-14T17:26:43.586-0300] {dagbag.py:545} INFO - Filling up the DagBag from /home/maira/projeto_indicium_engineering/venv/lib/python3.10/site-packages/airflow/example_dags/example_display_name.py
[2024-06-14T17:26:43.594-0300] {processor.py:840} INFO - DAG(s) 'example_display_name' retrieved from /home/maira/projeto_indicium_engineering/venv/lib/python3.10/site-packages/airflow/example_dags/example_display_name.py
[2024-06-14T17:26:43.610-0300] {logging_mixin.py:188} INFO - [2024-06-14T17:26:43.610-0300] {dag.py:3096} INFO - Sync 1 DAGs
[2024-06-14T17:26:43.623-0300] {logging_mixin.py:188} INFO - [2024-06-14T17:26:43.623-0300] {dag.py:3954} INFO - Setting next_dagrun for example_display_name to None, run_after=None
[2024-06-14T17:26:43.654-0300] {processor.py:183} INFO - Processing /home/maira/projeto_indicium_engineering/venv/lib/python3.10/site-packages/airflow/example_dags/example_display_name.py took 0.077 seconds
[2024-06-14T17:27:45.202-0300] {processor.py:161} INFO - Started process (PID=95980) to work on /home/maira/projeto_indicium_engineering/venv/lib/python3.10/site-packages/airflow/example_dags/example_display_name.py
[2024-06-14T17:27:45.204-0300] {processor.py:830} INFO - Processing file /home/maira/projeto_indicium_engineering/venv/lib/python3.10/site-packages/airflow/example_dags/example_display_name.py for tasks to queue
[2024-06-14T17:27:45.205-0300] {logging_mixin.py:188} INFO - [2024-06-14T17:27:45.205-0300] {dagbag.py:545} INFO - Filling up the DagBag from /home/maira/projeto_indicium_engineering/venv/lib/python3.10/site-packages/airflow/example_dags/example_display_name.py
[2024-06-14T17:27:45.211-0300] {processor.py:840} INFO - DAG(s) 'example_display_name' retrieved from /home/maira/projeto_indicium_engineering/venv/lib/python3.10/site-packages/airflow/example_dags/example_display_name.py
[2024-06-14T17:27:45.222-0300] {logging_mixin.py:188} INFO - [2024-06-14T17:27:45.222-0300] {dag.py:3096} INFO - Sync 1 DAGs
[2024-06-14T17:27:45.230-0300] {logging_mixin.py:188} INFO - [2024-06-14T17:27:45.230-0300] {dag.py:3954} INFO - Setting next_dagrun for example_display_name to None, run_after=None
[2024-06-14T17:27:45.252-0300] {processor.py:183} INFO - Processing /home/maira/projeto_indicium_engineering/venv/lib/python3.10/site-packages/airflow/example_dags/example_display_name.py took 0.055 seconds
[2024-06-14T17:28:43.115-0300] {processor.py:161} INFO - Started process (PID=96269) to work on /home/maira/projeto_indicium_engineering/venv/lib/python3.10/site-packages/airflow/example_dags/example_display_name.py
[2024-06-14T17:28:43.117-0300] {processor.py:830} INFO - Processing file /home/maira/projeto_indicium_engineering/venv/lib/python3.10/site-packages/airflow/example_dags/example_display_name.py for tasks to queue
[2024-06-14T17:28:43.118-0300] {logging_mixin.py:188} INFO - [2024-06-14T17:28:43.118-0300] {dagbag.py:545} INFO - Filling up the DagBag from /home/maira/projeto_indicium_engineering/venv/lib/python3.10/site-packages/airflow/example_dags/example_display_name.py
[2024-06-14T17:28:43.123-0300] {processor.py:840} INFO - DAG(s) 'example_display_name' retrieved from /home/maira/projeto_indicium_engineering/venv/lib/python3.10/site-packages/airflow/example_dags/example_display_name.py
[2024-06-14T17:28:43.133-0300] {logging_mixin.py:188} INFO - [2024-06-14T17:28:43.133-0300] {dag.py:3096} INFO - Sync 1 DAGs
[2024-06-14T17:28:43.141-0300] {logging_mixin.py:188} INFO - [2024-06-14T17:28:43.141-0300] {dag.py:3954} INFO - Setting next_dagrun for example_display_name to None, run_after=None
[2024-06-14T17:28:43.162-0300] {processor.py:183} INFO - Processing /home/maira/projeto_indicium_engineering/venv/lib/python3.10/site-packages/airflow/example_dags/example_display_name.py took 0.052 seconds
[2024-06-14T17:29:38.506-0300] {processor.py:161} INFO - Started process (PID=96544) to work on /home/maira/projeto_indicium_engineering/venv/lib/python3.10/site-packages/airflow/example_dags/example_display_name.py
[2024-06-14T17:29:38.507-0300] {processor.py:830} INFO - Processing file /home/maira/projeto_indicium_engineering/venv/lib/python3.10/site-packages/airflow/example_dags/example_display_name.py for tasks to queue
[2024-06-14T17:29:38.509-0300] {logging_mixin.py:188} INFO - [2024-06-14T17:29:38.508-0300] {dagbag.py:545} INFO - Filling up the DagBag from /home/maira/projeto_indicium_engineering/venv/lib/python3.10/site-packages/airflow/example_dags/example_display_name.py
[2024-06-14T17:29:38.515-0300] {processor.py:840} INFO - DAG(s) 'example_display_name' retrieved from /home/maira/projeto_indicium_engineering/venv/lib/python3.10/site-packages/airflow/example_dags/example_display_name.py
[2024-06-14T17:29:38.526-0300] {logging_mixin.py:188} INFO - [2024-06-14T17:29:38.525-0300] {dag.py:3096} INFO - Sync 1 DAGs
[2024-06-14T17:29:38.534-0300] {logging_mixin.py:188} INFO - [2024-06-14T17:29:38.533-0300] {dag.py:3954} INFO - Setting next_dagrun for example_display_name to None, run_after=None
[2024-06-14T17:29:38.560-0300] {processor.py:183} INFO - Processing /home/maira/projeto_indicium_engineering/venv/lib/python3.10/site-packages/airflow/example_dags/example_display_name.py took 0.059 seconds
[2024-06-14T17:30:39.383-0300] {processor.py:161} INFO - Started process (PID=96848) to work on /home/maira/projeto_indicium_engineering/venv/lib/python3.10/site-packages/airflow/example_dags/example_display_name.py
[2024-06-14T17:30:39.388-0300] {processor.py:830} INFO - Processing file /home/maira/projeto_indicium_engineering/venv/lib/python3.10/site-packages/airflow/example_dags/example_display_name.py for tasks to queue
[2024-06-14T17:30:39.389-0300] {logging_mixin.py:188} INFO - [2024-06-14T17:30:39.389-0300] {dagbag.py:545} INFO - Filling up the DagBag from /home/maira/projeto_indicium_engineering/venv/lib/python3.10/site-packages/airflow/example_dags/example_display_name.py
[2024-06-14T17:30:39.393-0300] {processor.py:840} INFO - DAG(s) 'example_display_name' retrieved from /home/maira/projeto_indicium_engineering/venv/lib/python3.10/site-packages/airflow/example_dags/example_display_name.py
[2024-06-14T17:30:39.404-0300] {logging_mixin.py:188} INFO - [2024-06-14T17:30:39.404-0300] {dag.py:3096} INFO - Sync 1 DAGs
[2024-06-14T17:30:39.412-0300] {logging_mixin.py:188} INFO - [2024-06-14T17:30:39.412-0300] {dag.py:3954} INFO - Setting next_dagrun for example_display_name to None, run_after=None
[2024-06-14T17:30:39.436-0300] {processor.py:183} INFO - Processing /home/maira/projeto_indicium_engineering/venv/lib/python3.10/site-packages/airflow/example_dags/example_display_name.py took 0.058 seconds
[2024-06-14T17:31:44.587-0300] {processor.py:161} INFO - Started process (PID=97167) to work on /home/maira/projeto_indicium_engineering/venv/lib/python3.10/site-packages/airflow/example_dags/example_display_name.py
[2024-06-14T17:31:44.588-0300] {processor.py:830} INFO - Processing file /home/maira/projeto_indicium_engineering/venv/lib/python3.10/site-packages/airflow/example_dags/example_display_name.py for tasks to queue
[2024-06-14T17:31:44.589-0300] {logging_mixin.py:188} INFO - [2024-06-14T17:31:44.589-0300] {dagbag.py:545} INFO - Filling up the DagBag from /home/maira/projeto_indicium_engineering/venv/lib/python3.10/site-packages/airflow/example_dags/example_display_name.py
[2024-06-14T17:31:44.593-0300] {processor.py:840} INFO - DAG(s) 'example_display_name' retrieved from /home/maira/projeto_indicium_engineering/venv/lib/python3.10/site-packages/airflow/example_dags/example_display_name.py
[2024-06-14T17:31:44.604-0300] {logging_mixin.py:188} INFO - [2024-06-14T17:31:44.604-0300] {dag.py:3096} INFO - Sync 1 DAGs
[2024-06-14T17:31:44.612-0300] {logging_mixin.py:188} INFO - [2024-06-14T17:31:44.612-0300] {dag.py:3954} INFO - Setting next_dagrun for example_display_name to None, run_after=None
[2024-06-14T17:31:44.637-0300] {processor.py:183} INFO - Processing /home/maira/projeto_indicium_engineering/venv/lib/python3.10/site-packages/airflow/example_dags/example_display_name.py took 0.055 seconds
[2024-06-14T17:32:50.602-0300] {processor.py:161} INFO - Started process (PID=97491) to work on /home/maira/projeto_indicium_engineering/venv/lib/python3.10/site-packages/airflow/example_dags/example_display_name.py
[2024-06-14T17:32:50.604-0300] {processor.py:830} INFO - Processing file /home/maira/projeto_indicium_engineering/venv/lib/python3.10/site-packages/airflow/example_dags/example_display_name.py for tasks to queue
[2024-06-14T17:32:50.606-0300] {logging_mixin.py:188} INFO - [2024-06-14T17:32:50.606-0300] {dagbag.py:545} INFO - Filling up the DagBag from /home/maira/projeto_indicium_engineering/venv/lib/python3.10/site-packages/airflow/example_dags/example_display_name.py
[2024-06-14T17:32:50.611-0300] {processor.py:840} INFO - DAG(s) 'example_display_name' retrieved from /home/maira/projeto_indicium_engineering/venv/lib/python3.10/site-packages/airflow/example_dags/example_display_name.py
[2024-06-14T17:32:50.622-0300] {logging_mixin.py:188} INFO - [2024-06-14T17:32:50.621-0300] {dag.py:3096} INFO - Sync 1 DAGs
[2024-06-14T17:32:50.631-0300] {logging_mixin.py:188} INFO - [2024-06-14T17:32:50.630-0300] {dag.py:3954} INFO - Setting next_dagrun for example_display_name to None, run_after=None
[2024-06-14T17:32:50.654-0300] {processor.py:183} INFO - Processing /home/maira/projeto_indicium_engineering/venv/lib/python3.10/site-packages/airflow/example_dags/example_display_name.py took 0.056 seconds
[2024-06-14T17:33:51.192-0300] {processor.py:161} INFO - Started process (PID=97792) to work on /home/maira/projeto_indicium_engineering/venv/lib/python3.10/site-packages/airflow/example_dags/example_display_name.py
[2024-06-14T17:33:51.194-0300] {processor.py:830} INFO - Processing file /home/maira/projeto_indicium_engineering/venv/lib/python3.10/site-packages/airflow/example_dags/example_display_name.py for tasks to queue
[2024-06-14T17:33:51.196-0300] {logging_mixin.py:188} INFO - [2024-06-14T17:33:51.195-0300] {dagbag.py:545} INFO - Filling up the DagBag from /home/maira/projeto_indicium_engineering/venv/lib/python3.10/site-packages/airflow/example_dags/example_display_name.py
[2024-06-14T17:33:51.201-0300] {processor.py:840} INFO - DAG(s) 'example_display_name' retrieved from /home/maira/projeto_indicium_engineering/venv/lib/python3.10/site-packages/airflow/example_dags/example_display_name.py
[2024-06-14T17:33:51.212-0300] {logging_mixin.py:188} INFO - [2024-06-14T17:33:51.212-0300] {dag.py:3096} INFO - Sync 1 DAGs
[2024-06-14T17:33:51.220-0300] {logging_mixin.py:188} INFO - [2024-06-14T17:33:51.220-0300] {dag.py:3954} INFO - Setting next_dagrun for example_display_name to None, run_after=None
[2024-06-14T17:33:51.243-0300] {processor.py:183} INFO - Processing /home/maira/projeto_indicium_engineering/venv/lib/python3.10/site-packages/airflow/example_dags/example_display_name.py took 0.055 seconds
[2024-06-14T17:34:46.704-0300] {processor.py:161} INFO - Started process (PID=98069) to work on /home/maira/projeto_indicium_engineering/venv/lib/python3.10/site-packages/airflow/example_dags/example_display_name.py
[2024-06-14T17:34:46.706-0300] {processor.py:830} INFO - Processing file /home/maira/projeto_indicium_engineering/venv/lib/python3.10/site-packages/airflow/example_dags/example_display_name.py for tasks to queue
[2024-06-14T17:34:46.708-0300] {logging_mixin.py:188} INFO - [2024-06-14T17:34:46.708-0300] {dagbag.py:545} INFO - Filling up the DagBag from /home/maira/projeto_indicium_engineering/venv/lib/python3.10/site-packages/airflow/example_dags/example_display_name.py
[2024-06-14T17:34:46.715-0300] {processor.py:840} INFO - DAG(s) 'example_display_name' retrieved from /home/maira/projeto_indicium_engineering/venv/lib/python3.10/site-packages/airflow/example_dags/example_display_name.py
[2024-06-14T17:34:46.727-0300] {logging_mixin.py:188} INFO - [2024-06-14T17:34:46.726-0300] {dag.py:3096} INFO - Sync 1 DAGs
[2024-06-14T17:34:46.735-0300] {logging_mixin.py:188} INFO - [2024-06-14T17:34:46.735-0300] {dag.py:3954} INFO - Setting next_dagrun for example_display_name to None, run_after=None
[2024-06-14T17:34:46.756-0300] {processor.py:183} INFO - Processing /home/maira/projeto_indicium_engineering/venv/lib/python3.10/site-packages/airflow/example_dags/example_display_name.py took 0.057 seconds
[2024-06-14T17:35:46.672-0300] {processor.py:161} INFO - Started process (PID=98368) to work on /home/maira/projeto_indicium_engineering/venv/lib/python3.10/site-packages/airflow/example_dags/example_display_name.py
[2024-06-14T17:35:46.674-0300] {processor.py:830} INFO - Processing file /home/maira/projeto_indicium_engineering/venv/lib/python3.10/site-packages/airflow/example_dags/example_display_name.py for tasks to queue
[2024-06-14T17:35:46.676-0300] {logging_mixin.py:188} INFO - [2024-06-14T17:35:46.676-0300] {dagbag.py:545} INFO - Filling up the DagBag from /home/maira/projeto_indicium_engineering/venv/lib/python3.10/site-packages/airflow/example_dags/example_display_name.py
[2024-06-14T17:35:46.682-0300] {processor.py:840} INFO - DAG(s) 'example_display_name' retrieved from /home/maira/projeto_indicium_engineering/venv/lib/python3.10/site-packages/airflow/example_dags/example_display_name.py
[2024-06-14T17:35:46.693-0300] {logging_mixin.py:188} INFO - [2024-06-14T17:35:46.692-0300] {dag.py:3096} INFO - Sync 1 DAGs
[2024-06-14T17:35:46.701-0300] {logging_mixin.py:188} INFO - [2024-06-14T17:35:46.701-0300] {dag.py:3954} INFO - Setting next_dagrun for example_display_name to None, run_after=None
[2024-06-14T17:35:46.724-0300] {processor.py:183} INFO - Processing /home/maira/projeto_indicium_engineering/venv/lib/python3.10/site-packages/airflow/example_dags/example_display_name.py took 0.057 seconds
[2024-06-14T17:36:49.919-0300] {processor.py:161} INFO - Started process (PID=98679) to work on /home/maira/projeto_indicium_engineering/venv/lib/python3.10/site-packages/airflow/example_dags/example_display_name.py
[2024-06-14T17:36:49.920-0300] {processor.py:830} INFO - Processing file /home/maira/projeto_indicium_engineering/venv/lib/python3.10/site-packages/airflow/example_dags/example_display_name.py for tasks to queue
[2024-06-14T17:36:49.921-0300] {logging_mixin.py:188} INFO - [2024-06-14T17:36:49.921-0300] {dagbag.py:545} INFO - Filling up the DagBag from /home/maira/projeto_indicium_engineering/venv/lib/python3.10/site-packages/airflow/example_dags/example_display_name.py
[2024-06-14T17:36:49.926-0300] {processor.py:840} INFO - DAG(s) 'example_display_name' retrieved from /home/maira/projeto_indicium_engineering/venv/lib/python3.10/site-packages/airflow/example_dags/example_display_name.py
[2024-06-14T17:36:49.937-0300] {logging_mixin.py:188} INFO - [2024-06-14T17:36:49.936-0300] {dag.py:3096} INFO - Sync 1 DAGs
[2024-06-14T17:36:49.944-0300] {logging_mixin.py:188} INFO - [2024-06-14T17:36:49.944-0300] {dag.py:3954} INFO - Setting next_dagrun for example_display_name to None, run_after=None
[2024-06-14T17:36:49.969-0300] {processor.py:183} INFO - Processing /home/maira/projeto_indicium_engineering/venv/lib/python3.10/site-packages/airflow/example_dags/example_display_name.py took 0.055 seconds
[2024-06-14T17:37:48.398-0300] {processor.py:161} INFO - Started process (PID=98971) to work on /home/maira/projeto_indicium_engineering/venv/lib/python3.10/site-packages/airflow/example_dags/example_display_name.py
[2024-06-14T17:37:48.400-0300] {processor.py:830} INFO - Processing file /home/maira/projeto_indicium_engineering/venv/lib/python3.10/site-packages/airflow/example_dags/example_display_name.py for tasks to queue
[2024-06-14T17:37:48.402-0300] {logging_mixin.py:188} INFO - [2024-06-14T17:37:48.402-0300] {dagbag.py:545} INFO - Filling up the DagBag from /home/maira/projeto_indicium_engineering/venv/lib/python3.10/site-packages/airflow/example_dags/example_display_name.py
[2024-06-14T17:37:48.408-0300] {processor.py:840} INFO - DAG(s) 'example_display_name' retrieved from /home/maira/projeto_indicium_engineering/venv/lib/python3.10/site-packages/airflow/example_dags/example_display_name.py
[2024-06-14T17:37:48.419-0300] {logging_mixin.py:188} INFO - [2024-06-14T17:37:48.419-0300] {dag.py:3096} INFO - Sync 1 DAGs
[2024-06-14T17:37:48.428-0300] {logging_mixin.py:188} INFO - [2024-06-14T17:37:48.428-0300] {dag.py:3954} INFO - Setting next_dagrun for example_display_name to None, run_after=None
[2024-06-14T17:37:48.452-0300] {processor.py:183} INFO - Processing /home/maira/projeto_indicium_engineering/venv/lib/python3.10/site-packages/airflow/example_dags/example_display_name.py took 0.059 seconds
[2024-06-14T17:38:47.908-0300] {processor.py:161} INFO - Started process (PID=99266) to work on /home/maira/projeto_indicium_engineering/venv/lib/python3.10/site-packages/airflow/example_dags/example_display_name.py
[2024-06-14T17:38:47.909-0300] {processor.py:830} INFO - Processing file /home/maira/projeto_indicium_engineering/venv/lib/python3.10/site-packages/airflow/example_dags/example_display_name.py for tasks to queue
[2024-06-14T17:38:47.911-0300] {logging_mixin.py:188} INFO - [2024-06-14T17:38:47.910-0300] {dagbag.py:545} INFO - Filling up the DagBag from /home/maira/projeto_indicium_engineering/venv/lib/python3.10/site-packages/airflow/example_dags/example_display_name.py
[2024-06-14T17:38:47.918-0300] {processor.py:840} INFO - DAG(s) 'example_display_name' retrieved from /home/maira/projeto_indicium_engineering/venv/lib/python3.10/site-packages/airflow/example_dags/example_display_name.py
[2024-06-14T17:38:47.933-0300] {logging_mixin.py:188} INFO - [2024-06-14T17:38:47.933-0300] {dag.py:3096} INFO - Sync 1 DAGs
[2024-06-14T17:38:47.946-0300] {logging_mixin.py:188} INFO - [2024-06-14T17:38:47.946-0300] {dag.py:3954} INFO - Setting next_dagrun for example_display_name to None, run_after=None
[2024-06-14T17:38:47.974-0300] {processor.py:183} INFO - Processing /home/maira/projeto_indicium_engineering/venv/lib/python3.10/site-packages/airflow/example_dags/example_display_name.py took 0.073 seconds
[2024-06-14T17:39:46.620-0300] {processor.py:161} INFO - Started process (PID=99558) to work on /home/maira/projeto_indicium_engineering/venv/lib/python3.10/site-packages/airflow/example_dags/example_display_name.py
[2024-06-14T17:39:46.625-0300] {processor.py:830} INFO - Processing file /home/maira/projeto_indicium_engineering/venv/lib/python3.10/site-packages/airflow/example_dags/example_display_name.py for tasks to queue
[2024-06-14T17:39:46.627-0300] {logging_mixin.py:188} INFO - [2024-06-14T17:39:46.626-0300] {dagbag.py:545} INFO - Filling up the DagBag from /home/maira/projeto_indicium_engineering/venv/lib/python3.10/site-packages/airflow/example_dags/example_display_name.py
[2024-06-14T17:39:46.631-0300] {processor.py:840} INFO - DAG(s) 'example_display_name' retrieved from /home/maira/projeto_indicium_engineering/venv/lib/python3.10/site-packages/airflow/example_dags/example_display_name.py
[2024-06-14T17:39:46.642-0300] {logging_mixin.py:188} INFO - [2024-06-14T17:39:46.641-0300] {dag.py:3096} INFO - Sync 1 DAGs
[2024-06-14T17:39:46.649-0300] {logging_mixin.py:188} INFO - [2024-06-14T17:39:46.649-0300] {dag.py:3954} INFO - Setting next_dagrun for example_display_name to None, run_after=None
[2024-06-14T17:39:46.673-0300] {processor.py:183} INFO - Processing /home/maira/projeto_indicium_engineering/venv/lib/python3.10/site-packages/airflow/example_dags/example_display_name.py took 0.058 seconds
[2024-06-14T17:40:45.418-0300] {processor.py:161} INFO - Started process (PID=99850) to work on /home/maira/projeto_indicium_engineering/venv/lib/python3.10/site-packages/airflow/example_dags/example_display_name.py
[2024-06-14T17:40:45.420-0300] {processor.py:830} INFO - Processing file /home/maira/projeto_indicium_engineering/venv/lib/python3.10/site-packages/airflow/example_dags/example_display_name.py for tasks to queue
[2024-06-14T17:40:45.422-0300] {logging_mixin.py:188} INFO - [2024-06-14T17:40:45.421-0300] {dagbag.py:545} INFO - Filling up the DagBag from /home/maira/projeto_indicium_engineering/venv/lib/python3.10/site-packages/airflow/example_dags/example_display_name.py
[2024-06-14T17:40:45.428-0300] {processor.py:840} INFO - DAG(s) 'example_display_name' retrieved from /home/maira/projeto_indicium_engineering/venv/lib/python3.10/site-packages/airflow/example_dags/example_display_name.py
[2024-06-14T17:40:45.439-0300] {logging_mixin.py:188} INFO - [2024-06-14T17:40:45.438-0300] {dag.py:3096} INFO - Sync 1 DAGs
[2024-06-14T17:40:45.447-0300] {logging_mixin.py:188} INFO - [2024-06-14T17:40:45.446-0300] {dag.py:3954} INFO - Setting next_dagrun for example_display_name to None, run_after=None
[2024-06-14T17:40:45.467-0300] {processor.py:183} INFO - Processing /home/maira/projeto_indicium_engineering/venv/lib/python3.10/site-packages/airflow/example_dags/example_display_name.py took 0.055 seconds
[2024-06-14T17:41:49.781-0300] {processor.py:161} INFO - Started process (PID=100167) to work on /home/maira/projeto_indicium_engineering/venv/lib/python3.10/site-packages/airflow/example_dags/example_display_name.py
[2024-06-14T17:41:49.783-0300] {processor.py:830} INFO - Processing file /home/maira/projeto_indicium_engineering/venv/lib/python3.10/site-packages/airflow/example_dags/example_display_name.py for tasks to queue
[2024-06-14T17:41:49.785-0300] {logging_mixin.py:188} INFO - [2024-06-14T17:41:49.785-0300] {dagbag.py:545} INFO - Filling up the DagBag from /home/maira/projeto_indicium_engineering/venv/lib/python3.10/site-packages/airflow/example_dags/example_display_name.py
[2024-06-14T17:41:49.792-0300] {processor.py:840} INFO - DAG(s) 'example_display_name' retrieved from /home/maira/projeto_indicium_engineering/venv/lib/python3.10/site-packages/airflow/example_dags/example_display_name.py
[2024-06-14T17:41:49.802-0300] {logging_mixin.py:188} INFO - [2024-06-14T17:41:49.802-0300] {dag.py:3096} INFO - Sync 1 DAGs
[2024-06-14T17:41:49.810-0300] {logging_mixin.py:188} INFO - [2024-06-14T17:41:49.810-0300] {dag.py:3954} INFO - Setting next_dagrun for example_display_name to None, run_after=None
[2024-06-14T17:41:49.833-0300] {processor.py:183} INFO - Processing /home/maira/projeto_indicium_engineering/venv/lib/python3.10/site-packages/airflow/example_dags/example_display_name.py took 0.057 seconds
[2024-06-14T17:42:49.992-0300] {processor.py:161} INFO - Started process (PID=100464) to work on /home/maira/projeto_indicium_engineering/venv/lib/python3.10/site-packages/airflow/example_dags/example_display_name.py
[2024-06-14T17:42:49.994-0300] {processor.py:830} INFO - Processing file /home/maira/projeto_indicium_engineering/venv/lib/python3.10/site-packages/airflow/example_dags/example_display_name.py for tasks to queue
[2024-06-14T17:42:49.995-0300] {logging_mixin.py:188} INFO - [2024-06-14T17:42:49.995-0300] {dagbag.py:545} INFO - Filling up the DagBag from /home/maira/projeto_indicium_engineering/venv/lib/python3.10/site-packages/airflow/example_dags/example_display_name.py
[2024-06-14T17:42:50.000-0300] {processor.py:840} INFO - DAG(s) 'example_display_name' retrieved from /home/maira/projeto_indicium_engineering/venv/lib/python3.10/site-packages/airflow/example_dags/example_display_name.py
[2024-06-14T17:42:50.012-0300] {logging_mixin.py:188} INFO - [2024-06-14T17:42:50.012-0300] {dag.py:3096} INFO - Sync 1 DAGs
[2024-06-14T17:42:50.020-0300] {logging_mixin.py:188} INFO - [2024-06-14T17:42:50.020-0300] {dag.py:3954} INFO - Setting next_dagrun for example_display_name to None, run_after=None
[2024-06-14T17:42:50.045-0300] {processor.py:183} INFO - Processing /home/maira/projeto_indicium_engineering/venv/lib/python3.10/site-packages/airflow/example_dags/example_display_name.py took 0.059 seconds
[2024-06-14T17:43:46.694-0300] {processor.py:161} INFO - Started process (PID=100748) to work on /home/maira/projeto_indicium_engineering/venv/lib/python3.10/site-packages/airflow/example_dags/example_display_name.py
[2024-06-14T17:43:46.695-0300] {processor.py:830} INFO - Processing file /home/maira/projeto_indicium_engineering/venv/lib/python3.10/site-packages/airflow/example_dags/example_display_name.py for tasks to queue
[2024-06-14T17:43:46.697-0300] {logging_mixin.py:188} INFO - [2024-06-14T17:43:46.697-0300] {dagbag.py:545} INFO - Filling up the DagBag from /home/maira/projeto_indicium_engineering/venv/lib/python3.10/site-packages/airflow/example_dags/example_display_name.py
[2024-06-14T17:43:46.703-0300] {processor.py:840} INFO - DAG(s) 'example_display_name' retrieved from /home/maira/projeto_indicium_engineering/venv/lib/python3.10/site-packages/airflow/example_dags/example_display_name.py
[2024-06-14T17:43:46.715-0300] {logging_mixin.py:188} INFO - [2024-06-14T17:43:46.714-0300] {dag.py:3096} INFO - Sync 1 DAGs
[2024-06-14T17:43:46.724-0300] {logging_mixin.py:188} INFO - [2024-06-14T17:43:46.723-0300] {dag.py:3954} INFO - Setting next_dagrun for example_display_name to None, run_after=None
[2024-06-14T17:43:46.746-0300] {processor.py:183} INFO - Processing /home/maira/projeto_indicium_engineering/venv/lib/python3.10/site-packages/airflow/example_dags/example_display_name.py took 0.057 seconds
[2024-06-14T17:44:43.767-0300] {processor.py:161} INFO - Started process (PID=101031) to work on /home/maira/projeto_indicium_engineering/venv/lib/python3.10/site-packages/airflow/example_dags/example_display_name.py
[2024-06-14T17:44:43.771-0300] {processor.py:830} INFO - Processing file /home/maira/projeto_indicium_engineering/venv/lib/python3.10/site-packages/airflow/example_dags/example_display_name.py for tasks to queue
[2024-06-14T17:44:43.773-0300] {logging_mixin.py:188} INFO - [2024-06-14T17:44:43.773-0300] {dagbag.py:545} INFO - Filling up the DagBag from /home/maira/projeto_indicium_engineering/venv/lib/python3.10/site-packages/airflow/example_dags/example_display_name.py
[2024-06-14T17:44:43.778-0300] {processor.py:840} INFO - DAG(s) 'example_display_name' retrieved from /home/maira/projeto_indicium_engineering/venv/lib/python3.10/site-packages/airflow/example_dags/example_display_name.py
[2024-06-14T17:44:43.789-0300] {logging_mixin.py:188} INFO - [2024-06-14T17:44:43.789-0300] {dag.py:3096} INFO - Sync 1 DAGs
[2024-06-14T17:44:43.797-0300] {logging_mixin.py:188} INFO - [2024-06-14T17:44:43.797-0300] {dag.py:3954} INFO - Setting next_dagrun for example_display_name to None, run_after=None
[2024-06-14T17:44:43.820-0300] {processor.py:183} INFO - Processing /home/maira/projeto_indicium_engineering/venv/lib/python3.10/site-packages/airflow/example_dags/example_display_name.py took 0.058 seconds
[2024-06-14T17:45:43.967-0300] {processor.py:161} INFO - Started process (PID=101332) to work on /home/maira/projeto_indicium_engineering/venv/lib/python3.10/site-packages/airflow/example_dags/example_display_name.py
[2024-06-14T17:45:43.968-0300] {processor.py:830} INFO - Processing file /home/maira/projeto_indicium_engineering/venv/lib/python3.10/site-packages/airflow/example_dags/example_display_name.py for tasks to queue
[2024-06-14T17:45:43.970-0300] {logging_mixin.py:188} INFO - [2024-06-14T17:45:43.970-0300] {dagbag.py:545} INFO - Filling up the DagBag from /home/maira/projeto_indicium_engineering/venv/lib/python3.10/site-packages/airflow/example_dags/example_display_name.py
[2024-06-14T17:45:43.978-0300] {processor.py:840} INFO - DAG(s) 'example_display_name' retrieved from /home/maira/projeto_indicium_engineering/venv/lib/python3.10/site-packages/airflow/example_dags/example_display_name.py
[2024-06-14T17:45:43.993-0300] {logging_mixin.py:188} INFO - [2024-06-14T17:45:43.993-0300] {dag.py:3096} INFO - Sync 1 DAGs
[2024-06-14T17:45:44.005-0300] {logging_mixin.py:188} INFO - [2024-06-14T17:45:44.004-0300] {dag.py:3954} INFO - Setting next_dagrun for example_display_name to None, run_after=None
[2024-06-14T17:45:44.042-0300] {processor.py:183} INFO - Processing /home/maira/projeto_indicium_engineering/venv/lib/python3.10/site-packages/airflow/example_dags/example_display_name.py took 0.081 seconds
[2024-06-14T17:46:46.132-0300] {processor.py:161} INFO - Started process (PID=101639) to work on /home/maira/projeto_indicium_engineering/venv/lib/python3.10/site-packages/airflow/example_dags/example_display_name.py
[2024-06-14T17:46:46.133-0300] {processor.py:830} INFO - Processing file /home/maira/projeto_indicium_engineering/venv/lib/python3.10/site-packages/airflow/example_dags/example_display_name.py for tasks to queue
[2024-06-14T17:46:46.135-0300] {logging_mixin.py:188} INFO - [2024-06-14T17:46:46.135-0300] {dagbag.py:545} INFO - Filling up the DagBag from /home/maira/projeto_indicium_engineering/venv/lib/python3.10/site-packages/airflow/example_dags/example_display_name.py
[2024-06-14T17:46:46.140-0300] {processor.py:840} INFO - DAG(s) 'example_display_name' retrieved from /home/maira/projeto_indicium_engineering/venv/lib/python3.10/site-packages/airflow/example_dags/example_display_name.py
[2024-06-14T17:46:46.153-0300] {logging_mixin.py:188} INFO - [2024-06-14T17:46:46.153-0300] {dag.py:3096} INFO - Sync 1 DAGs
[2024-06-14T17:46:46.162-0300] {logging_mixin.py:188} INFO - [2024-06-14T17:46:46.161-0300] {dag.py:3954} INFO - Setting next_dagrun for example_display_name to None, run_after=None
[2024-06-14T17:46:46.183-0300] {processor.py:183} INFO - Processing /home/maira/projeto_indicium_engineering/venv/lib/python3.10/site-packages/airflow/example_dags/example_display_name.py took 0.056 seconds
[2024-06-14T17:47:43.589-0300] {processor.py:161} INFO - Started process (PID=101925) to work on /home/maira/projeto_indicium_engineering/venv/lib/python3.10/site-packages/airflow/example_dags/example_display_name.py
[2024-06-14T17:47:43.590-0300] {processor.py:830} INFO - Processing file /home/maira/projeto_indicium_engineering/venv/lib/python3.10/site-packages/airflow/example_dags/example_display_name.py for tasks to queue
[2024-06-14T17:47:43.592-0300] {logging_mixin.py:188} INFO - [2024-06-14T17:47:43.592-0300] {dagbag.py:545} INFO - Filling up the DagBag from /home/maira/projeto_indicium_engineering/venv/lib/python3.10/site-packages/airflow/example_dags/example_display_name.py
[2024-06-14T17:47:43.600-0300] {processor.py:840} INFO - DAG(s) 'example_display_name' retrieved from /home/maira/projeto_indicium_engineering/venv/lib/python3.10/site-packages/airflow/example_dags/example_display_name.py
[2024-06-14T17:47:43.615-0300] {logging_mixin.py:188} INFO - [2024-06-14T17:47:43.615-0300] {dag.py:3096} INFO - Sync 1 DAGs
[2024-06-14T17:47:43.626-0300] {logging_mixin.py:188} INFO - [2024-06-14T17:47:43.626-0300] {dag.py:3954} INFO - Setting next_dagrun for example_display_name to None, run_after=None
[2024-06-14T17:47:43.656-0300] {processor.py:183} INFO - Processing /home/maira/projeto_indicium_engineering/venv/lib/python3.10/site-packages/airflow/example_dags/example_display_name.py took 0.073 seconds
[2024-06-14T17:48:47.025-0300] {processor.py:161} INFO - Started process (PID=102238) to work on /home/maira/projeto_indicium_engineering/venv/lib/python3.10/site-packages/airflow/example_dags/example_display_name.py
[2024-06-14T17:48:47.027-0300] {processor.py:830} INFO - Processing file /home/maira/projeto_indicium_engineering/venv/lib/python3.10/site-packages/airflow/example_dags/example_display_name.py for tasks to queue
[2024-06-14T17:48:47.028-0300] {logging_mixin.py:188} INFO - [2024-06-14T17:48:47.028-0300] {dagbag.py:545} INFO - Filling up the DagBag from /home/maira/projeto_indicium_engineering/venv/lib/python3.10/site-packages/airflow/example_dags/example_display_name.py
[2024-06-14T17:48:47.034-0300] {processor.py:840} INFO - DAG(s) 'example_display_name' retrieved from /home/maira/projeto_indicium_engineering/venv/lib/python3.10/site-packages/airflow/example_dags/example_display_name.py
[2024-06-14T17:48:47.045-0300] {logging_mixin.py:188} INFO - [2024-06-14T17:48:47.045-0300] {dag.py:3096} INFO - Sync 1 DAGs
[2024-06-14T17:48:47.053-0300] {logging_mixin.py:188} INFO - [2024-06-14T17:48:47.053-0300] {dag.py:3954} INFO - Setting next_dagrun for example_display_name to None, run_after=None
[2024-06-14T17:48:47.077-0300] {processor.py:183} INFO - Processing /home/maira/projeto_indicium_engineering/venv/lib/python3.10/site-packages/airflow/example_dags/example_display_name.py took 0.057 seconds
[2024-06-14T17:49:49.752-0300] {processor.py:161} INFO - Started process (PID=102548) to work on /home/maira/projeto_indicium_engineering/venv/lib/python3.10/site-packages/airflow/example_dags/example_display_name.py
[2024-06-14T17:49:49.757-0300] {processor.py:830} INFO - Processing file /home/maira/projeto_indicium_engineering/venv/lib/python3.10/site-packages/airflow/example_dags/example_display_name.py for tasks to queue
[2024-06-14T17:49:49.759-0300] {logging_mixin.py:188} INFO - [2024-06-14T17:49:49.759-0300] {dagbag.py:545} INFO - Filling up the DagBag from /home/maira/projeto_indicium_engineering/venv/lib/python3.10/site-packages/airflow/example_dags/example_display_name.py
[2024-06-14T17:49:49.764-0300] {processor.py:840} INFO - DAG(s) 'example_display_name' retrieved from /home/maira/projeto_indicium_engineering/venv/lib/python3.10/site-packages/airflow/example_dags/example_display_name.py
[2024-06-14T17:49:49.775-0300] {logging_mixin.py:188} INFO - [2024-06-14T17:49:49.775-0300] {dag.py:3096} INFO - Sync 1 DAGs
[2024-06-14T17:49:49.783-0300] {logging_mixin.py:188} INFO - [2024-06-14T17:49:49.783-0300] {dag.py:3954} INFO - Setting next_dagrun for example_display_name to None, run_after=None
[2024-06-14T17:49:49.807-0300] {processor.py:183} INFO - Processing /home/maira/projeto_indicium_engineering/venv/lib/python3.10/site-packages/airflow/example_dags/example_display_name.py took 0.060 seconds
[2024-06-14T17:50:50.947-0300] {processor.py:161} INFO - Started process (PID=102852) to work on /home/maira/projeto_indicium_engineering/venv/lib/python3.10/site-packages/airflow/example_dags/example_display_name.py
[2024-06-14T17:50:50.948-0300] {processor.py:830} INFO - Processing file /home/maira/projeto_indicium_engineering/venv/lib/python3.10/site-packages/airflow/example_dags/example_display_name.py for tasks to queue
[2024-06-14T17:50:50.950-0300] {logging_mixin.py:188} INFO - [2024-06-14T17:50:50.949-0300] {dagbag.py:545} INFO - Filling up the DagBag from /home/maira/projeto_indicium_engineering/venv/lib/python3.10/site-packages/airflow/example_dags/example_display_name.py
[2024-06-14T17:50:50.955-0300] {processor.py:840} INFO - DAG(s) 'example_display_name' retrieved from /home/maira/projeto_indicium_engineering/venv/lib/python3.10/site-packages/airflow/example_dags/example_display_name.py
[2024-06-14T17:50:50.966-0300] {logging_mixin.py:188} INFO - [2024-06-14T17:50:50.966-0300] {dag.py:3096} INFO - Sync 1 DAGs
[2024-06-14T17:50:50.974-0300] {logging_mixin.py:188} INFO - [2024-06-14T17:50:50.973-0300] {dag.py:3954} INFO - Setting next_dagrun for example_display_name to None, run_after=None
[2024-06-14T17:50:50.997-0300] {processor.py:183} INFO - Processing /home/maira/projeto_indicium_engineering/venv/lib/python3.10/site-packages/airflow/example_dags/example_display_name.py took 0.055 seconds
[2024-06-14T20:52:18.968-0300] {processor.py:161} INFO - Started process (PID=103648) to work on /home/maira/projeto_indicium_engineering/venv/lib/python3.10/site-packages/airflow/example_dags/example_display_name.py
[2024-06-14T20:52:18.969-0300] {processor.py:830} INFO - Processing file /home/maira/projeto_indicium_engineering/venv/lib/python3.10/site-packages/airflow/example_dags/example_display_name.py for tasks to queue
[2024-06-14T20:52:18.971-0300] {logging_mixin.py:188} INFO - [2024-06-14T20:52:18.971-0300] {dagbag.py:545} INFO - Filling up the DagBag from /home/maira/projeto_indicium_engineering/venv/lib/python3.10/site-packages/airflow/example_dags/example_display_name.py
[2024-06-14T20:52:18.975-0300] {processor.py:840} INFO - DAG(s) 'example_display_name' retrieved from /home/maira/projeto_indicium_engineering/venv/lib/python3.10/site-packages/airflow/example_dags/example_display_name.py
[2024-06-14T20:52:18.988-0300] {logging_mixin.py:188} INFO - [2024-06-14T20:52:18.988-0300] {dag.py:3096} INFO - Sync 1 DAGs
[2024-06-14T20:52:18.997-0300] {logging_mixin.py:188} INFO - [2024-06-14T20:52:18.996-0300] {dag.py:3954} INFO - Setting next_dagrun for example_display_name to None, run_after=None
[2024-06-14T20:52:19.024-0300] {processor.py:183} INFO - Processing /home/maira/projeto_indicium_engineering/venv/lib/python3.10/site-packages/airflow/example_dags/example_display_name.py took 0.060 seconds
[2024-06-14T20:53:15.940-0300] {processor.py:161} INFO - Started process (PID=103924) to work on /home/maira/projeto_indicium_engineering/venv/lib/python3.10/site-packages/airflow/example_dags/example_display_name.py
[2024-06-14T20:53:15.941-0300] {processor.py:830} INFO - Processing file /home/maira/projeto_indicium_engineering/venv/lib/python3.10/site-packages/airflow/example_dags/example_display_name.py for tasks to queue
[2024-06-14T20:53:15.942-0300] {logging_mixin.py:188} INFO - [2024-06-14T20:53:15.942-0300] {dagbag.py:545} INFO - Filling up the DagBag from /home/maira/projeto_indicium_engineering/venv/lib/python3.10/site-packages/airflow/example_dags/example_display_name.py
[2024-06-14T20:53:15.947-0300] {processor.py:840} INFO - DAG(s) 'example_display_name' retrieved from /home/maira/projeto_indicium_engineering/venv/lib/python3.10/site-packages/airflow/example_dags/example_display_name.py
[2024-06-14T20:53:15.957-0300] {logging_mixin.py:188} INFO - [2024-06-14T20:53:15.957-0300] {dag.py:3096} INFO - Sync 1 DAGs
[2024-06-14T20:53:15.966-0300] {logging_mixin.py:188} INFO - [2024-06-14T20:53:15.966-0300] {dag.py:3954} INFO - Setting next_dagrun for example_display_name to None, run_after=None
[2024-06-14T20:53:15.991-0300] {processor.py:183} INFO - Processing /home/maira/projeto_indicium_engineering/venv/lib/python3.10/site-packages/airflow/example_dags/example_display_name.py took 0.056 seconds
