[2024-06-14T16:31:04.610-0300] {processor.py:161} INFO - Started process (PID=86484) to work on /home/maira/projeto_indicium_engineering/venv/lib/python3.10/site-packages/airflow/example_dags/example_branch_python_dop_operator_3.py
[2024-06-14T16:31:04.611-0300] {processor.py:830} INFO - Processing file /home/maira/projeto_indicium_engineering/venv/lib/python3.10/site-packages/airflow/example_dags/example_branch_python_dop_operator_3.py for tasks to queue
[2024-06-14T16:31:04.613-0300] {logging_mixin.py:188} INFO - [2024-06-14T16:31:04.613-0300] {dagbag.py:545} INFO - Filling up the DagBag from /home/maira/projeto_indicium_engineering/venv/lib/python3.10/site-packages/airflow/example_dags/example_branch_python_dop_operator_3.py
[2024-06-14T16:31:04.620-0300] {processor.py:840} INFO - DAG(s) 'example_branch_dop_operator_v3' retrieved from /home/maira/projeto_indicium_engineering/venv/lib/python3.10/site-packages/airflow/example_dags/example_branch_python_dop_operator_3.py
[2024-06-14T16:31:04.733-0300] {logging_mixin.py:188} INFO - [2024-06-14T16:31:04.732-0300] {override.py:1829} INFO - Created Permission View: can edit on DAG:example_branch_dop_operator_v3
[2024-06-14T16:31:04.748-0300] {logging_mixin.py:188} INFO - [2024-06-14T16:31:04.747-0300] {override.py:1829} INFO - Created Permission View: can delete on DAG:example_branch_dop_operator_v3
[2024-06-14T16:31:04.763-0300] {logging_mixin.py:188} INFO - [2024-06-14T16:31:04.762-0300] {override.py:1829} INFO - Created Permission View: can read on DAG:example_branch_dop_operator_v3
[2024-06-14T16:31:04.763-0300] {logging_mixin.py:188} INFO - [2024-06-14T16:31:04.763-0300] {dag.py:3096} INFO - Sync 1 DAGs
[2024-06-14T16:31:04.870-0300] {logging_mixin.py:188} INFO - [2024-06-14T16:31:04.870-0300] {dag.py:3118} INFO - Creating ORM DAG for example_branch_dop_operator_v3
[2024-06-14T16:31:04.882-0300] {logging_mixin.py:188} INFO - [2024-06-14T16:31:04.882-0300] {dag.py:3954} INFO - Setting next_dagrun for example_branch_dop_operator_v3 to 2024-06-14 19:30:00+00:00, run_after=2024-06-14 19:31:00+00:00
[2024-06-14T16:31:04.904-0300] {processor.py:183} INFO - Processing /home/maira/projeto_indicium_engineering/venv/lib/python3.10/site-packages/airflow/example_dags/example_branch_python_dop_operator_3.py took 0.298 seconds
[2024-06-14T16:32:01.382-0300] {processor.py:161} INFO - Started process (PID=86758) to work on /home/maira/projeto_indicium_engineering/venv/lib/python3.10/site-packages/airflow/example_dags/example_branch_python_dop_operator_3.py
[2024-06-14T16:32:01.387-0300] {processor.py:830} INFO - Processing file /home/maira/projeto_indicium_engineering/venv/lib/python3.10/site-packages/airflow/example_dags/example_branch_python_dop_operator_3.py for tasks to queue
[2024-06-14T16:32:01.388-0300] {logging_mixin.py:188} INFO - [2024-06-14T16:32:01.388-0300] {dagbag.py:545} INFO - Filling up the DagBag from /home/maira/projeto_indicium_engineering/venv/lib/python3.10/site-packages/airflow/example_dags/example_branch_python_dop_operator_3.py
[2024-06-14T16:32:01.394-0300] {processor.py:840} INFO - DAG(s) 'example_branch_dop_operator_v3' retrieved from /home/maira/projeto_indicium_engineering/venv/lib/python3.10/site-packages/airflow/example_dags/example_branch_python_dop_operator_3.py
[2024-06-14T16:32:01.405-0300] {logging_mixin.py:188} INFO - [2024-06-14T16:32:01.405-0300] {dag.py:3096} INFO - Sync 1 DAGs
[2024-06-14T16:32:01.420-0300] {logging_mixin.py:188} INFO - [2024-06-14T16:32:01.420-0300] {dag.py:3954} INFO - Setting next_dagrun for example_branch_dop_operator_v3 to 2024-06-14 19:31:00+00:00, run_after=2024-06-14 19:32:00+00:00
[2024-06-14T16:32:01.519-0300] {processor.py:183} INFO - Processing /home/maira/projeto_indicium_engineering/venv/lib/python3.10/site-packages/airflow/example_dags/example_branch_python_dop_operator_3.py took 0.142 seconds
[2024-06-14T16:32:52.219-0300] {processor.py:161} INFO - Started process (PID=87009) to work on /home/maira/projeto_indicium_engineering/venv/lib/python3.10/site-packages/airflow/example_dags/example_branch_python_dop_operator_3.py
[2024-06-14T16:32:52.221-0300] {processor.py:830} INFO - Processing file /home/maira/projeto_indicium_engineering/venv/lib/python3.10/site-packages/airflow/example_dags/example_branch_python_dop_operator_3.py for tasks to queue
[2024-06-14T16:32:52.222-0300] {logging_mixin.py:188} INFO - [2024-06-14T16:32:52.222-0300] {dagbag.py:545} INFO - Filling up the DagBag from /home/maira/projeto_indicium_engineering/venv/lib/python3.10/site-packages/airflow/example_dags/example_branch_python_dop_operator_3.py
[2024-06-14T16:32:52.229-0300] {processor.py:840} INFO - DAG(s) 'example_branch_dop_operator_v3' retrieved from /home/maira/projeto_indicium_engineering/venv/lib/python3.10/site-packages/airflow/example_dags/example_branch_python_dop_operator_3.py
[2024-06-14T16:32:52.240-0300] {logging_mixin.py:188} INFO - [2024-06-14T16:32:52.240-0300] {dag.py:3096} INFO - Sync 1 DAGs
[2024-06-14T16:32:52.256-0300] {logging_mixin.py:188} INFO - [2024-06-14T16:32:52.255-0300] {dag.py:3954} INFO - Setting next_dagrun for example_branch_dop_operator_v3 to 2024-06-14 19:31:00+00:00, run_after=2024-06-14 19:32:00+00:00
[2024-06-14T16:32:52.280-0300] {processor.py:183} INFO - Processing /home/maira/projeto_indicium_engineering/venv/lib/python3.10/site-packages/airflow/example_dags/example_branch_python_dop_operator_3.py took 0.066 seconds
[2024-06-14T16:33:57.679-0300] {processor.py:161} INFO - Started process (PID=87329) to work on /home/maira/projeto_indicium_engineering/venv/lib/python3.10/site-packages/airflow/example_dags/example_branch_python_dop_operator_3.py
[2024-06-14T16:33:57.680-0300] {processor.py:830} INFO - Processing file /home/maira/projeto_indicium_engineering/venv/lib/python3.10/site-packages/airflow/example_dags/example_branch_python_dop_operator_3.py for tasks to queue
[2024-06-14T16:33:57.682-0300] {logging_mixin.py:188} INFO - [2024-06-14T16:33:57.682-0300] {dagbag.py:545} INFO - Filling up the DagBag from /home/maira/projeto_indicium_engineering/venv/lib/python3.10/site-packages/airflow/example_dags/example_branch_python_dop_operator_3.py
[2024-06-14T16:33:57.689-0300] {processor.py:840} INFO - DAG(s) 'example_branch_dop_operator_v3' retrieved from /home/maira/projeto_indicium_engineering/venv/lib/python3.10/site-packages/airflow/example_dags/example_branch_python_dop_operator_3.py
[2024-06-14T16:33:57.700-0300] {logging_mixin.py:188} INFO - [2024-06-14T16:33:57.699-0300] {dag.py:3096} INFO - Sync 1 DAGs
[2024-06-14T16:33:57.716-0300] {logging_mixin.py:188} INFO - [2024-06-14T16:33:57.716-0300] {dag.py:3954} INFO - Setting next_dagrun for example_branch_dop_operator_v3 to 2024-06-14 19:32:00+00:00, run_after=2024-06-14 19:33:00+00:00
[2024-06-14T16:33:57.739-0300] {processor.py:183} INFO - Processing /home/maira/projeto_indicium_engineering/venv/lib/python3.10/site-packages/airflow/example_dags/example_branch_python_dop_operator_3.py took 0.066 seconds
[2024-06-14T16:34:57.349-0300] {processor.py:161} INFO - Started process (PID=87625) to work on /home/maira/projeto_indicium_engineering/venv/lib/python3.10/site-packages/airflow/example_dags/example_branch_python_dop_operator_3.py
[2024-06-14T16:34:57.351-0300] {processor.py:830} INFO - Processing file /home/maira/projeto_indicium_engineering/venv/lib/python3.10/site-packages/airflow/example_dags/example_branch_python_dop_operator_3.py for tasks to queue
[2024-06-14T16:34:57.352-0300] {logging_mixin.py:188} INFO - [2024-06-14T16:34:57.352-0300] {dagbag.py:545} INFO - Filling up the DagBag from /home/maira/projeto_indicium_engineering/venv/lib/python3.10/site-packages/airflow/example_dags/example_branch_python_dop_operator_3.py
[2024-06-14T16:34:57.361-0300] {processor.py:840} INFO - DAG(s) 'example_branch_dop_operator_v3' retrieved from /home/maira/projeto_indicium_engineering/venv/lib/python3.10/site-packages/airflow/example_dags/example_branch_python_dop_operator_3.py
[2024-06-14T16:34:57.375-0300] {logging_mixin.py:188} INFO - [2024-06-14T16:34:57.375-0300] {dag.py:3096} INFO - Sync 1 DAGs
[2024-06-14T16:34:57.394-0300] {logging_mixin.py:188} INFO - [2024-06-14T16:34:57.394-0300] {dag.py:3954} INFO - Setting next_dagrun for example_branch_dop_operator_v3 to 2024-06-14 19:33:00+00:00, run_after=2024-06-14 19:34:00+00:00
[2024-06-14T16:34:57.417-0300] {processor.py:183} INFO - Processing /home/maira/projeto_indicium_engineering/venv/lib/python3.10/site-packages/airflow/example_dags/example_branch_python_dop_operator_3.py took 0.074 seconds
[2024-06-14T16:35:53.102-0300] {processor.py:161} INFO - Started process (PID=87905) to work on /home/maira/projeto_indicium_engineering/venv/lib/python3.10/site-packages/airflow/example_dags/example_branch_python_dop_operator_3.py
[2024-06-14T16:35:53.105-0300] {processor.py:830} INFO - Processing file /home/maira/projeto_indicium_engineering/venv/lib/python3.10/site-packages/airflow/example_dags/example_branch_python_dop_operator_3.py for tasks to queue
[2024-06-14T16:35:53.107-0300] {logging_mixin.py:188} INFO - [2024-06-14T16:35:53.107-0300] {dagbag.py:545} INFO - Filling up the DagBag from /home/maira/projeto_indicium_engineering/venv/lib/python3.10/site-packages/airflow/example_dags/example_branch_python_dop_operator_3.py
[2024-06-14T16:35:53.116-0300] {processor.py:840} INFO - DAG(s) 'example_branch_dop_operator_v3' retrieved from /home/maira/projeto_indicium_engineering/venv/lib/python3.10/site-packages/airflow/example_dags/example_branch_python_dop_operator_3.py
[2024-06-14T16:35:53.130-0300] {logging_mixin.py:188} INFO - [2024-06-14T16:35:53.129-0300] {dag.py:3096} INFO - Sync 1 DAGs
[2024-06-14T16:35:53.148-0300] {logging_mixin.py:188} INFO - [2024-06-14T16:35:53.148-0300] {dag.py:3954} INFO - Setting next_dagrun for example_branch_dop_operator_v3 to 2024-06-14 19:34:00+00:00, run_after=2024-06-14 19:35:00+00:00
[2024-06-14T16:35:53.174-0300] {processor.py:183} INFO - Processing /home/maira/projeto_indicium_engineering/venv/lib/python3.10/site-packages/airflow/example_dags/example_branch_python_dop_operator_3.py took 0.078 seconds
[2024-06-14T16:36:52.582-0300] {processor.py:161} INFO - Started process (PID=88200) to work on /home/maira/projeto_indicium_engineering/venv/lib/python3.10/site-packages/airflow/example_dags/example_branch_python_dop_operator_3.py
[2024-06-14T16:36:52.584-0300] {processor.py:830} INFO - Processing file /home/maira/projeto_indicium_engineering/venv/lib/python3.10/site-packages/airflow/example_dags/example_branch_python_dop_operator_3.py for tasks to queue
[2024-06-14T16:36:52.586-0300] {logging_mixin.py:188} INFO - [2024-06-14T16:36:52.586-0300] {dagbag.py:545} INFO - Filling up the DagBag from /home/maira/projeto_indicium_engineering/venv/lib/python3.10/site-packages/airflow/example_dags/example_branch_python_dop_operator_3.py
[2024-06-14T16:36:52.595-0300] {processor.py:840} INFO - DAG(s) 'example_branch_dop_operator_v3' retrieved from /home/maira/projeto_indicium_engineering/venv/lib/python3.10/site-packages/airflow/example_dags/example_branch_python_dop_operator_3.py
[2024-06-14T16:36:52.609-0300] {logging_mixin.py:188} INFO - [2024-06-14T16:36:52.608-0300] {dag.py:3096} INFO - Sync 1 DAGs
[2024-06-14T16:36:52.627-0300] {logging_mixin.py:188} INFO - [2024-06-14T16:36:52.627-0300] {dag.py:3954} INFO - Setting next_dagrun for example_branch_dop_operator_v3 to 2024-06-14 19:35:00+00:00, run_after=2024-06-14 19:36:00+00:00
[2024-06-14T16:36:52.651-0300] {processor.py:183} INFO - Processing /home/maira/projeto_indicium_engineering/venv/lib/python3.10/site-packages/airflow/example_dags/example_branch_python_dop_operator_3.py took 0.073 seconds
[2024-06-14T16:37:55.908-0300] {processor.py:161} INFO - Started process (PID=88512) to work on /home/maira/projeto_indicium_engineering/venv/lib/python3.10/site-packages/airflow/example_dags/example_branch_python_dop_operator_3.py
[2024-06-14T16:37:55.910-0300] {processor.py:830} INFO - Processing file /home/maira/projeto_indicium_engineering/venv/lib/python3.10/site-packages/airflow/example_dags/example_branch_python_dop_operator_3.py for tasks to queue
[2024-06-14T16:37:55.912-0300] {logging_mixin.py:188} INFO - [2024-06-14T16:37:55.912-0300] {dagbag.py:545} INFO - Filling up the DagBag from /home/maira/projeto_indicium_engineering/venv/lib/python3.10/site-packages/airflow/example_dags/example_branch_python_dop_operator_3.py
[2024-06-14T16:37:55.918-0300] {processor.py:840} INFO - DAG(s) 'example_branch_dop_operator_v3' retrieved from /home/maira/projeto_indicium_engineering/venv/lib/python3.10/site-packages/airflow/example_dags/example_branch_python_dop_operator_3.py
[2024-06-14T16:37:55.929-0300] {logging_mixin.py:188} INFO - [2024-06-14T16:37:55.929-0300] {dag.py:3096} INFO - Sync 1 DAGs
[2024-06-14T16:37:55.946-0300] {logging_mixin.py:188} INFO - [2024-06-14T16:37:55.946-0300] {dag.py:3954} INFO - Setting next_dagrun for example_branch_dop_operator_v3 to 2024-06-14 19:36:00+00:00, run_after=2024-06-14 19:37:00+00:00
[2024-06-14T16:37:55.969-0300] {processor.py:183} INFO - Processing /home/maira/projeto_indicium_engineering/venv/lib/python3.10/site-packages/airflow/example_dags/example_branch_python_dop_operator_3.py took 0.066 seconds
[2024-06-14T16:38:45.341-0300] {processor.py:161} INFO - Started process (PID=88756) to work on /home/maira/projeto_indicium_engineering/venv/lib/python3.10/site-packages/airflow/example_dags/example_branch_python_dop_operator_3.py
[2024-06-14T16:38:45.343-0300] {processor.py:830} INFO - Processing file /home/maira/projeto_indicium_engineering/venv/lib/python3.10/site-packages/airflow/example_dags/example_branch_python_dop_operator_3.py for tasks to queue
[2024-06-14T16:38:45.345-0300] {logging_mixin.py:188} INFO - [2024-06-14T16:38:45.345-0300] {dagbag.py:545} INFO - Filling up the DagBag from /home/maira/projeto_indicium_engineering/venv/lib/python3.10/site-packages/airflow/example_dags/example_branch_python_dop_operator_3.py
[2024-06-14T16:38:45.353-0300] {processor.py:840} INFO - DAG(s) 'example_branch_dop_operator_v3' retrieved from /home/maira/projeto_indicium_engineering/venv/lib/python3.10/site-packages/airflow/example_dags/example_branch_python_dop_operator_3.py
[2024-06-14T16:38:45.366-0300] {logging_mixin.py:188} INFO - [2024-06-14T16:38:45.366-0300] {dag.py:3096} INFO - Sync 1 DAGs
[2024-06-14T16:38:45.383-0300] {logging_mixin.py:188} INFO - [2024-06-14T16:38:45.382-0300] {dag.py:3954} INFO - Setting next_dagrun for example_branch_dop_operator_v3 to 2024-06-14 19:37:00+00:00, run_after=2024-06-14 19:38:00+00:00
[2024-06-14T16:38:45.405-0300] {processor.py:183} INFO - Processing /home/maira/projeto_indicium_engineering/venv/lib/python3.10/site-packages/airflow/example_dags/example_branch_python_dop_operator_3.py took 0.069 seconds
[2024-06-14T16:39:48.190-0300] {processor.py:161} INFO - Started process (PID=89065) to work on /home/maira/projeto_indicium_engineering/venv/lib/python3.10/site-packages/airflow/example_dags/example_branch_python_dop_operator_3.py
[2024-06-14T16:39:48.191-0300] {processor.py:830} INFO - Processing file /home/maira/projeto_indicium_engineering/venv/lib/python3.10/site-packages/airflow/example_dags/example_branch_python_dop_operator_3.py for tasks to queue
[2024-06-14T16:39:48.192-0300] {logging_mixin.py:188} INFO - [2024-06-14T16:39:48.192-0300] {dagbag.py:545} INFO - Filling up the DagBag from /home/maira/projeto_indicium_engineering/venv/lib/python3.10/site-packages/airflow/example_dags/example_branch_python_dop_operator_3.py
[2024-06-14T16:39:48.199-0300] {processor.py:840} INFO - DAG(s) 'example_branch_dop_operator_v3' retrieved from /home/maira/projeto_indicium_engineering/venv/lib/python3.10/site-packages/airflow/example_dags/example_branch_python_dop_operator_3.py
[2024-06-14T16:39:48.210-0300] {logging_mixin.py:188} INFO - [2024-06-14T16:39:48.210-0300] {dag.py:3096} INFO - Sync 1 DAGs
[2024-06-14T16:39:48.227-0300] {logging_mixin.py:188} INFO - [2024-06-14T16:39:48.227-0300] {dag.py:3954} INFO - Setting next_dagrun for example_branch_dop_operator_v3 to 2024-06-14 19:38:00+00:00, run_after=2024-06-14 19:39:00+00:00
[2024-06-14T16:39:48.247-0300] {processor.py:183} INFO - Processing /home/maira/projeto_indicium_engineering/venv/lib/python3.10/site-packages/airflow/example_dags/example_branch_python_dop_operator_3.py took 0.062 seconds
[2024-06-14T16:40:42.837-0300] {processor.py:161} INFO - Started process (PID=89338) to work on /home/maira/projeto_indicium_engineering/venv/lib/python3.10/site-packages/airflow/example_dags/example_branch_python_dop_operator_3.py
[2024-06-14T16:40:42.842-0300] {processor.py:830} INFO - Processing file /home/maira/projeto_indicium_engineering/venv/lib/python3.10/site-packages/airflow/example_dags/example_branch_python_dop_operator_3.py for tasks to queue
[2024-06-14T16:40:42.843-0300] {logging_mixin.py:188} INFO - [2024-06-14T16:40:42.843-0300] {dagbag.py:545} INFO - Filling up the DagBag from /home/maira/projeto_indicium_engineering/venv/lib/python3.10/site-packages/airflow/example_dags/example_branch_python_dop_operator_3.py
[2024-06-14T16:40:42.850-0300] {processor.py:840} INFO - DAG(s) 'example_branch_dop_operator_v3' retrieved from /home/maira/projeto_indicium_engineering/venv/lib/python3.10/site-packages/airflow/example_dags/example_branch_python_dop_operator_3.py
[2024-06-14T16:40:42.863-0300] {logging_mixin.py:188} INFO - [2024-06-14T16:40:42.862-0300] {dag.py:3096} INFO - Sync 1 DAGs
[2024-06-14T16:40:42.881-0300] {logging_mixin.py:188} INFO - [2024-06-14T16:40:42.881-0300] {dag.py:3954} INFO - Setting next_dagrun for example_branch_dop_operator_v3 to 2024-06-14 19:39:00+00:00, run_after=2024-06-14 19:40:00+00:00
[2024-06-14T16:40:42.904-0300] {processor.py:183} INFO - Processing /home/maira/projeto_indicium_engineering/venv/lib/python3.10/site-packages/airflow/example_dags/example_branch_python_dop_operator_3.py took 0.072 seconds
[2024-06-14T16:41:41.213-0300] {processor.py:161} INFO - Started process (PID=89627) to work on /home/maira/projeto_indicium_engineering/venv/lib/python3.10/site-packages/airflow/example_dags/example_branch_python_dop_operator_3.py
[2024-06-14T16:41:41.214-0300] {processor.py:830} INFO - Processing file /home/maira/projeto_indicium_engineering/venv/lib/python3.10/site-packages/airflow/example_dags/example_branch_python_dop_operator_3.py for tasks to queue
[2024-06-14T16:41:41.216-0300] {logging_mixin.py:188} INFO - [2024-06-14T16:41:41.215-0300] {dagbag.py:545} INFO - Filling up the DagBag from /home/maira/projeto_indicium_engineering/venv/lib/python3.10/site-packages/airflow/example_dags/example_branch_python_dop_operator_3.py
[2024-06-14T16:41:41.224-0300] {processor.py:840} INFO - DAG(s) 'example_branch_dop_operator_v3' retrieved from /home/maira/projeto_indicium_engineering/venv/lib/python3.10/site-packages/airflow/example_dags/example_branch_python_dop_operator_3.py
[2024-06-14T16:41:41.237-0300] {logging_mixin.py:188} INFO - [2024-06-14T16:41:41.236-0300] {dag.py:3096} INFO - Sync 1 DAGs
[2024-06-14T16:41:41.252-0300] {logging_mixin.py:188} INFO - [2024-06-14T16:41:41.252-0300] {dag.py:3954} INFO - Setting next_dagrun for example_branch_dop_operator_v3 to 2024-06-14 19:40:00+00:00, run_after=2024-06-14 19:41:00+00:00
[2024-06-14T16:41:41.279-0300] {processor.py:183} INFO - Processing /home/maira/projeto_indicium_engineering/venv/lib/python3.10/site-packages/airflow/example_dags/example_branch_python_dop_operator_3.py took 0.071 seconds
[2024-06-14T16:42:41.807-0300] {processor.py:161} INFO - Started process (PID=89927) to work on /home/maira/projeto_indicium_engineering/venv/lib/python3.10/site-packages/airflow/example_dags/example_branch_python_dop_operator_3.py
[2024-06-14T16:42:41.811-0300] {processor.py:830} INFO - Processing file /home/maira/projeto_indicium_engineering/venv/lib/python3.10/site-packages/airflow/example_dags/example_branch_python_dop_operator_3.py for tasks to queue
[2024-06-14T16:42:41.813-0300] {logging_mixin.py:188} INFO - [2024-06-14T16:42:41.812-0300] {dagbag.py:545} INFO - Filling up the DagBag from /home/maira/projeto_indicium_engineering/venv/lib/python3.10/site-packages/airflow/example_dags/example_branch_python_dop_operator_3.py
[2024-06-14T16:42:41.819-0300] {processor.py:840} INFO - DAG(s) 'example_branch_dop_operator_v3' retrieved from /home/maira/projeto_indicium_engineering/venv/lib/python3.10/site-packages/airflow/example_dags/example_branch_python_dop_operator_3.py
[2024-06-14T16:42:41.830-0300] {logging_mixin.py:188} INFO - [2024-06-14T16:42:41.830-0300] {dag.py:3096} INFO - Sync 1 DAGs
[2024-06-14T16:42:41.847-0300] {logging_mixin.py:188} INFO - [2024-06-14T16:42:41.847-0300] {dag.py:3954} INFO - Setting next_dagrun for example_branch_dop_operator_v3 to 2024-06-14 19:41:00+00:00, run_after=2024-06-14 19:42:00+00:00
[2024-06-14T16:42:41.870-0300] {processor.py:183} INFO - Processing /home/maira/projeto_indicium_engineering/venv/lib/python3.10/site-packages/airflow/example_dags/example_branch_python_dop_operator_3.py took 0.068 seconds
[2024-06-14T16:43:39.716-0300] {processor.py:161} INFO - Started process (PID=90215) to work on /home/maira/projeto_indicium_engineering/venv/lib/python3.10/site-packages/airflow/example_dags/example_branch_python_dop_operator_3.py
[2024-06-14T16:43:39.717-0300] {processor.py:830} INFO - Processing file /home/maira/projeto_indicium_engineering/venv/lib/python3.10/site-packages/airflow/example_dags/example_branch_python_dop_operator_3.py for tasks to queue
[2024-06-14T16:43:39.719-0300] {logging_mixin.py:188} INFO - [2024-06-14T16:43:39.719-0300] {dagbag.py:545} INFO - Filling up the DagBag from /home/maira/projeto_indicium_engineering/venv/lib/python3.10/site-packages/airflow/example_dags/example_branch_python_dop_operator_3.py
[2024-06-14T16:43:39.730-0300] {processor.py:840} INFO - DAG(s) 'example_branch_dop_operator_v3' retrieved from /home/maira/projeto_indicium_engineering/venv/lib/python3.10/site-packages/airflow/example_dags/example_branch_python_dop_operator_3.py
[2024-06-14T16:43:39.741-0300] {logging_mixin.py:188} INFO - [2024-06-14T16:43:39.740-0300] {dag.py:3096} INFO - Sync 1 DAGs
[2024-06-14T16:43:39.759-0300] {logging_mixin.py:188} INFO - [2024-06-14T16:43:39.759-0300] {dag.py:3954} INFO - Setting next_dagrun for example_branch_dop_operator_v3 to 2024-06-14 19:42:00+00:00, run_after=2024-06-14 19:43:00+00:00
[2024-06-14T16:43:39.786-0300] {processor.py:183} INFO - Processing /home/maira/projeto_indicium_engineering/venv/lib/python3.10/site-packages/airflow/example_dags/example_branch_python_dop_operator_3.py took 0.075 seconds
[2024-06-14T16:44:41.484-0300] {processor.py:161} INFO - Started process (PID=90520) to work on /home/maira/projeto_indicium_engineering/venv/lib/python3.10/site-packages/airflow/example_dags/example_branch_python_dop_operator_3.py
[2024-06-14T16:44:41.488-0300] {processor.py:830} INFO - Processing file /home/maira/projeto_indicium_engineering/venv/lib/python3.10/site-packages/airflow/example_dags/example_branch_python_dop_operator_3.py for tasks to queue
[2024-06-14T16:44:41.490-0300] {logging_mixin.py:188} INFO - [2024-06-14T16:44:41.490-0300] {dagbag.py:545} INFO - Filling up the DagBag from /home/maira/projeto_indicium_engineering/venv/lib/python3.10/site-packages/airflow/example_dags/example_branch_python_dop_operator_3.py
[2024-06-14T16:44:41.497-0300] {processor.py:840} INFO - DAG(s) 'example_branch_dop_operator_v3' retrieved from /home/maira/projeto_indicium_engineering/venv/lib/python3.10/site-packages/airflow/example_dags/example_branch_python_dop_operator_3.py
[2024-06-14T16:44:41.508-0300] {logging_mixin.py:188} INFO - [2024-06-14T16:44:41.507-0300] {dag.py:3096} INFO - Sync 1 DAGs
[2024-06-14T16:44:41.524-0300] {logging_mixin.py:188} INFO - [2024-06-14T16:44:41.524-0300] {dag.py:3954} INFO - Setting next_dagrun for example_branch_dop_operator_v3 to 2024-06-14 19:43:00+00:00, run_after=2024-06-14 19:44:00+00:00
[2024-06-14T16:44:41.546-0300] {processor.py:183} INFO - Processing /home/maira/projeto_indicium_engineering/venv/lib/python3.10/site-packages/airflow/example_dags/example_branch_python_dop_operator_3.py took 0.068 seconds
[2024-06-14T16:45:39.752-0300] {processor.py:161} INFO - Started process (PID=90813) to work on /home/maira/projeto_indicium_engineering/venv/lib/python3.10/site-packages/airflow/example_dags/example_branch_python_dop_operator_3.py
[2024-06-14T16:45:39.757-0300] {processor.py:830} INFO - Processing file /home/maira/projeto_indicium_engineering/venv/lib/python3.10/site-packages/airflow/example_dags/example_branch_python_dop_operator_3.py for tasks to queue
[2024-06-14T16:45:39.758-0300] {logging_mixin.py:188} INFO - [2024-06-14T16:45:39.758-0300] {dagbag.py:545} INFO - Filling up the DagBag from /home/maira/projeto_indicium_engineering/venv/lib/python3.10/site-packages/airflow/example_dags/example_branch_python_dop_operator_3.py
[2024-06-14T16:45:39.765-0300] {processor.py:840} INFO - DAG(s) 'example_branch_dop_operator_v3' retrieved from /home/maira/projeto_indicium_engineering/venv/lib/python3.10/site-packages/airflow/example_dags/example_branch_python_dop_operator_3.py
[2024-06-14T16:45:39.776-0300] {logging_mixin.py:188} INFO - [2024-06-14T16:45:39.775-0300] {dag.py:3096} INFO - Sync 1 DAGs
[2024-06-14T16:45:39.793-0300] {logging_mixin.py:188} INFO - [2024-06-14T16:45:39.793-0300] {dag.py:3954} INFO - Setting next_dagrun for example_branch_dop_operator_v3 to 2024-06-14 19:44:00+00:00, run_after=2024-06-14 19:45:00+00:00
[2024-06-14T16:45:39.817-0300] {processor.py:183} INFO - Processing /home/maira/projeto_indicium_engineering/venv/lib/python3.10/site-packages/airflow/example_dags/example_branch_python_dop_operator_3.py took 0.070 seconds
[2024-06-14T16:46:41.437-0300] {processor.py:161} INFO - Started process (PID=91118) to work on /home/maira/projeto_indicium_engineering/venv/lib/python3.10/site-packages/airflow/example_dags/example_branch_python_dop_operator_3.py
[2024-06-14T16:46:41.441-0300] {processor.py:830} INFO - Processing file /home/maira/projeto_indicium_engineering/venv/lib/python3.10/site-packages/airflow/example_dags/example_branch_python_dop_operator_3.py for tasks to queue
[2024-06-14T16:46:41.443-0300] {logging_mixin.py:188} INFO - [2024-06-14T16:46:41.443-0300] {dagbag.py:545} INFO - Filling up the DagBag from /home/maira/projeto_indicium_engineering/venv/lib/python3.10/site-packages/airflow/example_dags/example_branch_python_dop_operator_3.py
[2024-06-14T16:46:41.450-0300] {processor.py:840} INFO - DAG(s) 'example_branch_dop_operator_v3' retrieved from /home/maira/projeto_indicium_engineering/venv/lib/python3.10/site-packages/airflow/example_dags/example_branch_python_dop_operator_3.py
[2024-06-14T16:46:41.461-0300] {logging_mixin.py:188} INFO - [2024-06-14T16:46:41.460-0300] {dag.py:3096} INFO - Sync 1 DAGs
[2024-06-14T16:46:41.477-0300] {logging_mixin.py:188} INFO - [2024-06-14T16:46:41.477-0300] {dag.py:3954} INFO - Setting next_dagrun for example_branch_dop_operator_v3 to 2024-06-14 19:45:00+00:00, run_after=2024-06-14 19:46:00+00:00
[2024-06-14T16:46:41.500-0300] {processor.py:183} INFO - Processing /home/maira/projeto_indicium_engineering/venv/lib/python3.10/site-packages/airflow/example_dags/example_branch_python_dop_operator_3.py took 0.068 seconds
[2024-06-14T16:47:39.089-0300] {processor.py:161} INFO - Started process (PID=91404) to work on /home/maira/projeto_indicium_engineering/venv/lib/python3.10/site-packages/airflow/example_dags/example_branch_python_dop_operator_3.py
[2024-06-14T16:47:39.093-0300] {processor.py:830} INFO - Processing file /home/maira/projeto_indicium_engineering/venv/lib/python3.10/site-packages/airflow/example_dags/example_branch_python_dop_operator_3.py for tasks to queue
[2024-06-14T16:47:39.096-0300] {logging_mixin.py:188} INFO - [2024-06-14T16:47:39.095-0300] {dagbag.py:545} INFO - Filling up the DagBag from /home/maira/projeto_indicium_engineering/venv/lib/python3.10/site-packages/airflow/example_dags/example_branch_python_dop_operator_3.py
[2024-06-14T16:47:39.102-0300] {processor.py:840} INFO - DAG(s) 'example_branch_dop_operator_v3' retrieved from /home/maira/projeto_indicium_engineering/venv/lib/python3.10/site-packages/airflow/example_dags/example_branch_python_dop_operator_3.py
[2024-06-14T16:47:39.113-0300] {logging_mixin.py:188} INFO - [2024-06-14T16:47:39.113-0300] {dag.py:3096} INFO - Sync 1 DAGs
[2024-06-14T16:47:39.130-0300] {logging_mixin.py:188} INFO - [2024-06-14T16:47:39.130-0300] {dag.py:3954} INFO - Setting next_dagrun for example_branch_dop_operator_v3 to 2024-06-14 19:46:00+00:00, run_after=2024-06-14 19:47:00+00:00
[2024-06-14T16:47:39.153-0300] {processor.py:183} INFO - Processing /home/maira/projeto_indicium_engineering/venv/lib/python3.10/site-packages/airflow/example_dags/example_branch_python_dop_operator_3.py took 0.069 seconds
[2024-06-14T16:48:39.221-0300] {processor.py:161} INFO - Started process (PID=91702) to work on /home/maira/projeto_indicium_engineering/venv/lib/python3.10/site-packages/airflow/example_dags/example_branch_python_dop_operator_3.py
[2024-06-14T16:48:39.223-0300] {processor.py:830} INFO - Processing file /home/maira/projeto_indicium_engineering/venv/lib/python3.10/site-packages/airflow/example_dags/example_branch_python_dop_operator_3.py for tasks to queue
[2024-06-14T16:48:39.224-0300] {logging_mixin.py:188} INFO - [2024-06-14T16:48:39.224-0300] {dagbag.py:545} INFO - Filling up the DagBag from /home/maira/projeto_indicium_engineering/venv/lib/python3.10/site-packages/airflow/example_dags/example_branch_python_dop_operator_3.py
[2024-06-14T16:48:39.232-0300] {processor.py:840} INFO - DAG(s) 'example_branch_dop_operator_v3' retrieved from /home/maira/projeto_indicium_engineering/venv/lib/python3.10/site-packages/airflow/example_dags/example_branch_python_dop_operator_3.py
[2024-06-14T16:48:39.243-0300] {logging_mixin.py:188} INFO - [2024-06-14T16:48:39.242-0300] {dag.py:3096} INFO - Sync 1 DAGs
[2024-06-14T16:48:39.260-0300] {logging_mixin.py:188} INFO - [2024-06-14T16:48:39.259-0300] {dag.py:3954} INFO - Setting next_dagrun for example_branch_dop_operator_v3 to 2024-06-14 19:47:00+00:00, run_after=2024-06-14 19:48:00+00:00
[2024-06-14T16:48:39.283-0300] {processor.py:183} INFO - Processing /home/maira/projeto_indicium_engineering/venv/lib/python3.10/site-packages/airflow/example_dags/example_branch_python_dop_operator_3.py took 0.067 seconds
[2024-06-14T16:49:36.216-0300] {processor.py:161} INFO - Started process (PID=91985) to work on /home/maira/projeto_indicium_engineering/venv/lib/python3.10/site-packages/airflow/example_dags/example_branch_python_dop_operator_3.py
[2024-06-14T16:49:36.218-0300] {processor.py:830} INFO - Processing file /home/maira/projeto_indicium_engineering/venv/lib/python3.10/site-packages/airflow/example_dags/example_branch_python_dop_operator_3.py for tasks to queue
[2024-06-14T16:49:36.219-0300] {logging_mixin.py:188} INFO - [2024-06-14T16:49:36.219-0300] {dagbag.py:545} INFO - Filling up the DagBag from /home/maira/projeto_indicium_engineering/venv/lib/python3.10/site-packages/airflow/example_dags/example_branch_python_dop_operator_3.py
[2024-06-14T16:49:36.227-0300] {processor.py:840} INFO - DAG(s) 'example_branch_dop_operator_v3' retrieved from /home/maira/projeto_indicium_engineering/venv/lib/python3.10/site-packages/airflow/example_dags/example_branch_python_dop_operator_3.py
[2024-06-14T16:49:36.238-0300] {logging_mixin.py:188} INFO - [2024-06-14T16:49:36.238-0300] {dag.py:3096} INFO - Sync 1 DAGs
[2024-06-14T16:49:36.254-0300] {logging_mixin.py:188} INFO - [2024-06-14T16:49:36.254-0300] {dag.py:3954} INFO - Setting next_dagrun for example_branch_dop_operator_v3 to 2024-06-14 19:48:00+00:00, run_after=2024-06-14 19:49:00+00:00
[2024-06-14T16:49:36.278-0300] {processor.py:183} INFO - Processing /home/maira/projeto_indicium_engineering/venv/lib/python3.10/site-packages/airflow/example_dags/example_branch_python_dop_operator_3.py took 0.067 seconds
[2024-06-14T16:50:36.875-0300] {processor.py:161} INFO - Started process (PID=92285) to work on /home/maira/projeto_indicium_engineering/venv/lib/python3.10/site-packages/airflow/example_dags/example_branch_python_dop_operator_3.py
[2024-06-14T16:50:36.877-0300] {processor.py:830} INFO - Processing file /home/maira/projeto_indicium_engineering/venv/lib/python3.10/site-packages/airflow/example_dags/example_branch_python_dop_operator_3.py for tasks to queue
[2024-06-14T16:50:36.878-0300] {logging_mixin.py:188} INFO - [2024-06-14T16:50:36.878-0300] {dagbag.py:545} INFO - Filling up the DagBag from /home/maira/projeto_indicium_engineering/venv/lib/python3.10/site-packages/airflow/example_dags/example_branch_python_dop_operator_3.py
[2024-06-14T16:50:36.888-0300] {processor.py:840} INFO - DAG(s) 'example_branch_dop_operator_v3' retrieved from /home/maira/projeto_indicium_engineering/venv/lib/python3.10/site-packages/airflow/example_dags/example_branch_python_dop_operator_3.py
[2024-06-14T16:50:36.900-0300] {logging_mixin.py:188} INFO - [2024-06-14T16:50:36.900-0300] {dag.py:3096} INFO - Sync 1 DAGs
[2024-06-14T16:50:36.917-0300] {logging_mixin.py:188} INFO - [2024-06-14T16:50:36.917-0300] {dag.py:3954} INFO - Setting next_dagrun for example_branch_dop_operator_v3 to 2024-06-14 19:49:00+00:00, run_after=2024-06-14 19:50:00+00:00
[2024-06-14T16:50:36.940-0300] {processor.py:183} INFO - Processing /home/maira/projeto_indicium_engineering/venv/lib/python3.10/site-packages/airflow/example_dags/example_branch_python_dop_operator_3.py took 0.070 seconds
[2024-06-14T16:51:44.415-0300] {processor.py:161} INFO - Started process (PID=92616) to work on /home/maira/projeto_indicium_engineering/venv/lib/python3.10/site-packages/airflow/example_dags/example_branch_python_dop_operator_3.py
[2024-06-14T16:51:44.417-0300] {processor.py:830} INFO - Processing file /home/maira/projeto_indicium_engineering/venv/lib/python3.10/site-packages/airflow/example_dags/example_branch_python_dop_operator_3.py for tasks to queue
[2024-06-14T16:51:44.419-0300] {logging_mixin.py:188} INFO - [2024-06-14T16:51:44.418-0300] {dagbag.py:545} INFO - Filling up the DagBag from /home/maira/projeto_indicium_engineering/venv/lib/python3.10/site-packages/airflow/example_dags/example_branch_python_dop_operator_3.py
[2024-06-14T16:51:44.427-0300] {processor.py:840} INFO - DAG(s) 'example_branch_dop_operator_v3' retrieved from /home/maira/projeto_indicium_engineering/venv/lib/python3.10/site-packages/airflow/example_dags/example_branch_python_dop_operator_3.py
[2024-06-14T16:51:44.438-0300] {logging_mixin.py:188} INFO - [2024-06-14T16:51:44.438-0300] {dag.py:3096} INFO - Sync 1 DAGs
[2024-06-14T16:51:44.455-0300] {logging_mixin.py:188} INFO - [2024-06-14T16:51:44.455-0300] {dag.py:3954} INFO - Setting next_dagrun for example_branch_dop_operator_v3 to 2024-06-14 19:50:00+00:00, run_after=2024-06-14 19:51:00+00:00
[2024-06-14T16:51:44.482-0300] {processor.py:183} INFO - Processing /home/maira/projeto_indicium_engineering/venv/lib/python3.10/site-packages/airflow/example_dags/example_branch_python_dop_operator_3.py took 0.071 seconds
[2024-06-14T16:52:45.003-0300] {processor.py:161} INFO - Started process (PID=92916) to work on /home/maira/projeto_indicium_engineering/venv/lib/python3.10/site-packages/airflow/example_dags/example_branch_python_dop_operator_3.py
[2024-06-14T16:52:45.005-0300] {processor.py:830} INFO - Processing file /home/maira/projeto_indicium_engineering/venv/lib/python3.10/site-packages/airflow/example_dags/example_branch_python_dop_operator_3.py for tasks to queue
[2024-06-14T16:52:45.007-0300] {logging_mixin.py:188} INFO - [2024-06-14T16:52:45.006-0300] {dagbag.py:545} INFO - Filling up the DagBag from /home/maira/projeto_indicium_engineering/venv/lib/python3.10/site-packages/airflow/example_dags/example_branch_python_dop_operator_3.py
[2024-06-14T16:52:45.015-0300] {processor.py:840} INFO - DAG(s) 'example_branch_dop_operator_v3' retrieved from /home/maira/projeto_indicium_engineering/venv/lib/python3.10/site-packages/airflow/example_dags/example_branch_python_dop_operator_3.py
[2024-06-14T16:52:45.026-0300] {logging_mixin.py:188} INFO - [2024-06-14T16:52:45.026-0300] {dag.py:3096} INFO - Sync 1 DAGs
[2024-06-14T16:52:45.043-0300] {logging_mixin.py:188} INFO - [2024-06-14T16:52:45.043-0300] {dag.py:3954} INFO - Setting next_dagrun for example_branch_dop_operator_v3 to 2024-06-14 19:51:00+00:00, run_after=2024-06-14 19:52:00+00:00
[2024-06-14T16:52:45.065-0300] {processor.py:183} INFO - Processing /home/maira/projeto_indicium_engineering/venv/lib/python3.10/site-packages/airflow/example_dags/example_branch_python_dop_operator_3.py took 0.067 seconds
[2024-06-14T16:53:46.888-0300] {processor.py:161} INFO - Started process (PID=93221) to work on /home/maira/projeto_indicium_engineering/venv/lib/python3.10/site-packages/airflow/example_dags/example_branch_python_dop_operator_3.py
[2024-06-14T16:53:46.889-0300] {processor.py:830} INFO - Processing file /home/maira/projeto_indicium_engineering/venv/lib/python3.10/site-packages/airflow/example_dags/example_branch_python_dop_operator_3.py for tasks to queue
[2024-06-14T16:53:46.891-0300] {logging_mixin.py:188} INFO - [2024-06-14T16:53:46.890-0300] {dagbag.py:545} INFO - Filling up the DagBag from /home/maira/projeto_indicium_engineering/venv/lib/python3.10/site-packages/airflow/example_dags/example_branch_python_dop_operator_3.py
[2024-06-14T16:53:46.898-0300] {processor.py:840} INFO - DAG(s) 'example_branch_dop_operator_v3' retrieved from /home/maira/projeto_indicium_engineering/venv/lib/python3.10/site-packages/airflow/example_dags/example_branch_python_dop_operator_3.py
[2024-06-14T16:53:46.910-0300] {logging_mixin.py:188} INFO - [2024-06-14T16:53:46.910-0300] {dag.py:3096} INFO - Sync 1 DAGs
[2024-06-14T16:53:46.934-0300] {logging_mixin.py:188} INFO - [2024-06-14T16:53:46.934-0300] {dag.py:3954} INFO - Setting next_dagrun for example_branch_dop_operator_v3 to 2024-06-14 19:52:00+00:00, run_after=2024-06-14 19:53:00+00:00
[2024-06-14T16:53:46.960-0300] {processor.py:183} INFO - Processing /home/maira/projeto_indicium_engineering/venv/lib/python3.10/site-packages/airflow/example_dags/example_branch_python_dop_operator_3.py took 0.077 seconds
[2024-06-14T16:54:50.859-0300] {processor.py:161} INFO - Started process (PID=93536) to work on /home/maira/projeto_indicium_engineering/venv/lib/python3.10/site-packages/airflow/example_dags/example_branch_python_dop_operator_3.py
[2024-06-14T16:54:50.860-0300] {processor.py:830} INFO - Processing file /home/maira/projeto_indicium_engineering/venv/lib/python3.10/site-packages/airflow/example_dags/example_branch_python_dop_operator_3.py for tasks to queue
[2024-06-14T16:54:50.861-0300] {logging_mixin.py:188} INFO - [2024-06-14T16:54:50.861-0300] {dagbag.py:545} INFO - Filling up the DagBag from /home/maira/projeto_indicium_engineering/venv/lib/python3.10/site-packages/airflow/example_dags/example_branch_python_dop_operator_3.py
[2024-06-14T16:54:50.869-0300] {processor.py:840} INFO - DAG(s) 'example_branch_dop_operator_v3' retrieved from /home/maira/projeto_indicium_engineering/venv/lib/python3.10/site-packages/airflow/example_dags/example_branch_python_dop_operator_3.py
[2024-06-14T16:54:50.882-0300] {logging_mixin.py:188} INFO - [2024-06-14T16:54:50.882-0300] {dag.py:3096} INFO - Sync 1 DAGs
[2024-06-14T16:54:50.902-0300] {logging_mixin.py:188} INFO - [2024-06-14T16:54:50.901-0300] {dag.py:3954} INFO - Setting next_dagrun for example_branch_dop_operator_v3 to 2024-06-14 19:53:00+00:00, run_after=2024-06-14 19:54:00+00:00
[2024-06-14T16:54:50.927-0300] {processor.py:183} INFO - Processing /home/maira/projeto_indicium_engineering/venv/lib/python3.10/site-packages/airflow/example_dags/example_branch_python_dop_operator_3.py took 0.073 seconds
[2024-06-14T17:20:47.702-0300] {processor.py:161} INFO - Started process (PID=93916) to work on /home/maira/projeto_indicium_engineering/venv/lib/python3.10/site-packages/airflow/example_dags/example_branch_python_dop_operator_3.py
[2024-06-14T17:20:47.704-0300] {processor.py:830} INFO - Processing file /home/maira/projeto_indicium_engineering/venv/lib/python3.10/site-packages/airflow/example_dags/example_branch_python_dop_operator_3.py for tasks to queue
[2024-06-14T17:20:47.706-0300] {logging_mixin.py:188} INFO - [2024-06-14T17:20:47.705-0300] {dagbag.py:545} INFO - Filling up the DagBag from /home/maira/projeto_indicium_engineering/venv/lib/python3.10/site-packages/airflow/example_dags/example_branch_python_dop_operator_3.py
[2024-06-14T17:20:47.714-0300] {processor.py:840} INFO - DAG(s) 'example_branch_dop_operator_v3' retrieved from /home/maira/projeto_indicium_engineering/venv/lib/python3.10/site-packages/airflow/example_dags/example_branch_python_dop_operator_3.py
[2024-06-14T17:20:47.727-0300] {logging_mixin.py:188} INFO - [2024-06-14T17:20:47.727-0300] {dag.py:3096} INFO - Sync 1 DAGs
[2024-06-14T17:20:47.745-0300] {logging_mixin.py:188} INFO - [2024-06-14T17:20:47.745-0300] {dag.py:3954} INFO - Setting next_dagrun for example_branch_dop_operator_v3 to 2024-06-14 20:19:00+00:00, run_after=2024-06-14 20:20:00+00:00
[2024-06-14T17:20:47.769-0300] {processor.py:183} INFO - Processing /home/maira/projeto_indicium_engineering/venv/lib/python3.10/site-packages/airflow/example_dags/example_branch_python_dop_operator_3.py took 0.071 seconds
[2024-06-14T17:21:46.231-0300] {processor.py:161} INFO - Started process (PID=94208) to work on /home/maira/projeto_indicium_engineering/venv/lib/python3.10/site-packages/airflow/example_dags/example_branch_python_dop_operator_3.py
[2024-06-14T17:21:46.232-0300] {processor.py:830} INFO - Processing file /home/maira/projeto_indicium_engineering/venv/lib/python3.10/site-packages/airflow/example_dags/example_branch_python_dop_operator_3.py for tasks to queue
[2024-06-14T17:21:46.234-0300] {logging_mixin.py:188} INFO - [2024-06-14T17:21:46.234-0300] {dagbag.py:545} INFO - Filling up the DagBag from /home/maira/projeto_indicium_engineering/venv/lib/python3.10/site-packages/airflow/example_dags/example_branch_python_dop_operator_3.py
[2024-06-14T17:21:46.243-0300] {processor.py:840} INFO - DAG(s) 'example_branch_dop_operator_v3' retrieved from /home/maira/projeto_indicium_engineering/venv/lib/python3.10/site-packages/airflow/example_dags/example_branch_python_dop_operator_3.py
[2024-06-14T17:21:46.257-0300] {logging_mixin.py:188} INFO - [2024-06-14T17:21:46.257-0300] {dag.py:3096} INFO - Sync 1 DAGs
[2024-06-14T17:21:46.283-0300] {logging_mixin.py:188} INFO - [2024-06-14T17:21:46.283-0300] {dag.py:3954} INFO - Setting next_dagrun for example_branch_dop_operator_v3 to 2024-06-14 20:20:00+00:00, run_after=2024-06-14 20:21:00+00:00
[2024-06-14T17:21:46.311-0300] {processor.py:183} INFO - Processing /home/maira/projeto_indicium_engineering/venv/lib/python3.10/site-packages/airflow/example_dags/example_branch_python_dop_operator_3.py took 0.086 seconds
[2024-06-14T17:22:48.130-0300] {processor.py:161} INFO - Started process (PID=94513) to work on /home/maira/projeto_indicium_engineering/venv/lib/python3.10/site-packages/airflow/example_dags/example_branch_python_dop_operator_3.py
[2024-06-14T17:22:48.135-0300] {processor.py:830} INFO - Processing file /home/maira/projeto_indicium_engineering/venv/lib/python3.10/site-packages/airflow/example_dags/example_branch_python_dop_operator_3.py for tasks to queue
[2024-06-14T17:22:48.137-0300] {logging_mixin.py:188} INFO - [2024-06-14T17:22:48.136-0300] {dagbag.py:545} INFO - Filling up the DagBag from /home/maira/projeto_indicium_engineering/venv/lib/python3.10/site-packages/airflow/example_dags/example_branch_python_dop_operator_3.py
[2024-06-14T17:22:48.143-0300] {processor.py:840} INFO - DAG(s) 'example_branch_dop_operator_v3' retrieved from /home/maira/projeto_indicium_engineering/venv/lib/python3.10/site-packages/airflow/example_dags/example_branch_python_dop_operator_3.py
[2024-06-14T17:22:48.154-0300] {logging_mixin.py:188} INFO - [2024-06-14T17:22:48.154-0300] {dag.py:3096} INFO - Sync 1 DAGs
[2024-06-14T17:22:48.170-0300] {logging_mixin.py:188} INFO - [2024-06-14T17:22:48.170-0300] {dag.py:3954} INFO - Setting next_dagrun for example_branch_dop_operator_v3 to 2024-06-14 20:21:00+00:00, run_after=2024-06-14 20:22:00+00:00
[2024-06-14T17:22:48.191-0300] {processor.py:183} INFO - Processing /home/maira/projeto_indicium_engineering/venv/lib/python3.10/site-packages/airflow/example_dags/example_branch_python_dop_operator_3.py took 0.066 seconds
[2024-06-14T17:23:49.053-0300] {processor.py:161} INFO - Started process (PID=94815) to work on /home/maira/projeto_indicium_engineering/venv/lib/python3.10/site-packages/airflow/example_dags/example_branch_python_dop_operator_3.py
[2024-06-14T17:23:49.055-0300] {processor.py:830} INFO - Processing file /home/maira/projeto_indicium_engineering/venv/lib/python3.10/site-packages/airflow/example_dags/example_branch_python_dop_operator_3.py for tasks to queue
[2024-06-14T17:23:49.056-0300] {logging_mixin.py:188} INFO - [2024-06-14T17:23:49.056-0300] {dagbag.py:545} INFO - Filling up the DagBag from /home/maira/projeto_indicium_engineering/venv/lib/python3.10/site-packages/airflow/example_dags/example_branch_python_dop_operator_3.py
[2024-06-14T17:23:49.064-0300] {processor.py:840} INFO - DAG(s) 'example_branch_dop_operator_v3' retrieved from /home/maira/projeto_indicium_engineering/venv/lib/python3.10/site-packages/airflow/example_dags/example_branch_python_dop_operator_3.py
[2024-06-14T17:23:49.075-0300] {logging_mixin.py:188} INFO - [2024-06-14T17:23:49.075-0300] {dag.py:3096} INFO - Sync 1 DAGs
[2024-06-14T17:23:49.092-0300] {logging_mixin.py:188} INFO - [2024-06-14T17:23:49.092-0300] {dag.py:3954} INFO - Setting next_dagrun for example_branch_dop_operator_v3 to 2024-06-14 20:22:00+00:00, run_after=2024-06-14 20:23:00+00:00
[2024-06-14T17:23:49.115-0300] {processor.py:183} INFO - Processing /home/maira/projeto_indicium_engineering/venv/lib/python3.10/site-packages/airflow/example_dags/example_branch_python_dop_operator_3.py took 0.068 seconds
[2024-06-14T17:24:56.443-0300] {processor.py:161} INFO - Started process (PID=95143) to work on /home/maira/projeto_indicium_engineering/venv/lib/python3.10/site-packages/airflow/example_dags/example_branch_python_dop_operator_3.py
[2024-06-14T17:24:56.449-0300] {processor.py:830} INFO - Processing file /home/maira/projeto_indicium_engineering/venv/lib/python3.10/site-packages/airflow/example_dags/example_branch_python_dop_operator_3.py for tasks to queue
[2024-06-14T17:24:56.450-0300] {logging_mixin.py:188} INFO - [2024-06-14T17:24:56.450-0300] {dagbag.py:545} INFO - Filling up the DagBag from /home/maira/projeto_indicium_engineering/venv/lib/python3.10/site-packages/airflow/example_dags/example_branch_python_dop_operator_3.py
[2024-06-14T17:24:56.456-0300] {processor.py:840} INFO - DAG(s) 'example_branch_dop_operator_v3' retrieved from /home/maira/projeto_indicium_engineering/venv/lib/python3.10/site-packages/airflow/example_dags/example_branch_python_dop_operator_3.py
[2024-06-14T17:24:56.467-0300] {logging_mixin.py:188} INFO - [2024-06-14T17:24:56.467-0300] {dag.py:3096} INFO - Sync 1 DAGs
[2024-06-14T17:24:56.483-0300] {logging_mixin.py:188} INFO - [2024-06-14T17:24:56.483-0300] {dag.py:3954} INFO - Setting next_dagrun for example_branch_dop_operator_v3 to 2024-06-14 20:23:00+00:00, run_after=2024-06-14 20:24:00+00:00
[2024-06-14T17:24:56.505-0300] {processor.py:183} INFO - Processing /home/maira/projeto_indicium_engineering/venv/lib/python3.10/site-packages/airflow/example_dags/example_branch_python_dop_operator_3.py took 0.066 seconds
[2024-06-14T17:25:48.132-0300] {processor.py:161} INFO - Started process (PID=95400) to work on /home/maira/projeto_indicium_engineering/venv/lib/python3.10/site-packages/airflow/example_dags/example_branch_python_dop_operator_3.py
[2024-06-14T17:25:48.137-0300] {processor.py:830} INFO - Processing file /home/maira/projeto_indicium_engineering/venv/lib/python3.10/site-packages/airflow/example_dags/example_branch_python_dop_operator_3.py for tasks to queue
[2024-06-14T17:25:48.138-0300] {logging_mixin.py:188} INFO - [2024-06-14T17:25:48.138-0300] {dagbag.py:545} INFO - Filling up the DagBag from /home/maira/projeto_indicium_engineering/venv/lib/python3.10/site-packages/airflow/example_dags/example_branch_python_dop_operator_3.py
[2024-06-14T17:25:48.145-0300] {processor.py:840} INFO - DAG(s) 'example_branch_dop_operator_v3' retrieved from /home/maira/projeto_indicium_engineering/venv/lib/python3.10/site-packages/airflow/example_dags/example_branch_python_dop_operator_3.py
[2024-06-14T17:25:48.157-0300] {logging_mixin.py:188} INFO - [2024-06-14T17:25:48.157-0300] {dag.py:3096} INFO - Sync 1 DAGs
[2024-06-14T17:25:48.175-0300] {logging_mixin.py:188} INFO - [2024-06-14T17:25:48.175-0300] {dag.py:3954} INFO - Setting next_dagrun for example_branch_dop_operator_v3 to 2024-06-14 20:24:00+00:00, run_after=2024-06-14 20:25:00+00:00
[2024-06-14T17:25:48.198-0300] {processor.py:183} INFO - Processing /home/maira/projeto_indicium_engineering/venv/lib/python3.10/site-packages/airflow/example_dags/example_branch_python_dop_operator_3.py took 0.070 seconds
[2024-06-14T17:26:41.620-0300] {processor.py:161} INFO - Started process (PID=95667) to work on /home/maira/projeto_indicium_engineering/venv/lib/python3.10/site-packages/airflow/example_dags/example_branch_python_dop_operator_3.py
[2024-06-14T17:26:41.623-0300] {processor.py:830} INFO - Processing file /home/maira/projeto_indicium_engineering/venv/lib/python3.10/site-packages/airflow/example_dags/example_branch_python_dop_operator_3.py for tasks to queue
[2024-06-14T17:26:41.624-0300] {logging_mixin.py:188} INFO - [2024-06-14T17:26:41.623-0300] {dagbag.py:545} INFO - Filling up the DagBag from /home/maira/projeto_indicium_engineering/venv/lib/python3.10/site-packages/airflow/example_dags/example_branch_python_dop_operator_3.py
[2024-06-14T17:26:41.630-0300] {processor.py:840} INFO - DAG(s) 'example_branch_dop_operator_v3' retrieved from /home/maira/projeto_indicium_engineering/venv/lib/python3.10/site-packages/airflow/example_dags/example_branch_python_dop_operator_3.py
[2024-06-14T17:26:41.641-0300] {logging_mixin.py:188} INFO - [2024-06-14T17:26:41.641-0300] {dag.py:3096} INFO - Sync 1 DAGs
[2024-06-14T17:26:41.657-0300] {logging_mixin.py:188} INFO - [2024-06-14T17:26:41.657-0300] {dag.py:3954} INFO - Setting next_dagrun for example_branch_dop_operator_v3 to 2024-06-14 20:25:00+00:00, run_after=2024-06-14 20:26:00+00:00
[2024-06-14T17:26:41.682-0300] {processor.py:183} INFO - Processing /home/maira/projeto_indicium_engineering/venv/lib/python3.10/site-packages/airflow/example_dags/example_branch_python_dop_operator_3.py took 0.067 seconds
[2024-06-14T17:27:43.471-0300] {processor.py:161} INFO - Started process (PID=95972) to work on /home/maira/projeto_indicium_engineering/venv/lib/python3.10/site-packages/airflow/example_dags/example_branch_python_dop_operator_3.py
[2024-06-14T17:27:43.473-0300] {processor.py:830} INFO - Processing file /home/maira/projeto_indicium_engineering/venv/lib/python3.10/site-packages/airflow/example_dags/example_branch_python_dop_operator_3.py for tasks to queue
[2024-06-14T17:27:43.475-0300] {logging_mixin.py:188} INFO - [2024-06-14T17:27:43.474-0300] {dagbag.py:545} INFO - Filling up the DagBag from /home/maira/projeto_indicium_engineering/venv/lib/python3.10/site-packages/airflow/example_dags/example_branch_python_dop_operator_3.py
[2024-06-14T17:27:43.485-0300] {processor.py:840} INFO - DAG(s) 'example_branch_dop_operator_v3' retrieved from /home/maira/projeto_indicium_engineering/venv/lib/python3.10/site-packages/airflow/example_dags/example_branch_python_dop_operator_3.py
[2024-06-14T17:27:43.505-0300] {logging_mixin.py:188} INFO - [2024-06-14T17:27:43.505-0300] {dag.py:3096} INFO - Sync 1 DAGs
[2024-06-14T17:27:43.527-0300] {logging_mixin.py:188} INFO - [2024-06-14T17:27:43.527-0300] {dag.py:3954} INFO - Setting next_dagrun for example_branch_dop_operator_v3 to 2024-06-14 20:26:00+00:00, run_after=2024-06-14 20:27:00+00:00
[2024-06-14T17:27:43.555-0300] {processor.py:183} INFO - Processing /home/maira/projeto_indicium_engineering/venv/lib/python3.10/site-packages/airflow/example_dags/example_branch_python_dop_operator_3.py took 0.088 seconds
[2024-06-14T17:28:40.824-0300] {processor.py:161} INFO - Started process (PID=96258) to work on /home/maira/projeto_indicium_engineering/venv/lib/python3.10/site-packages/airflow/example_dags/example_branch_python_dop_operator_3.py
[2024-06-14T17:28:40.827-0300] {processor.py:830} INFO - Processing file /home/maira/projeto_indicium_engineering/venv/lib/python3.10/site-packages/airflow/example_dags/example_branch_python_dop_operator_3.py for tasks to queue
[2024-06-14T17:28:40.828-0300] {logging_mixin.py:188} INFO - [2024-06-14T17:28:40.828-0300] {dagbag.py:545} INFO - Filling up the DagBag from /home/maira/projeto_indicium_engineering/venv/lib/python3.10/site-packages/airflow/example_dags/example_branch_python_dop_operator_3.py
[2024-06-14T17:28:40.834-0300] {processor.py:840} INFO - DAG(s) 'example_branch_dop_operator_v3' retrieved from /home/maira/projeto_indicium_engineering/venv/lib/python3.10/site-packages/airflow/example_dags/example_branch_python_dop_operator_3.py
[2024-06-14T17:28:40.846-0300] {logging_mixin.py:188} INFO - [2024-06-14T17:28:40.845-0300] {dag.py:3096} INFO - Sync 1 DAGs
[2024-06-14T17:28:40.862-0300] {logging_mixin.py:188} INFO - [2024-06-14T17:28:40.861-0300] {dag.py:3954} INFO - Setting next_dagrun for example_branch_dop_operator_v3 to 2024-06-14 20:27:00+00:00, run_after=2024-06-14 20:28:00+00:00
[2024-06-14T17:28:40.883-0300] {processor.py:183} INFO - Processing /home/maira/projeto_indicium_engineering/venv/lib/python3.10/site-packages/airflow/example_dags/example_branch_python_dop_operator_3.py took 0.064 seconds
[2024-06-14T17:29:36.771-0300] {processor.py:161} INFO - Started process (PID=96535) to work on /home/maira/projeto_indicium_engineering/venv/lib/python3.10/site-packages/airflow/example_dags/example_branch_python_dop_operator_3.py
[2024-06-14T17:29:36.773-0300] {processor.py:830} INFO - Processing file /home/maira/projeto_indicium_engineering/venv/lib/python3.10/site-packages/airflow/example_dags/example_branch_python_dop_operator_3.py for tasks to queue
[2024-06-14T17:29:36.775-0300] {logging_mixin.py:188} INFO - [2024-06-14T17:29:36.774-0300] {dagbag.py:545} INFO - Filling up the DagBag from /home/maira/projeto_indicium_engineering/venv/lib/python3.10/site-packages/airflow/example_dags/example_branch_python_dop_operator_3.py
[2024-06-14T17:29:36.782-0300] {processor.py:840} INFO - DAG(s) 'example_branch_dop_operator_v3' retrieved from /home/maira/projeto_indicium_engineering/venv/lib/python3.10/site-packages/airflow/example_dags/example_branch_python_dop_operator_3.py
[2024-06-14T17:29:36.793-0300] {logging_mixin.py:188} INFO - [2024-06-14T17:29:36.793-0300] {dag.py:3096} INFO - Sync 1 DAGs
[2024-06-14T17:29:36.809-0300] {logging_mixin.py:188} INFO - [2024-06-14T17:29:36.808-0300] {dag.py:3954} INFO - Setting next_dagrun for example_branch_dop_operator_v3 to 2024-06-14 20:28:00+00:00, run_after=2024-06-14 20:29:00+00:00
[2024-06-14T17:29:36.830-0300] {processor.py:183} INFO - Processing /home/maira/projeto_indicium_engineering/venv/lib/python3.10/site-packages/airflow/example_dags/example_branch_python_dop_operator_3.py took 0.064 seconds
[2024-06-14T17:30:38.448-0300] {processor.py:161} INFO - Started process (PID=96842) to work on /home/maira/projeto_indicium_engineering/venv/lib/python3.10/site-packages/airflow/example_dags/example_branch_python_dop_operator_3.py
[2024-06-14T17:30:38.453-0300] {processor.py:830} INFO - Processing file /home/maira/projeto_indicium_engineering/venv/lib/python3.10/site-packages/airflow/example_dags/example_branch_python_dop_operator_3.py for tasks to queue
[2024-06-14T17:30:38.454-0300] {logging_mixin.py:188} INFO - [2024-06-14T17:30:38.454-0300] {dagbag.py:545} INFO - Filling up the DagBag from /home/maira/projeto_indicium_engineering/venv/lib/python3.10/site-packages/airflow/example_dags/example_branch_python_dop_operator_3.py
[2024-06-14T17:30:38.460-0300] {processor.py:840} INFO - DAG(s) 'example_branch_dop_operator_v3' retrieved from /home/maira/projeto_indicium_engineering/venv/lib/python3.10/site-packages/airflow/example_dags/example_branch_python_dop_operator_3.py
[2024-06-14T17:30:38.471-0300] {logging_mixin.py:188} INFO - [2024-06-14T17:30:38.471-0300] {dag.py:3096} INFO - Sync 1 DAGs
[2024-06-14T17:30:38.487-0300] {logging_mixin.py:188} INFO - [2024-06-14T17:30:38.487-0300] {dag.py:3954} INFO - Setting next_dagrun for example_branch_dop_operator_v3 to 2024-06-14 20:29:00+00:00, run_after=2024-06-14 20:30:00+00:00
[2024-06-14T17:30:38.509-0300] {processor.py:183} INFO - Processing /home/maira/projeto_indicium_engineering/venv/lib/python3.10/site-packages/airflow/example_dags/example_branch_python_dop_operator_3.py took 0.066 seconds
[2024-06-14T17:31:42.361-0300] {processor.py:161} INFO - Started process (PID=97156) to work on /home/maira/projeto_indicium_engineering/venv/lib/python3.10/site-packages/airflow/example_dags/example_branch_python_dop_operator_3.py
[2024-06-14T17:31:42.363-0300] {processor.py:830} INFO - Processing file /home/maira/projeto_indicium_engineering/venv/lib/python3.10/site-packages/airflow/example_dags/example_branch_python_dop_operator_3.py for tasks to queue
[2024-06-14T17:31:42.365-0300] {logging_mixin.py:188} INFO - [2024-06-14T17:31:42.365-0300] {dagbag.py:545} INFO - Filling up the DagBag from /home/maira/projeto_indicium_engineering/venv/lib/python3.10/site-packages/airflow/example_dags/example_branch_python_dop_operator_3.py
[2024-06-14T17:31:42.372-0300] {processor.py:840} INFO - DAG(s) 'example_branch_dop_operator_v3' retrieved from /home/maira/projeto_indicium_engineering/venv/lib/python3.10/site-packages/airflow/example_dags/example_branch_python_dop_operator_3.py
[2024-06-14T17:31:42.383-0300] {logging_mixin.py:188} INFO - [2024-06-14T17:31:42.383-0300] {dag.py:3096} INFO - Sync 1 DAGs
[2024-06-14T17:31:42.399-0300] {logging_mixin.py:188} INFO - [2024-06-14T17:31:42.399-0300] {dag.py:3954} INFO - Setting next_dagrun for example_branch_dop_operator_v3 to 2024-06-14 20:30:00+00:00, run_after=2024-06-14 20:31:00+00:00
[2024-06-14T17:31:42.422-0300] {processor.py:183} INFO - Processing /home/maira/projeto_indicium_engineering/venv/lib/python3.10/site-packages/airflow/example_dags/example_branch_python_dop_operator_3.py took 0.067 seconds
[2024-06-14T17:32:48.307-0300] {processor.py:161} INFO - Started process (PID=97480) to work on /home/maira/projeto_indicium_engineering/venv/lib/python3.10/site-packages/airflow/example_dags/example_branch_python_dop_operator_3.py
[2024-06-14T17:32:48.309-0300] {processor.py:830} INFO - Processing file /home/maira/projeto_indicium_engineering/venv/lib/python3.10/site-packages/airflow/example_dags/example_branch_python_dop_operator_3.py for tasks to queue
[2024-06-14T17:32:48.311-0300] {logging_mixin.py:188} INFO - [2024-06-14T17:32:48.311-0300] {dagbag.py:545} INFO - Filling up the DagBag from /home/maira/projeto_indicium_engineering/venv/lib/python3.10/site-packages/airflow/example_dags/example_branch_python_dop_operator_3.py
[2024-06-14T17:32:48.319-0300] {processor.py:840} INFO - DAG(s) 'example_branch_dop_operator_v3' retrieved from /home/maira/projeto_indicium_engineering/venv/lib/python3.10/site-packages/airflow/example_dags/example_branch_python_dop_operator_3.py
[2024-06-14T17:32:48.330-0300] {logging_mixin.py:188} INFO - [2024-06-14T17:32:48.329-0300] {dag.py:3096} INFO - Sync 1 DAGs
[2024-06-14T17:32:48.346-0300] {logging_mixin.py:188} INFO - [2024-06-14T17:32:48.346-0300] {dag.py:3954} INFO - Setting next_dagrun for example_branch_dop_operator_v3 to 2024-06-14 20:31:00+00:00, run_after=2024-06-14 20:32:00+00:00
[2024-06-14T17:32:48.369-0300] {processor.py:183} INFO - Processing /home/maira/projeto_indicium_engineering/venv/lib/python3.10/site-packages/airflow/example_dags/example_branch_python_dop_operator_3.py took 0.066 seconds
[2024-06-14T17:33:49.695-0300] {processor.py:161} INFO - Started process (PID=97785) to work on /home/maira/projeto_indicium_engineering/venv/lib/python3.10/site-packages/airflow/example_dags/example_branch_python_dop_operator_3.py
[2024-06-14T17:33:49.697-0300] {processor.py:830} INFO - Processing file /home/maira/projeto_indicium_engineering/venv/lib/python3.10/site-packages/airflow/example_dags/example_branch_python_dop_operator_3.py for tasks to queue
[2024-06-14T17:33:49.699-0300] {logging_mixin.py:188} INFO - [2024-06-14T17:33:49.699-0300] {dagbag.py:545} INFO - Filling up the DagBag from /home/maira/projeto_indicium_engineering/venv/lib/python3.10/site-packages/airflow/example_dags/example_branch_python_dop_operator_3.py
[2024-06-14T17:33:49.706-0300] {processor.py:840} INFO - DAG(s) 'example_branch_dop_operator_v3' retrieved from /home/maira/projeto_indicium_engineering/venv/lib/python3.10/site-packages/airflow/example_dags/example_branch_python_dop_operator_3.py
[2024-06-14T17:33:49.719-0300] {logging_mixin.py:188} INFO - [2024-06-14T17:33:49.718-0300] {dag.py:3096} INFO - Sync 1 DAGs
[2024-06-14T17:33:49.736-0300] {logging_mixin.py:188} INFO - [2024-06-14T17:33:49.736-0300] {dag.py:3954} INFO - Setting next_dagrun for example_branch_dop_operator_v3 to 2024-06-14 20:32:00+00:00, run_after=2024-06-14 20:33:00+00:00
[2024-06-14T17:33:49.761-0300] {processor.py:183} INFO - Processing /home/maira/projeto_indicium_engineering/venv/lib/python3.10/site-packages/airflow/example_dags/example_branch_python_dop_operator_3.py took 0.070 seconds
[2024-06-14T17:34:45.558-0300] {processor.py:161} INFO - Started process (PID=98062) to work on /home/maira/projeto_indicium_engineering/venv/lib/python3.10/site-packages/airflow/example_dags/example_branch_python_dop_operator_3.py
[2024-06-14T17:34:45.560-0300] {processor.py:830} INFO - Processing file /home/maira/projeto_indicium_engineering/venv/lib/python3.10/site-packages/airflow/example_dags/example_branch_python_dop_operator_3.py for tasks to queue
[2024-06-14T17:34:45.561-0300] {logging_mixin.py:188} INFO - [2024-06-14T17:34:45.561-0300] {dagbag.py:545} INFO - Filling up the DagBag from /home/maira/projeto_indicium_engineering/venv/lib/python3.10/site-packages/airflow/example_dags/example_branch_python_dop_operator_3.py
[2024-06-14T17:34:45.569-0300] {processor.py:840} INFO - DAG(s) 'example_branch_dop_operator_v3' retrieved from /home/maira/projeto_indicium_engineering/venv/lib/python3.10/site-packages/airflow/example_dags/example_branch_python_dop_operator_3.py
[2024-06-14T17:34:45.582-0300] {logging_mixin.py:188} INFO - [2024-06-14T17:34:45.582-0300] {dag.py:3096} INFO - Sync 1 DAGs
[2024-06-14T17:34:45.604-0300] {logging_mixin.py:188} INFO - [2024-06-14T17:34:45.604-0300] {dag.py:3954} INFO - Setting next_dagrun for example_branch_dop_operator_v3 to 2024-06-14 20:33:00+00:00, run_after=2024-06-14 20:34:00+00:00
[2024-06-14T17:34:45.629-0300] {processor.py:183} INFO - Processing /home/maira/projeto_indicium_engineering/venv/lib/python3.10/site-packages/airflow/example_dags/example_branch_python_dop_operator_3.py took 0.077 seconds
[2024-06-14T17:35:44.918-0300] {processor.py:161} INFO - Started process (PID=98359) to work on /home/maira/projeto_indicium_engineering/venv/lib/python3.10/site-packages/airflow/example_dags/example_branch_python_dop_operator_3.py
[2024-06-14T17:35:44.921-0300] {processor.py:830} INFO - Processing file /home/maira/projeto_indicium_engineering/venv/lib/python3.10/site-packages/airflow/example_dags/example_branch_python_dop_operator_3.py for tasks to queue
[2024-06-14T17:35:44.923-0300] {logging_mixin.py:188} INFO - [2024-06-14T17:35:44.922-0300] {dagbag.py:545} INFO - Filling up the DagBag from /home/maira/projeto_indicium_engineering/venv/lib/python3.10/site-packages/airflow/example_dags/example_branch_python_dop_operator_3.py
[2024-06-14T17:35:44.932-0300] {processor.py:840} INFO - DAG(s) 'example_branch_dop_operator_v3' retrieved from /home/maira/projeto_indicium_engineering/venv/lib/python3.10/site-packages/airflow/example_dags/example_branch_python_dop_operator_3.py
[2024-06-14T17:35:44.947-0300] {logging_mixin.py:188} INFO - [2024-06-14T17:35:44.947-0300] {dag.py:3096} INFO - Sync 1 DAGs
[2024-06-14T17:35:44.972-0300] {logging_mixin.py:188} INFO - [2024-06-14T17:35:44.972-0300] {dag.py:3954} INFO - Setting next_dagrun for example_branch_dop_operator_v3 to 2024-06-14 20:34:00+00:00, run_after=2024-06-14 20:35:00+00:00
[2024-06-14T17:35:44.998-0300] {processor.py:183} INFO - Processing /home/maira/projeto_indicium_engineering/venv/lib/python3.10/site-packages/airflow/example_dags/example_branch_python_dop_operator_3.py took 0.085 seconds
[2024-06-14T17:36:47.643-0300] {processor.py:161} INFO - Started process (PID=98668) to work on /home/maira/projeto_indicium_engineering/venv/lib/python3.10/site-packages/airflow/example_dags/example_branch_python_dop_operator_3.py
[2024-06-14T17:36:47.645-0300] {processor.py:830} INFO - Processing file /home/maira/projeto_indicium_engineering/venv/lib/python3.10/site-packages/airflow/example_dags/example_branch_python_dop_operator_3.py for tasks to queue
[2024-06-14T17:36:47.647-0300] {logging_mixin.py:188} INFO - [2024-06-14T17:36:47.646-0300] {dagbag.py:545} INFO - Filling up the DagBag from /home/maira/projeto_indicium_engineering/venv/lib/python3.10/site-packages/airflow/example_dags/example_branch_python_dop_operator_3.py
[2024-06-14T17:36:47.653-0300] {processor.py:840} INFO - DAG(s) 'example_branch_dop_operator_v3' retrieved from /home/maira/projeto_indicium_engineering/venv/lib/python3.10/site-packages/airflow/example_dags/example_branch_python_dop_operator_3.py
[2024-06-14T17:36:47.664-0300] {logging_mixin.py:188} INFO - [2024-06-14T17:36:47.664-0300] {dag.py:3096} INFO - Sync 1 DAGs
[2024-06-14T17:36:47.681-0300] {logging_mixin.py:188} INFO - [2024-06-14T17:36:47.681-0300] {dag.py:3954} INFO - Setting next_dagrun for example_branch_dop_operator_v3 to 2024-06-14 20:35:00+00:00, run_after=2024-06-14 20:36:00+00:00
[2024-06-14T17:36:47.704-0300] {processor.py:183} INFO - Processing /home/maira/projeto_indicium_engineering/venv/lib/python3.10/site-packages/airflow/example_dags/example_branch_python_dop_operator_3.py took 0.066 seconds
[2024-06-14T17:37:46.189-0300] {processor.py:161} INFO - Started process (PID=98960) to work on /home/maira/projeto_indicium_engineering/venv/lib/python3.10/site-packages/airflow/example_dags/example_branch_python_dop_operator_3.py
[2024-06-14T17:37:46.190-0300] {processor.py:830} INFO - Processing file /home/maira/projeto_indicium_engineering/venv/lib/python3.10/site-packages/airflow/example_dags/example_branch_python_dop_operator_3.py for tasks to queue
[2024-06-14T17:37:46.192-0300] {logging_mixin.py:188} INFO - [2024-06-14T17:37:46.191-0300] {dagbag.py:545} INFO - Filling up the DagBag from /home/maira/projeto_indicium_engineering/venv/lib/python3.10/site-packages/airflow/example_dags/example_branch_python_dop_operator_3.py
[2024-06-14T17:37:46.200-0300] {processor.py:840} INFO - DAG(s) 'example_branch_dop_operator_v3' retrieved from /home/maira/projeto_indicium_engineering/venv/lib/python3.10/site-packages/airflow/example_dags/example_branch_python_dop_operator_3.py
[2024-06-14T17:37:46.211-0300] {logging_mixin.py:188} INFO - [2024-06-14T17:37:46.211-0300] {dag.py:3096} INFO - Sync 1 DAGs
[2024-06-14T17:37:46.227-0300] {logging_mixin.py:188} INFO - [2024-06-14T17:37:46.227-0300] {dag.py:3954} INFO - Setting next_dagrun for example_branch_dop_operator_v3 to 2024-06-14 20:36:00+00:00, run_after=2024-06-14 20:37:00+00:00
[2024-06-14T17:37:46.252-0300] {processor.py:183} INFO - Processing /home/maira/projeto_indicium_engineering/venv/lib/python3.10/site-packages/airflow/example_dags/example_branch_python_dop_operator_3.py took 0.068 seconds
[2024-06-14T17:38:45.627-0300] {processor.py:161} INFO - Started process (PID=99255) to work on /home/maira/projeto_indicium_engineering/venv/lib/python3.10/site-packages/airflow/example_dags/example_branch_python_dop_operator_3.py
[2024-06-14T17:38:45.629-0300] {processor.py:830} INFO - Processing file /home/maira/projeto_indicium_engineering/venv/lib/python3.10/site-packages/airflow/example_dags/example_branch_python_dop_operator_3.py for tasks to queue
[2024-06-14T17:38:45.630-0300] {logging_mixin.py:188} INFO - [2024-06-14T17:38:45.630-0300] {dagbag.py:545} INFO - Filling up the DagBag from /home/maira/projeto_indicium_engineering/venv/lib/python3.10/site-packages/airflow/example_dags/example_branch_python_dop_operator_3.py
[2024-06-14T17:38:45.637-0300] {processor.py:840} INFO - DAG(s) 'example_branch_dop_operator_v3' retrieved from /home/maira/projeto_indicium_engineering/venv/lib/python3.10/site-packages/airflow/example_dags/example_branch_python_dop_operator_3.py
[2024-06-14T17:38:45.648-0300] {logging_mixin.py:188} INFO - [2024-06-14T17:38:45.648-0300] {dag.py:3096} INFO - Sync 1 DAGs
[2024-06-14T17:38:45.664-0300] {logging_mixin.py:188} INFO - [2024-06-14T17:38:45.664-0300] {dag.py:3954} INFO - Setting next_dagrun for example_branch_dop_operator_v3 to 2024-06-14 20:37:00+00:00, run_after=2024-06-14 20:38:00+00:00
[2024-06-14T17:38:45.685-0300] {processor.py:183} INFO - Processing /home/maira/projeto_indicium_engineering/venv/lib/python3.10/site-packages/airflow/example_dags/example_branch_python_dop_operator_3.py took 0.063 seconds
[2024-06-14T17:39:44.874-0300] {processor.py:161} INFO - Started process (PID=99549) to work on /home/maira/projeto_indicium_engineering/venv/lib/python3.10/site-packages/airflow/example_dags/example_branch_python_dop_operator_3.py
[2024-06-14T17:39:44.878-0300] {processor.py:830} INFO - Processing file /home/maira/projeto_indicium_engineering/venv/lib/python3.10/site-packages/airflow/example_dags/example_branch_python_dop_operator_3.py for tasks to queue
[2024-06-14T17:39:44.880-0300] {logging_mixin.py:188} INFO - [2024-06-14T17:39:44.879-0300] {dagbag.py:545} INFO - Filling up the DagBag from /home/maira/projeto_indicium_engineering/venv/lib/python3.10/site-packages/airflow/example_dags/example_branch_python_dop_operator_3.py
[2024-06-14T17:39:44.887-0300] {processor.py:840} INFO - DAG(s) 'example_branch_dop_operator_v3' retrieved from /home/maira/projeto_indicium_engineering/venv/lib/python3.10/site-packages/airflow/example_dags/example_branch_python_dop_operator_3.py
[2024-06-14T17:39:44.898-0300] {logging_mixin.py:188} INFO - [2024-06-14T17:39:44.898-0300] {dag.py:3096} INFO - Sync 1 DAGs
[2024-06-14T17:39:44.914-0300] {logging_mixin.py:188} INFO - [2024-06-14T17:39:44.914-0300] {dag.py:3954} INFO - Setting next_dagrun for example_branch_dop_operator_v3 to 2024-06-14 20:38:00+00:00, run_after=2024-06-14 20:39:00+00:00
[2024-06-14T17:39:44.939-0300] {processor.py:183} INFO - Processing /home/maira/projeto_indicium_engineering/venv/lib/python3.10/site-packages/airflow/example_dags/example_branch_python_dop_operator_3.py took 0.070 seconds
[2024-06-14T17:40:43.340-0300] {processor.py:161} INFO - Started process (PID=99840) to work on /home/maira/projeto_indicium_engineering/venv/lib/python3.10/site-packages/airflow/example_dags/example_branch_python_dop_operator_3.py
[2024-06-14T17:40:43.345-0300] {processor.py:830} INFO - Processing file /home/maira/projeto_indicium_engineering/venv/lib/python3.10/site-packages/airflow/example_dags/example_branch_python_dop_operator_3.py for tasks to queue
[2024-06-14T17:40:43.347-0300] {logging_mixin.py:188} INFO - [2024-06-14T17:40:43.346-0300] {dagbag.py:545} INFO - Filling up the DagBag from /home/maira/projeto_indicium_engineering/venv/lib/python3.10/site-packages/airflow/example_dags/example_branch_python_dop_operator_3.py
[2024-06-14T17:40:43.353-0300] {processor.py:840} INFO - DAG(s) 'example_branch_dop_operator_v3' retrieved from /home/maira/projeto_indicium_engineering/venv/lib/python3.10/site-packages/airflow/example_dags/example_branch_python_dop_operator_3.py
[2024-06-14T17:40:43.365-0300] {logging_mixin.py:188} INFO - [2024-06-14T17:40:43.364-0300] {dag.py:3096} INFO - Sync 1 DAGs
[2024-06-14T17:40:43.382-0300] {logging_mixin.py:188} INFO - [2024-06-14T17:40:43.381-0300] {dag.py:3954} INFO - Setting next_dagrun for example_branch_dop_operator_v3 to 2024-06-14 20:39:00+00:00, run_after=2024-06-14 20:40:00+00:00
[2024-06-14T17:40:43.403-0300] {processor.py:183} INFO - Processing /home/maira/projeto_indicium_engineering/venv/lib/python3.10/site-packages/airflow/example_dags/example_branch_python_dop_operator_3.py took 0.069 seconds
[2024-06-14T17:41:48.258-0300] {processor.py:161} INFO - Started process (PID=100159) to work on /home/maira/projeto_indicium_engineering/venv/lib/python3.10/site-packages/airflow/example_dags/example_branch_python_dop_operator_3.py
[2024-06-14T17:41:48.259-0300] {processor.py:830} INFO - Processing file /home/maira/projeto_indicium_engineering/venv/lib/python3.10/site-packages/airflow/example_dags/example_branch_python_dop_operator_3.py for tasks to queue
[2024-06-14T17:41:48.260-0300] {logging_mixin.py:188} INFO - [2024-06-14T17:41:48.260-0300] {dagbag.py:545} INFO - Filling up the DagBag from /home/maira/projeto_indicium_engineering/venv/lib/python3.10/site-packages/airflow/example_dags/example_branch_python_dop_operator_3.py
[2024-06-14T17:41:48.270-0300] {processor.py:840} INFO - DAG(s) 'example_branch_dop_operator_v3' retrieved from /home/maira/projeto_indicium_engineering/venv/lib/python3.10/site-packages/airflow/example_dags/example_branch_python_dop_operator_3.py
[2024-06-14T17:41:48.285-0300] {logging_mixin.py:188} INFO - [2024-06-14T17:41:48.284-0300] {dag.py:3096} INFO - Sync 1 DAGs
[2024-06-14T17:41:48.310-0300] {logging_mixin.py:188} INFO - [2024-06-14T17:41:48.310-0300] {dag.py:3954} INFO - Setting next_dagrun for example_branch_dop_operator_v3 to 2024-06-14 20:40:00+00:00, run_after=2024-06-14 20:41:00+00:00
[2024-06-14T17:41:48.335-0300] {processor.py:183} INFO - Processing /home/maira/projeto_indicium_engineering/venv/lib/python3.10/site-packages/airflow/example_dags/example_branch_python_dop_operator_3.py took 0.082 seconds
[2024-06-14T17:42:47.714-0300] {processor.py:161} INFO - Started process (PID=100453) to work on /home/maira/projeto_indicium_engineering/venv/lib/python3.10/site-packages/airflow/example_dags/example_branch_python_dop_operator_3.py
[2024-06-14T17:42:47.717-0300] {processor.py:830} INFO - Processing file /home/maira/projeto_indicium_engineering/venv/lib/python3.10/site-packages/airflow/example_dags/example_branch_python_dop_operator_3.py for tasks to queue
[2024-06-14T17:42:47.718-0300] {logging_mixin.py:188} INFO - [2024-06-14T17:42:47.718-0300] {dagbag.py:545} INFO - Filling up the DagBag from /home/maira/projeto_indicium_engineering/venv/lib/python3.10/site-packages/airflow/example_dags/example_branch_python_dop_operator_3.py
[2024-06-14T17:42:47.727-0300] {processor.py:840} INFO - DAG(s) 'example_branch_dop_operator_v3' retrieved from /home/maira/projeto_indicium_engineering/venv/lib/python3.10/site-packages/airflow/example_dags/example_branch_python_dop_operator_3.py
[2024-06-14T17:42:47.743-0300] {logging_mixin.py:188} INFO - [2024-06-14T17:42:47.743-0300] {dag.py:3096} INFO - Sync 1 DAGs
[2024-06-14T17:42:47.770-0300] {logging_mixin.py:188} INFO - [2024-06-14T17:42:47.769-0300] {dag.py:3954} INFO - Setting next_dagrun for example_branch_dop_operator_v3 to 2024-06-14 20:41:00+00:00, run_after=2024-06-14 20:42:00+00:00
[2024-06-14T17:42:47.799-0300] {processor.py:183} INFO - Processing /home/maira/projeto_indicium_engineering/venv/lib/python3.10/site-packages/airflow/example_dags/example_branch_python_dop_operator_3.py took 0.089 seconds
[2024-06-14T17:43:44.414-0300] {processor.py:161} INFO - Started process (PID=100737) to work on /home/maira/projeto_indicium_engineering/venv/lib/python3.10/site-packages/airflow/example_dags/example_branch_python_dop_operator_3.py
[2024-06-14T17:43:44.416-0300] {processor.py:830} INFO - Processing file /home/maira/projeto_indicium_engineering/venv/lib/python3.10/site-packages/airflow/example_dags/example_branch_python_dop_operator_3.py for tasks to queue
[2024-06-14T17:43:44.418-0300] {logging_mixin.py:188} INFO - [2024-06-14T17:43:44.418-0300] {dagbag.py:545} INFO - Filling up the DagBag from /home/maira/projeto_indicium_engineering/venv/lib/python3.10/site-packages/airflow/example_dags/example_branch_python_dop_operator_3.py
[2024-06-14T17:43:44.427-0300] {processor.py:840} INFO - DAG(s) 'example_branch_dop_operator_v3' retrieved from /home/maira/projeto_indicium_engineering/venv/lib/python3.10/site-packages/airflow/example_dags/example_branch_python_dop_operator_3.py
[2024-06-14T17:43:44.442-0300] {logging_mixin.py:188} INFO - [2024-06-14T17:43:44.442-0300] {dag.py:3096} INFO - Sync 1 DAGs
[2024-06-14T17:43:44.467-0300] {logging_mixin.py:188} INFO - [2024-06-14T17:43:44.467-0300] {dag.py:3954} INFO - Setting next_dagrun for example_branch_dop_operator_v3 to 2024-06-14 20:42:00+00:00, run_after=2024-06-14 20:43:00+00:00
[2024-06-14T17:43:44.498-0300] {processor.py:183} INFO - Processing /home/maira/projeto_indicium_engineering/venv/lib/python3.10/site-packages/airflow/example_dags/example_branch_python_dop_operator_3.py took 0.089 seconds
[2024-06-14T17:44:42.210-0300] {processor.py:161} INFO - Started process (PID=101023) to work on /home/maira/projeto_indicium_engineering/venv/lib/python3.10/site-packages/airflow/example_dags/example_branch_python_dop_operator_3.py
[2024-06-14T17:44:42.211-0300] {processor.py:830} INFO - Processing file /home/maira/projeto_indicium_engineering/venv/lib/python3.10/site-packages/airflow/example_dags/example_branch_python_dop_operator_3.py for tasks to queue
[2024-06-14T17:44:42.213-0300] {logging_mixin.py:188} INFO - [2024-06-14T17:44:42.213-0300] {dagbag.py:545} INFO - Filling up the DagBag from /home/maira/projeto_indicium_engineering/venv/lib/python3.10/site-packages/airflow/example_dags/example_branch_python_dop_operator_3.py
[2024-06-14T17:44:42.220-0300] {processor.py:840} INFO - DAG(s) 'example_branch_dop_operator_v3' retrieved from /home/maira/projeto_indicium_engineering/venv/lib/python3.10/site-packages/airflow/example_dags/example_branch_python_dop_operator_3.py
[2024-06-14T17:44:42.231-0300] {logging_mixin.py:188} INFO - [2024-06-14T17:44:42.231-0300] {dag.py:3096} INFO - Sync 1 DAGs
[2024-06-14T17:44:42.248-0300] {logging_mixin.py:188} INFO - [2024-06-14T17:44:42.248-0300] {dag.py:3954} INFO - Setting next_dagrun for example_branch_dop_operator_v3 to 2024-06-14 20:43:00+00:00, run_after=2024-06-14 20:44:00+00:00
[2024-06-14T17:44:42.271-0300] {processor.py:183} INFO - Processing /home/maira/projeto_indicium_engineering/venv/lib/python3.10/site-packages/airflow/example_dags/example_branch_python_dop_operator_3.py took 0.066 seconds
[2024-06-14T17:45:41.666-0300] {processor.py:161} INFO - Started process (PID=101322) to work on /home/maira/projeto_indicium_engineering/venv/lib/python3.10/site-packages/airflow/example_dags/example_branch_python_dop_operator_3.py
[2024-06-14T17:45:41.668-0300] {processor.py:830} INFO - Processing file /home/maira/projeto_indicium_engineering/venv/lib/python3.10/site-packages/airflow/example_dags/example_branch_python_dop_operator_3.py for tasks to queue
[2024-06-14T17:45:41.670-0300] {logging_mixin.py:188} INFO - [2024-06-14T17:45:41.669-0300] {dagbag.py:545} INFO - Filling up the DagBag from /home/maira/projeto_indicium_engineering/venv/lib/python3.10/site-packages/airflow/example_dags/example_branch_python_dop_operator_3.py
[2024-06-14T17:45:41.676-0300] {processor.py:840} INFO - DAG(s) 'example_branch_dop_operator_v3' retrieved from /home/maira/projeto_indicium_engineering/venv/lib/python3.10/site-packages/airflow/example_dags/example_branch_python_dop_operator_3.py
[2024-06-14T17:45:41.687-0300] {logging_mixin.py:188} INFO - [2024-06-14T17:45:41.687-0300] {dag.py:3096} INFO - Sync 1 DAGs
[2024-06-14T17:45:41.706-0300] {logging_mixin.py:188} INFO - [2024-06-14T17:45:41.705-0300] {dag.py:3954} INFO - Setting next_dagrun for example_branch_dop_operator_v3 to 2024-06-14 20:44:00+00:00, run_after=2024-06-14 20:45:00+00:00
[2024-06-14T17:45:41.730-0300] {processor.py:183} INFO - Processing /home/maira/projeto_indicium_engineering/venv/lib/python3.10/site-packages/airflow/example_dags/example_branch_python_dop_operator_3.py took 0.069 seconds
[2024-06-14T17:46:44.594-0300] {processor.py:161} INFO - Started process (PID=101631) to work on /home/maira/projeto_indicium_engineering/venv/lib/python3.10/site-packages/airflow/example_dags/example_branch_python_dop_operator_3.py
[2024-06-14T17:46:44.595-0300] {processor.py:830} INFO - Processing file /home/maira/projeto_indicium_engineering/venv/lib/python3.10/site-packages/airflow/example_dags/example_branch_python_dop_operator_3.py for tasks to queue
[2024-06-14T17:46:44.597-0300] {logging_mixin.py:188} INFO - [2024-06-14T17:46:44.596-0300] {dagbag.py:545} INFO - Filling up the DagBag from /home/maira/projeto_indicium_engineering/venv/lib/python3.10/site-packages/airflow/example_dags/example_branch_python_dop_operator_3.py
[2024-06-14T17:46:44.606-0300] {processor.py:840} INFO - DAG(s) 'example_branch_dop_operator_v3' retrieved from /home/maira/projeto_indicium_engineering/venv/lib/python3.10/site-packages/airflow/example_dags/example_branch_python_dop_operator_3.py
[2024-06-14T17:46:44.621-0300] {logging_mixin.py:188} INFO - [2024-06-14T17:46:44.621-0300] {dag.py:3096} INFO - Sync 1 DAGs
[2024-06-14T17:46:44.642-0300] {logging_mixin.py:188} INFO - [2024-06-14T17:46:44.641-0300] {dag.py:3954} INFO - Setting next_dagrun for example_branch_dop_operator_v3 to 2024-06-14 20:45:00+00:00, run_after=2024-06-14 20:46:00+00:00
[2024-06-14T17:46:44.669-0300] {processor.py:183} INFO - Processing /home/maira/projeto_indicium_engineering/venv/lib/python3.10/site-packages/airflow/example_dags/example_branch_python_dop_operator_3.py took 0.080 seconds
[2024-06-14T17:47:41.308-0300] {processor.py:161} INFO - Started process (PID=101914) to work on /home/maira/projeto_indicium_engineering/venv/lib/python3.10/site-packages/airflow/example_dags/example_branch_python_dop_operator_3.py
[2024-06-14T17:47:41.309-0300] {processor.py:830} INFO - Processing file /home/maira/projeto_indicium_engineering/venv/lib/python3.10/site-packages/airflow/example_dags/example_branch_python_dop_operator_3.py for tasks to queue
[2024-06-14T17:47:41.311-0300] {logging_mixin.py:188} INFO - [2024-06-14T17:47:41.310-0300] {dagbag.py:545} INFO - Filling up the DagBag from /home/maira/projeto_indicium_engineering/venv/lib/python3.10/site-packages/airflow/example_dags/example_branch_python_dop_operator_3.py
[2024-06-14T17:47:41.317-0300] {processor.py:840} INFO - DAG(s) 'example_branch_dop_operator_v3' retrieved from /home/maira/projeto_indicium_engineering/venv/lib/python3.10/site-packages/airflow/example_dags/example_branch_python_dop_operator_3.py
[2024-06-14T17:47:41.328-0300] {logging_mixin.py:188} INFO - [2024-06-14T17:47:41.328-0300] {dag.py:3096} INFO - Sync 1 DAGs
[2024-06-14T17:47:41.345-0300] {logging_mixin.py:188} INFO - [2024-06-14T17:47:41.344-0300] {dag.py:3954} INFO - Setting next_dagrun for example_branch_dop_operator_v3 to 2024-06-14 20:46:00+00:00, run_after=2024-06-14 20:47:00+00:00
[2024-06-14T17:47:41.368-0300] {processor.py:183} INFO - Processing /home/maira/projeto_indicium_engineering/venv/lib/python3.10/site-packages/airflow/example_dags/example_branch_python_dop_operator_3.py took 0.064 seconds
[2024-06-14T17:48:44.641-0300] {processor.py:161} INFO - Started process (PID=102227) to work on /home/maira/projeto_indicium_engineering/venv/lib/python3.10/site-packages/airflow/example_dags/example_branch_python_dop_operator_3.py
[2024-06-14T17:48:44.643-0300] {processor.py:830} INFO - Processing file /home/maira/projeto_indicium_engineering/venv/lib/python3.10/site-packages/airflow/example_dags/example_branch_python_dop_operator_3.py for tasks to queue
[2024-06-14T17:48:44.645-0300] {logging_mixin.py:188} INFO - [2024-06-14T17:48:44.645-0300] {dagbag.py:545} INFO - Filling up the DagBag from /home/maira/projeto_indicium_engineering/venv/lib/python3.10/site-packages/airflow/example_dags/example_branch_python_dop_operator_3.py
[2024-06-14T17:48:44.655-0300] {processor.py:840} INFO - DAG(s) 'example_branch_dop_operator_v3' retrieved from /home/maira/projeto_indicium_engineering/venv/lib/python3.10/site-packages/airflow/example_dags/example_branch_python_dop_operator_3.py
[2024-06-14T17:48:44.671-0300] {logging_mixin.py:188} INFO - [2024-06-14T17:48:44.671-0300] {dag.py:3096} INFO - Sync 1 DAGs
[2024-06-14T17:48:44.698-0300] {logging_mixin.py:188} INFO - [2024-06-14T17:48:44.698-0300] {dag.py:3954} INFO - Setting next_dagrun for example_branch_dop_operator_v3 to 2024-06-14 20:47:00+00:00, run_after=2024-06-14 20:48:00+00:00
[2024-06-14T17:48:44.728-0300] {processor.py:183} INFO - Processing /home/maira/projeto_indicium_engineering/venv/lib/python3.10/site-packages/airflow/example_dags/example_branch_python_dop_operator_3.py took 0.094 seconds
[2024-06-14T17:49:48.115-0300] {processor.py:161} INFO - Started process (PID=102540) to work on /home/maira/projeto_indicium_engineering/venv/lib/python3.10/site-packages/airflow/example_dags/example_branch_python_dop_operator_3.py
[2024-06-14T17:49:48.119-0300] {processor.py:830} INFO - Processing file /home/maira/projeto_indicium_engineering/venv/lib/python3.10/site-packages/airflow/example_dags/example_branch_python_dop_operator_3.py for tasks to queue
[2024-06-14T17:49:48.121-0300] {logging_mixin.py:188} INFO - [2024-06-14T17:49:48.121-0300] {dagbag.py:545} INFO - Filling up the DagBag from /home/maira/projeto_indicium_engineering/venv/lib/python3.10/site-packages/airflow/example_dags/example_branch_python_dop_operator_3.py
[2024-06-14T17:49:48.127-0300] {processor.py:840} INFO - DAG(s) 'example_branch_dop_operator_v3' retrieved from /home/maira/projeto_indicium_engineering/venv/lib/python3.10/site-packages/airflow/example_dags/example_branch_python_dop_operator_3.py
[2024-06-14T17:49:48.138-0300] {logging_mixin.py:188} INFO - [2024-06-14T17:49:48.138-0300] {dag.py:3096} INFO - Sync 1 DAGs
[2024-06-14T17:49:48.155-0300] {logging_mixin.py:188} INFO - [2024-06-14T17:49:48.155-0300] {dag.py:3954} INFO - Setting next_dagrun for example_branch_dop_operator_v3 to 2024-06-14 20:48:00+00:00, run_after=2024-06-14 20:49:00+00:00
[2024-06-14T17:49:48.180-0300] {processor.py:183} INFO - Processing /home/maira/projeto_indicium_engineering/venv/lib/python3.10/site-packages/airflow/example_dags/example_branch_python_dop_operator_3.py took 0.070 seconds
[2024-06-14T17:50:49.363-0300] {processor.py:161} INFO - Started process (PID=102844) to work on /home/maira/projeto_indicium_engineering/venv/lib/python3.10/site-packages/airflow/example_dags/example_branch_python_dop_operator_3.py
[2024-06-14T17:50:49.365-0300] {processor.py:830} INFO - Processing file /home/maira/projeto_indicium_engineering/venv/lib/python3.10/site-packages/airflow/example_dags/example_branch_python_dop_operator_3.py for tasks to queue
[2024-06-14T17:50:49.367-0300] {logging_mixin.py:188} INFO - [2024-06-14T17:50:49.366-0300] {dagbag.py:545} INFO - Filling up the DagBag from /home/maira/projeto_indicium_engineering/venv/lib/python3.10/site-packages/airflow/example_dags/example_branch_python_dop_operator_3.py
[2024-06-14T17:50:49.377-0300] {processor.py:840} INFO - DAG(s) 'example_branch_dop_operator_v3' retrieved from /home/maira/projeto_indicium_engineering/venv/lib/python3.10/site-packages/airflow/example_dags/example_branch_python_dop_operator_3.py
[2024-06-14T17:50:49.393-0300] {logging_mixin.py:188} INFO - [2024-06-14T17:50:49.393-0300] {dag.py:3096} INFO - Sync 1 DAGs
[2024-06-14T17:50:49.419-0300] {logging_mixin.py:188} INFO - [2024-06-14T17:50:49.419-0300] {dag.py:3954} INFO - Setting next_dagrun for example_branch_dop_operator_v3 to 2024-06-14 20:49:00+00:00, run_after=2024-06-14 20:50:00+00:00
[2024-06-14T17:50:49.441-0300] {processor.py:183} INFO - Processing /home/maira/projeto_indicium_engineering/venv/lib/python3.10/site-packages/airflow/example_dags/example_branch_python_dop_operator_3.py took 0.084 seconds
[2024-06-14T20:52:14.470-0300] {processor.py:161} INFO - Started process (PID=103631) to work on /home/maira/projeto_indicium_engineering/venv/lib/python3.10/site-packages/airflow/example_dags/example_branch_python_dop_operator_3.py
[2024-06-14T20:52:14.920-0300] {processor.py:830} INFO - Processing file /home/maira/projeto_indicium_engineering/venv/lib/python3.10/site-packages/airflow/example_dags/example_branch_python_dop_operator_3.py for tasks to queue
[2024-06-14T20:52:14.921-0300] {logging_mixin.py:188} INFO - [2024-06-14T20:52:14.921-0300] {dagbag.py:545} INFO - Filling up the DagBag from /home/maira/projeto_indicium_engineering/venv/lib/python3.10/site-packages/airflow/example_dags/example_branch_python_dop_operator_3.py
[2024-06-14T20:52:14.928-0300] {processor.py:840} INFO - DAG(s) 'example_branch_dop_operator_v3' retrieved from /home/maira/projeto_indicium_engineering/venv/lib/python3.10/site-packages/airflow/example_dags/example_branch_python_dop_operator_3.py
[2024-06-14T20:52:14.941-0300] {logging_mixin.py:188} INFO - [2024-06-14T20:52:14.940-0300] {dag.py:3096} INFO - Sync 1 DAGs
[2024-06-14T20:52:14.962-0300] {logging_mixin.py:188} INFO - [2024-06-14T20:52:14.961-0300] {dag.py:3954} INFO - Setting next_dagrun for example_branch_dop_operator_v3 to 2024-06-14 23:51:00+00:00, run_after=2024-06-14 23:52:00+00:00
[2024-06-14T20:52:16.689-0300] {processor.py:183} INFO - Processing /home/maira/projeto_indicium_engineering/venv/lib/python3.10/site-packages/airflow/example_dags/example_branch_python_dop_operator_3.py took 2.224 seconds
[2024-06-14T20:53:13.927-0300] {processor.py:161} INFO - Started process (PID=103914) to work on /home/maira/projeto_indicium_engineering/venv/lib/python3.10/site-packages/airflow/example_dags/example_branch_python_dop_operator_3.py
[2024-06-14T20:53:13.928-0300] {processor.py:830} INFO - Processing file /home/maira/projeto_indicium_engineering/venv/lib/python3.10/site-packages/airflow/example_dags/example_branch_python_dop_operator_3.py for tasks to queue
[2024-06-14T20:53:13.930-0300] {logging_mixin.py:188} INFO - [2024-06-14T20:53:13.930-0300] {dagbag.py:545} INFO - Filling up the DagBag from /home/maira/projeto_indicium_engineering/venv/lib/python3.10/site-packages/airflow/example_dags/example_branch_python_dop_operator_3.py
[2024-06-14T20:53:13.937-0300] {processor.py:840} INFO - DAG(s) 'example_branch_dop_operator_v3' retrieved from /home/maira/projeto_indicium_engineering/venv/lib/python3.10/site-packages/airflow/example_dags/example_branch_python_dop_operator_3.py
[2024-06-14T20:53:13.948-0300] {logging_mixin.py:188} INFO - [2024-06-14T20:53:13.948-0300] {dag.py:3096} INFO - Sync 1 DAGs
[2024-06-14T20:53:13.965-0300] {logging_mixin.py:188} INFO - [2024-06-14T20:53:13.965-0300] {dag.py:3954} INFO - Setting next_dagrun for example_branch_dop_operator_v3 to 2024-06-14 23:52:00+00:00, run_after=2024-06-14 23:53:00+00:00
[2024-06-14T20:53:13.990-0300] {processor.py:183} INFO - Processing /home/maira/projeto_indicium_engineering/venv/lib/python3.10/site-packages/airflow/example_dags/example_branch_python_dop_operator_3.py took 0.067 seconds
