[2024-06-14T16:31:00.605-0300] {processor.py:161} INFO - Started process (PID=86464) to work on /home/maira/projeto_indicium_engineering/venv/lib/python3.10/site-packages/airflow/example_dags/example_latest_only_with_trigger.py
[2024-06-14T16:31:00.605-0300] {processor.py:830} INFO - Processing file /home/maira/projeto_indicium_engineering/venv/lib/python3.10/site-packages/airflow/example_dags/example_latest_only_with_trigger.py for tasks to queue
[2024-06-14T16:31:00.607-0300] {logging_mixin.py:188} INFO - [2024-06-14T16:31:00.606-0300] {dagbag.py:545} INFO - Filling up the DagBag from /home/maira/projeto_indicium_engineering/venv/lib/python3.10/site-packages/airflow/example_dags/example_latest_only_with_trigger.py
[2024-06-14T16:31:00.611-0300] {processor.py:840} INFO - DAG(s) 'latest_only_with_trigger' retrieved from /home/maira/projeto_indicium_engineering/venv/lib/python3.10/site-packages/airflow/example_dags/example_latest_only_with_trigger.py
[2024-06-14T16:31:00.691-0300] {logging_mixin.py:188} INFO - [2024-06-14T16:31:00.690-0300] {override.py:1829} INFO - Created Permission View: can edit on DAG:latest_only_with_trigger
[2024-06-14T16:31:00.703-0300] {logging_mixin.py:188} INFO - [2024-06-14T16:31:00.703-0300] {override.py:1829} INFO - Created Permission View: can delete on DAG:latest_only_with_trigger
[2024-06-14T16:31:00.715-0300] {logging_mixin.py:188} INFO - [2024-06-14T16:31:00.715-0300] {override.py:1829} INFO - Created Permission View: can read on DAG:latest_only_with_trigger
[2024-06-14T16:31:00.716-0300] {logging_mixin.py:188} INFO - [2024-06-14T16:31:00.715-0300] {dag.py:3096} INFO - Sync 1 DAGs
[2024-06-14T16:31:00.727-0300] {logging_mixin.py:188} INFO - [2024-06-14T16:31:00.726-0300] {dag.py:3118} INFO - Creating ORM DAG for latest_only_with_trigger
[2024-06-14T16:31:00.818-0300] {logging_mixin.py:188} INFO - [2024-06-14T16:31:00.818-0300] {dag.py:3954} INFO - Setting next_dagrun for latest_only_with_trigger to 2024-06-14 12:00:00+00:00, run_after=2024-06-14 16:00:00+00:00
[2024-06-14T16:31:00.838-0300] {processor.py:183} INFO - Processing /home/maira/projeto_indicium_engineering/venv/lib/python3.10/site-packages/airflow/example_dags/example_latest_only_with_trigger.py took 0.237 seconds
[2024-06-14T16:31:56.722-0300] {processor.py:161} INFO - Started process (PID=86736) to work on /home/maira/projeto_indicium_engineering/venv/lib/python3.10/site-packages/airflow/example_dags/example_latest_only_with_trigger.py
[2024-06-14T16:31:56.727-0300] {processor.py:830} INFO - Processing file /home/maira/projeto_indicium_engineering/venv/lib/python3.10/site-packages/airflow/example_dags/example_latest_only_with_trigger.py for tasks to queue
[2024-06-14T16:31:56.729-0300] {logging_mixin.py:188} INFO - [2024-06-14T16:31:56.728-0300] {dagbag.py:545} INFO - Filling up the DagBag from /home/maira/projeto_indicium_engineering/venv/lib/python3.10/site-packages/airflow/example_dags/example_latest_only_with_trigger.py
[2024-06-14T16:31:56.733-0300] {processor.py:840} INFO - DAG(s) 'latest_only_with_trigger' retrieved from /home/maira/projeto_indicium_engineering/venv/lib/python3.10/site-packages/airflow/example_dags/example_latest_only_with_trigger.py
[2024-06-14T16:31:56.744-0300] {logging_mixin.py:188} INFO - [2024-06-14T16:31:56.744-0300] {dag.py:3096} INFO - Sync 1 DAGs
[2024-06-14T16:31:56.757-0300] {logging_mixin.py:188} INFO - [2024-06-14T16:31:56.756-0300] {dag.py:3954} INFO - Setting next_dagrun for latest_only_with_trigger to 2024-06-14 12:00:00+00:00, run_after=2024-06-14 16:00:00+00:00
[2024-06-14T16:31:56.858-0300] {processor.py:183} INFO - Processing /home/maira/projeto_indicium_engineering/venv/lib/python3.10/site-packages/airflow/example_dags/example_latest_only_with_trigger.py took 0.141 seconds
[2024-06-14T16:32:48.538-0300] {processor.py:161} INFO - Started process (PID=86990) to work on /home/maira/projeto_indicium_engineering/venv/lib/python3.10/site-packages/airflow/example_dags/example_latest_only_with_trigger.py
[2024-06-14T16:32:48.540-0300] {processor.py:830} INFO - Processing file /home/maira/projeto_indicium_engineering/venv/lib/python3.10/site-packages/airflow/example_dags/example_latest_only_with_trigger.py for tasks to queue
[2024-06-14T16:32:48.541-0300] {logging_mixin.py:188} INFO - [2024-06-14T16:32:48.541-0300] {dagbag.py:545} INFO - Filling up the DagBag from /home/maira/projeto_indicium_engineering/venv/lib/python3.10/site-packages/airflow/example_dags/example_latest_only_with_trigger.py
[2024-06-14T16:32:48.547-0300] {processor.py:840} INFO - DAG(s) 'latest_only_with_trigger' retrieved from /home/maira/projeto_indicium_engineering/venv/lib/python3.10/site-packages/airflow/example_dags/example_latest_only_with_trigger.py
[2024-06-14T16:32:48.563-0300] {logging_mixin.py:188} INFO - [2024-06-14T16:32:48.563-0300] {dag.py:3096} INFO - Sync 1 DAGs
[2024-06-14T16:32:48.580-0300] {logging_mixin.py:188} INFO - [2024-06-14T16:32:48.580-0300] {dag.py:3954} INFO - Setting next_dagrun for latest_only_with_trigger to 2024-06-14 12:00:00+00:00, run_after=2024-06-14 16:00:00+00:00
[2024-06-14T16:32:48.604-0300] {processor.py:183} INFO - Processing /home/maira/projeto_indicium_engineering/venv/lib/python3.10/site-packages/airflow/example_dags/example_latest_only_with_trigger.py took 0.071 seconds
[2024-06-14T16:33:39.372-0300] {processor.py:161} INFO - Started process (PID=87238) to work on /home/maira/projeto_indicium_engineering/venv/lib/python3.10/site-packages/airflow/example_dags/example_latest_only_with_trigger.py
[2024-06-14T16:33:39.373-0300] {processor.py:830} INFO - Processing file /home/maira/projeto_indicium_engineering/venv/lib/python3.10/site-packages/airflow/example_dags/example_latest_only_with_trigger.py for tasks to queue
[2024-06-14T16:33:39.374-0300] {logging_mixin.py:188} INFO - [2024-06-14T16:33:39.374-0300] {dagbag.py:545} INFO - Filling up the DagBag from /home/maira/projeto_indicium_engineering/venv/lib/python3.10/site-packages/airflow/example_dags/example_latest_only_with_trigger.py
[2024-06-14T16:33:39.381-0300] {processor.py:840} INFO - DAG(s) 'latest_only_with_trigger' retrieved from /home/maira/projeto_indicium_engineering/venv/lib/python3.10/site-packages/airflow/example_dags/example_latest_only_with_trigger.py
[2024-06-14T16:33:39.392-0300] {logging_mixin.py:188} INFO - [2024-06-14T16:33:39.392-0300] {dag.py:3096} INFO - Sync 1 DAGs
[2024-06-14T16:33:39.406-0300] {logging_mixin.py:188} INFO - [2024-06-14T16:33:39.405-0300] {dag.py:3954} INFO - Setting next_dagrun for latest_only_with_trigger to 2024-06-14 12:00:00+00:00, run_after=2024-06-14 16:00:00+00:00
[2024-06-14T16:33:39.432-0300] {processor.py:183} INFO - Processing /home/maira/projeto_indicium_engineering/venv/lib/python3.10/site-packages/airflow/example_dags/example_latest_only_with_trigger.py took 0.065 seconds
[2024-06-14T16:34:39.950-0300] {processor.py:161} INFO - Started process (PID=87538) to work on /home/maira/projeto_indicium_engineering/venv/lib/python3.10/site-packages/airflow/example_dags/example_latest_only_with_trigger.py
[2024-06-14T16:34:39.955-0300] {processor.py:830} INFO - Processing file /home/maira/projeto_indicium_engineering/venv/lib/python3.10/site-packages/airflow/example_dags/example_latest_only_with_trigger.py for tasks to queue
[2024-06-14T16:34:39.956-0300] {logging_mixin.py:188} INFO - [2024-06-14T16:34:39.956-0300] {dagbag.py:545} INFO - Filling up the DagBag from /home/maira/projeto_indicium_engineering/venv/lib/python3.10/site-packages/airflow/example_dags/example_latest_only_with_trigger.py
[2024-06-14T16:34:39.961-0300] {processor.py:840} INFO - DAG(s) 'latest_only_with_trigger' retrieved from /home/maira/projeto_indicium_engineering/venv/lib/python3.10/site-packages/airflow/example_dags/example_latest_only_with_trigger.py
[2024-06-14T16:34:39.972-0300] {logging_mixin.py:188} INFO - [2024-06-14T16:34:39.972-0300] {dag.py:3096} INFO - Sync 1 DAGs
[2024-06-14T16:34:39.986-0300] {logging_mixin.py:188} INFO - [2024-06-14T16:34:39.985-0300] {dag.py:3954} INFO - Setting next_dagrun for latest_only_with_trigger to 2024-06-14 12:00:00+00:00, run_after=2024-06-14 16:00:00+00:00
[2024-06-14T16:34:40.009-0300] {processor.py:183} INFO - Processing /home/maira/projeto_indicium_engineering/venv/lib/python3.10/site-packages/airflow/example_dags/example_latest_only_with_trigger.py took 0.065 seconds
[2024-06-14T16:35:35.364-0300] {processor.py:161} INFO - Started process (PID=87818) to work on /home/maira/projeto_indicium_engineering/venv/lib/python3.10/site-packages/airflow/example_dags/example_latest_only_with_trigger.py
[2024-06-14T16:35:35.369-0300] {processor.py:830} INFO - Processing file /home/maira/projeto_indicium_engineering/venv/lib/python3.10/site-packages/airflow/example_dags/example_latest_only_with_trigger.py for tasks to queue
[2024-06-14T16:35:35.371-0300] {logging_mixin.py:188} INFO - [2024-06-14T16:35:35.371-0300] {dagbag.py:545} INFO - Filling up the DagBag from /home/maira/projeto_indicium_engineering/venv/lib/python3.10/site-packages/airflow/example_dags/example_latest_only_with_trigger.py
[2024-06-14T16:35:35.375-0300] {processor.py:840} INFO - DAG(s) 'latest_only_with_trigger' retrieved from /home/maira/projeto_indicium_engineering/venv/lib/python3.10/site-packages/airflow/example_dags/example_latest_only_with_trigger.py
[2024-06-14T16:35:35.387-0300] {logging_mixin.py:188} INFO - [2024-06-14T16:35:35.387-0300] {dag.py:3096} INFO - Sync 1 DAGs
[2024-06-14T16:35:35.400-0300] {logging_mixin.py:188} INFO - [2024-06-14T16:35:35.400-0300] {dag.py:3954} INFO - Setting next_dagrun for latest_only_with_trigger to 2024-06-14 12:00:00+00:00, run_after=2024-06-14 16:00:00+00:00
[2024-06-14T16:35:35.424-0300] {processor.py:183} INFO - Processing /home/maira/projeto_indicium_engineering/venv/lib/python3.10/site-packages/airflow/example_dags/example_latest_only_with_trigger.py took 0.065 seconds
[2024-06-14T16:36:36.547-0300] {processor.py:161} INFO - Started process (PID=88120) to work on /home/maira/projeto_indicium_engineering/venv/lib/python3.10/site-packages/airflow/example_dags/example_latest_only_with_trigger.py
[2024-06-14T16:36:36.548-0300] {processor.py:830} INFO - Processing file /home/maira/projeto_indicium_engineering/venv/lib/python3.10/site-packages/airflow/example_dags/example_latest_only_with_trigger.py for tasks to queue
[2024-06-14T16:36:36.550-0300] {logging_mixin.py:188} INFO - [2024-06-14T16:36:36.549-0300] {dagbag.py:545} INFO - Filling up the DagBag from /home/maira/projeto_indicium_engineering/venv/lib/python3.10/site-packages/airflow/example_dags/example_latest_only_with_trigger.py
[2024-06-14T16:36:36.555-0300] {processor.py:840} INFO - DAG(s) 'latest_only_with_trigger' retrieved from /home/maira/projeto_indicium_engineering/venv/lib/python3.10/site-packages/airflow/example_dags/example_latest_only_with_trigger.py
[2024-06-14T16:36:36.566-0300] {logging_mixin.py:188} INFO - [2024-06-14T16:36:36.566-0300] {dag.py:3096} INFO - Sync 1 DAGs
[2024-06-14T16:36:36.580-0300] {logging_mixin.py:188} INFO - [2024-06-14T16:36:36.580-0300] {dag.py:3954} INFO - Setting next_dagrun for latest_only_with_trigger to 2024-06-14 12:00:00+00:00, run_after=2024-06-14 16:00:00+00:00
[2024-06-14T16:36:36.603-0300] {processor.py:183} INFO - Processing /home/maira/projeto_indicium_engineering/venv/lib/python3.10/site-packages/airflow/example_dags/example_latest_only_with_trigger.py took 0.061 seconds
[2024-06-14T16:37:32.662-0300] {processor.py:161} INFO - Started process (PID=88399) to work on /home/maira/projeto_indicium_engineering/venv/lib/python3.10/site-packages/airflow/example_dags/example_latest_only_with_trigger.py
[2024-06-14T16:37:32.714-0300] {processor.py:830} INFO - Processing file /home/maira/projeto_indicium_engineering/venv/lib/python3.10/site-packages/airflow/example_dags/example_latest_only_with_trigger.py for tasks to queue
[2024-06-14T16:37:32.716-0300] {logging_mixin.py:188} INFO - [2024-06-14T16:37:32.715-0300] {dagbag.py:545} INFO - Filling up the DagBag from /home/maira/projeto_indicium_engineering/venv/lib/python3.10/site-packages/airflow/example_dags/example_latest_only_with_trigger.py
[2024-06-14T16:37:32.720-0300] {processor.py:840} INFO - DAG(s) 'latest_only_with_trigger' retrieved from /home/maira/projeto_indicium_engineering/venv/lib/python3.10/site-packages/airflow/example_dags/example_latest_only_with_trigger.py
[2024-06-14T16:37:32.733-0300] {logging_mixin.py:188} INFO - [2024-06-14T16:37:32.733-0300] {dag.py:3096} INFO - Sync 1 DAGs
[2024-06-14T16:37:32.747-0300] {logging_mixin.py:188} INFO - [2024-06-14T16:37:32.747-0300] {dag.py:3954} INFO - Setting next_dagrun for latest_only_with_trigger to 2024-06-14 12:00:00+00:00, run_after=2024-06-14 16:00:00+00:00
[2024-06-14T16:37:33.458-0300] {processor.py:183} INFO - Processing /home/maira/projeto_indicium_engineering/venv/lib/python3.10/site-packages/airflow/example_dags/example_latest_only_with_trigger.py took 0.801 seconds
[2024-06-14T16:38:42.581-0300] {processor.py:161} INFO - Started process (PID=88741) to work on /home/maira/projeto_indicium_engineering/venv/lib/python3.10/site-packages/airflow/example_dags/example_latest_only_with_trigger.py
[2024-06-14T16:38:42.583-0300] {processor.py:830} INFO - Processing file /home/maira/projeto_indicium_engineering/venv/lib/python3.10/site-packages/airflow/example_dags/example_latest_only_with_trigger.py for tasks to queue
[2024-06-14T16:38:42.584-0300] {logging_mixin.py:188} INFO - [2024-06-14T16:38:42.584-0300] {dagbag.py:545} INFO - Filling up the DagBag from /home/maira/projeto_indicium_engineering/venv/lib/python3.10/site-packages/airflow/example_dags/example_latest_only_with_trigger.py
[2024-06-14T16:38:42.590-0300] {processor.py:840} INFO - DAG(s) 'latest_only_with_trigger' retrieved from /home/maira/projeto_indicium_engineering/venv/lib/python3.10/site-packages/airflow/example_dags/example_latest_only_with_trigger.py
[2024-06-14T16:38:42.603-0300] {logging_mixin.py:188} INFO - [2024-06-14T16:38:42.603-0300] {dag.py:3096} INFO - Sync 1 DAGs
[2024-06-14T16:38:42.618-0300] {logging_mixin.py:188} INFO - [2024-06-14T16:38:42.617-0300] {dag.py:3954} INFO - Setting next_dagrun for latest_only_with_trigger to 2024-06-14 12:00:00+00:00, run_after=2024-06-14 16:00:00+00:00
[2024-06-14T16:38:42.641-0300] {processor.py:183} INFO - Processing /home/maira/projeto_indicium_engineering/venv/lib/python3.10/site-packages/airflow/example_dags/example_latest_only_with_trigger.py took 0.064 seconds
[2024-06-14T16:39:44.491-0300] {processor.py:161} INFO - Started process (PID=89047) to work on /home/maira/projeto_indicium_engineering/venv/lib/python3.10/site-packages/airflow/example_dags/example_latest_only_with_trigger.py
[2024-06-14T16:39:44.493-0300] {processor.py:830} INFO - Processing file /home/maira/projeto_indicium_engineering/venv/lib/python3.10/site-packages/airflow/example_dags/example_latest_only_with_trigger.py for tasks to queue
[2024-06-14T16:39:44.494-0300] {logging_mixin.py:188} INFO - [2024-06-14T16:39:44.493-0300] {dagbag.py:545} INFO - Filling up the DagBag from /home/maira/projeto_indicium_engineering/venv/lib/python3.10/site-packages/airflow/example_dags/example_latest_only_with_trigger.py
[2024-06-14T16:39:44.498-0300] {processor.py:840} INFO - DAG(s) 'latest_only_with_trigger' retrieved from /home/maira/projeto_indicium_engineering/venv/lib/python3.10/site-packages/airflow/example_dags/example_latest_only_with_trigger.py
[2024-06-14T16:39:44.510-0300] {logging_mixin.py:188} INFO - [2024-06-14T16:39:44.510-0300] {dag.py:3096} INFO - Sync 1 DAGs
[2024-06-14T16:39:44.524-0300] {logging_mixin.py:188} INFO - [2024-06-14T16:39:44.523-0300] {dag.py:3954} INFO - Setting next_dagrun for latest_only_with_trigger to 2024-06-14 12:00:00+00:00, run_after=2024-06-14 16:00:00+00:00
[2024-06-14T16:39:44.547-0300] {processor.py:183} INFO - Processing /home/maira/projeto_indicium_engineering/venv/lib/python3.10/site-packages/airflow/example_dags/example_latest_only_with_trigger.py took 0.061 seconds
[2024-06-14T16:40:39.414-0300] {processor.py:161} INFO - Started process (PID=89321) to work on /home/maira/projeto_indicium_engineering/venv/lib/python3.10/site-packages/airflow/example_dags/example_latest_only_with_trigger.py
[2024-06-14T16:40:39.415-0300] {processor.py:830} INFO - Processing file /home/maira/projeto_indicium_engineering/venv/lib/python3.10/site-packages/airflow/example_dags/example_latest_only_with_trigger.py for tasks to queue
[2024-06-14T16:40:39.417-0300] {logging_mixin.py:188} INFO - [2024-06-14T16:40:39.416-0300] {dagbag.py:545} INFO - Filling up the DagBag from /home/maira/projeto_indicium_engineering/venv/lib/python3.10/site-packages/airflow/example_dags/example_latest_only_with_trigger.py
[2024-06-14T16:40:39.421-0300] {processor.py:840} INFO - DAG(s) 'latest_only_with_trigger' retrieved from /home/maira/projeto_indicium_engineering/venv/lib/python3.10/site-packages/airflow/example_dags/example_latest_only_with_trigger.py
[2024-06-14T16:40:39.433-0300] {logging_mixin.py:188} INFO - [2024-06-14T16:40:39.433-0300] {dag.py:3096} INFO - Sync 1 DAGs
[2024-06-14T16:40:39.446-0300] {logging_mixin.py:188} INFO - [2024-06-14T16:40:39.446-0300] {dag.py:3954} INFO - Setting next_dagrun for latest_only_with_trigger to 2024-06-14 12:00:00+00:00, run_after=2024-06-14 16:00:00+00:00
[2024-06-14T16:40:39.468-0300] {processor.py:183} INFO - Processing /home/maira/projeto_indicium_engineering/venv/lib/python3.10/site-packages/airflow/example_dags/example_latest_only_with_trigger.py took 0.059 seconds
[2024-06-14T16:41:37.200-0300] {processor.py:161} INFO - Started process (PID=89607) to work on /home/maira/projeto_indicium_engineering/venv/lib/python3.10/site-packages/airflow/example_dags/example_latest_only_with_trigger.py
[2024-06-14T16:41:37.202-0300] {processor.py:830} INFO - Processing file /home/maira/projeto_indicium_engineering/venv/lib/python3.10/site-packages/airflow/example_dags/example_latest_only_with_trigger.py for tasks to queue
[2024-06-14T16:41:37.204-0300] {logging_mixin.py:188} INFO - [2024-06-14T16:41:37.204-0300] {dagbag.py:545} INFO - Filling up the DagBag from /home/maira/projeto_indicium_engineering/venv/lib/python3.10/site-packages/airflow/example_dags/example_latest_only_with_trigger.py
[2024-06-14T16:41:37.209-0300] {processor.py:840} INFO - DAG(s) 'latest_only_with_trigger' retrieved from /home/maira/projeto_indicium_engineering/venv/lib/python3.10/site-packages/airflow/example_dags/example_latest_only_with_trigger.py
[2024-06-14T16:41:37.221-0300] {logging_mixin.py:188} INFO - [2024-06-14T16:41:37.220-0300] {dag.py:3096} INFO - Sync 1 DAGs
[2024-06-14T16:41:37.234-0300] {logging_mixin.py:188} INFO - [2024-06-14T16:41:37.234-0300] {dag.py:3954} INFO - Setting next_dagrun for latest_only_with_trigger to 2024-06-14 12:00:00+00:00, run_after=2024-06-14 16:00:00+00:00
[2024-06-14T16:41:37.261-0300] {processor.py:183} INFO - Processing /home/maira/projeto_indicium_engineering/venv/lib/python3.10/site-packages/airflow/example_dags/example_latest_only_with_trigger.py took 0.066 seconds
[2024-06-14T16:42:37.794-0300] {processor.py:161} INFO - Started process (PID=89907) to work on /home/maira/projeto_indicium_engineering/venv/lib/python3.10/site-packages/airflow/example_dags/example_latest_only_with_trigger.py
[2024-06-14T16:42:37.796-0300] {processor.py:830} INFO - Processing file /home/maira/projeto_indicium_engineering/venv/lib/python3.10/site-packages/airflow/example_dags/example_latest_only_with_trigger.py for tasks to queue
[2024-06-14T16:42:37.797-0300] {logging_mixin.py:188} INFO - [2024-06-14T16:42:37.797-0300] {dagbag.py:545} INFO - Filling up the DagBag from /home/maira/projeto_indicium_engineering/venv/lib/python3.10/site-packages/airflow/example_dags/example_latest_only_with_trigger.py
[2024-06-14T16:42:37.801-0300] {processor.py:840} INFO - DAG(s) 'latest_only_with_trigger' retrieved from /home/maira/projeto_indicium_engineering/venv/lib/python3.10/site-packages/airflow/example_dags/example_latest_only_with_trigger.py
[2024-06-14T16:42:37.813-0300] {logging_mixin.py:188} INFO - [2024-06-14T16:42:37.813-0300] {dag.py:3096} INFO - Sync 1 DAGs
[2024-06-14T16:42:37.827-0300] {logging_mixin.py:188} INFO - [2024-06-14T16:42:37.827-0300] {dag.py:3954} INFO - Setting next_dagrun for latest_only_with_trigger to 2024-06-14 12:00:00+00:00, run_after=2024-06-14 16:00:00+00:00
[2024-06-14T16:42:37.851-0300] {processor.py:183} INFO - Processing /home/maira/projeto_indicium_engineering/venv/lib/python3.10/site-packages/airflow/example_dags/example_latest_only_with_trigger.py took 0.062 seconds
[2024-06-14T16:43:35.224-0300] {processor.py:161} INFO - Started process (PID=90193) to work on /home/maira/projeto_indicium_engineering/venv/lib/python3.10/site-packages/airflow/example_dags/example_latest_only_with_trigger.py
[2024-06-14T16:43:35.225-0300] {processor.py:830} INFO - Processing file /home/maira/projeto_indicium_engineering/venv/lib/python3.10/site-packages/airflow/example_dags/example_latest_only_with_trigger.py for tasks to queue
[2024-06-14T16:43:35.227-0300] {logging_mixin.py:188} INFO - [2024-06-14T16:43:35.226-0300] {dagbag.py:545} INFO - Filling up the DagBag from /home/maira/projeto_indicium_engineering/venv/lib/python3.10/site-packages/airflow/example_dags/example_latest_only_with_trigger.py
[2024-06-14T16:43:35.232-0300] {processor.py:840} INFO - DAG(s) 'latest_only_with_trigger' retrieved from /home/maira/projeto_indicium_engineering/venv/lib/python3.10/site-packages/airflow/example_dags/example_latest_only_with_trigger.py
[2024-06-14T16:43:35.243-0300] {logging_mixin.py:188} INFO - [2024-06-14T16:43:35.243-0300] {dag.py:3096} INFO - Sync 1 DAGs
[2024-06-14T16:43:35.257-0300] {logging_mixin.py:188} INFO - [2024-06-14T16:43:35.257-0300] {dag.py:3954} INFO - Setting next_dagrun for latest_only_with_trigger to 2024-06-14 12:00:00+00:00, run_after=2024-06-14 16:00:00+00:00
[2024-06-14T16:43:35.279-0300] {processor.py:183} INFO - Processing /home/maira/projeto_indicium_engineering/venv/lib/python3.10/site-packages/airflow/example_dags/example_latest_only_with_trigger.py took 0.060 seconds
[2024-06-14T16:44:37.136-0300] {processor.py:161} INFO - Started process (PID=90499) to work on /home/maira/projeto_indicium_engineering/venv/lib/python3.10/site-packages/airflow/example_dags/example_latest_only_with_trigger.py
[2024-06-14T16:44:37.141-0300] {processor.py:830} INFO - Processing file /home/maira/projeto_indicium_engineering/venv/lib/python3.10/site-packages/airflow/example_dags/example_latest_only_with_trigger.py for tasks to queue
[2024-06-14T16:44:37.143-0300] {logging_mixin.py:188} INFO - [2024-06-14T16:44:37.143-0300] {dagbag.py:545} INFO - Filling up the DagBag from /home/maira/projeto_indicium_engineering/venv/lib/python3.10/site-packages/airflow/example_dags/example_latest_only_with_trigger.py
[2024-06-14T16:44:37.148-0300] {processor.py:840} INFO - DAG(s) 'latest_only_with_trigger' retrieved from /home/maira/projeto_indicium_engineering/venv/lib/python3.10/site-packages/airflow/example_dags/example_latest_only_with_trigger.py
[2024-06-14T16:44:37.159-0300] {logging_mixin.py:188} INFO - [2024-06-14T16:44:37.159-0300] {dag.py:3096} INFO - Sync 1 DAGs
[2024-06-14T16:44:37.173-0300] {logging_mixin.py:188} INFO - [2024-06-14T16:44:37.173-0300] {dag.py:3954} INFO - Setting next_dagrun for latest_only_with_trigger to 2024-06-14 12:00:00+00:00, run_after=2024-06-14 16:00:00+00:00
[2024-06-14T16:44:37.195-0300] {processor.py:183} INFO - Processing /home/maira/projeto_indicium_engineering/venv/lib/python3.10/site-packages/airflow/example_dags/example_latest_only_with_trigger.py took 0.063 seconds
[2024-06-14T16:45:35.690-0300] {processor.py:161} INFO - Started process (PID=90793) to work on /home/maira/projeto_indicium_engineering/venv/lib/python3.10/site-packages/airflow/example_dags/example_latest_only_with_trigger.py
[2024-06-14T16:45:35.691-0300] {processor.py:830} INFO - Processing file /home/maira/projeto_indicium_engineering/venv/lib/python3.10/site-packages/airflow/example_dags/example_latest_only_with_trigger.py for tasks to queue
[2024-06-14T16:45:35.693-0300] {logging_mixin.py:188} INFO - [2024-06-14T16:45:35.692-0300] {dagbag.py:545} INFO - Filling up the DagBag from /home/maira/projeto_indicium_engineering/venv/lib/python3.10/site-packages/airflow/example_dags/example_latest_only_with_trigger.py
[2024-06-14T16:45:35.699-0300] {processor.py:840} INFO - DAG(s) 'latest_only_with_trigger' retrieved from /home/maira/projeto_indicium_engineering/venv/lib/python3.10/site-packages/airflow/example_dags/example_latest_only_with_trigger.py
[2024-06-14T16:45:35.714-0300] {logging_mixin.py:188} INFO - [2024-06-14T16:45:35.713-0300] {dag.py:3096} INFO - Sync 1 DAGs
[2024-06-14T16:45:35.727-0300] {logging_mixin.py:188} INFO - [2024-06-14T16:45:35.727-0300] {dag.py:3954} INFO - Setting next_dagrun for latest_only_with_trigger to 2024-06-14 12:00:00+00:00, run_after=2024-06-14 16:00:00+00:00
[2024-06-14T16:45:35.751-0300] {processor.py:183} INFO - Processing /home/maira/projeto_indicium_engineering/venv/lib/python3.10/site-packages/airflow/example_dags/example_latest_only_with_trigger.py took 0.068 seconds
[2024-06-14T16:46:37.667-0300] {processor.py:161} INFO - Started process (PID=91099) to work on /home/maira/projeto_indicium_engineering/venv/lib/python3.10/site-packages/airflow/example_dags/example_latest_only_with_trigger.py
[2024-06-14T16:46:37.672-0300] {processor.py:830} INFO - Processing file /home/maira/projeto_indicium_engineering/venv/lib/python3.10/site-packages/airflow/example_dags/example_latest_only_with_trigger.py for tasks to queue
[2024-06-14T16:46:37.674-0300] {logging_mixin.py:188} INFO - [2024-06-14T16:46:37.674-0300] {dagbag.py:545} INFO - Filling up the DagBag from /home/maira/projeto_indicium_engineering/venv/lib/python3.10/site-packages/airflow/example_dags/example_latest_only_with_trigger.py
[2024-06-14T16:46:37.678-0300] {processor.py:840} INFO - DAG(s) 'latest_only_with_trigger' retrieved from /home/maira/projeto_indicium_engineering/venv/lib/python3.10/site-packages/airflow/example_dags/example_latest_only_with_trigger.py
[2024-06-14T16:46:37.690-0300] {logging_mixin.py:188} INFO - [2024-06-14T16:46:37.690-0300] {dag.py:3096} INFO - Sync 1 DAGs
[2024-06-14T16:46:37.704-0300] {logging_mixin.py:188} INFO - [2024-06-14T16:46:37.704-0300] {dag.py:3954} INFO - Setting next_dagrun for latest_only_with_trigger to 2024-06-14 12:00:00+00:00, run_after=2024-06-14 16:00:00+00:00
[2024-06-14T16:46:37.728-0300] {processor.py:183} INFO - Processing /home/maira/projeto_indicium_engineering/venv/lib/python3.10/site-packages/airflow/example_dags/example_latest_only_with_trigger.py took 0.066 seconds
[2024-06-14T16:47:35.081-0300] {processor.py:161} INFO - Started process (PID=91385) to work on /home/maira/projeto_indicium_engineering/venv/lib/python3.10/site-packages/airflow/example_dags/example_latest_only_with_trigger.py
[2024-06-14T16:47:35.083-0300] {processor.py:830} INFO - Processing file /home/maira/projeto_indicium_engineering/venv/lib/python3.10/site-packages/airflow/example_dags/example_latest_only_with_trigger.py for tasks to queue
[2024-06-14T16:47:35.084-0300] {logging_mixin.py:188} INFO - [2024-06-14T16:47:35.084-0300] {dagbag.py:545} INFO - Filling up the DagBag from /home/maira/projeto_indicium_engineering/venv/lib/python3.10/site-packages/airflow/example_dags/example_latest_only_with_trigger.py
[2024-06-14T16:47:35.088-0300] {processor.py:840} INFO - DAG(s) 'latest_only_with_trigger' retrieved from /home/maira/projeto_indicium_engineering/venv/lib/python3.10/site-packages/airflow/example_dags/example_latest_only_with_trigger.py
[2024-06-14T16:47:35.100-0300] {logging_mixin.py:188} INFO - [2024-06-14T16:47:35.099-0300] {dag.py:3096} INFO - Sync 1 DAGs
[2024-06-14T16:47:35.113-0300] {logging_mixin.py:188} INFO - [2024-06-14T16:47:35.113-0300] {dag.py:3954} INFO - Setting next_dagrun for latest_only_with_trigger to 2024-06-14 12:00:00+00:00, run_after=2024-06-14 16:00:00+00:00
[2024-06-14T16:47:35.135-0300] {processor.py:183} INFO - Processing /home/maira/projeto_indicium_engineering/venv/lib/python3.10/site-packages/airflow/example_dags/example_latest_only_with_trigger.py took 0.059 seconds
[2024-06-14T16:48:35.654-0300] {processor.py:161} INFO - Started process (PID=91684) to work on /home/maira/projeto_indicium_engineering/venv/lib/python3.10/site-packages/airflow/example_dags/example_latest_only_with_trigger.py
[2024-06-14T16:48:35.655-0300] {processor.py:830} INFO - Processing file /home/maira/projeto_indicium_engineering/venv/lib/python3.10/site-packages/airflow/example_dags/example_latest_only_with_trigger.py for tasks to queue
[2024-06-14T16:48:35.657-0300] {logging_mixin.py:188} INFO - [2024-06-14T16:48:35.657-0300] {dagbag.py:545} INFO - Filling up the DagBag from /home/maira/projeto_indicium_engineering/venv/lib/python3.10/site-packages/airflow/example_dags/example_latest_only_with_trigger.py
[2024-06-14T16:48:35.662-0300] {processor.py:840} INFO - DAG(s) 'latest_only_with_trigger' retrieved from /home/maira/projeto_indicium_engineering/venv/lib/python3.10/site-packages/airflow/example_dags/example_latest_only_with_trigger.py
[2024-06-14T16:48:35.675-0300] {logging_mixin.py:188} INFO - [2024-06-14T16:48:35.674-0300] {dag.py:3096} INFO - Sync 1 DAGs
[2024-06-14T16:48:35.690-0300] {logging_mixin.py:188} INFO - [2024-06-14T16:48:35.690-0300] {dag.py:3954} INFO - Setting next_dagrun for latest_only_with_trigger to 2024-06-14 12:00:00+00:00, run_after=2024-06-14 16:00:00+00:00
[2024-06-14T16:48:35.713-0300] {processor.py:183} INFO - Processing /home/maira/projeto_indicium_engineering/venv/lib/python3.10/site-packages/airflow/example_dags/example_latest_only_with_trigger.py took 0.065 seconds
[2024-06-14T16:49:32.529-0300] {processor.py:161} INFO - Started process (PID=91966) to work on /home/maira/projeto_indicium_engineering/venv/lib/python3.10/site-packages/airflow/example_dags/example_latest_only_with_trigger.py
[2024-06-14T16:49:32.531-0300] {processor.py:830} INFO - Processing file /home/maira/projeto_indicium_engineering/venv/lib/python3.10/site-packages/airflow/example_dags/example_latest_only_with_trigger.py for tasks to queue
[2024-06-14T16:49:32.532-0300] {logging_mixin.py:188} INFO - [2024-06-14T16:49:32.532-0300] {dagbag.py:545} INFO - Filling up the DagBag from /home/maira/projeto_indicium_engineering/venv/lib/python3.10/site-packages/airflow/example_dags/example_latest_only_with_trigger.py
[2024-06-14T16:49:32.538-0300] {processor.py:840} INFO - DAG(s) 'latest_only_with_trigger' retrieved from /home/maira/projeto_indicium_engineering/venv/lib/python3.10/site-packages/airflow/example_dags/example_latest_only_with_trigger.py
[2024-06-14T16:49:32.550-0300] {logging_mixin.py:188} INFO - [2024-06-14T16:49:32.549-0300] {dag.py:3096} INFO - Sync 1 DAGs
[2024-06-14T16:49:32.564-0300] {logging_mixin.py:188} INFO - [2024-06-14T16:49:32.564-0300] {dag.py:3954} INFO - Setting next_dagrun for latest_only_with_trigger to 2024-06-14 12:00:00+00:00, run_after=2024-06-14 16:00:00+00:00
[2024-06-14T16:49:32.586-0300] {processor.py:183} INFO - Processing /home/maira/projeto_indicium_engineering/venv/lib/python3.10/site-packages/airflow/example_dags/example_latest_only_with_trigger.py took 0.063 seconds
[2024-06-14T16:50:32.104-0300] {processor.py:161} INFO - Started process (PID=92262) to work on /home/maira/projeto_indicium_engineering/venv/lib/python3.10/site-packages/airflow/example_dags/example_latest_only_with_trigger.py
[2024-06-14T16:50:32.109-0300] {processor.py:830} INFO - Processing file /home/maira/projeto_indicium_engineering/venv/lib/python3.10/site-packages/airflow/example_dags/example_latest_only_with_trigger.py for tasks to queue
[2024-06-14T16:50:32.110-0300] {logging_mixin.py:188} INFO - [2024-06-14T16:50:32.110-0300] {dagbag.py:545} INFO - Filling up the DagBag from /home/maira/projeto_indicium_engineering/venv/lib/python3.10/site-packages/airflow/example_dags/example_latest_only_with_trigger.py
[2024-06-14T16:50:32.114-0300] {processor.py:840} INFO - DAG(s) 'latest_only_with_trigger' retrieved from /home/maira/projeto_indicium_engineering/venv/lib/python3.10/site-packages/airflow/example_dags/example_latest_only_with_trigger.py
[2024-06-14T16:50:32.126-0300] {logging_mixin.py:188} INFO - [2024-06-14T16:50:32.126-0300] {dag.py:3096} INFO - Sync 1 DAGs
[2024-06-14T16:50:32.139-0300] {logging_mixin.py:188} INFO - [2024-06-14T16:50:32.139-0300] {dag.py:3954} INFO - Setting next_dagrun for latest_only_with_trigger to 2024-06-14 12:00:00+00:00, run_after=2024-06-14 16:00:00+00:00
[2024-06-14T16:50:32.164-0300] {processor.py:183} INFO - Processing /home/maira/projeto_indicium_engineering/venv/lib/python3.10/site-packages/airflow/example_dags/example_latest_only_with_trigger.py took 0.065 seconds
[2024-06-14T16:51:20.267-0300] {processor.py:161} INFO - Started process (PID=92496) to work on /home/maira/projeto_indicium_engineering/venv/lib/python3.10/site-packages/airflow/example_dags/example_latest_only_with_trigger.py
[2024-06-14T16:51:20.269-0300] {processor.py:830} INFO - Processing file /home/maira/projeto_indicium_engineering/venv/lib/python3.10/site-packages/airflow/example_dags/example_latest_only_with_trigger.py for tasks to queue
[2024-06-14T16:51:20.271-0300] {logging_mixin.py:188} INFO - [2024-06-14T16:51:20.270-0300] {dagbag.py:545} INFO - Filling up the DagBag from /home/maira/projeto_indicium_engineering/venv/lib/python3.10/site-packages/airflow/example_dags/example_latest_only_with_trigger.py
[2024-06-14T16:51:20.277-0300] {processor.py:840} INFO - DAG(s) 'latest_only_with_trigger' retrieved from /home/maira/projeto_indicium_engineering/venv/lib/python3.10/site-packages/airflow/example_dags/example_latest_only_with_trigger.py
[2024-06-14T16:51:20.290-0300] {logging_mixin.py:188} INFO - [2024-06-14T16:51:20.290-0300] {dag.py:3096} INFO - Sync 1 DAGs
[2024-06-14T16:51:20.305-0300] {logging_mixin.py:188} INFO - [2024-06-14T16:51:20.305-0300] {dag.py:3954} INFO - Setting next_dagrun for latest_only_with_trigger to 2024-06-14 12:00:00+00:00, run_after=2024-06-14 16:00:00+00:00
[2024-06-14T16:51:20.327-0300] {processor.py:183} INFO - Processing /home/maira/projeto_indicium_engineering/venv/lib/python3.10/site-packages/airflow/example_dags/example_latest_only_with_trigger.py took 0.065 seconds
[2024-06-14T16:52:21.595-0300] {processor.py:161} INFO - Started process (PID=92800) to work on /home/maira/projeto_indicium_engineering/venv/lib/python3.10/site-packages/airflow/example_dags/example_latest_only_with_trigger.py
[2024-06-14T16:52:21.596-0300] {processor.py:830} INFO - Processing file /home/maira/projeto_indicium_engineering/venv/lib/python3.10/site-packages/airflow/example_dags/example_latest_only_with_trigger.py for tasks to queue
[2024-06-14T16:52:21.598-0300] {logging_mixin.py:188} INFO - [2024-06-14T16:52:21.598-0300] {dagbag.py:545} INFO - Filling up the DagBag from /home/maira/projeto_indicium_engineering/venv/lib/python3.10/site-packages/airflow/example_dags/example_latest_only_with_trigger.py
[2024-06-14T16:52:21.603-0300] {processor.py:840} INFO - DAG(s) 'latest_only_with_trigger' retrieved from /home/maira/projeto_indicium_engineering/venv/lib/python3.10/site-packages/airflow/example_dags/example_latest_only_with_trigger.py
[2024-06-14T16:52:21.615-0300] {logging_mixin.py:188} INFO - [2024-06-14T16:52:21.615-0300] {dag.py:3096} INFO - Sync 1 DAGs
[2024-06-14T16:52:21.629-0300] {logging_mixin.py:188} INFO - [2024-06-14T16:52:21.629-0300] {dag.py:3954} INFO - Setting next_dagrun for latest_only_with_trigger to 2024-06-14 12:00:00+00:00, run_after=2024-06-14 16:00:00+00:00
[2024-06-14T16:52:21.653-0300] {processor.py:183} INFO - Processing /home/maira/projeto_indicium_engineering/venv/lib/python3.10/site-packages/airflow/example_dags/example_latest_only_with_trigger.py took 0.063 seconds
[2024-06-14T16:53:22.014-0300] {processor.py:161} INFO - Started process (PID=93100) to work on /home/maira/projeto_indicium_engineering/venv/lib/python3.10/site-packages/airflow/example_dags/example_latest_only_with_trigger.py
[2024-06-14T16:53:22.016-0300] {processor.py:830} INFO - Processing file /home/maira/projeto_indicium_engineering/venv/lib/python3.10/site-packages/airflow/example_dags/example_latest_only_with_trigger.py for tasks to queue
[2024-06-14T16:53:22.018-0300] {logging_mixin.py:188} INFO - [2024-06-14T16:53:22.018-0300] {dagbag.py:545} INFO - Filling up the DagBag from /home/maira/projeto_indicium_engineering/venv/lib/python3.10/site-packages/airflow/example_dags/example_latest_only_with_trigger.py
[2024-06-14T16:53:22.023-0300] {processor.py:840} INFO - DAG(s) 'latest_only_with_trigger' retrieved from /home/maira/projeto_indicium_engineering/venv/lib/python3.10/site-packages/airflow/example_dags/example_latest_only_with_trigger.py
[2024-06-14T16:53:22.035-0300] {logging_mixin.py:188} INFO - [2024-06-14T16:53:22.035-0300] {dag.py:3096} INFO - Sync 1 DAGs
[2024-06-14T16:53:22.049-0300] {logging_mixin.py:188} INFO - [2024-06-14T16:53:22.048-0300] {dag.py:3954} INFO - Setting next_dagrun for latest_only_with_trigger to 2024-06-14 12:00:00+00:00, run_after=2024-06-14 16:00:00+00:00
[2024-06-14T16:53:22.072-0300] {processor.py:183} INFO - Processing /home/maira/projeto_indicium_engineering/venv/lib/python3.10/site-packages/airflow/example_dags/example_latest_only_with_trigger.py took 0.062 seconds
[2024-06-14T16:54:24.612-0300] {processor.py:161} INFO - Started process (PID=93408) to work on /home/maira/projeto_indicium_engineering/venv/lib/python3.10/site-packages/airflow/example_dags/example_latest_only_with_trigger.py
[2024-06-14T16:54:24.614-0300] {processor.py:830} INFO - Processing file /home/maira/projeto_indicium_engineering/venv/lib/python3.10/site-packages/airflow/example_dags/example_latest_only_with_trigger.py for tasks to queue
[2024-06-14T16:54:24.615-0300] {logging_mixin.py:188} INFO - [2024-06-14T16:54:24.615-0300] {dagbag.py:545} INFO - Filling up the DagBag from /home/maira/projeto_indicium_engineering/venv/lib/python3.10/site-packages/airflow/example_dags/example_latest_only_with_trigger.py
[2024-06-14T16:54:24.621-0300] {processor.py:840} INFO - DAG(s) 'latest_only_with_trigger' retrieved from /home/maira/projeto_indicium_engineering/venv/lib/python3.10/site-packages/airflow/example_dags/example_latest_only_with_trigger.py
[2024-06-14T16:54:24.633-0300] {logging_mixin.py:188} INFO - [2024-06-14T16:54:24.633-0300] {dag.py:3096} INFO - Sync 1 DAGs
[2024-06-14T16:54:24.647-0300] {logging_mixin.py:188} INFO - [2024-06-14T16:54:24.647-0300] {dag.py:3954} INFO - Setting next_dagrun for latest_only_with_trigger to 2024-06-14 12:00:00+00:00, run_after=2024-06-14 16:00:00+00:00
[2024-06-14T16:54:24.671-0300] {processor.py:183} INFO - Processing /home/maira/projeto_indicium_engineering/venv/lib/python3.10/site-packages/airflow/example_dags/example_latest_only_with_trigger.py took 0.064 seconds
[2024-06-14T17:20:16.905-0300] {processor.py:161} INFO - Started process (PID=93764) to work on /home/maira/projeto_indicium_engineering/venv/lib/python3.10/site-packages/airflow/example_dags/example_latest_only_with_trigger.py
[2024-06-14T17:20:16.906-0300] {processor.py:830} INFO - Processing file /home/maira/projeto_indicium_engineering/venv/lib/python3.10/site-packages/airflow/example_dags/example_latest_only_with_trigger.py for tasks to queue
[2024-06-14T17:20:16.907-0300] {logging_mixin.py:188} INFO - [2024-06-14T17:20:16.907-0300] {dagbag.py:545} INFO - Filling up the DagBag from /home/maira/projeto_indicium_engineering/venv/lib/python3.10/site-packages/airflow/example_dags/example_latest_only_with_trigger.py
[2024-06-14T17:20:16.912-0300] {processor.py:840} INFO - DAG(s) 'latest_only_with_trigger' retrieved from /home/maira/projeto_indicium_engineering/venv/lib/python3.10/site-packages/airflow/example_dags/example_latest_only_with_trigger.py
[2024-06-14T17:20:16.924-0300] {logging_mixin.py:188} INFO - [2024-06-14T17:20:16.924-0300] {dag.py:3096} INFO - Sync 1 DAGs
[2024-06-14T17:20:16.939-0300] {logging_mixin.py:188} INFO - [2024-06-14T17:20:16.939-0300] {dag.py:3954} INFO - Setting next_dagrun for latest_only_with_trigger to 2024-06-14 16:00:00+00:00, run_after=2024-06-14 20:00:00+00:00
[2024-06-14T17:20:16.966-0300] {processor.py:183} INFO - Processing /home/maira/projeto_indicium_engineering/venv/lib/python3.10/site-packages/airflow/example_dags/example_latest_only_with_trigger.py took 0.065 seconds
[2024-06-14T17:21:08.293-0300] {processor.py:161} INFO - Started process (PID=94020) to work on /home/maira/projeto_indicium_engineering/venv/lib/python3.10/site-packages/airflow/example_dags/example_latest_only_with_trigger.py
[2024-06-14T17:21:08.295-0300] {processor.py:830} INFO - Processing file /home/maira/projeto_indicium_engineering/venv/lib/python3.10/site-packages/airflow/example_dags/example_latest_only_with_trigger.py for tasks to queue
[2024-06-14T17:21:08.296-0300] {logging_mixin.py:188} INFO - [2024-06-14T17:21:08.296-0300] {dagbag.py:545} INFO - Filling up the DagBag from /home/maira/projeto_indicium_engineering/venv/lib/python3.10/site-packages/airflow/example_dags/example_latest_only_with_trigger.py
[2024-06-14T17:21:08.302-0300] {processor.py:840} INFO - DAG(s) 'latest_only_with_trigger' retrieved from /home/maira/projeto_indicium_engineering/venv/lib/python3.10/site-packages/airflow/example_dags/example_latest_only_with_trigger.py
[2024-06-14T17:21:08.315-0300] {logging_mixin.py:188} INFO - [2024-06-14T17:21:08.315-0300] {dag.py:3096} INFO - Sync 1 DAGs
[2024-06-14T17:21:08.332-0300] {logging_mixin.py:188} INFO - [2024-06-14T17:21:08.332-0300] {dag.py:3954} INFO - Setting next_dagrun for latest_only_with_trigger to 2024-06-14 16:00:00+00:00, run_after=2024-06-14 20:00:00+00:00
[2024-06-14T17:21:08.352-0300] {processor.py:183} INFO - Processing /home/maira/projeto_indicium_engineering/venv/lib/python3.10/site-packages/airflow/example_dags/example_latest_only_with_trigger.py took 0.064 seconds
[2024-06-14T17:22:08.870-0300] {processor.py:161} INFO - Started process (PID=94320) to work on /home/maira/projeto_indicium_engineering/venv/lib/python3.10/site-packages/airflow/example_dags/example_latest_only_with_trigger.py
[2024-06-14T17:22:08.872-0300] {processor.py:830} INFO - Processing file /home/maira/projeto_indicium_engineering/venv/lib/python3.10/site-packages/airflow/example_dags/example_latest_only_with_trigger.py for tasks to queue
[2024-06-14T17:22:08.873-0300] {logging_mixin.py:188} INFO - [2024-06-14T17:22:08.873-0300] {dagbag.py:545} INFO - Filling up the DagBag from /home/maira/projeto_indicium_engineering/venv/lib/python3.10/site-packages/airflow/example_dags/example_latest_only_with_trigger.py
[2024-06-14T17:22:08.879-0300] {processor.py:840} INFO - DAG(s) 'latest_only_with_trigger' retrieved from /home/maira/projeto_indicium_engineering/venv/lib/python3.10/site-packages/airflow/example_dags/example_latest_only_with_trigger.py
[2024-06-14T17:22:08.890-0300] {logging_mixin.py:188} INFO - [2024-06-14T17:22:08.890-0300] {dag.py:3096} INFO - Sync 1 DAGs
[2024-06-14T17:22:08.904-0300] {logging_mixin.py:188} INFO - [2024-06-14T17:22:08.903-0300] {dag.py:3954} INFO - Setting next_dagrun for latest_only_with_trigger to 2024-06-14 16:00:00+00:00, run_after=2024-06-14 20:00:00+00:00
[2024-06-14T17:22:08.926-0300] {processor.py:183} INFO - Processing /home/maira/projeto_indicium_engineering/venv/lib/python3.10/site-packages/airflow/example_dags/example_latest_only_with_trigger.py took 0.061 seconds
[2024-06-14T17:23:10.225-0300] {processor.py:161} INFO - Started process (PID=94623) to work on /home/maira/projeto_indicium_engineering/venv/lib/python3.10/site-packages/airflow/example_dags/example_latest_only_with_trigger.py
[2024-06-14T17:23:10.230-0300] {processor.py:830} INFO - Processing file /home/maira/projeto_indicium_engineering/venv/lib/python3.10/site-packages/airflow/example_dags/example_latest_only_with_trigger.py for tasks to queue
[2024-06-14T17:23:10.232-0300] {logging_mixin.py:188} INFO - [2024-06-14T17:23:10.231-0300] {dagbag.py:545} INFO - Filling up the DagBag from /home/maira/projeto_indicium_engineering/venv/lib/python3.10/site-packages/airflow/example_dags/example_latest_only_with_trigger.py
[2024-06-14T17:23:10.236-0300] {processor.py:840} INFO - DAG(s) 'latest_only_with_trigger' retrieved from /home/maira/projeto_indicium_engineering/venv/lib/python3.10/site-packages/airflow/example_dags/example_latest_only_with_trigger.py
[2024-06-14T17:23:10.249-0300] {logging_mixin.py:188} INFO - [2024-06-14T17:23:10.249-0300] {dag.py:3096} INFO - Sync 1 DAGs
[2024-06-14T17:23:10.265-0300] {logging_mixin.py:188} INFO - [2024-06-14T17:23:10.264-0300] {dag.py:3954} INFO - Setting next_dagrun for latest_only_with_trigger to 2024-06-14 16:00:00+00:00, run_after=2024-06-14 20:00:00+00:00
[2024-06-14T17:23:10.286-0300] {processor.py:183} INFO - Processing /home/maira/projeto_indicium_engineering/venv/lib/python3.10/site-packages/airflow/example_dags/example_latest_only_with_trigger.py took 0.065 seconds
[2024-06-14T17:24:11.933-0300] {processor.py:161} INFO - Started process (PID=94928) to work on /home/maira/projeto_indicium_engineering/venv/lib/python3.10/site-packages/airflow/example_dags/example_latest_only_with_trigger.py
[2024-06-14T17:24:11.934-0300] {processor.py:830} INFO - Processing file /home/maira/projeto_indicium_engineering/venv/lib/python3.10/site-packages/airflow/example_dags/example_latest_only_with_trigger.py for tasks to queue
[2024-06-14T17:24:11.936-0300] {logging_mixin.py:188} INFO - [2024-06-14T17:24:11.935-0300] {dagbag.py:545} INFO - Filling up the DagBag from /home/maira/projeto_indicium_engineering/venv/lib/python3.10/site-packages/airflow/example_dags/example_latest_only_with_trigger.py
[2024-06-14T17:24:11.941-0300] {processor.py:840} INFO - DAG(s) 'latest_only_with_trigger' retrieved from /home/maira/projeto_indicium_engineering/venv/lib/python3.10/site-packages/airflow/example_dags/example_latest_only_with_trigger.py
[2024-06-14T17:24:11.954-0300] {logging_mixin.py:188} INFO - [2024-06-14T17:24:11.953-0300] {dag.py:3096} INFO - Sync 1 DAGs
[2024-06-14T17:24:11.969-0300] {logging_mixin.py:188} INFO - [2024-06-14T17:24:11.969-0300] {dag.py:3954} INFO - Setting next_dagrun for latest_only_with_trigger to 2024-06-14 16:00:00+00:00, run_after=2024-06-14 20:00:00+00:00
[2024-06-14T17:24:11.992-0300] {processor.py:183} INFO - Processing /home/maira/projeto_indicium_engineering/venv/lib/python3.10/site-packages/airflow/example_dags/example_latest_only_with_trigger.py took 0.065 seconds
[2024-06-14T17:25:23.847-0300] {processor.py:161} INFO - Started process (PID=95280) to work on /home/maira/projeto_indicium_engineering/venv/lib/python3.10/site-packages/airflow/example_dags/example_latest_only_with_trigger.py
[2024-06-14T17:25:23.852-0300] {processor.py:830} INFO - Processing file /home/maira/projeto_indicium_engineering/venv/lib/python3.10/site-packages/airflow/example_dags/example_latest_only_with_trigger.py for tasks to queue
[2024-06-14T17:25:23.853-0300] {logging_mixin.py:188} INFO - [2024-06-14T17:25:23.853-0300] {dagbag.py:545} INFO - Filling up the DagBag from /home/maira/projeto_indicium_engineering/venv/lib/python3.10/site-packages/airflow/example_dags/example_latest_only_with_trigger.py
[2024-06-14T17:25:23.858-0300] {processor.py:840} INFO - DAG(s) 'latest_only_with_trigger' retrieved from /home/maira/projeto_indicium_engineering/venv/lib/python3.10/site-packages/airflow/example_dags/example_latest_only_with_trigger.py
[2024-06-14T17:25:23.870-0300] {logging_mixin.py:188} INFO - [2024-06-14T17:25:23.870-0300] {dag.py:3096} INFO - Sync 1 DAGs
[2024-06-14T17:25:23.886-0300] {logging_mixin.py:188} INFO - [2024-06-14T17:25:23.886-0300] {dag.py:3954} INFO - Setting next_dagrun for latest_only_with_trigger to 2024-06-14 16:00:00+00:00, run_after=2024-06-14 20:00:00+00:00
[2024-06-14T17:25:23.909-0300] {processor.py:183} INFO - Processing /home/maira/projeto_indicium_engineering/venv/lib/python3.10/site-packages/airflow/example_dags/example_latest_only_with_trigger.py took 0.066 seconds
[2024-06-14T17:26:21.923-0300] {processor.py:161} INFO - Started process (PID=95569) to work on /home/maira/projeto_indicium_engineering/venv/lib/python3.10/site-packages/airflow/example_dags/example_latest_only_with_trigger.py
[2024-06-14T17:26:21.928-0300] {processor.py:830} INFO - Processing file /home/maira/projeto_indicium_engineering/venv/lib/python3.10/site-packages/airflow/example_dags/example_latest_only_with_trigger.py for tasks to queue
[2024-06-14T17:26:21.929-0300] {logging_mixin.py:188} INFO - [2024-06-14T17:26:21.929-0300] {dagbag.py:545} INFO - Filling up the DagBag from /home/maira/projeto_indicium_engineering/venv/lib/python3.10/site-packages/airflow/example_dags/example_latest_only_with_trigger.py
[2024-06-14T17:26:21.933-0300] {processor.py:840} INFO - DAG(s) 'latest_only_with_trigger' retrieved from /home/maira/projeto_indicium_engineering/venv/lib/python3.10/site-packages/airflow/example_dags/example_latest_only_with_trigger.py
[2024-06-14T17:26:21.945-0300] {logging_mixin.py:188} INFO - [2024-06-14T17:26:21.945-0300] {dag.py:3096} INFO - Sync 1 DAGs
[2024-06-14T17:26:21.959-0300] {logging_mixin.py:188} INFO - [2024-06-14T17:26:21.958-0300] {dag.py:3954} INFO - Setting next_dagrun for latest_only_with_trigger to 2024-06-14 16:00:00+00:00, run_after=2024-06-14 20:00:00+00:00
[2024-06-14T17:26:21.982-0300] {processor.py:183} INFO - Processing /home/maira/projeto_indicium_engineering/venv/lib/python3.10/site-packages/airflow/example_dags/example_latest_only_with_trigger.py took 0.063 seconds
[2024-06-14T17:27:21.048-0300] {processor.py:161} INFO - Started process (PID=95861) to work on /home/maira/projeto_indicium_engineering/venv/lib/python3.10/site-packages/airflow/example_dags/example_latest_only_with_trigger.py
[2024-06-14T17:27:21.050-0300] {processor.py:830} INFO - Processing file /home/maira/projeto_indicium_engineering/venv/lib/python3.10/site-packages/airflow/example_dags/example_latest_only_with_trigger.py for tasks to queue
[2024-06-14T17:27:21.051-0300] {logging_mixin.py:188} INFO - [2024-06-14T17:27:21.051-0300] {dagbag.py:545} INFO - Filling up the DagBag from /home/maira/projeto_indicium_engineering/venv/lib/python3.10/site-packages/airflow/example_dags/example_latest_only_with_trigger.py
[2024-06-14T17:27:21.058-0300] {processor.py:840} INFO - DAG(s) 'latest_only_with_trigger' retrieved from /home/maira/projeto_indicium_engineering/venv/lib/python3.10/site-packages/airflow/example_dags/example_latest_only_with_trigger.py
[2024-06-14T17:27:21.073-0300] {logging_mixin.py:188} INFO - [2024-06-14T17:27:21.073-0300] {dag.py:3096} INFO - Sync 1 DAGs
[2024-06-14T17:27:21.089-0300] {logging_mixin.py:188} INFO - [2024-06-14T17:27:21.088-0300] {dag.py:3954} INFO - Setting next_dagrun for latest_only_with_trigger to 2024-06-14 16:00:00+00:00, run_after=2024-06-14 20:00:00+00:00
[2024-06-14T17:27:21.111-0300] {processor.py:183} INFO - Processing /home/maira/projeto_indicium_engineering/venv/lib/python3.10/site-packages/airflow/example_dags/example_latest_only_with_trigger.py took 0.069 seconds
[2024-06-14T17:28:20.618-0300] {processor.py:161} INFO - Started process (PID=96156) to work on /home/maira/projeto_indicium_engineering/venv/lib/python3.10/site-packages/airflow/example_dags/example_latest_only_with_trigger.py
[2024-06-14T17:28:20.619-0300] {processor.py:830} INFO - Processing file /home/maira/projeto_indicium_engineering/venv/lib/python3.10/site-packages/airflow/example_dags/example_latest_only_with_trigger.py for tasks to queue
[2024-06-14T17:28:20.620-0300] {logging_mixin.py:188} INFO - [2024-06-14T17:28:20.620-0300] {dagbag.py:545} INFO - Filling up the DagBag from /home/maira/projeto_indicium_engineering/venv/lib/python3.10/site-packages/airflow/example_dags/example_latest_only_with_trigger.py
[2024-06-14T17:28:20.625-0300] {processor.py:840} INFO - DAG(s) 'latest_only_with_trigger' retrieved from /home/maira/projeto_indicium_engineering/venv/lib/python3.10/site-packages/airflow/example_dags/example_latest_only_with_trigger.py
[2024-06-14T17:28:20.637-0300] {logging_mixin.py:188} INFO - [2024-06-14T17:28:20.637-0300] {dag.py:3096} INFO - Sync 1 DAGs
[2024-06-14T17:28:20.651-0300] {logging_mixin.py:188} INFO - [2024-06-14T17:28:20.651-0300] {dag.py:3954} INFO - Setting next_dagrun for latest_only_with_trigger to 2024-06-14 16:00:00+00:00, run_after=2024-06-14 20:00:00+00:00
[2024-06-14T17:28:20.675-0300] {processor.py:183} INFO - Processing /home/maira/projeto_indicium_engineering/venv/lib/python3.10/site-packages/airflow/example_dags/example_latest_only_with_trigger.py took 0.062 seconds
[2024-06-14T17:29:15.030-0300] {processor.py:161} INFO - Started process (PID=96428) to work on /home/maira/projeto_indicium_engineering/venv/lib/python3.10/site-packages/airflow/example_dags/example_latest_only_with_trigger.py
[2024-06-14T17:29:15.031-0300] {processor.py:830} INFO - Processing file /home/maira/projeto_indicium_engineering/venv/lib/python3.10/site-packages/airflow/example_dags/example_latest_only_with_trigger.py for tasks to queue
[2024-06-14T17:29:15.033-0300] {logging_mixin.py:188} INFO - [2024-06-14T17:29:15.032-0300] {dagbag.py:545} INFO - Filling up the DagBag from /home/maira/projeto_indicium_engineering/venv/lib/python3.10/site-packages/airflow/example_dags/example_latest_only_with_trigger.py
[2024-06-14T17:29:15.039-0300] {processor.py:840} INFO - DAG(s) 'latest_only_with_trigger' retrieved from /home/maira/projeto_indicium_engineering/venv/lib/python3.10/site-packages/airflow/example_dags/example_latest_only_with_trigger.py
[2024-06-14T17:29:15.050-0300] {logging_mixin.py:188} INFO - [2024-06-14T17:29:15.050-0300] {dag.py:3096} INFO - Sync 1 DAGs
[2024-06-14T17:29:15.064-0300] {logging_mixin.py:188} INFO - [2024-06-14T17:29:15.064-0300] {dag.py:3954} INFO - Setting next_dagrun for latest_only_with_trigger to 2024-06-14 16:00:00+00:00, run_after=2024-06-14 20:00:00+00:00
[2024-06-14T17:29:15.085-0300] {processor.py:183} INFO - Processing /home/maira/projeto_indicium_engineering/venv/lib/python3.10/site-packages/airflow/example_dags/example_latest_only_with_trigger.py took 0.060 seconds
[2024-06-14T17:30:15.578-0300] {processor.py:161} INFO - Started process (PID=96728) to work on /home/maira/projeto_indicium_engineering/venv/lib/python3.10/site-packages/airflow/example_dags/example_latest_only_with_trigger.py
[2024-06-14T17:30:15.583-0300] {processor.py:830} INFO - Processing file /home/maira/projeto_indicium_engineering/venv/lib/python3.10/site-packages/airflow/example_dags/example_latest_only_with_trigger.py for tasks to queue
[2024-06-14T17:30:15.585-0300] {logging_mixin.py:188} INFO - [2024-06-14T17:30:15.585-0300] {dagbag.py:545} INFO - Filling up the DagBag from /home/maira/projeto_indicium_engineering/venv/lib/python3.10/site-packages/airflow/example_dags/example_latest_only_with_trigger.py
[2024-06-14T17:30:15.589-0300] {processor.py:840} INFO - DAG(s) 'latest_only_with_trigger' retrieved from /home/maira/projeto_indicium_engineering/venv/lib/python3.10/site-packages/airflow/example_dags/example_latest_only_with_trigger.py
[2024-06-14T17:30:15.601-0300] {logging_mixin.py:188} INFO - [2024-06-14T17:30:15.601-0300] {dag.py:3096} INFO - Sync 1 DAGs
[2024-06-14T17:30:15.615-0300] {logging_mixin.py:188} INFO - [2024-06-14T17:30:15.615-0300] {dag.py:3954} INFO - Setting next_dagrun for latest_only_with_trigger to 2024-06-14 16:00:00+00:00, run_after=2024-06-14 20:00:00+00:00
[2024-06-14T17:30:15.638-0300] {processor.py:183} INFO - Processing /home/maira/projeto_indicium_engineering/venv/lib/python3.10/site-packages/airflow/example_dags/example_latest_only_with_trigger.py took 0.066 seconds
[2024-06-14T17:31:15.313-0300] {processor.py:161} INFO - Started process (PID=97025) to work on /home/maira/projeto_indicium_engineering/venv/lib/python3.10/site-packages/airflow/example_dags/example_latest_only_with_trigger.py
[2024-06-14T17:31:15.314-0300] {processor.py:830} INFO - Processing file /home/maira/projeto_indicium_engineering/venv/lib/python3.10/site-packages/airflow/example_dags/example_latest_only_with_trigger.py for tasks to queue
[2024-06-14T17:31:15.316-0300] {logging_mixin.py:188} INFO - [2024-06-14T17:31:15.316-0300] {dagbag.py:545} INFO - Filling up the DagBag from /home/maira/projeto_indicium_engineering/venv/lib/python3.10/site-packages/airflow/example_dags/example_latest_only_with_trigger.py
[2024-06-14T17:31:15.321-0300] {processor.py:840} INFO - DAG(s) 'latest_only_with_trigger' retrieved from /home/maira/projeto_indicium_engineering/venv/lib/python3.10/site-packages/airflow/example_dags/example_latest_only_with_trigger.py
[2024-06-14T17:31:15.335-0300] {logging_mixin.py:188} INFO - [2024-06-14T17:31:15.335-0300] {dag.py:3096} INFO - Sync 1 DAGs
[2024-06-14T17:31:15.351-0300] {logging_mixin.py:188} INFO - [2024-06-14T17:31:15.351-0300] {dag.py:3954} INFO - Setting next_dagrun for latest_only_with_trigger to 2024-06-14 16:00:00+00:00, run_after=2024-06-14 20:00:00+00:00
[2024-06-14T17:31:15.379-0300] {processor.py:183} INFO - Processing /home/maira/projeto_indicium_engineering/venv/lib/python3.10/site-packages/airflow/example_dags/example_latest_only_with_trigger.py took 0.071 seconds
[2024-06-14T17:32:03.723-0300] {processor.py:161} INFO - Started process (PID=97262) to work on /home/maira/projeto_indicium_engineering/venv/lib/python3.10/site-packages/airflow/example_dags/example_latest_only_with_trigger.py
[2024-06-14T17:32:03.725-0300] {processor.py:830} INFO - Processing file /home/maira/projeto_indicium_engineering/venv/lib/python3.10/site-packages/airflow/example_dags/example_latest_only_with_trigger.py for tasks to queue
[2024-06-14T17:32:03.727-0300] {logging_mixin.py:188} INFO - [2024-06-14T17:32:03.726-0300] {dagbag.py:545} INFO - Filling up the DagBag from /home/maira/projeto_indicium_engineering/venv/lib/python3.10/site-packages/airflow/example_dags/example_latest_only_with_trigger.py
[2024-06-14T17:32:03.731-0300] {processor.py:840} INFO - DAG(s) 'latest_only_with_trigger' retrieved from /home/maira/projeto_indicium_engineering/venv/lib/python3.10/site-packages/airflow/example_dags/example_latest_only_with_trigger.py
[2024-06-14T17:32:03.742-0300] {logging_mixin.py:188} INFO - [2024-06-14T17:32:03.742-0300] {dag.py:3096} INFO - Sync 1 DAGs
[2024-06-14T17:32:03.756-0300] {logging_mixin.py:188} INFO - [2024-06-14T17:32:03.756-0300] {dag.py:3954} INFO - Setting next_dagrun for latest_only_with_trigger to 2024-06-14 16:00:00+00:00, run_after=2024-06-14 20:00:00+00:00
[2024-06-14T17:32:03.779-0300] {processor.py:183} INFO - Processing /home/maira/projeto_indicium_engineering/venv/lib/python3.10/site-packages/airflow/example_dags/example_latest_only_with_trigger.py took 0.061 seconds
[2024-06-14T17:33:08.454-0300] {processor.py:161} INFO - Started process (PID=97580) to work on /home/maira/projeto_indicium_engineering/venv/lib/python3.10/site-packages/airflow/example_dags/example_latest_only_with_trigger.py
[2024-06-14T17:33:08.455-0300] {processor.py:830} INFO - Processing file /home/maira/projeto_indicium_engineering/venv/lib/python3.10/site-packages/airflow/example_dags/example_latest_only_with_trigger.py for tasks to queue
[2024-06-14T17:33:08.456-0300] {logging_mixin.py:188} INFO - [2024-06-14T17:33:08.456-0300] {dagbag.py:545} INFO - Filling up the DagBag from /home/maira/projeto_indicium_engineering/venv/lib/python3.10/site-packages/airflow/example_dags/example_latest_only_with_trigger.py
[2024-06-14T17:33:08.462-0300] {processor.py:840} INFO - DAG(s) 'latest_only_with_trigger' retrieved from /home/maira/projeto_indicium_engineering/venv/lib/python3.10/site-packages/airflow/example_dags/example_latest_only_with_trigger.py
[2024-06-14T17:33:08.473-0300] {logging_mixin.py:188} INFO - [2024-06-14T17:33:08.473-0300] {dag.py:3096} INFO - Sync 1 DAGs
[2024-06-14T17:33:08.487-0300] {logging_mixin.py:188} INFO - [2024-06-14T17:33:08.487-0300] {dag.py:3954} INFO - Setting next_dagrun for latest_only_with_trigger to 2024-06-14 16:00:00+00:00, run_after=2024-06-14 20:00:00+00:00
[2024-06-14T17:33:08.508-0300] {processor.py:183} INFO - Processing /home/maira/projeto_indicium_engineering/venv/lib/python3.10/site-packages/airflow/example_dags/example_latest_only_with_trigger.py took 0.059 seconds
[2024-06-14T17:34:05.491-0300] {processor.py:161} INFO - Started process (PID=97865) to work on /home/maira/projeto_indicium_engineering/venv/lib/python3.10/site-packages/airflow/example_dags/example_latest_only_with_trigger.py
[2024-06-14T17:34:05.493-0300] {processor.py:830} INFO - Processing file /home/maira/projeto_indicium_engineering/venv/lib/python3.10/site-packages/airflow/example_dags/example_latest_only_with_trigger.py for tasks to queue
[2024-06-14T17:34:05.496-0300] {logging_mixin.py:188} INFO - [2024-06-14T17:34:05.495-0300] {dagbag.py:545} INFO - Filling up the DagBag from /home/maira/projeto_indicium_engineering/venv/lib/python3.10/site-packages/airflow/example_dags/example_latest_only_with_trigger.py
[2024-06-14T17:34:05.502-0300] {processor.py:840} INFO - DAG(s) 'latest_only_with_trigger' retrieved from /home/maira/projeto_indicium_engineering/venv/lib/python3.10/site-packages/airflow/example_dags/example_latest_only_with_trigger.py
[2024-06-14T17:34:05.513-0300] {logging_mixin.py:188} INFO - [2024-06-14T17:34:05.513-0300] {dag.py:3096} INFO - Sync 1 DAGs
[2024-06-14T17:34:05.527-0300] {logging_mixin.py:188} INFO - [2024-06-14T17:34:05.527-0300] {dag.py:3954} INFO - Setting next_dagrun for latest_only_with_trigger to 2024-06-14 16:00:00+00:00, run_after=2024-06-14 20:00:00+00:00
[2024-06-14T17:34:05.548-0300] {processor.py:183} INFO - Processing /home/maira/projeto_indicium_engineering/venv/lib/python3.10/site-packages/airflow/example_dags/example_latest_only_with_trigger.py took 0.062 seconds
[2024-06-14T17:35:04.529-0300] {processor.py:161} INFO - Started process (PID=98160) to work on /home/maira/projeto_indicium_engineering/venv/lib/python3.10/site-packages/airflow/example_dags/example_latest_only_with_trigger.py
[2024-06-14T17:35:04.531-0300] {processor.py:830} INFO - Processing file /home/maira/projeto_indicium_engineering/venv/lib/python3.10/site-packages/airflow/example_dags/example_latest_only_with_trigger.py for tasks to queue
[2024-06-14T17:35:04.532-0300] {logging_mixin.py:188} INFO - [2024-06-14T17:35:04.532-0300] {dagbag.py:545} INFO - Filling up the DagBag from /home/maira/projeto_indicium_engineering/venv/lib/python3.10/site-packages/airflow/example_dags/example_latest_only_with_trigger.py
[2024-06-14T17:35:04.538-0300] {processor.py:840} INFO - DAG(s) 'latest_only_with_trigger' retrieved from /home/maira/projeto_indicium_engineering/venv/lib/python3.10/site-packages/airflow/example_dags/example_latest_only_with_trigger.py
[2024-06-14T17:35:04.553-0300] {logging_mixin.py:188} INFO - [2024-06-14T17:35:04.553-0300] {dag.py:3096} INFO - Sync 1 DAGs
[2024-06-14T17:35:04.571-0300] {logging_mixin.py:188} INFO - [2024-06-14T17:35:04.571-0300] {dag.py:3954} INFO - Setting next_dagrun for latest_only_with_trigger to 2024-06-14 16:00:00+00:00, run_after=2024-06-14 20:00:00+00:00
[2024-06-14T17:35:04.596-0300] {processor.py:183} INFO - Processing /home/maira/projeto_indicium_engineering/venv/lib/python3.10/site-packages/airflow/example_dags/example_latest_only_with_trigger.py took 0.071 seconds
[2024-06-14T17:36:05.540-0300] {processor.py:161} INFO - Started process (PID=98461) to work on /home/maira/projeto_indicium_engineering/venv/lib/python3.10/site-packages/airflow/example_dags/example_latest_only_with_trigger.py
[2024-06-14T17:36:05.542-0300] {processor.py:830} INFO - Processing file /home/maira/projeto_indicium_engineering/venv/lib/python3.10/site-packages/airflow/example_dags/example_latest_only_with_trigger.py for tasks to queue
[2024-06-14T17:36:05.544-0300] {logging_mixin.py:188} INFO - [2024-06-14T17:36:05.544-0300] {dagbag.py:545} INFO - Filling up the DagBag from /home/maira/projeto_indicium_engineering/venv/lib/python3.10/site-packages/airflow/example_dags/example_latest_only_with_trigger.py
[2024-06-14T17:36:05.549-0300] {processor.py:840} INFO - DAG(s) 'latest_only_with_trigger' retrieved from /home/maira/projeto_indicium_engineering/venv/lib/python3.10/site-packages/airflow/example_dags/example_latest_only_with_trigger.py
[2024-06-14T17:36:05.563-0300] {logging_mixin.py:188} INFO - [2024-06-14T17:36:05.563-0300] {dag.py:3096} INFO - Sync 1 DAGs
[2024-06-14T17:36:05.576-0300] {logging_mixin.py:188} INFO - [2024-06-14T17:36:05.576-0300] {dag.py:3954} INFO - Setting next_dagrun for latest_only_with_trigger to 2024-06-14 16:00:00+00:00, run_after=2024-06-14 20:00:00+00:00
[2024-06-14T17:36:05.599-0300] {processor.py:183} INFO - Processing /home/maira/projeto_indicium_engineering/venv/lib/python3.10/site-packages/airflow/example_dags/example_latest_only_with_trigger.py took 0.063 seconds
[2024-06-14T17:37:07.919-0300] {processor.py:161} INFO - Started process (PID=98769) to work on /home/maira/projeto_indicium_engineering/venv/lib/python3.10/site-packages/airflow/example_dags/example_latest_only_with_trigger.py
[2024-06-14T17:37:07.923-0300] {processor.py:830} INFO - Processing file /home/maira/projeto_indicium_engineering/venv/lib/python3.10/site-packages/airflow/example_dags/example_latest_only_with_trigger.py for tasks to queue
[2024-06-14T17:37:07.925-0300] {logging_mixin.py:188} INFO - [2024-06-14T17:37:07.924-0300] {dagbag.py:545} INFO - Filling up the DagBag from /home/maira/projeto_indicium_engineering/venv/lib/python3.10/site-packages/airflow/example_dags/example_latest_only_with_trigger.py
[2024-06-14T17:37:07.929-0300] {processor.py:840} INFO - DAG(s) 'latest_only_with_trigger' retrieved from /home/maira/projeto_indicium_engineering/venv/lib/python3.10/site-packages/airflow/example_dags/example_latest_only_with_trigger.py
[2024-06-14T17:37:07.941-0300] {logging_mixin.py:188} INFO - [2024-06-14T17:37:07.941-0300] {dag.py:3096} INFO - Sync 1 DAGs
[2024-06-14T17:37:07.956-0300] {logging_mixin.py:188} INFO - [2024-06-14T17:37:07.956-0300] {dag.py:3954} INFO - Setting next_dagrun for latest_only_with_trigger to 2024-06-14 16:00:00+00:00, run_after=2024-06-14 20:00:00+00:00
[2024-06-14T17:37:07.981-0300] {processor.py:183} INFO - Processing /home/maira/projeto_indicium_engineering/venv/lib/python3.10/site-packages/airflow/example_dags/example_latest_only_with_trigger.py took 0.068 seconds
[2024-06-14T17:38:06.119-0300] {processor.py:161} INFO - Started process (PID=99059) to work on /home/maira/projeto_indicium_engineering/venv/lib/python3.10/site-packages/airflow/example_dags/example_latest_only_with_trigger.py
[2024-06-14T17:38:06.121-0300] {processor.py:830} INFO - Processing file /home/maira/projeto_indicium_engineering/venv/lib/python3.10/site-packages/airflow/example_dags/example_latest_only_with_trigger.py for tasks to queue
[2024-06-14T17:38:06.122-0300] {logging_mixin.py:188} INFO - [2024-06-14T17:38:06.122-0300] {dagbag.py:545} INFO - Filling up the DagBag from /home/maira/projeto_indicium_engineering/venv/lib/python3.10/site-packages/airflow/example_dags/example_latest_only_with_trigger.py
[2024-06-14T17:38:06.128-0300] {processor.py:840} INFO - DAG(s) 'latest_only_with_trigger' retrieved from /home/maira/projeto_indicium_engineering/venv/lib/python3.10/site-packages/airflow/example_dags/example_latest_only_with_trigger.py
[2024-06-14T17:38:06.140-0300] {logging_mixin.py:188} INFO - [2024-06-14T17:38:06.139-0300] {dag.py:3096} INFO - Sync 1 DAGs
[2024-06-14T17:38:06.153-0300] {logging_mixin.py:188} INFO - [2024-06-14T17:38:06.153-0300] {dag.py:3954} INFO - Setting next_dagrun for latest_only_with_trigger to 2024-06-14 16:00:00+00:00, run_after=2024-06-14 20:00:00+00:00
[2024-06-14T17:38:06.179-0300] {processor.py:183} INFO - Processing /home/maira/projeto_indicium_engineering/venv/lib/python3.10/site-packages/airflow/example_dags/example_latest_only_with_trigger.py took 0.065 seconds
[2024-06-14T17:39:04.191-0300] {processor.py:161} INFO - Started process (PID=99348) to work on /home/maira/projeto_indicium_engineering/venv/lib/python3.10/site-packages/airflow/example_dags/example_latest_only_with_trigger.py
[2024-06-14T17:39:04.192-0300] {processor.py:830} INFO - Processing file /home/maira/projeto_indicium_engineering/venv/lib/python3.10/site-packages/airflow/example_dags/example_latest_only_with_trigger.py for tasks to queue
[2024-06-14T17:39:04.194-0300] {logging_mixin.py:188} INFO - [2024-06-14T17:39:04.194-0300] {dagbag.py:545} INFO - Filling up the DagBag from /home/maira/projeto_indicium_engineering/venv/lib/python3.10/site-packages/airflow/example_dags/example_latest_only_with_trigger.py
[2024-06-14T17:39:04.199-0300] {processor.py:840} INFO - DAG(s) 'latest_only_with_trigger' retrieved from /home/maira/projeto_indicium_engineering/venv/lib/python3.10/site-packages/airflow/example_dags/example_latest_only_with_trigger.py
[2024-06-14T17:39:04.211-0300] {logging_mixin.py:188} INFO - [2024-06-14T17:39:04.211-0300] {dag.py:3096} INFO - Sync 1 DAGs
[2024-06-14T17:39:04.225-0300] {logging_mixin.py:188} INFO - [2024-06-14T17:39:04.225-0300] {dag.py:3954} INFO - Setting next_dagrun for latest_only_with_trigger to 2024-06-14 16:00:00+00:00, run_after=2024-06-14 20:00:00+00:00
[2024-06-14T17:39:04.248-0300] {processor.py:183} INFO - Processing /home/maira/projeto_indicium_engineering/venv/lib/python3.10/site-packages/airflow/example_dags/example_latest_only_with_trigger.py took 0.062 seconds
[2024-06-14T17:40:03.349-0300] {processor.py:161} INFO - Started process (PID=99641) to work on /home/maira/projeto_indicium_engineering/venv/lib/python3.10/site-packages/airflow/example_dags/example_latest_only_with_trigger.py
[2024-06-14T17:40:03.351-0300] {processor.py:830} INFO - Processing file /home/maira/projeto_indicium_engineering/venv/lib/python3.10/site-packages/airflow/example_dags/example_latest_only_with_trigger.py for tasks to queue
[2024-06-14T17:40:03.353-0300] {logging_mixin.py:188} INFO - [2024-06-14T17:40:03.353-0300] {dagbag.py:545} INFO - Filling up the DagBag from /home/maira/projeto_indicium_engineering/venv/lib/python3.10/site-packages/airflow/example_dags/example_latest_only_with_trigger.py
[2024-06-14T17:40:03.358-0300] {processor.py:840} INFO - DAG(s) 'latest_only_with_trigger' retrieved from /home/maira/projeto_indicium_engineering/venv/lib/python3.10/site-packages/airflow/example_dags/example_latest_only_with_trigger.py
[2024-06-14T17:40:03.370-0300] {logging_mixin.py:188} INFO - [2024-06-14T17:40:03.369-0300] {dag.py:3096} INFO - Sync 1 DAGs
[2024-06-14T17:40:03.385-0300] {logging_mixin.py:188} INFO - [2024-06-14T17:40:03.385-0300] {dag.py:3954} INFO - Setting next_dagrun for latest_only_with_trigger to 2024-06-14 16:00:00+00:00, run_after=2024-06-14 20:00:00+00:00
[2024-06-14T17:40:03.407-0300] {processor.py:183} INFO - Processing /home/maira/projeto_indicium_engineering/venv/lib/python3.10/site-packages/airflow/example_dags/example_latest_only_with_trigger.py took 0.063 seconds
[2024-06-14T17:41:04.348-0300] {processor.py:161} INFO - Started process (PID=99942) to work on /home/maira/projeto_indicium_engineering/venv/lib/python3.10/site-packages/airflow/example_dags/example_latest_only_with_trigger.py
[2024-06-14T17:41:04.350-0300] {processor.py:830} INFO - Processing file /home/maira/projeto_indicium_engineering/venv/lib/python3.10/site-packages/airflow/example_dags/example_latest_only_with_trigger.py for tasks to queue
[2024-06-14T17:41:04.352-0300] {logging_mixin.py:188} INFO - [2024-06-14T17:41:04.351-0300] {dagbag.py:545} INFO - Filling up the DagBag from /home/maira/projeto_indicium_engineering/venv/lib/python3.10/site-packages/airflow/example_dags/example_latest_only_with_trigger.py
[2024-06-14T17:41:04.357-0300] {processor.py:840} INFO - DAG(s) 'latest_only_with_trigger' retrieved from /home/maira/projeto_indicium_engineering/venv/lib/python3.10/site-packages/airflow/example_dags/example_latest_only_with_trigger.py
[2024-06-14T17:41:04.369-0300] {logging_mixin.py:188} INFO - [2024-06-14T17:41:04.369-0300] {dag.py:3096} INFO - Sync 1 DAGs
[2024-06-14T17:41:04.384-0300] {logging_mixin.py:188} INFO - [2024-06-14T17:41:04.383-0300] {dag.py:3954} INFO - Setting next_dagrun for latest_only_with_trigger to 2024-06-14 16:00:00+00:00, run_after=2024-06-14 20:00:00+00:00
[2024-06-14T17:41:04.407-0300] {processor.py:183} INFO - Processing /home/maira/projeto_indicium_engineering/venv/lib/python3.10/site-packages/airflow/example_dags/example_latest_only_with_trigger.py took 0.063 seconds
[2024-06-14T17:42:07.420-0300] {processor.py:161} INFO - Started process (PID=100253) to work on /home/maira/projeto_indicium_engineering/venv/lib/python3.10/site-packages/airflow/example_dags/example_latest_only_with_trigger.py
[2024-06-14T17:42:07.422-0300] {processor.py:830} INFO - Processing file /home/maira/projeto_indicium_engineering/venv/lib/python3.10/site-packages/airflow/example_dags/example_latest_only_with_trigger.py for tasks to queue
[2024-06-14T17:42:07.424-0300] {logging_mixin.py:188} INFO - [2024-06-14T17:42:07.424-0300] {dagbag.py:545} INFO - Filling up the DagBag from /home/maira/projeto_indicium_engineering/venv/lib/python3.10/site-packages/airflow/example_dags/example_latest_only_with_trigger.py
[2024-06-14T17:42:07.430-0300] {processor.py:840} INFO - DAG(s) 'latest_only_with_trigger' retrieved from /home/maira/projeto_indicium_engineering/venv/lib/python3.10/site-packages/airflow/example_dags/example_latest_only_with_trigger.py
[2024-06-14T17:42:07.442-0300] {logging_mixin.py:188} INFO - [2024-06-14T17:42:07.441-0300] {dag.py:3096} INFO - Sync 1 DAGs
[2024-06-14T17:42:07.456-0300] {logging_mixin.py:188} INFO - [2024-06-14T17:42:07.455-0300] {dag.py:3954} INFO - Setting next_dagrun for latest_only_with_trigger to 2024-06-14 16:00:00+00:00, run_after=2024-06-14 20:00:00+00:00
[2024-06-14T17:42:07.479-0300] {processor.py:183} INFO - Processing /home/maira/projeto_indicium_engineering/venv/lib/python3.10/site-packages/airflow/example_dags/example_latest_only_with_trigger.py took 0.064 seconds
[2024-06-14T17:43:06.769-0300] {processor.py:161} INFO - Started process (PID=100549) to work on /home/maira/projeto_indicium_engineering/venv/lib/python3.10/site-packages/airflow/example_dags/example_latest_only_with_trigger.py
[2024-06-14T17:43:06.770-0300] {processor.py:830} INFO - Processing file /home/maira/projeto_indicium_engineering/venv/lib/python3.10/site-packages/airflow/example_dags/example_latest_only_with_trigger.py for tasks to queue
[2024-06-14T17:43:06.772-0300] {logging_mixin.py:188} INFO - [2024-06-14T17:43:06.771-0300] {dagbag.py:545} INFO - Filling up the DagBag from /home/maira/projeto_indicium_engineering/venv/lib/python3.10/site-packages/airflow/example_dags/example_latest_only_with_trigger.py
[2024-06-14T17:43:06.778-0300] {processor.py:840} INFO - DAG(s) 'latest_only_with_trigger' retrieved from /home/maira/projeto_indicium_engineering/venv/lib/python3.10/site-packages/airflow/example_dags/example_latest_only_with_trigger.py
[2024-06-14T17:43:06.790-0300] {logging_mixin.py:188} INFO - [2024-06-14T17:43:06.789-0300] {dag.py:3096} INFO - Sync 1 DAGs
[2024-06-14T17:43:06.804-0300] {logging_mixin.py:188} INFO - [2024-06-14T17:43:06.803-0300] {dag.py:3954} INFO - Setting next_dagrun for latest_only_with_trigger to 2024-06-14 16:00:00+00:00, run_after=2024-06-14 20:00:00+00:00
[2024-06-14T17:43:06.827-0300] {processor.py:183} INFO - Processing /home/maira/projeto_indicium_engineering/venv/lib/python3.10/site-packages/airflow/example_dags/example_latest_only_with_trigger.py took 0.062 seconds
[2024-06-14T17:44:02.282-0300] {processor.py:161} INFO - Started process (PID=100826) to work on /home/maira/projeto_indicium_engineering/venv/lib/python3.10/site-packages/airflow/example_dags/example_latest_only_with_trigger.py
[2024-06-14T17:44:02.283-0300] {processor.py:830} INFO - Processing file /home/maira/projeto_indicium_engineering/venv/lib/python3.10/site-packages/airflow/example_dags/example_latest_only_with_trigger.py for tasks to queue
[2024-06-14T17:44:02.285-0300] {logging_mixin.py:188} INFO - [2024-06-14T17:44:02.285-0300] {dagbag.py:545} INFO - Filling up the DagBag from /home/maira/projeto_indicium_engineering/venv/lib/python3.10/site-packages/airflow/example_dags/example_latest_only_with_trigger.py
[2024-06-14T17:44:02.291-0300] {processor.py:840} INFO - DAG(s) 'latest_only_with_trigger' retrieved from /home/maira/projeto_indicium_engineering/venv/lib/python3.10/site-packages/airflow/example_dags/example_latest_only_with_trigger.py
[2024-06-14T17:44:02.305-0300] {logging_mixin.py:188} INFO - [2024-06-14T17:44:02.304-0300] {dag.py:3096} INFO - Sync 1 DAGs
[2024-06-14T17:44:02.321-0300] {logging_mixin.py:188} INFO - [2024-06-14T17:44:02.321-0300] {dag.py:3954} INFO - Setting next_dagrun for latest_only_with_trigger to 2024-06-14 16:00:00+00:00, run_after=2024-06-14 20:00:00+00:00
[2024-06-14T17:44:02.343-0300] {processor.py:183} INFO - Processing /home/maira/projeto_indicium_engineering/venv/lib/python3.10/site-packages/airflow/example_dags/example_latest_only_with_trigger.py took 0.066 seconds
[2024-06-14T17:44:59.932-0300] {processor.py:161} INFO - Started process (PID=101112) to work on /home/maira/projeto_indicium_engineering/venv/lib/python3.10/site-packages/airflow/example_dags/example_latest_only_with_trigger.py
[2024-06-14T17:44:59.937-0300] {processor.py:830} INFO - Processing file /home/maira/projeto_indicium_engineering/venv/lib/python3.10/site-packages/airflow/example_dags/example_latest_only_with_trigger.py for tasks to queue
[2024-06-14T17:44:59.938-0300] {logging_mixin.py:188} INFO - [2024-06-14T17:44:59.938-0300] {dagbag.py:545} INFO - Filling up the DagBag from /home/maira/projeto_indicium_engineering/venv/lib/python3.10/site-packages/airflow/example_dags/example_latest_only_with_trigger.py
[2024-06-14T17:44:59.942-0300] {processor.py:840} INFO - DAG(s) 'latest_only_with_trigger' retrieved from /home/maira/projeto_indicium_engineering/venv/lib/python3.10/site-packages/airflow/example_dags/example_latest_only_with_trigger.py
[2024-06-14T17:44:59.954-0300] {logging_mixin.py:188} INFO - [2024-06-14T17:44:59.954-0300] {dag.py:3096} INFO - Sync 1 DAGs
[2024-06-14T17:44:59.969-0300] {logging_mixin.py:188} INFO - [2024-06-14T17:44:59.968-0300] {dag.py:3954} INFO - Setting next_dagrun for latest_only_with_trigger to 2024-06-14 16:00:00+00:00, run_after=2024-06-14 20:00:00+00:00
[2024-06-14T17:44:59.990-0300] {processor.py:183} INFO - Processing /home/maira/projeto_indicium_engineering/venv/lib/python3.10/site-packages/airflow/example_dags/example_latest_only_with_trigger.py took 0.063 seconds
[2024-06-14T17:46:00.564-0300] {processor.py:161} INFO - Started process (PID=101415) to work on /home/maira/projeto_indicium_engineering/venv/lib/python3.10/site-packages/airflow/example_dags/example_latest_only_with_trigger.py
[2024-06-14T17:46:00.566-0300] {processor.py:830} INFO - Processing file /home/maira/projeto_indicium_engineering/venv/lib/python3.10/site-packages/airflow/example_dags/example_latest_only_with_trigger.py for tasks to queue
[2024-06-14T17:46:00.567-0300] {logging_mixin.py:188} INFO - [2024-06-14T17:46:00.567-0300] {dagbag.py:545} INFO - Filling up the DagBag from /home/maira/projeto_indicium_engineering/venv/lib/python3.10/site-packages/airflow/example_dags/example_latest_only_with_trigger.py
[2024-06-14T17:46:00.573-0300] {processor.py:840} INFO - DAG(s) 'latest_only_with_trigger' retrieved from /home/maira/projeto_indicium_engineering/venv/lib/python3.10/site-packages/airflow/example_dags/example_latest_only_with_trigger.py
[2024-06-14T17:46:00.585-0300] {logging_mixin.py:188} INFO - [2024-06-14T17:46:00.584-0300] {dag.py:3096} INFO - Sync 1 DAGs
[2024-06-14T17:46:00.600-0300] {logging_mixin.py:188} INFO - [2024-06-14T17:46:00.600-0300] {dag.py:3954} INFO - Setting next_dagrun for latest_only_with_trigger to 2024-06-14 16:00:00+00:00, run_after=2024-06-14 20:00:00+00:00
[2024-06-14T17:46:00.624-0300] {processor.py:183} INFO - Processing /home/maira/projeto_indicium_engineering/venv/lib/python3.10/site-packages/airflow/example_dags/example_latest_only_with_trigger.py took 0.065 seconds
[2024-06-14T17:47:03.475-0300] {processor.py:161} INFO - Started process (PID=101727) to work on /home/maira/projeto_indicium_engineering/venv/lib/python3.10/site-packages/airflow/example_dags/example_latest_only_with_trigger.py
[2024-06-14T17:47:03.478-0300] {processor.py:830} INFO - Processing file /home/maira/projeto_indicium_engineering/venv/lib/python3.10/site-packages/airflow/example_dags/example_latest_only_with_trigger.py for tasks to queue
[2024-06-14T17:47:03.479-0300] {logging_mixin.py:188} INFO - [2024-06-14T17:47:03.479-0300] {dagbag.py:545} INFO - Filling up the DagBag from /home/maira/projeto_indicium_engineering/venv/lib/python3.10/site-packages/airflow/example_dags/example_latest_only_with_trigger.py
[2024-06-14T17:47:03.484-0300] {processor.py:840} INFO - DAG(s) 'latest_only_with_trigger' retrieved from /home/maira/projeto_indicium_engineering/venv/lib/python3.10/site-packages/airflow/example_dags/example_latest_only_with_trigger.py
[2024-06-14T17:47:03.496-0300] {logging_mixin.py:188} INFO - [2024-06-14T17:47:03.496-0300] {dag.py:3096} INFO - Sync 1 DAGs
[2024-06-14T17:47:03.509-0300] {logging_mixin.py:188} INFO - [2024-06-14T17:47:03.509-0300] {dag.py:3954} INFO - Setting next_dagrun for latest_only_with_trigger to 2024-06-14 16:00:00+00:00, run_after=2024-06-14 20:00:00+00:00
[2024-06-14T17:47:03.535-0300] {processor.py:183} INFO - Processing /home/maira/projeto_indicium_engineering/venv/lib/python3.10/site-packages/airflow/example_dags/example_latest_only_with_trigger.py took 0.065 seconds
[2024-06-14T17:48:00.437-0300] {processor.py:161} INFO - Started process (PID=102009) to work on /home/maira/projeto_indicium_engineering/venv/lib/python3.10/site-packages/airflow/example_dags/example_latest_only_with_trigger.py
[2024-06-14T17:48:00.439-0300] {processor.py:830} INFO - Processing file /home/maira/projeto_indicium_engineering/venv/lib/python3.10/site-packages/airflow/example_dags/example_latest_only_with_trigger.py for tasks to queue
[2024-06-14T17:48:00.440-0300] {logging_mixin.py:188} INFO - [2024-06-14T17:48:00.439-0300] {dagbag.py:545} INFO - Filling up the DagBag from /home/maira/projeto_indicium_engineering/venv/lib/python3.10/site-packages/airflow/example_dags/example_latest_only_with_trigger.py
[2024-06-14T17:48:00.445-0300] {processor.py:840} INFO - DAG(s) 'latest_only_with_trigger' retrieved from /home/maira/projeto_indicium_engineering/venv/lib/python3.10/site-packages/airflow/example_dags/example_latest_only_with_trigger.py
[2024-06-14T17:48:00.457-0300] {logging_mixin.py:188} INFO - [2024-06-14T17:48:00.457-0300] {dag.py:3096} INFO - Sync 1 DAGs
[2024-06-14T17:48:00.471-0300] {logging_mixin.py:188} INFO - [2024-06-14T17:48:00.471-0300] {dag.py:3954} INFO - Setting next_dagrun for latest_only_with_trigger to 2024-06-14 16:00:00+00:00, run_after=2024-06-14 20:00:00+00:00
[2024-06-14T17:48:00.493-0300] {processor.py:183} INFO - Processing /home/maira/projeto_indicium_engineering/venv/lib/python3.10/site-packages/airflow/example_dags/example_latest_only_with_trigger.py took 0.061 seconds
[2024-06-14T17:49:05.067-0300] {processor.py:161} INFO - Started process (PID=102328) to work on /home/maira/projeto_indicium_engineering/venv/lib/python3.10/site-packages/airflow/example_dags/example_latest_only_with_trigger.py
[2024-06-14T17:49:05.069-0300] {processor.py:830} INFO - Processing file /home/maira/projeto_indicium_engineering/venv/lib/python3.10/site-packages/airflow/example_dags/example_latest_only_with_trigger.py for tasks to queue
[2024-06-14T17:49:05.071-0300] {logging_mixin.py:188} INFO - [2024-06-14T17:49:05.070-0300] {dagbag.py:545} INFO - Filling up the DagBag from /home/maira/projeto_indicium_engineering/venv/lib/python3.10/site-packages/airflow/example_dags/example_latest_only_with_trigger.py
[2024-06-14T17:49:05.077-0300] {processor.py:840} INFO - DAG(s) 'latest_only_with_trigger' retrieved from /home/maira/projeto_indicium_engineering/venv/lib/python3.10/site-packages/airflow/example_dags/example_latest_only_with_trigger.py
[2024-06-14T17:49:05.089-0300] {logging_mixin.py:188} INFO - [2024-06-14T17:49:05.089-0300] {dag.py:3096} INFO - Sync 1 DAGs
[2024-06-14T17:49:05.103-0300] {logging_mixin.py:188} INFO - [2024-06-14T17:49:05.102-0300] {dag.py:3954} INFO - Setting next_dagrun for latest_only_with_trigger to 2024-06-14 16:00:00+00:00, run_after=2024-06-14 20:00:00+00:00
[2024-06-14T17:49:05.126-0300] {processor.py:183} INFO - Processing /home/maira/projeto_indicium_engineering/venv/lib/python3.10/site-packages/airflow/example_dags/example_latest_only_with_trigger.py took 0.064 seconds
[2024-06-14T17:50:07.918-0300] {processor.py:161} INFO - Started process (PID=102639) to work on /home/maira/projeto_indicium_engineering/venv/lib/python3.10/site-packages/airflow/example_dags/example_latest_only_with_trigger.py
[2024-06-14T17:50:07.920-0300] {processor.py:830} INFO - Processing file /home/maira/projeto_indicium_engineering/venv/lib/python3.10/site-packages/airflow/example_dags/example_latest_only_with_trigger.py for tasks to queue
[2024-06-14T17:50:07.922-0300] {logging_mixin.py:188} INFO - [2024-06-14T17:50:07.922-0300] {dagbag.py:545} INFO - Filling up the DagBag from /home/maira/projeto_indicium_engineering/venv/lib/python3.10/site-packages/airflow/example_dags/example_latest_only_with_trigger.py
[2024-06-14T17:50:07.926-0300] {processor.py:840} INFO - DAG(s) 'latest_only_with_trigger' retrieved from /home/maira/projeto_indicium_engineering/venv/lib/python3.10/site-packages/airflow/example_dags/example_latest_only_with_trigger.py
[2024-06-14T17:50:07.938-0300] {logging_mixin.py:188} INFO - [2024-06-14T17:50:07.938-0300] {dag.py:3096} INFO - Sync 1 DAGs
[2024-06-14T17:50:07.952-0300] {logging_mixin.py:188} INFO - [2024-06-14T17:50:07.951-0300] {dag.py:3954} INFO - Setting next_dagrun for latest_only_with_trigger to 2024-06-14 16:00:00+00:00, run_after=2024-06-14 20:00:00+00:00
[2024-06-14T17:50:07.973-0300] {processor.py:183} INFO - Processing /home/maira/projeto_indicium_engineering/venv/lib/python3.10/site-packages/airflow/example_dags/example_latest_only_with_trigger.py took 0.060 seconds
[2024-06-14T17:51:07.449-0300] {processor.py:161} INFO - Started process (PID=102934) to work on /home/maira/projeto_indicium_engineering/venv/lib/python3.10/site-packages/airflow/example_dags/example_latest_only_with_trigger.py
[2024-06-14T17:51:07.451-0300] {processor.py:830} INFO - Processing file /home/maira/projeto_indicium_engineering/venv/lib/python3.10/site-packages/airflow/example_dags/example_latest_only_with_trigger.py for tasks to queue
[2024-06-14T17:51:07.452-0300] {logging_mixin.py:188} INFO - [2024-06-14T17:51:07.452-0300] {dagbag.py:545} INFO - Filling up the DagBag from /home/maira/projeto_indicium_engineering/venv/lib/python3.10/site-packages/airflow/example_dags/example_latest_only_with_trigger.py
[2024-06-14T17:51:07.457-0300] {processor.py:840} INFO - DAG(s) 'latest_only_with_trigger' retrieved from /home/maira/projeto_indicium_engineering/venv/lib/python3.10/site-packages/airflow/example_dags/example_latest_only_with_trigger.py
[2024-06-14T17:51:07.469-0300] {logging_mixin.py:188} INFO - [2024-06-14T17:51:07.469-0300] {dag.py:3096} INFO - Sync 1 DAGs
[2024-06-14T17:51:07.483-0300] {logging_mixin.py:188} INFO - [2024-06-14T17:51:07.482-0300] {dag.py:3954} INFO - Setting next_dagrun for latest_only_with_trigger to 2024-06-14 16:00:00+00:00, run_after=2024-06-14 20:00:00+00:00
[2024-06-14T17:51:07.505-0300] {processor.py:183} INFO - Processing /home/maira/projeto_indicium_engineering/venv/lib/python3.10/site-packages/airflow/example_dags/example_latest_only_with_trigger.py took 0.060 seconds
[2024-06-14T20:52:10.120-0300] {processor.py:161} INFO - Started process (PID=103610) to work on /home/maira/projeto_indicium_engineering/venv/lib/python3.10/site-packages/airflow/example_dags/example_latest_only_with_trigger.py
[2024-06-14T20:52:10.122-0300] {processor.py:830} INFO - Processing file /home/maira/projeto_indicium_engineering/venv/lib/python3.10/site-packages/airflow/example_dags/example_latest_only_with_trigger.py for tasks to queue
[2024-06-14T20:52:10.123-0300] {logging_mixin.py:188} INFO - [2024-06-14T20:52:10.123-0300] {dagbag.py:545} INFO - Filling up the DagBag from /home/maira/projeto_indicium_engineering/venv/lib/python3.10/site-packages/airflow/example_dags/example_latest_only_with_trigger.py
[2024-06-14T20:52:10.129-0300] {processor.py:840} INFO - DAG(s) 'latest_only_with_trigger' retrieved from /home/maira/projeto_indicium_engineering/venv/lib/python3.10/site-packages/airflow/example_dags/example_latest_only_with_trigger.py
[2024-06-14T20:52:10.145-0300] {logging_mixin.py:188} INFO - [2024-06-14T20:52:10.144-0300] {dag.py:3096} INFO - Sync 1 DAGs
[2024-06-14T20:52:10.163-0300] {logging_mixin.py:188} INFO - [2024-06-14T20:52:10.163-0300] {dag.py:3954} INFO - Setting next_dagrun for latest_only_with_trigger to 2024-06-14 16:00:00+00:00, run_after=2024-06-14 20:00:00+00:00
[2024-06-14T20:52:10.190-0300] {processor.py:183} INFO - Processing /home/maira/projeto_indicium_engineering/venv/lib/python3.10/site-packages/airflow/example_dags/example_latest_only_with_trigger.py took 0.075 seconds
[2024-06-14T20:53:10.229-0300] {processor.py:161} INFO - Started process (PID=103896) to work on /home/maira/projeto_indicium_engineering/venv/lib/python3.10/site-packages/airflow/example_dags/example_latest_only_with_trigger.py
[2024-06-14T20:53:10.231-0300] {processor.py:830} INFO - Processing file /home/maira/projeto_indicium_engineering/venv/lib/python3.10/site-packages/airflow/example_dags/example_latest_only_with_trigger.py for tasks to queue
[2024-06-14T20:53:10.232-0300] {logging_mixin.py:188} INFO - [2024-06-14T20:53:10.232-0300] {dagbag.py:545} INFO - Filling up the DagBag from /home/maira/projeto_indicium_engineering/venv/lib/python3.10/site-packages/airflow/example_dags/example_latest_only_with_trigger.py
[2024-06-14T20:53:10.236-0300] {processor.py:840} INFO - DAG(s) 'latest_only_with_trigger' retrieved from /home/maira/projeto_indicium_engineering/venv/lib/python3.10/site-packages/airflow/example_dags/example_latest_only_with_trigger.py
[2024-06-14T20:53:10.253-0300] {logging_mixin.py:188} INFO - [2024-06-14T20:53:10.252-0300] {dag.py:3096} INFO - Sync 1 DAGs
[2024-06-14T20:53:10.279-0300] {logging_mixin.py:188} INFO - [2024-06-14T20:53:10.278-0300] {dag.py:3954} INFO - Setting next_dagrun for latest_only_with_trigger to 2024-06-14 16:00:00+00:00, run_after=2024-06-14 20:00:00+00:00
[2024-06-14T20:53:10.311-0300] {processor.py:183} INFO - Processing /home/maira/projeto_indicium_engineering/venv/lib/python3.10/site-packages/airflow/example_dags/example_latest_only_with_trigger.py took 0.086 seconds
