[2024-06-14T16:30:48.681-0300] {processor.py:161} INFO - Started process (PID=86406) to work on /home/maira/projeto_indicium_engineering/venv/lib/python3.10/site-packages/airflow/example_dags/tutorial_taskflow_api.py
[2024-06-14T16:30:48.682-0300] {processor.py:830} INFO - Processing file /home/maira/projeto_indicium_engineering/venv/lib/python3.10/site-packages/airflow/example_dags/tutorial_taskflow_api.py for tasks to queue
[2024-06-14T16:30:48.683-0300] {logging_mixin.py:188} INFO - [2024-06-14T16:30:48.683-0300] {dagbag.py:545} INFO - Filling up the DagBag from /home/maira/projeto_indicium_engineering/venv/lib/python3.10/site-packages/airflow/example_dags/tutorial_taskflow_api.py
[2024-06-14T16:30:48.688-0300] {processor.py:840} INFO - DAG(s) 'tutorial_taskflow_api' retrieved from /home/maira/projeto_indicium_engineering/venv/lib/python3.10/site-packages/airflow/example_dags/tutorial_taskflow_api.py
[2024-06-14T16:30:48.769-0300] {logging_mixin.py:188} INFO - [2024-06-14T16:30:48.768-0300] {override.py:1829} INFO - Created Permission View: can edit on DAG:tutorial_taskflow_api
[2024-06-14T16:30:48.783-0300] {logging_mixin.py:188} INFO - [2024-06-14T16:30:48.782-0300] {override.py:1829} INFO - Created Permission View: can delete on DAG:tutorial_taskflow_api
[2024-06-14T16:30:48.793-0300] {logging_mixin.py:188} INFO - [2024-06-14T16:30:48.792-0300] {override.py:1829} INFO - Created Permission View: can read on DAG:tutorial_taskflow_api
[2024-06-14T16:30:48.793-0300] {logging_mixin.py:188} INFO - [2024-06-14T16:30:48.793-0300] {dag.py:3096} INFO - Sync 1 DAGs
[2024-06-14T16:30:48.800-0300] {logging_mixin.py:188} INFO - [2024-06-14T16:30:48.800-0300] {dag.py:3118} INFO - Creating ORM DAG for tutorial_taskflow_api
[2024-06-14T16:30:48.800-0300] {logging_mixin.py:188} INFO - [2024-06-14T16:30:48.800-0300] {dag.py:3954} INFO - Setting next_dagrun for tutorial_taskflow_api to None, run_after=None
[2024-06-14T16:30:48.822-0300] {processor.py:183} INFO - Processing /home/maira/projeto_indicium_engineering/venv/lib/python3.10/site-packages/airflow/example_dags/tutorial_taskflow_api.py took 0.145 seconds
[2024-06-14T16:31:45.409-0300] {processor.py:161} INFO - Started process (PID=86680) to work on /home/maira/projeto_indicium_engineering/venv/lib/python3.10/site-packages/airflow/example_dags/tutorial_taskflow_api.py
[2024-06-14T16:31:45.411-0300] {processor.py:830} INFO - Processing file /home/maira/projeto_indicium_engineering/venv/lib/python3.10/site-packages/airflow/example_dags/tutorial_taskflow_api.py for tasks to queue
[2024-06-14T16:31:45.412-0300] {logging_mixin.py:188} INFO - [2024-06-14T16:31:45.412-0300] {dagbag.py:545} INFO - Filling up the DagBag from /home/maira/projeto_indicium_engineering/venv/lib/python3.10/site-packages/airflow/example_dags/tutorial_taskflow_api.py
[2024-06-14T16:31:45.416-0300] {processor.py:840} INFO - DAG(s) 'tutorial_taskflow_api' retrieved from /home/maira/projeto_indicium_engineering/venv/lib/python3.10/site-packages/airflow/example_dags/tutorial_taskflow_api.py
[2024-06-14T16:31:45.427-0300] {logging_mixin.py:188} INFO - [2024-06-14T16:31:45.427-0300] {dag.py:3096} INFO - Sync 1 DAGs
[2024-06-14T16:31:45.434-0300] {logging_mixin.py:188} INFO - [2024-06-14T16:31:45.434-0300] {dag.py:3954} INFO - Setting next_dagrun for tutorial_taskflow_api to None, run_after=None
[2024-06-14T16:31:45.457-0300] {processor.py:183} INFO - Processing /home/maira/projeto_indicium_engineering/venv/lib/python3.10/site-packages/airflow/example_dags/tutorial_taskflow_api.py took 0.053 seconds
[2024-06-14T16:32:38.502-0300] {processor.py:161} INFO - Started process (PID=86939) to work on /home/maira/projeto_indicium_engineering/venv/lib/python3.10/site-packages/airflow/example_dags/tutorial_taskflow_api.py
[2024-06-14T16:32:38.503-0300] {processor.py:830} INFO - Processing file /home/maira/projeto_indicium_engineering/venv/lib/python3.10/site-packages/airflow/example_dags/tutorial_taskflow_api.py for tasks to queue
[2024-06-14T16:32:38.505-0300] {logging_mixin.py:188} INFO - [2024-06-14T16:32:38.505-0300] {dagbag.py:545} INFO - Filling up the DagBag from /home/maira/projeto_indicium_engineering/venv/lib/python3.10/site-packages/airflow/example_dags/tutorial_taskflow_api.py
[2024-06-14T16:32:38.510-0300] {processor.py:840} INFO - DAG(s) 'tutorial_taskflow_api' retrieved from /home/maira/projeto_indicium_engineering/venv/lib/python3.10/site-packages/airflow/example_dags/tutorial_taskflow_api.py
[2024-06-14T16:32:38.521-0300] {logging_mixin.py:188} INFO - [2024-06-14T16:32:38.521-0300] {dag.py:3096} INFO - Sync 1 DAGs
[2024-06-14T16:32:38.529-0300] {logging_mixin.py:188} INFO - [2024-06-14T16:32:38.528-0300] {dag.py:3954} INFO - Setting next_dagrun for tutorial_taskflow_api to None, run_after=None
[2024-06-14T16:32:38.550-0300] {processor.py:183} INFO - Processing /home/maira/projeto_indicium_engineering/venv/lib/python3.10/site-packages/airflow/example_dags/tutorial_taskflow_api.py took 0.052 seconds
[2024-06-14T16:33:27.984-0300] {processor.py:161} INFO - Started process (PID=87183) to work on /home/maira/projeto_indicium_engineering/venv/lib/python3.10/site-packages/airflow/example_dags/tutorial_taskflow_api.py
[2024-06-14T16:33:27.985-0300] {processor.py:830} INFO - Processing file /home/maira/projeto_indicium_engineering/venv/lib/python3.10/site-packages/airflow/example_dags/tutorial_taskflow_api.py for tasks to queue
[2024-06-14T16:33:27.987-0300] {logging_mixin.py:188} INFO - [2024-06-14T16:33:27.986-0300] {dagbag.py:545} INFO - Filling up the DagBag from /home/maira/projeto_indicium_engineering/venv/lib/python3.10/site-packages/airflow/example_dags/tutorial_taskflow_api.py
[2024-06-14T16:33:27.993-0300] {processor.py:840} INFO - DAG(s) 'tutorial_taskflow_api' retrieved from /home/maira/projeto_indicium_engineering/venv/lib/python3.10/site-packages/airflow/example_dags/tutorial_taskflow_api.py
[2024-06-14T16:33:28.010-0300] {logging_mixin.py:188} INFO - [2024-06-14T16:33:28.009-0300] {dag.py:3096} INFO - Sync 1 DAGs
[2024-06-14T16:33:28.021-0300] {logging_mixin.py:188} INFO - [2024-06-14T16:33:28.021-0300] {dag.py:3954} INFO - Setting next_dagrun for tutorial_taskflow_api to None, run_after=None
[2024-06-14T16:33:28.045-0300] {processor.py:183} INFO - Processing /home/maira/projeto_indicium_engineering/venv/lib/python3.10/site-packages/airflow/example_dags/tutorial_taskflow_api.py took 0.066 seconds
[2024-06-14T16:34:14.224-0300] {processor.py:161} INFO - Started process (PID=87410) to work on /home/maira/projeto_indicium_engineering/venv/lib/python3.10/site-packages/airflow/example_dags/tutorial_taskflow_api.py
[2024-06-14T16:34:14.226-0300] {processor.py:830} INFO - Processing file /home/maira/projeto_indicium_engineering/venv/lib/python3.10/site-packages/airflow/example_dags/tutorial_taskflow_api.py for tasks to queue
[2024-06-14T16:34:14.228-0300] {logging_mixin.py:188} INFO - [2024-06-14T16:34:14.228-0300] {dagbag.py:545} INFO - Filling up the DagBag from /home/maira/projeto_indicium_engineering/venv/lib/python3.10/site-packages/airflow/example_dags/tutorial_taskflow_api.py
[2024-06-14T16:34:14.233-0300] {processor.py:840} INFO - DAG(s) 'tutorial_taskflow_api' retrieved from /home/maira/projeto_indicium_engineering/venv/lib/python3.10/site-packages/airflow/example_dags/tutorial_taskflow_api.py
[2024-06-14T16:34:14.245-0300] {logging_mixin.py:188} INFO - [2024-06-14T16:34:14.245-0300] {dag.py:3096} INFO - Sync 1 DAGs
[2024-06-14T16:34:14.255-0300] {logging_mixin.py:188} INFO - [2024-06-14T16:34:14.255-0300] {dag.py:3954} INFO - Setting next_dagrun for tutorial_taskflow_api to None, run_after=None
[2024-06-14T16:34:14.277-0300] {processor.py:183} INFO - Processing /home/maira/projeto_indicium_engineering/venv/lib/python3.10/site-packages/airflow/example_dags/tutorial_taskflow_api.py took 0.057 seconds
[2024-06-14T16:34:56.925-0300] {processor.py:161} INFO - Started process (PID=87622) to work on /home/maira/projeto_indicium_engineering/venv/lib/python3.10/site-packages/airflow/example_dags/tutorial_taskflow_api.py
[2024-06-14T16:34:56.926-0300] {processor.py:830} INFO - Processing file /home/maira/projeto_indicium_engineering/venv/lib/python3.10/site-packages/airflow/example_dags/tutorial_taskflow_api.py for tasks to queue
[2024-06-14T16:34:56.929-0300] {logging_mixin.py:188} INFO - [2024-06-14T16:34:56.928-0300] {dagbag.py:545} INFO - Filling up the DagBag from /home/maira/projeto_indicium_engineering/venv/lib/python3.10/site-packages/airflow/example_dags/tutorial_taskflow_api.py
[2024-06-14T16:34:56.933-0300] {processor.py:840} INFO - DAG(s) 'tutorial_taskflow_api' retrieved from /home/maira/projeto_indicium_engineering/venv/lib/python3.10/site-packages/airflow/example_dags/tutorial_taskflow_api.py
[2024-06-14T16:34:56.945-0300] {logging_mixin.py:188} INFO - [2024-06-14T16:34:56.945-0300] {dag.py:3096} INFO - Sync 1 DAGs
[2024-06-14T16:34:56.954-0300] {logging_mixin.py:188} INFO - [2024-06-14T16:34:56.953-0300] {dag.py:3954} INFO - Setting next_dagrun for tutorial_taskflow_api to None, run_after=None
[2024-06-14T16:34:56.977-0300] {processor.py:183} INFO - Processing /home/maira/projeto_indicium_engineering/venv/lib/python3.10/site-packages/airflow/example_dags/tutorial_taskflow_api.py took 0.058 seconds
[2024-06-14T16:35:51.965-0300] {processor.py:161} INFO - Started process (PID=87899) to work on /home/maira/projeto_indicium_engineering/venv/lib/python3.10/site-packages/airflow/example_dags/tutorial_taskflow_api.py
[2024-06-14T16:35:51.966-0300] {processor.py:830} INFO - Processing file /home/maira/projeto_indicium_engineering/venv/lib/python3.10/site-packages/airflow/example_dags/tutorial_taskflow_api.py for tasks to queue
[2024-06-14T16:35:51.968-0300] {logging_mixin.py:188} INFO - [2024-06-14T16:35:51.968-0300] {dagbag.py:545} INFO - Filling up the DagBag from /home/maira/projeto_indicium_engineering/venv/lib/python3.10/site-packages/airflow/example_dags/tutorial_taskflow_api.py
[2024-06-14T16:35:51.972-0300] {processor.py:840} INFO - DAG(s) 'tutorial_taskflow_api' retrieved from /home/maira/projeto_indicium_engineering/venv/lib/python3.10/site-packages/airflow/example_dags/tutorial_taskflow_api.py
[2024-06-14T16:35:51.984-0300] {logging_mixin.py:188} INFO - [2024-06-14T16:35:51.984-0300] {dag.py:3096} INFO - Sync 1 DAGs
[2024-06-14T16:35:51.992-0300] {logging_mixin.py:188} INFO - [2024-06-14T16:35:51.992-0300] {dag.py:3954} INFO - Setting next_dagrun for tutorial_taskflow_api to None, run_after=None
[2024-06-14T16:35:52.014-0300] {processor.py:183} INFO - Processing /home/maira/projeto_indicium_engineering/venv/lib/python3.10/site-packages/airflow/example_dags/tutorial_taskflow_api.py took 0.055 seconds
[2024-06-14T16:36:52.116-0300] {processor.py:161} INFO - Started process (PID=88198) to work on /home/maira/projeto_indicium_engineering/venv/lib/python3.10/site-packages/airflow/example_dags/tutorial_taskflow_api.py
[2024-06-14T16:36:52.118-0300] {processor.py:830} INFO - Processing file /home/maira/projeto_indicium_engineering/venv/lib/python3.10/site-packages/airflow/example_dags/tutorial_taskflow_api.py for tasks to queue
[2024-06-14T16:36:52.119-0300] {logging_mixin.py:188} INFO - [2024-06-14T16:36:52.119-0300] {dagbag.py:545} INFO - Filling up the DagBag from /home/maira/projeto_indicium_engineering/venv/lib/python3.10/site-packages/airflow/example_dags/tutorial_taskflow_api.py
[2024-06-14T16:36:52.128-0300] {processor.py:840} INFO - DAG(s) 'tutorial_taskflow_api' retrieved from /home/maira/projeto_indicium_engineering/venv/lib/python3.10/site-packages/airflow/example_dags/tutorial_taskflow_api.py
[2024-06-14T16:36:52.143-0300] {logging_mixin.py:188} INFO - [2024-06-14T16:36:52.143-0300] {dag.py:3096} INFO - Sync 1 DAGs
[2024-06-14T16:36:52.154-0300] {logging_mixin.py:188} INFO - [2024-06-14T16:36:52.154-0300] {dag.py:3954} INFO - Setting next_dagrun for tutorial_taskflow_api to None, run_after=None
[2024-06-14T16:36:52.180-0300] {processor.py:183} INFO - Processing /home/maira/projeto_indicium_engineering/venv/lib/python3.10/site-packages/airflow/example_dags/tutorial_taskflow_api.py took 0.071 seconds
[2024-06-14T16:37:51.362-0300] {processor.py:161} INFO - Started process (PID=88490) to work on /home/maira/projeto_indicium_engineering/venv/lib/python3.10/site-packages/airflow/example_dags/tutorial_taskflow_api.py
[2024-06-14T16:37:51.365-0300] {processor.py:830} INFO - Processing file /home/maira/projeto_indicium_engineering/venv/lib/python3.10/site-packages/airflow/example_dags/tutorial_taskflow_api.py for tasks to queue
[2024-06-14T16:37:51.366-0300] {logging_mixin.py:188} INFO - [2024-06-14T16:37:51.366-0300] {dagbag.py:545} INFO - Filling up the DagBag from /home/maira/projeto_indicium_engineering/venv/lib/python3.10/site-packages/airflow/example_dags/tutorial_taskflow_api.py
[2024-06-14T16:37:51.371-0300] {processor.py:840} INFO - DAG(s) 'tutorial_taskflow_api' retrieved from /home/maira/projeto_indicium_engineering/venv/lib/python3.10/site-packages/airflow/example_dags/tutorial_taskflow_api.py
[2024-06-14T16:37:51.382-0300] {logging_mixin.py:188} INFO - [2024-06-14T16:37:51.381-0300] {dag.py:3096} INFO - Sync 1 DAGs
[2024-06-14T16:37:51.390-0300] {logging_mixin.py:188} INFO - [2024-06-14T16:37:51.390-0300] {dag.py:3954} INFO - Setting next_dagrun for tutorial_taskflow_api to None, run_after=None
[2024-06-14T16:37:51.413-0300] {processor.py:183} INFO - Processing /home/maira/projeto_indicium_engineering/venv/lib/python3.10/site-packages/airflow/example_dags/tutorial_taskflow_api.py took 0.056 seconds
[2024-06-14T16:38:38.856-0300] {processor.py:161} INFO - Started process (PID=88723) to work on /home/maira/projeto_indicium_engineering/venv/lib/python3.10/site-packages/airflow/example_dags/tutorial_taskflow_api.py
[2024-06-14T16:38:38.858-0300] {processor.py:830} INFO - Processing file /home/maira/projeto_indicium_engineering/venv/lib/python3.10/site-packages/airflow/example_dags/tutorial_taskflow_api.py for tasks to queue
[2024-06-14T16:38:38.859-0300] {logging_mixin.py:188} INFO - [2024-06-14T16:38:38.858-0300] {dagbag.py:545} INFO - Filling up the DagBag from /home/maira/projeto_indicium_engineering/venv/lib/python3.10/site-packages/airflow/example_dags/tutorial_taskflow_api.py
[2024-06-14T16:38:38.865-0300] {processor.py:840} INFO - DAG(s) 'tutorial_taskflow_api' retrieved from /home/maira/projeto_indicium_engineering/venv/lib/python3.10/site-packages/airflow/example_dags/tutorial_taskflow_api.py
[2024-06-14T16:38:38.877-0300] {logging_mixin.py:188} INFO - [2024-06-14T16:38:38.876-0300] {dag.py:3096} INFO - Sync 1 DAGs
[2024-06-14T16:38:38.884-0300] {logging_mixin.py:188} INFO - [2024-06-14T16:38:38.884-0300] {dag.py:3954} INFO - Setting next_dagrun for tutorial_taskflow_api to None, run_after=None
[2024-06-14T16:38:38.908-0300] {processor.py:183} INFO - Processing /home/maira/projeto_indicium_engineering/venv/lib/python3.10/site-packages/airflow/example_dags/tutorial_taskflow_api.py took 0.056 seconds
[2024-06-14T16:39:40.490-0300] {processor.py:161} INFO - Started process (PID=89027) to work on /home/maira/projeto_indicium_engineering/venv/lib/python3.10/site-packages/airflow/example_dags/tutorial_taskflow_api.py
[2024-06-14T16:39:40.495-0300] {processor.py:830} INFO - Processing file /home/maira/projeto_indicium_engineering/venv/lib/python3.10/site-packages/airflow/example_dags/tutorial_taskflow_api.py for tasks to queue
[2024-06-14T16:39:40.497-0300] {logging_mixin.py:188} INFO - [2024-06-14T16:39:40.497-0300] {dagbag.py:545} INFO - Filling up the DagBag from /home/maira/projeto_indicium_engineering/venv/lib/python3.10/site-packages/airflow/example_dags/tutorial_taskflow_api.py
[2024-06-14T16:39:40.502-0300] {processor.py:840} INFO - DAG(s) 'tutorial_taskflow_api' retrieved from /home/maira/projeto_indicium_engineering/venv/lib/python3.10/site-packages/airflow/example_dags/tutorial_taskflow_api.py
[2024-06-14T16:39:40.513-0300] {logging_mixin.py:188} INFO - [2024-06-14T16:39:40.513-0300] {dag.py:3096} INFO - Sync 1 DAGs
[2024-06-14T16:39:40.521-0300] {logging_mixin.py:188} INFO - [2024-06-14T16:39:40.521-0300] {dag.py:3954} INFO - Setting next_dagrun for tutorial_taskflow_api to None, run_after=None
[2024-06-14T16:39:40.541-0300] {processor.py:183} INFO - Processing /home/maira/projeto_indicium_engineering/venv/lib/python3.10/site-packages/airflow/example_dags/tutorial_taskflow_api.py took 0.055 seconds
[2024-06-14T16:40:33.838-0300] {processor.py:161} INFO - Started process (PID=89294) to work on /home/maira/projeto_indicium_engineering/venv/lib/python3.10/site-packages/airflow/example_dags/tutorial_taskflow_api.py
[2024-06-14T16:40:33.841-0300] {processor.py:830} INFO - Processing file /home/maira/projeto_indicium_engineering/venv/lib/python3.10/site-packages/airflow/example_dags/tutorial_taskflow_api.py for tasks to queue
[2024-06-14T16:40:33.842-0300] {logging_mixin.py:188} INFO - [2024-06-14T16:40:33.842-0300] {dagbag.py:545} INFO - Filling up the DagBag from /home/maira/projeto_indicium_engineering/venv/lib/python3.10/site-packages/airflow/example_dags/tutorial_taskflow_api.py
[2024-06-14T16:40:33.847-0300] {processor.py:840} INFO - DAG(s) 'tutorial_taskflow_api' retrieved from /home/maira/projeto_indicium_engineering/venv/lib/python3.10/site-packages/airflow/example_dags/tutorial_taskflow_api.py
[2024-06-14T16:40:33.858-0300] {logging_mixin.py:188} INFO - [2024-06-14T16:40:33.858-0300] {dag.py:3096} INFO - Sync 1 DAGs
[2024-06-14T16:40:33.866-0300] {logging_mixin.py:188} INFO - [2024-06-14T16:40:33.865-0300] {dag.py:3954} INFO - Setting next_dagrun for tutorial_taskflow_api to None, run_after=None
[2024-06-14T16:40:33.888-0300] {processor.py:183} INFO - Processing /home/maira/projeto_indicium_engineering/venv/lib/python3.10/site-packages/airflow/example_dags/tutorial_taskflow_api.py took 0.054 seconds
[2024-06-14T16:41:32.466-0300] {processor.py:161} INFO - Started process (PID=89584) to work on /home/maira/projeto_indicium_engineering/venv/lib/python3.10/site-packages/airflow/example_dags/tutorial_taskflow_api.py
[2024-06-14T16:41:32.468-0300] {processor.py:830} INFO - Processing file /home/maira/projeto_indicium_engineering/venv/lib/python3.10/site-packages/airflow/example_dags/tutorial_taskflow_api.py for tasks to queue
[2024-06-14T16:41:32.469-0300] {logging_mixin.py:188} INFO - [2024-06-14T16:41:32.469-0300] {dagbag.py:545} INFO - Filling up the DagBag from /home/maira/projeto_indicium_engineering/venv/lib/python3.10/site-packages/airflow/example_dags/tutorial_taskflow_api.py
[2024-06-14T16:41:32.476-0300] {processor.py:840} INFO - DAG(s) 'tutorial_taskflow_api' retrieved from /home/maira/projeto_indicium_engineering/venv/lib/python3.10/site-packages/airflow/example_dags/tutorial_taskflow_api.py
[2024-06-14T16:41:32.487-0300] {logging_mixin.py:188} INFO - [2024-06-14T16:41:32.487-0300] {dag.py:3096} INFO - Sync 1 DAGs
[2024-06-14T16:41:32.495-0300] {logging_mixin.py:188} INFO - [2024-06-14T16:41:32.495-0300] {dag.py:3954} INFO - Setting next_dagrun for tutorial_taskflow_api to None, run_after=None
[2024-06-14T16:41:32.520-0300] {processor.py:183} INFO - Processing /home/maira/projeto_indicium_engineering/venv/lib/python3.10/site-packages/airflow/example_dags/tutorial_taskflow_api.py took 0.058 seconds
[2024-06-14T16:42:15.005-0300] {processor.py:161} INFO - Started process (PID=89793) to work on /home/maira/projeto_indicium_engineering/venv/lib/python3.10/site-packages/airflow/example_dags/tutorial_taskflow_api.py
[2024-06-14T16:42:15.006-0300] {processor.py:830} INFO - Processing file /home/maira/projeto_indicium_engineering/venv/lib/python3.10/site-packages/airflow/example_dags/tutorial_taskflow_api.py for tasks to queue
[2024-06-14T16:42:15.008-0300] {logging_mixin.py:188} INFO - [2024-06-14T16:42:15.008-0300] {dagbag.py:545} INFO - Filling up the DagBag from /home/maira/projeto_indicium_engineering/venv/lib/python3.10/site-packages/airflow/example_dags/tutorial_taskflow_api.py
[2024-06-14T16:42:15.013-0300] {processor.py:840} INFO - DAG(s) 'tutorial_taskflow_api' retrieved from /home/maira/projeto_indicium_engineering/venv/lib/python3.10/site-packages/airflow/example_dags/tutorial_taskflow_api.py
[2024-06-14T16:42:15.024-0300] {logging_mixin.py:188} INFO - [2024-06-14T16:42:15.024-0300] {dag.py:3096} INFO - Sync 1 DAGs
[2024-06-14T16:42:15.032-0300] {logging_mixin.py:188} INFO - [2024-06-14T16:42:15.032-0300] {dag.py:3954} INFO - Setting next_dagrun for tutorial_taskflow_api to None, run_after=None
[2024-06-14T16:42:15.054-0300] {processor.py:183} INFO - Processing /home/maira/projeto_indicium_engineering/venv/lib/python3.10/site-packages/airflow/example_dags/tutorial_taskflow_api.py took 0.056 seconds
[2024-06-14T16:43:11.570-0300] {processor.py:161} INFO - Started process (PID=90075) to work on /home/maira/projeto_indicium_engineering/venv/lib/python3.10/site-packages/airflow/example_dags/tutorial_taskflow_api.py
[2024-06-14T16:43:11.572-0300] {processor.py:830} INFO - Processing file /home/maira/projeto_indicium_engineering/venv/lib/python3.10/site-packages/airflow/example_dags/tutorial_taskflow_api.py for tasks to queue
[2024-06-14T16:43:11.573-0300] {logging_mixin.py:188} INFO - [2024-06-14T16:43:11.573-0300] {dagbag.py:545} INFO - Filling up the DagBag from /home/maira/projeto_indicium_engineering/venv/lib/python3.10/site-packages/airflow/example_dags/tutorial_taskflow_api.py
[2024-06-14T16:43:11.578-0300] {processor.py:840} INFO - DAG(s) 'tutorial_taskflow_api' retrieved from /home/maira/projeto_indicium_engineering/venv/lib/python3.10/site-packages/airflow/example_dags/tutorial_taskflow_api.py
[2024-06-14T16:43:11.589-0300] {logging_mixin.py:188} INFO - [2024-06-14T16:43:11.589-0300] {dag.py:3096} INFO - Sync 1 DAGs
[2024-06-14T16:43:11.597-0300] {logging_mixin.py:188} INFO - [2024-06-14T16:43:11.597-0300] {dag.py:3954} INFO - Setting next_dagrun for tutorial_taskflow_api to None, run_after=None
[2024-06-14T16:43:11.619-0300] {processor.py:183} INFO - Processing /home/maira/projeto_indicium_engineering/venv/lib/python3.10/site-packages/airflow/example_dags/tutorial_taskflow_api.py took 0.054 seconds
[2024-06-14T16:44:13.254-0300] {processor.py:161} INFO - Started process (PID=90380) to work on /home/maira/projeto_indicium_engineering/venv/lib/python3.10/site-packages/airflow/example_dags/tutorial_taskflow_api.py
[2024-06-14T16:44:13.256-0300] {processor.py:830} INFO - Processing file /home/maira/projeto_indicium_engineering/venv/lib/python3.10/site-packages/airflow/example_dags/tutorial_taskflow_api.py for tasks to queue
[2024-06-14T16:44:13.257-0300] {logging_mixin.py:188} INFO - [2024-06-14T16:44:13.257-0300] {dagbag.py:545} INFO - Filling up the DagBag from /home/maira/projeto_indicium_engineering/venv/lib/python3.10/site-packages/airflow/example_dags/tutorial_taskflow_api.py
[2024-06-14T16:44:13.263-0300] {processor.py:840} INFO - DAG(s) 'tutorial_taskflow_api' retrieved from /home/maira/projeto_indicium_engineering/venv/lib/python3.10/site-packages/airflow/example_dags/tutorial_taskflow_api.py
[2024-06-14T16:44:13.274-0300] {logging_mixin.py:188} INFO - [2024-06-14T16:44:13.274-0300] {dag.py:3096} INFO - Sync 1 DAGs
[2024-06-14T16:44:13.282-0300] {logging_mixin.py:188} INFO - [2024-06-14T16:44:13.282-0300] {dag.py:3954} INFO - Setting next_dagrun for tutorial_taskflow_api to None, run_after=None
[2024-06-14T16:44:13.305-0300] {processor.py:183} INFO - Processing /home/maira/projeto_indicium_engineering/venv/lib/python3.10/site-packages/airflow/example_dags/tutorial_taskflow_api.py took 0.056 seconds
[2024-06-14T16:45:12.268-0300] {processor.py:161} INFO - Started process (PID=90676) to work on /home/maira/projeto_indicium_engineering/venv/lib/python3.10/site-packages/airflow/example_dags/tutorial_taskflow_api.py
[2024-06-14T16:45:12.271-0300] {processor.py:830} INFO - Processing file /home/maira/projeto_indicium_engineering/venv/lib/python3.10/site-packages/airflow/example_dags/tutorial_taskflow_api.py for tasks to queue
[2024-06-14T16:45:12.272-0300] {logging_mixin.py:188} INFO - [2024-06-14T16:45:12.272-0300] {dagbag.py:545} INFO - Filling up the DagBag from /home/maira/projeto_indicium_engineering/venv/lib/python3.10/site-packages/airflow/example_dags/tutorial_taskflow_api.py
[2024-06-14T16:45:12.277-0300] {processor.py:840} INFO - DAG(s) 'tutorial_taskflow_api' retrieved from /home/maira/projeto_indicium_engineering/venv/lib/python3.10/site-packages/airflow/example_dags/tutorial_taskflow_api.py
[2024-06-14T16:45:12.288-0300] {logging_mixin.py:188} INFO - [2024-06-14T16:45:12.288-0300] {dag.py:3096} INFO - Sync 1 DAGs
[2024-06-14T16:45:12.297-0300] {logging_mixin.py:188} INFO - [2024-06-14T16:45:12.297-0300] {dag.py:3954} INFO - Setting next_dagrun for tutorial_taskflow_api to None, run_after=None
[2024-06-14T16:45:12.320-0300] {processor.py:183} INFO - Processing /home/maira/projeto_indicium_engineering/venv/lib/python3.10/site-packages/airflow/example_dags/tutorial_taskflow_api.py took 0.056 seconds
[2024-06-14T16:46:13.964-0300] {processor.py:161} INFO - Started process (PID=90980) to work on /home/maira/projeto_indicium_engineering/venv/lib/python3.10/site-packages/airflow/example_dags/tutorial_taskflow_api.py
[2024-06-14T16:46:13.966-0300] {processor.py:830} INFO - Processing file /home/maira/projeto_indicium_engineering/venv/lib/python3.10/site-packages/airflow/example_dags/tutorial_taskflow_api.py for tasks to queue
[2024-06-14T16:46:13.968-0300] {logging_mixin.py:188} INFO - [2024-06-14T16:46:13.967-0300] {dagbag.py:545} INFO - Filling up the DagBag from /home/maira/projeto_indicium_engineering/venv/lib/python3.10/site-packages/airflow/example_dags/tutorial_taskflow_api.py
[2024-06-14T16:46:13.972-0300] {processor.py:840} INFO - DAG(s) 'tutorial_taskflow_api' retrieved from /home/maira/projeto_indicium_engineering/venv/lib/python3.10/site-packages/airflow/example_dags/tutorial_taskflow_api.py
[2024-06-14T16:46:13.983-0300] {logging_mixin.py:188} INFO - [2024-06-14T16:46:13.983-0300] {dag.py:3096} INFO - Sync 1 DAGs
[2024-06-14T16:46:13.991-0300] {logging_mixin.py:188} INFO - [2024-06-14T16:46:13.991-0300] {dag.py:3954} INFO - Setting next_dagrun for tutorial_taskflow_api to None, run_after=None
[2024-06-14T16:46:14.014-0300] {processor.py:183} INFO - Processing /home/maira/projeto_indicium_engineering/venv/lib/python3.10/site-packages/airflow/example_dags/tutorial_taskflow_api.py took 0.055 seconds
[2024-06-14T16:47:12.192-0300] {processor.py:161} INFO - Started process (PID=91269) to work on /home/maira/projeto_indicium_engineering/venv/lib/python3.10/site-packages/airflow/example_dags/tutorial_taskflow_api.py
[2024-06-14T16:47:12.194-0300] {processor.py:830} INFO - Processing file /home/maira/projeto_indicium_engineering/venv/lib/python3.10/site-packages/airflow/example_dags/tutorial_taskflow_api.py for tasks to queue
[2024-06-14T16:47:12.195-0300] {logging_mixin.py:188} INFO - [2024-06-14T16:47:12.195-0300] {dagbag.py:545} INFO - Filling up the DagBag from /home/maira/projeto_indicium_engineering/venv/lib/python3.10/site-packages/airflow/example_dags/tutorial_taskflow_api.py
[2024-06-14T16:47:12.200-0300] {processor.py:840} INFO - DAG(s) 'tutorial_taskflow_api' retrieved from /home/maira/projeto_indicium_engineering/venv/lib/python3.10/site-packages/airflow/example_dags/tutorial_taskflow_api.py
[2024-06-14T16:47:12.212-0300] {logging_mixin.py:188} INFO - [2024-06-14T16:47:12.211-0300] {dag.py:3096} INFO - Sync 1 DAGs
[2024-06-14T16:47:12.220-0300] {logging_mixin.py:188} INFO - [2024-06-14T16:47:12.220-0300] {dag.py:3954} INFO - Setting next_dagrun for tutorial_taskflow_api to None, run_after=None
[2024-06-14T16:47:12.244-0300] {processor.py:183} INFO - Processing /home/maira/projeto_indicium_engineering/venv/lib/python3.10/site-packages/airflow/example_dags/tutorial_taskflow_api.py took 0.057 seconds
[2024-06-14T16:48:12.224-0300] {processor.py:161} INFO - Started process (PID=91566) to work on /home/maira/projeto_indicium_engineering/venv/lib/python3.10/site-packages/airflow/example_dags/tutorial_taskflow_api.py
[2024-06-14T16:48:12.226-0300] {processor.py:830} INFO - Processing file /home/maira/projeto_indicium_engineering/venv/lib/python3.10/site-packages/airflow/example_dags/tutorial_taskflow_api.py for tasks to queue
[2024-06-14T16:48:12.227-0300] {logging_mixin.py:188} INFO - [2024-06-14T16:48:12.227-0300] {dagbag.py:545} INFO - Filling up the DagBag from /home/maira/projeto_indicium_engineering/venv/lib/python3.10/site-packages/airflow/example_dags/tutorial_taskflow_api.py
[2024-06-14T16:48:12.234-0300] {processor.py:840} INFO - DAG(s) 'tutorial_taskflow_api' retrieved from /home/maira/projeto_indicium_engineering/venv/lib/python3.10/site-packages/airflow/example_dags/tutorial_taskflow_api.py
[2024-06-14T16:48:12.245-0300] {logging_mixin.py:188} INFO - [2024-06-14T16:48:12.245-0300] {dag.py:3096} INFO - Sync 1 DAGs
[2024-06-14T16:48:12.253-0300] {logging_mixin.py:188} INFO - [2024-06-14T16:48:12.252-0300] {dag.py:3954} INFO - Setting next_dagrun for tutorial_taskflow_api to None, run_after=None
[2024-06-14T16:48:12.278-0300] {processor.py:183} INFO - Processing /home/maira/projeto_indicium_engineering/venv/lib/python3.10/site-packages/airflow/example_dags/tutorial_taskflow_api.py took 0.058 seconds
[2024-06-14T16:49:07.899-0300] {processor.py:161} INFO - Started process (PID=91844) to work on /home/maira/projeto_indicium_engineering/venv/lib/python3.10/site-packages/airflow/example_dags/tutorial_taskflow_api.py
[2024-06-14T16:49:07.901-0300] {processor.py:830} INFO - Processing file /home/maira/projeto_indicium_engineering/venv/lib/python3.10/site-packages/airflow/example_dags/tutorial_taskflow_api.py for tasks to queue
[2024-06-14T16:49:07.902-0300] {logging_mixin.py:188} INFO - [2024-06-14T16:49:07.902-0300] {dagbag.py:545} INFO - Filling up the DagBag from /home/maira/projeto_indicium_engineering/venv/lib/python3.10/site-packages/airflow/example_dags/tutorial_taskflow_api.py
[2024-06-14T16:49:07.908-0300] {processor.py:840} INFO - DAG(s) 'tutorial_taskflow_api' retrieved from /home/maira/projeto_indicium_engineering/venv/lib/python3.10/site-packages/airflow/example_dags/tutorial_taskflow_api.py
[2024-06-14T16:49:07.920-0300] {logging_mixin.py:188} INFO - [2024-06-14T16:49:07.919-0300] {dag.py:3096} INFO - Sync 1 DAGs
[2024-06-14T16:49:07.928-0300] {logging_mixin.py:188} INFO - [2024-06-14T16:49:07.927-0300] {dag.py:3954} INFO - Setting next_dagrun for tutorial_taskflow_api to None, run_after=None
[2024-06-14T16:49:07.950-0300] {processor.py:183} INFO - Processing /home/maira/projeto_indicium_engineering/venv/lib/python3.10/site-packages/airflow/example_dags/tutorial_taskflow_api.py took 0.056 seconds
[2024-06-14T16:50:06.585-0300] {processor.py:161} INFO - Started process (PID=92135) to work on /home/maira/projeto_indicium_engineering/venv/lib/python3.10/site-packages/airflow/example_dags/tutorial_taskflow_api.py
[2024-06-14T16:50:06.587-0300] {processor.py:830} INFO - Processing file /home/maira/projeto_indicium_engineering/venv/lib/python3.10/site-packages/airflow/example_dags/tutorial_taskflow_api.py for tasks to queue
[2024-06-14T16:50:06.589-0300] {logging_mixin.py:188} INFO - [2024-06-14T16:50:06.589-0300] {dagbag.py:545} INFO - Filling up the DagBag from /home/maira/projeto_indicium_engineering/venv/lib/python3.10/site-packages/airflow/example_dags/tutorial_taskflow_api.py
[2024-06-14T16:50:06.595-0300] {processor.py:840} INFO - DAG(s) 'tutorial_taskflow_api' retrieved from /home/maira/projeto_indicium_engineering/venv/lib/python3.10/site-packages/airflow/example_dags/tutorial_taskflow_api.py
[2024-06-14T16:50:06.609-0300] {logging_mixin.py:188} INFO - [2024-06-14T16:50:06.609-0300] {dag.py:3096} INFO - Sync 1 DAGs
[2024-06-14T16:50:06.617-0300] {logging_mixin.py:188} INFO - [2024-06-14T16:50:06.617-0300] {dag.py:3954} INFO - Setting next_dagrun for tutorial_taskflow_api to None, run_after=None
[2024-06-14T16:50:06.641-0300] {processor.py:183} INFO - Processing /home/maira/projeto_indicium_engineering/venv/lib/python3.10/site-packages/airflow/example_dags/tutorial_taskflow_api.py took 0.062 seconds
[2024-06-14T16:50:50.002-0300] {processor.py:161} INFO - Started process (PID=92347) to work on /home/maira/projeto_indicium_engineering/venv/lib/python3.10/site-packages/airflow/example_dags/tutorial_taskflow_api.py
[2024-06-14T16:50:50.004-0300] {processor.py:830} INFO - Processing file /home/maira/projeto_indicium_engineering/venv/lib/python3.10/site-packages/airflow/example_dags/tutorial_taskflow_api.py for tasks to queue
[2024-06-14T16:50:50.006-0300] {logging_mixin.py:188} INFO - [2024-06-14T16:50:50.006-0300] {dagbag.py:545} INFO - Filling up the DagBag from /home/maira/projeto_indicium_engineering/venv/lib/python3.10/site-packages/airflow/example_dags/tutorial_taskflow_api.py
[2024-06-14T16:50:50.011-0300] {processor.py:840} INFO - DAG(s) 'tutorial_taskflow_api' retrieved from /home/maira/projeto_indicium_engineering/venv/lib/python3.10/site-packages/airflow/example_dags/tutorial_taskflow_api.py
[2024-06-14T16:50:50.023-0300] {logging_mixin.py:188} INFO - [2024-06-14T16:50:50.023-0300] {dag.py:3096} INFO - Sync 1 DAGs
[2024-06-14T16:50:50.031-0300] {logging_mixin.py:188} INFO - [2024-06-14T16:50:50.031-0300] {dag.py:3954} INFO - Setting next_dagrun for tutorial_taskflow_api to None, run_after=None
[2024-06-14T16:50:50.055-0300] {processor.py:183} INFO - Processing /home/maira/projeto_indicium_engineering/venv/lib/python3.10/site-packages/airflow/example_dags/tutorial_taskflow_api.py took 0.057 seconds
[2024-06-14T16:51:35.822-0300] {processor.py:161} INFO - Started process (PID=92573) to work on /home/maira/projeto_indicium_engineering/venv/lib/python3.10/site-packages/airflow/example_dags/tutorial_taskflow_api.py
[2024-06-14T16:51:35.824-0300] {processor.py:830} INFO - Processing file /home/maira/projeto_indicium_engineering/venv/lib/python3.10/site-packages/airflow/example_dags/tutorial_taskflow_api.py for tasks to queue
[2024-06-14T16:51:35.825-0300] {logging_mixin.py:188} INFO - [2024-06-14T16:51:35.825-0300] {dagbag.py:545} INFO - Filling up the DagBag from /home/maira/projeto_indicium_engineering/venv/lib/python3.10/site-packages/airflow/example_dags/tutorial_taskflow_api.py
[2024-06-14T16:51:35.831-0300] {processor.py:840} INFO - DAG(s) 'tutorial_taskflow_api' retrieved from /home/maira/projeto_indicium_engineering/venv/lib/python3.10/site-packages/airflow/example_dags/tutorial_taskflow_api.py
[2024-06-14T16:51:35.842-0300] {logging_mixin.py:188} INFO - [2024-06-14T16:51:35.842-0300] {dag.py:3096} INFO - Sync 1 DAGs
[2024-06-14T16:51:35.850-0300] {logging_mixin.py:188} INFO - [2024-06-14T16:51:35.850-0300] {dag.py:3954} INFO - Setting next_dagrun for tutorial_taskflow_api to None, run_after=None
[2024-06-14T16:51:35.876-0300] {processor.py:183} INFO - Processing /home/maira/projeto_indicium_engineering/venv/lib/python3.10/site-packages/airflow/example_dags/tutorial_taskflow_api.py took 0.059 seconds
[2024-06-14T16:52:16.470-0300] {processor.py:161} INFO - Started process (PID=92773) to work on /home/maira/projeto_indicium_engineering/venv/lib/python3.10/site-packages/airflow/example_dags/tutorial_taskflow_api.py
[2024-06-14T16:52:16.472-0300] {processor.py:830} INFO - Processing file /home/maira/projeto_indicium_engineering/venv/lib/python3.10/site-packages/airflow/example_dags/tutorial_taskflow_api.py for tasks to queue
[2024-06-14T16:52:16.474-0300] {logging_mixin.py:188} INFO - [2024-06-14T16:52:16.474-0300] {dagbag.py:545} INFO - Filling up the DagBag from /home/maira/projeto_indicium_engineering/venv/lib/python3.10/site-packages/airflow/example_dags/tutorial_taskflow_api.py
[2024-06-14T16:52:16.480-0300] {processor.py:840} INFO - DAG(s) 'tutorial_taskflow_api' retrieved from /home/maira/projeto_indicium_engineering/venv/lib/python3.10/site-packages/airflow/example_dags/tutorial_taskflow_api.py
[2024-06-14T16:52:16.495-0300] {logging_mixin.py:188} INFO - [2024-06-14T16:52:16.495-0300] {dag.py:3096} INFO - Sync 1 DAGs
[2024-06-14T16:52:16.504-0300] {logging_mixin.py:188} INFO - [2024-06-14T16:52:16.504-0300] {dag.py:3954} INFO - Setting next_dagrun for tutorial_taskflow_api to None, run_after=None
[2024-06-14T16:52:16.529-0300] {processor.py:183} INFO - Processing /home/maira/projeto_indicium_engineering/venv/lib/python3.10/site-packages/airflow/example_dags/tutorial_taskflow_api.py took 0.063 seconds
[2024-06-14T16:52:58.162-0300] {processor.py:161} INFO - Started process (PID=92982) to work on /home/maira/projeto_indicium_engineering/venv/lib/python3.10/site-packages/airflow/example_dags/tutorial_taskflow_api.py
[2024-06-14T16:52:58.166-0300] {processor.py:830} INFO - Processing file /home/maira/projeto_indicium_engineering/venv/lib/python3.10/site-packages/airflow/example_dags/tutorial_taskflow_api.py for tasks to queue
[2024-06-14T16:52:58.168-0300] {logging_mixin.py:188} INFO - [2024-06-14T16:52:58.168-0300] {dagbag.py:545} INFO - Filling up the DagBag from /home/maira/projeto_indicium_engineering/venv/lib/python3.10/site-packages/airflow/example_dags/tutorial_taskflow_api.py
[2024-06-14T16:52:58.173-0300] {processor.py:840} INFO - DAG(s) 'tutorial_taskflow_api' retrieved from /home/maira/projeto_indicium_engineering/venv/lib/python3.10/site-packages/airflow/example_dags/tutorial_taskflow_api.py
[2024-06-14T16:52:58.184-0300] {logging_mixin.py:188} INFO - [2024-06-14T16:52:58.184-0300] {dag.py:3096} INFO - Sync 1 DAGs
[2024-06-14T16:52:58.192-0300] {logging_mixin.py:188} INFO - [2024-06-14T16:52:58.192-0300] {dag.py:3954} INFO - Setting next_dagrun for tutorial_taskflow_api to None, run_after=None
[2024-06-14T16:52:58.216-0300] {processor.py:183} INFO - Processing /home/maira/projeto_indicium_engineering/venv/lib/python3.10/site-packages/airflow/example_dags/tutorial_taskflow_api.py took 0.059 seconds
[2024-06-14T16:53:59.461-0300] {processor.py:161} INFO - Started process (PID=93284) to work on /home/maira/projeto_indicium_engineering/venv/lib/python3.10/site-packages/airflow/example_dags/tutorial_taskflow_api.py
[2024-06-14T16:53:59.463-0300] {processor.py:830} INFO - Processing file /home/maira/projeto_indicium_engineering/venv/lib/python3.10/site-packages/airflow/example_dags/tutorial_taskflow_api.py for tasks to queue
[2024-06-14T16:53:59.464-0300] {logging_mixin.py:188} INFO - [2024-06-14T16:53:59.464-0300] {dagbag.py:545} INFO - Filling up the DagBag from /home/maira/projeto_indicium_engineering/venv/lib/python3.10/site-packages/airflow/example_dags/tutorial_taskflow_api.py
[2024-06-14T16:53:59.470-0300] {processor.py:840} INFO - DAG(s) 'tutorial_taskflow_api' retrieved from /home/maira/projeto_indicium_engineering/venv/lib/python3.10/site-packages/airflow/example_dags/tutorial_taskflow_api.py
[2024-06-14T16:53:59.482-0300] {logging_mixin.py:188} INFO - [2024-06-14T16:53:59.481-0300] {dag.py:3096} INFO - Sync 1 DAGs
[2024-06-14T16:53:59.489-0300] {logging_mixin.py:188} INFO - [2024-06-14T16:53:59.489-0300] {dag.py:3954} INFO - Setting next_dagrun for tutorial_taskflow_api to None, run_after=None
[2024-06-14T16:53:59.514-0300] {processor.py:183} INFO - Processing /home/maira/projeto_indicium_engineering/venv/lib/python3.10/site-packages/airflow/example_dags/tutorial_taskflow_api.py took 0.058 seconds
[2024-06-14T16:54:41.163-0300] {processor.py:161} INFO - Started process (PID=93490) to work on /home/maira/projeto_indicium_engineering/venv/lib/python3.10/site-packages/airflow/example_dags/tutorial_taskflow_api.py
[2024-06-14T16:54:41.165-0300] {processor.py:830} INFO - Processing file /home/maira/projeto_indicium_engineering/venv/lib/python3.10/site-packages/airflow/example_dags/tutorial_taskflow_api.py for tasks to queue
[2024-06-14T16:54:41.167-0300] {logging_mixin.py:188} INFO - [2024-06-14T16:54:41.166-0300] {dagbag.py:545} INFO - Filling up the DagBag from /home/maira/projeto_indicium_engineering/venv/lib/python3.10/site-packages/airflow/example_dags/tutorial_taskflow_api.py
[2024-06-14T16:54:41.172-0300] {processor.py:840} INFO - DAG(s) 'tutorial_taskflow_api' retrieved from /home/maira/projeto_indicium_engineering/venv/lib/python3.10/site-packages/airflow/example_dags/tutorial_taskflow_api.py
[2024-06-14T16:54:41.184-0300] {logging_mixin.py:188} INFO - [2024-06-14T16:54:41.183-0300] {dag.py:3096} INFO - Sync 1 DAGs
[2024-06-14T16:54:41.192-0300] {logging_mixin.py:188} INFO - [2024-06-14T16:54:41.192-0300] {dag.py:3954} INFO - Setting next_dagrun for tutorial_taskflow_api to None, run_after=None
[2024-06-14T16:54:41.216-0300] {processor.py:183} INFO - Processing /home/maira/projeto_indicium_engineering/venv/lib/python3.10/site-packages/airflow/example_dags/tutorial_taskflow_api.py took 0.058 seconds
[2024-06-14T17:20:07.551-0300] {processor.py:161} INFO - Started process (PID=93722) to work on /home/maira/projeto_indicium_engineering/venv/lib/python3.10/site-packages/airflow/example_dags/tutorial_taskflow_api.py
[2024-06-14T17:20:07.665-0300] {processor.py:830} INFO - Processing file /home/maira/projeto_indicium_engineering/venv/lib/python3.10/site-packages/airflow/example_dags/tutorial_taskflow_api.py for tasks to queue
[2024-06-14T17:20:07.668-0300] {logging_mixin.py:188} INFO - [2024-06-14T17:20:07.667-0300] {dagbag.py:545} INFO - Filling up the DagBag from /home/maira/projeto_indicium_engineering/venv/lib/python3.10/site-packages/airflow/example_dags/tutorial_taskflow_api.py
[2024-06-14T17:20:07.680-0300] {processor.py:840} INFO - DAG(s) 'tutorial_taskflow_api' retrieved from /home/maira/projeto_indicium_engineering/venv/lib/python3.10/site-packages/airflow/example_dags/tutorial_taskflow_api.py
[2024-06-14T17:20:07.695-0300] {logging_mixin.py:188} INFO - [2024-06-14T17:20:07.695-0300] {dag.py:3096} INFO - Sync 1 DAGs
[2024-06-14T17:20:07.704-0300] {logging_mixin.py:188} INFO - [2024-06-14T17:20:07.704-0300] {dag.py:3954} INFO - Setting next_dagrun for tutorial_taskflow_api to None, run_after=None
[2024-06-14T17:20:09.762-0300] {processor.py:183} INFO - Processing /home/maira/projeto_indicium_engineering/venv/lib/python3.10/site-packages/airflow/example_dags/tutorial_taskflow_api.py took 2.218 seconds
[2024-06-14T17:21:04.270-0300] {processor.py:161} INFO - Started process (PID=93999) to work on /home/maira/projeto_indicium_engineering/venv/lib/python3.10/site-packages/airflow/example_dags/tutorial_taskflow_api.py
[2024-06-14T17:21:04.272-0300] {processor.py:830} INFO - Processing file /home/maira/projeto_indicium_engineering/venv/lib/python3.10/site-packages/airflow/example_dags/tutorial_taskflow_api.py for tasks to queue
[2024-06-14T17:21:04.273-0300] {logging_mixin.py:188} INFO - [2024-06-14T17:21:04.273-0300] {dagbag.py:545} INFO - Filling up the DagBag from /home/maira/projeto_indicium_engineering/venv/lib/python3.10/site-packages/airflow/example_dags/tutorial_taskflow_api.py
[2024-06-14T17:21:04.279-0300] {processor.py:840} INFO - DAG(s) 'tutorial_taskflow_api' retrieved from /home/maira/projeto_indicium_engineering/venv/lib/python3.10/site-packages/airflow/example_dags/tutorial_taskflow_api.py
[2024-06-14T17:21:04.290-0300] {logging_mixin.py:188} INFO - [2024-06-14T17:21:04.290-0300] {dag.py:3096} INFO - Sync 1 DAGs
[2024-06-14T17:21:04.298-0300] {logging_mixin.py:188} INFO - [2024-06-14T17:21:04.298-0300] {dag.py:3954} INFO - Setting next_dagrun for tutorial_taskflow_api to None, run_after=None
[2024-06-14T17:21:04.321-0300] {processor.py:183} INFO - Processing /home/maira/projeto_indicium_engineering/venv/lib/python3.10/site-packages/airflow/example_dags/tutorial_taskflow_api.py took 0.055 seconds
[2024-06-14T17:21:43.203-0300] {processor.py:161} INFO - Started process (PID=94193) to work on /home/maira/projeto_indicium_engineering/venv/lib/python3.10/site-packages/airflow/example_dags/tutorial_taskflow_api.py
[2024-06-14T17:21:43.205-0300] {processor.py:830} INFO - Processing file /home/maira/projeto_indicium_engineering/venv/lib/python3.10/site-packages/airflow/example_dags/tutorial_taskflow_api.py for tasks to queue
[2024-06-14T17:21:43.206-0300] {logging_mixin.py:188} INFO - [2024-06-14T17:21:43.206-0300] {dagbag.py:545} INFO - Filling up the DagBag from /home/maira/projeto_indicium_engineering/venv/lib/python3.10/site-packages/airflow/example_dags/tutorial_taskflow_api.py
[2024-06-14T17:21:43.212-0300] {processor.py:840} INFO - DAG(s) 'tutorial_taskflow_api' retrieved from /home/maira/projeto_indicium_engineering/venv/lib/python3.10/site-packages/airflow/example_dags/tutorial_taskflow_api.py
[2024-06-14T17:21:43.225-0300] {logging_mixin.py:188} INFO - [2024-06-14T17:21:43.225-0300] {dag.py:3096} INFO - Sync 1 DAGs
[2024-06-14T17:21:43.235-0300] {logging_mixin.py:188} INFO - [2024-06-14T17:21:43.235-0300] {dag.py:3954} INFO - Setting next_dagrun for tutorial_taskflow_api to None, run_after=None
[2024-06-14T17:21:43.262-0300] {processor.py:183} INFO - Processing /home/maira/projeto_indicium_engineering/venv/lib/python3.10/site-packages/airflow/example_dags/tutorial_taskflow_api.py took 0.064 seconds
[2024-06-14T17:22:27.866-0300] {processor.py:161} INFO - Started process (PID=94412) to work on /home/maira/projeto_indicium_engineering/venv/lib/python3.10/site-packages/airflow/example_dags/tutorial_taskflow_api.py
[2024-06-14T17:22:27.867-0300] {processor.py:830} INFO - Processing file /home/maira/projeto_indicium_engineering/venv/lib/python3.10/site-packages/airflow/example_dags/tutorial_taskflow_api.py for tasks to queue
[2024-06-14T17:22:27.869-0300] {logging_mixin.py:188} INFO - [2024-06-14T17:22:27.868-0300] {dagbag.py:545} INFO - Filling up the DagBag from /home/maira/projeto_indicium_engineering/venv/lib/python3.10/site-packages/airflow/example_dags/tutorial_taskflow_api.py
[2024-06-14T17:22:27.875-0300] {processor.py:840} INFO - DAG(s) 'tutorial_taskflow_api' retrieved from /home/maira/projeto_indicium_engineering/venv/lib/python3.10/site-packages/airflow/example_dags/tutorial_taskflow_api.py
[2024-06-14T17:22:27.886-0300] {logging_mixin.py:188} INFO - [2024-06-14T17:22:27.886-0300] {dag.py:3096} INFO - Sync 1 DAGs
[2024-06-14T17:22:27.894-0300] {logging_mixin.py:188} INFO - [2024-06-14T17:22:27.894-0300] {dag.py:3954} INFO - Setting next_dagrun for tutorial_taskflow_api to None, run_after=None
[2024-06-14T17:22:27.917-0300] {processor.py:183} INFO - Processing /home/maira/projeto_indicium_engineering/venv/lib/python3.10/site-packages/airflow/example_dags/tutorial_taskflow_api.py took 0.056 seconds
[2024-06-14T17:23:26.298-0300] {processor.py:161} INFO - Started process (PID=94702) to work on /home/maira/projeto_indicium_engineering/venv/lib/python3.10/site-packages/airflow/example_dags/tutorial_taskflow_api.py
[2024-06-14T17:23:26.300-0300] {processor.py:830} INFO - Processing file /home/maira/projeto_indicium_engineering/venv/lib/python3.10/site-packages/airflow/example_dags/tutorial_taskflow_api.py for tasks to queue
[2024-06-14T17:23:26.301-0300] {logging_mixin.py:188} INFO - [2024-06-14T17:23:26.301-0300] {dagbag.py:545} INFO - Filling up the DagBag from /home/maira/projeto_indicium_engineering/venv/lib/python3.10/site-packages/airflow/example_dags/tutorial_taskflow_api.py
[2024-06-14T17:23:26.307-0300] {processor.py:840} INFO - DAG(s) 'tutorial_taskflow_api' retrieved from /home/maira/projeto_indicium_engineering/venv/lib/python3.10/site-packages/airflow/example_dags/tutorial_taskflow_api.py
[2024-06-14T17:23:26.318-0300] {logging_mixin.py:188} INFO - [2024-06-14T17:23:26.318-0300] {dag.py:3096} INFO - Sync 1 DAGs
[2024-06-14T17:23:26.326-0300] {logging_mixin.py:188} INFO - [2024-06-14T17:23:26.326-0300] {dag.py:3954} INFO - Setting next_dagrun for tutorial_taskflow_api to None, run_after=None
[2024-06-14T17:23:26.351-0300] {processor.py:183} INFO - Processing /home/maira/projeto_indicium_engineering/venv/lib/python3.10/site-packages/airflow/example_dags/tutorial_taskflow_api.py took 0.059 seconds
[2024-06-14T17:24:07.362-0300] {processor.py:161} INFO - Started process (PID=94906) to work on /home/maira/projeto_indicium_engineering/venv/lib/python3.10/site-packages/airflow/example_dags/tutorial_taskflow_api.py
[2024-06-14T17:24:07.364-0300] {processor.py:830} INFO - Processing file /home/maira/projeto_indicium_engineering/venv/lib/python3.10/site-packages/airflow/example_dags/tutorial_taskflow_api.py for tasks to queue
[2024-06-14T17:24:07.365-0300] {logging_mixin.py:188} INFO - [2024-06-14T17:24:07.364-0300] {dagbag.py:545} INFO - Filling up the DagBag from /home/maira/projeto_indicium_engineering/venv/lib/python3.10/site-packages/airflow/example_dags/tutorial_taskflow_api.py
[2024-06-14T17:24:07.370-0300] {processor.py:840} INFO - DAG(s) 'tutorial_taskflow_api' retrieved from /home/maira/projeto_indicium_engineering/venv/lib/python3.10/site-packages/airflow/example_dags/tutorial_taskflow_api.py
[2024-06-14T17:24:07.381-0300] {logging_mixin.py:188} INFO - [2024-06-14T17:24:07.380-0300] {dag.py:3096} INFO - Sync 1 DAGs
[2024-06-14T17:24:07.388-0300] {logging_mixin.py:188} INFO - [2024-06-14T17:24:07.388-0300] {dag.py:3954} INFO - Setting next_dagrun for tutorial_taskflow_api to None, run_after=None
[2024-06-14T17:24:07.409-0300] {processor.py:183} INFO - Processing /home/maira/projeto_indicium_engineering/venv/lib/python3.10/site-packages/airflow/example_dags/tutorial_taskflow_api.py took 0.052 seconds
[2024-06-14T17:24:53.578-0300] {processor.py:161} INFO - Started process (PID=95129) to work on /home/maira/projeto_indicium_engineering/venv/lib/python3.10/site-packages/airflow/example_dags/tutorial_taskflow_api.py
[2024-06-14T17:24:53.582-0300] {processor.py:830} INFO - Processing file /home/maira/projeto_indicium_engineering/venv/lib/python3.10/site-packages/airflow/example_dags/tutorial_taskflow_api.py for tasks to queue
[2024-06-14T17:24:53.584-0300] {logging_mixin.py:188} INFO - [2024-06-14T17:24:53.583-0300] {dagbag.py:545} INFO - Filling up the DagBag from /home/maira/projeto_indicium_engineering/venv/lib/python3.10/site-packages/airflow/example_dags/tutorial_taskflow_api.py
[2024-06-14T17:24:53.588-0300] {processor.py:840} INFO - DAG(s) 'tutorial_taskflow_api' retrieved from /home/maira/projeto_indicium_engineering/venv/lib/python3.10/site-packages/airflow/example_dags/tutorial_taskflow_api.py
[2024-06-14T17:24:53.600-0300] {logging_mixin.py:188} INFO - [2024-06-14T17:24:53.599-0300] {dag.py:3096} INFO - Sync 1 DAGs
[2024-06-14T17:24:53.607-0300] {logging_mixin.py:188} INFO - [2024-06-14T17:24:53.607-0300] {dag.py:3954} INFO - Setting next_dagrun for tutorial_taskflow_api to None, run_after=None
[2024-06-14T17:24:53.631-0300] {processor.py:183} INFO - Processing /home/maira/projeto_indicium_engineering/venv/lib/python3.10/site-packages/airflow/example_dags/tutorial_taskflow_api.py took 0.058 seconds
[2024-06-14T17:25:40.698-0300] {processor.py:161} INFO - Started process (PID=95364) to work on /home/maira/projeto_indicium_engineering/venv/lib/python3.10/site-packages/airflow/example_dags/tutorial_taskflow_api.py
[2024-06-14T17:25:40.700-0300] {processor.py:830} INFO - Processing file /home/maira/projeto_indicium_engineering/venv/lib/python3.10/site-packages/airflow/example_dags/tutorial_taskflow_api.py for tasks to queue
[2024-06-14T17:25:40.701-0300] {logging_mixin.py:188} INFO - [2024-06-14T17:25:40.701-0300] {dagbag.py:545} INFO - Filling up the DagBag from /home/maira/projeto_indicium_engineering/venv/lib/python3.10/site-packages/airflow/example_dags/tutorial_taskflow_api.py
[2024-06-14T17:25:40.706-0300] {processor.py:840} INFO - DAG(s) 'tutorial_taskflow_api' retrieved from /home/maira/projeto_indicium_engineering/venv/lib/python3.10/site-packages/airflow/example_dags/tutorial_taskflow_api.py
[2024-06-14T17:25:40.717-0300] {logging_mixin.py:188} INFO - [2024-06-14T17:25:40.717-0300] {dag.py:3096} INFO - Sync 1 DAGs
[2024-06-14T17:25:40.725-0300] {logging_mixin.py:188} INFO - [2024-06-14T17:25:40.724-0300] {dag.py:3954} INFO - Setting next_dagrun for tutorial_taskflow_api to None, run_after=None
[2024-06-14T17:25:40.747-0300] {processor.py:183} INFO - Processing /home/maira/projeto_indicium_engineering/venv/lib/python3.10/site-packages/airflow/example_dags/tutorial_taskflow_api.py took 0.054 seconds
[2024-06-14T17:26:34.517-0300] {processor.py:161} INFO - Started process (PID=95632) to work on /home/maira/projeto_indicium_engineering/venv/lib/python3.10/site-packages/airflow/example_dags/tutorial_taskflow_api.py
[2024-06-14T17:26:34.522-0300] {processor.py:830} INFO - Processing file /home/maira/projeto_indicium_engineering/venv/lib/python3.10/site-packages/airflow/example_dags/tutorial_taskflow_api.py for tasks to queue
[2024-06-14T17:26:34.524-0300] {logging_mixin.py:188} INFO - [2024-06-14T17:26:34.523-0300] {dagbag.py:545} INFO - Filling up the DagBag from /home/maira/projeto_indicium_engineering/venv/lib/python3.10/site-packages/airflow/example_dags/tutorial_taskflow_api.py
[2024-06-14T17:26:34.528-0300] {processor.py:840} INFO - DAG(s) 'tutorial_taskflow_api' retrieved from /home/maira/projeto_indicium_engineering/venv/lib/python3.10/site-packages/airflow/example_dags/tutorial_taskflow_api.py
[2024-06-14T17:26:34.540-0300] {logging_mixin.py:188} INFO - [2024-06-14T17:26:34.539-0300] {dag.py:3096} INFO - Sync 1 DAGs
[2024-06-14T17:26:34.547-0300] {logging_mixin.py:188} INFO - [2024-06-14T17:26:34.547-0300] {dag.py:3954} INFO - Setting next_dagrun for tutorial_taskflow_api to None, run_after=None
[2024-06-14T17:26:34.571-0300] {processor.py:183} INFO - Processing /home/maira/projeto_indicium_engineering/venv/lib/python3.10/site-packages/airflow/example_dags/tutorial_taskflow_api.py took 0.059 seconds
[2024-06-14T17:27:16.609-0300] {processor.py:161} INFO - Started process (PID=95838) to work on /home/maira/projeto_indicium_engineering/venv/lib/python3.10/site-packages/airflow/example_dags/tutorial_taskflow_api.py
[2024-06-14T17:27:16.611-0300] {processor.py:830} INFO - Processing file /home/maira/projeto_indicium_engineering/venv/lib/python3.10/site-packages/airflow/example_dags/tutorial_taskflow_api.py for tasks to queue
[2024-06-14T17:27:16.612-0300] {logging_mixin.py:188} INFO - [2024-06-14T17:27:16.612-0300] {dagbag.py:545} INFO - Filling up the DagBag from /home/maira/projeto_indicium_engineering/venv/lib/python3.10/site-packages/airflow/example_dags/tutorial_taskflow_api.py
[2024-06-14T17:27:16.619-0300] {processor.py:840} INFO - DAG(s) 'tutorial_taskflow_api' retrieved from /home/maira/projeto_indicium_engineering/venv/lib/python3.10/site-packages/airflow/example_dags/tutorial_taskflow_api.py
[2024-06-14T17:27:16.630-0300] {logging_mixin.py:188} INFO - [2024-06-14T17:27:16.630-0300] {dag.py:3096} INFO - Sync 1 DAGs
[2024-06-14T17:27:16.638-0300] {logging_mixin.py:188} INFO - [2024-06-14T17:27:16.638-0300] {dag.py:3954} INFO - Setting next_dagrun for tutorial_taskflow_api to None, run_after=None
[2024-06-14T17:27:16.663-0300] {processor.py:183} INFO - Processing /home/maira/projeto_indicium_engineering/venv/lib/python3.10/site-packages/airflow/example_dags/tutorial_taskflow_api.py took 0.059 seconds
[2024-06-14T17:27:57.780-0300] {processor.py:161} INFO - Started process (PID=96042) to work on /home/maira/projeto_indicium_engineering/venv/lib/python3.10/site-packages/airflow/example_dags/tutorial_taskflow_api.py
[2024-06-14T17:27:57.782-0300] {processor.py:830} INFO - Processing file /home/maira/projeto_indicium_engineering/venv/lib/python3.10/site-packages/airflow/example_dags/tutorial_taskflow_api.py for tasks to queue
[2024-06-14T17:27:57.783-0300] {logging_mixin.py:188} INFO - [2024-06-14T17:27:57.783-0300] {dagbag.py:545} INFO - Filling up the DagBag from /home/maira/projeto_indicium_engineering/venv/lib/python3.10/site-packages/airflow/example_dags/tutorial_taskflow_api.py
[2024-06-14T17:27:57.790-0300] {processor.py:840} INFO - DAG(s) 'tutorial_taskflow_api' retrieved from /home/maira/projeto_indicium_engineering/venv/lib/python3.10/site-packages/airflow/example_dags/tutorial_taskflow_api.py
[2024-06-14T17:27:57.801-0300] {logging_mixin.py:188} INFO - [2024-06-14T17:27:57.801-0300] {dag.py:3096} INFO - Sync 1 DAGs
[2024-06-14T17:27:57.809-0300] {logging_mixin.py:188} INFO - [2024-06-14T17:27:57.809-0300] {dag.py:3954} INFO - Setting next_dagrun for tutorial_taskflow_api to None, run_after=None
[2024-06-14T17:27:57.832-0300] {processor.py:183} INFO - Processing /home/maira/projeto_indicium_engineering/venv/lib/python3.10/site-packages/airflow/example_dags/tutorial_taskflow_api.py took 0.057 seconds
[2024-06-14T17:28:55.766-0300] {processor.py:161} INFO - Started process (PID=96331) to work on /home/maira/projeto_indicium_engineering/venv/lib/python3.10/site-packages/airflow/example_dags/tutorial_taskflow_api.py
[2024-06-14T17:28:55.767-0300] {processor.py:830} INFO - Processing file /home/maira/projeto_indicium_engineering/venv/lib/python3.10/site-packages/airflow/example_dags/tutorial_taskflow_api.py for tasks to queue
[2024-06-14T17:28:55.769-0300] {logging_mixin.py:188} INFO - [2024-06-14T17:28:55.768-0300] {dagbag.py:545} INFO - Filling up the DagBag from /home/maira/projeto_indicium_engineering/venv/lib/python3.10/site-packages/airflow/example_dags/tutorial_taskflow_api.py
[2024-06-14T17:28:55.774-0300] {processor.py:840} INFO - DAG(s) 'tutorial_taskflow_api' retrieved from /home/maira/projeto_indicium_engineering/venv/lib/python3.10/site-packages/airflow/example_dags/tutorial_taskflow_api.py
[2024-06-14T17:28:55.786-0300] {logging_mixin.py:188} INFO - [2024-06-14T17:28:55.786-0300] {dag.py:3096} INFO - Sync 1 DAGs
[2024-06-14T17:28:55.794-0300] {logging_mixin.py:188} INFO - [2024-06-14T17:28:55.794-0300] {dag.py:3954} INFO - Setting next_dagrun for tutorial_taskflow_api to None, run_after=None
[2024-06-14T17:28:55.816-0300] {processor.py:183} INFO - Processing /home/maira/projeto_indicium_engineering/venv/lib/python3.10/site-packages/airflow/example_dags/tutorial_taskflow_api.py took 0.057 seconds
[2024-06-14T17:29:51.828-0300] {processor.py:161} INFO - Started process (PID=96610) to work on /home/maira/projeto_indicium_engineering/venv/lib/python3.10/site-packages/airflow/example_dags/tutorial_taskflow_api.py
[2024-06-14T17:29:51.833-0300] {processor.py:830} INFO - Processing file /home/maira/projeto_indicium_engineering/venv/lib/python3.10/site-packages/airflow/example_dags/tutorial_taskflow_api.py for tasks to queue
[2024-06-14T17:29:51.835-0300] {logging_mixin.py:188} INFO - [2024-06-14T17:29:51.835-0300] {dagbag.py:545} INFO - Filling up the DagBag from /home/maira/projeto_indicium_engineering/venv/lib/python3.10/site-packages/airflow/example_dags/tutorial_taskflow_api.py
[2024-06-14T17:29:51.840-0300] {processor.py:840} INFO - DAG(s) 'tutorial_taskflow_api' retrieved from /home/maira/projeto_indicium_engineering/venv/lib/python3.10/site-packages/airflow/example_dags/tutorial_taskflow_api.py
[2024-06-14T17:29:51.851-0300] {logging_mixin.py:188} INFO - [2024-06-14T17:29:51.851-0300] {dag.py:3096} INFO - Sync 1 DAGs
[2024-06-14T17:29:51.859-0300] {logging_mixin.py:188} INFO - [2024-06-14T17:29:51.859-0300] {dag.py:3954} INFO - Setting next_dagrun for tutorial_taskflow_api to None, run_after=None
[2024-06-14T17:29:51.883-0300] {processor.py:183} INFO - Processing /home/maira/projeto_indicium_engineering/venv/lib/python3.10/site-packages/airflow/example_dags/tutorial_taskflow_api.py took 0.059 seconds
[2024-06-14T17:30:32.422-0300] {processor.py:161} INFO - Started process (PID=96813) to work on /home/maira/projeto_indicium_engineering/venv/lib/python3.10/site-packages/airflow/example_dags/tutorial_taskflow_api.py
[2024-06-14T17:30:32.424-0300] {processor.py:830} INFO - Processing file /home/maira/projeto_indicium_engineering/venv/lib/python3.10/site-packages/airflow/example_dags/tutorial_taskflow_api.py for tasks to queue
[2024-06-14T17:30:32.426-0300] {logging_mixin.py:188} INFO - [2024-06-14T17:30:32.426-0300] {dagbag.py:545} INFO - Filling up the DagBag from /home/maira/projeto_indicium_engineering/venv/lib/python3.10/site-packages/airflow/example_dags/tutorial_taskflow_api.py
[2024-06-14T17:30:32.431-0300] {processor.py:840} INFO - DAG(s) 'tutorial_taskflow_api' retrieved from /home/maira/projeto_indicium_engineering/venv/lib/python3.10/site-packages/airflow/example_dags/tutorial_taskflow_api.py
[2024-06-14T17:30:32.442-0300] {logging_mixin.py:188} INFO - [2024-06-14T17:30:32.442-0300] {dag.py:3096} INFO - Sync 1 DAGs
[2024-06-14T17:30:32.450-0300] {logging_mixin.py:188} INFO - [2024-06-14T17:30:32.450-0300] {dag.py:3954} INFO - Setting next_dagrun for tutorial_taskflow_api to None, run_after=None
[2024-06-14T17:30:32.474-0300] {processor.py:183} INFO - Processing /home/maira/projeto_indicium_engineering/venv/lib/python3.10/site-packages/airflow/example_dags/tutorial_taskflow_api.py took 0.057 seconds
[2024-06-14T17:31:35.484-0300] {processor.py:161} INFO - Started process (PID=97122) to work on /home/maira/projeto_indicium_engineering/venv/lib/python3.10/site-packages/airflow/example_dags/tutorial_taskflow_api.py
[2024-06-14T17:31:35.490-0300] {processor.py:830} INFO - Processing file /home/maira/projeto_indicium_engineering/venv/lib/python3.10/site-packages/airflow/example_dags/tutorial_taskflow_api.py for tasks to queue
[2024-06-14T17:31:35.492-0300] {logging_mixin.py:188} INFO - [2024-06-14T17:31:35.491-0300] {dagbag.py:545} INFO - Filling up the DagBag from /home/maira/projeto_indicium_engineering/venv/lib/python3.10/site-packages/airflow/example_dags/tutorial_taskflow_api.py
[2024-06-14T17:31:35.497-0300] {processor.py:840} INFO - DAG(s) 'tutorial_taskflow_api' retrieved from /home/maira/projeto_indicium_engineering/venv/lib/python3.10/site-packages/airflow/example_dags/tutorial_taskflow_api.py
[2024-06-14T17:31:35.511-0300] {logging_mixin.py:188} INFO - [2024-06-14T17:31:35.510-0300] {dag.py:3096} INFO - Sync 1 DAGs
[2024-06-14T17:31:35.519-0300] {logging_mixin.py:188} INFO - [2024-06-14T17:31:35.519-0300] {dag.py:3954} INFO - Setting next_dagrun for tutorial_taskflow_api to None, run_after=None
[2024-06-14T17:31:35.564-0300] {processor.py:183} INFO - Processing /home/maira/projeto_indicium_engineering/venv/lib/python3.10/site-packages/airflow/example_dags/tutorial_taskflow_api.py took 0.086 seconds
[2024-06-14T17:32:21.840-0300] {processor.py:161} INFO - Started process (PID=97350) to work on /home/maira/projeto_indicium_engineering/venv/lib/python3.10/site-packages/airflow/example_dags/tutorial_taskflow_api.py
[2024-06-14T17:32:21.843-0300] {processor.py:830} INFO - Processing file /home/maira/projeto_indicium_engineering/venv/lib/python3.10/site-packages/airflow/example_dags/tutorial_taskflow_api.py for tasks to queue
[2024-06-14T17:32:21.845-0300] {logging_mixin.py:188} INFO - [2024-06-14T17:32:21.844-0300] {dagbag.py:545} INFO - Filling up the DagBag from /home/maira/projeto_indicium_engineering/venv/lib/python3.10/site-packages/airflow/example_dags/tutorial_taskflow_api.py
[2024-06-14T17:32:21.852-0300] {processor.py:840} INFO - DAG(s) 'tutorial_taskflow_api' retrieved from /home/maira/projeto_indicium_engineering/venv/lib/python3.10/site-packages/airflow/example_dags/tutorial_taskflow_api.py
[2024-06-14T17:32:21.863-0300] {logging_mixin.py:188} INFO - [2024-06-14T17:32:21.863-0300] {dag.py:3096} INFO - Sync 1 DAGs
[2024-06-14T17:32:21.872-0300] {logging_mixin.py:188} INFO - [2024-06-14T17:32:21.872-0300] {dag.py:3954} INFO - Setting next_dagrun for tutorial_taskflow_api to None, run_after=None
[2024-06-14T17:32:21.896-0300] {processor.py:183} INFO - Processing /home/maira/projeto_indicium_engineering/venv/lib/python3.10/site-packages/airflow/example_dags/tutorial_taskflow_api.py took 0.061 seconds
[2024-06-14T17:33:03.772-0300] {processor.py:161} INFO - Started process (PID=97557) to work on /home/maira/projeto_indicium_engineering/venv/lib/python3.10/site-packages/airflow/example_dags/tutorial_taskflow_api.py
[2024-06-14T17:33:03.774-0300] {processor.py:830} INFO - Processing file /home/maira/projeto_indicium_engineering/venv/lib/python3.10/site-packages/airflow/example_dags/tutorial_taskflow_api.py for tasks to queue
[2024-06-14T17:33:03.775-0300] {logging_mixin.py:188} INFO - [2024-06-14T17:33:03.775-0300] {dagbag.py:545} INFO - Filling up the DagBag from /home/maira/projeto_indicium_engineering/venv/lib/python3.10/site-packages/airflow/example_dags/tutorial_taskflow_api.py
[2024-06-14T17:33:03.780-0300] {processor.py:840} INFO - DAG(s) 'tutorial_taskflow_api' retrieved from /home/maira/projeto_indicium_engineering/venv/lib/python3.10/site-packages/airflow/example_dags/tutorial_taskflow_api.py
[2024-06-14T17:33:03.791-0300] {logging_mixin.py:188} INFO - [2024-06-14T17:33:03.791-0300] {dag.py:3096} INFO - Sync 1 DAGs
[2024-06-14T17:33:03.800-0300] {logging_mixin.py:188} INFO - [2024-06-14T17:33:03.799-0300] {dag.py:3954} INFO - Setting next_dagrun for tutorial_taskflow_api to None, run_after=None
[2024-06-14T17:33:03.824-0300] {processor.py:183} INFO - Processing /home/maira/projeto_indicium_engineering/venv/lib/python3.10/site-packages/airflow/example_dags/tutorial_taskflow_api.py took 0.057 seconds
[2024-06-14T17:33:44.885-0300] {processor.py:161} INFO - Started process (PID=97761) to work on /home/maira/projeto_indicium_engineering/venv/lib/python3.10/site-packages/airflow/example_dags/tutorial_taskflow_api.py
[2024-06-14T17:33:44.886-0300] {processor.py:830} INFO - Processing file /home/maira/projeto_indicium_engineering/venv/lib/python3.10/site-packages/airflow/example_dags/tutorial_taskflow_api.py for tasks to queue
[2024-06-14T17:33:44.888-0300] {logging_mixin.py:188} INFO - [2024-06-14T17:33:44.888-0300] {dagbag.py:545} INFO - Filling up the DagBag from /home/maira/projeto_indicium_engineering/venv/lib/python3.10/site-packages/airflow/example_dags/tutorial_taskflow_api.py
[2024-06-14T17:33:44.894-0300] {processor.py:840} INFO - DAG(s) 'tutorial_taskflow_api' retrieved from /home/maira/projeto_indicium_engineering/venv/lib/python3.10/site-packages/airflow/example_dags/tutorial_taskflow_api.py
[2024-06-14T17:33:44.906-0300] {logging_mixin.py:188} INFO - [2024-06-14T17:33:44.905-0300] {dag.py:3096} INFO - Sync 1 DAGs
[2024-06-14T17:33:44.913-0300] {logging_mixin.py:188} INFO - [2024-06-14T17:33:44.913-0300] {dag.py:3954} INFO - Setting next_dagrun for tutorial_taskflow_api to None, run_after=None
[2024-06-14T17:33:44.938-0300] {processor.py:183} INFO - Processing /home/maira/projeto_indicium_engineering/venv/lib/python3.10/site-packages/airflow/example_dags/tutorial_taskflow_api.py took 0.059 seconds
[2024-06-14T17:34:40.972-0300] {processor.py:161} INFO - Started process (PID=98039) to work on /home/maira/projeto_indicium_engineering/venv/lib/python3.10/site-packages/airflow/example_dags/tutorial_taskflow_api.py
[2024-06-14T17:34:40.976-0300] {processor.py:830} INFO - Processing file /home/maira/projeto_indicium_engineering/venv/lib/python3.10/site-packages/airflow/example_dags/tutorial_taskflow_api.py for tasks to queue
[2024-06-14T17:34:40.978-0300] {logging_mixin.py:188} INFO - [2024-06-14T17:34:40.978-0300] {dagbag.py:545} INFO - Filling up the DagBag from /home/maira/projeto_indicium_engineering/venv/lib/python3.10/site-packages/airflow/example_dags/tutorial_taskflow_api.py
[2024-06-14T17:34:40.985-0300] {processor.py:840} INFO - DAG(s) 'tutorial_taskflow_api' retrieved from /home/maira/projeto_indicium_engineering/venv/lib/python3.10/site-packages/airflow/example_dags/tutorial_taskflow_api.py
[2024-06-14T17:34:41.002-0300] {logging_mixin.py:188} INFO - [2024-06-14T17:34:41.002-0300] {dag.py:3096} INFO - Sync 1 DAGs
[2024-06-14T17:34:41.014-0300] {logging_mixin.py:188} INFO - [2024-06-14T17:34:41.014-0300] {dag.py:3954} INFO - Setting next_dagrun for tutorial_taskflow_api to None, run_after=None
[2024-06-14T17:34:41.042-0300] {processor.py:183} INFO - Processing /home/maira/projeto_indicium_engineering/venv/lib/python3.10/site-packages/airflow/example_dags/tutorial_taskflow_api.py took 0.076 seconds
[2024-06-14T17:35:39.752-0300] {processor.py:161} INFO - Started process (PID=98334) to work on /home/maira/projeto_indicium_engineering/venv/lib/python3.10/site-packages/airflow/example_dags/tutorial_taskflow_api.py
[2024-06-14T17:35:39.753-0300] {processor.py:830} INFO - Processing file /home/maira/projeto_indicium_engineering/venv/lib/python3.10/site-packages/airflow/example_dags/tutorial_taskflow_api.py for tasks to queue
[2024-06-14T17:35:39.755-0300] {logging_mixin.py:188} INFO - [2024-06-14T17:35:39.755-0300] {dagbag.py:545} INFO - Filling up the DagBag from /home/maira/projeto_indicium_engineering/venv/lib/python3.10/site-packages/airflow/example_dags/tutorial_taskflow_api.py
[2024-06-14T17:35:39.760-0300] {processor.py:840} INFO - DAG(s) 'tutorial_taskflow_api' retrieved from /home/maira/projeto_indicium_engineering/venv/lib/python3.10/site-packages/airflow/example_dags/tutorial_taskflow_api.py
[2024-06-14T17:35:39.772-0300] {logging_mixin.py:188} INFO - [2024-06-14T17:35:39.771-0300] {dag.py:3096} INFO - Sync 1 DAGs
[2024-06-14T17:35:39.780-0300] {logging_mixin.py:188} INFO - [2024-06-14T17:35:39.780-0300] {dag.py:3954} INFO - Setting next_dagrun for tutorial_taskflow_api to None, run_after=None
[2024-06-14T17:35:39.801-0300] {processor.py:183} INFO - Processing /home/maira/projeto_indicium_engineering/venv/lib/python3.10/site-packages/airflow/example_dags/tutorial_taskflow_api.py took 0.054 seconds
[2024-06-14T17:36:41.591-0300] {processor.py:161} INFO - Started process (PID=98639) to work on /home/maira/projeto_indicium_engineering/venv/lib/python3.10/site-packages/airflow/example_dags/tutorial_taskflow_api.py
[2024-06-14T17:36:41.593-0300] {processor.py:830} INFO - Processing file /home/maira/projeto_indicium_engineering/venv/lib/python3.10/site-packages/airflow/example_dags/tutorial_taskflow_api.py for tasks to queue
[2024-06-14T17:36:41.595-0300] {logging_mixin.py:188} INFO - [2024-06-14T17:36:41.595-0300] {dagbag.py:545} INFO - Filling up the DagBag from /home/maira/projeto_indicium_engineering/venv/lib/python3.10/site-packages/airflow/example_dags/tutorial_taskflow_api.py
[2024-06-14T17:36:41.601-0300] {processor.py:840} INFO - DAG(s) 'tutorial_taskflow_api' retrieved from /home/maira/projeto_indicium_engineering/venv/lib/python3.10/site-packages/airflow/example_dags/tutorial_taskflow_api.py
[2024-06-14T17:36:41.613-0300] {logging_mixin.py:188} INFO - [2024-06-14T17:36:41.613-0300] {dag.py:3096} INFO - Sync 1 DAGs
[2024-06-14T17:36:41.622-0300] {logging_mixin.py:188} INFO - [2024-06-14T17:36:41.622-0300] {dag.py:3954} INFO - Setting next_dagrun for tutorial_taskflow_api to None, run_after=None
[2024-06-14T17:36:41.645-0300] {processor.py:183} INFO - Processing /home/maira/projeto_indicium_engineering/venv/lib/python3.10/site-packages/airflow/example_dags/tutorial_taskflow_api.py took 0.059 seconds
[2024-06-14T17:37:23.777-0300] {processor.py:161} INFO - Started process (PID=98848) to work on /home/maira/projeto_indicium_engineering/venv/lib/python3.10/site-packages/airflow/example_dags/tutorial_taskflow_api.py
[2024-06-14T17:37:23.778-0300] {processor.py:830} INFO - Processing file /home/maira/projeto_indicium_engineering/venv/lib/python3.10/site-packages/airflow/example_dags/tutorial_taskflow_api.py for tasks to queue
[2024-06-14T17:37:23.781-0300] {logging_mixin.py:188} INFO - [2024-06-14T17:37:23.781-0300] {dagbag.py:545} INFO - Filling up the DagBag from /home/maira/projeto_indicium_engineering/venv/lib/python3.10/site-packages/airflow/example_dags/tutorial_taskflow_api.py
[2024-06-14T17:37:23.788-0300] {processor.py:840} INFO - DAG(s) 'tutorial_taskflow_api' retrieved from /home/maira/projeto_indicium_engineering/venv/lib/python3.10/site-packages/airflow/example_dags/tutorial_taskflow_api.py
[2024-06-14T17:37:23.803-0300] {logging_mixin.py:188} INFO - [2024-06-14T17:37:23.803-0300] {dag.py:3096} INFO - Sync 1 DAGs
[2024-06-14T17:37:23.812-0300] {logging_mixin.py:188} INFO - [2024-06-14T17:37:23.812-0300] {dag.py:3954} INFO - Setting next_dagrun for tutorial_taskflow_api to None, run_after=None
[2024-06-14T17:37:23.837-0300] {processor.py:183} INFO - Processing /home/maira/projeto_indicium_engineering/venv/lib/python3.10/site-packages/airflow/example_dags/tutorial_taskflow_api.py took 0.066 seconds
[2024-06-14T17:38:21.100-0300] {processor.py:161} INFO - Started process (PID=99133) to work on /home/maira/projeto_indicium_engineering/venv/lib/python3.10/site-packages/airflow/example_dags/tutorial_taskflow_api.py
[2024-06-14T17:38:21.102-0300] {processor.py:830} INFO - Processing file /home/maira/projeto_indicium_engineering/venv/lib/python3.10/site-packages/airflow/example_dags/tutorial_taskflow_api.py for tasks to queue
[2024-06-14T17:38:21.104-0300] {logging_mixin.py:188} INFO - [2024-06-14T17:38:21.103-0300] {dagbag.py:545} INFO - Filling up the DagBag from /home/maira/projeto_indicium_engineering/venv/lib/python3.10/site-packages/airflow/example_dags/tutorial_taskflow_api.py
[2024-06-14T17:38:21.109-0300] {processor.py:840} INFO - DAG(s) 'tutorial_taskflow_api' retrieved from /home/maira/projeto_indicium_engineering/venv/lib/python3.10/site-packages/airflow/example_dags/tutorial_taskflow_api.py
[2024-06-14T17:38:21.123-0300] {logging_mixin.py:188} INFO - [2024-06-14T17:38:21.123-0300] {dag.py:3096} INFO - Sync 1 DAGs
[2024-06-14T17:38:21.131-0300] {logging_mixin.py:188} INFO - [2024-06-14T17:38:21.131-0300] {dag.py:3954} INFO - Setting next_dagrun for tutorial_taskflow_api to None, run_after=None
[2024-06-14T17:38:21.157-0300] {processor.py:183} INFO - Processing /home/maira/projeto_indicium_engineering/venv/lib/python3.10/site-packages/airflow/example_dags/tutorial_taskflow_api.py took 0.062 seconds
[2024-06-14T17:39:19.702-0300] {processor.py:161} INFO - Started process (PID=99424) to work on /home/maira/projeto_indicium_engineering/venv/lib/python3.10/site-packages/airflow/example_dags/tutorial_taskflow_api.py
[2024-06-14T17:39:19.704-0300] {processor.py:830} INFO - Processing file /home/maira/projeto_indicium_engineering/venv/lib/python3.10/site-packages/airflow/example_dags/tutorial_taskflow_api.py for tasks to queue
[2024-06-14T17:39:19.705-0300] {logging_mixin.py:188} INFO - [2024-06-14T17:39:19.705-0300] {dagbag.py:545} INFO - Filling up the DagBag from /home/maira/projeto_indicium_engineering/venv/lib/python3.10/site-packages/airflow/example_dags/tutorial_taskflow_api.py
[2024-06-14T17:39:19.710-0300] {processor.py:840} INFO - DAG(s) 'tutorial_taskflow_api' retrieved from /home/maira/projeto_indicium_engineering/venv/lib/python3.10/site-packages/airflow/example_dags/tutorial_taskflow_api.py
[2024-06-14T17:39:19.721-0300] {logging_mixin.py:188} INFO - [2024-06-14T17:39:19.721-0300] {dag.py:3096} INFO - Sync 1 DAGs
[2024-06-14T17:39:19.730-0300] {logging_mixin.py:188} INFO - [2024-06-14T17:39:19.729-0300] {dag.py:3954} INFO - Setting next_dagrun for tutorial_taskflow_api to None, run_after=None
[2024-06-14T17:39:19.754-0300] {processor.py:183} INFO - Processing /home/maira/projeto_indicium_engineering/venv/lib/python3.10/site-packages/airflow/example_dags/tutorial_taskflow_api.py took 0.057 seconds
[2024-06-14T17:40:19.889-0300] {processor.py:161} INFO - Started process (PID=99723) to work on /home/maira/projeto_indicium_engineering/venv/lib/python3.10/site-packages/airflow/example_dags/tutorial_taskflow_api.py
[2024-06-14T17:40:19.894-0300] {processor.py:830} INFO - Processing file /home/maira/projeto_indicium_engineering/venv/lib/python3.10/site-packages/airflow/example_dags/tutorial_taskflow_api.py for tasks to queue
[2024-06-14T17:40:19.896-0300] {logging_mixin.py:188} INFO - [2024-06-14T17:40:19.896-0300] {dagbag.py:545} INFO - Filling up the DagBag from /home/maira/projeto_indicium_engineering/venv/lib/python3.10/site-packages/airflow/example_dags/tutorial_taskflow_api.py
[2024-06-14T17:40:19.901-0300] {processor.py:840} INFO - DAG(s) 'tutorial_taskflow_api' retrieved from /home/maira/projeto_indicium_engineering/venv/lib/python3.10/site-packages/airflow/example_dags/tutorial_taskflow_api.py
[2024-06-14T17:40:19.912-0300] {logging_mixin.py:188} INFO - [2024-06-14T17:40:19.912-0300] {dag.py:3096} INFO - Sync 1 DAGs
[2024-06-14T17:40:19.920-0300] {logging_mixin.py:188} INFO - [2024-06-14T17:40:19.920-0300] {dag.py:3954} INFO - Setting next_dagrun for tutorial_taskflow_api to None, run_after=None
[2024-06-14T17:40:19.942-0300] {processor.py:183} INFO - Processing /home/maira/projeto_indicium_engineering/venv/lib/python3.10/site-packages/airflow/example_dags/tutorial_taskflow_api.py took 0.058 seconds
[2024-06-14T17:41:22.283-0300] {processor.py:161} INFO - Started process (PID=100030) to work on /home/maira/projeto_indicium_engineering/venv/lib/python3.10/site-packages/airflow/example_dags/tutorial_taskflow_api.py
[2024-06-14T17:41:22.285-0300] {processor.py:830} INFO - Processing file /home/maira/projeto_indicium_engineering/venv/lib/python3.10/site-packages/airflow/example_dags/tutorial_taskflow_api.py for tasks to queue
[2024-06-14T17:41:22.287-0300] {logging_mixin.py:188} INFO - [2024-06-14T17:41:22.286-0300] {dagbag.py:545} INFO - Filling up the DagBag from /home/maira/projeto_indicium_engineering/venv/lib/python3.10/site-packages/airflow/example_dags/tutorial_taskflow_api.py
[2024-06-14T17:41:22.294-0300] {processor.py:840} INFO - DAG(s) 'tutorial_taskflow_api' retrieved from /home/maira/projeto_indicium_engineering/venv/lib/python3.10/site-packages/airflow/example_dags/tutorial_taskflow_api.py
[2024-06-14T17:41:22.308-0300] {logging_mixin.py:188} INFO - [2024-06-14T17:41:22.308-0300] {dag.py:3096} INFO - Sync 1 DAGs
[2024-06-14T17:41:22.318-0300] {logging_mixin.py:188} INFO - [2024-06-14T17:41:22.317-0300] {dag.py:3954} INFO - Setting next_dagrun for tutorial_taskflow_api to None, run_after=None
[2024-06-14T17:41:22.340-0300] {processor.py:183} INFO - Processing /home/maira/projeto_indicium_engineering/venv/lib/python3.10/site-packages/airflow/example_dags/tutorial_taskflow_api.py took 0.065 seconds
[2024-06-14T17:42:20.786-0300] {processor.py:161} INFO - Started process (PID=100321) to work on /home/maira/projeto_indicium_engineering/venv/lib/python3.10/site-packages/airflow/example_dags/tutorial_taskflow_api.py
[2024-06-14T17:42:20.788-0300] {processor.py:830} INFO - Processing file /home/maira/projeto_indicium_engineering/venv/lib/python3.10/site-packages/airflow/example_dags/tutorial_taskflow_api.py for tasks to queue
[2024-06-14T17:42:20.789-0300] {logging_mixin.py:188} INFO - [2024-06-14T17:42:20.789-0300] {dagbag.py:545} INFO - Filling up the DagBag from /home/maira/projeto_indicium_engineering/venv/lib/python3.10/site-packages/airflow/example_dags/tutorial_taskflow_api.py
[2024-06-14T17:42:20.795-0300] {processor.py:840} INFO - DAG(s) 'tutorial_taskflow_api' retrieved from /home/maira/projeto_indicium_engineering/venv/lib/python3.10/site-packages/airflow/example_dags/tutorial_taskflow_api.py
[2024-06-14T17:42:20.806-0300] {logging_mixin.py:188} INFO - [2024-06-14T17:42:20.806-0300] {dag.py:3096} INFO - Sync 1 DAGs
[2024-06-14T17:42:20.815-0300] {logging_mixin.py:188} INFO - [2024-06-14T17:42:20.814-0300] {dag.py:3954} INFO - Setting next_dagrun for tutorial_taskflow_api to None, run_after=None
[2024-06-14T17:42:20.840-0300] {processor.py:183} INFO - Processing /home/maira/projeto_indicium_engineering/venv/lib/python3.10/site-packages/airflow/example_dags/tutorial_taskflow_api.py took 0.059 seconds
[2024-06-14T17:43:03.649-0300] {processor.py:161} INFO - Started process (PID=100533) to work on /home/maira/projeto_indicium_engineering/venv/lib/python3.10/site-packages/airflow/example_dags/tutorial_taskflow_api.py
[2024-06-14T17:43:03.650-0300] {processor.py:830} INFO - Processing file /home/maira/projeto_indicium_engineering/venv/lib/python3.10/site-packages/airflow/example_dags/tutorial_taskflow_api.py for tasks to queue
[2024-06-14T17:43:03.651-0300] {logging_mixin.py:188} INFO - [2024-06-14T17:43:03.651-0300] {dagbag.py:545} INFO - Filling up the DagBag from /home/maira/projeto_indicium_engineering/venv/lib/python3.10/site-packages/airflow/example_dags/tutorial_taskflow_api.py
[2024-06-14T17:43:03.657-0300] {processor.py:840} INFO - DAG(s) 'tutorial_taskflow_api' retrieved from /home/maira/projeto_indicium_engineering/venv/lib/python3.10/site-packages/airflow/example_dags/tutorial_taskflow_api.py
[2024-06-14T17:43:03.670-0300] {logging_mixin.py:188} INFO - [2024-06-14T17:43:03.669-0300] {dag.py:3096} INFO - Sync 1 DAGs
[2024-06-14T17:43:03.679-0300] {logging_mixin.py:188} INFO - [2024-06-14T17:43:03.679-0300] {dag.py:3954} INFO - Setting next_dagrun for tutorial_taskflow_api to None, run_after=None
[2024-06-14T17:43:03.705-0300] {processor.py:183} INFO - Processing /home/maira/projeto_indicium_engineering/venv/lib/python3.10/site-packages/airflow/example_dags/tutorial_taskflow_api.py took 0.061 seconds
[2024-06-14T17:43:59.748-0300] {processor.py:161} INFO - Started process (PID=100813) to work on /home/maira/projeto_indicium_engineering/venv/lib/python3.10/site-packages/airflow/example_dags/tutorial_taskflow_api.py
[2024-06-14T17:43:59.749-0300] {processor.py:830} INFO - Processing file /home/maira/projeto_indicium_engineering/venv/lib/python3.10/site-packages/airflow/example_dags/tutorial_taskflow_api.py for tasks to queue
[2024-06-14T17:43:59.750-0300] {logging_mixin.py:188} INFO - [2024-06-14T17:43:59.750-0300] {dagbag.py:545} INFO - Filling up the DagBag from /home/maira/projeto_indicium_engineering/venv/lib/python3.10/site-packages/airflow/example_dags/tutorial_taskflow_api.py
[2024-06-14T17:43:59.756-0300] {processor.py:840} INFO - DAG(s) 'tutorial_taskflow_api' retrieved from /home/maira/projeto_indicium_engineering/venv/lib/python3.10/site-packages/airflow/example_dags/tutorial_taskflow_api.py
[2024-06-14T17:43:59.767-0300] {logging_mixin.py:188} INFO - [2024-06-14T17:43:59.767-0300] {dag.py:3096} INFO - Sync 1 DAGs
[2024-06-14T17:43:59.775-0300] {logging_mixin.py:188} INFO - [2024-06-14T17:43:59.775-0300] {dag.py:3954} INFO - Setting next_dagrun for tutorial_taskflow_api to None, run_after=None
[2024-06-14T17:43:59.797-0300] {processor.py:183} INFO - Processing /home/maira/projeto_indicium_engineering/venv/lib/python3.10/site-packages/airflow/example_dags/tutorial_taskflow_api.py took 0.054 seconds
[2024-06-14T17:44:56.525-0300] {processor.py:161} INFO - Started process (PID=101096) to work on /home/maira/projeto_indicium_engineering/venv/lib/python3.10/site-packages/airflow/example_dags/tutorial_taskflow_api.py
[2024-06-14T17:44:56.529-0300] {processor.py:830} INFO - Processing file /home/maira/projeto_indicium_engineering/venv/lib/python3.10/site-packages/airflow/example_dags/tutorial_taskflow_api.py for tasks to queue
[2024-06-14T17:44:56.531-0300] {logging_mixin.py:188} INFO - [2024-06-14T17:44:56.530-0300] {dagbag.py:545} INFO - Filling up the DagBag from /home/maira/projeto_indicium_engineering/venv/lib/python3.10/site-packages/airflow/example_dags/tutorial_taskflow_api.py
[2024-06-14T17:44:56.535-0300] {processor.py:840} INFO - DAG(s) 'tutorial_taskflow_api' retrieved from /home/maira/projeto_indicium_engineering/venv/lib/python3.10/site-packages/airflow/example_dags/tutorial_taskflow_api.py
[2024-06-14T17:44:56.546-0300] {logging_mixin.py:188} INFO - [2024-06-14T17:44:56.546-0300] {dag.py:3096} INFO - Sync 1 DAGs
[2024-06-14T17:44:56.554-0300] {logging_mixin.py:188} INFO - [2024-06-14T17:44:56.554-0300] {dag.py:3954} INFO - Setting next_dagrun for tutorial_taskflow_api to None, run_after=None
[2024-06-14T17:44:56.579-0300] {processor.py:183} INFO - Processing /home/maira/projeto_indicium_engineering/venv/lib/python3.10/site-packages/airflow/example_dags/tutorial_taskflow_api.py took 0.059 seconds
[2024-06-14T17:45:56.640-0300] {processor.py:161} INFO - Started process (PID=101396) to work on /home/maira/projeto_indicium_engineering/venv/lib/python3.10/site-packages/airflow/example_dags/tutorial_taskflow_api.py
[2024-06-14T17:45:56.641-0300] {processor.py:830} INFO - Processing file /home/maira/projeto_indicium_engineering/venv/lib/python3.10/site-packages/airflow/example_dags/tutorial_taskflow_api.py for tasks to queue
[2024-06-14T17:45:56.643-0300] {logging_mixin.py:188} INFO - [2024-06-14T17:45:56.643-0300] {dagbag.py:545} INFO - Filling up the DagBag from /home/maira/projeto_indicium_engineering/venv/lib/python3.10/site-packages/airflow/example_dags/tutorial_taskflow_api.py
[2024-06-14T17:45:56.650-0300] {processor.py:840} INFO - DAG(s) 'tutorial_taskflow_api' retrieved from /home/maira/projeto_indicium_engineering/venv/lib/python3.10/site-packages/airflow/example_dags/tutorial_taskflow_api.py
[2024-06-14T17:45:56.661-0300] {logging_mixin.py:188} INFO - [2024-06-14T17:45:56.661-0300] {dag.py:3096} INFO - Sync 1 DAGs
[2024-06-14T17:45:56.669-0300] {logging_mixin.py:188} INFO - [2024-06-14T17:45:56.669-0300] {dag.py:3954} INFO - Setting next_dagrun for tutorial_taskflow_api to None, run_after=None
[2024-06-14T17:45:56.693-0300] {processor.py:183} INFO - Processing /home/maira/projeto_indicium_engineering/venv/lib/python3.10/site-packages/airflow/example_dags/tutorial_taskflow_api.py took 0.059 seconds
[2024-06-14T17:46:57.415-0300] {processor.py:161} INFO - Started process (PID=101696) to work on /home/maira/projeto_indicium_engineering/venv/lib/python3.10/site-packages/airflow/example_dags/tutorial_taskflow_api.py
[2024-06-14T17:46:57.417-0300] {processor.py:830} INFO - Processing file /home/maira/projeto_indicium_engineering/venv/lib/python3.10/site-packages/airflow/example_dags/tutorial_taskflow_api.py for tasks to queue
[2024-06-14T17:46:57.418-0300] {logging_mixin.py:188} INFO - [2024-06-14T17:46:57.418-0300] {dagbag.py:545} INFO - Filling up the DagBag from /home/maira/projeto_indicium_engineering/venv/lib/python3.10/site-packages/airflow/example_dags/tutorial_taskflow_api.py
[2024-06-14T17:46:57.425-0300] {processor.py:840} INFO - DAG(s) 'tutorial_taskflow_api' retrieved from /home/maira/projeto_indicium_engineering/venv/lib/python3.10/site-packages/airflow/example_dags/tutorial_taskflow_api.py
[2024-06-14T17:46:57.436-0300] {logging_mixin.py:188} INFO - [2024-06-14T17:46:57.436-0300] {dag.py:3096} INFO - Sync 1 DAGs
[2024-06-14T17:46:57.444-0300] {logging_mixin.py:188} INFO - [2024-06-14T17:46:57.444-0300] {dag.py:3954} INFO - Setting next_dagrun for tutorial_taskflow_api to None, run_after=None
[2024-06-14T17:46:57.469-0300] {processor.py:183} INFO - Processing /home/maira/projeto_indicium_engineering/venv/lib/python3.10/site-packages/airflow/example_dags/tutorial_taskflow_api.py took 0.059 seconds
[2024-06-14T17:47:55.048-0300] {processor.py:161} INFO - Started process (PID=101982) to work on /home/maira/projeto_indicium_engineering/venv/lib/python3.10/site-packages/airflow/example_dags/tutorial_taskflow_api.py
[2024-06-14T17:47:55.051-0300] {processor.py:830} INFO - Processing file /home/maira/projeto_indicium_engineering/venv/lib/python3.10/site-packages/airflow/example_dags/tutorial_taskflow_api.py for tasks to queue
[2024-06-14T17:47:55.052-0300] {logging_mixin.py:188} INFO - [2024-06-14T17:47:55.052-0300] {dagbag.py:545} INFO - Filling up the DagBag from /home/maira/projeto_indicium_engineering/venv/lib/python3.10/site-packages/airflow/example_dags/tutorial_taskflow_api.py
[2024-06-14T17:47:55.058-0300] {processor.py:840} INFO - DAG(s) 'tutorial_taskflow_api' retrieved from /home/maira/projeto_indicium_engineering/venv/lib/python3.10/site-packages/airflow/example_dags/tutorial_taskflow_api.py
[2024-06-14T17:47:55.070-0300] {logging_mixin.py:188} INFO - [2024-06-14T17:47:55.070-0300] {dag.py:3096} INFO - Sync 1 DAGs
[2024-06-14T17:47:55.078-0300] {logging_mixin.py:188} INFO - [2024-06-14T17:47:55.078-0300] {dag.py:3954} INFO - Setting next_dagrun for tutorial_taskflow_api to None, run_after=None
[2024-06-14T17:47:55.105-0300] {processor.py:183} INFO - Processing /home/maira/projeto_indicium_engineering/venv/lib/python3.10/site-packages/airflow/example_dags/tutorial_taskflow_api.py took 0.062 seconds
[2024-06-14T17:48:37.061-0300] {processor.py:161} INFO - Started process (PID=102189) to work on /home/maira/projeto_indicium_engineering/venv/lib/python3.10/site-packages/airflow/example_dags/tutorial_taskflow_api.py
[2024-06-14T17:48:37.066-0300] {processor.py:830} INFO - Processing file /home/maira/projeto_indicium_engineering/venv/lib/python3.10/site-packages/airflow/example_dags/tutorial_taskflow_api.py for tasks to queue
[2024-06-14T17:48:37.068-0300] {logging_mixin.py:188} INFO - [2024-06-14T17:48:37.068-0300] {dagbag.py:545} INFO - Filling up the DagBag from /home/maira/projeto_indicium_engineering/venv/lib/python3.10/site-packages/airflow/example_dags/tutorial_taskflow_api.py
[2024-06-14T17:48:37.072-0300] {processor.py:840} INFO - DAG(s) 'tutorial_taskflow_api' retrieved from /home/maira/projeto_indicium_engineering/venv/lib/python3.10/site-packages/airflow/example_dags/tutorial_taskflow_api.py
[2024-06-14T17:48:37.084-0300] {logging_mixin.py:188} INFO - [2024-06-14T17:48:37.083-0300] {dag.py:3096} INFO - Sync 1 DAGs
[2024-06-14T17:48:37.092-0300] {logging_mixin.py:188} INFO - [2024-06-14T17:48:37.091-0300] {dag.py:3954} INFO - Setting next_dagrun for tutorial_taskflow_api to None, run_after=None
[2024-06-14T17:48:37.115-0300] {processor.py:183} INFO - Processing /home/maira/projeto_indicium_engineering/venv/lib/python3.10/site-packages/airflow/example_dags/tutorial_taskflow_api.py took 0.059 seconds
[2024-06-14T17:49:19.967-0300] {processor.py:161} INFO - Started process (PID=102401) to work on /home/maira/projeto_indicium_engineering/venv/lib/python3.10/site-packages/airflow/example_dags/tutorial_taskflow_api.py
[2024-06-14T17:49:19.969-0300] {processor.py:830} INFO - Processing file /home/maira/projeto_indicium_engineering/venv/lib/python3.10/site-packages/airflow/example_dags/tutorial_taskflow_api.py for tasks to queue
[2024-06-14T17:49:19.971-0300] {logging_mixin.py:188} INFO - [2024-06-14T17:49:19.971-0300] {dagbag.py:545} INFO - Filling up the DagBag from /home/maira/projeto_indicium_engineering/venv/lib/python3.10/site-packages/airflow/example_dags/tutorial_taskflow_api.py
[2024-06-14T17:49:19.977-0300] {processor.py:840} INFO - DAG(s) 'tutorial_taskflow_api' retrieved from /home/maira/projeto_indicium_engineering/venv/lib/python3.10/site-packages/airflow/example_dags/tutorial_taskflow_api.py
[2024-06-14T17:49:19.988-0300] {logging_mixin.py:188} INFO - [2024-06-14T17:49:19.988-0300] {dag.py:3096} INFO - Sync 1 DAGs
[2024-06-14T17:49:19.996-0300] {logging_mixin.py:188} INFO - [2024-06-14T17:49:19.996-0300] {dag.py:3954} INFO - Setting next_dagrun for tutorial_taskflow_api to None, run_after=None
[2024-06-14T17:49:20.020-0300] {processor.py:183} INFO - Processing /home/maira/projeto_indicium_engineering/venv/lib/python3.10/site-packages/airflow/example_dags/tutorial_taskflow_api.py took 0.058 seconds
[2024-06-14T17:50:01.207-0300] {processor.py:161} INFO - Started process (PID=102605) to work on /home/maira/projeto_indicium_engineering/venv/lib/python3.10/site-packages/airflow/example_dags/tutorial_taskflow_api.py
[2024-06-14T17:50:01.209-0300] {processor.py:830} INFO - Processing file /home/maira/projeto_indicium_engineering/venv/lib/python3.10/site-packages/airflow/example_dags/tutorial_taskflow_api.py for tasks to queue
[2024-06-14T17:50:01.210-0300] {logging_mixin.py:188} INFO - [2024-06-14T17:50:01.210-0300] {dagbag.py:545} INFO - Filling up the DagBag from /home/maira/projeto_indicium_engineering/venv/lib/python3.10/site-packages/airflow/example_dags/tutorial_taskflow_api.py
[2024-06-14T17:50:01.215-0300] {processor.py:840} INFO - DAG(s) 'tutorial_taskflow_api' retrieved from /home/maira/projeto_indicium_engineering/venv/lib/python3.10/site-packages/airflow/example_dags/tutorial_taskflow_api.py
[2024-06-14T17:50:01.228-0300] {logging_mixin.py:188} INFO - [2024-06-14T17:50:01.228-0300] {dag.py:3096} INFO - Sync 1 DAGs
[2024-06-14T17:50:01.237-0300] {logging_mixin.py:188} INFO - [2024-06-14T17:50:01.237-0300] {dag.py:3954} INFO - Setting next_dagrun for tutorial_taskflow_api to None, run_after=None
[2024-06-14T17:50:01.260-0300] {processor.py:183} INFO - Processing /home/maira/projeto_indicium_engineering/venv/lib/python3.10/site-packages/airflow/example_dags/tutorial_taskflow_api.py took 0.059 seconds
[2024-06-14T17:50:43.550-0300] {processor.py:161} INFO - Started process (PID=102815) to work on /home/maira/projeto_indicium_engineering/venv/lib/python3.10/site-packages/airflow/example_dags/tutorial_taskflow_api.py
[2024-06-14T17:50:43.552-0300] {processor.py:830} INFO - Processing file /home/maira/projeto_indicium_engineering/venv/lib/python3.10/site-packages/airflow/example_dags/tutorial_taskflow_api.py for tasks to queue
[2024-06-14T17:50:43.554-0300] {logging_mixin.py:188} INFO - [2024-06-14T17:50:43.553-0300] {dagbag.py:545} INFO - Filling up the DagBag from /home/maira/projeto_indicium_engineering/venv/lib/python3.10/site-packages/airflow/example_dags/tutorial_taskflow_api.py
[2024-06-14T17:50:43.561-0300] {processor.py:840} INFO - DAG(s) 'tutorial_taskflow_api' retrieved from /home/maira/projeto_indicium_engineering/venv/lib/python3.10/site-packages/airflow/example_dags/tutorial_taskflow_api.py
[2024-06-14T17:50:43.576-0300] {logging_mixin.py:188} INFO - [2024-06-14T17:50:43.576-0300] {dag.py:3096} INFO - Sync 1 DAGs
[2024-06-14T17:50:43.588-0300] {logging_mixin.py:188} INFO - [2024-06-14T17:50:43.587-0300] {dag.py:3954} INFO - Setting next_dagrun for tutorial_taskflow_api to None, run_after=None
[2024-06-14T17:50:43.616-0300] {processor.py:183} INFO - Processing /home/maira/projeto_indicium_engineering/venv/lib/python3.10/site-packages/airflow/example_dags/tutorial_taskflow_api.py took 0.071 seconds
[2024-06-14T20:51:59.476-0300] {processor.py:161} INFO - Started process (PID=103556) to work on /home/maira/projeto_indicium_engineering/venv/lib/python3.10/site-packages/airflow/example_dags/tutorial_taskflow_api.py
[2024-06-14T20:51:59.478-0300] {processor.py:830} INFO - Processing file /home/maira/projeto_indicium_engineering/venv/lib/python3.10/site-packages/airflow/example_dags/tutorial_taskflow_api.py for tasks to queue
[2024-06-14T20:51:59.481-0300] {logging_mixin.py:188} INFO - [2024-06-14T20:51:59.480-0300] {dagbag.py:545} INFO - Filling up the DagBag from /home/maira/projeto_indicium_engineering/venv/lib/python3.10/site-packages/airflow/example_dags/tutorial_taskflow_api.py
[2024-06-14T20:51:59.485-0300] {processor.py:840} INFO - DAG(s) 'tutorial_taskflow_api' retrieved from /home/maira/projeto_indicium_engineering/venv/lib/python3.10/site-packages/airflow/example_dags/tutorial_taskflow_api.py
[2024-06-14T20:51:59.498-0300] {logging_mixin.py:188} INFO - [2024-06-14T20:51:59.498-0300] {dag.py:3096} INFO - Sync 1 DAGs
[2024-06-14T20:51:59.506-0300] {logging_mixin.py:188} INFO - [2024-06-14T20:51:59.506-0300] {dag.py:3954} INFO - Setting next_dagrun for tutorial_taskflow_api to None, run_after=None
[2024-06-14T20:51:59.530-0300] {processor.py:183} INFO - Processing /home/maira/projeto_indicium_engineering/venv/lib/python3.10/site-packages/airflow/example_dags/tutorial_taskflow_api.py took 0.058 seconds
[2024-06-14T20:52:57.476-0300] {processor.py:161} INFO - Started process (PID=103835) to work on /home/maira/projeto_indicium_engineering/venv/lib/python3.10/site-packages/airflow/example_dags/tutorial_taskflow_api.py
[2024-06-14T20:52:57.477-0300] {processor.py:830} INFO - Processing file /home/maira/projeto_indicium_engineering/venv/lib/python3.10/site-packages/airflow/example_dags/tutorial_taskflow_api.py for tasks to queue
[2024-06-14T20:52:57.478-0300] {logging_mixin.py:188} INFO - [2024-06-14T20:52:57.478-0300] {dagbag.py:545} INFO - Filling up the DagBag from /home/maira/projeto_indicium_engineering/venv/lib/python3.10/site-packages/airflow/example_dags/tutorial_taskflow_api.py
[2024-06-14T20:52:57.483-0300] {processor.py:840} INFO - DAG(s) 'tutorial_taskflow_api' retrieved from /home/maira/projeto_indicium_engineering/venv/lib/python3.10/site-packages/airflow/example_dags/tutorial_taskflow_api.py
[2024-06-14T20:52:57.494-0300] {logging_mixin.py:188} INFO - [2024-06-14T20:52:57.494-0300] {dag.py:3096} INFO - Sync 1 DAGs
[2024-06-14T20:52:57.502-0300] {logging_mixin.py:188} INFO - [2024-06-14T20:52:57.502-0300] {dag.py:3954} INFO - Setting next_dagrun for tutorial_taskflow_api to None, run_after=None
[2024-06-14T20:52:57.522-0300] {processor.py:183} INFO - Processing /home/maira/projeto_indicium_engineering/venv/lib/python3.10/site-packages/airflow/example_dags/tutorial_taskflow_api.py took 0.051 seconds
[2024-06-14T20:53:51.790-0300] {processor.py:161} INFO - Started process (PID=104100) to work on /home/maira/projeto_indicium_engineering/venv/lib/python3.10/site-packages/airflow/example_dags/tutorial_taskflow_api.py
[2024-06-14T20:53:51.792-0300] {processor.py:830} INFO - Processing file /home/maira/projeto_indicium_engineering/venv/lib/python3.10/site-packages/airflow/example_dags/tutorial_taskflow_api.py for tasks to queue
[2024-06-14T20:53:51.793-0300] {logging_mixin.py:188} INFO - [2024-06-14T20:53:51.793-0300] {dagbag.py:545} INFO - Filling up the DagBag from /home/maira/projeto_indicium_engineering/venv/lib/python3.10/site-packages/airflow/example_dags/tutorial_taskflow_api.py
[2024-06-14T20:53:51.798-0300] {processor.py:840} INFO - DAG(s) 'tutorial_taskflow_api' retrieved from /home/maira/projeto_indicium_engineering/venv/lib/python3.10/site-packages/airflow/example_dags/tutorial_taskflow_api.py
[2024-06-14T20:53:51.809-0300] {logging_mixin.py:188} INFO - [2024-06-14T20:53:51.809-0300] {dag.py:3096} INFO - Sync 1 DAGs
[2024-06-14T20:53:51.817-0300] {logging_mixin.py:188} INFO - [2024-06-14T20:53:51.816-0300] {dag.py:3954} INFO - Setting next_dagrun for tutorial_taskflow_api to None, run_after=None
[2024-06-14T20:53:51.839-0300] {processor.py:183} INFO - Processing /home/maira/projeto_indicium_engineering/venv/lib/python3.10/site-packages/airflow/example_dags/tutorial_taskflow_api.py took 0.055 seconds
