[2024-06-14T16:30:59.254-0300] {processor.py:161} INFO - Started process (PID=86458) to work on /home/maira/projeto_indicium_engineering/venv/lib/python3.10/site-packages/airflow/example_dags/tutorial_objectstorage.py
[2024-06-14T16:30:59.254-0300] {processor.py:830} INFO - Processing file /home/maira/projeto_indicium_engineering/venv/lib/python3.10/site-packages/airflow/example_dags/tutorial_objectstorage.py for tasks to queue
[2024-06-14T16:30:59.255-0300] {logging_mixin.py:188} INFO - [2024-06-14T16:30:59.255-0300] {dagbag.py:545} INFO - Filling up the DagBag from /home/maira/projeto_indicium_engineering/venv/lib/python3.10/site-packages/airflow/example_dags/tutorial_objectstorage.py
[2024-06-14T16:30:59.261-0300] {processor.py:840} INFO - DAG(s) 'tutorial_objectstorage' retrieved from /home/maira/projeto_indicium_engineering/venv/lib/python3.10/site-packages/airflow/example_dags/tutorial_objectstorage.py
[2024-06-14T16:30:59.347-0300] {logging_mixin.py:188} INFO - [2024-06-14T16:30:59.346-0300] {override.py:1829} INFO - Created Permission View: can edit on DAG:tutorial_objectstorage
[2024-06-14T16:30:59.362-0300] {logging_mixin.py:188} INFO - [2024-06-14T16:30:59.362-0300] {override.py:1829} INFO - Created Permission View: can delete on DAG:tutorial_objectstorage
[2024-06-14T16:30:59.383-0300] {logging_mixin.py:188} INFO - [2024-06-14T16:30:59.382-0300] {override.py:1829} INFO - Created Permission View: can read on DAG:tutorial_objectstorage
[2024-06-14T16:30:59.383-0300] {logging_mixin.py:188} INFO - [2024-06-14T16:30:59.383-0300] {dag.py:3096} INFO - Sync 1 DAGs
[2024-06-14T16:30:59.393-0300] {logging_mixin.py:188} INFO - [2024-06-14T16:30:59.392-0300] {dag.py:3118} INFO - Creating ORM DAG for tutorial_objectstorage
[2024-06-14T16:30:59.393-0300] {logging_mixin.py:188} INFO - [2024-06-14T16:30:59.393-0300] {dag.py:3954} INFO - Setting next_dagrun for tutorial_objectstorage to None, run_after=None
[2024-06-14T16:30:59.500-0300] {processor.py:183} INFO - Processing /home/maira/projeto_indicium_engineering/venv/lib/python3.10/site-packages/airflow/example_dags/tutorial_objectstorage.py took 0.251 seconds
[2024-06-14T16:31:55.589-0300] {processor.py:161} INFO - Started process (PID=86731) to work on /home/maira/projeto_indicium_engineering/venv/lib/python3.10/site-packages/airflow/example_dags/tutorial_objectstorage.py
[2024-06-14T16:31:55.591-0300] {processor.py:830} INFO - Processing file /home/maira/projeto_indicium_engineering/venv/lib/python3.10/site-packages/airflow/example_dags/tutorial_objectstorage.py for tasks to queue
[2024-06-14T16:31:55.593-0300] {logging_mixin.py:188} INFO - [2024-06-14T16:31:55.593-0300] {dagbag.py:545} INFO - Filling up the DagBag from /home/maira/projeto_indicium_engineering/venv/lib/python3.10/site-packages/airflow/example_dags/tutorial_objectstorage.py
[2024-06-14T16:31:55.598-0300] {processor.py:840} INFO - DAG(s) 'tutorial_objectstorage' retrieved from /home/maira/projeto_indicium_engineering/venv/lib/python3.10/site-packages/airflow/example_dags/tutorial_objectstorage.py
[2024-06-14T16:31:55.609-0300] {logging_mixin.py:188} INFO - [2024-06-14T16:31:55.609-0300] {dag.py:3096} INFO - Sync 1 DAGs
[2024-06-14T16:31:55.617-0300] {logging_mixin.py:188} INFO - [2024-06-14T16:31:55.617-0300] {dag.py:3954} INFO - Setting next_dagrun for tutorial_objectstorage to None, run_after=None
[2024-06-14T16:31:55.640-0300] {processor.py:183} INFO - Processing /home/maira/projeto_indicium_engineering/venv/lib/python3.10/site-packages/airflow/example_dags/tutorial_objectstorage.py took 0.056 seconds
[2024-06-14T16:32:47.401-0300] {processor.py:161} INFO - Started process (PID=86984) to work on /home/maira/projeto_indicium_engineering/venv/lib/python3.10/site-packages/airflow/example_dags/tutorial_objectstorage.py
[2024-06-14T16:32:47.404-0300] {processor.py:830} INFO - Processing file /home/maira/projeto_indicium_engineering/venv/lib/python3.10/site-packages/airflow/example_dags/tutorial_objectstorage.py for tasks to queue
[2024-06-14T16:32:47.405-0300] {logging_mixin.py:188} INFO - [2024-06-14T16:32:47.405-0300] {dagbag.py:545} INFO - Filling up the DagBag from /home/maira/projeto_indicium_engineering/venv/lib/python3.10/site-packages/airflow/example_dags/tutorial_objectstorage.py
[2024-06-14T16:32:47.410-0300] {processor.py:840} INFO - DAG(s) 'tutorial_objectstorage' retrieved from /home/maira/projeto_indicium_engineering/venv/lib/python3.10/site-packages/airflow/example_dags/tutorial_objectstorage.py
[2024-06-14T16:32:47.421-0300] {logging_mixin.py:188} INFO - [2024-06-14T16:32:47.421-0300] {dag.py:3096} INFO - Sync 1 DAGs
[2024-06-14T16:32:47.429-0300] {logging_mixin.py:188} INFO - [2024-06-14T16:32:47.429-0300] {dag.py:3954} INFO - Setting next_dagrun for tutorial_objectstorage to None, run_after=None
[2024-06-14T16:32:47.452-0300] {processor.py:183} INFO - Processing /home/maira/projeto_indicium_engineering/venv/lib/python3.10/site-packages/airflow/example_dags/tutorial_objectstorage.py took 0.056 seconds
[2024-06-14T16:33:38.229-0300] {processor.py:161} INFO - Started process (PID=87233) to work on /home/maira/projeto_indicium_engineering/venv/lib/python3.10/site-packages/airflow/example_dags/tutorial_objectstorage.py
[2024-06-14T16:33:38.231-0300] {processor.py:830} INFO - Processing file /home/maira/projeto_indicium_engineering/venv/lib/python3.10/site-packages/airflow/example_dags/tutorial_objectstorage.py for tasks to queue
[2024-06-14T16:33:38.232-0300] {logging_mixin.py:188} INFO - [2024-06-14T16:33:38.232-0300] {dagbag.py:545} INFO - Filling up the DagBag from /home/maira/projeto_indicium_engineering/venv/lib/python3.10/site-packages/airflow/example_dags/tutorial_objectstorage.py
[2024-06-14T16:33:38.240-0300] {processor.py:840} INFO - DAG(s) 'tutorial_objectstorage' retrieved from /home/maira/projeto_indicium_engineering/venv/lib/python3.10/site-packages/airflow/example_dags/tutorial_objectstorage.py
[2024-06-14T16:33:38.253-0300] {logging_mixin.py:188} INFO - [2024-06-14T16:33:38.253-0300] {dag.py:3096} INFO - Sync 1 DAGs
[2024-06-14T16:33:38.263-0300] {logging_mixin.py:188} INFO - [2024-06-14T16:33:38.263-0300] {dag.py:3954} INFO - Setting next_dagrun for tutorial_objectstorage to None, run_after=None
[2024-06-14T16:33:38.289-0300] {processor.py:183} INFO - Processing /home/maira/projeto_indicium_engineering/venv/lib/python3.10/site-packages/airflow/example_dags/tutorial_objectstorage.py took 0.065 seconds
[2024-06-14T16:34:38.798-0300] {processor.py:161} INFO - Started process (PID=87532) to work on /home/maira/projeto_indicium_engineering/venv/lib/python3.10/site-packages/airflow/example_dags/tutorial_objectstorage.py
[2024-06-14T16:34:38.803-0300] {processor.py:830} INFO - Processing file /home/maira/projeto_indicium_engineering/venv/lib/python3.10/site-packages/airflow/example_dags/tutorial_objectstorage.py for tasks to queue
[2024-06-14T16:34:38.804-0300] {logging_mixin.py:188} INFO - [2024-06-14T16:34:38.804-0300] {dagbag.py:545} INFO - Filling up the DagBag from /home/maira/projeto_indicium_engineering/venv/lib/python3.10/site-packages/airflow/example_dags/tutorial_objectstorage.py
[2024-06-14T16:34:38.810-0300] {processor.py:840} INFO - DAG(s) 'tutorial_objectstorage' retrieved from /home/maira/projeto_indicium_engineering/venv/lib/python3.10/site-packages/airflow/example_dags/tutorial_objectstorage.py
[2024-06-14T16:34:38.822-0300] {logging_mixin.py:188} INFO - [2024-06-14T16:34:38.822-0300] {dag.py:3096} INFO - Sync 1 DAGs
[2024-06-14T16:34:38.831-0300] {logging_mixin.py:188} INFO - [2024-06-14T16:34:38.831-0300] {dag.py:3954} INFO - Setting next_dagrun for tutorial_objectstorage to None, run_after=None
[2024-06-14T16:34:38.858-0300] {processor.py:183} INFO - Processing /home/maira/projeto_indicium_engineering/venv/lib/python3.10/site-packages/airflow/example_dags/tutorial_objectstorage.py took 0.065 seconds
[2024-06-14T16:35:34.774-0300] {processor.py:161} INFO - Started process (PID=87814) to work on /home/maira/projeto_indicium_engineering/venv/lib/python3.10/site-packages/airflow/example_dags/tutorial_objectstorage.py
[2024-06-14T16:35:34.779-0300] {processor.py:830} INFO - Processing file /home/maira/projeto_indicium_engineering/venv/lib/python3.10/site-packages/airflow/example_dags/tutorial_objectstorage.py for tasks to queue
[2024-06-14T16:35:34.781-0300] {logging_mixin.py:188} INFO - [2024-06-14T16:35:34.780-0300] {dagbag.py:545} INFO - Filling up the DagBag from /home/maira/projeto_indicium_engineering/venv/lib/python3.10/site-packages/airflow/example_dags/tutorial_objectstorage.py
[2024-06-14T16:35:34.786-0300] {processor.py:840} INFO - DAG(s) 'tutorial_objectstorage' retrieved from /home/maira/projeto_indicium_engineering/venv/lib/python3.10/site-packages/airflow/example_dags/tutorial_objectstorage.py
[2024-06-14T16:35:34.797-0300] {logging_mixin.py:188} INFO - [2024-06-14T16:35:34.797-0300] {dag.py:3096} INFO - Sync 1 DAGs
[2024-06-14T16:35:34.806-0300] {logging_mixin.py:188} INFO - [2024-06-14T16:35:34.805-0300] {dag.py:3954} INFO - Setting next_dagrun for tutorial_objectstorage to None, run_after=None
[2024-06-14T16:35:34.828-0300] {processor.py:183} INFO - Processing /home/maira/projeto_indicium_engineering/venv/lib/python3.10/site-packages/airflow/example_dags/tutorial_objectstorage.py took 0.059 seconds
[2024-06-14T16:36:35.408-0300] {processor.py:161} INFO - Started process (PID=88115) to work on /home/maira/projeto_indicium_engineering/venv/lib/python3.10/site-packages/airflow/example_dags/tutorial_objectstorage.py
[2024-06-14T16:36:35.410-0300] {processor.py:830} INFO - Processing file /home/maira/projeto_indicium_engineering/venv/lib/python3.10/site-packages/airflow/example_dags/tutorial_objectstorage.py for tasks to queue
[2024-06-14T16:36:35.411-0300] {logging_mixin.py:188} INFO - [2024-06-14T16:36:35.411-0300] {dagbag.py:545} INFO - Filling up the DagBag from /home/maira/projeto_indicium_engineering/venv/lib/python3.10/site-packages/airflow/example_dags/tutorial_objectstorage.py
[2024-06-14T16:36:35.419-0300] {processor.py:840} INFO - DAG(s) 'tutorial_objectstorage' retrieved from /home/maira/projeto_indicium_engineering/venv/lib/python3.10/site-packages/airflow/example_dags/tutorial_objectstorage.py
[2024-06-14T16:36:35.430-0300] {logging_mixin.py:188} INFO - [2024-06-14T16:36:35.430-0300] {dag.py:3096} INFO - Sync 1 DAGs
[2024-06-14T16:36:35.438-0300] {logging_mixin.py:188} INFO - [2024-06-14T16:36:35.438-0300] {dag.py:3954} INFO - Setting next_dagrun for tutorial_objectstorage to None, run_after=None
[2024-06-14T16:36:35.463-0300] {processor.py:183} INFO - Processing /home/maira/projeto_indicium_engineering/venv/lib/python3.10/site-packages/airflow/example_dags/tutorial_objectstorage.py took 0.060 seconds
[2024-06-14T16:37:31.528-0300] {processor.py:161} INFO - Started process (PID=88394) to work on /home/maira/projeto_indicium_engineering/venv/lib/python3.10/site-packages/airflow/example_dags/tutorial_objectstorage.py
[2024-06-14T16:37:31.529-0300] {processor.py:830} INFO - Processing file /home/maira/projeto_indicium_engineering/venv/lib/python3.10/site-packages/airflow/example_dags/tutorial_objectstorage.py for tasks to queue
[2024-06-14T16:37:31.531-0300] {logging_mixin.py:188} INFO - [2024-06-14T16:37:31.530-0300] {dagbag.py:545} INFO - Filling up the DagBag from /home/maira/projeto_indicium_engineering/venv/lib/python3.10/site-packages/airflow/example_dags/tutorial_objectstorage.py
[2024-06-14T16:37:31.536-0300] {processor.py:840} INFO - DAG(s) 'tutorial_objectstorage' retrieved from /home/maira/projeto_indicium_engineering/venv/lib/python3.10/site-packages/airflow/example_dags/tutorial_objectstorage.py
[2024-06-14T16:37:31.547-0300] {logging_mixin.py:188} INFO - [2024-06-14T16:37:31.547-0300] {dag.py:3096} INFO - Sync 1 DAGs
[2024-06-14T16:37:31.556-0300] {logging_mixin.py:188} INFO - [2024-06-14T16:37:31.555-0300] {dag.py:3954} INFO - Setting next_dagrun for tutorial_objectstorage to None, run_after=None
[2024-06-14T16:37:31.577-0300] {processor.py:183} INFO - Processing /home/maira/projeto_indicium_engineering/venv/lib/python3.10/site-packages/airflow/example_dags/tutorial_objectstorage.py took 0.055 seconds
[2024-06-14T16:38:20.021-0300] {processor.py:161} INFO - Started process (PID=88631) to work on /home/maira/projeto_indicium_engineering/venv/lib/python3.10/site-packages/airflow/example_dags/tutorial_objectstorage.py
[2024-06-14T16:38:20.026-0300] {processor.py:830} INFO - Processing file /home/maira/projeto_indicium_engineering/venv/lib/python3.10/site-packages/airflow/example_dags/tutorial_objectstorage.py for tasks to queue
[2024-06-14T16:38:20.028-0300] {logging_mixin.py:188} INFO - [2024-06-14T16:38:20.027-0300] {dagbag.py:545} INFO - Filling up the DagBag from /home/maira/projeto_indicium_engineering/venv/lib/python3.10/site-packages/airflow/example_dags/tutorial_objectstorage.py
[2024-06-14T16:38:20.033-0300] {processor.py:840} INFO - DAG(s) 'tutorial_objectstorage' retrieved from /home/maira/projeto_indicium_engineering/venv/lib/python3.10/site-packages/airflow/example_dags/tutorial_objectstorage.py
[2024-06-14T16:38:20.044-0300] {logging_mixin.py:188} INFO - [2024-06-14T16:38:20.044-0300] {dag.py:3096} INFO - Sync 1 DAGs
[2024-06-14T16:38:20.052-0300] {logging_mixin.py:188} INFO - [2024-06-14T16:38:20.051-0300] {dag.py:3954} INFO - Setting next_dagrun for tutorial_objectstorage to None, run_after=None
[2024-06-14T16:38:20.076-0300] {processor.py:183} INFO - Processing /home/maira/projeto_indicium_engineering/venv/lib/python3.10/site-packages/airflow/example_dags/tutorial_objectstorage.py took 0.060 seconds
[2024-06-14T16:39:23.056-0300] {processor.py:161} INFO - Started process (PID=88942) to work on /home/maira/projeto_indicium_engineering/venv/lib/python3.10/site-packages/airflow/example_dags/tutorial_objectstorage.py
[2024-06-14T16:39:23.058-0300] {processor.py:830} INFO - Processing file /home/maira/projeto_indicium_engineering/venv/lib/python3.10/site-packages/airflow/example_dags/tutorial_objectstorage.py for tasks to queue
[2024-06-14T16:39:23.060-0300] {logging_mixin.py:188} INFO - [2024-06-14T16:39:23.059-0300] {dagbag.py:545} INFO - Filling up the DagBag from /home/maira/projeto_indicium_engineering/venv/lib/python3.10/site-packages/airflow/example_dags/tutorial_objectstorage.py
[2024-06-14T16:39:23.066-0300] {processor.py:840} INFO - DAG(s) 'tutorial_objectstorage' retrieved from /home/maira/projeto_indicium_engineering/venv/lib/python3.10/site-packages/airflow/example_dags/tutorial_objectstorage.py
[2024-06-14T16:39:23.077-0300] {logging_mixin.py:188} INFO - [2024-06-14T16:39:23.077-0300] {dag.py:3096} INFO - Sync 1 DAGs
[2024-06-14T16:39:23.085-0300] {logging_mixin.py:188} INFO - [2024-06-14T16:39:23.085-0300] {dag.py:3954} INFO - Setting next_dagrun for tutorial_objectstorage to None, run_after=None
[2024-06-14T16:39:23.106-0300] {processor.py:183} INFO - Processing /home/maira/projeto_indicium_engineering/venv/lib/python3.10/site-packages/airflow/example_dags/tutorial_objectstorage.py took 0.055 seconds
[2024-06-14T16:40:22.568-0300] {processor.py:161} INFO - Started process (PID=89237) to work on /home/maira/projeto_indicium_engineering/venv/lib/python3.10/site-packages/airflow/example_dags/tutorial_objectstorage.py
[2024-06-14T16:40:22.570-0300] {processor.py:830} INFO - Processing file /home/maira/projeto_indicium_engineering/venv/lib/python3.10/site-packages/airflow/example_dags/tutorial_objectstorage.py for tasks to queue
[2024-06-14T16:40:22.571-0300] {logging_mixin.py:188} INFO - [2024-06-14T16:40:22.570-0300] {dagbag.py:545} INFO - Filling up the DagBag from /home/maira/projeto_indicium_engineering/venv/lib/python3.10/site-packages/airflow/example_dags/tutorial_objectstorage.py
[2024-06-14T16:40:22.576-0300] {processor.py:840} INFO - DAG(s) 'tutorial_objectstorage' retrieved from /home/maira/projeto_indicium_engineering/venv/lib/python3.10/site-packages/airflow/example_dags/tutorial_objectstorage.py
[2024-06-14T16:40:22.587-0300] {logging_mixin.py:188} INFO - [2024-06-14T16:40:22.587-0300] {dag.py:3096} INFO - Sync 1 DAGs
[2024-06-14T16:40:22.595-0300] {logging_mixin.py:188} INFO - [2024-06-14T16:40:22.595-0300] {dag.py:3954} INFO - Setting next_dagrun for tutorial_objectstorage to None, run_after=None
[2024-06-14T16:40:22.618-0300] {processor.py:183} INFO - Processing /home/maira/projeto_indicium_engineering/venv/lib/python3.10/site-packages/airflow/example_dags/tutorial_objectstorage.py took 0.055 seconds
[2024-06-14T16:41:17.208-0300] {processor.py:161} INFO - Started process (PID=89508) to work on /home/maira/projeto_indicium_engineering/venv/lib/python3.10/site-packages/airflow/example_dags/tutorial_objectstorage.py
[2024-06-14T16:41:17.210-0300] {processor.py:830} INFO - Processing file /home/maira/projeto_indicium_engineering/venv/lib/python3.10/site-packages/airflow/example_dags/tutorial_objectstorage.py for tasks to queue
[2024-06-14T16:41:17.212-0300] {logging_mixin.py:188} INFO - [2024-06-14T16:41:17.211-0300] {dagbag.py:545} INFO - Filling up the DagBag from /home/maira/projeto_indicium_engineering/venv/lib/python3.10/site-packages/airflow/example_dags/tutorial_objectstorage.py
[2024-06-14T16:41:17.219-0300] {processor.py:840} INFO - DAG(s) 'tutorial_objectstorage' retrieved from /home/maira/projeto_indicium_engineering/venv/lib/python3.10/site-packages/airflow/example_dags/tutorial_objectstorage.py
[2024-06-14T16:41:17.232-0300] {logging_mixin.py:188} INFO - [2024-06-14T16:41:17.232-0300] {dag.py:3096} INFO - Sync 1 DAGs
[2024-06-14T16:41:17.241-0300] {logging_mixin.py:188} INFO - [2024-06-14T16:41:17.241-0300] {dag.py:3954} INFO - Setting next_dagrun for tutorial_objectstorage to None, run_after=None
[2024-06-14T16:41:17.266-0300] {processor.py:183} INFO - Processing /home/maira/projeto_indicium_engineering/venv/lib/python3.10/site-packages/airflow/example_dags/tutorial_objectstorage.py took 0.064 seconds
[2024-06-14T16:42:19.002-0300] {processor.py:161} INFO - Started process (PID=89813) to work on /home/maira/projeto_indicium_engineering/venv/lib/python3.10/site-packages/airflow/example_dags/tutorial_objectstorage.py
[2024-06-14T16:42:19.004-0300] {processor.py:830} INFO - Processing file /home/maira/projeto_indicium_engineering/venv/lib/python3.10/site-packages/airflow/example_dags/tutorial_objectstorage.py for tasks to queue
[2024-06-14T16:42:19.005-0300] {logging_mixin.py:188} INFO - [2024-06-14T16:42:19.005-0300] {dagbag.py:545} INFO - Filling up the DagBag from /home/maira/projeto_indicium_engineering/venv/lib/python3.10/site-packages/airflow/example_dags/tutorial_objectstorage.py
[2024-06-14T16:42:19.010-0300] {processor.py:840} INFO - DAG(s) 'tutorial_objectstorage' retrieved from /home/maira/projeto_indicium_engineering/venv/lib/python3.10/site-packages/airflow/example_dags/tutorial_objectstorage.py
[2024-06-14T16:42:19.022-0300] {logging_mixin.py:188} INFO - [2024-06-14T16:42:19.022-0300] {dag.py:3096} INFO - Sync 1 DAGs
[2024-06-14T16:42:19.031-0300] {logging_mixin.py:188} INFO - [2024-06-14T16:42:19.031-0300] {dag.py:3954} INFO - Setting next_dagrun for tutorial_objectstorage to None, run_after=None
[2024-06-14T16:42:19.073-0300] {processor.py:183} INFO - Processing /home/maira/projeto_indicium_engineering/venv/lib/python3.10/site-packages/airflow/example_dags/tutorial_objectstorage.py took 0.075 seconds
[2024-06-14T16:43:15.569-0300] {processor.py:161} INFO - Started process (PID=90095) to work on /home/maira/projeto_indicium_engineering/venv/lib/python3.10/site-packages/airflow/example_dags/tutorial_objectstorage.py
[2024-06-14T16:43:15.573-0300] {processor.py:830} INFO - Processing file /home/maira/projeto_indicium_engineering/venv/lib/python3.10/site-packages/airflow/example_dags/tutorial_objectstorage.py for tasks to queue
[2024-06-14T16:43:15.574-0300] {logging_mixin.py:188} INFO - [2024-06-14T16:43:15.574-0300] {dagbag.py:545} INFO - Filling up the DagBag from /home/maira/projeto_indicium_engineering/venv/lib/python3.10/site-packages/airflow/example_dags/tutorial_objectstorage.py
[2024-06-14T16:43:15.579-0300] {processor.py:840} INFO - DAG(s) 'tutorial_objectstorage' retrieved from /home/maira/projeto_indicium_engineering/venv/lib/python3.10/site-packages/airflow/example_dags/tutorial_objectstorage.py
[2024-06-14T16:43:15.590-0300] {logging_mixin.py:188} INFO - [2024-06-14T16:43:15.590-0300] {dag.py:3096} INFO - Sync 1 DAGs
[2024-06-14T16:43:15.598-0300] {logging_mixin.py:188} INFO - [2024-06-14T16:43:15.598-0300] {dag.py:3954} INFO - Setting next_dagrun for tutorial_objectstorage to None, run_after=None
[2024-06-14T16:43:15.622-0300] {processor.py:183} INFO - Processing /home/maira/projeto_indicium_engineering/venv/lib/python3.10/site-packages/airflow/example_dags/tutorial_objectstorage.py took 0.058 seconds
[2024-06-14T16:44:17.253-0300] {processor.py:161} INFO - Started process (PID=90401) to work on /home/maira/projeto_indicium_engineering/venv/lib/python3.10/site-packages/airflow/example_dags/tutorial_objectstorage.py
[2024-06-14T16:44:17.255-0300] {processor.py:830} INFO - Processing file /home/maira/projeto_indicium_engineering/venv/lib/python3.10/site-packages/airflow/example_dags/tutorial_objectstorage.py for tasks to queue
[2024-06-14T16:44:17.256-0300] {logging_mixin.py:188} INFO - [2024-06-14T16:44:17.256-0300] {dagbag.py:545} INFO - Filling up the DagBag from /home/maira/projeto_indicium_engineering/venv/lib/python3.10/site-packages/airflow/example_dags/tutorial_objectstorage.py
[2024-06-14T16:44:17.263-0300] {processor.py:840} INFO - DAG(s) 'tutorial_objectstorage' retrieved from /home/maira/projeto_indicium_engineering/venv/lib/python3.10/site-packages/airflow/example_dags/tutorial_objectstorage.py
[2024-06-14T16:44:17.274-0300] {logging_mixin.py:188} INFO - [2024-06-14T16:44:17.273-0300] {dag.py:3096} INFO - Sync 1 DAGs
[2024-06-14T16:44:17.282-0300] {logging_mixin.py:188} INFO - [2024-06-14T16:44:17.281-0300] {dag.py:3954} INFO - Setting next_dagrun for tutorial_objectstorage to None, run_after=None
[2024-06-14T16:44:17.306-0300] {processor.py:183} INFO - Processing /home/maira/projeto_indicium_engineering/venv/lib/python3.10/site-packages/airflow/example_dags/tutorial_objectstorage.py took 0.058 seconds
[2024-06-14T16:45:16.549-0300] {processor.py:161} INFO - Started process (PID=90697) to work on /home/maira/projeto_indicium_engineering/venv/lib/python3.10/site-packages/airflow/example_dags/tutorial_objectstorage.py
[2024-06-14T16:45:16.554-0300] {processor.py:830} INFO - Processing file /home/maira/projeto_indicium_engineering/venv/lib/python3.10/site-packages/airflow/example_dags/tutorial_objectstorage.py for tasks to queue
[2024-06-14T16:45:16.555-0300] {logging_mixin.py:188} INFO - [2024-06-14T16:45:16.555-0300] {dagbag.py:545} INFO - Filling up the DagBag from /home/maira/projeto_indicium_engineering/venv/lib/python3.10/site-packages/airflow/example_dags/tutorial_objectstorage.py
[2024-06-14T16:45:16.561-0300] {processor.py:840} INFO - DAG(s) 'tutorial_objectstorage' retrieved from /home/maira/projeto_indicium_engineering/venv/lib/python3.10/site-packages/airflow/example_dags/tutorial_objectstorage.py
[2024-06-14T16:45:16.571-0300] {logging_mixin.py:188} INFO - [2024-06-14T16:45:16.571-0300] {dag.py:3096} INFO - Sync 1 DAGs
[2024-06-14T16:45:16.579-0300] {logging_mixin.py:188} INFO - [2024-06-14T16:45:16.579-0300] {dag.py:3954} INFO - Setting next_dagrun for tutorial_objectstorage to None, run_after=None
[2024-06-14T16:45:16.603-0300] {processor.py:183} INFO - Processing /home/maira/projeto_indicium_engineering/venv/lib/python3.10/site-packages/airflow/example_dags/tutorial_objectstorage.py took 0.059 seconds
[2024-06-14T16:46:18.252-0300] {processor.py:161} INFO - Started process (PID=91001) to work on /home/maira/projeto_indicium_engineering/venv/lib/python3.10/site-packages/airflow/example_dags/tutorial_objectstorage.py
[2024-06-14T16:46:18.253-0300] {processor.py:830} INFO - Processing file /home/maira/projeto_indicium_engineering/venv/lib/python3.10/site-packages/airflow/example_dags/tutorial_objectstorage.py for tasks to queue
[2024-06-14T16:46:18.254-0300] {logging_mixin.py:188} INFO - [2024-06-14T16:46:18.254-0300] {dagbag.py:545} INFO - Filling up the DagBag from /home/maira/projeto_indicium_engineering/venv/lib/python3.10/site-packages/airflow/example_dags/tutorial_objectstorage.py
[2024-06-14T16:46:18.260-0300] {processor.py:840} INFO - DAG(s) 'tutorial_objectstorage' retrieved from /home/maira/projeto_indicium_engineering/venv/lib/python3.10/site-packages/airflow/example_dags/tutorial_objectstorage.py
[2024-06-14T16:46:18.271-0300] {logging_mixin.py:188} INFO - [2024-06-14T16:46:18.271-0300] {dag.py:3096} INFO - Sync 1 DAGs
[2024-06-14T16:46:18.279-0300] {logging_mixin.py:188} INFO - [2024-06-14T16:46:18.279-0300] {dag.py:3954} INFO - Setting next_dagrun for tutorial_objectstorage to None, run_after=None
[2024-06-14T16:46:18.305-0300] {processor.py:183} INFO - Processing /home/maira/projeto_indicium_engineering/venv/lib/python3.10/site-packages/airflow/example_dags/tutorial_objectstorage.py took 0.058 seconds
[2024-06-14T16:47:17.030-0300] {processor.py:161} INFO - Started process (PID=91293) to work on /home/maira/projeto_indicium_engineering/venv/lib/python3.10/site-packages/airflow/example_dags/tutorial_objectstorage.py
[2024-06-14T16:47:17.035-0300] {processor.py:830} INFO - Processing file /home/maira/projeto_indicium_engineering/venv/lib/python3.10/site-packages/airflow/example_dags/tutorial_objectstorage.py for tasks to queue
[2024-06-14T16:47:17.037-0300] {logging_mixin.py:188} INFO - [2024-06-14T16:47:17.037-0300] {dagbag.py:545} INFO - Filling up the DagBag from /home/maira/projeto_indicium_engineering/venv/lib/python3.10/site-packages/airflow/example_dags/tutorial_objectstorage.py
[2024-06-14T16:47:17.042-0300] {processor.py:840} INFO - DAG(s) 'tutorial_objectstorage' retrieved from /home/maira/projeto_indicium_engineering/venv/lib/python3.10/site-packages/airflow/example_dags/tutorial_objectstorage.py
[2024-06-14T16:47:17.053-0300] {logging_mixin.py:188} INFO - [2024-06-14T16:47:17.053-0300] {dag.py:3096} INFO - Sync 1 DAGs
[2024-06-14T16:47:17.061-0300] {logging_mixin.py:188} INFO - [2024-06-14T16:47:17.061-0300] {dag.py:3954} INFO - Setting next_dagrun for tutorial_objectstorage to None, run_after=None
[2024-06-14T16:47:17.084-0300] {processor.py:183} INFO - Processing /home/maira/projeto_indicium_engineering/venv/lib/python3.10/site-packages/airflow/example_dags/tutorial_objectstorage.py took 0.058 seconds
[2024-06-14T16:48:17.378-0300] {processor.py:161} INFO - Started process (PID=91591) to work on /home/maira/projeto_indicium_engineering/venv/lib/python3.10/site-packages/airflow/example_dags/tutorial_objectstorage.py
[2024-06-14T16:48:17.379-0300] {processor.py:830} INFO - Processing file /home/maira/projeto_indicium_engineering/venv/lib/python3.10/site-packages/airflow/example_dags/tutorial_objectstorage.py for tasks to queue
[2024-06-14T16:48:17.381-0300] {logging_mixin.py:188} INFO - [2024-06-14T16:48:17.380-0300] {dagbag.py:545} INFO - Filling up the DagBag from /home/maira/projeto_indicium_engineering/venv/lib/python3.10/site-packages/airflow/example_dags/tutorial_objectstorage.py
[2024-06-14T16:48:17.387-0300] {processor.py:840} INFO - DAG(s) 'tutorial_objectstorage' retrieved from /home/maira/projeto_indicium_engineering/venv/lib/python3.10/site-packages/airflow/example_dags/tutorial_objectstorage.py
[2024-06-14T16:48:17.398-0300] {logging_mixin.py:188} INFO - [2024-06-14T16:48:17.398-0300] {dag.py:3096} INFO - Sync 1 DAGs
[2024-06-14T16:48:17.406-0300] {logging_mixin.py:188} INFO - [2024-06-14T16:48:17.406-0300] {dag.py:3954} INFO - Setting next_dagrun for tutorial_objectstorage to None, run_after=None
[2024-06-14T16:48:17.430-0300] {processor.py:183} INFO - Processing /home/maira/projeto_indicium_engineering/venv/lib/python3.10/site-packages/airflow/example_dags/tutorial_objectstorage.py took 0.057 seconds
[2024-06-14T16:49:13.047-0300] {processor.py:161} INFO - Started process (PID=91869) to work on /home/maira/projeto_indicium_engineering/venv/lib/python3.10/site-packages/airflow/example_dags/tutorial_objectstorage.py
[2024-06-14T16:49:13.049-0300] {processor.py:830} INFO - Processing file /home/maira/projeto_indicium_engineering/venv/lib/python3.10/site-packages/airflow/example_dags/tutorial_objectstorage.py for tasks to queue
[2024-06-14T16:49:13.050-0300] {logging_mixin.py:188} INFO - [2024-06-14T16:49:13.050-0300] {dagbag.py:545} INFO - Filling up the DagBag from /home/maira/projeto_indicium_engineering/venv/lib/python3.10/site-packages/airflow/example_dags/tutorial_objectstorage.py
[2024-06-14T16:49:13.056-0300] {processor.py:840} INFO - DAG(s) 'tutorial_objectstorage' retrieved from /home/maira/projeto_indicium_engineering/venv/lib/python3.10/site-packages/airflow/example_dags/tutorial_objectstorage.py
[2024-06-14T16:49:13.067-0300] {logging_mixin.py:188} INFO - [2024-06-14T16:49:13.067-0300] {dag.py:3096} INFO - Sync 1 DAGs
[2024-06-14T16:49:13.075-0300] {logging_mixin.py:188} INFO - [2024-06-14T16:49:13.075-0300] {dag.py:3954} INFO - Setting next_dagrun for tutorial_objectstorage to None, run_after=None
[2024-06-14T16:49:13.098-0300] {processor.py:183} INFO - Processing /home/maira/projeto_indicium_engineering/venv/lib/python3.10/site-packages/airflow/example_dags/tutorial_objectstorage.py took 0.056 seconds
[2024-06-14T16:50:11.622-0300] {processor.py:161} INFO - Started process (PID=92160) to work on /home/maira/projeto_indicium_engineering/venv/lib/python3.10/site-packages/airflow/example_dags/tutorial_objectstorage.py
[2024-06-14T16:50:11.624-0300] {processor.py:830} INFO - Processing file /home/maira/projeto_indicium_engineering/venv/lib/python3.10/site-packages/airflow/example_dags/tutorial_objectstorage.py for tasks to queue
[2024-06-14T16:50:11.626-0300] {logging_mixin.py:188} INFO - [2024-06-14T16:50:11.626-0300] {dagbag.py:545} INFO - Filling up the DagBag from /home/maira/projeto_indicium_engineering/venv/lib/python3.10/site-packages/airflow/example_dags/tutorial_objectstorage.py
[2024-06-14T16:50:11.633-0300] {processor.py:840} INFO - DAG(s) 'tutorial_objectstorage' retrieved from /home/maira/projeto_indicium_engineering/venv/lib/python3.10/site-packages/airflow/example_dags/tutorial_objectstorage.py
[2024-06-14T16:50:11.646-0300] {logging_mixin.py:188} INFO - [2024-06-14T16:50:11.646-0300] {dag.py:3096} INFO - Sync 1 DAGs
[2024-06-14T16:50:11.656-0300] {logging_mixin.py:188} INFO - [2024-06-14T16:50:11.655-0300] {dag.py:3954} INFO - Setting next_dagrun for tutorial_objectstorage to None, run_after=None
[2024-06-14T16:50:11.682-0300] {processor.py:183} INFO - Processing /home/maira/projeto_indicium_engineering/venv/lib/python3.10/site-packages/airflow/example_dags/tutorial_objectstorage.py took 0.064 seconds
[2024-06-14T16:51:19.695-0300] {processor.py:161} INFO - Started process (PID=92493) to work on /home/maira/projeto_indicium_engineering/venv/lib/python3.10/site-packages/airflow/example_dags/tutorial_objectstorage.py
[2024-06-14T16:51:19.698-0300] {processor.py:830} INFO - Processing file /home/maira/projeto_indicium_engineering/venv/lib/python3.10/site-packages/airflow/example_dags/tutorial_objectstorage.py for tasks to queue
[2024-06-14T16:51:19.701-0300] {logging_mixin.py:188} INFO - [2024-06-14T16:51:19.700-0300] {dagbag.py:545} INFO - Filling up the DagBag from /home/maira/projeto_indicium_engineering/venv/lib/python3.10/site-packages/airflow/example_dags/tutorial_objectstorage.py
[2024-06-14T16:51:19.714-0300] {processor.py:840} INFO - DAG(s) 'tutorial_objectstorage' retrieved from /home/maira/projeto_indicium_engineering/venv/lib/python3.10/site-packages/airflow/example_dags/tutorial_objectstorage.py
[2024-06-14T16:51:19.734-0300] {logging_mixin.py:188} INFO - [2024-06-14T16:51:19.734-0300] {dag.py:3096} INFO - Sync 1 DAGs
[2024-06-14T16:51:19.744-0300] {logging_mixin.py:188} INFO - [2024-06-14T16:51:19.744-0300] {dag.py:3954} INFO - Setting next_dagrun for tutorial_objectstorage to None, run_after=None
[2024-06-14T16:51:19.767-0300] {processor.py:183} INFO - Processing /home/maira/projeto_indicium_engineering/venv/lib/python3.10/site-packages/airflow/example_dags/tutorial_objectstorage.py took 0.083 seconds
[2024-06-14T16:52:21.121-0300] {processor.py:161} INFO - Started process (PID=92797) to work on /home/maira/projeto_indicium_engineering/venv/lib/python3.10/site-packages/airflow/example_dags/tutorial_objectstorage.py
[2024-06-14T16:52:21.123-0300] {processor.py:830} INFO - Processing file /home/maira/projeto_indicium_engineering/venv/lib/python3.10/site-packages/airflow/example_dags/tutorial_objectstorage.py for tasks to queue
[2024-06-14T16:52:21.125-0300] {logging_mixin.py:188} INFO - [2024-06-14T16:52:21.124-0300] {dagbag.py:545} INFO - Filling up the DagBag from /home/maira/projeto_indicium_engineering/venv/lib/python3.10/site-packages/airflow/example_dags/tutorial_objectstorage.py
[2024-06-14T16:52:21.132-0300] {processor.py:840} INFO - DAG(s) 'tutorial_objectstorage' retrieved from /home/maira/projeto_indicium_engineering/venv/lib/python3.10/site-packages/airflow/example_dags/tutorial_objectstorage.py
[2024-06-14T16:52:21.143-0300] {logging_mixin.py:188} INFO - [2024-06-14T16:52:21.143-0300] {dag.py:3096} INFO - Sync 1 DAGs
[2024-06-14T16:52:21.151-0300] {logging_mixin.py:188} INFO - [2024-06-14T16:52:21.151-0300] {dag.py:3954} INFO - Setting next_dagrun for tutorial_objectstorage to None, run_after=None
[2024-06-14T16:52:21.173-0300] {processor.py:183} INFO - Processing /home/maira/projeto_indicium_engineering/venv/lib/python3.10/site-packages/airflow/example_dags/tutorial_objectstorage.py took 0.057 seconds
[2024-06-14T16:53:21.877-0300] {processor.py:161} INFO - Started process (PID=93098) to work on /home/maira/projeto_indicium_engineering/venv/lib/python3.10/site-packages/airflow/example_dags/tutorial_objectstorage.py
[2024-06-14T16:53:21.879-0300] {processor.py:830} INFO - Processing file /home/maira/projeto_indicium_engineering/venv/lib/python3.10/site-packages/airflow/example_dags/tutorial_objectstorage.py for tasks to queue
[2024-06-14T16:53:21.880-0300] {logging_mixin.py:188} INFO - [2024-06-14T16:53:21.880-0300] {dagbag.py:545} INFO - Filling up the DagBag from /home/maira/projeto_indicium_engineering/venv/lib/python3.10/site-packages/airflow/example_dags/tutorial_objectstorage.py
[2024-06-14T16:53:21.887-0300] {processor.py:840} INFO - DAG(s) 'tutorial_objectstorage' retrieved from /home/maira/projeto_indicium_engineering/venv/lib/python3.10/site-packages/airflow/example_dags/tutorial_objectstorage.py
[2024-06-14T16:53:21.897-0300] {logging_mixin.py:188} INFO - [2024-06-14T16:53:21.897-0300] {dag.py:3096} INFO - Sync 1 DAGs
[2024-06-14T16:53:21.906-0300] {logging_mixin.py:188} INFO - [2024-06-14T16:53:21.906-0300] {dag.py:3954} INFO - Setting next_dagrun for tutorial_objectstorage to None, run_after=None
[2024-06-14T16:53:21.929-0300] {processor.py:183} INFO - Processing /home/maira/projeto_indicium_engineering/venv/lib/python3.10/site-packages/airflow/example_dags/tutorial_objectstorage.py took 0.056 seconds
[2024-06-14T16:54:23.736-0300] {processor.py:161} INFO - Started process (PID=93404) to work on /home/maira/projeto_indicium_engineering/venv/lib/python3.10/site-packages/airflow/example_dags/tutorial_objectstorage.py
[2024-06-14T16:54:23.737-0300] {processor.py:830} INFO - Processing file /home/maira/projeto_indicium_engineering/venv/lib/python3.10/site-packages/airflow/example_dags/tutorial_objectstorage.py for tasks to queue
[2024-06-14T16:54:23.739-0300] {logging_mixin.py:188} INFO - [2024-06-14T16:54:23.739-0300] {dagbag.py:545} INFO - Filling up the DagBag from /home/maira/projeto_indicium_engineering/venv/lib/python3.10/site-packages/airflow/example_dags/tutorial_objectstorage.py
[2024-06-14T16:54:23.747-0300] {processor.py:840} INFO - DAG(s) 'tutorial_objectstorage' retrieved from /home/maira/projeto_indicium_engineering/venv/lib/python3.10/site-packages/airflow/example_dags/tutorial_objectstorage.py
[2024-06-14T16:54:23.763-0300] {logging_mixin.py:188} INFO - [2024-06-14T16:54:23.763-0300] {dag.py:3096} INFO - Sync 1 DAGs
[2024-06-14T16:54:23.775-0300] {logging_mixin.py:188} INFO - [2024-06-14T16:54:23.775-0300] {dag.py:3954} INFO - Setting next_dagrun for tutorial_objectstorage to None, run_after=None
[2024-06-14T16:54:23.799-0300] {processor.py:183} INFO - Processing /home/maira/projeto_indicium_engineering/venv/lib/python3.10/site-packages/airflow/example_dags/tutorial_objectstorage.py took 0.070 seconds
[2024-06-14T17:20:14.919-0300] {processor.py:161} INFO - Started process (PID=93756) to work on /home/maira/projeto_indicium_engineering/venv/lib/python3.10/site-packages/airflow/example_dags/tutorial_objectstorage.py
[2024-06-14T17:20:15.022-0300] {processor.py:830} INFO - Processing file /home/maira/projeto_indicium_engineering/venv/lib/python3.10/site-packages/airflow/example_dags/tutorial_objectstorage.py for tasks to queue
[2024-06-14T17:20:15.023-0300] {logging_mixin.py:188} INFO - [2024-06-14T17:20:15.023-0300] {dagbag.py:545} INFO - Filling up the DagBag from /home/maira/projeto_indicium_engineering/venv/lib/python3.10/site-packages/airflow/example_dags/tutorial_objectstorage.py
[2024-06-14T17:20:15.031-0300] {processor.py:840} INFO - DAG(s) 'tutorial_objectstorage' retrieved from /home/maira/projeto_indicium_engineering/venv/lib/python3.10/site-packages/airflow/example_dags/tutorial_objectstorage.py
[2024-06-14T17:20:15.043-0300] {logging_mixin.py:188} INFO - [2024-06-14T17:20:15.043-0300] {dag.py:3096} INFO - Sync 1 DAGs
[2024-06-14T17:20:15.051-0300] {logging_mixin.py:188} INFO - [2024-06-14T17:20:15.051-0300] {dag.py:3954} INFO - Setting next_dagrun for tutorial_objectstorage to None, run_after=None
[2024-06-14T17:20:15.806-0300] {processor.py:183} INFO - Processing /home/maira/projeto_indicium_engineering/venv/lib/python3.10/site-packages/airflow/example_dags/tutorial_objectstorage.py took 0.892 seconds
[2024-06-14T17:21:07.148-0300] {processor.py:161} INFO - Started process (PID=94015) to work on /home/maira/projeto_indicium_engineering/venv/lib/python3.10/site-packages/airflow/example_dags/tutorial_objectstorage.py
[2024-06-14T17:21:07.150-0300] {processor.py:830} INFO - Processing file /home/maira/projeto_indicium_engineering/venv/lib/python3.10/site-packages/airflow/example_dags/tutorial_objectstorage.py for tasks to queue
[2024-06-14T17:21:07.151-0300] {logging_mixin.py:188} INFO - [2024-06-14T17:21:07.151-0300] {dagbag.py:545} INFO - Filling up the DagBag from /home/maira/projeto_indicium_engineering/venv/lib/python3.10/site-packages/airflow/example_dags/tutorial_objectstorage.py
[2024-06-14T17:21:07.158-0300] {processor.py:840} INFO - DAG(s) 'tutorial_objectstorage' retrieved from /home/maira/projeto_indicium_engineering/venv/lib/python3.10/site-packages/airflow/example_dags/tutorial_objectstorage.py
[2024-06-14T17:21:07.169-0300] {logging_mixin.py:188} INFO - [2024-06-14T17:21:07.169-0300] {dag.py:3096} INFO - Sync 1 DAGs
[2024-06-14T17:21:07.177-0300] {logging_mixin.py:188} INFO - [2024-06-14T17:21:07.177-0300] {dag.py:3954} INFO - Setting next_dagrun for tutorial_objectstorage to None, run_after=None
[2024-06-14T17:21:07.200-0300] {processor.py:183} INFO - Processing /home/maira/projeto_indicium_engineering/venv/lib/python3.10/site-packages/airflow/example_dags/tutorial_objectstorage.py took 0.057 seconds
[2024-06-14T17:22:07.825-0300] {processor.py:161} INFO - Started process (PID=94314) to work on /home/maira/projeto_indicium_engineering/venv/lib/python3.10/site-packages/airflow/example_dags/tutorial_objectstorage.py
[2024-06-14T17:22:07.827-0300] {processor.py:830} INFO - Processing file /home/maira/projeto_indicium_engineering/venv/lib/python3.10/site-packages/airflow/example_dags/tutorial_objectstorage.py for tasks to queue
[2024-06-14T17:22:07.829-0300] {logging_mixin.py:188} INFO - [2024-06-14T17:22:07.828-0300] {dagbag.py:545} INFO - Filling up the DagBag from /home/maira/projeto_indicium_engineering/venv/lib/python3.10/site-packages/airflow/example_dags/tutorial_objectstorage.py
[2024-06-14T17:22:07.835-0300] {processor.py:840} INFO - DAG(s) 'tutorial_objectstorage' retrieved from /home/maira/projeto_indicium_engineering/venv/lib/python3.10/site-packages/airflow/example_dags/tutorial_objectstorage.py
[2024-06-14T17:22:07.846-0300] {logging_mixin.py:188} INFO - [2024-06-14T17:22:07.846-0300] {dag.py:3096} INFO - Sync 1 DAGs
[2024-06-14T17:22:07.854-0300] {logging_mixin.py:188} INFO - [2024-06-14T17:22:07.854-0300] {dag.py:3954} INFO - Setting next_dagrun for tutorial_objectstorage to None, run_after=None
[2024-06-14T17:22:07.879-0300] {processor.py:183} INFO - Processing /home/maira/projeto_indicium_engineering/venv/lib/python3.10/site-packages/airflow/example_dags/tutorial_objectstorage.py took 0.058 seconds
[2024-06-14T17:23:09.093-0300] {processor.py:161} INFO - Started process (PID=94618) to work on /home/maira/projeto_indicium_engineering/venv/lib/python3.10/site-packages/airflow/example_dags/tutorial_objectstorage.py
[2024-06-14T17:23:09.097-0300] {processor.py:830} INFO - Processing file /home/maira/projeto_indicium_engineering/venv/lib/python3.10/site-packages/airflow/example_dags/tutorial_objectstorage.py for tasks to queue
[2024-06-14T17:23:09.098-0300] {logging_mixin.py:188} INFO - [2024-06-14T17:23:09.098-0300] {dagbag.py:545} INFO - Filling up the DagBag from /home/maira/projeto_indicium_engineering/venv/lib/python3.10/site-packages/airflow/example_dags/tutorial_objectstorage.py
[2024-06-14T17:23:09.104-0300] {processor.py:840} INFO - DAG(s) 'tutorial_objectstorage' retrieved from /home/maira/projeto_indicium_engineering/venv/lib/python3.10/site-packages/airflow/example_dags/tutorial_objectstorage.py
[2024-06-14T17:23:09.115-0300] {logging_mixin.py:188} INFO - [2024-06-14T17:23:09.115-0300] {dag.py:3096} INFO - Sync 1 DAGs
[2024-06-14T17:23:09.123-0300] {logging_mixin.py:188} INFO - [2024-06-14T17:23:09.123-0300] {dag.py:3954} INFO - Setting next_dagrun for tutorial_objectstorage to None, run_after=None
[2024-06-14T17:23:09.145-0300] {processor.py:183} INFO - Processing /home/maira/projeto_indicium_engineering/venv/lib/python3.10/site-packages/airflow/example_dags/tutorial_objectstorage.py took 0.056 seconds
[2024-06-14T17:24:10.795-0300] {processor.py:161} INFO - Started process (PID=94922) to work on /home/maira/projeto_indicium_engineering/venv/lib/python3.10/site-packages/airflow/example_dags/tutorial_objectstorage.py
[2024-06-14T17:24:10.797-0300] {processor.py:830} INFO - Processing file /home/maira/projeto_indicium_engineering/venv/lib/python3.10/site-packages/airflow/example_dags/tutorial_objectstorage.py for tasks to queue
[2024-06-14T17:24:10.798-0300] {logging_mixin.py:188} INFO - [2024-06-14T17:24:10.798-0300] {dagbag.py:545} INFO - Filling up the DagBag from /home/maira/projeto_indicium_engineering/venv/lib/python3.10/site-packages/airflow/example_dags/tutorial_objectstorage.py
[2024-06-14T17:24:10.806-0300] {processor.py:840} INFO - DAG(s) 'tutorial_objectstorage' retrieved from /home/maira/projeto_indicium_engineering/venv/lib/python3.10/site-packages/airflow/example_dags/tutorial_objectstorage.py
[2024-06-14T17:24:10.820-0300] {logging_mixin.py:188} INFO - [2024-06-14T17:24:10.820-0300] {dag.py:3096} INFO - Sync 1 DAGs
[2024-06-14T17:24:10.832-0300] {logging_mixin.py:188} INFO - [2024-06-14T17:24:10.832-0300] {dag.py:3954} INFO - Setting next_dagrun for tutorial_objectstorage to None, run_after=None
[2024-06-14T17:24:10.854-0300] {processor.py:183} INFO - Processing /home/maira/projeto_indicium_engineering/venv/lib/python3.10/site-packages/airflow/example_dags/tutorial_objectstorage.py took 0.063 seconds
[2024-06-14T17:25:22.712-0300] {processor.py:161} INFO - Started process (PID=95275) to work on /home/maira/projeto_indicium_engineering/venv/lib/python3.10/site-packages/airflow/example_dags/tutorial_objectstorage.py
[2024-06-14T17:25:22.717-0300] {processor.py:830} INFO - Processing file /home/maira/projeto_indicium_engineering/venv/lib/python3.10/site-packages/airflow/example_dags/tutorial_objectstorage.py for tasks to queue
[2024-06-14T17:25:22.718-0300] {logging_mixin.py:188} INFO - [2024-06-14T17:25:22.718-0300] {dagbag.py:545} INFO - Filling up the DagBag from /home/maira/projeto_indicium_engineering/venv/lib/python3.10/site-packages/airflow/example_dags/tutorial_objectstorage.py
[2024-06-14T17:25:22.723-0300] {processor.py:840} INFO - DAG(s) 'tutorial_objectstorage' retrieved from /home/maira/projeto_indicium_engineering/venv/lib/python3.10/site-packages/airflow/example_dags/tutorial_objectstorage.py
[2024-06-14T17:25:22.734-0300] {logging_mixin.py:188} INFO - [2024-06-14T17:25:22.734-0300] {dag.py:3096} INFO - Sync 1 DAGs
[2024-06-14T17:25:22.742-0300] {logging_mixin.py:188} INFO - [2024-06-14T17:25:22.742-0300] {dag.py:3954} INFO - Setting next_dagrun for tutorial_objectstorage to None, run_after=None
[2024-06-14T17:25:22.764-0300] {processor.py:183} INFO - Processing /home/maira/projeto_indicium_engineering/venv/lib/python3.10/site-packages/airflow/example_dags/tutorial_objectstorage.py took 0.057 seconds
[2024-06-14T17:26:21.334-0300] {processor.py:161} INFO - Started process (PID=95566) to work on /home/maira/projeto_indicium_engineering/venv/lib/python3.10/site-packages/airflow/example_dags/tutorial_objectstorage.py
[2024-06-14T17:26:21.336-0300] {processor.py:830} INFO - Processing file /home/maira/projeto_indicium_engineering/venv/lib/python3.10/site-packages/airflow/example_dags/tutorial_objectstorage.py for tasks to queue
[2024-06-14T17:26:21.338-0300] {logging_mixin.py:188} INFO - [2024-06-14T17:26:21.338-0300] {dagbag.py:545} INFO - Filling up the DagBag from /home/maira/projeto_indicium_engineering/venv/lib/python3.10/site-packages/airflow/example_dags/tutorial_objectstorage.py
[2024-06-14T17:26:21.343-0300] {processor.py:840} INFO - DAG(s) 'tutorial_objectstorage' retrieved from /home/maira/projeto_indicium_engineering/venv/lib/python3.10/site-packages/airflow/example_dags/tutorial_objectstorage.py
[2024-06-14T17:26:21.354-0300] {logging_mixin.py:188} INFO - [2024-06-14T17:26:21.354-0300] {dag.py:3096} INFO - Sync 1 DAGs
[2024-06-14T17:26:21.361-0300] {logging_mixin.py:188} INFO - [2024-06-14T17:26:21.361-0300] {dag.py:3954} INFO - Setting next_dagrun for tutorial_objectstorage to None, run_after=None
[2024-06-14T17:26:21.385-0300] {processor.py:183} INFO - Processing /home/maira/projeto_indicium_engineering/venv/lib/python3.10/site-packages/airflow/example_dags/tutorial_objectstorage.py took 0.056 seconds
[2024-06-14T17:27:19.903-0300] {processor.py:161} INFO - Started process (PID=95855) to work on /home/maira/projeto_indicium_engineering/venv/lib/python3.10/site-packages/airflow/example_dags/tutorial_objectstorage.py
[2024-06-14T17:27:19.905-0300] {processor.py:830} INFO - Processing file /home/maira/projeto_indicium_engineering/venv/lib/python3.10/site-packages/airflow/example_dags/tutorial_objectstorage.py for tasks to queue
[2024-06-14T17:27:19.907-0300] {logging_mixin.py:188} INFO - [2024-06-14T17:27:19.907-0300] {dagbag.py:545} INFO - Filling up the DagBag from /home/maira/projeto_indicium_engineering/venv/lib/python3.10/site-packages/airflow/example_dags/tutorial_objectstorage.py
[2024-06-14T17:27:19.914-0300] {processor.py:840} INFO - DAG(s) 'tutorial_objectstorage' retrieved from /home/maira/projeto_indicium_engineering/venv/lib/python3.10/site-packages/airflow/example_dags/tutorial_objectstorage.py
[2024-06-14T17:27:19.925-0300] {logging_mixin.py:188} INFO - [2024-06-14T17:27:19.925-0300] {dag.py:3096} INFO - Sync 1 DAGs
[2024-06-14T17:27:19.933-0300] {logging_mixin.py:188} INFO - [2024-06-14T17:27:19.933-0300] {dag.py:3954} INFO - Setting next_dagrun for tutorial_objectstorage to None, run_after=None
[2024-06-14T17:27:19.959-0300] {processor.py:183} INFO - Processing /home/maira/projeto_indicium_engineering/venv/lib/python3.10/site-packages/airflow/example_dags/tutorial_objectstorage.py took 0.061 seconds
[2024-06-14T17:28:20.116-0300] {processor.py:161} INFO - Started process (PID=96153) to work on /home/maira/projeto_indicium_engineering/venv/lib/python3.10/site-packages/airflow/example_dags/tutorial_objectstorage.py
[2024-06-14T17:28:20.118-0300] {processor.py:830} INFO - Processing file /home/maira/projeto_indicium_engineering/venv/lib/python3.10/site-packages/airflow/example_dags/tutorial_objectstorage.py for tasks to queue
[2024-06-14T17:28:20.119-0300] {logging_mixin.py:188} INFO - [2024-06-14T17:28:20.118-0300] {dagbag.py:545} INFO - Filling up the DagBag from /home/maira/projeto_indicium_engineering/venv/lib/python3.10/site-packages/airflow/example_dags/tutorial_objectstorage.py
[2024-06-14T17:28:20.125-0300] {processor.py:840} INFO - DAG(s) 'tutorial_objectstorage' retrieved from /home/maira/projeto_indicium_engineering/venv/lib/python3.10/site-packages/airflow/example_dags/tutorial_objectstorage.py
[2024-06-14T17:28:20.136-0300] {logging_mixin.py:188} INFO - [2024-06-14T17:28:20.136-0300] {dag.py:3096} INFO - Sync 1 DAGs
[2024-06-14T17:28:20.145-0300] {logging_mixin.py:188} INFO - [2024-06-14T17:28:20.144-0300] {dag.py:3954} INFO - Setting next_dagrun for tutorial_objectstorage to None, run_after=None
[2024-06-14T17:28:20.167-0300] {processor.py:183} INFO - Processing /home/maira/projeto_indicium_engineering/venv/lib/python3.10/site-packages/airflow/example_dags/tutorial_objectstorage.py took 0.056 seconds
[2024-06-14T17:29:13.890-0300] {processor.py:161} INFO - Started process (PID=96423) to work on /home/maira/projeto_indicium_engineering/venv/lib/python3.10/site-packages/airflow/example_dags/tutorial_objectstorage.py
[2024-06-14T17:29:13.893-0300] {processor.py:830} INFO - Processing file /home/maira/projeto_indicium_engineering/venv/lib/python3.10/site-packages/airflow/example_dags/tutorial_objectstorage.py for tasks to queue
[2024-06-14T17:29:13.894-0300] {logging_mixin.py:188} INFO - [2024-06-14T17:29:13.894-0300] {dagbag.py:545} INFO - Filling up the DagBag from /home/maira/projeto_indicium_engineering/venv/lib/python3.10/site-packages/airflow/example_dags/tutorial_objectstorage.py
[2024-06-14T17:29:13.902-0300] {processor.py:840} INFO - DAG(s) 'tutorial_objectstorage' retrieved from /home/maira/projeto_indicium_engineering/venv/lib/python3.10/site-packages/airflow/example_dags/tutorial_objectstorage.py
[2024-06-14T17:29:13.912-0300] {logging_mixin.py:188} INFO - [2024-06-14T17:29:13.912-0300] {dag.py:3096} INFO - Sync 1 DAGs
[2024-06-14T17:29:13.921-0300] {logging_mixin.py:188} INFO - [2024-06-14T17:29:13.921-0300] {dag.py:3954} INFO - Setting next_dagrun for tutorial_objectstorage to None, run_after=None
[2024-06-14T17:29:13.945-0300] {processor.py:183} INFO - Processing /home/maira/projeto_indicium_engineering/venv/lib/python3.10/site-packages/airflow/example_dags/tutorial_objectstorage.py took 0.059 seconds
[2024-06-14T17:30:14.440-0300] {processor.py:161} INFO - Started process (PID=96723) to work on /home/maira/projeto_indicium_engineering/venv/lib/python3.10/site-packages/airflow/example_dags/tutorial_objectstorage.py
[2024-06-14T17:30:14.445-0300] {processor.py:830} INFO - Processing file /home/maira/projeto_indicium_engineering/venv/lib/python3.10/site-packages/airflow/example_dags/tutorial_objectstorage.py for tasks to queue
[2024-06-14T17:30:14.447-0300] {logging_mixin.py:188} INFO - [2024-06-14T17:30:14.447-0300] {dagbag.py:545} INFO - Filling up the DagBag from /home/maira/projeto_indicium_engineering/venv/lib/python3.10/site-packages/airflow/example_dags/tutorial_objectstorage.py
[2024-06-14T17:30:14.452-0300] {processor.py:840} INFO - DAG(s) 'tutorial_objectstorage' retrieved from /home/maira/projeto_indicium_engineering/venv/lib/python3.10/site-packages/airflow/example_dags/tutorial_objectstorage.py
[2024-06-14T17:30:14.463-0300] {logging_mixin.py:188} INFO - [2024-06-14T17:30:14.463-0300] {dag.py:3096} INFO - Sync 1 DAGs
[2024-06-14T17:30:14.471-0300] {logging_mixin.py:188} INFO - [2024-06-14T17:30:14.471-0300] {dag.py:3954} INFO - Setting next_dagrun for tutorial_objectstorage to None, run_after=None
[2024-06-14T17:30:14.497-0300] {processor.py:183} INFO - Processing /home/maira/projeto_indicium_engineering/venv/lib/python3.10/site-packages/airflow/example_dags/tutorial_objectstorage.py took 0.062 seconds
[2024-06-14T17:31:14.182-0300] {processor.py:161} INFO - Started process (PID=97019) to work on /home/maira/projeto_indicium_engineering/venv/lib/python3.10/site-packages/airflow/example_dags/tutorial_objectstorage.py
[2024-06-14T17:31:14.185-0300] {processor.py:830} INFO - Processing file /home/maira/projeto_indicium_engineering/venv/lib/python3.10/site-packages/airflow/example_dags/tutorial_objectstorage.py for tasks to queue
[2024-06-14T17:31:14.187-0300] {logging_mixin.py:188} INFO - [2024-06-14T17:31:14.186-0300] {dagbag.py:545} INFO - Filling up the DagBag from /home/maira/projeto_indicium_engineering/venv/lib/python3.10/site-packages/airflow/example_dags/tutorial_objectstorage.py
[2024-06-14T17:31:14.200-0300] {processor.py:840} INFO - DAG(s) 'tutorial_objectstorage' retrieved from /home/maira/projeto_indicium_engineering/venv/lib/python3.10/site-packages/airflow/example_dags/tutorial_objectstorage.py
[2024-06-14T17:31:14.215-0300] {logging_mixin.py:188} INFO - [2024-06-14T17:31:14.215-0300] {dag.py:3096} INFO - Sync 1 DAGs
[2024-06-14T17:31:14.226-0300] {logging_mixin.py:188} INFO - [2024-06-14T17:31:14.225-0300] {dag.py:3954} INFO - Setting next_dagrun for tutorial_objectstorage to None, run_after=None
[2024-06-14T17:31:14.256-0300] {processor.py:183} INFO - Processing /home/maira/projeto_indicium_engineering/venv/lib/python3.10/site-packages/airflow/example_dags/tutorial_objectstorage.py took 0.085 seconds
[2024-06-14T17:32:02.960-0300] {processor.py:161} INFO - Started process (PID=97258) to work on /home/maira/projeto_indicium_engineering/venv/lib/python3.10/site-packages/airflow/example_dags/tutorial_objectstorage.py
[2024-06-14T17:32:02.962-0300] {processor.py:830} INFO - Processing file /home/maira/projeto_indicium_engineering/venv/lib/python3.10/site-packages/airflow/example_dags/tutorial_objectstorage.py for tasks to queue
[2024-06-14T17:32:02.963-0300] {logging_mixin.py:188} INFO - [2024-06-14T17:32:02.963-0300] {dagbag.py:545} INFO - Filling up the DagBag from /home/maira/projeto_indicium_engineering/venv/lib/python3.10/site-packages/airflow/example_dags/tutorial_objectstorage.py
[2024-06-14T17:32:02.969-0300] {processor.py:840} INFO - DAG(s) 'tutorial_objectstorage' retrieved from /home/maira/projeto_indicium_engineering/venv/lib/python3.10/site-packages/airflow/example_dags/tutorial_objectstorage.py
[2024-06-14T17:32:02.982-0300] {logging_mixin.py:188} INFO - [2024-06-14T17:32:02.982-0300] {dag.py:3096} INFO - Sync 1 DAGs
[2024-06-14T17:32:02.990-0300] {logging_mixin.py:188} INFO - [2024-06-14T17:32:02.990-0300] {dag.py:3954} INFO - Setting next_dagrun for tutorial_objectstorage to None, run_after=None
[2024-06-14T17:32:03.012-0300] {processor.py:183} INFO - Processing /home/maira/projeto_indicium_engineering/venv/lib/python3.10/site-packages/airflow/example_dags/tutorial_objectstorage.py took 0.057 seconds
[2024-06-14T17:33:07.318-0300] {processor.py:161} INFO - Started process (PID=97575) to work on /home/maira/projeto_indicium_engineering/venv/lib/python3.10/site-packages/airflow/example_dags/tutorial_objectstorage.py
[2024-06-14T17:33:07.320-0300] {processor.py:830} INFO - Processing file /home/maira/projeto_indicium_engineering/venv/lib/python3.10/site-packages/airflow/example_dags/tutorial_objectstorage.py for tasks to queue
[2024-06-14T17:33:07.322-0300] {logging_mixin.py:188} INFO - [2024-06-14T17:33:07.322-0300] {dagbag.py:545} INFO - Filling up the DagBag from /home/maira/projeto_indicium_engineering/venv/lib/python3.10/site-packages/airflow/example_dags/tutorial_objectstorage.py
[2024-06-14T17:33:07.333-0300] {processor.py:840} INFO - DAG(s) 'tutorial_objectstorage' retrieved from /home/maira/projeto_indicium_engineering/venv/lib/python3.10/site-packages/airflow/example_dags/tutorial_objectstorage.py
[2024-06-14T17:33:07.348-0300] {logging_mixin.py:188} INFO - [2024-06-14T17:33:07.347-0300] {dag.py:3096} INFO - Sync 1 DAGs
[2024-06-14T17:33:07.357-0300] {logging_mixin.py:188} INFO - [2024-06-14T17:33:07.356-0300] {dag.py:3954} INFO - Setting next_dagrun for tutorial_objectstorage to None, run_after=None
[2024-06-14T17:33:07.378-0300] {processor.py:183} INFO - Processing /home/maira/projeto_indicium_engineering/venv/lib/python3.10/site-packages/airflow/example_dags/tutorial_objectstorage.py took 0.068 seconds
[2024-06-14T17:34:05.342-0300] {processor.py:161} INFO - Started process (PID=97864) to work on /home/maira/projeto_indicium_engineering/venv/lib/python3.10/site-packages/airflow/example_dags/tutorial_objectstorage.py
[2024-06-14T17:34:05.344-0300] {processor.py:830} INFO - Processing file /home/maira/projeto_indicium_engineering/venv/lib/python3.10/site-packages/airflow/example_dags/tutorial_objectstorage.py for tasks to queue
[2024-06-14T17:34:05.346-0300] {logging_mixin.py:188} INFO - [2024-06-14T17:34:05.345-0300] {dagbag.py:545} INFO - Filling up the DagBag from /home/maira/projeto_indicium_engineering/venv/lib/python3.10/site-packages/airflow/example_dags/tutorial_objectstorage.py
[2024-06-14T17:34:05.353-0300] {processor.py:840} INFO - DAG(s) 'tutorial_objectstorage' retrieved from /home/maira/projeto_indicium_engineering/venv/lib/python3.10/site-packages/airflow/example_dags/tutorial_objectstorage.py
[2024-06-14T17:34:05.364-0300] {logging_mixin.py:188} INFO - [2024-06-14T17:34:05.364-0300] {dag.py:3096} INFO - Sync 1 DAGs
[2024-06-14T17:34:05.372-0300] {logging_mixin.py:188} INFO - [2024-06-14T17:34:05.372-0300] {dag.py:3954} INFO - Setting next_dagrun for tutorial_objectstorage to None, run_after=None
[2024-06-14T17:34:05.397-0300] {processor.py:183} INFO - Processing /home/maira/projeto_indicium_engineering/venv/lib/python3.10/site-packages/airflow/example_dags/tutorial_objectstorage.py took 0.059 seconds
[2024-06-14T17:35:03.393-0300] {processor.py:161} INFO - Started process (PID=98155) to work on /home/maira/projeto_indicium_engineering/venv/lib/python3.10/site-packages/airflow/example_dags/tutorial_objectstorage.py
[2024-06-14T17:35:03.394-0300] {processor.py:830} INFO - Processing file /home/maira/projeto_indicium_engineering/venv/lib/python3.10/site-packages/airflow/example_dags/tutorial_objectstorage.py for tasks to queue
[2024-06-14T17:35:03.395-0300] {logging_mixin.py:188} INFO - [2024-06-14T17:35:03.395-0300] {dagbag.py:545} INFO - Filling up the DagBag from /home/maira/projeto_indicium_engineering/venv/lib/python3.10/site-packages/airflow/example_dags/tutorial_objectstorage.py
[2024-06-14T17:35:03.401-0300] {processor.py:840} INFO - DAG(s) 'tutorial_objectstorage' retrieved from /home/maira/projeto_indicium_engineering/venv/lib/python3.10/site-packages/airflow/example_dags/tutorial_objectstorage.py
[2024-06-14T17:35:03.412-0300] {logging_mixin.py:188} INFO - [2024-06-14T17:35:03.412-0300] {dag.py:3096} INFO - Sync 1 DAGs
[2024-06-14T17:35:03.420-0300] {logging_mixin.py:188} INFO - [2024-06-14T17:35:03.420-0300] {dag.py:3954} INFO - Setting next_dagrun for tutorial_objectstorage to None, run_after=None
[2024-06-14T17:35:03.448-0300] {processor.py:183} INFO - Processing /home/maira/projeto_indicium_engineering/venv/lib/python3.10/site-packages/airflow/example_dags/tutorial_objectstorage.py took 0.060 seconds
[2024-06-14T17:36:04.384-0300] {processor.py:161} INFO - Started process (PID=98456) to work on /home/maira/projeto_indicium_engineering/venv/lib/python3.10/site-packages/airflow/example_dags/tutorial_objectstorage.py
[2024-06-14T17:36:04.385-0300] {processor.py:830} INFO - Processing file /home/maira/projeto_indicium_engineering/venv/lib/python3.10/site-packages/airflow/example_dags/tutorial_objectstorage.py for tasks to queue
[2024-06-14T17:36:04.387-0300] {logging_mixin.py:188} INFO - [2024-06-14T17:36:04.386-0300] {dagbag.py:545} INFO - Filling up the DagBag from /home/maira/projeto_indicium_engineering/venv/lib/python3.10/site-packages/airflow/example_dags/tutorial_objectstorage.py
[2024-06-14T17:36:04.394-0300] {processor.py:840} INFO - DAG(s) 'tutorial_objectstorage' retrieved from /home/maira/projeto_indicium_engineering/venv/lib/python3.10/site-packages/airflow/example_dags/tutorial_objectstorage.py
[2024-06-14T17:36:04.405-0300] {logging_mixin.py:188} INFO - [2024-06-14T17:36:04.404-0300] {dag.py:3096} INFO - Sync 1 DAGs
[2024-06-14T17:36:04.412-0300] {logging_mixin.py:188} INFO - [2024-06-14T17:36:04.412-0300] {dag.py:3954} INFO - Setting next_dagrun for tutorial_objectstorage to None, run_after=None
[2024-06-14T17:36:04.437-0300] {processor.py:183} INFO - Processing /home/maira/projeto_indicium_engineering/venv/lib/python3.10/site-packages/airflow/example_dags/tutorial_objectstorage.py took 0.058 seconds
[2024-06-14T17:37:07.595-0300] {processor.py:161} INFO - Started process (PID=98767) to work on /home/maira/projeto_indicium_engineering/venv/lib/python3.10/site-packages/airflow/example_dags/tutorial_objectstorage.py
[2024-06-14T17:37:07.598-0300] {processor.py:830} INFO - Processing file /home/maira/projeto_indicium_engineering/venv/lib/python3.10/site-packages/airflow/example_dags/tutorial_objectstorage.py for tasks to queue
[2024-06-14T17:37:07.599-0300] {logging_mixin.py:188} INFO - [2024-06-14T17:37:07.599-0300] {dagbag.py:545} INFO - Filling up the DagBag from /home/maira/projeto_indicium_engineering/venv/lib/python3.10/site-packages/airflow/example_dags/tutorial_objectstorage.py
[2024-06-14T17:37:07.604-0300] {processor.py:840} INFO - DAG(s) 'tutorial_objectstorage' retrieved from /home/maira/projeto_indicium_engineering/venv/lib/python3.10/site-packages/airflow/example_dags/tutorial_objectstorage.py
[2024-06-14T17:37:07.615-0300] {logging_mixin.py:188} INFO - [2024-06-14T17:37:07.615-0300] {dag.py:3096} INFO - Sync 1 DAGs
[2024-06-14T17:37:07.623-0300] {logging_mixin.py:188} INFO - [2024-06-14T17:37:07.623-0300] {dag.py:3954} INFO - Setting next_dagrun for tutorial_objectstorage to None, run_after=None
[2024-06-14T17:37:07.646-0300] {processor.py:183} INFO - Processing /home/maira/projeto_indicium_engineering/venv/lib/python3.10/site-packages/airflow/example_dags/tutorial_objectstorage.py took 0.056 seconds
[2024-06-14T17:38:04.982-0300] {processor.py:161} INFO - Started process (PID=99053) to work on /home/maira/projeto_indicium_engineering/venv/lib/python3.10/site-packages/airflow/example_dags/tutorial_objectstorage.py
[2024-06-14T17:38:04.983-0300] {processor.py:830} INFO - Processing file /home/maira/projeto_indicium_engineering/venv/lib/python3.10/site-packages/airflow/example_dags/tutorial_objectstorage.py for tasks to queue
[2024-06-14T17:38:04.984-0300] {logging_mixin.py:188} INFO - [2024-06-14T17:38:04.984-0300] {dagbag.py:545} INFO - Filling up the DagBag from /home/maira/projeto_indicium_engineering/venv/lib/python3.10/site-packages/airflow/example_dags/tutorial_objectstorage.py
[2024-06-14T17:38:04.992-0300] {processor.py:840} INFO - DAG(s) 'tutorial_objectstorage' retrieved from /home/maira/projeto_indicium_engineering/venv/lib/python3.10/site-packages/airflow/example_dags/tutorial_objectstorage.py
[2024-06-14T17:38:05.003-0300] {logging_mixin.py:188} INFO - [2024-06-14T17:38:05.003-0300] {dag.py:3096} INFO - Sync 1 DAGs
[2024-06-14T17:38:05.011-0300] {logging_mixin.py:188} INFO - [2024-06-14T17:38:05.010-0300] {dag.py:3954} INFO - Setting next_dagrun for tutorial_objectstorage to None, run_after=None
[2024-06-14T17:38:05.038-0300] {processor.py:183} INFO - Processing /home/maira/projeto_indicium_engineering/venv/lib/python3.10/site-packages/airflow/example_dags/tutorial_objectstorage.py took 0.061 seconds
[2024-06-14T17:39:03.049-0300] {processor.py:161} INFO - Started process (PID=99343) to work on /home/maira/projeto_indicium_engineering/venv/lib/python3.10/site-packages/airflow/example_dags/tutorial_objectstorage.py
[2024-06-14T17:39:03.050-0300] {processor.py:830} INFO - Processing file /home/maira/projeto_indicium_engineering/venv/lib/python3.10/site-packages/airflow/example_dags/tutorial_objectstorage.py for tasks to queue
[2024-06-14T17:39:03.052-0300] {logging_mixin.py:188} INFO - [2024-06-14T17:39:03.052-0300] {dagbag.py:545} INFO - Filling up the DagBag from /home/maira/projeto_indicium_engineering/venv/lib/python3.10/site-packages/airflow/example_dags/tutorial_objectstorage.py
[2024-06-14T17:39:03.058-0300] {processor.py:840} INFO - DAG(s) 'tutorial_objectstorage' retrieved from /home/maira/projeto_indicium_engineering/venv/lib/python3.10/site-packages/airflow/example_dags/tutorial_objectstorage.py
[2024-06-14T17:39:03.069-0300] {logging_mixin.py:188} INFO - [2024-06-14T17:39:03.069-0300] {dag.py:3096} INFO - Sync 1 DAGs
[2024-06-14T17:39:03.077-0300] {logging_mixin.py:188} INFO - [2024-06-14T17:39:03.077-0300] {dag.py:3954} INFO - Setting next_dagrun for tutorial_objectstorage to None, run_after=None
[2024-06-14T17:39:03.102-0300] {processor.py:183} INFO - Processing /home/maira/projeto_indicium_engineering/venv/lib/python3.10/site-packages/airflow/example_dags/tutorial_objectstorage.py took 0.059 seconds
[2024-06-14T17:40:02.211-0300] {processor.py:161} INFO - Started process (PID=99635) to work on /home/maira/projeto_indicium_engineering/venv/lib/python3.10/site-packages/airflow/example_dags/tutorial_objectstorage.py
[2024-06-14T17:40:02.213-0300] {processor.py:830} INFO - Processing file /home/maira/projeto_indicium_engineering/venv/lib/python3.10/site-packages/airflow/example_dags/tutorial_objectstorage.py for tasks to queue
[2024-06-14T17:40:02.215-0300] {logging_mixin.py:188} INFO - [2024-06-14T17:40:02.215-0300] {dagbag.py:545} INFO - Filling up the DagBag from /home/maira/projeto_indicium_engineering/venv/lib/python3.10/site-packages/airflow/example_dags/tutorial_objectstorage.py
[2024-06-14T17:40:02.221-0300] {processor.py:840} INFO - DAG(s) 'tutorial_objectstorage' retrieved from /home/maira/projeto_indicium_engineering/venv/lib/python3.10/site-packages/airflow/example_dags/tutorial_objectstorage.py
[2024-06-14T17:40:02.231-0300] {logging_mixin.py:188} INFO - [2024-06-14T17:40:02.231-0300] {dag.py:3096} INFO - Sync 1 DAGs
[2024-06-14T17:40:02.239-0300] {logging_mixin.py:188} INFO - [2024-06-14T17:40:02.239-0300] {dag.py:3954} INFO - Setting next_dagrun for tutorial_objectstorage to None, run_after=None
[2024-06-14T17:40:02.262-0300] {processor.py:183} INFO - Processing /home/maira/projeto_indicium_engineering/venv/lib/python3.10/site-packages/airflow/example_dags/tutorial_objectstorage.py took 0.055 seconds
[2024-06-14T17:41:03.194-0300] {processor.py:161} INFO - Started process (PID=99936) to work on /home/maira/projeto_indicium_engineering/venv/lib/python3.10/site-packages/airflow/example_dags/tutorial_objectstorage.py
[2024-06-14T17:41:03.195-0300] {processor.py:830} INFO - Processing file /home/maira/projeto_indicium_engineering/venv/lib/python3.10/site-packages/airflow/example_dags/tutorial_objectstorage.py for tasks to queue
[2024-06-14T17:41:03.197-0300] {logging_mixin.py:188} INFO - [2024-06-14T17:41:03.197-0300] {dagbag.py:545} INFO - Filling up the DagBag from /home/maira/projeto_indicium_engineering/venv/lib/python3.10/site-packages/airflow/example_dags/tutorial_objectstorage.py
[2024-06-14T17:41:03.205-0300] {processor.py:840} INFO - DAG(s) 'tutorial_objectstorage' retrieved from /home/maira/projeto_indicium_engineering/venv/lib/python3.10/site-packages/airflow/example_dags/tutorial_objectstorage.py
[2024-06-14T17:41:03.216-0300] {logging_mixin.py:188} INFO - [2024-06-14T17:41:03.216-0300] {dag.py:3096} INFO - Sync 1 DAGs
[2024-06-14T17:41:03.225-0300] {logging_mixin.py:188} INFO - [2024-06-14T17:41:03.224-0300] {dag.py:3954} INFO - Setting next_dagrun for tutorial_objectstorage to None, run_after=None
[2024-06-14T17:41:03.248-0300] {processor.py:183} INFO - Processing /home/maira/projeto_indicium_engineering/venv/lib/python3.10/site-packages/airflow/example_dags/tutorial_objectstorage.py took 0.059 seconds
[2024-06-14T17:42:06.281-0300] {processor.py:161} INFO - Started process (PID=100248) to work on /home/maira/projeto_indicium_engineering/venv/lib/python3.10/site-packages/airflow/example_dags/tutorial_objectstorage.py
[2024-06-14T17:42:06.284-0300] {processor.py:830} INFO - Processing file /home/maira/projeto_indicium_engineering/venv/lib/python3.10/site-packages/airflow/example_dags/tutorial_objectstorage.py for tasks to queue
[2024-06-14T17:42:06.285-0300] {logging_mixin.py:188} INFO - [2024-06-14T17:42:06.285-0300] {dagbag.py:545} INFO - Filling up the DagBag from /home/maira/projeto_indicium_engineering/venv/lib/python3.10/site-packages/airflow/example_dags/tutorial_objectstorage.py
[2024-06-14T17:42:06.292-0300] {processor.py:840} INFO - DAG(s) 'tutorial_objectstorage' retrieved from /home/maira/projeto_indicium_engineering/venv/lib/python3.10/site-packages/airflow/example_dags/tutorial_objectstorage.py
[2024-06-14T17:42:06.303-0300] {logging_mixin.py:188} INFO - [2024-06-14T17:42:06.302-0300] {dag.py:3096} INFO - Sync 1 DAGs
[2024-06-14T17:42:06.311-0300] {logging_mixin.py:188} INFO - [2024-06-14T17:42:06.311-0300] {dag.py:3954} INFO - Setting next_dagrun for tutorial_objectstorage to None, run_after=None
[2024-06-14T17:42:06.334-0300] {processor.py:183} INFO - Processing /home/maira/projeto_indicium_engineering/venv/lib/python3.10/site-packages/airflow/example_dags/tutorial_objectstorage.py took 0.058 seconds
[2024-06-14T17:43:05.928-0300] {processor.py:161} INFO - Started process (PID=100544) to work on /home/maira/projeto_indicium_engineering/venv/lib/python3.10/site-packages/airflow/example_dags/tutorial_objectstorage.py
[2024-06-14T17:43:05.931-0300] {processor.py:830} INFO - Processing file /home/maira/projeto_indicium_engineering/venv/lib/python3.10/site-packages/airflow/example_dags/tutorial_objectstorage.py for tasks to queue
[2024-06-14T17:43:05.933-0300] {logging_mixin.py:188} INFO - [2024-06-14T17:43:05.933-0300] {dagbag.py:545} INFO - Filling up the DagBag from /home/maira/projeto_indicium_engineering/venv/lib/python3.10/site-packages/airflow/example_dags/tutorial_objectstorage.py
[2024-06-14T17:43:05.940-0300] {processor.py:840} INFO - DAG(s) 'tutorial_objectstorage' retrieved from /home/maira/projeto_indicium_engineering/venv/lib/python3.10/site-packages/airflow/example_dags/tutorial_objectstorage.py
[2024-06-14T17:43:05.951-0300] {logging_mixin.py:188} INFO - [2024-06-14T17:43:05.951-0300] {dag.py:3096} INFO - Sync 1 DAGs
[2024-06-14T17:43:05.960-0300] {logging_mixin.py:188} INFO - [2024-06-14T17:43:05.960-0300] {dag.py:3954} INFO - Setting next_dagrun for tutorial_objectstorage to None, run_after=None
[2024-06-14T17:43:05.983-0300] {processor.py:183} INFO - Processing /home/maira/projeto_indicium_engineering/venv/lib/python3.10/site-packages/airflow/example_dags/tutorial_objectstorage.py took 0.059 seconds
[2024-06-14T17:44:02.032-0300] {processor.py:161} INFO - Started process (PID=100824) to work on /home/maira/projeto_indicium_engineering/venv/lib/python3.10/site-packages/airflow/example_dags/tutorial_objectstorage.py
[2024-06-14T17:44:02.033-0300] {processor.py:830} INFO - Processing file /home/maira/projeto_indicium_engineering/venv/lib/python3.10/site-packages/airflow/example_dags/tutorial_objectstorage.py for tasks to queue
[2024-06-14T17:44:02.035-0300] {logging_mixin.py:188} INFO - [2024-06-14T17:44:02.034-0300] {dagbag.py:545} INFO - Filling up the DagBag from /home/maira/projeto_indicium_engineering/venv/lib/python3.10/site-packages/airflow/example_dags/tutorial_objectstorage.py
[2024-06-14T17:44:02.041-0300] {processor.py:840} INFO - DAG(s) 'tutorial_objectstorage' retrieved from /home/maira/projeto_indicium_engineering/venv/lib/python3.10/site-packages/airflow/example_dags/tutorial_objectstorage.py
[2024-06-14T17:44:02.053-0300] {logging_mixin.py:188} INFO - [2024-06-14T17:44:02.052-0300] {dag.py:3096} INFO - Sync 1 DAGs
[2024-06-14T17:44:02.061-0300] {logging_mixin.py:188} INFO - [2024-06-14T17:44:02.061-0300] {dag.py:3954} INFO - Setting next_dagrun for tutorial_objectstorage to None, run_after=None
[2024-06-14T17:44:02.085-0300] {processor.py:183} INFO - Processing /home/maira/projeto_indicium_engineering/venv/lib/python3.10/site-packages/airflow/example_dags/tutorial_objectstorage.py took 0.058 seconds
[2024-06-14T17:44:58.799-0300] {processor.py:161} INFO - Started process (PID=101107) to work on /home/maira/projeto_indicium_engineering/venv/lib/python3.10/site-packages/airflow/example_dags/tutorial_objectstorage.py
[2024-06-14T17:44:58.801-0300] {processor.py:830} INFO - Processing file /home/maira/projeto_indicium_engineering/venv/lib/python3.10/site-packages/airflow/example_dags/tutorial_objectstorage.py for tasks to queue
[2024-06-14T17:44:58.803-0300] {logging_mixin.py:188} INFO - [2024-06-14T17:44:58.803-0300] {dagbag.py:545} INFO - Filling up the DagBag from /home/maira/projeto_indicium_engineering/venv/lib/python3.10/site-packages/airflow/example_dags/tutorial_objectstorage.py
[2024-06-14T17:44:58.811-0300] {processor.py:840} INFO - DAG(s) 'tutorial_objectstorage' retrieved from /home/maira/projeto_indicium_engineering/venv/lib/python3.10/site-packages/airflow/example_dags/tutorial_objectstorage.py
[2024-06-14T17:44:58.825-0300] {logging_mixin.py:188} INFO - [2024-06-14T17:44:58.824-0300] {dag.py:3096} INFO - Sync 1 DAGs
[2024-06-14T17:44:58.834-0300] {logging_mixin.py:188} INFO - [2024-06-14T17:44:58.834-0300] {dag.py:3954} INFO - Setting next_dagrun for tutorial_objectstorage to None, run_after=None
[2024-06-14T17:44:58.860-0300] {processor.py:183} INFO - Processing /home/maira/projeto_indicium_engineering/venv/lib/python3.10/site-packages/airflow/example_dags/tutorial_objectstorage.py took 0.067 seconds
[2024-06-14T17:45:59.427-0300] {processor.py:161} INFO - Started process (PID=101410) to work on /home/maira/projeto_indicium_engineering/venv/lib/python3.10/site-packages/airflow/example_dags/tutorial_objectstorage.py
[2024-06-14T17:45:59.429-0300] {processor.py:830} INFO - Processing file /home/maira/projeto_indicium_engineering/venv/lib/python3.10/site-packages/airflow/example_dags/tutorial_objectstorage.py for tasks to queue
[2024-06-14T17:45:59.430-0300] {logging_mixin.py:188} INFO - [2024-06-14T17:45:59.430-0300] {dagbag.py:545} INFO - Filling up the DagBag from /home/maira/projeto_indicium_engineering/venv/lib/python3.10/site-packages/airflow/example_dags/tutorial_objectstorage.py
[2024-06-14T17:45:59.437-0300] {processor.py:840} INFO - DAG(s) 'tutorial_objectstorage' retrieved from /home/maira/projeto_indicium_engineering/venv/lib/python3.10/site-packages/airflow/example_dags/tutorial_objectstorage.py
[2024-06-14T17:45:59.448-0300] {logging_mixin.py:188} INFO - [2024-06-14T17:45:59.448-0300] {dag.py:3096} INFO - Sync 1 DAGs
[2024-06-14T17:45:59.456-0300] {logging_mixin.py:188} INFO - [2024-06-14T17:45:59.456-0300] {dag.py:3954} INFO - Setting next_dagrun for tutorial_objectstorage to None, run_after=None
[2024-06-14T17:45:59.481-0300] {processor.py:183} INFO - Processing /home/maira/projeto_indicium_engineering/venv/lib/python3.10/site-packages/airflow/example_dags/tutorial_objectstorage.py took 0.059 seconds
[2024-06-14T17:47:02.336-0300] {processor.py:161} INFO - Started process (PID=101721) to work on /home/maira/projeto_indicium_engineering/venv/lib/python3.10/site-packages/airflow/example_dags/tutorial_objectstorage.py
[2024-06-14T17:47:02.338-0300] {processor.py:830} INFO - Processing file /home/maira/projeto_indicium_engineering/venv/lib/python3.10/site-packages/airflow/example_dags/tutorial_objectstorage.py for tasks to queue
[2024-06-14T17:47:02.340-0300] {logging_mixin.py:188} INFO - [2024-06-14T17:47:02.339-0300] {dagbag.py:545} INFO - Filling up the DagBag from /home/maira/projeto_indicium_engineering/venv/lib/python3.10/site-packages/airflow/example_dags/tutorial_objectstorage.py
[2024-06-14T17:47:02.346-0300] {processor.py:840} INFO - DAG(s) 'tutorial_objectstorage' retrieved from /home/maira/projeto_indicium_engineering/venv/lib/python3.10/site-packages/airflow/example_dags/tutorial_objectstorage.py
[2024-06-14T17:47:02.359-0300] {logging_mixin.py:188} INFO - [2024-06-14T17:47:02.359-0300] {dag.py:3096} INFO - Sync 1 DAGs
[2024-06-14T17:47:02.367-0300] {logging_mixin.py:188} INFO - [2024-06-14T17:47:02.367-0300] {dag.py:3954} INFO - Setting next_dagrun for tutorial_objectstorage to None, run_after=None
[2024-06-14T17:47:02.394-0300] {processor.py:183} INFO - Processing /home/maira/projeto_indicium_engineering/venv/lib/python3.10/site-packages/airflow/example_dags/tutorial_objectstorage.py took 0.064 seconds
[2024-06-14T17:47:59.297-0300] {processor.py:161} INFO - Started process (PID=102003) to work on /home/maira/projeto_indicium_engineering/venv/lib/python3.10/site-packages/airflow/example_dags/tutorial_objectstorage.py
[2024-06-14T17:47:59.299-0300] {processor.py:830} INFO - Processing file /home/maira/projeto_indicium_engineering/venv/lib/python3.10/site-packages/airflow/example_dags/tutorial_objectstorage.py for tasks to queue
[2024-06-14T17:47:59.300-0300] {logging_mixin.py:188} INFO - [2024-06-14T17:47:59.300-0300] {dagbag.py:545} INFO - Filling up the DagBag from /home/maira/projeto_indicium_engineering/venv/lib/python3.10/site-packages/airflow/example_dags/tutorial_objectstorage.py
[2024-06-14T17:47:59.307-0300] {processor.py:840} INFO - DAG(s) 'tutorial_objectstorage' retrieved from /home/maira/projeto_indicium_engineering/venv/lib/python3.10/site-packages/airflow/example_dags/tutorial_objectstorage.py
[2024-06-14T17:47:59.318-0300] {logging_mixin.py:188} INFO - [2024-06-14T17:47:59.318-0300] {dag.py:3096} INFO - Sync 1 DAGs
[2024-06-14T17:47:59.326-0300] {logging_mixin.py:188} INFO - [2024-06-14T17:47:59.326-0300] {dag.py:3954} INFO - Setting next_dagrun for tutorial_objectstorage to None, run_after=None
[2024-06-14T17:47:59.352-0300] {processor.py:183} INFO - Processing /home/maira/projeto_indicium_engineering/venv/lib/python3.10/site-packages/airflow/example_dags/tutorial_objectstorage.py took 0.060 seconds
[2024-06-14T17:49:04.206-0300] {processor.py:161} INFO - Started process (PID=102324) to work on /home/maira/projeto_indicium_engineering/venv/lib/python3.10/site-packages/airflow/example_dags/tutorial_objectstorage.py
[2024-06-14T17:49:04.208-0300] {processor.py:830} INFO - Processing file /home/maira/projeto_indicium_engineering/venv/lib/python3.10/site-packages/airflow/example_dags/tutorial_objectstorage.py for tasks to queue
[2024-06-14T17:49:04.209-0300] {logging_mixin.py:188} INFO - [2024-06-14T17:49:04.209-0300] {dagbag.py:545} INFO - Filling up the DagBag from /home/maira/projeto_indicium_engineering/venv/lib/python3.10/site-packages/airflow/example_dags/tutorial_objectstorage.py
[2024-06-14T17:49:04.216-0300] {processor.py:840} INFO - DAG(s) 'tutorial_objectstorage' retrieved from /home/maira/projeto_indicium_engineering/venv/lib/python3.10/site-packages/airflow/example_dags/tutorial_objectstorage.py
[2024-06-14T17:49:04.227-0300] {logging_mixin.py:188} INFO - [2024-06-14T17:49:04.227-0300] {dag.py:3096} INFO - Sync 1 DAGs
[2024-06-14T17:49:04.235-0300] {logging_mixin.py:188} INFO - [2024-06-14T17:49:04.235-0300] {dag.py:3954} INFO - Setting next_dagrun for tutorial_objectstorage to None, run_after=None
[2024-06-14T17:49:04.256-0300] {processor.py:183} INFO - Processing /home/maira/projeto_indicium_engineering/venv/lib/python3.10/site-packages/airflow/example_dags/tutorial_objectstorage.py took 0.054 seconds
[2024-06-14T17:50:06.780-0300] {processor.py:161} INFO - Started process (PID=102634) to work on /home/maira/projeto_indicium_engineering/venv/lib/python3.10/site-packages/airflow/example_dags/tutorial_objectstorage.py
[2024-06-14T17:50:06.782-0300] {processor.py:830} INFO - Processing file /home/maira/projeto_indicium_engineering/venv/lib/python3.10/site-packages/airflow/example_dags/tutorial_objectstorage.py for tasks to queue
[2024-06-14T17:50:06.783-0300] {logging_mixin.py:188} INFO - [2024-06-14T17:50:06.783-0300] {dagbag.py:545} INFO - Filling up the DagBag from /home/maira/projeto_indicium_engineering/venv/lib/python3.10/site-packages/airflow/example_dags/tutorial_objectstorage.py
[2024-06-14T17:50:06.789-0300] {processor.py:840} INFO - DAG(s) 'tutorial_objectstorage' retrieved from /home/maira/projeto_indicium_engineering/venv/lib/python3.10/site-packages/airflow/example_dags/tutorial_objectstorage.py
[2024-06-14T17:50:06.799-0300] {logging_mixin.py:188} INFO - [2024-06-14T17:50:06.799-0300] {dag.py:3096} INFO - Sync 1 DAGs
[2024-06-14T17:50:06.807-0300] {logging_mixin.py:188} INFO - [2024-06-14T17:50:06.807-0300] {dag.py:3954} INFO - Setting next_dagrun for tutorial_objectstorage to None, run_after=None
[2024-06-14T17:50:06.832-0300] {processor.py:183} INFO - Processing /home/maira/projeto_indicium_engineering/venv/lib/python3.10/site-packages/airflow/example_dags/tutorial_objectstorage.py took 0.056 seconds
[2024-06-14T17:51:06.931-0300] {processor.py:161} INFO - Started process (PID=102931) to work on /home/maira/projeto_indicium_engineering/venv/lib/python3.10/site-packages/airflow/example_dags/tutorial_objectstorage.py
[2024-06-14T17:51:06.933-0300] {processor.py:830} INFO - Processing file /home/maira/projeto_indicium_engineering/venv/lib/python3.10/site-packages/airflow/example_dags/tutorial_objectstorage.py for tasks to queue
[2024-06-14T17:51:06.934-0300] {logging_mixin.py:188} INFO - [2024-06-14T17:51:06.934-0300] {dagbag.py:545} INFO - Filling up the DagBag from /home/maira/projeto_indicium_engineering/venv/lib/python3.10/site-packages/airflow/example_dags/tutorial_objectstorage.py
[2024-06-14T17:51:06.940-0300] {processor.py:840} INFO - DAG(s) 'tutorial_objectstorage' retrieved from /home/maira/projeto_indicium_engineering/venv/lib/python3.10/site-packages/airflow/example_dags/tutorial_objectstorage.py
[2024-06-14T17:51:06.951-0300] {logging_mixin.py:188} INFO - [2024-06-14T17:51:06.951-0300] {dag.py:3096} INFO - Sync 1 DAGs
[2024-06-14T17:51:06.960-0300] {logging_mixin.py:188} INFO - [2024-06-14T17:51:06.959-0300] {dag.py:3954} INFO - Setting next_dagrun for tutorial_objectstorage to None, run_after=None
[2024-06-14T17:51:06.983-0300] {processor.py:183} INFO - Processing /home/maira/projeto_indicium_engineering/venv/lib/python3.10/site-packages/airflow/example_dags/tutorial_objectstorage.py took 0.057 seconds
[2024-06-14T20:52:09.413-0300] {processor.py:161} INFO - Started process (PID=103606) to work on /home/maira/projeto_indicium_engineering/venv/lib/python3.10/site-packages/airflow/example_dags/tutorial_objectstorage.py
[2024-06-14T20:52:09.414-0300] {processor.py:830} INFO - Processing file /home/maira/projeto_indicium_engineering/venv/lib/python3.10/site-packages/airflow/example_dags/tutorial_objectstorage.py for tasks to queue
[2024-06-14T20:52:09.415-0300] {logging_mixin.py:188} INFO - [2024-06-14T20:52:09.415-0300] {dagbag.py:545} INFO - Filling up the DagBag from /home/maira/projeto_indicium_engineering/venv/lib/python3.10/site-packages/airflow/example_dags/tutorial_objectstorage.py
[2024-06-14T20:52:09.438-0300] {processor.py:840} INFO - DAG(s) 'tutorial_objectstorage' retrieved from /home/maira/projeto_indicium_engineering/venv/lib/python3.10/site-packages/airflow/example_dags/tutorial_objectstorage.py
[2024-06-14T20:52:09.451-0300] {logging_mixin.py:188} INFO - [2024-06-14T20:52:09.451-0300] {dag.py:3096} INFO - Sync 1 DAGs
[2024-06-14T20:52:09.464-0300] {logging_mixin.py:188} INFO - [2024-06-14T20:52:09.464-0300] {dag.py:3954} INFO - Setting next_dagrun for tutorial_objectstorage to None, run_after=None
[2024-06-14T20:52:09.493-0300] {processor.py:183} INFO - Processing /home/maira/projeto_indicium_engineering/venv/lib/python3.10/site-packages/airflow/example_dags/tutorial_objectstorage.py took 0.085 seconds
[2024-06-14T20:53:07.664-0300] {processor.py:161} INFO - Started process (PID=103886) to work on /home/maira/projeto_indicium_engineering/venv/lib/python3.10/site-packages/airflow/example_dags/tutorial_objectstorage.py
[2024-06-14T20:53:08.044-0300] {processor.py:830} INFO - Processing file /home/maira/projeto_indicium_engineering/venv/lib/python3.10/site-packages/airflow/example_dags/tutorial_objectstorage.py for tasks to queue
[2024-06-14T20:53:08.046-0300] {logging_mixin.py:188} INFO - [2024-06-14T20:53:08.045-0300] {dagbag.py:545} INFO - Filling up the DagBag from /home/maira/projeto_indicium_engineering/venv/lib/python3.10/site-packages/airflow/example_dags/tutorial_objectstorage.py
[2024-06-14T20:53:08.053-0300] {processor.py:840} INFO - DAG(s) 'tutorial_objectstorage' retrieved from /home/maira/projeto_indicium_engineering/venv/lib/python3.10/site-packages/airflow/example_dags/tutorial_objectstorage.py
[2024-06-14T20:53:08.066-0300] {logging_mixin.py:188} INFO - [2024-06-14T20:53:08.066-0300] {dag.py:3096} INFO - Sync 1 DAGs
[2024-06-14T20:53:08.076-0300] {logging_mixin.py:188} INFO - [2024-06-14T20:53:08.076-0300] {dag.py:3954} INFO - Setting next_dagrun for tutorial_objectstorage to None, run_after=None
[2024-06-14T20:53:09.155-0300] {processor.py:183} INFO - Processing /home/maira/projeto_indicium_engineering/venv/lib/python3.10/site-packages/airflow/example_dags/tutorial_objectstorage.py took 1.496 seconds
