[2024-06-16T21:32:25.722-0300] {processor.py:161} INFO - Started process (PID=85495) to work on /home/maira/.local/lib/python3.10/site-packages/airflow/example_dags/plugins/event_listener.py
[2024-06-16T21:32:25.723-0300] {processor.py:830} INFO - Processing file /home/maira/.local/lib/python3.10/site-packages/airflow/example_dags/plugins/event_listener.py for tasks to queue
[2024-06-16T21:32:25.724-0300] {logging_mixin.py:188} INFO - [2024-06-16T21:32:25.723-0300] {dagbag.py:545} INFO - Filling up the DagBag from /home/maira/.local/lib/python3.10/site-packages/airflow/example_dags/plugins/event_listener.py
[2024-06-16T21:32:25.727-0300] {processor.py:842} WARNING - No viable dags retrieved from /home/maira/.local/lib/python3.10/site-packages/airflow/example_dags/plugins/event_listener.py
[2024-06-16T21:32:25.739-0300] {processor.py:183} INFO - Processing /home/maira/.local/lib/python3.10/site-packages/airflow/example_dags/plugins/event_listener.py took 0.027 seconds
[2024-06-16T21:33:26.550-0300] {processor.py:161} INFO - Started process (PID=85565) to work on /home/maira/.local/lib/python3.10/site-packages/airflow/example_dags/plugins/event_listener.py
[2024-06-16T21:33:26.552-0300] {processor.py:830} INFO - Processing file /home/maira/.local/lib/python3.10/site-packages/airflow/example_dags/plugins/event_listener.py for tasks to queue
[2024-06-16T21:33:26.552-0300] {logging_mixin.py:188} INFO - [2024-06-16T21:33:26.552-0300] {dagbag.py:545} INFO - Filling up the DagBag from /home/maira/.local/lib/python3.10/site-packages/airflow/example_dags/plugins/event_listener.py
[2024-06-16T21:33:26.554-0300] {processor.py:842} WARNING - No viable dags retrieved from /home/maira/.local/lib/python3.10/site-packages/airflow/example_dags/plugins/event_listener.py
[2024-06-16T21:33:26.563-0300] {processor.py:183} INFO - Processing /home/maira/.local/lib/python3.10/site-packages/airflow/example_dags/plugins/event_listener.py took 0.020 seconds
[2024-06-16T21:34:21.140-0300] {processor.py:161} INFO - Started process (PID=85629) to work on /home/maira/.local/lib/python3.10/site-packages/airflow/example_dags/plugins/event_listener.py
[2024-06-16T21:34:21.142-0300] {processor.py:830} INFO - Processing file /home/maira/.local/lib/python3.10/site-packages/airflow/example_dags/plugins/event_listener.py for tasks to queue
[2024-06-16T21:34:21.143-0300] {logging_mixin.py:188} INFO - [2024-06-16T21:34:21.143-0300] {dagbag.py:545} INFO - Filling up the DagBag from /home/maira/.local/lib/python3.10/site-packages/airflow/example_dags/plugins/event_listener.py
[2024-06-16T21:34:21.146-0300] {processor.py:842} WARNING - No viable dags retrieved from /home/maira/.local/lib/python3.10/site-packages/airflow/example_dags/plugins/event_listener.py
[2024-06-16T21:34:21.157-0300] {processor.py:183} INFO - Processing /home/maira/.local/lib/python3.10/site-packages/airflow/example_dags/plugins/event_listener.py took 0.025 seconds
[2024-06-16T21:35:16.064-0300] {processor.py:161} INFO - Started process (PID=85702) to work on /home/maira/.local/lib/python3.10/site-packages/airflow/example_dags/plugins/event_listener.py
[2024-06-16T21:35:16.067-0300] {processor.py:830} INFO - Processing file /home/maira/.local/lib/python3.10/site-packages/airflow/example_dags/plugins/event_listener.py for tasks to queue
[2024-06-16T21:35:16.069-0300] {logging_mixin.py:188} INFO - [2024-06-16T21:35:16.068-0300] {dagbag.py:545} INFO - Filling up the DagBag from /home/maira/.local/lib/python3.10/site-packages/airflow/example_dags/plugins/event_listener.py
[2024-06-16T21:35:16.070-0300] {processor.py:842} WARNING - No viable dags retrieved from /home/maira/.local/lib/python3.10/site-packages/airflow/example_dags/plugins/event_listener.py
[2024-06-16T21:35:16.079-0300] {processor.py:183} INFO - Processing /home/maira/.local/lib/python3.10/site-packages/airflow/example_dags/plugins/event_listener.py took 0.021 seconds
[2024-06-16T21:36:07.595-0300] {processor.py:161} INFO - Started process (PID=85771) to work on /home/maira/.local/lib/python3.10/site-packages/airflow/example_dags/plugins/event_listener.py
[2024-06-16T21:36:07.597-0300] {processor.py:830} INFO - Processing file /home/maira/.local/lib/python3.10/site-packages/airflow/example_dags/plugins/event_listener.py for tasks to queue
[2024-06-16T21:36:07.597-0300] {logging_mixin.py:188} INFO - [2024-06-16T21:36:07.597-0300] {dagbag.py:545} INFO - Filling up the DagBag from /home/maira/.local/lib/python3.10/site-packages/airflow/example_dags/plugins/event_listener.py
[2024-06-16T21:36:07.599-0300] {processor.py:842} WARNING - No viable dags retrieved from /home/maira/.local/lib/python3.10/site-packages/airflow/example_dags/plugins/event_listener.py
[2024-06-16T21:36:07.608-0300] {processor.py:183} INFO - Processing /home/maira/.local/lib/python3.10/site-packages/airflow/example_dags/plugins/event_listener.py took 0.020 seconds
[2024-06-16T21:37:02.239-0300] {processor.py:161} INFO - Started process (PID=85845) to work on /home/maira/.local/lib/python3.10/site-packages/airflow/example_dags/plugins/event_listener.py
[2024-06-16T21:37:02.243-0300] {processor.py:830} INFO - Processing file /home/maira/.local/lib/python3.10/site-packages/airflow/example_dags/plugins/event_listener.py for tasks to queue
[2024-06-16T21:37:02.246-0300] {logging_mixin.py:188} INFO - [2024-06-16T21:37:02.245-0300] {dagbag.py:545} INFO - Filling up the DagBag from /home/maira/.local/lib/python3.10/site-packages/airflow/example_dags/plugins/event_listener.py
[2024-06-16T21:37:02.251-0300] {processor.py:842} WARNING - No viable dags retrieved from /home/maira/.local/lib/python3.10/site-packages/airflow/example_dags/plugins/event_listener.py
[2024-06-16T21:37:02.269-0300] {processor.py:183} INFO - Processing /home/maira/.local/lib/python3.10/site-packages/airflow/example_dags/plugins/event_listener.py took 0.043 seconds
[2024-06-16T21:38:16.263-0300] {processor.py:161} INFO - Started process (PID=85935) to work on /home/maira/.local/lib/python3.10/site-packages/airflow/example_dags/plugins/event_listener.py
[2024-06-16T21:38:16.265-0300] {processor.py:830} INFO - Processing file /home/maira/.local/lib/python3.10/site-packages/airflow/example_dags/plugins/event_listener.py for tasks to queue
[2024-06-16T21:38:16.266-0300] {logging_mixin.py:188} INFO - [2024-06-16T21:38:16.266-0300] {dagbag.py:545} INFO - Filling up the DagBag from /home/maira/.local/lib/python3.10/site-packages/airflow/example_dags/plugins/event_listener.py
[2024-06-16T21:38:16.268-0300] {processor.py:842} WARNING - No viable dags retrieved from /home/maira/.local/lib/python3.10/site-packages/airflow/example_dags/plugins/event_listener.py
[2024-06-16T21:38:16.278-0300] {processor.py:183} INFO - Processing /home/maira/.local/lib/python3.10/site-packages/airflow/example_dags/plugins/event_listener.py took 0.022 seconds
[2024-06-16T21:39:13.184-0300] {processor.py:161} INFO - Started process (PID=90415) to work on /home/maira/.local/lib/python3.10/site-packages/airflow/example_dags/plugins/event_listener.py
[2024-06-16T21:39:13.186-0300] {processor.py:830} INFO - Processing file /home/maira/.local/lib/python3.10/site-packages/airflow/example_dags/plugins/event_listener.py for tasks to queue
[2024-06-16T21:39:13.187-0300] {logging_mixin.py:188} INFO - [2024-06-16T21:39:13.186-0300] {dagbag.py:545} INFO - Filling up the DagBag from /home/maira/.local/lib/python3.10/site-packages/airflow/example_dags/plugins/event_listener.py
[2024-06-16T21:39:13.190-0300] {processor.py:842} WARNING - No viable dags retrieved from /home/maira/.local/lib/python3.10/site-packages/airflow/example_dags/plugins/event_listener.py
[2024-06-16T21:39:13.201-0300] {processor.py:183} INFO - Processing /home/maira/.local/lib/python3.10/site-packages/airflow/example_dags/plugins/event_listener.py took 0.027 seconds
[2024-06-16T21:40:14.289-0300] {processor.py:161} INFO - Started process (PID=95742) to work on /home/maira/.local/lib/python3.10/site-packages/airflow/example_dags/plugins/event_listener.py
[2024-06-16T21:40:14.291-0300] {processor.py:830} INFO - Processing file /home/maira/.local/lib/python3.10/site-packages/airflow/example_dags/plugins/event_listener.py for tasks to queue
[2024-06-16T21:40:14.292-0300] {logging_mixin.py:188} INFO - [2024-06-16T21:40:14.292-0300] {dagbag.py:545} INFO - Filling up the DagBag from /home/maira/.local/lib/python3.10/site-packages/airflow/example_dags/plugins/event_listener.py
[2024-06-16T21:40:14.294-0300] {processor.py:842} WARNING - No viable dags retrieved from /home/maira/.local/lib/python3.10/site-packages/airflow/example_dags/plugins/event_listener.py
[2024-06-16T21:40:14.305-0300] {processor.py:183} INFO - Processing /home/maira/.local/lib/python3.10/site-packages/airflow/example_dags/plugins/event_listener.py took 0.026 seconds
[2024-06-16T21:41:08.455-0300] {processor.py:161} INFO - Started process (PID=399) to work on /home/maira/.local/lib/python3.10/site-packages/airflow/example_dags/plugins/event_listener.py
[2024-06-16T21:41:08.456-0300] {processor.py:830} INFO - Processing file /home/maira/.local/lib/python3.10/site-packages/airflow/example_dags/plugins/event_listener.py for tasks to queue
[2024-06-16T21:41:08.458-0300] {logging_mixin.py:188} INFO - [2024-06-16T21:41:08.457-0300] {dagbag.py:545} INFO - Filling up the DagBag from /home/maira/.local/lib/python3.10/site-packages/airflow/example_dags/plugins/event_listener.py
[2024-06-16T21:41:08.460-0300] {processor.py:842} WARNING - No viable dags retrieved from /home/maira/.local/lib/python3.10/site-packages/airflow/example_dags/plugins/event_listener.py
[2024-06-16T21:41:08.475-0300] {processor.py:183} INFO - Processing /home/maira/.local/lib/python3.10/site-packages/airflow/example_dags/plugins/event_listener.py took 0.030 seconds
[2024-06-16T21:42:06.190-0300] {processor.py:161} INFO - Started process (PID=5154) to work on /home/maira/.local/lib/python3.10/site-packages/airflow/example_dags/plugins/event_listener.py
[2024-06-16T21:42:06.192-0300] {processor.py:830} INFO - Processing file /home/maira/.local/lib/python3.10/site-packages/airflow/example_dags/plugins/event_listener.py for tasks to queue
[2024-06-16T21:42:06.194-0300] {logging_mixin.py:188} INFO - [2024-06-16T21:42:06.193-0300] {dagbag.py:545} INFO - Filling up the DagBag from /home/maira/.local/lib/python3.10/site-packages/airflow/example_dags/plugins/event_listener.py
[2024-06-16T21:42:06.197-0300] {processor.py:842} WARNING - No viable dags retrieved from /home/maira/.local/lib/python3.10/site-packages/airflow/example_dags/plugins/event_listener.py
[2024-06-16T21:42:06.212-0300] {processor.py:183} INFO - Processing /home/maira/.local/lib/python3.10/site-packages/airflow/example_dags/plugins/event_listener.py took 0.031 seconds
[2024-06-16T21:43:00.137-0300] {processor.py:161} INFO - Started process (PID=9620) to work on /home/maira/.local/lib/python3.10/site-packages/airflow/example_dags/plugins/event_listener.py
[2024-06-16T21:43:00.139-0300] {processor.py:830} INFO - Processing file /home/maira/.local/lib/python3.10/site-packages/airflow/example_dags/plugins/event_listener.py for tasks to queue
[2024-06-16T21:43:00.140-0300] {logging_mixin.py:188} INFO - [2024-06-16T21:43:00.140-0300] {dagbag.py:545} INFO - Filling up the DagBag from /home/maira/.local/lib/python3.10/site-packages/airflow/example_dags/plugins/event_listener.py
[2024-06-16T21:43:00.143-0300] {processor.py:842} WARNING - No viable dags retrieved from /home/maira/.local/lib/python3.10/site-packages/airflow/example_dags/plugins/event_listener.py
[2024-06-16T21:43:00.156-0300] {processor.py:183} INFO - Processing /home/maira/.local/lib/python3.10/site-packages/airflow/example_dags/plugins/event_listener.py took 0.029 seconds
[2024-06-16T21:44:21.702-0300] {processor.py:161} INFO - Started process (PID=14499) to work on /home/maira/.local/lib/python3.10/site-packages/airflow/example_dags/plugins/event_listener.py
[2024-06-16T21:44:21.717-0300] {processor.py:830} INFO - Processing file /home/maira/.local/lib/python3.10/site-packages/airflow/example_dags/plugins/event_listener.py for tasks to queue
[2024-06-16T21:44:21.719-0300] {logging_mixin.py:188} INFO - [2024-06-16T21:44:21.718-0300] {dagbag.py:545} INFO - Filling up the DagBag from /home/maira/.local/lib/python3.10/site-packages/airflow/example_dags/plugins/event_listener.py
[2024-06-16T21:44:21.722-0300] {processor.py:842} WARNING - No viable dags retrieved from /home/maira/.local/lib/python3.10/site-packages/airflow/example_dags/plugins/event_listener.py
[2024-06-16T21:44:21.734-0300] {processor.py:183} INFO - Processing /home/maira/.local/lib/python3.10/site-packages/airflow/example_dags/plugins/event_listener.py took 0.038 seconds
